<DTS_xml>
<metadata>
	<license URI="http://opendatacommons.org/licenses/pddl">PDDL</license>
	<URIs>
		<recording />
		<analysis />
		<datamodel>someDOI</datamodel>
	</URIs>
	<experimenter>
		<firstname>Bjoern</firstname>
		<lastname>Brembs</lastname>
		<orcid>0000-0001-7824-7650</orcid>
	</experimenter>	
	<fly type="strain">
		<name>test-01</name>
		<description>wild type Berlin</description>
		<flybase>FBst0302270</flybase>
	</fly>
	<experiment type="torquemeter">
		<dateTime>2020-06-30T16:56:07</dateTime>
		<duration>1320</duration>
		<description>T-pattern learning</description>
		<sample_rate>72</sample_rate>
		<arena_type>lightguides</arena_type>
		<meter_type>Goetz</meter_type>
	</experiment>
</metadata>
<sequence periods="17">
<period number="1"><type>optomotorR</type><duration>30</duration><outcome>0</outcome><pattern>3</pattern><coup_coeff>0</coup_coeff><contingency /></period><period number="2"><type>optomotorL</type><duration>30</duration><outcome>0</outcome><pattern>3</pattern><coup_coeff>0</coup_coeff><contingency /></period><period number="3"><type>optomotorR</type><duration>30</duration><outcome>0</outcome><pattern>3</pattern><coup_coeff>0</coup_coeff><contingency /></period><period number="4"><type>optomotorL</type><duration>30</duration><outcome>0</outcome><pattern>3</pattern><coup_coeff>0</coup_coeff><contingency /></period><period number="5"><type>fs</type><duration>120</duration><outcome>0</outcome><pattern>4</pattern><coup_coeff>11</coup_coeff><contingency>1_3_Q</contingency></period><period number="6"><type>fs</type><duration>120</duration><outcome>0</outcome><pattern>4</pattern><coup_coeff>11</coup_coeff><contingency>1_3_Q</contingency></period><period number="7"><type>fs</type><duration>120</duration><outcome>1</outcome><pattern>4</pattern><coup_coeff>11</coup_coeff><contingency>1_3_Q</contingency></period><period number="8"><type>fs</type><duration>120</duration><outcome>1</outcome><pattern>4</pattern><coup_coeff>11</coup_coeff><contingency>1_3_Q</contingency></period><period number="9"><type>fs</type><duration>120</duration><outcome>0</outcome><pattern>4</pattern><coup_coeff>11</coup_coeff><contingency>1_3_Q</contingency></period><period number="10"><type>fs</type><duration>120</duration><outcome>1</outcome><pattern>4</pattern><coup_coeff>11</coup_coeff><contingency>1_3_Q</contingency></period><period number="11"><type>fs</type><duration>120</duration><outcome>1</outcome><pattern>4</pattern><coup_coeff>11</coup_coeff><contingency>1_3_Q</contingency></period><period number="12"><type>fs</type><duration>120</duration><outcome>0</outcome><pattern>4</pattern><coup_coeff>11</coup_coeff><contingency>1_3_Q</contingency></period><period number="13"><type>fs</type><duration>120</duration><outcome>0</outcome><pattern>4</pattern><coup_coeff>11</coup_coeff><contingency>1_3_Q</contingency></period><period number="14"><type>optomotorR</type><duration>30</duration><outcome>0</outcome><pattern>3</pattern><coup_coeff>0</coup_coeff><contingency /></period><period number="15"><type>optomotorL</type><duration>30</duration><outcome>0</outcome><pattern>3</pattern><coup_coeff>0</coup_coeff><contingency /></period><period number="16"><type>optomotorR</type><duration>30</duration><outcome>0</outcome><pattern>3</pattern><coup_coeff>0</coup_coeff><contingency /></period><period number="17"><type>optomotorL</type><duration>30</duration><outcome>0</outcome><pattern>3</pattern><coup_coeff>0</coup_coeff><contingency /></period></sequence>
<timeseries>
	<CSV_descriptor>
		<delimiter>tab</delimiter>
		<header>0</header>
		<nullSequence>NaN</nullSequence>
	</CSV_descriptor>
	<variables>
		<variable number="1">
		    <type>time</type>		
			<var_type>uint16</var_type>
			<unit>ms</unit>
		</variable>	
		<variable number="2">
		    <type>a_pos</type>		
			<var_type>int16</var_type>
			<unit>arb_unit</unit>
		</variable>
		<variable number="3">
			<type>torque</type>
			<var_type>int16</var_type>
			<unit>arb_unit</unit>
		</variable>
		<variable number="4">
		    <type>period</type>		
			<var_type>uint8</var_type>
			<unit>number</unit>
		</variable>		
	</variables>
	<csv_data>
	0	1202	51	0
15	1228	41	0
30	1256	33	0
45	1274	14	0
60	1278	-10	0
76	1278	-30	0
82	1260	-28	0
98	1246	-11	0
114	1238	12	0
129	1242	28	0
144	1260	35	0
159	1278	42	0
174	1300	50	0
189	1328	54	0
195	1359	54	0
210	1390	61	0
227	1426	58	0
242	1458	59	0
257	1490	63	0
272	1526	65	0
288	1562	64	0
293	1598	62	0
308	1634	57	0
323	1665	55	0
338	1696	56	0
353	1728	58	0
368	1760	60	0
383	1796	67	0
388	1832	63	0
403	1868	52	0
418	1894	47	0
434	1922	44	0
450	1948	42	0
465	1971	44	0
480	1998	47	0
495	2020	51	0
500	2052	52	0
515	2079	57	0
530	2110	56	0
545	2142	55	0
560	2174	51	0
576	2205	55	0
591	2236	57	0
596	2268	48	0
611	2295	45	0
626	2318	47	0
641	2344	51	0
657	2376	60	0
672	2408	54	0
687	2439	49	0
702	2466	49	0
707	2493	53	0
722	2524	53	0
737	2552	46	0
752	2578	41	0
767	2601	41	0
782	2624	49	0
797	2650	50	0
802	2682	47	0
817	2709	50	0
832	2736	51	0
847	2763	44	0
862	2790	38	0
877	2808	40	0
892	2830	41	0
897	2858	38	0
912	2876	23	0
927	2889	-2	0
942	2889	-23	0
957	2880	-31	0
972	2862	-23	0
992	2848	-12	0
1007	2844	6	0
1012	2844	30	0
1027	2858	47	0
1042	2884	56	0
1057	2916	58	0
1072	2948	64	0
1087	2984	65	0
1102	3024	57	0
1107	3056	48	0
1122	3082	42	0
1137	3105	40	0
1152	3128	42	0
1167	3150	42	0
1182	3172	48	0
1197	3200	58	0
1202	3236	61	0
1217	3267	57	0
1232	3298	50	0
1248	3330	43	0
1263	3352	41	0
1278	3375	41	0
1294	3398	38	0
1309	3420	36	0
1314	3442	44	0
1329	3465	48	0
1344	3492	49	0
1359	3519	57	0
1374	3550	57	0
1389	3582	54	0
1404	14	53	0
1409	45	56	0
1424	76	53	0
1440	104	51	0
1455	135	51	0
1470	162	49	0
1485	189	45	0
1500	216	40	0
1515	238	45	0
1520	266	48	0
1535	292	51	0
1550	320	50	0
1565	346	52	0
1580	378	52	0
1596	405	52	0
1611	436	52	0
1616	464	50	0
1632	490	46	0
1647	518	44	0
1662	544	46	0
1677	567	49	0
1692	598	52	0
1707	626	57	0
1712	657	61	0
1727	693	58	0
1742	724	54	0
1757	756	48	0
1772	783	41	0
1787	806	41	0
1807	828	43	0
1822	850	45	0
1827	878	45	0
1842	904	47	0
1857	932	49	0
1872	958	51	0
1887	986	49	0
1902	1012	47	0
1917	1040	49	0
1922	1066	44	0
1937	1094	38	0
1952	1112	36	0
1967	1134	39	0
1982	1156	40	0
1998	1179	43	0
2013	1202	52	0
2028	1233	57	0
2033	1264	57	0
2048	1296	59	0
2063	1328	59	0
2078	1364	53	0
2093	1390	53	0
2108	1422	57	0
2128	1454	58	0
2133	1485	50	0
2148	1516	38	0
2163	1534	16	0
2178	1544	-7	0
2193	1544	-27	0
2208	1530	-35	0
2223	1512	-29	0
2228	1494	-12	0
2243	1485	12	0
2258	1490	36	0
2273	1512	52	0
2288	1539	58	0
2303	1570	58	0
2318	1606	60	0
2333	1638	62	0
2338	1674	62	0
2353	1710	65	0
2369	1746	68	0
2384	1782	67	0
2399	1822	66	0
2414	1858	65	0
2429	1894	55	0
2434	1926	52	0
2449	1953	52	0
2464	1984	46	0
2479	2012	37	0
2494	2030	37	0
2509	2052	46	0
2524	2079	44	0
2529	2102	44	0
2544	2128	48	0
2559	2156	52	0
2574	2182	53	0
2589	2214	55	0
2604	2246	57	0
2624	2277	64	0
2639	2313	61	0
2644	2344	53	0
2659	2376	55	0
2674	2408	58	0
2689	2439	49	0
2704	2466	46	0
2719	2493	50	0
2734	2520	52	0
2740	2552	48	0
2755	2578	39	0
2770	2601	32	0
2785	2619	27	0
2800	2632	19	0
2815	2642	7	0
2830	2646	-9	0
2845	2646	-13	0
2850	2637	-5	0
2866	2637	8	0
2882	2637	14	0
2898	2646	34	0
2914	2664	47	0
2929	2691	56	0
2945	2722	64	0
2950	2758	62	0
2965	2790	60	0
2980	2826	64	0
2996	2862	64	0
3011	2898	58	0
3026	2930	57	0
3041	2961	55	0
3046	2992	53	0
3061	3024	55	0
3076	3056	52	0
3091	3082	54	0
3106	3114	56	0
3122	3146	58	0
3137	3177	54	0
3152	3208	55	0
3157	3240	57	0
3172	3272	51	0
3187	3298	43	0
3202	3326	45	0
3217	3348	50	0
3232	3380	51	0
3247	3406	47	0
3252	3434	52	0
3267	3460	57	0
3282	3492	61	0
3297	3528	57	0
3312	3560	53	0
3328	3591	45	0
3343	14	37	0
3348	36	33	0
3363	54	32	0
3378	72	30	0
3394	90	31	0
3409	108	29	0
3424	122	39	0
3439	144	43	0
3454	171	39	0
3459	194	39	0
3474	212	42	0
3489	238	42	0
3504	261	40	0
3519	284	37	0
3534	306	33	0
3549	324	34	0
3554	342	39	0
3569	364	34	0
3584	382	34	0
3599	400	42	0
3614	428	46	0
3629	450	40	0
3644	472	39	0
3664	495	43	0
3669	522	46	0
3684	544	45	0
3699	572	50	0
3714	598	48	0
3729	626	49	0
3744	652	53	0
3759	684	52	0
3764	711	48	0
3779	738	46	0
3795	765	48	0
3810	792	49	0
3825	819	45	0
3840	846	41	0
3855	868	39	0
3860	891	42	0
3875	914	40	0
3890	936	42	0
3905	958	44	0
3920	986	47	0
3935	1012	44	0
3950	1035	44	0
3965	1062	46	0
3970	1089	44	0
3985	1112	39	0
4000	1134	41	0
4015	1156	41	0
4030	1179	41	0
4045	1202	40	0
4060	1224	39	0
4065	1246	45	0
4080	1274	48	0
4095	1300	48	0
4110	1328	50	0
4125	1354	47	0
4140	1382	47	0
4155	1408	47	0
4175	1436	39	0
4180	1458	39	0
4195	1476	43	0
4210	1503	47	0
4226	1530	46	0
4242	1552	49	0
4258	1584	53	0
4274	1611	55	0
4279	1642	47	0
4295	1670	43	0
4311	1692	45	0
4326	1719	45	0
4341	1746	40	0
4356	1768	34	0
4373	1786	33	0
4378	1804	33	0
4393	1822	35	0
4408	1840	34	0
4423	1863	33	0
4438	1881	27	0
4455	1894	9	0
4470	1899	-11	0
4485	1899	-29	0
4490	1881	-31	0
4505	1863	-21	0
4520	1854	5	0
4536	1854	25	0
4551	1868	45	0
4566	1890	61	0
4581	1926	73	0
4586	1966	73	0
4601	2007	69	0
4616	2048	69	0
4631	2084	71	0
4646	2124	74	0
4661	2164	74	0
4676	2210	64	0
4681	2246	64	0
4696	2282	63	0
4711	2318	60	0
4726	2349	55	0
4741	2380	62	0
4756	2416	68	0
4771	2452	66	0
4786	2488	68	0
4791	2529	70	0
4806	2570	67	0
4821	2606	61	0
4836	2642	61	0
4851	2673	59	0
4866	2709	53	0
4882	2736	51	0
4887	2768	50	0
4902	2794	54	0
4917	2826	60	0
4932	2858	60	0
4948	2894	60	0
4963	2925	62	0
4978	2961	59	0
4995	2992	54	0
5000	3024	54	0
5015	3056	56	0
5030	3087	53	0
5045	3114	57	0
5060	3150	62	0
5075	3182	60	0
5090	3218	56	0
5095	3249	54	0
5110	3280	55	0
5125	3308	51	0
5140	3339	54	0
5155	3370	59	0
5170	3402	58	0
5185	3434	58	0
5190	3465	55	0
5205	3496	54	0
5220	3528	61	0
5235	3564	56	0
5250	3596	46	0
5266	18	43	0
5281	45	50	0
5296	72	50	0
5301	99	49	0
5317	126	48	0
5332	153	54	0
5347	184	54	0
5362	216	54	0
5378	248	51	0
5393	274	50	0
5398	302	55	0
5413	333	56	0
5428	364	54	0
5443	396	62	0
5458	432	71	0
5473	472	74	0
5488	513	71	0
5493	554	70	0
5508	590	68	0
5523	630	65	0
5539	666	62	0
5554	702	59	0
5569	734	61	0
5584	770	66	0
5599	806	67	0
5604	842	68	0
5619	882	67	0
5634	918	67	0
5650	958	69	0
5666	994	67	0
5682	1035	60	0
5697	1066	55	0
5702	1098	58	0
5717	1130	61	0
5732	1166	57	0
5747	1197	55	0
5762	1228	59	0
5777	1260	59	0
5792	1296	58	0
5807	1328	59	0
5812	1359	59	0
5827	1395	56	0
5842	1426	56	0
5857	1458	51	0
5872	1485	48	0
5887	1512	52	0
5902	1544	55	0
5907	1570	56	0
5922	1602	62	0
5937	1638	66	0
5952	1674	66	0
5967	1714	70	0
5982	1750	74	0
5997	1796	78	0
6002	1836	81	0
6017	1886	77	0
6032	1926	67	0
6047	1966	59	0
6062	1998	53	0
6077	2030	55	0
6092	2056	50	0
6107	2088	50	0
6112	2115	46	0
6127	2142	46	0
6142	2164	47	0
6157	2192	48	0
6173	2218	46	0
6188	2246	48	0
6203	2272	51	0
6208	2300	55	0
6223	2331	57	0
6238	2362	57	0
6253	2398	56	0
6268	2430	65	0
6283	2466	71	0
6303	2506	67	0
6318	2542	60	0
6323	2574	64	0
6339	2610	71	0
6354	2650	71	0
6369	2691	63	0
6384	2727	61	0
6399	2763	61	0
6414	2794	70	0
6419	2835	68	0
6434	2876	60	0
6449	2907	57	0
6464	2938	61	0
6479	2974	57	0
6494	3006	50	0
6510	3033	48	0
6515	3060	54	0
6530	3092	61	0
6545	3128	60	0
6561	3159	56	0
6576	3190	65	0
6591	3226	80	0
6606	3272	88	0
6621	3321	87	0
6626	3370	87	0
6641	3420	83	0
6656	3465	69	0
6671	3506	56	0
6686	3537	45	0
6701	3564	46	0
6716	3586	49	0
6721	14	43	0
6736	40	35	0
6751	58	34	0
6767	76	41	0
6782	104	44	0
6797	126	45	0
6813	153	48	0
6818	180	50	0
6833	207	53	0
6848	238	52	0
6863	266	48	0
6878	292	44	0
6893	320	46	0
6908	342	43	0
6928	369	39	0
6933	392	37	0
6948	410	36	0
6963	432	43	0
6978	454	40	0
6993	477	30	0
7008	495	9	0
7023	500	-9	0
7028	500	-25	0
7043	486	-29	0
7058	468	-14	0
7074	459	10	0
7090	464	26	0
7106	477	43	0
7121	500	54	0
7136	531	54	0
7141	562	51	0
7156	590	55	0
7171	621	57	0
7186	652	60	0
7201	688	62	0
7216	720	70	0
7231	760	72	0
7236	801	70	0
7251	842	64	0
7266	878	60	0
7281	909	62	0
7296	945	62	0
7311	981	55	0
7326	1012	52	0
7331	1040	55	0
7346	1071	56	0
7361	1102	48	0
7376	1130	45	0
7391	1156	52	0
7406	1184	56	0
7421	1215	62	0
7436	1251	63	0
7441	1287	66	0
7456	1323	68	0
7471	1364	63	0
7486	1395	58	0
7501	1431	56	0
7516	1462	55	0
7531	1494	48	0
7536	1521	41	0
7551	1544	37	0
7566	1562	31	0
7583	1580	29	0
7598	1598	37	0
7613	1616	40	0
7628	1638	38	0
7633	1660	41	0
7648	1683	47	0
7663	1710	52	0
7678	1742	58	0
7693	1773	64	0
7708	1809	70	0
7723	1850	68	0
7743	1886	68	0
7748	1926	63	0
7763	1962	43	0
7778	1984	22	0
7793	1998	-9	0
7808	1994	-33	0
7824	1976	-44	0
7839	1953	-40	0
7844	1930	-17	0
7859	1922	13	0
7874	1922	40	0
7889	1944	57	0
7904	1980	64	0
7919	2016	61	0
7934	2048	56	0
7949	2079	52	0
7954	2110	51	0
7969	2138	52	0
7984	2169	62	0
7999	2200	66	0
8014	2241	63	0
8029	2272	63	0
8044	2308	69	0
8049	2349	65	0
8064	2385	57	0
8079	2416	57	0
8094	2448	57	0
8109	2480	53	0
8124	2511	50	0
8144	2538	51	0
8149	2570	51	0
8164	2596	53	0
8179	2628	53	0
8194	2655	54	0
8209	2686	56	0
8224	2718	59	0
8239	2750	56	0
8254	2781	58	0
8259	2817	57	0
8274	2848	56	0
8289	2880	58	0
8304	2912	58	0
8319	2943	54	0
8334	2974	50	0
8349	3002	56	0
8354	3033	56	0
8369	3064	55	0
8384	3096	58	0
8399	3128	61	0
8414	3164	61	0
8429	3200	61	0
8444	3231	60	0
8460	3267	56	0
8466	3298	47	0
8481	3326	51	0
8496	3352	52	0
8511	3384	51	0
8526	3411	52	0
8541	3438	56	0
8556	3470	54	0
8561	3501	52	0
8576	3532	41	0
8591	3555	15	0
8606	3564	-10	0
8621	3560	-25	0
8636	3546	-23	0
8651	3532	-9	0
8656	3528	6	0
8671	3528	26	0
8686	3542	44	0
8701	3568	50	0
8716	3596	44	0
8731	22	45	0
8751	45	50	0
8766	72	52	0
8771	104	55	0
8786	135	59	0
8801	166	61	0
8816	202	60	0
8831	234	60	0
8846	270	63	0
8861	306	60	0
8866	338	56	0
8881	369	54	0
8896	400	56	0
8911	432	53	0
8926	464	47	0
8941	486	45	0
8956	513	46	0
8961	540	54	0
8977	572	53	0
8992	598	51	0
9007	630	52	0
9022	657	54	0
9037	688	58	0
9052	720	58	0
9067	752	58	0
9072	788	55	0
9087	814	54	0
9102	846	47	0
9117	873	42	0
9132	896	41	0
9147	918	40	0
9167	940	44	0
9173	968	50	0
9188	994	57	0
9203	1026	55	0
9218	1058	57	0
9233	1089	61	0
9248	1125	60	0
9263	1156	55	0
9278	1188	51	0
9283	1220	43	0
9299	1242	21	0
9314	1256	-9	0
9329	1251	-27	0
9344	1238	-23	0
9359	1224	-12	0
9374	1220	7	0
9379	1220	30	0
9394	1233	48	0
9409	1260	56	0
9424	1292	51	0
9439	1323	56	0
9454	1354	52	0
9469	1382	47	0
9474	1408	45	0
9489	1436	43	0
9505	1458	40	0
9520	1480	42	0
9535	1503	47	0
9550	1530	52	0
9565	1562	46	0
9580	1588	48	0
9585	1616	50	0
9600	1642	50	0
9615	1670	50	0
9630	1696	49	0
9645	1724	48	0
9660	1750	46	0
9680	1778	44	0
9685	1804	32	0
9700	1822	14	0
9715	1827	-9	0
9730	1827	-21	0
9745	1818	-18	0
9760	1804	-5	0
9775	1804	12	0
9780	1804	27	0
9795	1822	35	0
9810	1840	32	0
9826	1858	37	0
9842	1881	45	0
9858	1904	42	0
9874	1930	36	0
9889	1948	30	0
9894	1966	23	0
9909	1980	21	0
9924	1989	26	0
9939	2007	37	0
9954	2025	40	0
9969	2048	37	0
9984	2070	42	0
9989	2092	47	0
10004	2120	46	0
10019	2146	47	0
10034	2174	43	0
10049	2196	29	0
10064	2214	7	0
10079	2214	-16	0
10095	2210	-35	0
10100	2192	-46	0
10115	2164	-41	0
10130	2142	-21	0
10145	2128	9	0
10160	2133	22	0
10175	2142	29	0
10190	2160	42	0
10195	2182	52	0
10210	2214	52	0
10225	2241	51	0
10240	2272	54	0
10255	2300	53	0
10270	2331	47	0
10285	2358	42	0
10290	2380	37	0
10305	2403	41	0
10320	2426	48	0
10335	2452	50	0
10350	2480	43	0
10365	2506	42	0
10380	2529	47	0
10395	2556	42	0
10400	2578	40	0
10416	2601	46	0
10431	2628	49	0
10446	2655	57	0
10461	2686	56	0
10476	2718	55	0
10491	2750	55	0
10496	2781	54	0
10511	2808	49	0
10526	2840	47	0
10541	2862	48	0
10556	2889	49	0
10571	2920	47	0
10591	2943	47	0
10606	2970	47	0
10611	2997	46	0
10627	3024	52	0
10642	3051	52	0
10657	3082	43	0
10672	3105	41	0
10687	3128	47	0
10702	3154	52	0
10707	3186	48	0
10722	3213	52	0
10737	3240	60	0
10752	3276	62	0
10767	3312	56	0
10782	3344	50	0
10797	3370	45	0
10802	3393	44	0
10817	3420	43	0
10832	3442	45	0
10848	3470	49	0
10863	3496	54	0
10878	3528	62	0
10894	3564	69	0
10910	0	71	0
10915	40	64	0
10930	76	60	0
10945	112	66	0
10960	148	60	0
10975	180	58	0
10990	216	55	0
11005	243	59	0
11010	279	61	0
11025	310	59	0
11041	346	55	0
11056	378	55	0
11071	410	54	0
11086	436	52	0
11101	468	48	0
11106	495	47	0
11121	522	52	0
11136	549	56	0
11151	580	61	0
11167	616	61	0
11182	648	59	0
11197	684	54	0
11212	716	48	0
11218	742	49	0
11234	770	49	0
11250	796	52	0
11265	824	53	0
11280	855	54	0
11295	886	58	0
11310	918	56	0
11315	950	52	0
11330	976	50	0
11345	1008	48	0
11360	1035	49	0
11375	1062	56	0
11390	1094	54	0
11405	1125	50	0
11420	1152	52	0
11425	1179	57	0
11440	1210	69	0
11455	1251	66	0
11470	1287	61	0
11485	1323	59	0
11500	1354	55	0
11515	1386	49	0
11520	1413	47	0
11535	1440	54	0
11550	1472	56	0
11565	1503	55	0
11580	1534	54	0
11595	1566	58	0
11615	1598	60	0
11620	1629	54	0
11635	1660	55	0
11650	1692	51	0
11665	1719	42	0
11680	1746	38	0
11695	1764	38	0
11710	1786	44	0
11725	1814	47	0
11730	1836	45	0
11745	1863	42	0
11760	1886	40	0
11775	1908	44	0
11790	1935	39	0
11805	1958	39	0
11820	1980	38	0
11825	1998	39	0
11840	2020	41	0
11855	2043	45	0
11870	2070	43	0
11885	2092	43	0
11900	2120	51	0
11915	2146	50	0
11935	2174	42	0
11940	2200	40	0
11955	2223	41	0
11970	2246	37	0
11985	2264	36	0
12000	2286	40	0
12016	2308	37	0
12031	2326	40	0
12036	2349	40	0
12051	2372	40	0
12066	2394	37	0
12081	2416	33	0
12096	2434	34	0
12111	2452	35	0
12126	2475	43	0
12131	2498	45	0
12146	2524	43	0
12161	2547	38	0
12176	2570	39	0
12191	2592	44	0
12206	2614	40	0
12222	2637	36	0
12237	2660	33	0
12243	2678	38	0
12258	2700	40	0
12273	2722	37	0
12288	2740	38	0
12303	2763	42	0
12318	2786	42	0
12333	2812	38	0
12338	2830	34	0
12353	2853	27	0
12369	2866	18	0
12384	2876	8	0
12399	2880	3	0
12414	2884	-12	0
12429	2880	-28	0
12434	2862	-32	0
12449	2844	-21	0
12465	2835	-3	0
12480	2830	13	0
12495	2835	31	0
12511	2853	45	0
12526	2880	55	0
12541	2912	61	0
12546	2943	62	0
12561	2979	64	0
12576	3015	67	0
12591	3051	72	0
12606	3092	66	0
12621	3132	58	0
12636	3164	46	0
12641	3190	40	0
12656	3213	44	0
12671	3236	39	0
12686	3258	39	0
12701	3280	48	0
12717	3308	51	0
12732	3334	49	0
12747	3362	50	0
12752	3393	50	0
12767	3420	48	0
12782	3447	45	0
12797	3470	39	0
12812	3492	34	0
12827	3514	38	0
12847	3532	44	0
12852	3560	47	0
12867	3586	44	0
12882	9	45	0
12897	36	45	0
12912	58	33	0
12927	81	25	0
12942	94	27	0
12947	108	31	0
12962	126	28	0
12977	140	24	0
12992	153	32	0
13007	171	38	0
13022	194	41	0
13037	216	43	0
13052	243	46	0
13057	266	47	0
13072	292	47	0
13087	320	43	0
13102	346	41	0
13117	369	39	0
13132	392	43	0
13147	414	52	0
13152	441	51	0
13167	472	44	0
13182	495	42	0
13197	522	43	0
13212	544	37	0
13227	567	34	0
13247	585	37	0
13252	603	45	0
13267	630	51	0
13282	657	50	0
13297	688	52	0
13312	716	53	0
13327	747	49	0
13342	774	45	0
13357	801	45	0
13362	824	46	0
13377	850	43	0
13392	873	35	0
13407	896	35	0
13422	914	40	0
13437	936	43	0
13452	958	44	0
13457	986	41	0
13472	1008	43	0
13487	1030	37	0
13502	1053	38	0
13518	1076	37	0
13533	1094	43	0
13548	1120	48	0
13563	1148	52	0
13568	1174	53	0
13583	1206	55	0
13599	1238	49	0
13615	1264	46	0
13630	1292	46	0
13645	1314	45	0
13660	1341	38	0
13665	1364	32	0
13680	1382	33	0
13695	1400	38	0
13710	1422	39	0
13725	1444	37	0
13740	1462	41	0
13755	1485	45	0
13760	1512	45	0
13775	1539	46	0
13790	1562	45	0
13805	1588	41	0
13820	1611	40	0
13835	1634	37	0
13855	1656	37	0
13870	1674	38	0
13875	1696	40	0
13890	1719	46	0
13905	1746	51	0
13920	1773	49	0
13935	1800	46	0
13950	1827	45	0
13965	1854	46	0
13970	1876	41	0
13985	1904	38	0
14001	1922	34	0
14017	1944	33	0
14033	1962	34	0
14048	1980	38	0
14063	2002	40	0
14078	2025	45	0
14083	2048	43	0
14098	2074	41	0
14113	2097	40	0
14128	2120	37	0
14143	2138	38	0
14158	2160	37	0
14173	2182	40	0
14178	2205	50	0
14193	2232	55	0
14208	2264	54	0
14223	2295	51	0
14238	2322	50	0
14253	2349	45	0
14268	2376	39	0
14273	2398	36	0
14288	2416	41	0
14303	2439	42	0
14318	2466	40	0
14333	2488	38	0
14349	2506	42	0
14364	2534	42	0
14379	2556	40	0
14384	2578	44	0
14399	2601	45	0
14414	2628	42	0
14429	2650	39	0
14445	2673	41	0
14460	2696	42	0
14475	2722	43	0
14480	2745	45	0
14495	2772	46	0
14510	2794	43	0
14525	2822	43	0
14540	2844	43	0
14555	2866	44	0
14575	2894	42	0
14580	2916	45	0
14595	2943	57	0
14610	2974	58	0
14625	3006	58	0
14640	3038	53	0
14655	3069	52	0
14670	3100	54	0
14685	3128	49	0
14690	3154	44	0
14705	3182	39	0
14720	3204	36	0
14735	3222	34	0
14750	3244	35	0
14765	3262	40	0
14780	3285	43	0
14785	3308	46	0
14800	3334	45	0
14815	3362	44	0
14830	3384	43	0
14845	3411	40	0
14860	3434	36	0
14875	3452	33	0
14895	3470	34	0
14900	3488	35	0
14915	3510	38	0
14930	3532	44	0
14945	3555	46	0
14960	3582	45	0
14975	4	43	0
14990	32	45	0
14995	54	41	0
15010	81	32	0
15025	99	26	0
15040	112	28	0
15055	126	28	0
15070	144	31	0
15085	162	34	0
15090	180	38	0
15105	202	37	0
15121	220	38	0
15136	243	45	0
15151	270	43	0
15166	292	34	0
15181	310	30	0
15196	328	32	0
15201	346	35	0
15216	364	45	0
15231	392	58	0
15246	423	62	0
15261	459	63	0
15276	495	60	0
15291	526	60	0
15296	562	53	0
15311	594	43	0
15326	616	46	0
15341	644	54	0
15356	670	57	0
15371	706	55	0
15386	734	52	0
15391	765	50	0
15406	792	49	0
15421	819	42	0
15436	846	32	0
15451	864	26	0
15466	878	26	0
15486	891	32	0
15501	909	36	0
15506	932	36	0
15521	950	45	0
15536	976	58	0
15551	1008	64	0
15566	1044	57	0
15581	1076	44	0
15596	1102	37	0
15601	1120	39	0
15616	1143	38	0
15631	1166	36	0
15646	1184	39	0
15661	1206	47	0
15676	1233	60	0
15691	1269	63	0
15711	1300	59	0
15716	1336	60	0
15731	1368	62	0
15746	1404	60	0
15761	1440	54	0
15777	1467	46	0
15792	1494	47	0
15807	1521	50	0
15812	1548	56	0
15827	1580	56	0
15842	1611	56	0
15857	1642	53	0
15872	1674	50	0
15887	1701	46	0
15902	1728	41	0
15907	1750	38	0
15922	1773	46	0
15937	1796	50	0
15952	1827	49	0
15967	1854	48	0
15982	1881	47	0
15997	1908	44	0
16012	1930	43	0
16017	1958	39	0
16033	1976	41	0
16048	2002	43	0
16063	2025	45	0
16078	2052	47	0
16093	2074	42	0
16108	2102	47	0
16113	2128	50	0
16128	2156	43	0
16143	2178	39	0
16158	2200	38	0
16173	2223	39	0
16188	2246	43	0
16205	2268	44	0
16220	2295	44	0
16225	2318	46	0
16240	2344	48	0
16255	2372	43	0
16270	2394	42	0
16285	2416	43	0
16300	2444	47	0
16315	2470	49	0
16320	2498	49	0
16335	2524	48	0
16350	2552	43	0
16365	2574	40	0
16380	2596	37	0
16395	2619	35	0
16415	2637	43	0
16420	2664	51	0
16435	2691	57	0
16450	2722	59	0
16465	2758	55	0
16480	2786	60	0
16495	2822	63	0
16510	2858	63	0
16525	2894	58	0
16530	2925	59	0
16545	2956	61	0
16560	2992	62	0
16575	3028	60	0
16590	3060	59	0
16606	3096	57	0
16621	3128	45	0
16626	3150	38	0
16641	3172	35	0
16656	3190	35	0
16671	3213	37	0
16686	3231	37	0
16701	3254	42	0
16716	3276	45	0
16721	3303	46	0
16737	3330	47	0
16753	3357	46	0
16769	3380	43	0
16785	3406	44	0
16801	3429	45	0
16817	3456	45	0
16832	3478	45	0
16837	3506	48	0
16852	3532	44	0
16867	3560	42	0
16882	3582	36	0
16897	0	37	0
16912	22	44	0
16927	45	54	0
16932	76	57	0
16947	108	53	0
16962	140	47	0
16977	166	45	0
16992	189	42	0
17007	216	35	0
17022	234	34	0
17037	252	41	0
17042	274	45	0
17057	302	40	0
17072	324	41	0
17087	346	42	0
17102	369	39	0
17117	392	38	0
17132	414	46	0
17137	441	47	0
17152	468	43	0
17167	490	35	0
17182	508	31	0
17197	526	29	0
17212	544	24	0
17227	558	27	0
17232	572	31	0
17247	590	39	0
17262	612	39	0
17277	634	38	0
17292	657	42	0
17307	680	37	0
17327	702	33	0
17342	720	25	0
17347	734	5	0
17362	734	-25	0
17377	724	-57	0
17392	693	-78	0
17407	648	-80	0
17422	603	-65	0
17437	567	-38	0
17442	544	-11	0
17457	540	8	0
17473	540	15	0
17488	549	19	0
17503	558	20	0
17518	572	26	0
17533	585	30	0
17538	603	33	0
17553	621	38	0
17568	644	41	0
17583	666	45	0
17598	693	42	0
17613	716	42	0
17628	738	47	0
17643	765	48	0
17648	792	43	0
17663	814	45	0
17678	842	50	0
17693	868	47	0
17708	896	44	0
17723	922	42	0
17743	945	33	0
17748	963	11	0
17763	968	-11	0
17778	968	-22	0
17793	954	-20	0
17808	945	-8	0
17823	940	13	0
17838	940	32	0
17853	958	43	0
17858	986	50	0
17873	1012	55	0
17888	1044	59	0
17903	1076	60	0
17918	1112	62	0
17933	1143	60	0
17948	1179	60	0
17953	1210	52	0
17968	1242	44	0
17983	1264	42	0
17998	1292	43	0
18013	1314	44	0
18028	1341	44	0
18043	1364	38	0
18048	1386	43	0
18063	1408	44	0
18078	1436	38	0
18093	1454	19	0
18108	1467	-8	0
18123	1467	-30	0
18139	1449	-39	0
18155	1426	-31	0
18161	1408	-15	0
18177	1400	1	0
18193	1400	11	0
18209	1404	22	0
18225	1418	29	0
18241	1431	27	0
18257	1449	22	0
18262	1458	24	0
18278	1472	11	0
18293	1480	-8	0
18308	1480	-33	0
18323	1462	-39	0
18338	1440	-29	0
18353	1422	-21	0
18368	1408	-7	0
18373	1408	7	0
18388	1408	25	0
18403	1422	34	0
18418	1440	35	0
18433	1458	38	0
18448	1480	35	0
18463	1498	36	0
18468	1521	39	0
18483	1544	47	0
18498	1570	44	0
18513	1593	24	0
18528	1606	0	0
18543	1606	-26	0
18558	1598	-38	0
18563	1575	-35	0
18578	1557	-17	0
18593	1548	10	0
18608	1548	40	0
18623	1570	60	0
18638	1602	67	0
18653	1642	70	0
18668	1683	67	0
18673	1719	65	0
18688	1755	68	0
18703	1796	67	0
18718	1832	60	0
18733	1863	56	0
18748	1894	54	0
18763	1926	58	0
18768	1958	59	0
18783	1994	59	0
18800	2025	59	0
18815	2061	58	0
18830	2092	55	0
18845	2124	50	0
18860	2151	51	0
18865	2178	56	0
18880	2210	58	0
18895	2246	61	0
18910	2277	62	0
18925	2313	62	0
18940	2349	62	0
18955	2380	59	0
18975	2416	58	0
18980	2448	61	0
18995	2484	58	0
19010	2516	59	0
19025	2547	63	0
19040	2583	60	0
19055	2619	55	0
19070	2650	64	0
19075	2686	67	0
19090	2722	68	0
19106	2758	65	0
19121	2799	66	0
19136	2835	65	0
19151	2871	60	0
19166	2902	53	0
19181	2934	54	0
19186	2966	55	0
19201	2997	53	0
19216	3024	55	0
19231	3056	51	0
19246	3087	57	0
19261	3118	51	0
19276	3146	45	0
19281	3172	37	0
19296	3190	28	0
19311	3208	29	0
19326	3222	25	0
19341	3240	17	0
19356	3249	18	0
19372	3258	21	0
19378	3272	26	0
19393	3285	32	0
19408	3303	39	0
19423	3326	43	0
19438	3348	45	0
19453	3375	49	0
19468	3402	56	0
19483	3434	59	0
19488	3465	60	0
19503	3501	59	0
19518	3532	57	0
19533	3564	58	0
19548	3596	56	0
19563	27	52	0
19579	58	48	0
19585	86	44	0
19601	108	46	0
19616	135	47	0
19631	162	47	0
19646	189	47	0
19661	216	49	0
19676	243	54	0
19691	274	61	0
19696	306	59	0
19711	342	55	0
19726	374	48	0
19741	400	44	0
19756	423	37	0
19771	446	33	0
19786	464	36	0
19791	482	38	0
19806	504	44	0
19821	531	53	0
19836	558	54	0
19851	590	47	0
19866	616	45	0
19886	639	46	0
19891	666	45	0
19906	693	39	0
19921	716	40	0
19936	738	50	0
19951	765	54	0
19966	796	50	0
19981	824	45	0
19996	850	45	0
20001	873	46	0
20016	900	43	0
20032	922	39	0
20047	945	41	0
20062	968	41	0
20077	990	40	0
20092	1012	39	0
20097	1035	45	0
20112	1062	51	0
20127	1089	58	0
20142	1125	60	0
20157	1156	53	0
20172	1188	42	0
20187	1210	25	0
20192	1224	1	0
20207	1224	-14	0
20222	1220	-16	0
20237	1210	-3	0
20252	1210	15	0
20267	1215	33	0
20287	1233	50	0
20302	1260	57	0
20307	1292	61	0
20322	1328	59	0
20337	1359	56	0
20352	1390	53	0
20367	1422	56	0
20382	1454	60	0
20397	1490	57	0
20402	1521	53	0
20417	1548	54	0
20432	1580	59	0
20447	1611	58	0
20462	1647	57	0
20477	1678	58	0
20492	1710	54	0
20507	1742	49	0
20512	1768	49	0
20527	1796	49	0
20542	1822	47	0
20557	1850	48	0
20572	1876	55	0
20587	1908	63	0
20607	1944	60	0
20612	1976	54	0
20628	2007	53	0
20643	2038	53	0
20658	2066	48	0
20673	2092	47	0
20688	2120	50	0
20703	2146	51	0
20708	2178	50	0
20723	2205	47	0
20738	2232	44	0
20753	2254	42	0
20768	2282	45	0
20783	2304	48	0
20798	2331	43	0
20813	2358	45	0
20818	2380	52	0
20833	2412	59	0
20848	2444	56	0
20863	2475	56	0
20878	2506	49	0
20893	2534	50	0
20908	2565	48	0
20913	2592	46	0
20929	2614	45	0
20945	2642	44	0
20961	2664	44	0
20976	2691	45	0
20991	2718	45	0
21006	2740	41	0
21011	2763	41	0
21026	2786	40	0
21041	2808	39	0
21057	2830	41	0
21073	2853	50	0
21088	2884	54	0
21103	2912	50	0
21118	2943	46	0
21123	2966	45	0
21138	2992	45	0
21153	3020	40	0
21168	3042	41	0
21183	3064	46	0
21198	3092	47	0
21213	3114	48	0
21218	3141	47	0
21233	3168	46	0
21248	3195	44	0
21263	3222	37	0
21278	3240	40	0
21293	3262	42	0
21308	3285	45	0
21323	3312	49	0
21328	3339	49	0
21343	3366	43	0
21358	3393	39	0
21373	3416	42	0
21388	3438	47	0
21404	3465	48	0
21419	3492	50	0
21424	3519	54	0
21439	3550	51	0
21454	3578	51	0
21469	4	52	0
21484	36	59	0
21499	68	72	0
21514	108	81	0
21519	153	90	0
21534	207	86	0
21549	252	69	0
21564	292	56	0
21579	324	42	0
21594	346	35	0
21614	369	36	0
21629	387	36	0
21634	410	32	0
21649	428	26	0
21666	441	30	0
21681	459	33	0
21696	477	31	0
21711	495	34	0
21726	513	45	0
21731	540	50	0
21746	567	46	0
21761	594	47	0
21776	616	52	0
21791	648	49	0
21806	675	39	0
21821	698	38	0
21836	720	43	0
21841	742	50	0
21856	770	62	0
21871	806	82	0
21886	850	101	0
21901	909	107	0
21916	968	103	0
21931	1026	93	0
21936	1080	86	0
21951	1130	85	0
21966	1174	89	0
21981	1224	86	0
21996	1274	69	0
22011	1314	53	0
22031	1341	46	0
22036	1368	39	0
22051	1390	33	0
22066	1408	38	0
22081	1431	44	0
22096	1454	45	0
22111	1480	39	0
22126	1503	38	0
22141	1526	43	0
22146	1548	44	0
22161	1570	43	0
22177	1598	42	0
22192	1620	45	0
22207	1647	46	0
22223	1670	45	0
22238	1696	34	0
22243	1714	28	0
22258	1732	32	0
22273	1750	39	0
22288	1773	35	0
22303	1791	35	0
22318	1809	45	0
22333	1836	45	0
22338	1863	31	0
22353	1881	11	0
22369	1886	-10	0
22385	1886	-36	0
22400	1863	-58	0
22415	1832	-52	0
22430	1800	-31	0
22445	1782	-1	0
22450	1782	26	0
22465	1796	48	0
22480	1822	60	0
22495	1854	64	0
22510	1890	64	0
22525	1926	67	0
22540	1966	65	0
22545	2002	60	0
22560	2034	57	0
22575	2066	63	0
22590	2102	67	0
22605	2142	70	0
22620	2178	73	0
22635	2218	69	0
22650	2259	61	0
22655	2295	58	0
22670	2326	64	0
22685	2362	62	0
22700	2398	59	0
22715	2430	55	0
22730	2462	55	0
22750	2493	59	0
22755	2524	58	0
22770	2556	59	0
22785	2592	56	0
22800	2624	56	0
22815	2655	56	0
22830	2686	54	0
22845	2718	58	0
22850	2750	56	0
22865	2781	61	0
22880	2812	57	0
22895	2848	54	0
22910	2876	53	0
22925	2907	52	0
22940	2934	51	0
22955	2966	51	0
22960	2992	53	0
22975	3024	53	0
22990	3051	55	0
23006	3082	50	0
23022	3114	50	0
23037	3141	46	0
23052	3168	48	0
23057	3195	55	0
23072	3222	56	0
23087	3254	54	0
23102	3285	56	0
23117	3316	57	0
23132	3348	56	0
23147	3380	59	0
23152	3416	62	0
23167	3447	62	0
23182	3483	58	0
23197	3514	56	0
23212	3546	56	0
23227	3578	55	0
23247	9	54	0
23262	40	54	0
23267	72	54	0
23282	104	54	0
23297	130	48	0
23312	158	46	0
23327	184	49	0
23342	212	49	0
23357	238	50	0
23362	270	55	0
23377	297	55	0
23392	328	50	0
23407	360	48	0
23422	387	51	0
23437	414	52	0
23452	441	57	0
23467	477	61	0
23472	508	56	0
23487	540	57	0
23502	572	57	0
23517	603	58	0
23532	639	59	0
23547	670	60	0
23567	706	63	0
23572	738	60	0
23587	774	59	0
23602	806	63	0
23617	842	62	0
23632	878	54	0
23647	909	53	0
23663	936	58	0
23668	972	62	0
23683	1004	55	0
23698	1035	48	0
23713	1062	51	0
23729	1094	58	0
23745	1125	54	0
23761	1156	55	0
23777	1184	63	0
23782	1220	62	0
23797	1256	56	0
23812	1287	57	0
23827	1318	58	0
23843	1350	57	0
23858	1386	54	0
23873	1413	51	0
23878	1444	49	0
23894	1472	49	0
23909	1498	57	0
23924	1530	61	0
23939	1566	52	0
23954	1593	46	0
23969	1620	48	0
23984	1647	48	0
23989	1674	40	0
24004	1696	41	0
24019	1719	45	0
24034	1746	49	0
24049	1773	45	0
24065	1796	41	0
24080	1822	43	0
24085	1845	49	0
24100	1872	50	0
24115	1899	48	0
24130	1926	48	0
24145	1953	50	0
24160	1984	54	0
24175	2012	53	0
24180	2043	47	0
24195	2070	47	0
24210	2097	48	0
24225	2124	43	0
24240	2146	41	0
24256	2169	41	0
24271	2192	44	0
24286	2218	44	0
24291	2241	50	0
24306	2272	54	0
24322	2300	54	0
24337	2331	47	0
24352	2358	42	0
24367	2380	45	0
24382	2408	39	0
24387	2430	38	0
24402	2448	45	0
24417	2475	46	0
24432	2502	46	0
24447	2529	46	0
24462	2552	49	0
24477	2578	45	0
24482	2606	36	0
24497	2628	34	0
24512	2646	33	0
24527	2664	30	0
24542	2682	22	0
24557	2691	24	0
24572	2704	27	0
24587	2722	35	0
24592	2740	38	0
24607	2763	43	0
24622	2786	42	0
24637	2812	44	0
24652	2835	50	0
24667	2862	49	0
24687	2889	48	0
24692	2916	45	0
24707	2943	44	0
24723	2970	44	0
24738	2992	45	0
24753	3020	44	0
24768	3042	44	0
24783	3069	47	0
24798	3096	47	0
24803	3118	44	0
24819	3146	48	0
24834	3172	50	0
24849	3200	53	0
24864	3231	52	0
24879	3258	47	0
24894	3285	44	0
24899	3312	42	0
24914	3334	44	0
24929	3357	41	0
24944	3384	45	0
24959	3406	45	0
24974	3434	47	0
24989	3460	54	0
24994	3488	57	0
25010	3524	54	0
25025	3550	45	0
25041	3578	44	0
25056	0	48	0
25071	27	46	0
25086	54	39	0
25101	76	38	0
25106	99	43	0
25121	122	45	0
25137	148	52	0
25152	176	54	0
25167	207	59	0
25183	238	56	0
25198	270	54	0
25203	302	52	0
25218	333	51	0
25233	360	46	0
25248	387	47	0
25263	414	51	0
25278	441	53	0
25293	472	55	0
25298	504	54	0
25313	531	51	0
25328	562	50	0
25343	590	49	0
25358	616	46	0
25373	644	43	0
25388	666	40	0
25403	688	42	0
25408	711	40	0
25423	734	43	0
25438	760	47	0
25453	788	45	0
25468	810	48	0
25483	837	54	0
25498	868	53	0
25503	900	51	0
25518	927	51	0
25533	954	53	0
25548	986	53	0
25563	1017	49	0
25578	1044	45	0
25598	1066	49	0
25613	1098	54	0
25618	1125	54	0
25633	1156	56	0
25648	1188	57	0
25663	1220	54	0
25678	1251	51	0
25693	1278	50	0
25708	1310	50	0
25713	1336	45	0
25728	1359	48	0
25743	1386	51	0
25758	1418	54	0
25773	1449	53	0
25788	1476	55	0
25803	1508	56	0
25808	1539	48	0
25823	1566	44	0
25838	1593	44	0
25853	1616	43	0
25868	1638	46	0
25883	1665	47	0
25898	1692	44	0
25918	1719	44	0
25923	1742	48	0
25938	1768	44	0
25953	1796	40	0
25968	1818	44	0
25983	1840	49	0
25998	1868	49	0
26013	1894	52	0
26018	1926	49	0
26033	1953	50	0
26048	1980	48	0
26063	2007	42	0
26078	2030	42	0
26093	2056	44	0
26108	2079	50	0
26123	2106	49	0
26128	2138	49	0
26143	2164	49	0
26158	2192	48	0
26173	2218	43	0
26189	2241	46	0
26204	2268	39	0
26219	2290	35	0
26224	2308	38	0
26239	2331	42	0
26254	2354	38	0
26269	2376	35	0
26284	2394	23	0
26299	2408	-1	0
26319	2408	-34	0
26324	2394	-55	0
26340	2362	-58	0
26355	2331	-47	0
26370	2304	-30	0
26385	2286	-8	0
26400	2282	19	0
26416	2286	44	0
26431	2313	55	0
26436	2344	57	0
26451	2376	58	0
26466	2408	61	0
26481	2444	61	0
26497	2475	66	0
26513	2516	62	0
26529	2547	57	0
26534	2583	50	0
26550	2610	45	0
26566	2632	44	0
26582	2660	49	0
26598	2686	53	0
26614	2718	56	0
26630	2750	56	0
26635	2781	60	0
26650	2812	57	0
26655	2844	54	0
26670	2876	49	0
26685	2902	49	0
26700	2930	50	0
26715	2961	50	0
26730	2988	50	0
26735	3015	55	0
26750	3046	54	0
26765	3078	58	0
26780	3110	58	0
26795	3141	58	0
26810	3172	56	0
26830	3204	56	0
26835	3236	54	0
26850	3267	48	0
26865	3294	45	0
26880	3321	53	0
26895	3348	54	0
26910	3380	53	0
26925	3411	52	0
26940	3438	55	0
26945	3470	54	0
26961	3501	48	0
26976	3528	45	0
26991	3555	52	0
27006	3582	47	0
27021	9	43	0
27036	32	48	0
27041	58	54	0
27056	90	53	0
27071	122	46	0
27086	144	48	0
27101	171	48	0
27116	198	51	0
27131	230	52	0
27136	256	50	0
27151	288	49	0
27166	315	47	0
27181	342	41	0
27196	364	36	0
27211	382	34	0
27226	400	44	0
27246	428	50	0
27251	454	50	0
27266	482	40	0
27281	504	36	0
27296	526	34	0
27311	544	32	0
27326	562	30	0
27341	580	30	0
27346	598	28	0
27361	612	18	0
27376	621	-1	0
27391	621	-28	0
27406	612	-51	0
27421	580	-55	0
27436	549	-41	0
27441	526	-25	0
27456	513	-3	0
27471	513	20	0
27486	518	35	0
27501	540	38	0
27516	562	43	0
27533	585	50	0
27548	612	52	0
27553	644	47	0
27568	670	47	0
27583	693	50	0
27599	724	50	0
27614	752	47	0
27629	778	45	0
27644	801	41	0
27649	828	39	0
27664	846	43	0
27679	873	45	0
27694	896	44	0
27709	922	42	0
27724	945	48	0
27739	972	53	0
27759	1004	51	0
27764	1030	41	0
27779	1053	34	0
27794	1076	37	0
27809	1094	35	0
27824	1116	30	0
27839	1130	32	0
27854	1148	36	0
27859	1170	42	0
27874	1192	41	0
27889	1215	35	0
27905	1238	28	0
27921	1251	26	0
27937	1264	28	0
27953	1282	19	0
27958	1292	-2	0
27974	1292	-16	0
27989	1287	-24	0
28004	1274	-23	0
28019	1260	-21	0
28034	1246	-1	0
28049	1246	24	0
28064	1256	41	0
28069	1278	52	0
28084	1310	56	0
28099	1341	62	0
28114	1377	66	0
28129	1413	66	0
28144	1449	59	0
28159	1485	52	0
28164	1512	54	0
28179	1544	58	0
28194	1575	58	0
28209	1606	56	0
28224	1638	57	0
28239	1670	59	0
28254	1706	57	0
28269	1737	50	0
28274	1764	43	0
28289	1791	40	0
28304	1814	39	0
28319	1832	42	0
28334	1858	44	0
28349	1881	43	0
28364	1908	42	0
28369	1930	45	0
28384	1953	44	0
28399	1980	43	0
28414	2002	46	0
28429	2030	53	0
28444	2061	50	0
28459	2088	42	0
28464	2110	33	0
28479	2128	32	0
28494	2146	34	0
28509	2169	35	0
28524	2187	38	0
28539	2210	37	0
28554	2228	39	0
28574	2250	40	0
28579	2272	38	0
28594	2295	32	0
28609	2313	25	0
28624	2326	30	0
28639	2344	34	0
28654	2362	33	0
28669	2380	34	0
28674	2398	37	0
28689	2421	45	0
28705	2448	47	0
28720	2475	41	0
28735	2498	40	0
28750	2520	43	0
28766	2542	39	0
28771	2565	36	0
28786	2583	31	0
28801	2601	33	0
28816	2619	45	0
28832	2646	53	0
28847	2678	42	0
28862	2700	39	0
28877	2722	37	0
28882	2740	37	0
28897	2763	32	0
28912	2781	32	0
28927	2799	38	0
28942	2822	42	0
28957	2844	37	0
28972	2866	36	0
28977	2884	30	0
28992	2902	37	0
29007	2925	45	0
29022	2948	46	0
29037	2974	38	0
29052	2997	33	0
29067	3015	40	0
29082	3038	46	0
29087	3064	40	0
29102	3087	39	0
29117	3105	49	0
29132	3136	51	0
29148	3164	32	0
29163	3182	3	0
29178	3182	-14	0
29183	3177	-17	0
29198	3168	-15	0
29213	3159	-8	0
29228	3154	6	0
29243	3154	22	0
29259	3168	40	0
29275	3190	49	0
29281	3218	52	0
29297	3249	53	0
29313	3276	56	0
29329	3308	62	0
29344	3344	55	0
29359	3375	46	0
29374	3402	47	0
29389	3429	53	0
29394	3456	52	0
29410	3488	40	0
29425	3510	37	0
29440	3528	44	0
29456	3555	53	0
29471	3582	48	0
29486	9	48	0
29491	36	52	0
29506	68	56	0
29521	99	48	0
29536	126	41	0
29551	148	38	0
29566	171	43	0
29581	194	47	0
29596	220	43	0
29601	243	43	0
29616	270	49	0
29632	297	55	0
29647	328	52	0
29663	356	50	0
29678	387	55	0
29693	414	52	0
29698	446	51	0
29713	472	49	0
29728	500	51	0
29743	531	50	0
29758	558	51	0
29773	585	52	0
29788	616	53	0
29793	648	47	0
29808	670	48	0
29823	698	46	0
29839	724	44	0
29854	752	40	0
29869	774	43	0
29884	796	45	0
29899	824	41	0
29904	846	37	0
29919	864	41	0
29934	891	42	0
29949	914	42	0
29964	936	40	0
29979	958	39	1
29994	981	40	1
29999	22	38	1
30015	45	42	1
30030	68	41	1
30045	90	41	1
30060	112	40	1
30075	135	45	1
30090	162	49	1
30095	189	44	1
30110	212	39	1
30125	234	34	1
30140	256	31	1
30155	270	20	1
30170	284	13	1
30190	292	15	1
30205	297	18	1
30210	310	21	1
30225	320	21	1
30240	333	17	1
30255	342	17	1
30270	351	20	1
30285	364	21	1
30300	374	13	1
30305	382	7	1
30320	387	10	1
30335	392	11	1
30350	396	12	1
30365	405	15	1
30381	414	35	1
30396	432	56	1
30411	464	80	1
30416	508	95	1
30431	562	99	1
30446	616	94	1
30461	670	84	1
30477	720	63	1
30492	756	36	1
30507	774	14	1
30512	783	6	1
30527	788	4	1
30543	788	2	1
30558	788	4	1
30573	792	15	1
30588	801	20	1
30603	810	12	1
30608	819	7	1
30623	824	14	1
30638	828	32	1
30653	846	60	1
30668	882	80	1
30683	927	83	1
30698	972	71	1
30718	1012	50	1
30723	1040	29	1
30738	1058	19	1
30753	1066	15	1
30768	1076	19	1
30784	1089	20	1
30799	1098	16	1
30814	1107	5	1
30819	1112	-2	1
30834	1112	-2	1
30849	1112	-6	1
30865	1107	-8	1
30880	1102	-3	1
30895	1102	9	1
30910	1102	16	1
30915	1112	14	1
30930	1120	3	1
30945	1120	-2	1
30960	1120	-4	1
30975	1120	-3	1
30990	1120	-3	1
31006	1120	-5	1
31021	1116	1	1
31026	1116	6	1
31041	1116	2	1
31056	1116	-1	1
31071	1116	-5	1
31086	1116	-7	1
31101	1116	-10	1
31116	1107	-18	1
31122	1098	-20	1
31137	1089	-27	1
31152	1071	-27	1
31167	1058	-26	1
31183	1044	-20	1
31198	1030	-9	1
31213	1026	11	1
31228	1026	27	1
31233	1044	32	1
31248	1062	22	1
31263	1076	3	1
31278	1076	-10	1
31294	1076	-19	1
31309	1062	-21	1
31324	1053	-14	1
31329	1044	9	1
31344	1044	44	1
31359	1071	73	1
31374	1112	86	1
31389	1156	77	1
31404	1202	52	1
31419	1233	24	1
31424	1246	5	1
31439	1246	-5	1
31454	1246	-6	1
31469	1246	-1	1
31484	1246	7	1
31499	1246	6	1
31514	1246	-10	1
31534	1246	-24	1
31539	1233	-36	1
31554	1210	-42	1
31569	1188	-53	1
31584	1161	-60	1
31599	1125	-60	1
31614	1094	-47	1
31629	1066	-41	1
31634	1044	-45	1
31649	1017	-45	1
31665	990	-40	1
31680	968	-41	1
31695	945	-47	1
31711	918	-52	1
31726	891	-54	1
31741	860	-53	1
31746	828	-55	1
31761	801	-56	1
31776	770	-51	1
31791	738	-32	1
31806	720	3	1
31822	720	40	1
31837	742	60	1
31842	774	69	1
31857	814	69	1
31872	850	61	1
31888	886	40	1
31903	909	26	1
31918	922	19	1
31933	936	3	1
31938	936	-23	1
31953	927	-38	1
31968	904	-42	1
31983	882	-50	1
31998	855	-60	1
32013	819	-71	1
32028	778	-80	1
32043	734	-86	1
32048	688	-88	1
32064	639	-83	1
32080	590	-79	1
32096	544	-73	1
32112	504	-71	1
32127	464	-84	1
32142	418	-108	1
32147	356	-130	1
32162	284	-140	1
32177	207	-131	1
32193	130	-111	1
32209	68	-92	1
32224	18	-83	1
32239	3573	-81	1
32244	3524	-78	1
32259	3483	-74	1
32274	3438	-83	1
32289	3393	-85	1
32304	3344	-82	1
32319	3298	-79	1
32334	3254	-80	1
32349	3208	-75	1
32355	3168	-67	1
32370	3132	-57	1
32385	3096	-50	1
32400	3069	-43	1
32415	3046	-39	1
32430	3024	-32	1
32445	3006	-19	1
32450	2997	-3	1
32465	2992	-2	1
32480	2992	-11	1
32495	2988	-18	1
32510	2974	-29	1
32525	2961	-48	1
32540	2934	-64	1
32555	2898	-72	1
32560	2858	-76	1
32575	2812	-80	1
32590	2768	-82	1
32605	2722	-80	1
32620	2678	-71	1
32635	2637	-69	1
32650	2596	-66	1
32655	2560	-63	1
32670	2524	-65	1
32685	2488	-64	1
32700	2452	-65	1
32715	2416	-58	1
32730	2385	-53	1
32750	2354	-45	1
32755	2331	-43	1
32770	2304	-50	1
32785	2277	-57	1
32800	2246	-59	1
32815	2210	-63	1
32830	2178	-66	1
32845	2138	-66	1
32860	2102	-67	1
32865	2066	-63	1
32880	2030	-58	1
32895	1998	-54	1
32910	1966	-59	1
32925	1930	-62	1
32940	1899	-59	1
32955	1863	-61	1
32960	1832	-72	1
32975	1791	-88	1
32990	1742	-93	1
33005	1688	-95	1
33020	1634	-106	1
33035	1575	-115	1
33050	1512	-119	1
33055	1444	-117	1
33070	1377	-119	1
33085	1310	-117	1
33100	1246	-108	1
33115	1184	-100	1
33130	1130	-97	1
33150	1071	-93	1
33166	1022	-98	1
33171	968	-105	1
33186	904	-106	1
33201	846	-100	1
33216	792	-100	1
33232	734	-105	1
33247	675	-102	1
33262	616	-100	1
33267	562	-105	1
33282	504	-113	1
33297	441	-111	1
33312	378	-108	1
33327	315	-116	1
33342	252	-135	1
33357	176	-148	1
33372	90	-153	1
33377	4	-139	1
33392	3528	-96	1
33407	3474	-32	1
33422	3456	22	1
33438	3465	50	1
33453	3492	41	1
33468	3514	7	1
33473	3519	-29	1
33488	3506	-43	1
33503	3483	-43	1
33518	3456	-46	1
33533	3434	-47	1
33548	3406	-50	1
33563	3380	-52	1
33568	3348	-64	1
33583	3312	-69	1
33598	3272	-72	1
33613	3231	-78	1
33628	3190	-83	1
33644	3141	-80	1
33659	3096	-81	1
33674	3051	-83	1
33679	3006	-83	1
33694	2956	-78	1
33709	2916	-81	1
33724	2871	-86	1
33739	2822	-77	1
33754	2776	-51	1
33774	2750	-21	1
33779	2736	2	1
33794	2736	19	1
33810	2745	9	1
33825	2750	-21	1
33840	2740	-54	1
33855	2714	-75	1
33870	2668	-94	1
33885	2614	-110	1
33890	2556	-113	1
33905	2493	-111	1
33920	2430	-111	1
33935	2367	-114	1
33950	2304	-113	1
33965	2236	-111	1
33980	2178	-117	1
33985	2110	-116	1
34000	2043	-108	1
34015	1984	-107	1
34030	1926	-109	1
34045	1863	-100	1
34060	1804	-95	1
34075	1755	-93	1
34080	1701	-97	1
34095	1647	-93	1
34110	1593	-90	1
34125	1544	-94	1
34140	1490	-99	1
34155	1436	-100	1
34170	1377	-102	1
34190	1323	-105	1
34195	1260	-96	1
34210	1206	-84	1
34225	1161	-61	1
34240	1125	-21	1
34255	1116	18	1
34270	1120	35	1
34285	1138	28	1
34290	1156	0	1
34305	1156	-36	1
34320	1138	-69	1
34335	1102	-84	1
34350	1053	-92	1
34365	1004	-106	1
34380	940	-110	1
34385	882	-105	1
34400	824	-100	1
34415	765	-106	1
34430	706	-107	1
34445	644	-106	1
34460	585	-109	1
34475	526	-114	1
34490	459	-112	1
34495	396	-108	1
34510	338	-112	1
34525	274	-118	1
34540	207	-121	1
34555	140	-124	1
34570	68	-125	1
34590	0	-120	1
34595	3532	-114	1
34610	3470	-113	1
34625	3402	-112	1
34640	3339	-107	1
34656	3280	-103	1
34671	3222	-111	1
34686	3159	-122	1
34701	3092	-123	1
34706	3024	-123	1
34722	2952	-122	1
34737	2884	-121	1
34752	2817	-116	1
34767	2750	-116	1
34782	2686	-116	1
34797	2619	-113	1
34802	2556	-118	1
34817	2493	-120	1
34833	2426	-116	1
34849	2358	-118	1
34864	2290	-119	1
34879	2223	-116	1
34894	2160	-108	1
34899	2097	-108	1
34914	2038	-109	1
34929	1976	-110	1
34944	1917	-104	1
34960	1858	-99	1
34975	1800	-100	1
34990	1746	-96	1
35005	1692	-99	1
35010	1634	-102	1
35025	1580	-97	1
35040	1521	-87	1
35055	1476	-91	1
35070	1422	-91	1
35085	1372	-68	1
35100	1332	-38	1
35105	1314	-26	1
35120	1296	-19	1
35135	1287	-12	1
35150	1278	-21	1
35165	1269	-51	1
35180	1238	-76	1
35195	1197	-88	1
35200	1148	-97	1
35215	1094	-105	1
35230	1035	-112	1
35245	972	-119	1
35260	904	-122	1
35275	837	-124	1
35290	765	-124	1
35310	698	-124	1
35315	626	-122	1
35330	558	-111	1
35345	495	-109	1
35360	432	-113	1
35375	369	-120	1
35390	302	-114	1
35405	238	-107	1
35410	180	-104	1
35425	122	-105	1
35440	58	-101	1
35455	4	-103	1
35470	3546	-105	1
35485	3488	-108	1
35500	3424	-115	1
35515	3362	-120	1
35520	3294	-116	1
35535	3226	-110	1
35550	3168	-106	1
35565	3105	-103	1
35580	3051	-102	1
35595	2992	-97	1
35610	2938	-94	1
35615	2884	-90	1
35630	2835	-88	1
35645	2786	-87	1
35660	2736	-91	1
35675	2682	-92	1
35690	2632	-96	1
35710	2578	-102	1
35715	2520	-104	1
35730	2462	-101	1
35745	2408	-99	1
35760	2349	-111	1
35775	2286	-113	1
35790	2223	-108	1
35805	2164	-107	1
35820	2102	-115	1
35825	2038	-118	1
35840	1971	-113	1
35855	1908	-108	1
35870	1850	-92	1
35885	1796	-69	1
35900	1755	-55	1
35916	1728	-39	1
35921	1706	-39	1
35936	1683	-46	1
35951	1656	-54	1
35966	1624	-64	1
35981	1588	-68	1
35996	1552	-74	1
36011	1512	-77	1
36026	1467	-80	1
36031	1422	-80	1
36046	1377	-86	1
36061	1328	-94	1
36077	1274	-94	1
36092	1224	-102	1
36107	1166	-113	1
36122	1102	-130	1
36127	1030	-136	1
36142	954	-131	1
36157	878	-118	1
36172	810	-105	1
36187	752	-100	1
36202	698	-100	1
36218	639	-100	1
36223	585	-102	1
36238	526	-108	1
36253	468	-109	1
36268	405	-102	1
36283	346	-99	1
36298	292	-98	1
36313	238	-98	1
36333	180	-88	1
36339	130	-84	1
36354	86	-92	1
36369	32	-94	1
36384	3582	-90	1
36399	3528	-89	1
36414	3478	-88	1
36429	3429	-88	1
36434	3380	-85	1
36449	3334	-89	1
36464	3280	-88	1
36479	3231	-91	1
36494	3182	-92	1
36509	3132	-92	1
36524	3078	-92	1
36529	3028	-92	1
36544	2974	-95	1
36559	2920	-100	1
36574	2866	-95	1
36589	2812	-95	1
36604	2758	-98	1
36619	2704	-96	1
36634	2650	-91	1
36639	2596	-89	1
36655	2547	-99	1
36670	2493	-102	1
36685	2434	-101	1
36700	2376	-98	1
36715	2322	-106	1
36730	2264	-115	1
36735	2200	-121	1
36750	2128	-130	1
36765	2056	-127	1
36780	1984	-123	1
36795	1917	-118	1
36810	1850	-111	1
36830	1786	-107	1
36845	1728	-109	1
36850	1665	-111	1
36865	1602	-111	1
36880	1544	-108	1
36895	1480	-106	1
36910	1422	-105	1
36925	1364	-105	1
36940	1305	-102	1
36945	1246	-101	1
36960	1188	-100	1
36975	1134	-101	1
36990	1076	-98	1
37005	1022	-103	1
37020	963	-100	1
37035	904	-103	1
37040	850	-111	1
37055	788	-119	1
37070	720	-126	1
37085	648	-133	1
37100	572	-132	1
37115	500	-128	1
37130	428	-120	1
37150	360	-116	1
37155	292	-117	1
37170	230	-113	1
37185	166	-111	1
37200	104	-114	1
37215	40	-118	1
37230	3573	-120	1
37245	3506	-113	1
37250	3442	-107	1
37265	3380	-104	1
37280	3321	-107	1
37295	3262	-104	1
37310	3204	-102	1
37325	3146	-107	1
37340	3087	-112	1
37355	3024	-111	1
37360	2961	-108	1
37375	2898	-110	1
37390	2840	-112	1
37405	2776	-106	1
37420	2714	-100	1
37435	2660	-93	1
37450	2606	-88	1
37455	2556	-85	1
37470	2511	-85	1
37485	2462	-93	1
37500	2408	-98	1
37515	2354	-97	1
37530	2300	-99	1
37550	2246	-101	1
37555	2187	-98	1
37570	2133	-103	1
37585	2074	-114	1
37600	2012	-124	1
37616	1940	-134	1
37632	1863	-135	1
37648	1791	-127	1
37664	1719	-118	1
37669	1652	-115	1
37685	1588	-113	1
37700	1521	-116	1
37715	1458	-110	1
37732	1395	-103	1
37747	1336	-101	1
37762	1282	-104	1
37767	1224	-108	1
37782	1161	-102	1
37797	1102	-98	1
37812	1048	-103	1
37827	990	-103	1
37842	932	-99	1
37857	878	-96	1
37862	824	-100	1
37877	770	-98	1
37893	711	-97	1
37908	657	-97	1
37923	603	-98	1
37938	549	-98	1
37953	495	-101	1
37968	436	-101	1
37973	378	-103	1
37988	320	-104	1
38003	261	-99	1
38018	207	-96	1
38033	153	-96	1
38048	99	-99	1
38063	45	-97	1
38068	3591	-101	1
38083	3532	-101	1
38098	3474	-97	1
38113	3420	-96	1
38128	3366	-88	1
38143	3316	-71	1
38158	3276	-48	1
38173	3249	-28	1
38178	3236	-8	1
38193	3231	3	1
38209	3231	7	1
38224	3231	-11	1
38239	3231	-34	1
38255	3208	-55	1
38270	3182	-64	1
38275	3146	-72	1
38290	3105	-80	1
38305	3060	-89	1
38320	3006	-88	1
38335	2956	-85	1
38350	2912	-88	1
38365	2862	-85	1
38370	2812	-79	1
38385	2768	-72	1
38400	2727	-78	1
38415	2686	-94	1
38430	2632	-107	1
38445	2570	-112	1
38460	2506	-109	1
38475	2448	-108	1
38480	2385	-105	1
38495	2326	-103	1
38510	2268	-97	1
38525	2214	-91	1
38540	2164	-91	1
38555	2110	-97	1
38570	2056	-101	1
38575	2002	-100	1
38590	1944	-98	1
38605	1890	-99	1
38620	1836	-100	1
38635	1778	-100	1
38650	1724	-100	1
38670	1665	-101	1
38675	1606	-104	1
38690	1548	-106	1
38705	1490	-102	1
38720	1431	-101	1
38735	1377	-101	1
38750	1318	-103	1
38765	1260	-104	1
38780	1202	-102	1
38785	1148	-100	1
38800	1089	-102	1
38815	1030	-101	1
38830	976	-102	1
38845	918	-103	1
38860	860	-98	1
38875	806	-97	1
38880	752	-94	1
38895	698	-92	1
38910	644	-89	1
38925	594	-93	1
38940	544	-99	1
38955	486	-100	1
38970	432	-99	1
38985	374	-97	1
38990	320	-98	1
39005	266	-96	1
39020	212	-94	1
39035	158	-100	1
39050	104	-108	1
39066	40	-111	1
39081	3578	-107	1
39086	3519	-105	1
39101	3460	-100	1
39116	3402	-97	1
39131	3348	-84	1
39146	3303	-59	1
39161	3267	-24	1
39181	3254	5	1
39186	3254	15	1
39201	3262	2	1
39216	3262	-23	1
39231	3254	-53	1
39246	3226	-76	1
39261	3182	-87	1
39276	3132	-89	1
39291	3082	-92	1
39296	3033	-97	1
39311	2979	-99	1
39326	2920	-103	1
39341	2862	-103	1
39357	2804	-103	1
39372	2750	-104	1
39388	2691	-104	1
39393	2632	-99	1
39408	2574	-94	1
39423	2520	-91	1
39438	2470	-89	1
39453	2421	-80	1
39468	2376	-61	1
39483	2340	-38	1
39498	2322	-15	1
39503	2313	8	1
39518	2313	9	1
39533	2318	-11	1
39548	2313	-39	1
39563	2295	-63	1
39578	2259	-82	1
39593	2210	-92	1
39598	2160	-86	1
39613	2110	-79	1
39628	2066	-79	1
39643	2020	-88	1
39658	1971	-93	1
39673	1922	-91	1
39693	1868	-92	1
39698	1818	-72	1
39714	1778	-39	1
39729	1755	-11	1
39744	1750	-2	1
39759	1746	-12	1
39774	1742	-32	1
39789	1724	-53	1
39804	1692	-64	1
39809	1656	-73	1
39824	1616	-82	1
39839	1570	-92	1
39854	1516	-107	1
39869	1458	-112	1
39884	1395	-107	1
39899	1336	-85	1
39904	1287	-54	1
39919	1256	-11	1
39934	1251	21	1
39949	1260	24	1
39964	1274	-2	1
39979	1274	-40	1
39994	1251	-70	1
39999	1215	-83	1
40014	1166	-94	1
40029	1112	-94	1
40044	1062	-71	1
40059	1022	-47	1
40074	994	-25	1
40094	981	-23	1
40109	968	-31	1
40114	950	-45	1
40129	922	-62	1
40144	891	-76	1
40159	846	-79	1
40174	801	-68	1
40189	765	-39	1
40204	742	-8	1
40210	738	7	1
40225	738	1	1
40240	738	-17	1
40255	734	-33	1
40270	716	-48	1
40285	688	-57	1
40300	657	-63	1
40315	621	-64	1
40320	585	-69	1
40335	544	-80	1
40350	500	-88	1
40365	450	-89	1
40380	400	-89	1
40395	351	-93	1
40410	297	-94	1
40415	243	-90	1
40430	194	-94	1
40445	140	-97	1
40460	86	-94	1
40475	36	-82	1
40491	3586	-54	1
40506	3560	-17	1
40512	3546	20	1
40528	3555	35	1
40544	3573	31	1
40559	3591	11	1
40574	0	-21	1
40589	3591	-55	1
40604	3560	-77	1
40619	3514	-90	1
40624	3465	-94	1
40639	3411	-99	1
40654	3357	-108	1
40669	3298	-118	1
40684	3231	-120	1
40699	3164	-111	1
40714	3100	-102	1
40719	3042	-101	1
40734	2988	-102	1
40749	2930	-96	1
40764	2876	-96	1
40779	2822	-101	1
40794	2763	-100	1
40809	2709	-98	1
40814	2650	-98	1
40829	2596	-103	1
40844	2538	-102	1
40859	2484	-101	1
40874	2426	-103	1
40889	2367	-99	1
40909	2313	-93	1
40924	2259	-94	1
40929	2205	-97	1
40944	2151	-98	1
40959	2097	-101	1
40974	2038	-108	1
40989	1980	-111	1
41004	1917	-109	1
41020	1854	-107	1
41025	1796	-106	1
41040	1737	-100	1
41055	1678	-90	1
41071	1629	-81	1
41086	1584	-67	1
41101	1544	-34	1
41116	1526	8	1
41131	1526	32	1
41136	1544	34	1
41151	1566	19	1
41166	1575	-21	1
41181	1566	-59	1
41196	1534	-85	1
41211	1485	-99	1
41226	1431	-107	1
41231	1368	-107	1
41246	1310	-101	1
41261	1251	-99	1
41276	1197	-104	1
41291	1138	-107	1
41306	1080	-110	1
41326	1017	-113	1
41331	954	-117	1
41346	886	-114	1
41361	824	-109	1
41376	760	-102	1
41391	706	-95	1
41406	652	-94	1
41421	598	-97	1
41436	544	-104	1
41441	486	-99	1
41456	428	-95	1
41471	378	-97	1
41486	320	-96	1
41501	266	-104	1
41516	207	-106	1
41531	148	-108	1
41536	90	-105	1
41551	32	-103	1
41566	3573	-106	1
41581	3510	-111	1
41596	3452	-114	1
41611	3384	-114	1
41626	3321	-116	1
41646	3258	-114	1
41651	3190	-110	1
41666	3132	-104	1
41681	3074	-101	1
41696	3015	-102	1
41711	2956	-104	1
41726	2898	-107	1
41741	2840	-107	1
41746	2776	-105	1
41761	2718	-107	1
41776	2660	-106	1
41792	2601	-100	1
41808	2542	-98	1
41824	2488	-103	1
41840	2430	-103	1
41845	2372	-98	1
41860	2318	-98	1
41875	2264	-107	1
41890	2200	-112	1
41905	2138	-113	1
41920	2074	-112	1
41936	2012	-104	1
41951	1953	-77	1
41956	1912	-48	1
41971	1886	-16	1
41986	1876	-1	1
42001	1872	-5	1
42016	1872	-29	1
42031	1854	-57	1
42046	1822	-78	1
42051	1778	-94	1
42066	1728	-109	1
42082	1665	-118	1
42097	1598	-113	1
42112	1534	-110	1
42127	1472	-117	1
42142	1408	-120	1
42147	1341	-118	1
42162	1274	-115	1
42177	1210	-124	1
42192	1138	-128	1
42207	1066	-126	1
42222	994	-121	1
42237	927	-118	1
42252	860	-117	1
42257	796	-118	1
42272	729	-115	1
42287	666	-115	1
42302	598	-113	1
42317	536	-116	1
42332	472	-116	1
42347	405	-112	1
42352	342	-107	1
42367	284	-113	1
42382	220	-113	1
42398	158	-104	1
42413	99	-101	1
42428	40	-107	1
42444	3582	-111	1
42459	3519	-112	1
42464	3456	-116	1
42479	3388	-123	1
42494	3321	-118	1
42509	3254	-117	1
42524	3186	-116	1
42539	3123	-112	1
42555	3060	-103	1
42560	3002	-98	1
42575	2948	-78	1
42590	2902	-42	1
42605	2880	-7	1
42620	2876	2	1
42635	2876	-17	1
42650	2866	-45	1
42655	2840	-70	1
42670	2804	-89	1
42685	2754	-95	1
42700	2700	-89	1
42715	2650	-81	1
42732	2601	-70	1
42747	2565	-56	1
42762	2534	-51	1
42767	2502	-57	1
42782	2470	-66	1
42797	2434	-78	1
42812	2390	-96	1
42827	2336	-116	1
42842	2272	-114	1
42862	2205	-112	1
42867	2142	-108	1
42883	2084	-111	1
42898	2020	-111	1
42913	1958	-109	1
42928	1899	-106	1
42943	1836	-106	1
42958	1778	-101	1
42963	1719	-76	1
42978	1678	-40	1
42993	1656	-5	1
43008	1652	3	1
43023	1652	-12	1
43038	1647	-35	1
43053	1629	-61	1
43068	1593	-88	1
43073	1544	-99	1
43088	1490	-98	1
43104	1436	-94	1
43119	1382	-97	1
43134	1328	-103	1
43149	1269	-103	1
43164	1210	-95	1
43169	1156	-76	1
43184	1116	-52	1
43199	1084	-39	1
43214	1062	-45	1
43229	1040	-59	1
43244	1004	-75	1
43259	963	-99	1
43274	904	-120	1
43280	837	-125	1
43296	770	-115	1
43312	702	-117	1
43328	639	-123	1
43343	567	-115	1
43358	504	-108	1
43373	446	-97	1
43378	387	-80	1
43393	342	-55	1
43408	315	-33	1
43423	292	-23	1
43438	284	-33	1
43453	261	-62	1
43468	230	-93	1
43473	176	-116	1
43488	112	-131	1
43503	36	-146	1
43518	3555	-154	1
43533	3470	-140	1
43549	3388	-116	1
43564	3326	-91	1
43579	3272	-67	1
43584	3236	-38	1
43599	3213	-22	1
43614	3200	-24	1
43629	3186	-36	1
43644	3168	-55	1
43659	3136	-80	1
43674	3092	-104	1
43679	3033	-113	1
43694	2970	-113	1
43709	2907	-115	1
43724	2840	-106	1
43739	2781	-101	1
43754	2727	-96	1
43769	2673	-102	1
43789	2614	-102	1
43794	2556	-99	1
43809	2502	-105	1
43824	2444	-110	1
43839	2380	-109	1
43854	2318	-109	1
43869	2259	-103	1
43884	2200	-102	1
43889	2142	-98	1
43904	2088	-100	1
43919	2030	-103	1
43934	1971	-102	1
43949	1917	-103	1
43964	1858	-107	1
43979	1796	-93	1
43984	1746	-69	1
43999	1706	-38	1
44014	1683	-17	1
44029	1674	-10	1
44044	1670	-17	1
44059	1660	-36	1
44074	1638	-62	1
44089	1606	-85	1
44094	1557	-99	1
44109	1503	-111	1
44124	1440	-116	1
44139	1372	-121	1
44154	1305	-129	1
44169	1233	-128	1
44189	1161	-122	1
44194	1094	-118	1
44209	1026	-119	1
44224	958	-115	1
44239	896	-112	1
44254	832	-113	1
44269	770	-113	1
44284	702	-110	1
44289	644	-107	1
44304	580	-110	1
44319	522	-114	1
44334	454	-114	1
44349	392	-114	1
44364	328	-118	1
44379	261	-111	1
44394	198	-106	1
44399	140	-114	1
44414	76	-120	1
44429	9	-117	1
44445	3542	-114	1
44460	3478	-123	1
44475	3406	-126	1
44490	3339	-117	1
44495	3272	-114	1
44510	3208	-122	1
44525	3141	-127	1
44540	3069	-122	1
44555	2997	-116	1
44570	2934	-115	1
44585	2871	-116	1
44605	2804	-113	1
44610	2740	-120	1
44625	2673	-117	1
44640	2606	-114	1
44655	2542	-118	1
44670	2475	-118	1
44685	2412	-122	1
44700	2340	-131	1
44705	2268	-143	1
44720	2187	-150	1
44735	2102	-146	1
44750	2020	-141	1
44766	1940	-138	1
44781	1863	-132	1
44796	1791	-128	1
44801	1719	-124	1
44816	1647	-120	1
44831	1580	-118	1
44846	1512	-115	1
44861	1449	-118	1
44877	1382	-117	1
44892	1318	-110	1
44907	1256	-116	1
44912	1188	-118	1
44927	1125	-120	1
44942	1058	-120	1
44957	990	-123	1
44972	918	-125	1
44987	850	-130	1
45002	774	-135	1
45007	702	-140	1
45022	621	-142	1
45037	540	-147	1
45052	459	-152	1
45067	374	-151	1
45082	288	-139	1
45097	212	-132	1
45102	135	-139	1
45117	58	-140	1
45132	3578	-131	1
45147	3506	-131	1
45162	3434	-133	1
45177	3357	-134	1
45197	3280	-127	1
45212	3208	-129	1
45217	3136	-125	1
45232	3069	-125	1
45247	2997	-124	1
45262	2925	-121	1
45277	2858	-120	1
45292	2790	-122	1
45307	2722	-129	1
45312	2650	-134	1
45327	2574	-136	1
45342	2498	-142	1
45357	2416	-143	1
45372	2340	-140	1
45387	2259	-135	1
45402	2182	-129	1
45417	2110	-128	1
45422	2038	-126	1
45437	1966	-127	1
45452	1894	-129	1
45467	1822	-125	1
45482	1755	-117	1
45497	1688	-113	1
45518	1624	-112	1
45523	1562	-107	1
45538	1503	-103	1
45554	1444	-107	1
45569	1382	-108	1
45584	1323	-102	1
45599	1264	-93	1
45615	1210	-94	1
45620	1161	-97	1
45635	1107	-100	1
45650	1048	-97	1
45665	994	-100	1
45681	936	-102	1
45696	882	-100	1
45711	824	-102	1
45726	765	-98	1
45731	711	-99	1
45746	657	-100	1
45761	598	-102	1
45777	544	-103	1
45792	486	-102	1
45807	428	-104	1
45822	369	-105	1
45827	310	-102	1
45842	252	-99	1
45857	198	-102	1
45873	140	-106	1
45888	81	-110	1
45903	18	-109	1
45918	3555	-107	1
45933	3496	-103	1
45938	3438	-104	1
45953	3380	-103	1
45968	3321	-98	1
45984	3267	-93	1
46000	3213	-96	1
46016	3159	-95	1
46032	3105	-97	1
46038	3051	-98	1
46054	2997	-99	1
46069	2943	-95	1
46085	2889	-90	1
46101	2840	-91	1
46116	2786	-93	1
46131	2736	-91	1
46136	2682	-92	1
46151	2632	-96	1
46166	2578	-90	1
46181	2524	-86	1
46196	2480	-82	1
46211	2430	-89	1
46226	2380	-91	1
46241	2331	-91	1
46246	2282	-97	1
46261	2223	-102	1
46276	2169	-102	1
46291	2110	-99	1
46306	2056	-102	1
46321	1998	-100	1
46336	1940	-99	1
46341	1886	-98	1
46356	1832	-96	1
46371	1778	-96	1
46386	1724	-99	1
46401	1665	-98	1
46416	1611	-96	1
46431	1557	-93	1
46436	1503	-98	1
46451	1449	-100	1
46466	1395	-94	1
46481	1341	-93	1
46496	1287	-96	1
46511	1233	-99	1
46526	1179	-95	1
46541	1125	-92	1
46546	1076	-100	1
46561	1017	-108	1
46576	958	-113	1
46591	891	-117	1
46606	828	-114	1
46621	765	-108	1
46636	702	-104	1
46641	644	-102	1
46656	585	-102	1
46671	531	-102	1
46686	472	-107	1
46701	410	-108	1
46716	351	-102	1
46731	292	-103	1
46746	234	-106	1
46751	176	-109	1
46766	112	-108	1
46781	54	-115	1
46796	3591	-122	1
46811	3519	-116	1
46826	3456	-106	1
46841	3398	-97	1
46846	3339	-94	1
46861	3290	-89	1
46876	3240	-87	1
46891	3190	-85	1
46906	3141	-85	1
46921	3092	-81	1
46941	3046	-73	1
46946	3006	-73	1
46961	2966	-76	1
46976	2925	-84	1
46991	2876	-95	1
47006	2822	-108	1
47021	2763	-109	1
47036	2700	-108	1
47051	2642	-104	1
47056	2583	-97	1
47071	2524	-91	1
47086	2475	-94	1
47101	2421	-83	1
47116	2376	-78	1
47131	2331	-78	1
47146	2286	-83	1
47151	2241	-83	1
47166	2196	-84	1
47181	2146	-88	1
47196	2097	-95	1
47211	2043	-104	1
47226	1984	-108	1
47241	1926	-111	1
47262	1863	-111	1
47267	1800	-114	1
47282	1737	-115	1
47297	1670	-109	1
47312	1611	-98	1
47327	1557	-93	1
47342	1503	-93	1
47357	1449	-92	1
47362	1400	-84	1
47377	1350	-78	1
47392	1310	-78	1
47407	1264	-79	1
47422	1220	-75	1
47437	1179	-70	1
47452	1138	-69	1
47457	1098	-67	1
47473	1062	-63	1
47489	1026	-64	1
47504	990	-65	1
47519	954	-66	1
47534	918	-65	1
47549	878	-62	1
47564	846	-63	1
47569	810	-63	1
47584	774	-66	1
47599	738	-75	1
47614	693	-91	1
47629	644	-101	1
47644	585	-103	1
47660	526	-104	1
47665	468	-101	1
47680	414	-97	1
47695	360	-92	1
47710	306	-89	1
47725	256	-90	1
47740	207	-92	1
47755	153	-87	1
47760	104	-84	1
47775	58	-88	1
47790	9	-89	1
47805	3560	-87	1
47820	3510	-86	1
47835	3460	-88	1
47850	3411	-95	1
47865	3357	-102	1
47870	3303	-108	1
47885	3240	-111	1
47900	3177	-108	1
47915	3118	-105	1
47930	3060	-103	1
47945	3002	-99	1
47965	2943	-95	1
47970	2889	-94	1
47985	2840	-92	1
48000	2786	-86	1
48015	2736	-79	1
48031	2696	-79	1
48046	2650	-77	1
48061	2606	-74	1
48076	2565	-74	1
48081	2524	-75	1
48096	2480	-81	1
48111	2434	-79	1
48126	2390	-80	1
48141	2344	-80	1
48156	2300	-85	1
48171	2254	-89	1
48176	2200	-89	1
48191	2151	-85	1
48206	2106	-85	1
48221	2056	-88	1
48236	2007	-87	1
48251	1958	-82	1
48266	1912	-80	1
48271	1868	-82	1
48286	1822	-79	1
48301	1778	-77	1
48316	1732	-80	1
48331	1688	-82	1
48346	1642	-85	1
48361	1593	-92	1
48381	1544	-102	1
48386	1485	-105	1
48401	1426	-99	1
48416	1372	-94	1
48431	1318	-94	1
48446	1264	-96	1
48461	1210	-95	1
48476	1156	-97	1
48481	1102	-105	1
48496	1044	-107	1
48511	986	-106	1
48526	922	-103	1
48541	864	-102	1
48556	810	-98	1
48571	752	-91	1
48576	702	-87	1
48591	652	-81	1
48606	608	-80	1
48621	562	-85	1
48636	513	-92	1
48651	464	-93	1
48666	410	-103	1
48681	351	-109	1
48686	292	-113	1
48701	230	-117	1
48716	162	-116	1
48731	99	-113	1
48746	32	-111	1
48761	3573	-109	1
48782	3510	-104	1
48787	3452	-97	1
48802	3398	-97	1
48817	3344	-101	1
48833	3285	-110	1
48849	3222	-120	1
48864	3154	-121	1
48880	3087	-120	1
48896	3020	-119	1
48901	2952	-113	1
48917	2889	-115	1
48932	2826	-123	1
48947	2754	-125	1
48962	2686	-121	1
48977	2619	-118	1
48993	2552	-114	1
48999	2488	-110	1
49014	2426	-111	1
49029	2362	-115	1
49044	2300	-109	1
49059	2236	-105	1
49074	2178	-105	1
49089	2120	-102	1
49094	2061	-92	1
49109	2012	-93	1
49124	1958	-97	1
49139	1904	-100	1
49154	1845	-97	1
49169	1791	-91	1
49184	1742	-92	1
49199	1688	-94	1
49204	1638	-97	1
49219	1580	-95	1
49234	1530	-99	1
49249	1472	-104	1
49264	1413	-105	1
49279	1354	-105	1
49294	1296	-111	1
49299	1233	-119	1
49314	1166	-122	1
49329	1098	-121	1
49344	1030	-112	1
49359	968	-106	1
49374	909	-108	1
49389	846	-102	1
49404	788	-92	1
49409	738	-91	1
49424	684	-94	1
49439	634	-98	1
49454	576	-102	1
49469	522	-104	1
49484	464	-102	1
49499	405	-101	1
49504	346	-100	1
49519	292	-96	1
49534	238	-91	1
49549	184	-89	1
49564	135	-98	1
49579	81	-108	1
49594	22	-117	1
49599	3555	-121	1
49614	3488	-123	1
49629	3416	-128	1
49644	3344	-118	1
49659	3280	-107	1
49674	3218	-102	1
49689	3164	-100	1
49709	3105	-107	1
49714	3046	-110	1
49729	2984	-114	1
49744	2920	-110	1
49759	2858	-109	1
49774	2794	-109	1
49789	2736	-105	1
49804	2678	-97	1
49809	2619	-95	1
49824	2570	-98	1
49839	2511	-100	1
49854	2457	-100	1
49869	2398	-99	1
49884	2344	-97	1
49899	2290	-99	1
49904	2232	-99	1
49919	2178	-93	1
49934	2124	-87	1
49949	2079	-90	1
49964	2025	-89	1
49979	1976	-87	1
49994	1926	-80	1
50010	1881	-80	1
50015	1836	-81	1
50030	1791	-82	1
50045	1746	-84	1
50060	1696	-88	1
50075	1647	-91	1
50090	1598	-88	1
50106	1548	-83	1
50111	1503	-82	1
50127	1454	-81	1
50143	1408	-72	1
50159	1368	-73	1
50175	1328	-82	1
50191	1282	-83	1
50207	1238	-82	1
50223	1188	-80	1
50228	1143	-80	1
50243	1098	-80	1
50258	1053	-79	1
50274	1008	-78	1
50289	968	-78	1
50304	922	-74	1
50319	882	-74	1
50324	837	-82	1
50339	792	-82	1
50354	747	-82	1
50369	702	-85	1
50384	652	-88	1
50399	603	-88	1
50414	554	-83	1
50419	508	-80	1
50434	464	-78	1
50450	418	-80	1
50465	374	-89	1
50480	324	-92	1
50495	270	-93	1
50510	220	-92	1
50525	166	-90	1
50530	117	-88	1
50545	68	-81	1
50560	22	-80	1
50575	3578	-84	1
50590	3528	-86	1
50605	3483	-87	1
50620	3434	-88	1
50625	3384	-90	1
50640	3330	-86	1
50655	3285	-88	1
50670	3236	-86	1
50685	3186	-80	1
50700	3141	-76	1
50715	3096	-83	1
50720	3051	-85	1
50735	3002	-81	1
50750	2956	-77	1
50765	2916	-81	1
50780	2871	-89	1
50795	2817	-89	1
50811	2768	-91	1
50827	2718	-97	1
50832	2664	-100	1
50847	2606	-94	1
50862	2556	-89	1
50878	2502	-86	1
50893	2457	-87	1
50908	2408	-77	1
50923	2362	-71	1
50928	2322	-73	1
50943	2282	-72	1
50958	2241	-78	1
50973	2196	-77	1
50988	2156	-77	1
51003	2110	-79	1
51018	2066	-85	1
51033	2020	-90	1
51038	1966	-93	1
51053	1917	-102	1
51068	1858	-111	1
51083	1796	-114	1
51098	1732	-112	1
51113	1670	-106	1
51133	1611	-103	1
51138	1552	-96	1
51153	1498	-95	1
51168	1444	-97	1
51183	1390	-97	1
51198	1336	-101	1
51213	1278	-112	1
51228	1215	-111	1
51233	1152	-103	1
51248	1094	-102	1
51263	1040	-106	1
51278	976	-115	1
51294	914	-110	1
51309	850	-112	1
51324	788	-118	1
51339	720	-124	1
51344	652	-123	1
51360	585	-116	1
51375	518	-107	1
51390	459	-108	1
51405	396	-105	1
51420	338	-105	1
51435	279	-102	1
51440	220	-101	1
51455	166	-106	1
51470	104	-105	1
51485	45	-95	1
51500	3591	-91	1
51515	3542	-91	1
51530	3492	-94	1
51545	3438	-98	1
51551	3384	-109	1
51567	3321	-123	1
51583	3254	-125	1
51599	3182	-121	1
51615	3114	-112	1
51632	3051	-105	1
51648	2992	-107	1
51653	2930	-109	1
51668	2871	-118	1
51683	2804	-118	1
51698	2736	-124	1
51713	2668	-130	1
51728	2592	-133	1
51743	2520	-129	1
51748	2448	-130	1
51763	2372	-130	1
51778	2300	-125	1
51793	2232	-118	1
51808	2164	-120	1
51823	2097	-124	1
51838	2025	-118	1
51853	1962	-113	1
51858	1894	-114	1
51874	1832	-113	1
51889	1768	-111	1
51904	1706	-108	1
51919	1647	-108	1
51934	1584	-103	1
51950	1526	-97	1
51955	1472	-97	1
51970	1418	-99	1
51985	1364	-105	1
52000	1305	-116	1
52015	1238	-125	1
52030	1166	-130	1
52045	1094	-127	1
52050	1022	-123	1
52065	954	-120	1
52080	886	-117	1
52095	819	-117	1
52110	756	-116	1
52125	688	-111	1
52140	626	-108	1
52155	567	-108	1
52160	504	-107	1
52175	446	-99	1
52190	392	-96	1
52205	338	-102	1
52220	279	-110	1
52235	216	-108	1
52250	158	-109	1
52256	94	-117	1
52271	27	-119	1
52286	3560	-121	1
52301	3492	-119	1
52316	3424	-114	1
52332	3362	-112	1
52347	3298	-115	1
52362	3236	-120	1
52367	3168	-115	1
52382	3100	-107	1
52397	3042	-107	1
52412	2984	-109	1
52427	2920	-106	1
52442	2862	-104	1
52457	2804	-100	1
52462	2745	-101	1
52477	2691	-99	1
52492	2632	-96	1
52507	2578	-97	1
52522	2524	-99	1
52538	2470	-104	1
52553	2412	-107	1
52558	2349	-111	1
52573	2290	-114	1
52588	2223	-117	1
52603	2160	-121	1
52618	2092	-117	1
52633	2025	-114	1
52653	1962	-113	1
52668	1899	-107	1
52673	1836	-107	1
52688	1778	-116	1
52703	1710	-118	1
52718	1647	-111	1
52733	1584	-107	1
52749	1521	-110	1
52764	1462	-113	1
52769	1395	-103	1
52784	1341	-94	1
52799	1287	-99	1
52814	1228	-100	1
52829	1174	-102	1
52844	1116	-102	1
52859	1058	-102	1
52874	1004	-101	1
52879	945	-94	1
52895	891	-97	1
52911	837	-96	1
52926	783	-93	1
52941	734	-93	1
52956	680	-94	1
52971	626	-94	1
52976	572	-96	1
52991	518	-103	1
53006	464	-104	1
53021	405	-97	1
53036	346	-95	1
53051	297	-96	1
53066	243	-93	1
53071	189	-89	1
53086	140	-99	1
53101	81	-109	1
53116	22	-115	1
53131	3555	-125	1
53146	3488	-129	1
53161	3416	-125	1
53176	3344	-116	1
53181	3280	-111	1
53196	3218	-108	1
53211	3154	-105	1
53226	3096	-106	1
53241	3038	-109	1
53256	2974	-111	1
53276	2912	-112	1
53281	2848	-120	1
53296	2781	-124	1
53311	2714	-117	1
53326	2646	-107	1
53341	2588	-108	1
53356	2524	-116	1
53371	2462	-113	1
53376	2398	-113	1
53391	2336	-123	1
53406	2264	-131	1
53421	2192	-135	1
53436	2115	-136	1
53451	2038	-138	1
53466	1962	-137	1
53481	1886	-137	1
53486	1804	-140	1
53501	1728	-138	1
53516	1652	-140	1
53531	1570	-144	1
53546	1490	-147	1
53561	1408	-140	1
53581	1328	-134	1
53586	1256	-133	1
53601	1179	-129	1
53616	1107	-124	1
53631	1035	-125	1
53646	968	-123	1
53661	896	-119	1
53676	828	-117	1
53691	765	-118	1
53696	698	-119	1
53711	630	-119	1
53726	562	-128	1
53741	490	-143	1
53756	410	-148	1
53771	328	-144	1
53786	248	-140	1
53791	166	-138	1
53806	90	-133	1
53821	18	-126	1
53836	3546	-128	1
53851	3474	-131	1
53866	3398	-123	1
53881	3330	-118	1
53886	3262	-116	1
53901	3200	-114	1
53916	3136	-112	1
53931	3074	-113	1
53946	3006	-110	1
53961	2948	-109	1
53981	2884	-114	1
53996	2822	-116	1
54001	2754	-113	1
54016	2691	-110	1
54031	2628	-112	1
54046	2565	-112	1
54061	2502	-111	1
54076	2444	-110	1
54091	2380	-108	1
54096	2318	-103	1
54111	2259	-99	1
54127	2205	-98	1
54142	2151	-97	1
54157	2097	-97	1
54172	2043	-99	1
54188	1984	-105	1
54193	1926	-103	1
54208	1868	-96	1
54223	1814	-95	1
54238	1760	-103	1
54253	1701	-104	1
54268	1642	-98	1
54283	1588	-103	1
54298	1530	-102	1
54303	1476	-99	1
54319	1418	-92	1
54335	1368	-100	1
54351	1310	-98	1
54367	1256	-97	1
54383	1202	-100	1
54399	1143	-105	1
54404	1084	-106	1
54420	1026	-103	1
54436	968	-105	1
54452	909	-107	1
54468	850	-107	1
54483	788	-108	1
54498	729	-118	1
54513	662	-127	1
54518	590	-134	1
54533	513	-137	1
54548	436	-137	1
54563	360	-129	1
54578	288	-122	1
54593	220	-114	1
54608	153	-110	1
54613	94	-110	1
54628	32	-112	1
54643	3568	-114	1
54658	3506	-109	1
54673	3442	-109	1
54688	3380	-114	1
54703	3316	-117	1
54708	3254	-124	1
54723	3182	-134	1
54738	3105	-142	1
54753	3028	-140	1
54768	2948	-138	1
54783	2871	-138	1
54799	2794	-143	1
54814	2714	-138	1
54819	2632	-131	1
54834	2560	-129	1
54849	2488	-129	1
54864	2416	-125	1
54879	2344	-124	1
54894	2277	-126	1
54909	2205	-125	1
54914	2133	-124	1
54929	2066	-129	1
54944	1994	-125	1
54960	1922	-121	1
54975	1854	-122	1
54990	1786	-122	1
55005	1714	-117	1
55020	1652	-117	1
55025	1584	-125	1
55040	1516	-134	1
55055	1440	-138	1
55070	1364	-137	1
55085	1282	-137	1
55100	1206	-135	1
55115	1130	-129	1
55120	1058	-125	1
55135	990	-128	1
55150	918	-129	1
55165	846	-126	1
55180	774	-124	1
55195	702	-125	1
55210	634	-130	1
55215	558	-139	1
55230	482	-138	1
55245	405	-126	1
55260	333	-114	1
55275	270	-120	1
55290	202	-124	1
55305	130	-117	1
55325	68	-112	1
55330	4	-116	1
55345	3537	-120	1
55360	3470	-119	1
55375	3402	-117	1
55390	3339	-115	1
55405	3272	-115	1
55420	3208	-115	1
55425	3146	-123	1
55440	3074	-135	1
55455	2997	-147	1
55470	2916	-150	1
55485	2830	-149	1
55500	2750	-146	1
55515	2664	-137	1
55520	2588	-128	1
55535	2516	-124	1
55550	2448	-117	1
55565	2380	-117	1
55580	2313	-120	1
55595	2246	-119	1
55610	2182	-118	1
55625	2115	-126	1
55630	2043	-133	1
55645	1966	-140	1
55660	1890	-144	1
55675	1809	-146	1
55690	1728	-142	1
55705	1647	-139	1
55721	1570	-137	1
55727	1490	-131	1
55743	1418	-124	1
55759	1350	-121	1
55775	1278	-129	1
55790	1206	-126	1
55805	1138	-121	1
55820	1066	-125	1
55835	999	-140	1
55840	918	-148	1
55855	837	-142	1
55870	756	-137	1
55885	680	-133	1
55900	603	-125	1
55915	536	-117	1
55931	468	-114	1
55936	405	-122	1
55951	338	-130	1
55966	261	-134	1
55981	189	-131	1
55996	112	-125	1
56011	45	-125	1
56026	3573	-123	1
56031	3506	-115	1
56046	3438	-111	1
56061	3375	-119	1
56076	3308	-134	1
56091	3236	-140	1
56106	3154	-141	1
56121	3078	-140	1
56136	2997	-139	1
56141	2920	-136	1
56156	2844	-128	1
56171	2772	-120	1
56186	2704	-119	1
56201	2637	-124	1
56216	2565	-120	1
56236	2498	-112	1
56241	2434	-108	1
56256	2376	-113	1
56271	2313	-118	1
56286	2246	-116	1
56301	2178	-113	1
56316	2115	-113	1
56331	2052	-119	1
56336	1984	-121	1
56351	1917	-116	1
56366	1854	-111	1
56381	1791	-112	1
56396	1728	-116	1
56411	1660	-114	1
56426	1598	-107	1
56441	1539	-105	1
56446	1480	-104	1
56461	1422	-103	1
56476	1364	-107	1
56491	1300	-111	1
56506	1238	-117	1
56521	1174	-126	1
56541	1102	-133	1
56546	1026	-140	1
56561	950	-139	1
56576	873	-131	1
56591	796	-127	1
56606	724	-120	1
56621	657	-114	1
56636	594	-109	1
56651	531	-112	1
56656	468	-114	1
56671	405	-109	1
56687	346	-105	1
56702	284	-106	1
56717	225	-106	1
56732	166	-107	1
56747	108	-103	1
56752	50	-103	1
56767	3591	-105	1
56782	3532	-105	1
56797	3474	-100	1
56812	3416	-95	1
56827	3362	-96	1
56842	3308	-98	1
56847	3254	-96	1
56862	3200	-94	1
56877	3146	-93	1
56892	3096	-94	1
56907	3042	-98	1
56922	2988	-99	1
56938	2930	-100	1
56953	2876	-103	1
56958	2817	-103	1
56973	2758	-103	1
56988	2700	-105	1
57003	2642	-103	1
57018	2583	-103	1
57033	2524	-105	1
57048	2466	-110	1
57053	2403	-103	1
57068	2344	-101	1
57083	2290	-104	1
57099	2232	-108	1
57114	2169	-108	1
57129	2110	-103	1
57145	2052	-97	1
57161	1998	-104	1
57166	1940	-103	1
57181	1881	-102	1
57196	1822	-106	1
57211	1764	-108	1
57226	1701	-105	1
57241	1642	-100	1
57256	1588	-103	1
57261	1530	-107	1
57276	1472	-106	1
57291	1408	-112	1
57307	1346	-113	1
57322	1282	-109	1
57337	1224	-107	1
57352	1161	-107	1
57357	1102	-108	1
57372	1040	-113	1
57387	976	-111	1
57403	914	-112	1
57418	850	-121	1
57433	783	-122	1
57448	716	-114	1
57468	652	-114	1
57473	585	-123	1
57488	518	-135	1
57503	441	-141	1
57518	364	-136	1
57533	288	-137	1
57548	207	-142	1
57563	130	-142	1
57568	50	-139	1
57583	3573	-141	1
57598	3492	-157	1
57613	3402	-162	1
57628	3312	-151	1
57643	3226	-144	1
57658	3146	-142	1
57663	3064	-141	1
57678	2988	-126	1
57693	2916	-124	1
57708	2848	-125	1
57723	2776	-127	1
57738	2704	-122	1
57753	2637	-115	1
57768	2570	-116	1
57773	2506	-114	1
57788	2444	-118	1
57804	2376	-122	1
57819	2308	-120	1
57834	2241	-123	1
57849	2169	-130	1
57869	2097	-135	1
57874	2020	-131	1
57889	1948	-128	1
57904	1876	-122	1
57919	1809	-123	1
57934	1737	-120	1
57949	1670	-115	1
57964	1606	-114	1
57979	1544	-119	1
57984	1476	-126	1
57999	1404	-132	1
58014	1328	-128	1
58029	1256	-124	1
58044	1188	-123	1
58059	1120	-124	1
58074	1048	-115	1
58079	986	-113	1
58094	922	-117	1
58109	855	-122	1
58124	788	-119	1
58139	720	-116	1
58154	652	-112	1
58169	590	-109	1
58174	531	-109	1
58189	468	-107	1
58204	410	-102	1
58219	351	-101	1
58234	292	-108	1
58249	234	-113	1
58269	171	-112	1
58284	108	-115	1
58289	40	-123	1
58304	3573	-132	1
58319	3496	-130	1
58334	3424	-127	1
58349	3352	-136	1
58364	3276	-147	1
58379	3195	-148	1
58384	3110	-135	1
58399	3038	-125	1
58414	2966	-121	1
58429	2898	-116	1
58444	2830	-115	1
58459	2768	-114	1
58474	2704	-114	1
58479	2637	-115	1
58495	2574	-116	1
58511	2511	-111	1
58527	2448	-104	1
58543	2390	-108	1
58559	2326	-115	1
58574	2264	-116	1
58589	2196	-112	1
58594	2133	-105	1
58609	2074	-105	1
58624	2016	-103	1
58639	1958	-104	1
58654	1899	-104	1
58669	1840	-106	1
58684	1782	-106	1
58689	1724	-107	1
58704	1660	-105	1
58719	1602	-97	1
58734	1548	-95	1
58749	1494	-104	1
58764	1436	-103	1
58779	1377	-96	1
58794	1323	-92	1
58799	1274	-98	1
58814	1220	-99	1
58829	1161	-93	1
58844	1112	-91	1
58859	1058	-91	1
58874	1008	-99	1
58889	950	-102	1
58894	896	-99	1
58909	837	-95	1
58924	783	-95	1
58939	734	-101	1
58954	675	-101	1
58969	616	-99	1
58984	562	-98	1
58989	508	-103	1
59004	450	-106	1
59019	392	-101	1
59034	333	-99	1
59049	279	-97	1
59064	220	-95	1
59084	171	-97	1
59099	112	-97	1
59104	58	-96	1
59119	4	-96	1
59134	3550	-106	1
59149	3492	-111	1
59164	3429	-109	1
59179	3370	-114	1
59194	3303	-125	1
59199	3236	-126	1
59214	3164	-119	1
59229	3096	-113	1
59244	3033	-118	1
59259	2966	-113	1
59274	2902	-112	1
59289	2840	-113	1
59305	2776	-114	1
59310	2714	-117	1
59325	2646	-119	1
59340	2578	-119	1
59355	2511	-112	1
59370	2448	-109	1
59385	2390	-114	1
59405	2322	-126	1
59410	2254	-129	1
59425	2182	-132	1
59440	2106	-138	1
59455	2030	-136	1
59470	1953	-128	1
59485	1881	-121	1
59500	1814	-118	1
59505	1746	-119	1
59520	1678	-121	1
59535	1611	-125	1
59550	1539	-127	1
59565	1467	-125	1
59580	1400	-139	1
59595	1318	-148	1
59610	1238	-140	1
59615	1156	-135	1
59630	1084	-138	1
59645	1004	-138	1
59660	927	-127	1
59675	855	-121	1
59690	788	-119	1
59705	720	-118	1
59710	652	-120	1
59725	585	-119	1
59740	522	-121	1
59755	450	-120	1
59771	382	-128	1
59786	310	-138	1
59801	234	-144	1
59806	153	-140	1
59821	76	-133	1
59836	0	-134	1
59851	3524	-132	1
59866	3452	-127	1
59881	3380	-131	1
59896	3308	-140	1
59916	3226	-145	1
59921	3146	-143	1
59936	3064	-139	1
59951	2988	-129	1
59966	2916	-124	1
59981	2844	-126	2
59996	2772	-122	2
60011	3532	-110	2
60016	3470	-108	2
60031	3411	-119	2
60046	3344	-127	2
60061	3272	-130	2
60076	3200	-136	2
60091	3123	-147	2
60106	3038	-146	2
60121	2956	-136	2
60126	2880	-129	2
60141	2808	-119	2
60156	2740	-110	2
60172	2678	-99	2
60187	2624	-87	2
60202	2574	-74	2
60217	2534	-65	2
60222	2498	-57	2
60237	2466	-43	2
60252	2439	-22	2
60267	2430	-9	2
60282	2421	-7	2
60298	2421	-4	2
60313	2416	6	2
60318	2416	15	2
60333	2426	10	2
60348	2430	6	2
60363	2434	2	2
60378	2434	2	2
60393	2434	3	2
60408	2439	3	2
60428	2439	-3	2
60433	2439	-15	2
60448	2434	-20	2
60463	2421	-17	2
60478	2412	-17	2
60493	2403	-12	2
60508	2394	-9	2
60523	2390	-7	2
60528	2385	-2	2
60543	2385	7	2
60558	2385	11	2
60573	2394	15	2
60588	2398	18	2
60603	2412	21	2
60618	2421	17	2
60623	2430	11	2
60638	2439	9	2
60653	2444	14	2
60668	2452	13	2
60683	2457	6	2
60698	2462	16	2
60713	2470	33	2
60728	2488	39	2
60733	2511	36	2
60748	2534	43	2
60763	2556	50	2
60778	2583	48	2
60793	2610	45	2
60808	2637	43	2
60828	2660	41	2
60833	2682	41	2
60848	2704	37	2
60863	2727	30	2
60878	2745	20	2
60893	2754	22	2
60908	2768	25	2
60923	2781	24	2
60938	2794	22	2
60943	2808	29	2
60959	2826	37	2
60974	2844	37	2
60989	2866	30	2
61004	2884	30	2
61019	2898	39	2
61034	2920	46	2
61039	2948	44	2
61054	2970	45	2
61069	2997	49	2
61084	3024	48	2
61099	3051	48	2
61115	3078	44	2
61130	3105	36	2
61135	3123	23	2
61150	3136	24	2
61165	3150	21	2
61180	3164	17	2
61195	3172	18	2
61210	3182	26	2
61226	3195	30	2
61241	3213	24	2
61247	3226	29	2
61263	3244	35	2
61279	3262	38	2
61295	3285	35	2
61311	3303	32	2
61327	3321	35	2
61343	3344	40	2
61348	3366	44	2
61364	3388	56	2
61379	3420	69	2
61394	3460	75	2
61409	3501	67	2
61424	3537	54	2
61439	3568	41	2
61454	3591	31	2
61459	9	27	2
61474	27	28	2
61489	40	36	2
61504	63	45	2
61520	86	43	2
61535	112	37	2
61550	130	38	2
61555	153	41	2
61570	176	37	2
61585	198	39	2
61600	220	43	2
61615	243	41	2
61630	266	35	2
61645	284	23	2
61650	297	21	2
61665	310	18	2
61680	320	21	2
61695	333	25	2
61710	346	34	2
61725	364	40	2
61740	387	46	2
61755	414	45	2
61760	441	40	2
61775	464	36	2
61790	482	37	2
61805	504	41	2
61820	526	38	2
61835	549	38	2
61850	567	39	2
61855	590	41	2
61870	612	37	2
61885	634	38	2
61900	657	43	2
61915	680	46	2
61930	706	48	2
61945	734	45	2
61950	756	41	2
61965	783	41	2
61980	806	33	2
61995	824	8	2
62010	828	-34	2
62025	810	-70	2
62040	774	-91	2
62060	720	-92	2
62065	670	-76	2
62080	626	-47	2
62095	598	-15	2
62110	594	7	2
62125	594	22	2
62140	603	33	2
62155	621	48	2
62160	648	62	2
62175	684	63	2
62190	720	68	2
62205	760	71	2
62220	796	66	2
62235	837	64	2
62250	873	65	2
62265	909	61	2
62270	940	54	2
62285	972	45	2
62300	999	37	2
62315	1017	10	2
62330	1026	-31	2
62345	1012	-81	2
62365	968	-122	2
62370	896	-135	2
62385	819	-121	2
62400	752	-96	2
62415	698	-74	2
62430	657	-52	2
62445	630	-35	2
62460	608	-24	2
62465	594	-11	2
62480	590	9	2
62495	590	30	2
62510	608	51	2
62525	634	67	2
62540	675	84	2
62555	720	95	2
62570	774	89	2
62575	824	81	2
62590	868	71	2
62605	909	64	2
62621	945	50	2
62636	972	45	2
62651	999	45	2
62666	1026	43	2
62671	1048	36	2
62687	1066	38	2
62703	1089	33	2
62719	1107	27	2
62734	1125	26	2
62749	1138	25	2
62764	1152	24	2
62779	1166	20	2
62784	1179	20	2
62799	1188	20	2
62814	1202	19	2
62829	1210	19	2
62844	1220	23	2
62859	1233	32	2
62874	1251	49	2
62879	1278	61	2
62894	1314	65	2
62909	1350	72	2
62924	1390	85	2
62939	1440	93	2
62954	1490	92	2
62969	1544	83	2
62974	1588	77	2
62989	1634	70	2
63004	1674	60	2
63019	1706	53	2
63034	1737	48	2
63049	1764	48	2
63064	1791	49	2
63084	1818	47	2
63089	1845	50	2
63104	1872	44	2
63119	1894	45	2
63134	1922	63	2
63149	1958	81	2
63164	2002	88	2
63179	2052	89	2
63184	2102	94	2
63199	2156	97	2
63214	2210	93	2
63229	2264	83	2
63244	2308	83	2
63260	2354	84	2
63276	2403	81	2
63281	2448	71	2
63296	2488	67	2
63311	2524	67	2
63326	2565	71	2
63341	2606	67	2
63356	2642	63	2
63371	2678	57	2
63386	2709	66	2
63391	2745	70	2
63406	2786	76	2
63421	2826	89	2
63436	2880	115	2
63451	2943	134	2
63466	3020	138	2
63481	3096	136	2
63486	3172	132	2
63501	3244	123	2
63516	3316	112	2
63531	3380	103	2
63546	3438	94	2
63561	3488	91	2
63576	3542	89	2
63596	3591	87	2
63601	40	80	2
63616	86	74	2
63631	126	80	2
63646	171	86	2
63661	220	96	2
63676	274	116	2
63691	338	132	2
63696	414	135	2
63711	490	127	2
63726	562	116	2
63741	626	118	2
63756	693	122	2
63771	760	116	2
63787	828	112	2
63792	891	116	2
63807	954	122	2
63823	1022	116	2
63838	1089	110	2
63854	1152	111	2
63869	1210	114	2
63884	1278	116	2
63899	1341	121	2
63904	1408	123	2
63919	1480	120	2
63934	1548	117	2
63949	1611	109	2
63964	1674	108	2
63979	1732	104	2
63994	1791	99	2
63999	1850	93	2
64014	1899	98	2
64029	1958	111	2
64044	2020	118	2
64059	2084	119	2
64074	2151	119	2
64089	2218	121	2
64094	2286	122	2
64109	2354	120	2
64124	2421	117	2
64139	2488	118	2
64154	2556	119	2
64169	2624	113	2
64184	2686	106	2
64204	2745	93	2
64209	2799	79	2
64224	2844	76	2
64239	2884	73	2
64254	2925	69	2
64269	2966	63	2
64284	3002	61	2
64299	3033	63	2
64304	3069	52	2
64319	3100	34	2
64334	3118	19	2
64349	3128	13	2
64365	3136	16	2
64380	3146	27	2
64395	3159	39	2
64410	3182	45	2
64415	3208	47	2
64430	3236	46	2
64445	3258	45	2
64460	3285	46	2
64475	3312	46	2
64490	3339	52	2
64505	3366	54	2
64510	3398	56	2
64525	3429	68	2
64540	3465	80	2
64555	3510	97	2
64570	3564	114	2
64585	32	122	2
64600	99	120	2
64605	166	113	2
64620	230	110	2
64635	292	107	2
64650	351	94	2
64665	405	85	2
64680	454	80	2
64700	500	72	2
64715	540	63	2
64720	572	55	2
64735	603	47	2
64750	630	31	2
64765	648	16	2
64780	657	11	2
64795	662	16	2
64810	670	30	2
64815	688	36	2
64830	711	41	2
64845	734	41	2
64860	756	34	2
64875	774	33	2
64890	792	34	2
64905	814	40	2
64921	837	45	2
64926	860	57	2
64941	891	78	2
64956	936	90	2
64972	986	94	2
64987	1040	91	2
65002	1089	84	2
65017	1138	77	2
65022	1184	65	2
65038	1220	56	2
65053	1251	51	2
65068	1278	53	2
65083	1310	55	2
65098	1341	42	2
65113	1364	35	2
65118	1382	28	2
65133	1400	21	2
65148	1408	14	2
65163	1418	20	2
65178	1431	30	2
65193	1444	42	2
65208	1472	50	2
65228	1498	55	2
65233	1530	61	2
65248	1562	70	2
65264	1602	79	2
65279	1647	85	2
65294	1696	84	2
65309	1742	80	2
65324	1786	68	2
65329	1827	57	2
65344	1858	46	2
65359	1881	44	2
65374	1908	49	2
65389	1935	52	2
65404	1966	52	2
65419	1994	48	2
65424	2020	51	2
65439	2048	46	2
65454	2074	39	2
65469	2097	34	2
65484	2115	31	2
65499	2133	31	2
65514	2151	38	2
65529	2174	39	2
65534	2196	34	2
65549	2214	35	2
65564	2232	43	2
65579	2259	46	2
65594	2282	46	2
65609	2308	51	2
65624	2340	64	2
65629	2376	72	2
65644	2416	77	2
65659	2457	78	2
65674	2502	77	2
65689	2547	75	2
65704	2588	75	2
65724	2628	71	2
65739	2668	71	2
65744	2709	72	2
65759	2750	76	2
65774	2794	81	2
65789	2840	81	2
65804	2884	74	2
65819	2925	63	2
65834	2961	58	2
65839	2992	47	2
65854	3020	38	2
65869	3042	32	2
65884	3060	26	2
65899	3074	22	2
65914	3087	22	2
65929	3100	25	2
65934	3114	33	2
65949	3132	47	2
65964	3159	53	2
65979	3186	54	2
65994	3218	59	2
66009	3249	75	2
66024	3294	93	2
66044	3344	116	2
66049	3411	128	2
66065	3483	128	2
66080	3555	120	2
66095	22	105	2
66110	81	95	2
66125	135	86	2
66140	184	72	2
66145	225	61	2
66160	256	57	2
66176	288	53	2
66191	320	48	2
66206	346	37	2
66221	369	34	2
66236	387	29	2
66241	405	17	2
66256	414	8	2
66271	418	11	2
66286	423	21	2
66301	436	26	2
66316	450	25	2
66331	464	22	2
66346	477	24	2
66351	490	25	2
66366	504	25	2
66381	518	21	2
66396	531	29	2
66411	544	39	2
66427	567	47	2
66442	594	46	2
66447	621	49	2
66462	648	49	2
66477	675	54	2
66492	706	49	2
66507	734	43	2
66522	756	41	2
66538	778	47	2
66553	806	49	2
66558	832	51	2
66573	864	47	2
66588	891	47	2
66603	918	46	2
66618	940	42	2
66633	968	36	2
66648	986	35	2
66653	1004	33	2
66668	1026	32	2
66683	1044	31	2
66698	1058	34	2
66714	1080	37	2
66729	1098	31	2
66744	1116	26	2
66749	1130	27	2
66764	1148	21	2
66779	1156	16	2
66794	1166	19	2
66809	1179	25	2
66824	1192	31	2
66840	1210	38	2
66860	1233	40	2
66865	1256	44	2
66880	1278	49	2
66895	1305	53	2
66910	1336	48	2
66925	1364	33	2
66940	1382	3	2
66956	1382	-30	2
66961	1368	-58	2
66976	1336	-67	2
66991	1300	-58	2
67006	1269	-49	2
67021	1238	-44	2
67036	1215	-36	2
67051	1192	-21	2
67066	1184	-10	2
67071	1179	-3	2
67086	1174	5	2
67101	1174	26	2
67116	1188	47	2
67131	1215	67	2
67146	1251	80	2
67161	1296	90	2
67166	1350	97	2
67181	1404	95	2
67196	1458	82	2
67211	1503	65	2
67227	1539	62	2
67243	1575	69	2
67258	1611	71	2
67263	1652	71	2
67278	1692	66	2
67293	1728	69	2
67308	1768	73	2
67323	1809	76	2
67338	1854	73	2
67353	1894	71	2
67368	1935	76	2
67373	1976	75	2
67388	2020	75	2
67403	2061	79	2
67418	2106	81	2
67433	2151	80	2
67449	2196	75	2
67464	2236	60	2
67469	2272	48	2
67484	2300	44	2
67499	2322	41	2
67514	2344	36	2
67529	2367	32	2
67544	2385	24	2
67565	2398	11	2
67570	2403	1	2
67585	2403	4	2
67600	2408	9	2
67616	2412	16	2
67631	2421	19	2
67646	2430	22	2
67661	2444	24	2
67676	2457	28	2
67681	2475	33	2
67696	2493	40	2
67711	2516	49	2
67727	2542	55	2
67742	2574	61	2
67757	2606	76	2
67772	2650	84	2
67777	2696	72	2
67792	2736	53	2
67807	2768	30	2
67822	2786	0	2
67837	2786	-29	2
67852	2772	-47	2
67867	2745	-55	2
67882	2714	-51	2
67887	2686	-34	2
67902	2668	-25	2
67917	2655	-15	2
67932	2646	0	2
67947	2646	18	2
67962	2650	33	2
67977	2668	55	2
67982	2700	70	2
67997	2740	88	2
68012	2790	102	2
68027	2848	109	2
68042	2907	102	2
68057	2966	90	2
68072	3015	84	2
68077	3064	81	2
68093	3110	77	2
68108	3150	69	2
68123	3190	66	2
68138	3226	61	2
68154	3262	57	2
68169	3294	39	2
68184	3316	22	2
68189	3330	23	2
68204	3344	22	2
68219	3352	16	2
68234	3362	15	2
68249	3370	15	2
68264	3380	10	2
68280	3384	10	2
68286	3393	17	2
68301	3402	19	2
68316	3411	18	2
68331	3420	21	2
68346	3434	23	2
68361	3447	15	2
68377	3456	7	2
68382	3460	6	2
68397	3460	5	2
68412	3465	2	2
68427	3465	-9	2
68442	3465	-23	2
68457	3452	-34	2
68472	3434	-48	2
68492	3406	-62	2
68497	3370	-65	2
68512	3334	-59	2
68527	3303	-50	2
68542	3272	-40	2
68557	3249	-28	2
68572	3236	-13	2
68587	3226	8	2
68592	3226	37	2
68607	3249	62	2
68622	3285	81	2
68637	3330	92	2
68652	3380	97	2
68667	3434	92	2
68682	3488	85	2
68698	3537	81	2
68703	3582	78	2
68718	22	75	2
68733	68	77	2
68748	108	82	2
68763	158	80	2
68778	202	76	2
68793	243	75	2
68798	288	72	2
68813	328	62	2
68828	360	54	2
68843	392	52	2
68858	423	48	2
68873	450	36	2
68889	468	18	2
68894	477	10	2
68909	486	12	2
68924	490	7	2
68939	495	8	2
68954	500	5	2
68969	504	7	2
68984	504	16	2
69005	513	28	2
69010	531	34	2
69025	549	50	2
69040	576	70	2
69055	616	83	2
69070	666	86	2
69085	711	87	2
69100	760	88	2
69105	810	78	2
69120	855	66	2
69136	891	63	2
69151	927	64	2
69166	963	56	2
69181	994	44	2
69196	1022	29	2
69211	1035	13	2
69216	1044	1	2
69232	1044	-3	2
69247	1044	-2	2
69262	1044	-4	2
69277	1044	-1	2
69292	1044	0	2
69307	1044	1	2
69312	1044	2	2
69327	1044	7	2
69343	1044	14	2
69358	1053	22	2
69373	1062	30	2
69388	1080	43	2
69403	1107	55	2
69408	1134	59	2
69423	1170	68	2
69438	1206	79	2
69453	1251	90	2
69468	1300	91	2
69483	1354	84	2
69499	1400	73	2
69514	1440	46	2
69519	1467	8	2
69534	1472	-38	2
69549	1454	-66	2
69564	1418	-66	2
69579	1382	-50	2
69594	1354	-32	2
69609	1336	-15	2
69614	1328	4	2
69630	1328	16	2
69646	1332	18	2
69661	1346	15	2
69676	1350	19	2
69691	1364	31	2
69706	1382	50	2
69711	1408	57	2
69726	1440	72	2
69741	1480	92	2
69756	1534	103	2
69771	1588	99	2
69787	1647	92	2
69802	1696	74	2
69817	1742	64	2
69822	1778	62	2
69837	1809	68	2
69852	1850	70	2
69867	1890	71	2
69882	1926	66	2
69897	1966	53	2
69912	1994	37	2
69917	2016	25	2
69932	2030	15	2
69947	2038	6	2
69962	2043	-4	2
69977	2043	-5	2
69992	2038	1	2
70012	2038	4	2
70027	2038	2	2
70032	2038	3	2
70047	2043	1	2
70062	2043	4	2
70077	2043	11	2
70092	2052	11	2
70107	2056	13	2
70122	2066	16	2
70127	2074	30	2
70142	2092	39	2
70157	2110	48	2
70172	2138	63	2
70187	2174	81	2
70202	2218	83	2
70217	2268	82	2
70222	2313	80	2
70237	2358	77	2
70252	2403	73	2
70267	2444	71	2
70282	2484	60	2
70299	2516	51	2
70314	2547	46	2
70329	2570	42	2
70334	2596	32	2
70349	2614	14	2
70364	2619	-4	2
70379	2619	-13	2
70394	2614	-19	2
70409	2606	-21	2
70424	2592	-11	2
70429	2588	11	2
70444	2588	34	2
70459	2606	39	2
70474	2628	47	2
70489	2655	59	2
70504	2691	74	2
70524	2732	86	2
70539	2781	99	2
70544	2835	102	2
70559	2894	98	2
70574	2948	91	2
70589	2997	82	2
70604	3046	70	2
70619	3082	64	2
70634	3118	68	2
70639	3159	70	2
70654	3200	68	2
70669	3236	79	2
70684	3280	81	2
70699	3326	74	2
70714	3366	55	2
70729	3398	49	2
70734	3424	40	2
70749	3447	20	2
70764	3460	0	2
70779	3460	-7	2
70794	3460	0	2
70809	3460	4	2
70824	3460	15	2
70844	3465	28	2
70849	3483	30	2
70865	3501	32	2
70880	3519	40	2
70895	3542	47	2
70910	3564	49	2
70925	3596	57	2
70940	27	62	2
70945	58	66	2
70960	99	66	2
70975	135	72	2
70990	176	71	2
71006	216	57	2
71022	248	44	2
71037	270	34	2
71042	292	18	2
71057	302	0	2
71072	302	0	2
71087	302	4	2
71102	302	7	2
71118	306	14	2
71133	315	22	2
71148	328	25	2
71154	342	19	2
71169	351	17	2
71184	360	21	2
71199	374	22	2
71214	387	27	2
71229	400	36	2
71244	423	43	2
71249	446	46	2
71264	472	59	2
71279	504	70	2
71294	544	72	2
71309	585	70	2
71324	626	66	2
71339	662	70	2
71355	702	70	2
71360	738	70	2
71375	778	73	2
71390	819	75	2
71405	864	70	2
71420	900	70	2
71435	940	74	2
71450	981	69	2
71455	1022	66	2
71471	1058	57	2
71486	1089	48	2
71501	1116	35	2
71516	1138	27	2
71531	1152	23	2
71546	1166	16	2
71551	1174	11	2
71566	1179	7	2
71581	1184	-2	2
71596	1184	-6	2
71611	1184	-3	2
71627	1184	0	2
71642	1184	3	2
71657	1184	9	2
71662	1184	20	2
71677	1197	33	2
71693	1215	31	2
71708	1233	22	2
71723	1246	28	2
71738	1260	29	2
71753	1278	27	2
71758	1292	22	2
71773	1305	24	2
71788	1318	18	2
71803	1328	11	2
71818	1336	9	2
71833	1341	18	2
71849	1350	28	2
71854	1364	38	2
71869	1386	41	2
71884	1408	43	2
71899	1436	43	2
71915	1458	45	2
71930	1485	48	2
71945	1512	51	2
71960	1539	57	2
71965	1570	66	2
71980	1606	70	2
71995	1647	68	2
72010	1688	70	2
72025	1724	71	2
72040	1764	64	2
72060	1800	55	2
72065	1832	55	2
72080	1863	57	2
72095	1894	58	2
72110	1926	62	2
72125	1962	62	2
72140	1998	59	2
72155	2030	54	2
72170	2061	51	2
72175	2088	45	2
72190	2115	33	2
72205	2133	26	2
72220	2146	23	2
72235	2160	8	2
72250	2164	-4	2
72265	2164	-10	2
72270	2160	-7	2
72285	2160	1	2
72300	2160	13	2
72315	2160	32	2
72332	2178	51	2
72347	2210	56	2
72362	2241	55	2
72367	2272	56	2
72382	2304	63	2
72398	2340	67	2
72414	2376	68	2
72430	2412	69	2
72446	2452	68	2
72462	2493	69	2
72477	2529	70	2
72483	2570	69	2
72498	2610	74	2
72513	2650	77	2
72528	2691	78	2
72543	2736	83	2
72558	2786	88	2
72573	2835	90	2
72578	2884	80	2
72593	2930	70	2
72608	2970	69	2
72623	3006	68	2
72638	3046	66	2
72653	3082	69	2
72668	3123	72	2
72684	3164	71	2
72689	3200	64	2
72704	3236	64	2
72719	3272	68	2
72734	3312	72	2
72749	3352	74	2
72764	3393	88	2
72779	3442	102	2
72784	3501	105	2
72799	3560	98	2
72815	14	88	2
72830	63	74	2
72845	108	70	2
72860	144	71	2
72875	184	69	2
72880	225	67	2
72895	261	67	2
72910	302	62	2
72925	333	46	2
72940	360	31	2
72955	378	29	2
72971	396	32	2
72986	414	31	2
72991	428	24	2
73006	441	19	2
73022	454	17	2
73037	464	21	2
73052	477	23	2
73067	486	29	2
73082	504	32	2
73088	522	31	2
73103	540	28	2
73118	554	21	2
73133	567	23	2
73148	580	28	2
73164	594	38	2
73179	616	33	2
73184	634	29	2
73199	652	26	2
73214	666	31	2
73229	684	25	2
73244	698	22	2
73259	711	32	2
73274	729	49	2
73289	756	58	2
73294	788	62	2
73309	824	71	2
73324	864	73	2
73339	904	65	2
73355	940	56	2
73370	972	42	2
73385	994	26	2
73390	1012	17	2
73405	1022	14	2
73420	1030	16	2
73435	1040	18	2
73450	1048	17	2
73465	1058	17	2
73480	1066	21	2
73500	1080	24	2
73505	1094	27	2
73520	1107	39	2
73535	1130	43	2
73550	1152	47	2
73565	1179	42	2
73582	1202	39	2
73597	1224	46	2
73602	1251	59	2
73617	1282	63	2
73632	1318	57	2
73647	1350	52	2
73662	1382	49	2
73677	1408	32	2
73692	1426	13	2
73697	1436	9	2
73712	1440	19	2
73727	1449	21	2
73742	1462	17	2
73757	1472	14	2
73772	1480	15	2
73787	1490	19	2
73802	1498	26	2
73807	1512	32	2
73822	1530	40	2
73837	1552	43	2
73852	1580	54	2
73867	1606	62	2
73882	1642	67	2
73898	1678	68	2
73903	1719	70	2
73918	1760	74	2
73933	1800	68	2
73948	1836	57	2
73963	1872	56	2
73978	1904	50	2
73993	1930	41	2
73998	1953	33	2
74013	1971	24	2
74028	1984	19	2
74043	1994	21	2
74058	2007	28	2
74073	2025	27	2
74088	2038	19	2
74104	2048	22	2
74109	2061	23	2
74124	2074	21	2
74139	2088	20	2
74154	2097	28	2
74169	2115	41	2
74184	2138	47	2
74199	2164	49	2
74204	2192	57	2
74219	2223	68	2
74234	2259	70	2
74249	2300	70	2
74264	2340	70	2
74279	2380	71	2
74299	2416	70	2
74314	2457	72	2
74319	2498	66	2
74334	2534	56	2
74349	2565	53	2
74365	2596	58	2
74380	2628	55	2
74395	2660	53	2
74410	2691	55	2
74415	2722	69	2
74431	2758	66	2
74446	2799	58	2
74461	2830	59	2
74476	2862	64	2
74491	2898	63	2
74506	2934	65	2
74511	2970	65	2
74526	3006	70	2
74541	3046	72	2
74556	3087	71	2
74571	3128	66	2
74586	3164	62	2
74601	3200	66	2
74616	3236	73	2
74621	3276	63	2
74636	3312	58	2
74651	3344	60	2
74666	3380	55	2
74681	3411	44	2
74696	3434	33	2
74716	3452	33	2
74721	3474	28	2
74736	3488	21	2
74751	3501	27	2
74766	3514	33	2
74781	3532	28	2
74796	3550	24	2
74811	3564	25	2
74826	3578	30	2
74831	3596	25	2
74846	9	20	2
74861	18	30	2
74876	36	43	2
74891	58	49	2
74906	86	52	2
74921	117	55	2
74926	148	55	2
74941	180	52	2
74956	207	58	2
74971	238	65	2
74986	279	67	2
75001	315	71	2
75016	356	75	2
75021	396	70	2
75036	436	63	2
75051	472	64	2
75066	508	67	2
75081	544	68	2
75096	585	66	2
75116	621	70	2
75131	662	67	2
75136	698	60	2
75152	734	51	2
75167	760	45	2
75183	788	42	2
75198	810	41	2
75213	832	45	2
75228	860	40	2
75233	882	35	2
75248	900	33	2
75263	918	29	2
75278	936	21	2
75293	945	19	2
75308	958	23	2
75323	972	32	2
75328	990	28	2
75343	1004	35	2
75359	1022	51	2
75374	1053	58	2
75389	1084	63	2
75404	1120	72	2
75419	1161	88	2
75434	1210	97	2
75439	1264	102	2
75454	1323	103	2
75469	1382	98	2
75484	1436	96	2
75499	1490	102	2
75514	1548	110	2
75529	1606	107	2
75534	1670	99	2
75549	1724	92	2
75564	1778	84	2
75579	1822	73	2
75594	1863	66	2
75609	1904	65	2
75624	1940	58	2
75639	1971	56	2
75644	2002	57	2
75659	2034	54	2
75674	2066	46	2
75689	2092	46	2
75704	2115	49	2
75719	2142	48	2
75739	2169	39	2
75744	2192	36	2
75759	2214	43	2
75774	2236	37	2
75789	2259	30	2
75804	2277	33	2
75819	2295	40	2
75834	2318	46	2
75839	2340	62	2
75855	2376	88	2
75871	2426	108	2
75886	2488	113	2
75901	2552	115	2
75916	2614	111	2
75931	2678	100	2
75946	2736	91	2
75951	2786	88	2
75966	2835	86	2
75981	2884	84	2
75997	2930	82	2
76012	2974	80	2
76027	3020	74	2
76042	3064	69	2
76047	3100	67	2
76062	3141	63	2
76077	3177	52	2
76092	3204	43	2
76107	3226	42	2
76122	3254	40	2
76138	3276	37	2
76143	3294	37	2
76158	3316	37	2
76173	3339	30	2
76188	3352	25	2
76203	3366	25	2
76218	3384	25	2
76233	3398	26	2
76248	3411	32	2
76253	3429	46	2
76268	3456	52	2
76283	3483	58	2
76298	3514	60	2
76313	3550	52	2
76328	3578	38	2
76348	0	31	2
76353	18	29	2
76368	36	29	2
76383	50	28	2
76399	68	37	2
76414	86	41	2
76429	112	34	2
76444	130	28	2
76459	144	38	2
76464	166	45	2
76479	194	41	2
76494	216	41	2
76509	238	44	2
76524	261	46	2
76539	288	51	2
76554	320	58	2
76559	351	66	2
76574	387	70	2
76590	428	74	2
76606	468	76	2
76621	513	71	2
76636	549	68	2
76651	590	71	2
76656	630	74	2
76671	670	72	2
76686	711	70	2
76702	752	72	2
76718	792	67	2
76733	828	57	2
76748	860	48	2
76763	886	51	2
76768	918	51	2
76783	945	56	2
76798	976	61	2
76813	1012	67	2
76828	1048	70	2
76843	1089	70	2
76858	1130	69	2
76863	1166	68	2
76878	1206	67	2
76893	1242	72	2
76908	1282	75	2
76923	1323	73	2
76938	1368	71	2
76953	1404	78	2
76968	1449	83	2
76973	1498	79	2
76988	1539	73	2
77004	1584	74	2
77019	1624	77	2
77034	1665	78	2
77049	1710	71	2
77064	1750	69	2
77069	1791	61	2
77084	1822	59	2
77099	1858	58	2
77114	1890	59	2
77129	1922	63	2
77144	1958	72	2
77160	1998	78	2
77165	2043	80	2
77180	2088	82	2
77195	2133	91	2
77210	2187	90	2
77225	2236	83	2
77240	2282	79	2
77255	2326	80	2
77275	2372	78	2
77280	2416	75	2
77295	2457	77	2
77310	2502	78	2
77325	2547	79	2
77340	2588	81	2
77355	2637	82	2
77370	2682	77	2
77375	2722	69	2
77390	2763	68	2
77405	2804	66	2
77420	2840	63	2
77435	2876	61	2
77450	2907	64	2
77465	2943	67	2
77470	2984	72	2
77485	3024	75	2
77500	3064	86	2
77515	3114	90	2
77530	3164	97	2
77545	3218	101	2
77560	3276	104	2
77580	3334	103	2
77585	3393	96	2
77600	3447	87	2
77615	3496	76	2
77630	3537	74	2
77645	3578	79	2
77660	22	84	2
77675	72	81	2
77680	117	80	2
77695	162	85	2
77710	207	84	2
77725	256	76	2
77740	297	75	2
77755	342	81	2
77770	387	83	2
77785	432	80	2
77790	477	79	2
77805	522	78	2
77820	567	73	2
77835	608	71	2
77850	648	78	2
77865	693	87	2
77880	742	98	2
77885	796	108	2
77900	855	116	2
77915	922	115	2
77930	986	103	2
77945	1044	94	2
77960	1098	85	2
77975	1143	83	2
77980	1192	87	2
77995	1242	95	2
78010	1296	97	2
78025	1350	94	2
78040	1400	86	2
78056	1449	80	2
78071	1494	77	2
78091	1539	81	2
78096	1584	86	2
78111	1634	94	2
78126	1683	101	2
78141	1742	115	2
78156	1804	118	2
78171	1872	108	2
78186	1935	103	2
78191	1994	99	2
78206	2048	93	2
78222	2102	87	2
78237	2146	90	2
78252	2200	90	2
78268	2250	80	2
78283	2295	73	2
78288	2336	69	2
78303	2376	70	2
78318	2412	64	2
78333	2448	62	2
78348	2484	63	2
78363	2520	63	2
78378	2556	58	2
78393	2588	56	2
78398	2619	48	2
78413	2646	44	2
78428	2673	42	2
78443	2696	45	2
78458	2722	47	2
78473	2745	47	2
78488	2772	56	2
78493	2804	63	2
78508	2840	67	2
78523	2880	66	2
78538	2916	73	2
78553	2956	83	2
78568	3002	74	2
78583	3046	72	2
78603	3087	70	2
78609	3123	66	2
78624	3164	65	2
78639	3200	67	2
78654	3236	67	2
78669	3272	73	2
78685	3316	74	2
78700	3357	75	2
78705	3398	73	2
78720	3438	72	2
78735	3478	74	2
78750	3524	75	2
78765	3564	72	2
78780	4	66	2
78795	40	76	2
78800	86	90	2
78815	135	92	2
78830	184	86	2
78845	234	81	2
78860	279	78	2
78875	324	63	2
78890	360	54	2
78905	392	59	2
78910	423	76	2
78925	468	90	2
78940	518	105	2
78955	576	115	2
78970	639	123	2
78985	711	126	2
79000	778	118	2
79005	846	106	2
79020	904	98	2
79035	963	97	2
79050	1017	92	2
79065	1066	85	2
79080	1116	83	2
79100	1161	90	2
79115	1215	90	2
79120	1264	88	2
79135	1314	87	2
79151	1364	89	2
79166	1413	84	2
79181	1458	72	2
79196	1498	65	2
79211	1534	61	2
79216	1570	61	2
79231	1606	64	2
79246	1642	63	2
79261	1678	62	2
79276	1710	58	2
79291	1746	62	2
79306	1778	70	2
79311	1818	68	2
79326	1858	65	2
79341	1894	66	2
79356	1930	64	2
79372	1966	56	2
79387	1998	54	2
79402	2030	56	2
79417	2061	60	2
79422	2092	67	2
79437	2133	70	2
79452	2169	70	2
79467	2210	69	2
79482	2250	63	2
79497	2286	65	2
79512	2322	61	2
79517	2354	56	2
79532	2385	50	2
79547	2416	46	2
79562	2439	46	2
79577	2466	49	2
79592	2493	55	2
79607	2524	58	2
79612	2556	63	2
79627	2592	72	2
79642	2632	72	2
79657	2673	70	2
79672	2714	73	2
79687	2754	86	2
79707	2804	89	2
79722	2853	84	2
79727	2898	79	2
79742	2943	82	2
79757	2992	80	2
79772	3038	77	2
79787	3078	77	2
79802	3123	73	2
79817	3164	75	2
79822	3204	71	2
79837	3244	69	2
79852	3285	71	2
79867	3326	66	2
79882	3362	55	2
79899	3393	53	2
79914	3420	55	2
79929	3452	51	2
79934	3483	50	2
79949	3510	51	2
79964	3537	58	2
79979	3573	64	2
79994	9	64	2
80009	45	60	2
80024	76	60	2
80029	112	63	2
80044	144	66	2
80059	184	64	2
80074	220	66	2
80089	256	65	2
80104	292	59	2
80119	324	60	2
80124	360	63	2
80139	396	72	2
80154	436	74	2
80169	477	80	2
80184	522	87	2
80199	572	88	2
80219	621	83	2
80234	666	75	2
80239	711	80	2
80254	756	86	2
80269	801	87	2
80284	850	76	2
80299	896	68	2
80314	932	66	2
80330	972	63	2
80335	1004	63	2
80350	1040	64	2
80365	1076	62	2
80380	1112	62	2
80396	1148	66	2
80411	1184	66	2
80426	1220	67	2
80441	1260	70	2
80446	1296	72	2
80461	1336	72	2
80476	1377	65	2
80491	1418	58	2
80506	1449	49	2
80521	1476	42	2
80536	1498	32	2
80541	1516	28	2
80556	1534	27	2
80571	1548	28	2
80586	1566	28	2
80601	1580	32	2
80616	1598	44	2
80636	1624	60	2
80641	1656	73	2
80656	1696	81	2
80671	1742	88	2
80686	1791	96	2
80701	1845	98	2
80716	1904	91	2
80731	1953	90	2
80746	2002	92	2
80751	2056	85	2
80766	2102	72	2
80782	2142	70	2
80798	2182	73	2
80814	2223	73	2
80829	2264	73	2
80844	2304	75	2
80849	2349	80	2
80864	2394	76	2
80879	2434	77	2
80894	2480	75	2
80909	2520	72	2
80924	2560	74	2
80939	2606	80	2
80944	2650	81	2
80959	2696	85	2
80974	2740	88	2
80989	2790	86	2
81004	2840	86	2
81019	2889	86	2
81034	2938	85	2
81049	2984	83	2
81054	3033	79	2
81069	3074	82	2
81084	3123	86	2
81099	3168	85	2
81114	3218	83	2
81129	3262	81	2
81144	3312	83	2
81149	3357	83	2
81164	3402	84	2
81179	3452	90	2
81194	3501	92	2
81209	3555	90	2
81224	4	87	2
81239	54	87	2
81259	104	85	2
81264	148	83	2
81279	198	84	2
81294	243	82	2
81309	288	83	2
81324	338	85	2
81339	382	85	2
81354	432	78	2
81359	477	71	2
81374	518	73	2
81389	558	72	2
81404	598	68	2
81419	634	66	2
81434	670	69	2
81449	711	72	2
81454	752	76	2
81469	796	78	2
81484	837	80	2
81499	882	82	2
81514	932	82	2
81529	976	86	2
81544	1026	83	2
81559	1071	85	2
81564	1120	93	2
81579	1170	95	2
81594	1224	91	2
81609	1274	87	2
81624	1323	91	2
81639	1377	94	2
81659	1426	89	2
81664	1480	88	2
81679	1530	85	2
81694	1575	82	2
81709	1620	80	2
81724	1665	85	2
81739	1714	92	2
81754	1768	93	2
81759	1818	90	2
81775	1868	94	2
81790	1922	93	2
81805	1976	95	2
81821	2030	95	2
81836	2084	96	2
81851	2138	95	2
81866	2187	89	2
81871	2241	82	2
81886	2286	85	2
81901	2331	86	2
81916	2380	88	2
81931	2430	86	2
81946	2480	85	2
81961	2529	83	2
81966	2574	84	2
81981	2619	81	2
81996	2668	71	2
82011	2704	66	2
82026	2745	73	2
82041	2786	84	2
82056	2830	92	2
82076	2884	105	2
82081	2943	112	2
82096	3006	108	2
82111	3064	99	2
82126	3123	95	2
82142	3177	98	2
82158	3231	96	2
82174	3285	91	2
82179	3334	89	2
82195	3384	90	2
82210	3438	88	2
82225	3488	88	2
82240	3537	86	2
82255	3582	81	2
82270	32	76	2
82275	72	78	2
82290	117	80	2
82305	162	79	2
82320	207	83	2
82335	252	89	2
82350	302	92	2
82365	356	90	2
82380	405	90	2
82385	454	79	2
82400	500	68	2
82415	540	68	2
82430	576	68	2
82445	616	67	2
82460	652	70	2
82475	693	74	2
82480	734	77	2
82495	778	74	2
82510	819	77	2
82525	860	83	2
82540	909	91	2
82555	958	90	2
82570	1008	88	2
82585	1058	91	2
82590	1112	94	2
82605	1166	100	2
82620	1220	108	2
82635	1282	111	2
82650	1341	105	2
82665	1404	98	2
82680	1458	94	2
82685	1512	95	2
82700	1562	99	2
82715	1620	100	2
82730	1674	95	2
82745	1728	90	2
82760	1778	88	2
82775	1827	86	2
82780	1876	86	2
82795	1926	89	2
82810	1976	93	2
82825	2030	96	2
82840	2084	98	2
82855	2138	97	2
82875	2192	91	2
82890	2241	91	2
82895	2295	92	2
82910	2344	92	2
82925	2398	92	2
82940	2448	96	2
82955	2502	95	2
82970	2556	93	2
82985	2610	90	2
82990	2660	89	2
83005	2709	94	2
83020	2763	102	2
83035	2822	100	2
83050	2876	90	2
83065	2925	86	2
83080	2974	86	2
83085	3024	86	2
83100	3074	94	2
83115	3123	97	2
83130	3182	99	2
83145	3236	100	2
83161	3290	98	2
83176	3348	102	2
83191	3402	103	2
83196	3460	103	2
83211	3519	99	2
83227	3578	96	2
83242	32	94	2
83257	81	92	2
83272	135	89	2
83287	184	89	2
83292	234	88	2
83307	284	83	2
83322	328	80	2
83337	374	81	2
83352	423	83	2
83367	468	82	2
83387	513	81	2
83402	558	82	2
83407	608	84	2
83422	652	84	2
83437	702	89	2
83452	752	90	2
83467	801	98	2
83483	855	98	2
83498	909	91	2
83504	963	89	2
83519	1012	93	2
83534	1066	92	2
83550	1116	89	2
83566	1166	91	2
83582	1220	94	2
83598	1269	92	2
83603	1323	88	2
83619	1372	83	2
83634	1418	90	2
83649	1467	90	2
83664	1521	87	2
83679	1570	83	2
83694	1616	87	2
83709	1665	89	2
83714	1714	86	2
83729	1764	86	2
83744	1809	85	2
83759	1858	81	2
83774	1904	82	2
83789	1948	84	2
83804	1998	92	2
83809	2048	93	2
83824	2102	98	2
83839	2156	98	2
83854	2214	95	2
83869	2264	96	2
83884	2318	93	2
83899	2372	96	2
83904	2426	101	2
83919	2484	100	2
83934	2538	98	2
83949	2592	92	2
83964	2646	97	2
83979	2700	103	2
83994	2758	99	2
84009	2812	99	2
84014	2871	99	2
84029	2925	101	2
84044	2984	99	2
84059	3038	99	2
84074	3092	98	2
84089	3150	103	2
84104	3208	103	2
84110	3262	98	2
84125	3321	92	2
84140	3370	92	2
84155	3424	94	2
84170	3474	99	2
84185	3532	101	2
84200	3586	97	2
84215	45	101	2
84220	99	108	2
84235	162	104	2
84250	220	94	2
84265	270	93	2
84280	324	99	2
84295	378	107	2
84315	441	104	2
84320	500	98	2
84335	554	100	2
84350	612	105	2
84365	670	109	2
84380	729	110	2
84395	792	114	2
84410	855	119	2
84415	922	119	2
84430	990	110	2
84445	1053	102	2
84460	1112	100	2
84475	1166	101	2
84490	1224	99	2
84505	1278	100	2
84520	1336	106	2
84525	1395	107	2
84540	1454	107	2
84555	1516	108	2
84570	1575	115	2
84585	1638	118	2
84600	1706	116	2
84615	1773	111	2
84620	1836	104	2
84635	1894	96	2
84650	1948	91	2
84665	1998	90	2
84680	2048	89	2
84695	2097	85	2
84715	2146	85	2
84730	2196	80	2
84735	2241	77	2
84750	2282	69	2
84765	2322	66	2
84780	2358	67	2
84795	2394	74	2
84810	2439	84	2
84825	2484	85	2
84830	2534	82	2
84845	2578	80	2
84860	2624	81	2
84875	2668	75	2
84890	2714	68	2
84905	2750	65	2
84920	2786	71	2
84926	2826	74	2
84942	2866	74	2
84958	2912	76	2
84974	2952	83	2
84990	2997	87	2
85006	3046	91	2
85021	3100	89	2
85036	3150	89	2
85041	3200	87	2
85056	3249	91	2
85071	3298	88	2
85086	3348	89	2
85101	3398	93	2
85116	3452	95	2
85131	3506	91	2
85136	3555	88	2
85151	4	91	2
85166	58	102	2
85181	112	118	2
85196	180	123	2
85211	248	121	2
85226	320	119	2
85231	382	115	2
85246	450	106	2
85261	508	95	2
85276	562	92	2
85291	612	92	2
85306	666	97	2
85321	720	93	2
85336	774	94	2
85341	824	103	2
85356	882	114	2
85371	950	117	2
85386	1012	119	2
85401	1080	121	2
85416	1148	124	2
85431	1220	116	2
85436	1282	111	2
85451	1346	107	2
85466	1404	101	2
85481	1462	105	2
85496	1521	106	2
85511	1580	108	2
85531	1642	103	2
85546	1701	98	2
85551	1755	92	2
85566	1809	89	2
85581	1858	86	2
85596	1904	80	2
85611	1948	82	2
85626	1998	86	2
85641	2043	82	2
85646	2092	77	2
85661	2133	72	2
85676	2174	74	2
85691	2218	82	2
85706	2264	88	2
85721	2313	92	2
85736	2362	99	2
85741	2421	118	2
85756	2484	130	2
85771	2560	126	2
85786	2628	118	2
85801	2696	114	2
85816	2758	112	2
85831	2822	106	2
85851	2884	102	2
85856	2938	102	2
85871	2997	105	2
85886	3056	105	2
85901	3114	101	2
85916	3172	94	2
85931	3226	95	2
85946	3280	98	2
85951	3334	105	2
85966	3393	99	2
85981	3447	95	2
85996	3501	93	2
86011	3555	97	2
86026	9	89	2
86041	58	81	2
86046	104	83	2
86061	153	88	2
86076	202	88	2
86091	252	86	2
86106	297	89	2
86122	351	92	2
86137	400	89	2
86153	450	86	2
86158	500	79	2
86173	544	74	2
86188	585	83	2
86203	630	90	2
86218	684	86	2
86233	729	80	2
86248	774	85	2
86253	824	88	2
86268	873	89	2
86283	922	87	2
86298	972	89	2
86313	1022	89	2
86328	1071	91	2
86343	1125	92	2
86359	1174	94	2
86365	1228	92	2
86381	1278	83	2
86396	1328	79	2
86411	1372	75	2
86426	1413	72	2
86441	1454	86	2
86456	1503	109	2
86462	1562	120	2
86477	1629	122	2
86492	1701	126	2
86507	1768	126	2
86522	1840	116	2
86537	1908	106	2
86552	1966	103	2
86557	2025	97	2
86572	2079	91	2
86587	2128	89	2
86602	2178	89	2
86617	2232	88	2
86632	2282	93	2
86647	2331	97	2
86667	2385	99	2
86672	2444	94	2
86687	2493	87	2
86702	2542	82	2
86717	2592	75	2
86732	2632	71	2
86747	2673	79	2
86762	2718	90	2
86767	2768	105	2
86782	2826	121	2
86797	2894	127	2
86812	2966	123	2
86827	3033	117	2
86842	3100	112	2
86857	3164	108	2
86872	3226	100	2
86877	3280	96	2
86892	3334	100	2
86907	3393	99	2
86922	3447	90	2
86937	3496	87	2
86953	3546	86	2
86968	3596	83	2
86973	40	80	2
86988	86	77	2
87003	130	78	2
87018	176	81	2
87033	220	81	2
87048	266	80	2
87063	310	83	2
87068	356	83	2
87083	405	89	2
87098	454	94	2
87113	504	93	2
87128	558	94	2
87143	612	97	2
87163	666	94	2
87178	720	89	2
87183	770	86	2
87198	819	89	2
87213	868	87	2
87228	918	86	2
87243	963	83	2
87258	1012	80	2
87273	1058	73	2
87278	1098	76	2
87293	1138	79	2
87308	1184	74	2
87323	1224	72	2
87338	1264	79	2
87353	1310	79	2
87368	1354	77	2
87373	1400	81	2
87388	1444	87	2
87403	1494	91	2
87418	1544	85	2
87433	1593	81	2
87448	1638	79	2
87463	1683	77	2
87483	1724	74	2
87488	1768	79	2
87504	1814	80	2
87519	1858	74	2
87534	1899	71	2
87549	1940	78	2
87565	1980	85	2
87582	2030	80	2
87587	2074	87	2
87602	2124	97	2
87617	2178	98	2
87632	2232	99	2
87647	2290	104	2
87662	2349	104	2
87678	2408	99	2
87693	2462	92	2
87698	2516	91	2
87714	2565	91	2
87730	2614	91	2
87746	2668	85	2
87762	2714	78	2
87777	2758	71	2
87792	2799	73	2
87797	2840	76	2
87813	2884	78	2
87828	2925	87	2
87843	2974	94	2
87858	3028	93	2
87873	3082	87	2
87888	3128	83	2
87893	3177	85	2
87908	3222	87	2
87923	3272	88	2
87938	3321	89	2
87953	3370	94	2
87968	3424	93	2
87983	3478	89	2
87998	3528	91	2
88003	3578	96	2
88018	32	96	2
88034	86	97	2
88049	140	98	2
88064	198	99	2
88079	252	104	2
88094	310	115	2
88099	374	118	2
88114	441	115	2
88129	508	111	2
88144	567	103	2
88159	626	92	2
88174	680	87	2
88189	729	85	2
88204	774	86	2
88209	824	89	2
88224	873	93	2
88239	927	94	2
88254	981	99	2
88269	1035	101	2
88284	1094	106	2
88299	1152	110	2
88304	1215	111	2
88319	1274	108	2
88334	1336	107	2
88349	1395	107	2
88364	1458	97	2
88379	1512	99	2
88394	1566	105	2
88399	1624	98	2
88414	1683	96	2
88429	1737	106	2
88444	1796	117	2
88459	1858	114	2
88474	1926	113	2
88489	1989	107	2
88504	2048	100	2
88509	2106	97	2
88524	2160	97	2
88539	2214	89	2
88554	2264	90	2
88569	2313	94	2
88584	2367	95	2
88599	2421	95	2
88604	2475	96	2
88619	2529	98	2
88634	2583	96	2
88649	2637	94	2
88664	2691	94	2
88679	2745	92	2
88699	2794	93	2
88704	2848	92	2
88719	2898	92	2
88734	2952	93	2
88749	3002	90	2
88764	3056	91	2
88779	3105	96	2
88794	3159	100	2
88809	3213	93	2
88814	3267	93	2
88829	3321	98	2
88844	3375	98	2
88859	3429	93	2
88874	3483	95	2
88889	3537	97	2
88904	3591	96	2
88909	45	100	2
88924	99	104	2
88939	158	96	2
88954	212	90	2
88969	266	90	2
88984	315	88	2
88999	364	85	2
89014	410	87	2
89019	459	90	2
89034	513	93	2
89049	562	93	2
89064	616	86	2
89079	666	85	2
89094	711	90	2
89114	760	88	2
89119	810	81	2
89134	860	84	2
89149	904	92	2
89165	958	106	2
89180	1017	114	2
89195	1080	116	2
89210	1148	115	2
89215	1210	110	2
89230	1274	103	2
89245	1332	88	2
89260	1382	88	2
89275	1431	95	2
89290	1480	95	2
89305	1534	91	2
89320	1588	89	2
89325	1638	91	2
89340	1688	91	2
89355	1742	95	2
89370	1791	97	2
89385	1850	90	2
89400	1899	84	2
89415	1944	82	2
89420	1994	80	2
89435	2038	77	2
89450	2079	77	2
89465	2124	82	2
89480	2169	84	2
89495	2218	83	2
89516	2264	75	2
89521	2304	77	2
89536	2349	79	2
89551	2394	78	2
89566	2439	80	2
89581	2484	83	2
89596	2529	83	2
89611	2574	87	2
89626	2624	89	2
89631	2673	87	2
89646	2722	84	2
89661	2772	89	2
89677	2822	96	2
89692	2876	97	2
89707	2930	101	2
89722	2988	112	2
89727	3051	112	2
89742	3114	110	2
89757	3172	111	2
89772	3236	109	2
89787	3298	102	2
89802	3357	95	2
89817	3406	92	2
89833	3460	92	2
89838	3510	89	2
89853	3564	86	2
89868	9	88	2
89883	58	90	2
89898	112	88	2
89913	162	88	2
89928	212	90	2
89933	261	86	2
89949	310	78	2
89964	351	81	2
89979	396	81	3
89994	446	78	3
90009	40	77	3
90024	86	84	3
90029	130	83	3
90044	180	85	3
90059	225	93	3
90074	279	98	3
90089	333	95	3
90104	387	98	3
90119	441	94	3
90139	495	91	3
90144	549	81	3
90159	594	80	3
90174	639	72	3
90189	680	69	3
90204	716	66	3
90219	756	66	3
90234	792	64	3
90239	828	59	3
90254	860	49	3
90269	886	43	3
90284	914	34	3
90299	932	25	3
90314	945	26	3
90329	958	24	3
90344	972	21	3
90349	986	27	3
90364	999	45	3
90379	1026	57	3
90394	1058	57	3
90409	1089	61	3
90424	1125	64	3
90439	1161	49	3
90444	1188	34	3
90460	1206	25	3
90475	1220	22	3
90490	1233	20	3
90505	1246	20	3
90520	1256	19	3
90535	1264	25	3
90541	1282	25	3
90557	1296	27	3
90573	1310	25	3
90588	1323	18	3
90603	1332	16	3
90618	1341	16	3
90633	1350	15	3
90648	1359	12	3
90653	1368	7	3
90668	1372	6	3
90683	1372	-2	3
90698	1372	-15	3
90713	1368	-15	3
90728	1359	-24	3
90743	1346	-31	3
90748	1328	-20	3
90763	1318	-7	3
90778	1314	-4	3
90793	1314	-9	3
90808	1305	-6	3
90823	1305	-12	3
90838	1296	-23	3
90843	1282	-27	3
90858	1269	-27	3
90873	1256	-31	3
90888	1238	-34	3
90903	1215	-25	3
90918	1202	-18	3
90938	1192	-17	3
90953	1184	-19	3
90958	1174	-16	3
90973	1166	-20	3
90989	1152	-28	3
91004	1138	-31	3
91019	1120	-32	3
91034	1102	-38	3
91049	1080	-43	3
91054	1058	-39	3
91069	1035	-33	3
91084	1017	-36	3
91099	994	-39	3
91114	972	-31	3
91129	954	-29	3
91144	940	-39	3
91159	918	-38	3
91164	896	-34	3
91179	878	-43	3
91194	850	-48	3
91209	824	-49	3
91224	796	-52	3
91239	770	-56	3
91259	738	-54	3
91264	706	-48	3
91279	680	-45	3
91294	652	-47	3
91309	630	-43	3
91324	603	-48	3
91339	576	-57	3
91354	544	-56	3
91359	513	-51	3
91374	486	-50	3
91389	454	-46	3
91404	432	-42	3
91419	405	-44	3
91434	382	-56	3
91449	351	-70	3
91465	310	-65	3
91470	274	-61	3
91485	238	-68	3
91500	202	-72	3
91515	162	-63	3
91530	126	-65	3
91545	90	-66	3
91560	54	-66	3
91565	14	-69	3
91580	3578	-75	3
91595	3532	-65	3
91610	3496	-62	3
91625	3465	-64	3
91640	3429	-66	3
91655	3388	-64	3
91660	3352	-55	3
91675	3321	-61	3
91690	3290	-60	3
91705	3254	-54	3
91721	3226	-53	3
91736	3195	-53	3
91751	3164	-48	3
91771	3136	-44	3
91776	3114	-53	3
91791	3082	-54	3
91806	3051	-47	3
91821	3028	-49	3
91836	2997	-60	3
91851	2966	-63	3
91866	2930	-61	3
91871	2894	-67	3
91886	2858	-74	3
91901	2817	-75	3
91917	2772	-71	3
91933	2736	-69	3
91949	2696	-65	3
91964	2660	-59	3
91979	2624	-56	3
91984	2592	-51	3
91999	2565	-46	3
92014	2538	-42	3
92029	2516	-46	3
92044	2488	-52	3
92059	2462	-54	3
92075	2430	-68	3
92080	2394	-83	3
92095	2344	-82	3
92110	2300	-76	3
92125	2254	-80	3
92140	2210	-81	3
92155	2164	-78	3
92171	2124	-76	3
92176	2079	-85	3
92192	2030	-88	3
92207	1980	-81	3
92222	1935	-77	3
92237	1894	-72	3
92252	1854	-61	3
92267	1818	-47	3
92282	1791	-52	3
92287	1764	-58	3
92303	1728	-58	3
92318	1696	-68	3
92333	1660	-86	3
92348	1611	-86	3
92363	1562	-84	3
92378	1516	-87	3
92383	1467	-90	3
92398	1418	-84	3
92413	1368	-83	3
92428	1323	-90	3
92444	1269	-90	3
92459	1220	-85	3
92474	1174	-90	3
92489	1120	-104	3
92494	1062	-113	3
92509	999	-105	3
92524	940	-92	3
92539	891	-78	3
92554	846	-64	3
92569	810	-58	3
92584	778	-65	3
92589	738	-77	3
92604	698	-87	3
92619	648	-94	3
92634	594	-94	3
92649	540	-87	3
92664	495	-81	3
92679	446	-84	3
92684	400	-81	3
92699	356	-78	3
92715	310	-86	3
92730	261	-96	3
92745	207	-92	3
92760	158	-87	3
92775	108	-97	3
92795	54	-105	3
92800	3596	-103	3
92815	3537	-102	3
92830	3478	-105	3
92845	3420	-104	3
92860	3362	-97	3
92876	3308	-99	3
92891	3249	-97	3
92896	3195	-95	3
92911	3141	-97	3
92927	3087	-102	3
92942	3033	-92	3
92957	2979	-74	3
92972	2938	-65	3
92987	2902	-77	3
92992	2858	-81	3
93007	2812	-86	3
93022	2763	-93	3
93038	2714	-107	3
93053	2650	-106	3
93068	2592	-100	3
93083	2534	-100	3
93098	2480	-97	3
93103	2426	-95	3
93118	2372	-99	3
93133	2318	-98	3
93148	2259	-92	3
93163	2210	-94	3
93178	2156	-100	3
93193	2102	-104	3
93198	2043	-101	3
93213	1984	-102	3
93228	1926	-102	3
93243	1868	-98	3
93258	1814	-100	3
93273	1760	-99	3
93288	1701	-100	3
93303	1647	-100	3
93309	1588	-98	3
93325	1534	-97	3
93341	1480	-93	3
93357	1426	-91	3
93373	1377	-97	3
93389	1323	-101	3
93405	1264	-90	3
93410	1215	-82	3
93425	1170	-94	3
93440	1116	-98	3
93455	1062	-92	3
93470	1008	-89	3
93485	958	-93	3
93500	904	-99	3
93505	850	-100	3
93520	796	-105	3
93535	734	-100	3
93550	680	-88	3
93565	630	-83	3
93582	585	-78	3
93597	540	-76	3
93612	495	-77	3
93617	454	-87	3
93632	405	-95	3
93648	351	-97	3
93663	297	-97	3
93678	243	-94	3
93693	189	-88	3
93708	140	-77	3
93713	94	-74	3
93728	54	-81	3
93743	9	-86	3
93758	3560	-96	3
93773	3506	-103	3
93788	3447	-106	3
93803	3388	-100	3
93808	3334	-90	3
93823	3280	-87	3
93838	3231	-88	3
93853	3182	-89	3
93868	3132	-95	3
93883	3078	-99	3
93898	3024	-102	3
93913	2966	-110	3
93918	2907	-114	3
93933	2840	-108	3
93948	2781	-102	3
93963	2722	-107	3
93978	2664	-110	3
93993	2601	-106	3
94008	2542	-99	3
94013	2484	-94	3
94028	2434	-91	3
94043	2380	-83	3
94058	2336	-80	3
94074	2290	-86	3
94089	2241	-96	3
94104	2187	-99	3
94119	2133	-98	3
94124	2074	-98	3
94139	2020	-97	3
94154	1966	-92	3
94169	1917	-86	3
94184	1868	-80	3
94199	1822	-75	3
94219	1778	-80	3
94224	1732	-91	3
94239	1683	-103	3
94254	1624	-109	3
94269	1566	-118	3
94284	1498	-112	3
94299	1436	-96	3
94315	1382	-91	3
94320	1328	-86	3
94335	1282	-79	3
94350	1238	-80	3
94365	1192	-85	3
94380	1143	-90	3
94395	1094	-92	3
94410	1040	-98	3
94425	986	-103	3
94430	927	-102	3
94445	873	-93	3
94460	819	-88	3
94475	770	-83	3
94490	724	-76	3
94505	680	-72	3
94520	639	-70	3
94525	598	-71	3
94540	558	-70	3
94555	522	-65	3
94570	486	-63	3
94585	450	-59	3
94600	414	-51	3
94615	387	-49	3
94630	360	-45	3
94635	333	-41	3
94650	310	-39	3
94665	288	-43	3
94680	266	-40	3
94695	243	-34	3
94711	225	-37	3
94727	202	-36	3
94733	180	-32	3
94748	162	-33	3
94764	144	-35	3
94779	126	-37	3
94794	104	-32	3
94809	86	-33	3
94824	68	-35	3
94829	50	-31	3
94844	32	-32	3
94860	14	-37	3
94875	3591	-45	3
94890	3568	-42	3
94905	3542	-46	3
94920	3519	-40	3
94935	3496	-42	3
94940	3470	-37	3
94956	3452	-38	3
94972	3429	-40	3
94987	3406	-36	3
95002	3388	-34	3
95017	3366	-40	3
95032	3344	-34	3
95037	3326	-29	3
95052	3308	-31	3
95067	3294	-33	3
95082	3272	-30	3
95097	3258	-28	3
95112	3240	-30	3
95127	3222	-33	3
95132	3204	-35	3
95147	3186	-38	3
95162	3164	-36	3
95177	3146	-40	3
95192	3123	-44	3
95207	3096	-45	3
95222	3074	-41	3
95242	3046	-39	3
95247	3028	-39	3
95262	3006	-45	3
95277	2979	-44	3
95292	2956	-40	3
95307	2934	-42	3
95322	2907	-48	3
95337	2880	-43	3
95342	2858	-34	3
95357	2840	-28	3
95372	2822	-30	3
95387	2804	-30	3
95402	2790	-33	3
95417	2772	-32	3
95432	2754	-25	3
95448	2736	-25	3
95453	2722	-31	3
95468	2704	-42	3
95483	2682	-37	3
95498	2664	-41	3
95514	2637	-47	3
95529	2614	-42	3
95544	2588	-34	3
95549	2570	-35	3
95564	2552	-41	3
95579	2529	-46	3
95594	2502	-38	3
95609	2480	-34	3
95624	2462	-37	3
95639	2439	-39	3
95644	2416	-36	3
95659	2398	-35	3
95674	2376	-37	3
95689	2358	-35	3
95704	2336	-37	3
95719	2318	-41	3
95739	2295	-40	3
95754	2272	-43	3
95760	2246	-41	3
95775	2223	-32	3
95790	2205	-22	3
95805	2192	-20	3
95820	2182	-22	3
95835	2169	-19	3
95850	2160	-14	3
95855	2151	-15	3
95870	2142	-15	3
95885	2133	-16	3
95900	2124	-25	3
95915	2110	-34	3
95930	2092	-41	3
95945	2070	-43	3
95960	2043	-46	3
95965	2020	-54	3
95980	1989	-52	3
95995	1958	-48	3
96010	1930	-48	3
96025	1904	-49	3
96040	1876	-49	3
96055	1850	-47	3
96061	1822	-55	3
96077	1791	-59	3
96092	1760	-58	3
96107	1728	-56	3
96122	1696	-58	3
96137	1665	-61	3
96152	1629	-73	3
96157	1588	-92	3
96172	1534	-98	3
96187	1480	-98	3
96202	1426	-106	3
96217	1368	-109	3
96232	1305	-92	3
96247	1251	-83	3
96262	1206	-84	3
96267	1161	-89	3
96282	1107	-89	3
96298	1058	-84	3
96314	1012	-81	3
96329	968	-77	3
96344	922	-78	3
96360	878	-86	3
96365	832	-85	3
96380	783	-77	3
96395	738	-77	3
96410	698	-77	3
96426	652	-73	3
96441	612	-68	3
96456	572	-70	3
96461	536	-81	3
96476	490	-80	3
96491	446	-72	3
96506	405	-74	3
96521	360	-78	3
96536	320	-72	3
96551	279	-70	3
96566	238	-75	3
96571	194	-71	3
96586	158	-68	3
96601	117	-70	3
96616	76	-72	3
96631	36	-75	3
96646	3596	-90	3
96666	3546	-102	3
96671	3488	-105	3
96687	3429	-95	3
96702	3375	-86	3
96717	3326	-82	3
96732	3280	-77	3
96747	3236	-73	3
96762	3195	-73	3
96777	3154	-77	3
96782	3110	-77	3
96798	3069	-77	3
96813	3024	-75	3
96828	2984	-72	3
96843	2943	-71	3
96859	2902	-74	3
96874	2862	-76	3
96879	2817	-69	3
96894	2781	-71	3
96909	2740	-82	3
96924	2691	-89	3
96939	2642	-93	3
96954	2592	-101	3
96969	2534	-105	3
96974	2475	-99	3
96989	2421	-84	3
97004	2372	-79	3
97019	2326	-73	3
97034	2286	-72	3
97049	2246	-77	3
97064	2200	-79	3
97079	2160	-76	3
97084	2115	-80	3
97099	2070	-81	3
97114	2025	-75	3
97129	1984	-71	3
97144	1944	-71	3
97159	1904	-77	3
97179	1858	-81	3
97184	1814	-80	3
97199	1768	-80	3
97214	1724	-81	3
97229	1678	-81	3
97244	1634	-80	3
97259	1588	-79	3
97274	1544	-80	3
97279	1498	-82	3
97294	1454	-86	3
97309	1404	-90	3
97324	1354	-84	3
97339	1305	-82	3
97354	1260	-86	3
97369	1210	-89	3
97384	1161	-79	3
97389	1116	-79	3
97405	1071	-84	3
97421	1026	-87	3
97437	976	-75	3
97453	936	-75	3
97469	891	-85	3
97485	846	-94	3
97490	792	-99	3
97506	734	-104	3
97521	675	-103	3
97536	621	-94	3
97551	567	-88	3
97566	518	-84	3
97581	468	-79	3
97597	423	-77	3
97602	382	-83	3
97617	333	-86	3
97632	288	-81	3
97647	243	-77	3
97662	198	-80	3
97677	153	-87	3
97692	104	-87	3
97697	54	-93	3
97712	4	-93	3
97727	3550	-89	3
97742	3501	-89	3
97757	3452	-95	3
97772	3398	-90	3
97787	3348	-85	3
97793	3298	-87	3
97808	3249	-88	3
97823	3200	-83	3
97838	3154	-76	3
97853	3110	-77	3
97868	3069	-81	3
97883	3020	-77	3
97898	2979	-81	3
97903	2934	-81	3
97918	2889	-81	3
97933	2840	-76	3
97948	2799	-78	3
97963	2754	-83	3
97978	2709	-82	3
97993	2664	-76	3
97998	2619	-84	3
98013	2574	-85	3
98028	2524	-78	3
98043	2480	-78	3
98058	2434	-79	3
98073	2394	-77	3
98088	2349	-76	3
98103	2304	-77	3
98108	2264	-82	3
98123	2218	-82	3
98138	2169	-81	3
98153	2124	-91	3
98168	2074	-101	3
98183	2016	-105	3
98198	1958	-106	3
98203	1899	-101	3
98218	1840	-95	3
98233	1786	-86	3
98248	1742	-81	3
98263	1692	-74	3
98278	1652	-68	3
98298	1616	-72	3
98303	1575	-81	3
98318	1530	-83	3
98333	1480	-81	3
98348	1436	-81	3
98363	1390	-79	3
98378	1346	-73	3
98393	1305	-63	3
98408	1269	-58	3
98413	1238	-54	3
98428	1206	-55	3
98443	1174	-61	3
98459	1143	-66	3
98474	1102	-58	3
98489	1071	-57	3
98504	1040	-64	3
98509	1004	-66	3
98524	968	-62	3
98539	932	-67	3
98554	896	-69	3
98569	855	-66	3
98584	819	-63	3
98599	783	-59	3
98604	747	-65	3
98619	711	-71	3
98634	670	-73	3
98649	630	-76	3
98664	590	-74	3
98679	549	-73	3
98699	504	-77	3
98714	464	-80	3
98719	418	-80	3
98734	374	-79	3
98749	328	-83	3
98764	284	-81	3
98779	234	-76	3
98794	194	-75	3
98809	153	-73	3
98814	108	-65	3
98829	72	-61	3
98845	40	-61	3
98861	4	-64	3
98877	3568	-63	3
98893	3532	-66	3
98909	3496	-72	3
98925	3456	-69	3
98930	3416	-71	3
98946	3375	-76	3
98962	3334	-77	3
98978	3290	-71	3
98994	3249	-69	3
99009	3213	-71	3
99024	3172	-68	3
99029	3132	-64	3
99044	3096	-67	3
99059	3060	-73	3
99074	3020	-75	3
99089	2979	-71	3
99104	2938	-68	3
99119	2898	-64	3
99124	2862	-59	3
99139	2830	-59	3
99154	2794	-60	3
99169	2763	-59	3
99184	2732	-55	3
99199	2700	-60	3
99214	2664	-56	3
99229	2632	-54	3
99234	2601	-50	3
99249	2574	-50	3
99265	2547	-51	3
99280	2520	-55	3
99295	2488	-60	3
99310	2452	-63	3
99327	2416	-56	3
99332	2385	-56	3
99347	2354	-62	3
99363	2322	-65	3
99378	2282	-63	3
99393	2250	-66	3
99408	2210	-67	3
99423	2174	-61	3
99428	2138	-57	3
99443	2106	-58	3
99458	2074	-58	3
99473	2043	-50	3
99488	2012	-41	3
99503	1989	-22	3
99518	1980	7	3
99533	1980	45	3
99538	2002	73	3
99553	2043	83	3
99568	2092	83	3
99583	2138	64	3
99598	2174	42	3
99614	2196	19	3
99629	2210	1	3
99634	2210	-17	3
99649	2205	-29	3
99665	2187	-36	3
99680	2164	-45	3
99695	2142	-53	3
99710	2110	-61	3
99725	2079	-64	3
99740	2043	-64	3
99745	2007	-63	3
99760	1971	-64	3
99775	1935	-61	3
99790	1899	-59	3
99805	1868	-55	3
99820	1836	-57	3
99835	1804	-62	3
99840	1768	-63	3
99855	1732	-54	3
99870	1701	-52	3
99885	1674	-54	3
99900	1642	-64	3
99915	1606	-62	3
99930	1570	-63	3
99935	1534	-59	3
99951	1503	-57	3
99966	1472	-54	3
99981	1440	-53	3
99996	1413	-51	3
100011	1382	-54	3
100026	1350	-57	3
100041	1318	-59	3
100046	1287	-59	3
100061	1256	-58	3
100076	1220	-66	3
100091	1184	-71	3
100106	1143	-67	3
100121	1107	-59	3
100136	1071	-58	3
100141	1040	-62	3
100156	1004	-67	3
100171	968	-70	3
100186	927	-68	3
100201	891	-70	3
100216	850	-70	3
100232	810	-74	3
100247	770	-72	3
100253	729	-69	3
100269	688	-67	3
100285	652	-66	3
100301	616	-51	3
100316	585	-27	3
100332	572	1	3
100347	572	32	3
100352	585	64	3
100367	621	82	3
100382	670	71	3
100397	706	47	3
100412	734	27	3
100427	752	8	3
100442	756	-7	3
100447	756	-13	3
100462	747	-10	3
100477	742	-12	3
100492	734	-22	3
100507	724	-36	3
100522	702	-44	3
100537	680	-48	3
100552	652	-45	3
100557	626	-42	3
100572	603	-40	3
100587	580	-40	3
100602	558	-36	3
100617	536	-32	3
100632	518	-34	3
100647	500	-33	3
100652	482	-25	3
100667	468	-18	3
100682	454	-21	3
100697	446	-16	3
100712	436	-15	3
100727	428	-20	3
100742	414	-27	3
100747	400	-31	3
100762	382	-35	3
100777	364	-41	3
100792	342	-46	3
100807	315	-48	3
100822	288	-52	3
100843	256	-53	3
100858	230	-54	3
100863	198	-56	3
100878	166	-63	3
100893	130	-54	3
100908	99	-46	3
100923	76	-43	3
100938	50	-40	3
100953	27	-20	3
100958	18	13	3
100973	22	44	3
100988	45	59	3
101003	76	69	3
101018	117	63	3
101033	153	43	3
101048	176	17	3
101063	184	-4	3
101068	184	-15	3
101083	180	-14	3
101098	171	-10	3
101113	166	-16	3
101128	158	-21	3
101143	144	-23	3
101158	130	-24	3
101163	117	-35	3
101178	99	-45	3
101193	72	-42	3
101208	50	-42	3
101223	27	-47	3
101238	0	-54	3
101258	3568	-51	3
101263	3542	-48	3
101278	3514	-47	3
101293	3488	-48	3
101308	3460	-48	3
101323	3434	-52	3
101338	3406	-49	3
101353	3375	-45	3
101368	3352	-51	3
101373	3321	-59	3
101388	3290	-58	3
101404	3258	-51	3
101419	3226	-52	3
101434	3200	-61	3
101449	3164	-58	3
101464	3132	-48	3
101469	3105	-48	3
101484	3078	-50	3
101499	3051	-49	3
101516	3024	-52	3
101531	2992	-55	3
101546	2961	-56	3
101561	2930	-60	3
101566	2898	-63	3
101581	2862	-64	3
101597	2826	-64	3
101613	2790	-64	3
101629	2754	-66	3
101645	2718	-65	3
101661	2682	-63	3
101677	2646	-66	3
101682	2606	-70	3
101698	2570	-65	3
101714	2534	-64	3
101730	2498	-68	3
101746	2457	-70	3
101762	2416	-71	3
101777	2376	-70	3
101782	2340	-73	3
101798	2300	-72	3
101803	2259	-72	3
101818	2218	-75	3
101833	2174	-77	3
101848	2133	-77	3
101863	2088	-77	3
101878	2043	-80	3
101883	1998	-80	3
101898	1953	-79	3
101913	1908	-82	3
101928	1863	-89	3
101943	1814	-85	3
101958	1764	-79	3
101978	1724	-85	3
101984	1674	-84	3
101999	1624	-84	3
102014	1580	-84	3
102029	1530	-89	3
102044	1480	-91	3
102059	1431	-93	3
102074	1377	-101	3
102079	1323	-103	3
102094	1264	-99	3
102109	1206	-96	3
102124	1152	-99	3
102139	1098	-94	3
102154	1044	-88	3
102169	994	-86	3
102184	950	-88	3
102189	900	-88	3
102204	850	-84	3
102219	801	-84	3
102234	756	-83	3
102249	706	-77	3
102265	666	-80	3
102280	621	-85	3
102285	572	-86	3
102300	522	-83	3
102315	477	-90	3
102330	428	-98	3
102345	369	-94	3
102360	320	-88	3
102375	270	-98	3
102390	212	-100	3
102395	158	-95	3
102410	104	-92	3
102425	50	-98	3
102440	3596	-98	3
102455	3542	-95	3
102470	3488	-93	3
102490	3434	-94	3
102495	3384	-83	3
102510	3334	-90	3
102525	3285	-91	3
102540	3236	-88	3
102555	3186	-86	3
102570	3136	-94	3
102585	3082	-96	3
102590	3028	-87	3
102605	2979	-81	3
102620	2934	-87	3
102635	2884	-88	3
102650	2835	-86	3
102665	2790	-90	3
102680	2736	-97	3
102695	2682	-94	3
102700	2628	-91	3
102715	2578	-95	3
102730	2524	-94	3
102745	2470	-93	3
102760	2421	-94	3
102775	2367	-103	3
102790	2308	-104	3
102795	2250	-99	3
102810	2196	-103	3
102825	2138	-110	3
102840	2074	-104	3
102855	2016	-103	3
102870	1958	-107	3
102890	1899	-106	3
102895	1840	-89	3
102910	1791	-83	3
102925	1742	-83	3
102940	1696	-80	3
102955	1652	-81	3
102970	1606	-87	3
102985	1557	-88	3
103000	1508	-83	3
103005	1458	-87	3
103021	1413	-92	3
103037	1359	-92	3
103053	1310	-88	3
103069	1260	-91	3
103084	1206	-87	3
103099	1156	-80	3
103104	1112	-78	3
103119	1071	-85	3
103134	1022	-97	3
103149	968	-108	3
103164	904	-121	3
103179	837	-127	3
103194	765	-118	3
103209	702	-113	3
103214	634	-108	3
103229	576	-109	3
103244	513	-99	3
103260	459	-103	3
103275	400	-109	3
103290	338	-98	3
103305	284	-88	3
103310	234	-88	3
103325	184	-91	3
103340	135	-89	3
103355	86	-89	3
103370	36	-96	3
103385	3582	-100	3
103400	3524	-99	3
103405	3470	-104	3
103420	3411	-109	3
103435	3348	-110	3
103450	3285	-103	3
103465	3226	-101	3
103480	3172	-96	3
103495	3118	-90	3
103510	3069	-89	3
103515	3015	-84	3
103530	2970	-77	3
103545	2925	-78	3
103560	2884	-84	3
103575	2835	-86	3
103590	2786	-81	3
103610	2740	-81	3
103615	2696	-83	3
103630	2650	-76	3
103645	2606	-73	3
103660	2565	-74	3
103675	2524	-79	3
103690	2480	-72	3
103705	2439	-65	3
103710	2403	-75	3
103726	2358	-79	3
103741	2318	-74	3
103756	2272	-73	3
103771	2232	-80	3
103786	2187	-83	3
103801	2142	-80	3
103816	2097	-77	3
103821	2052	-79	3
103836	2007	-77	3
103851	1966	-77	3
103866	1922	-82	3
103881	1876	-83	3
103898	1827	-76	3
103913	1786	-79	3
103918	1742	-79	3
103933	1696	-78	3
103948	1652	-79	3
103963	1611	-87	3
103978	1562	-86	3
103993	1512	-82	3
104008	1467	-81	3
104023	1422	-82	3
104028	1372	-80	3
104043	1328	-77	3
104058	1287	-90	3
104073	1233	-97	3
104088	1179	-96	3
104103	1125	-95	3
104118	1071	-97	3
104123	1017	-96	3
104138	963	-89	3
104153	914	-87	3
104168	864	-92	3
104183	814	-93	3
104198	760	-92	3
104218	711	-97	3
104223	657	-101	3
104238	598	-105	3
104253	540	-114	3
104268	477	-125	3
104283	405	-118	3
104298	338	-101	3
104313	284	-99	3
104328	225	-99	3
104333	171	-88	3
104348	122	-80	3
104363	76	-87	3
104378	27	-92	3
104393	3573	-91	3
104408	3524	-88	3
104423	3474	-85	3
104428	3424	-84	3
104444	3380	-86	3
104460	3330	-88	3
104476	3280	-89	3
104491	3231	-87	3
104506	3182	-88	3
104521	3132	-85	3
104536	3087	-85	3
104541	3038	-85	3
104557	2988	-98	3
104572	2934	-104	3
104587	2876	-101	3
104602	2817	-98	3
104617	2763	-99	3
104632	2709	-94	3
104637	2655	-81	3
104652	2610	-82	3
104667	2565	-85	3
104682	2516	-82	3
104697	2470	-82	3
104712	2426	-84	3
104727	2376	-82	3
104732	2331	-70	3
104748	2290	-73	3
104763	2250	-84	3
104778	2200	-87	3
104793	2156	-79	3
104808	2110	-77	3
104823	2066	-77	3
104838	2020	-75	3
104843	1980	-77	3
104858	1935	-82	3
104873	1890	-87	3
104888	1840	-96	3
104903	1786	-110	3
104918	1728	-109	3
104938	1665	-108	3
104943	1602	-113	3
104958	1539	-118	3
104973	1476	-116	3
104988	1408	-105	3
105004	1350	-99	3
105019	1296	-97	3
105034	1238	-94	3
105039	1188	-82	3
105054	1138	-81	3
105069	1094	-88	3
105084	1044	-94	3
105099	994	-93	3
105114	940	-94	3
105129	886	-90	3
105144	837	-87	3
105149	788	-92	3
105164	738	-89	3
105179	684	-79	3
105194	644	-81	3
105209	594	-91	3
105224	544	-86	3
105239	495	-74	3
105244	454	-71	3
105259	414	-78	3
105275	369	-79	3
105290	328	-77	3
105305	284	-77	3
105320	238	-82	3
105335	194	-84	3
105350	148	-79	3
105355	104	-80	3
105370	58	-83	3
105385	9	-79	3
105400	3564	-84	3
105415	3519	-87	3
105430	3470	-84	3
105450	3424	-80	3
105455	3380	-86	3
105470	3330	-86	3
105485	3280	-83	3
105500	3236	-85	3
105515	3186	-90	3
105530	3136	-89	3
105545	3087	-84	3
105550	3038	-88	3
105565	2988	-89	3
105580	2938	-85	3
105595	2889	-90	3
105610	2840	-93	3
105625	2790	-85	3
105640	2740	-78	3
105655	2696	-82	3
105660	2650	-86	3
105675	2601	-86	3
105690	2552	-85	3
105705	2506	-86	3
105720	2457	-88	3
105735	2408	-83	3
105750	2362	-81	3
105755	2318	-83	3
105770	2268	-86	3
105786	2218	-86	3
105801	2174	-86	3
105816	2124	-87	3
105831	2074	-83	3
105846	2030	-80	3
105862	1984	-87	3
105868	1935	-86	3
105884	1886	-79	3
105900	1840	-81	3
105915	1796	-82	3
105930	1750	-78	3
105945	1706	-78	3
105960	1660	-83	3
105965	1616	-85	3
105980	1566	-82	3
105995	1521	-83	3
106010	1476	-83	3
106025	1426	-75	3
106040	1386	-73	3
106055	1346	-79	3
106060	1300	-81	3
106075	1256	-79	3
106090	1210	-81	3
106105	1166	-83	3
106120	1116	-89	3
106135	1066	-88	3
106150	1017	-86	3
106170	972	-90	3
106175	918	-89	3
106190	868	-85	3
106205	824	-85	3
106220	774	-88	3
106235	724	-83	3
106250	680	-84	3
106265	630	-86	3
106270	580	-83	3
106285	536	-83	3
106300	490	-83	3
106315	441	-83	3
106330	396	-79	3
106345	351	-79	3
106360	306	-79	3
106365	261	-81	3
106380	216	-83	3
106395	171	-84	3
106410	122	-84	3
106425	76	-76	3
106440	32	-75	3
106455	3591	-79	3
106470	3546	-80	3
106475	3501	-78	3
106490	3456	-81	3
106505	3411	-84	3
106520	3366	-80	3
106535	3321	-78	3
106550	3276	-83	3
106570	3226	-90	3
106575	3177	-86	3
106590	3128	-85	3
106605	3082	-83	3
106620	3033	-83	3
106635	2988	-79	3
106650	2943	-80	3
106665	2898	-83	3
106680	2853	-80	3
106685	2808	-76	3
106700	2763	-74	3
106715	2722	-75	3
106730	2682	-77	3
106745	2637	-82	3
106760	2592	-82	3
106776	2547	-80	3
106781	2502	-83	3
106796	2452	-83	3
106811	2408	-84	3
106826	2358	-81	3
106841	2313	-83	3
106856	2268	-86	3
106871	2218	-88	3
106876	2169	-86	3
106891	2120	-85	3
106906	2074	-83	3
106921	2025	-82	3
106936	1980	-79	3
106951	1935	-77	3
106966	1894	-78	3
106986	1850	-82	3
106991	1804	-87	3
107006	1755	-88	3
107021	1706	-83	3
107036	1656	-81	3
107051	1611	-82	3
107066	1566	-80	3
107081	1521	-76	3
107086	1476	-83	3
107101	1431	-89	3
107116	1382	-87	3
107131	1332	-83	3
107146	1287	-87	3
107161	1238	-94	3
107176	1184	-98	3
107181	1130	-94	3
107196	1076	-92	3
107211	1026	-89	3
107226	972	-88	3
107241	922	-87	3
107256	878	-92	3
107271	824	-94	3
107286	770	-97	3
107292	716	-100	3
107308	662	-101	3
107324	603	-95	3
107339	549	-93	3
107354	500	-94	3
107370	446	-95	3
107385	392	-104	3
107390	333	-116	3
107405	266	-122	3
107420	198	-117	3
107435	135	-115	3
107450	68	-112	3
107465	4	-103	3
107481	3546	-96	3
107496	3492	-94	3
107501	3442	-90	3
107516	3388	-84	3
107531	3344	-80	3
107546	3298	-77	3
107561	3254	-74	3
107576	3213	-74	3
107592	3172	-71	3
107597	3132	-74	3
107612	3092	-75	3
107627	3046	-70	3
107642	3006	-66	3
107657	2970	-75	3
107672	2930	-86	3
107687	2880	-87	3
107692	2830	-87	3
107707	2781	-93	3
107722	2732	-97	3
107737	2678	-94	3
107752	2624	-89	3
107767	2574	-85	3
107782	2524	-89	3
107802	2475	-95	3
107807	2421	-103	3
107822	2362	-108	3
107837	2304	-114	3
107852	2236	-119	3
107867	2174	-112	3
107882	2110	-105	3
107897	2048	-97	3
107903	1994	-84	3
107918	1948	-78	3
107933	1904	-81	3
107948	1858	-81	3
107963	1814	-82	3
107978	1768	-83	3
107993	1719	-80	3
108009	1674	-78	3
108014	1629	-77	3
108029	1588	-73	3
108044	1548	-72	3
108059	1508	-72	3
108074	1467	-74	3
108089	1422	-77	3
108104	1382	-82	3
108109	1336	-82	3
108124	1287	-79	3
108139	1242	-81	3
108154	1197	-86	3
108169	1152	-81	3
108184	1102	-78	3
108199	1062	-79	3
108204	1017	-84	3
108219	968	-84	3
108234	922	-87	3
108249	873	-90	3
108264	824	-101	3
108279	765	-113	3
108294	702	-123	3
108314	634	-132	3
108319	558	-134	3
108334	482	-134	3
108349	410	-137	3
108364	328	-131	3
108379	256	-128	3
108394	184	-123	3
108409	117	-121	3
108414	50	-115	3
108429	3582	-110	3
108444	3519	-115	3
108459	3456	-114	3
108474	3393	-111	3
108489	3330	-109	3
108504	3267	-115	3
108509	3204	-112	3
108524	3141	-107	3
108539	3082	-110	3
108554	3020	-112	3
108570	2956	-105	3
108585	2898	-98	3
108600	2840	-100	3
108615	2786	-98	3
108620	2732	-94	3
108636	2678	-89	3
108652	2628	-89	3
108667	2578	-93	3
108682	2524	-99	3
108697	2470	-96	3
108713	2416	-94	3
108718	2362	-94	3
108733	2308	-103	3
108748	2250	-117	3
108763	2187	-128	3
108778	2115	-129	3
108793	2043	-125	3
108808	1971	-119	3
108823	1904	-109	3
108828	1840	-95	3
108843	1791	-94	3
108858	1737	-90	3
108873	1688	-96	3
108888	1634	-98	3
108903	1575	-99	3
108918	1521	-90	3
108923	1472	-90	3
108938	1418	-92	3
108953	1368	-94	3
108968	1314	-90	3
108983	1264	-92	3
108998	1210	-96	3
109014	1156	-97	3
109019	1102	-100	3
109034	1048	-106	3
109049	990	-116	3
109064	922	-116	3
109079	860	-115	3
109095	792	-110	3
109110	729	-102	3
109130	675	-94	3
109135	621	-91	3
109150	572	-86	3
109165	522	-92	3
109180	468	-94	3
109195	418	-95	3
109210	364	-92	3
109225	310	-86	3
109230	261	-86	3
109245	216	-92	3
109260	162	-89	3
109275	112	-93	3
109290	58	-100	3
109305	4	-104	3
109320	3546	-96	3
109325	3492	-98	3
109340	3438	-98	3
109355	3380	-89	3
109370	3330	-84	3
109385	3285	-83	3
109400	3236	-84	3
109415	3190	-79	3
109430	3146	-80	3
109435	3100	-85	3
109450	3051	-87	3
109465	3006	-83	3
109480	2956	-82	3
109495	2912	-84	3
109510	2862	-80	3
109530	2817	-74	3
109535	2776	-73	3
109550	2736	-76	3
109565	2696	-78	3
109580	2650	-78	3
109595	2606	-63	3
109610	2570	-30	3
109626	2552	11	3
109641	2556	32	3
109646	2574	43	3
109661	2596	48	3
109676	2624	40	3
109691	2646	21	3
109706	2660	0	3
109721	2660	-9	3
109736	2660	-15	3
109741	2650	-23	3
109756	2637	-29	3
109771	2619	-33	3
109786	2601	-41	3
109801	2578	-45	3
109816	2552	-55	3
109831	2524	-62	3
109836	2488	-66	3
109851	2452	-74	3
109866	2408	-80	3
109881	2362	-86	3
109896	2318	-86	3
109911	2268	-76	3
109926	2223	-72	3
109941	2182	-75	3
109946	2142	-80	3
109961	2097	-80	3
109976	2052	-83	3
109991	2007	-90	3
110006	1953	-92	3
110022	1904	-92	3
110038	1850	-85	3
110043	1804	-83	3
110058	1755	-78	3
110073	1714	-79	3
110088	1670	-78	3
110104	1624	-74	3
110119	1584	-79	3
110134	1539	-88	3
110149	1490	-89	3
110154	1440	-83	3
110170	1390	-85	3
110185	1346	-91	3
110200	1292	-88	3
110215	1242	-81	3
110230	1197	-87	3
110245	1148	-88	3
110250	1098	-87	3
110265	1048	-90	3
110280	999	-93	3
110295	950	-93	3
110310	896	-93	3
110325	842	-93	3
110345	792	-98	3
110350	734	-93	3
110365	684	-92	3
110380	630	-97	3
110395	576	-100	3
110410	522	-90	3
110426	468	-86	3
110441	423	-91	3
110456	369	-93	3
110461	320	-98	3
110476	261	-102	3
110491	207	-109	3
110506	144	-105	3
110521	86	-107	3
110536	27	-108	3
110551	3564	-103	3
110556	3506	-101	3
110571	3452	-108	3
110587	3388	-112	3
110602	3326	-106	3
110617	3267	-105	3
110632	3208	-108	3
110647	3146	-101	3
110652	3092	-96	3
110667	3038	-96	3
110682	2984	-100	3
110697	2925	-99	3
110712	2871	-95	3
110727	2817	-96	3
110742	2763	-97	3
110762	2709	-96	3
110767	2655	-95	3
110782	2601	-103	3
110798	2542	-104	3
110813	2484	-92	3
110828	2430	-94	3
110843	2380	-100	3
110858	2322	-99	3
110863	2268	-96	3
110878	2214	-99	3
110893	2156	-99	3
110908	2102	-93	3
110923	2048	-92	3
110938	1998	-92	3
110953	1944	-87	3
110968	1899	-83	3
110973	1850	-89	3
110988	1800	-90	3
111003	1750	-87	3
111018	1701	-88	3
111033	1652	-92	3
111048	1598	-90	3
111063	1548	-90	3
111068	1498	-95	3
111083	1444	-98	3
111098	1390	-94	3
111113	1336	-89	3
111128	1287	-86	3
111143	1238	-89	3
111158	1188	-85	3
111163	1138	-85	3
111178	1094	-90	3
111193	1044	-93	3
111208	990	-93	3
111223	936	-103	3
111238	878	-114	3
111258	814	-111	3
111273	752	-106	3
111278	693	-113	3
111293	630	-110	3
111308	567	-99	3
111323	513	-95	3
111338	459	-95	3
111353	405	-96	3
111368	351	-95	3
111373	297	-90	3
111388	248	-92	3
111404	194	-93	3
111419	144	-96	3
111434	90	-96	3
111449	36	-91	3
111464	3582	-89	3
111469	3532	-98	3
111484	3478	-103	3
111499	3420	-101	3
111514	3366	-104	3
111529	3308	-111	3
111544	3244	-108	3
111559	3182	-97	3
111574	3128	-94	3
111579	3074	-95	3
111594	3020	-93	3
111609	2970	-92	3
111624	2916	-91	3
111639	2866	-93	3
111654	2812	-92	3
111669	2763	-92	3
111674	2709	-95	3
111689	2655	-83	3
111704	2610	-79	3
111719	2565	-82	3
111735	2520	-81	3
111750	2475	-81	3
111765	2430	-83	3
111785	2380	-88	3
111790	2331	-87	3
111805	2282	-81	3
111820	2236	-78	3
111835	2196	-78	3
111850	2151	-76	3
111865	2106	-80	3
111880	2061	-81	3
111885	2016	-81	3
111900	1971	-81	3
111915	1926	-89	3
111930	1876	-92	3
111945	1822	-91	3
111960	1773	-89	3
111975	1724	-87	3
111980	1674	-85	3
111995	1624	-78	3
112010	1584	-79	3
112026	1539	-83	3
112041	1490	-82	3
112056	1444	-85	3
112071	1395	-90	3
112086	1346	-87	3
112091	1296	-86	3
112106	1251	-91	3
112121	1197	-96	3
112137	1143	-93	3
112152	1094	-87	3
112167	1044	-85	3
112182	994	-84	3
112187	950	-84	3
112202	900	-85	3
112217	850	-88	3
112232	801	-90	3
112247	752	-90	3
112262	702	-80	3
112282	657	-80	3
112297	612	-80	3
112302	567	-80	3
112317	522	-79	3
112332	477	-80	3
112347	432	-82	3
112362	387	-84	3
112377	338	-82	3
112392	292	-72	3
112397	252	-70	3
112412	212	-76	3
112427	171	-79	3
112442	126	-74	3
112457	86	-69	3
112472	45	-72	3
112487	4	-74	3
112492	3564	-69	3
112507	3524	-64	3
112523	3488	-63	3
112538	3452	-65	3
112553	3416	-73	3
112568	3375	-75	3
112583	3334	-75	3
112598	3290	-73	3
112603	3249	-75	3
112618	3208	-73	3
112633	3168	-69	3
112648	3128	-64	3
112663	3092	-66	3
112678	3056	-72	3
112693	3015	-81	3
112698	2970	-77	3
112713	2925	-74	3
112728	2884	-68	3
112743	2844	-62	3
112758	2812	-64	3
112774	2776	-64	3
112790	2740	-59	3
112796	2704	-61	3
112812	2673	-70	3
112828	2632	-70	3
112843	2592	-66	3
112858	2556	-65	3
112873	2520	-69	3
112888	2480	-67	3
112903	2444	-65	3
112908	2408	-66	3
112923	2367	-67	3
112938	2331	-66	3
112953	2295	-68	3
112968	2254	-69	3
112983	2218	-70	3
112998	2178	-71	3
113003	2138	-69	3
113018	2097	-68	3
113033	2061	-71	3
113048	2020	-72	3
113064	1980	-75	3
113079	1940	-75	3
113094	1894	-72	3
113109	1854	-72	3
113114	1814	-74	3
113129	1773	-77	3
113144	1728	-78	3
113159	1688	-76	3
113174	1642	-77	3
113189	1598	-75	3
113209	1557	-75	3
113214	1516	-77	3
113229	1472	-75	3
113244	1431	-75	3
113259	1386	-81	3
113275	1341	-81	3
113290	1296	-77	3
113305	1251	-79	3
113310	1210	-88	3
113325	1161	-91	3
113340	1107	-88	3
113355	1058	-84	3
113370	1012	-86	3
113385	963	-91	3
113400	914	-87	3
113415	864	-82	3
113421	814	-82	3
113436	770	-85	3
113451	724	-88	3
113466	675	-85	3
113481	626	-86	3
113496	576	-85	3
113511	531	-91	3
113516	477	-95	3
113531	423	-95	3
113546	369	-94	3
113561	320	-96	3
113576	266	-98	3
113592	207	-86	3
113607	162	-80	3
113612	117	-80	3
113627	72	-84	3
113642	22	-94	3
113657	3568	-98	3
113672	3514	-93	3
113687	3465	-92	3
113702	3411	-92	3
113722	3362	-87	3
113727	3312	-85	3
113742	3262	-77	3
113757	3218	-84	3
113772	3172	-86	3
113787	3123	-84	3
113802	3078	-80	3
113817	3033	-80	3
113822	2988	-81	3
113837	2943	-77	3
113852	2898	-74	3
113867	2858	-73	3
113882	2817	-79	3
113898	2772	-81	3
113913	2727	-78	3
113928	2682	-73	3
113933	2642	-70	3
113948	2601	-73	3
113963	2560	-67	3
113978	2520	-69	3
113993	2484	-71	3
114008	2444	-70	3
114023	2403	-72	3
114028	2362	-72	3
114043	2322	-74	3
114058	2282	-77	3
114073	2236	-80	3
114088	2192	-84	3
114103	2146	-86	3
114118	2097	-85	3
114124	2048	-89	3
114140	1998	-92	3
114156	1948	-92	3
114171	1894	-88	3
114186	1845	-84	3
114201	1800	-87	3
114216	1750	-85	3
114231	1701	-84	3
114236	1656	-79	3
114251	1611	-81	3
114266	1566	-87	3
114281	1516	-88	3
114297	1467	-83	3
114312	1422	-79	3
114327	1377	-78	3
114332	1332	-84	3
114347	1282	-83	3
114362	1238	-82	3
114377	1192	-83	3
114392	1143	-85	3
114407	1098	-81	3
114422	1053	-77	3
114437	1008	-80	3
114443	963	-76	3
114458	922	-77	3
114473	878	-80	3
114488	832	-86	3
114503	783	-86	3
114518	734	-82	3
114533	688	-79	3
114538	644	-78	3
114553	603	-81	3
114568	554	-80	3
114583	508	-78	3
114598	468	-79	3
114614	423	-84	3
114629	374	-83	3
114634	328	-77	3
114649	284	-77	3
114664	243	-79	3
114679	198	-79	3
114694	153	-75	3
114709	112	-75	3
114730	68	-74	3
114745	27	-75	3
114750	3586	-76	3
114765	3542	-75	3
114780	3501	-73	3
114795	3460	-76	3
114810	3416	-69	3
114825	3375	-69	3
114840	3339	-72	3
114845	3298	-73	3
114860	3258	-70	3
114875	3218	-74	3
114890	3177	-79	3
114905	3132	-84	3
114920	3082	-90	3
114935	3033	-97	3
114940	2979	-99	3
114955	2925	-95	3
114970	2871	-92	3
114985	2817	-87	3
115000	2768	-79	3
115015	2722	-76	3
115030	2682	-76	3
115050	2637	-74	3
115055	2596	-74	3
115070	2556	-72	3
115085	2516	-72	3
115100	2475	-74	3
115115	2434	-73	3
115130	2394	-70	3
115145	2354	-73	3
115150	2313	-74	3
115165	2268	-79	3
115180	2228	-84	3
115195	2178	-82	3
115210	2133	-78	3
115225	2088	-85	3
115240	2038	-99	3
115255	1984	-99	3
115260	1930	-90	3
115275	1876	-90	3
115290	1827	-91	3
115305	1778	-87	3
115320	1728	-83	3
115335	1683	-79	3
115350	1638	-76	3
115355	1593	-74	3
115370	1552	-77	3
115385	1508	-75	3
115400	1467	-76	3
115415	1422	-77	3
115430	1382	-81	3
115450	1336	-78	3
115455	1292	-80	3
115470	1246	-78	3
115485	1202	-82	3
115500	1156	-90	3
115516	1107	-97	3
115532	1053	-102	3
115548	994	-111	3
115564	932	-111	3
115570	868	-105	3
115585	810	-103	3
115600	752	-91	3
115615	702	-82	3
115630	652	-85	3
115645	608	-85	3
115660	558	-80	3
115665	513	-82	3
115681	468	-82	3
115696	423	-81	3
115711	378	-70	3
115726	338	-71	3
115741	297	-70	3
115756	256	-69	3
115771	220	-66	3
115776	180	-68	3
115792	144	-72	3
115807	104	-73	3
115822	63	-72	3
115837	22	-65	3
115852	3586	-67	3
115867	3546	-73	3
115872	3506	-75	3
115887	3465	-81	3
115902	3420	-88	3
115917	3370	-96	3
115932	3316	-103	3
115947	3258	-101	3
115962	3200	-94	3
115967	3146	-97	3
115982	3092	-100	3
115998	3038	-92	3
116013	2984	-79	3
116028	2938	-81	3
116043	2894	-83	3
116058	2848	-81	3
116073	2804	-85	3
116078	2754	-89	3
116093	2704	-84	3
116108	2655	-84	3
116123	2610	-92	3
116138	2556	-94	3
116153	2506	-90	3
116168	2452	-92	3
116173	2403	-94	3
116188	2349	-93	3
116203	2300	-91	3
116218	2246	-94	3
116233	2192	-105	3
116248	2133	-119	3
116263	2066	-130	3
116268	1994	-139	3
116283	1917	-140	3
116298	1836	-129	3
116313	1764	-123	3
116328	1696	-120	3
116343	1629	-113	3
116358	1566	-115	3
116373	1498	-118	3
116378	1436	-116	3
116393	1368	-102	3
116408	1310	-98	3
116423	1256	-101	3
116438	1197	-99	3
116453	1143	-94	3
116473	1089	-97	3
116478	1035	-102	3
116493	976	-96	3
116508	922	-95	3
116523	873	-96	3
116538	819	-93	3
116554	765	-87	3
116569	716	-90	3
116584	666	-95	3
116589	612	-93	3
116604	558	-91	3
116619	508	-98	3
116634	454	-106	3
116649	392	-113	3
116664	328	-123	3
116679	261	-135	3
116684	184	-138	3
116699	108	-131	3
116714	32	-122	3
116729	3564	-108	3
116744	3506	-100	3
116759	3447	-104	3
116774	3388	-112	3
116779	3326	-118	3
116794	3258	-120	3
116810	3190	-135	3
116825	3118	-138	3
116840	3038	-126	3
116855	2970	-119	3
116870	2902	-115	3
116885	2835	-111	3
116890	2772	-102	3
116905	2718	-103	3
116921	2660	-116	3
116936	2592	-126	3
116951	2524	-136	3
116966	2448	-138	3
116982	2367	-133	3
116987	2295	-121	3
117002	2228	-113	3
117017	2160	-109	3
117033	2102	-101	3
117048	2043	-91	3
117063	1994	-94	3
117078	1940	-100	3
117084	1886	-99	3
117099	1827	-97	3
117114	1773	-100	3
117129	1719	-102	3
117144	1660	-96	3
117159	1606	-98	3
117174	1552	-96	3
117189	1498	-92	3
117194	1444	-98	3
117209	1390	-100	3
117224	1332	-103	3
117239	1274	-95	3
117254	1224	-102	3
117269	1166	-112	3
117289	1102	-116	3
117294	1035	-114	3
117309	972	-114	3
117324	909	-113	3
117339	846	-105	3
117354	788	-99	3
117369	729	-102	3
117384	670	-103	3
117399	616	-98	3
117404	558	-92	3
117419	508	-91	3
117434	454	-91	3
117449	405	-86	3
117464	356	-85	3
117479	310	-90	3
117494	256	-86	3
117499	212	-81	3
117514	166	-82	3
117529	117	-78	3
117544	76	-72	3
117559	36	-79	3
117574	3591	-88	3
117589	3542	-88	3
117594	3492	-89	3
117609	3442	-91	3
117624	3388	-86	3
117639	3339	-83	3
117654	3294	-88	3
117669	3244	-89	3
117690	3195	-89	3
117705	3146	-94	3
117710	3092	-98	3
117725	3038	-95	3
117740	2984	-88	3
117755	2934	-87	3
117770	2884	-96	3
117785	2830	-98	3
117800	2776	-98	3
117805	2722	-97	3
117821	2664	-94	3
117836	2614	-94	3
117851	2560	-90	3
117866	2511	-91	3
117881	2457	-91	3
117898	2408	-91	3
117913	2358	-93	3
117918	2304	-94	3
117933	2250	-88	3
117948	2200	-83	3
117963	2156	-91	3
117978	2102	-86	3
117994	2056	-78	3
118009	2012	-80	3
118014	1966	-82	3
118029	1922	-87	3
118045	1872	-87	3
118060	1822	-87	3
118075	1773	-85	3
118090	1724	-86	3
118105	1678	-94	3
118110	1624	-95	3
118125	1570	-90	3
118140	1521	-89	3
118155	1472	-97	3
118170	1418	-107	3
118185	1354	-108	3
118200	1296	-101	3
118215	1238	-106	3
118220	1179	-108	3
118235	1116	-96	3
118250	1062	-87	3
118265	1012	-88	3
118280	963	-88	3
118295	914	-83	3
118310	868	-83	3
118316	824	-85	3
118332	774	-86	3
118347	724	-86	3
118362	680	-88	3
118377	630	-81	3
118392	580	-80	3
118407	536	-93	3
118412	486	-101	3
118427	428	-103	3
118442	369	-109	3
118457	310	-113	3
118472	248	-105	3
118487	184	-97	3
118502	130	-98	3
118517	76	-99	3
118522	22	-91	3
118537	3568	-84	3
118552	3524	-89	3
118567	3474	-96	3
118582	3420	-91	3
118597	3366	-86	3
118617	3321	-92	3
118622	3267	-93	3
118637	3213	-85	3
118652	3168	-87	3
118667	3118	-94	3
118682	3064	-90	3
118697	3015	-91	3
118712	2966	-88	3
118727	2916	-85	3
118732	2866	-81	3
118747	2822	-90	3
118762	2772	-93	3
118777	2718	-87	3
118792	2668	-83	3
118807	2624	-87	3
118822	2574	-90	3
118827	2524	-85	3
118842	2475	-85	3
118857	2426	-91	3
118872	2376	-91	3
118887	2326	-87	3
118902	2277	-86	3
118917	2228	-86	3
118922	2178	-85	3
118937	2133	-82	3
118953	2084	-84	3
118968	2038	-82	3
118983	1994	-79	3
118998	1948	-82	3
119013	1899	-89	3
119033	1850	-85	3
119038	1804	-81	3
119053	1760	-87	3
119068	1710	-89	3
119083	1660	-80	3
119098	1616	-77	3
119113	1570	-82	3
119128	1526	-78	3
119133	1480	-80	3
119148	1436	-80	3
119163	1390	-83	3
119178	1346	-80	3
119193	1300	-84	3
119208	1251	-87	3
119223	1202	-83	3
119228	1156	-81	3
119244	1112	-89	3
119260	1062	-93	3
119275	1008	-89	3
119290	958	-85	3
119305	909	-88	3
119320	860	-89	3
119335	810	-82	3
119340	765	-82	3
119355	720	-91	3
119370	666	-93	3
119385	616	-89	3
119400	562	-91	3
119415	513	-96	3
119430	459	-90	3
119436	410	-87	3
119451	360	-93	3
119466	306	-94	3
119481	256	-90	3
119496	202	-91	3
119511	153	-91	3
119526	104	-87	3
119541	54	-82	3
119546	4	-83	3
119561	3560	-83	3
119576	3514	-78	3
119591	3470	-88	3
119606	3420	-98	3
119621	3366	-96	3
119641	3312	-91	3
119646	3258	-95	3
119661	3204	-102	3
119676	3150	-97	3
119692	3096	-88	3
119708	3046	-99	3
119724	2988	-106	3
119740	2930	-104	3
119745	2871	-99	3
119761	2817	-107	3
119777	2754	-109	3
119792	2696	-107	3
119807	2632	-107	3
119822	2574	-107	3
119837	2511	-95	3
119852	2462	-92	3
119857	2408	-94	3
119872	2354	-91	3
119887	2304	-82	3
119902	2259	-86	3
119917	2210	-88	3
119932	2160	-87	3
119947	2110	-95	3
119952	2056	-107	3
119967	1998	-112	3
119982	1935	-108	4
119998	1872	-107	4
120013	3542	-107	4
120028	3483	-102	4
120043	3424	-100	4
120058	3366	-100	4
120063	3312	-103	4
120078	3254	-96	4
120093	3200	-95	4
120108	3146	-96	4
120123	3092	-89	4
120138	3042	-79	4
120153	2997	-74	4
120158	2956	-76	4
120173	2912	-66	4
120188	2876	-55	4
120203	2844	-47	4
120218	2817	-41	4
120233	2794	-23	4
120248	2781	-9	4
120253	2776	15	4
120268	2781	43	4
120283	2808	65	4
120298	2844	69	4
120313	2880	71	4
120328	2920	72	4
120343	2961	60	4
120359	2997	42	4
120364	3020	35	4
120379	3038	33	4
120394	3056	29	4
120409	3074	20	4
120424	3087	10	4
120439	3092	9	4
120454	3096	3	4
120459	3096	-2	4
120474	3096	-11	4
120489	3096	-15	4
120505	3087	-22	4
120520	3074	-24	4
120535	3060	-30	4
120550	3042	-42	4
120555	3020	-48	4
120570	2992	-40	4
120585	2970	-35	4
120600	2952	-39	4
120615	2930	-36	4
120630	2907	-23	4
120645	2894	-20	4
120665	2884	-16	4
120670	2876	-1	4
120685	2876	7	4
120700	2876	-6	4
120715	2876	-32	4
120730	2858	-61	4
120745	2822	-76	4
120760	2781	-81	4
120765	2736	-69	4
120780	2696	-50	4
120795	2668	-37	4
120810	2646	-27	4
120825	2632	-23	4
120840	2619	-26	4
120855	2606	-24	4
120871	2592	-11	4
120876	2583	10	4
120892	2588	34	4
120907	2606	42	4
120922	2628	50	4
120937	2655	56	4
120952	2686	52	4
120967	2718	51	4
120972	2745	58	4
120987	2776	56	4
121003	2808	57	4
121018	2844	57	4
121033	2876	36	4
121048	2894	-16	4
121063	2889	-64	4
121068	2853	-89	4
121083	2804	-93	4
121098	2750	-85	4
121113	2704	-68	4
121128	2664	-53	4
121143	2637	-43	4
121159	2610	-39	4
121174	2588	-45	4
121179	2565	-52	4
121194	2534	-51	4
121209	2506	-44	4
121224	2480	-39	4
121239	2457	-30	4
121254	2444	-20	4
121269	2430	-3	4
121274	2430	18	4
121289	2434	32	4
121304	2452	45	4
121319	2480	62	4
121334	2516	73	4
121349	2556	69	4
121369	2592	68	4
121384	2632	65	4
121389	2668	39	4
121404	2691	8	4
121420	2696	-18	4
121435	2686	-46	4
121450	2664	-73	4
121465	2624	-86	4
121480	2574	-77	4
121485	2529	-61	4
121500	2498	-55	4
121515	2466	-56	4
121530	2434	-62	4
121545	2398	-66	4
121560	2362	-65	4
121575	2326	-57	4
121580	2290	-40	4
121595	2268	-17	4
121610	2259	7	4
121625	2259	24	4
121640	2272	37	4
121655	2295	48	4
121670	2322	56	4
121685	2354	42	4
121690	2376	-1	4
121705	2376	-60	4
121720	2344	-106	4
121735	2286	-135	4
121750	2210	-140	4
121765	2133	-124	4
121785	2061	-97	4
121790	2007	-78	4
121805	1962	-66	4
121820	1926	-56	4
121835	1894	-48	4
121850	1868	-46	4
121865	1840	-43	4
121880	1818	-33	4
121885	1800	-26	4
121900	1786	-11	4
121915	1778	17	4
121930	1786	37	4
121945	1804	47	4
121960	1832	55	4
121975	1863	50	4
121990	1890	33	4
121995	1908	-3	4
122010	1908	-51	4
122025	1881	-94	4
122040	1832	-115	4
122055	1764	-111	4
122070	1701	-94	4
122085	1652	-77	4
122090	1606	-60	4
122105	1575	-37	4
122120	1552	-28	4
122135	1534	-25	4
122150	1521	-27	4
122165	1508	-20	4
122185	1494	-17	4
122200	1485	-10	4
122205	1480	10	4
122220	1480	32	4
122235	1498	48	4
122250	1526	50	4
122265	1557	38	4
122280	1575	-2	4
122295	1575	-50	4
122300	1552	-82	4
122315	1508	-99	4
122331	1449	-90	4
122346	1400	-62	4
122361	1364	-31	4
122376	1346	-16	4
122391	1336	-13	4
122396	1332	-15	4
122411	1323	-13	4
122426	1314	-15	4
122441	1305	-9	4
122456	1300	6	4
122471	1300	32	4
122486	1318	55	4
122501	1350	71	4
122507	1390	75	4
122523	1431	68	4
122539	1472	58	4
122555	1503	57	4
122570	1534	66	4
122585	1570	66	4
122600	1611	64	4
122605	1647	67	4
122621	1683	64	4
122636	1719	53	4
122651	1750	45	4
122666	1773	43	4
122681	1800	33	4
122696	1818	14	4
122701	1822	0	4
122716	1822	-11	4
122731	1822	-28	4
122746	1804	-43	4
122761	1782	-60	4
122776	1750	-75	4
122791	1706	-84	4
122806	1660	-83	4
122811	1611	-76	4
122826	1570	-74	4
122841	1530	-68	4
122856	1490	-59	4
122871	1458	-53	4
122886	1426	-53	4
122901	1395	-39	4
122906	1377	-12	4
122921	1368	7	4
122936	1368	17	4
122951	1377	28	4
122966	1395	30	4
122981	1408	24	4
123001	1422	20	4
123016	1436	23	4
123021	1449	20	4
123036	1458	17	4
123051	1467	16	4
123066	1476	13	4
123081	1485	9	4
123097	1490	1	4
123112	1490	-2	4
123117	1490	-10	4
123132	1490	-22	4
123147	1476	-34	4
123162	1458	-44	4
123177	1431	-53	4
123192	1404	-52	4
123207	1372	-49	4
123212	1346	-49	4
123227	1318	-58	4
123243	1287	-60	4
123258	1251	-55	4
123273	1220	-49	4
123288	1192	-45	4
123304	1166	-28	4
123319	1152	0	4
123324	1152	14	4
123339	1156	25	4
123354	1170	41	4
123369	1192	53	4
123384	1224	49	4
123399	1251	38	4
123414	1274	32	4
123419	1292	29	4
123434	1305	34	4
123449	1323	34	4
123464	1346	27	4
123480	1359	14	4
123495	1368	3	4
123510	1368	-9	4
123525	1368	-28	4
123530	1350	-45	4
123545	1328	-56	4
123560	1296	-60	4
123575	1260	-66	4
123590	1224	-69	4
123605	1184	-65	4
123626	1148	-58	4
123631	1116	-61	4
123646	1080	-58	4
123661	1048	-49	4
123676	1022	-40	4
123691	999	-25	4
123706	986	2	4
123721	986	26	4
123726	999	43	4
123741	1022	57	4
123756	1053	65	4
123771	1089	53	4
123787	1120	41	4
123802	1143	38	4
123817	1166	40	4
123832	1188	35	4
123837	1206	27	4
123852	1220	24	4
123867	1233	18	4
123883	1246	9	4
123899	1251	1	4
123915	1251	-2	4
123931	1251	0	4
123937	1251	4	4
123953	1251	9	4
123968	1256	8	4
123984	1260	-5	4
124000	1260	-21	4
124016	1251	-29	4
124032	1233	-34	4
124037	1215	-42	4
124052	1192	-40	4
124057	1170	-38	4
124072	1148	-42	4
124087	1125	-45	4
124102	1098	-43	4
124117	1076	-42	4
124137	1053	-51	4
124142	1022	-45	4
124157	999	-27	4
124172	981	-19	4
124187	972	-5	4
124202	968	22	4
124217	976	51	4
124232	1004	64	4
124237	1040	69	4
124252	1080	66	4
124267	1116	63	4
124282	1152	57	4
124297	1184	53	4
124312	1215	53	4
124327	1246	48	4
124342	1274	42	4
124347	1296	36	4
124362	1314	24	4
124377	1328	9	4
124392	1332	4	4
124407	1336	7	4
124422	1341	5	4
124437	1341	-2	4
124442	1341	-5	4
124457	1341	-14	4
124472	1336	-23	4
124487	1323	-30	4
124502	1305	-26	4
124517	1292	-24	4
124537	1278	-28	4
124542	1260	-32	4
124557	1242	-38	4
124572	1224	-44	4
124587	1197	-40	4
124602	1174	-27	4
124617	1161	-12	4
124632	1152	7	4
124647	1152	29	4
124652	1170	44	4
124667	1192	45	4
124682	1220	41	4
124697	1242	47	4
124712	1269	56	4
124727	1300	53	4
124742	1332	46	4
124747	1354	40	4
124762	1377	37	4
124777	1400	25	4
124793	1413	19	4
124808	1422	12	4
124823	1431	4	4
124838	1431	-1	4
124843	1431	-6	4
124858	1431	-19	4
124873	1422	-32	4
124888	1404	-33	4
124903	1386	-36	4
124918	1364	-39	4
124933	1346	-38	4
124953	1323	-23	4
124958	1310	-6	4
124973	1305	-5	4
124988	1305	-4	4
125003	1300	1	4
125018	1300	9	4
125033	1300	19	4
125048	1314	38	4
125053	1336	58	4
125068	1368	64	4
125083	1404	61	4
125098	1436	53	4
125113	1467	48	4
125128	1494	35	4
125143	1512	36	4
125158	1534	36	4
125163	1552	33	4
125178	1575	22	4
125193	1584	14	4
125208	1593	10	4
125223	1598	2	4
125238	1602	5	4
125253	1602	7	4
125258	1606	2	4
125273	1606	-7	4
125288	1606	-10	4
125303	1602	-16	4
125318	1593	-26	4
125333	1580	-29	4
125349	1562	-14	4
125355	1552	3	4
125371	1552	25	4
125387	1566	47	4
125402	1593	71	4
125418	1634	82	4
125433	1678	80	4
125448	1724	82	4
125463	1768	85	4
125468	1818	81	4
125483	1863	72	4
125498	1904	70	4
125513	1944	54	4
125528	1976	34	4
125543	1994	24	4
125558	2007	16	4
125563	2016	6	4
125579	2020	0	4
125594	2020	-4	4
125609	2020	-19	4
125624	2012	-43	4
125639	1984	-56	4
125654	1953	-66	4
125669	1917	-75	4
125674	1876	-64	4
125689	1840	-39	4
125704	1818	-22	4
125719	1804	-12	4
125734	1796	-5	4
125749	1796	-3	4
125769	1791	0	4
125774	1791	-9	4
125789	1786	-2	4
125804	1786	18	4
125819	1791	36	4
125834	1814	49	4
125849	1840	59	4
125864	1872	59	4
125869	1908	52	4
125884	1935	44	4
125899	1962	40	4
125914	1984	31	4
125929	2002	27	4
125944	2016	31	4
125959	2034	25	4
125974	2048	7	4
125979	2052	1	4
125994	2052	2	4
126009	2052	-7	4
126024	2052	-24	4
126039	2038	-35	4
126054	2020	-48	4
126069	1994	-61	4
126074	1958	-71	4
126089	1917	-72	4
126104	1876	-64	4
126119	1840	-59	4
126134	1809	-45	4
126149	1782	-35	4
126169	1764	-27	4
126174	1750	-20	4
126189	1737	1	4
126204	1737	17	4
126219	1746	25	4
126234	1760	35	4
126249	1778	55	4
126264	1809	64	4
126279	1845	59	4
126284	1876	55	4
126299	1908	61	4
126314	1944	64	4
126329	1980	60	4
126344	2012	57	4
126360	2043	46	4
126375	2070	30	4
126380	2088	15	4
126395	2097	5	4
126410	2097	-10	4
126425	2097	-6	4
126440	2092	11	4
126455	2097	10	4
126470	2102	1	4
126485	2102	25	4
126490	2115	57	4
126505	2146	57	4
126520	2182	35	4
126535	2200	34	4
126550	2218	40	4
126565	2241	25	4
126585	2254	-2	4
126590	2254	-6	4
126605	2254	1	4
126621	2254	-2	4
126636	2254	-15	4
126651	2246	-21	4
126667	2236	-26	4
126683	2218	-28	4
126688	2205	-20	4
126704	2192	-9	4
126721	2187	0	4
126736	2187	30	4
126752	2200	67	4
126768	2236	74	4
126784	2282	62	4
126800	2313	67	4
126805	2354	75	4
126820	2394	63	4
126825	2430	45	4
126840	2457	48	4
126855	2484	47	4
126870	2511	36	4
126885	2529	32	4
126890	2547	26	4
126905	2560	14	4
126920	2570	7	4
126935	2574	9	4
126950	2578	2	4
126965	2578	-17	4
126980	2574	-23	4
126985	2560	-22	4
127000	2547	-36	4
127015	2529	-62	4
127030	2493	-65	4
127045	2457	-58	4
127060	2426	-58	4
127081	2394	-60	4
127096	2358	-41	4
127101	2336	-18	4
127116	2326	-10	4
127131	2318	2	4
127146	2318	13	4
127161	2322	19	4
127176	2336	33	4
127191	2354	59	4
127196	2385	68	4
127211	2426	56	4
127226	2457	55	4
127241	2488	63	4
127256	2524	52	4
127271	2552	35	4
127286	2570	34	4
127301	2592	41	4
127306	2614	41	4
127321	2637	35	4
127336	2655	31	4
127351	2673	24	4
127366	2686	13	4
127381	2696	11	4
127401	2700	15	4
127406	2709	21	4
127421	2722	23	4
127436	2736	40	4
127451	2758	48	4
127466	2786	34	4
127481	2804	18	4
127497	2812	22	4
127502	2826	24	4
127517	2840	20	4
127532	2848	24	4
127547	2862	24	4
127562	2876	12	4
127577	2884	1	4
127592	2884	-7	4
127607	2884	-23	4
127612	2871	-32	4
127627	2853	-27	4
127642	2840	-28	4
127657	2822	-47	4
127672	2794	-67	4
127688	2758	-64	4
127703	2722	-58	4
127708	2691	-58	4
127723	2655	-48	4
127738	2628	-30	4
127753	2614	-17	4
127768	2606	-16	4
127783	2596	-15	4
127798	2588	2	4
127813	2588	24	4
127818	2596	43	4
127833	2619	50	4
127848	2650	44	4
127863	2673	31	4
127878	2691	35	4
127893	2709	45	4
127913	2736	46	4
127918	2763	51	4
127933	2790	60	4
127948	2826	57	4
127963	2858	41	4
127978	2880	33	4
127993	2898	33	4
128008	2916	29	4
128013	2934	26	4
128028	2948	31	4
128043	2966	34	4
128059	2984	30	4
128074	3002	37	4
128089	3024	53	4
128104	3051	55	4
128119	3082	32	4
128124	3100	17	4
128139	3110	13	4
128154	3118	3	4
128170	3118	-5	4
128185	3118	1	4
128200	3118	9	4
128215	3123	5	4
128220	3123	-2	4
128236	3123	-13	4
128251	3118	-29	4
128266	3105	-51	4
128281	3074	-52	4
128297	3046	-54	4
128312	3015	-62	4
128317	2979	-59	4
128332	2948	-41	4
128347	2925	-38	4
128362	2902	-48	4
128377	2876	-42	4
128393	2853	-26	4
128408	2840	-19	4
128423	2826	-6	4
128428	2826	15	4
128443	2830	35	4
128458	2848	45	4
128473	2876	56	4
128488	2907	61	4
128503	2938	59	4
128518	2974	56	4
128523	3006	56	4
128538	3038	56	4
128553	3069	46	4
128568	3092	38	4
128583	3114	44	4
128598	3141	37	4
128613	3159	19	4
128633	3172	12	4
128638	3177	18	4
128653	3186	16	4
128668	3195	10	4
128683	3204	8	4
128698	3208	4	4
128713	3208	-3	4
128728	3208	3	4
128733	3208	7	4
128748	3213	-5	4
128763	3213	-12	4
128778	3208	-2	4
128793	3204	8	4
128808	3208	21	4
128823	3218	42	4
128828	3240	65	4
128843	3280	60	4
128858	3312	39	4
128873	3334	25	4
128888	3348	22	4
128903	3362	20	4
128918	3370	15	4
128933	3380	24	4
128938	3393	31	4
128953	3411	27	4
128968	3424	17	4
128983	3438	16	4
128998	3447	6	4
129013	3447	-1	4
129033	3447	2	4
129038	3447	2	4
129053	3452	-8	4
129068	3452	-13	4
129083	3442	-7	4
129098	3438	-14	4
129113	3429	-24	4
129128	3416	-26	4
129133	3402	-30	4
129148	3384	-33	4
129164	3366	-21	4
129179	3357	13	4
129194	3357	38	4
129210	3380	58	4
129225	3411	77	4
129240	3456	89	4
129245	3506	84	4
129260	3555	71	4
129275	3591	73	4
129290	36	71	4
129305	72	62	4
129320	108	55	4
129335	140	53	4
129340	171	43	4
129355	194	27	4
129370	207	13	4
129385	216	5	4
129400	220	-7	4
129415	220	-11	4
129430	212	-7	4
129445	207	-16	4
129450	198	-28	4
129465	184	-24	4
129480	171	-17	4
129495	162	-31	4
129510	144	-44	4
129525	117	-35	4
129540	99	-32	4
129545	81	-43	4
129560	58	-38	4
129576	36	-21	4
129591	22	-10	4
129606	18	0	4
129621	18	19	4
129636	27	34	4
129641	45	44	4
129656	68	58	4
129671	104	70	4
129686	140	72	4
129701	180	64	4
129716	216	62	4
129736	252	60	4
129751	288	48	4
129756	315	41	4
129771	338	40	4
129786	360	38	4
129801	378	31	4
129816	396	28	4
129831	414	28	4
129847	428	19	4
129852	441	13	4
129867	446	13	4
129882	454	3	4
129897	454	-13	4
129913	454	-17	4
129928	441	-11	4
129943	436	-18	4
129958	428	-14	4
129963	418	16	4
129978	423	51	4
129993	454	68	4
130008	490	78	4
130023	536	83	4
130038	580	79	4
130053	626	69	4
130058	666	69	4
130073	702	73	4
130088	742	78	4
130103	788	72	4
130118	828	66	4
130133	864	59	4
130153	900	50	4
130158	927	50	4
130173	954	51	4
130188	986	44	4
130204	1008	32	4
130220	1026	29	4
130235	1044	21	4
130251	1053	6	4
130266	1058	-7	4
130271	1058	-9	4
130286	1053	-19	4
130301	1044	-34	4
130316	1022	-39	4
130331	1004	-37	4
130346	981	-45	4
130361	954	-44	4
130366	932	-32	4
130381	914	-20	4
130397	900	-18	4
130412	891	-13	4
130427	882	-5	4
130442	882	1	4
130457	882	5	4
130462	882	16	4
130477	891	33	4
130492	909	44	4
130507	932	59	4
130522	968	76	4
130538	1008	82	4
130553	1053	74	4
130568	1098	71	4
130573	1138	68	4
130588	1174	57	4
130603	1206	51	4
130618	1238	51	4
130633	1264	49	4
130648	1292	41	4
130663	1314	45	4
130668	1341	49	4
130683	1368	46	4
130698	1395	37	4
130713	1413	37	4
130728	1436	32	4
130743	1454	20	4
130758	1462	6	4
130773	1467	1	4
130778	1467	-7	4
130793	1467	-18	4
130808	1458	-25	4
130823	1444	-26	4
130838	1431	-28	4
130854	1413	-16	4
130869	1404	12	4
130874	1408	50	4
130889	1436	85	4
130904	1485	110	4
130920	1544	123	4
130935	1616	111	4
130950	1678	99	4
130965	1732	97	4
130970	1786	97	4
130985	1840	82	4
131000	1890	75	4
131015	1930	80	4
131030	1976	67	4
131045	2012	46	4
131060	2038	41	4
131080	2061	39	4
131085	2084	30	4
131100	2102	19	4
131115	2110	8	4
131130	2115	-5	4
131145	2115	-25	4
131160	2102	-36	4
131175	2084	-43	4
131180	2056	-49	4
131196	2030	-49	4
131211	2002	-37	4
131226	1984	-27	4
131241	1966	-27	4
131256	1953	-24	4
131271	1940	-16	4
131286	1930	-12	4
131291	1922	-13	4
131306	1917	-8	4
131321	1912	-1	4
131336	1912	15	4
131351	1917	39	4
131366	1935	73	4
131381	1980	85	4
131386	2025	86	4
131401	2074	89	4
131416	2124	94	4
131431	2178	85	4
131446	2223	73	4
131461	2268	74	4
131476	2308	71	4
131481	2349	57	4
131496	2380	51	4
131511	2408	52	4
131526	2439	49	4
131541	2466	49	4
131556	2493	54	4
131576	2524	54	4
131591	2552	44	4
131596	2578	34	4
131611	2596	23	4
131627	2610	11	4
131642	2614	0	4
131657	2614	-5	4
131672	2614	-15	4
131687	2610	-26	4
131692	2596	-36	4
131707	2574	-34	4
131722	2556	-31	4
131737	2538	-30	4
131752	2520	-22	4
131767	2506	1	4
131782	2506	16	4
131787	2516	29	4
131802	2529	48	4
131817	2556	64	4
131832	2592	66	4
131847	2632	73	4
131862	2673	86	4
131877	2718	92	4
131897	2772	91	4
131902	2822	90	4
131917	2876	88	4
131932	2925	78	4
131947	2966	76	4
131962	3010	66	4
131977	3046	56	4
131992	3078	50	4
131997	3105	46	4
132012	3132	37	4
132027	3154	20	4
132042	3164	10	4
132057	3168	4	4
132073	3172	-5	4
132088	3172	-22	4
132103	3159	-35	4
132108	3141	-38	4
132123	3118	-43	4
132138	3096	-57	4
132153	3064	-56	4
132168	3033	-41	4
132183	3010	-27	4
132198	2992	-13	4
132203	2988	9	4
132219	2988	22	4
132235	3002	32	4
132251	3020	47	4
132267	3046	62	4
132283	3078	72	4
132298	3118	81	4
132303	3164	90	4
132318	3218	87	4
132333	3267	73	4
132348	3308	70	4
132363	3344	67	4
132379	3384	56	4
132395	3416	53	4
132410	3442	53	4
132415	3474	52	4
132430	3506	41	4
132445	3528	31	4
132460	3546	25	4
132475	3560	17	4
132490	3568	1	4
132505	3568	-10	4
132510	3568	-16	4
132526	3560	-24	4
132541	3546	-33	4
132556	3524	-35	4
132571	3506	-39	4
132586	3483	-45	4
132601	3460	-42	4
132606	3434	-34	4
132621	3416	-28	4
132637	3402	-24	4
132652	3388	-9	4
132667	3380	-4	4
132682	3380	-4	4
132697	3375	6	4
132713	3375	22	4
132718	3388	41	4
132733	3411	58	4
132748	3442	72	4
132763	3483	76	4
132778	3528	67	4
132793	3564	63	4
132808	0	61	4
132813	36	57	4
132828	68	54	4
132843	99	50	4
132859	126	50	4
132874	153	47	4
132889	180	42	4
132904	202	41	4
132919	225	42	4
132924	252	31	4
132939	270	20	4
132954	279	19	4
132969	288	7	4
132984	292	-9	4
132999	292	-17	4
133014	284	-25	4
133019	270	-40	4
133034	248	-47	4
133049	220	-48	4
133064	194	-52	4
133079	162	-54	4
133094	135	-42	4
133110	108	-35	4
133115	90	-34	4
133130	72	-27	4
133145	54	-21	4
133160	45	-20	4
133175	32	-22	4
133190	22	-14	4
133205	14	-6	4
133225	9	8	4
133230	9	20	4
133245	22	38	4
133260	40	48	4
133275	68	53	4
133290	99	55	4
133305	130	61	4
133320	166	62	4
133325	198	59	4
133340	234	58	4
133355	266	56	4
133370	297	48	4
133385	324	39	4
133400	346	37	4
133415	364	27	4
133430	382	12	4
133435	387	10	4
133450	396	13	4
133465	400	12	4
133480	410	5	4
133495	410	-2	4
133510	410	-9	4
133525	410	-11	4
133530	400	-15	4
133545	396	-19	4
133560	382	-31	4
133575	364	-38	4
133590	346	-38	4
133605	324	-34	4
133620	306	-38	4
133625	284	-43	4
133640	256	-37	4
133655	238	-28	4
133670	220	-20	4
133685	212	-15	4
133701	202	-1	4
133716	202	16	4
133736	207	31	4
133741	225	44	4
133756	248	52	4
133771	279	56	4
133786	310	60	4
133801	342	60	4
133816	378	56	4
133831	410	50	4
133836	436	44	4
133851	464	38	4
133866	482	25	4
133881	495	16	4
133896	504	12	4
133911	513	2	4
133926	513	-11	4
133931	513	-22	4
133946	500	-27	4
133961	486	-30	4
133976	468	-28	4
133991	450	-22	4
134006	441	-12	4
134021	432	-12	4
134036	428	-13	4
134041	418	-9	4
134056	414	-12	4
134071	405	-29	4
134086	392	-34	4
134101	369	-26	4
134116	356	-20	4
134136	346	-8	4
134141	342	10	4
134156	342	21	4
134171	356	27	4
134186	369	34	4
134201	387	36	4
134216	410	38	4
134231	432	45	4
134246	454	54	4
134251	486	57	4
134266	518	59	4
134281	549	61	4
134296	585	68	4
134311	626	59	4
134326	657	50	4
134341	684	47	4
134346	711	47	4
134361	738	43	4
134376	760	34	4
134391	783	32	4
134406	801	39	4
134421	819	33	4
134436	842	28	4
134441	855	20	4
134456	868	11	4
134471	873	-2	4
134486	873	-6	4
134501	873	-8	4
134516	868	-16	4
134536	860	-17	4
134551	850	-15	4
134556	842	-21	4
134571	828	-26	4
134586	814	-24	4
134601	801	-20	4
134616	788	-18	4
134631	778	-4	4
134646	778	17	4
134651	783	19	4
134666	792	26	4
134681	810	40	4
134696	832	58	4
134711	864	66	4
134726	900	71	4
134741	940	76	4
134746	981	82	4
134761	1030	77	4
134776	1071	66	4
134792	1112	53	4
134807	1138	50	4
134822	1166	41	4
134837	1192	30	4
134857	1206	26	4
134862	1224	28	4
134877	1238	31	4
134892	1256	38	4
134907	1278	30	4
134922	1292	20	4
134937	1305	12	4
134952	1310	5	4
134957	1314	-5	4
134972	1314	-13	4
134988	1310	-12	4
135003	1300	-11	4
135019	1296	-11	4
135035	1287	-12	4
135050	1282	-11	4
135065	1278	-16	4
135070	1269	-22	4
135085	1256	-27	4
135100	1238	-26	4
135115	1224	-24	4
135130	1210	-25	4
135145	1197	-15	4
135160	1188	0	4
135165	1188	15	4
135180	1192	28	4
135195	1210	43	4
135210	1233	58	4
135225	1264	68	4
135240	1305	72	4
135255	1346	68	4
135260	1382	61	4
135276	1418	56	4
135291	1449	50	4
135306	1476	43	4
135321	1503	32	4
135336	1521	28	4
135351	1534	25	4
135366	1548	20	4
135371	1562	17	4
135386	1570	19	4
135401	1580	15	4
135416	1588	7	4
135431	1593	0	4
135446	1593	0	4
135461	1593	-2	4
135466	1593	-5	4
135481	1593	-3	4
135496	1593	-2	4
135511	1588	-2	4
135526	1588	-9	4
135541	1584	-10	4
135556	1580	-9	4
135576	1575	1	4
135581	1575	22	4
135596	1584	51	4
135612	1611	63	4
135627	1647	56	4
135642	1678	48	4
135657	1706	37	4
135672	1724	28	4
135677	1742	21	4
135692	1755	23	4
135707	1764	26	4
135722	1782	28	4
135737	1796	23	4
135752	1809	11	4
135767	1814	3	4
135772	1818	2	4
135787	1818	-1	4
135802	1818	-6	4
135817	1818	-12	4
135832	1814	-13	4
135847	1804	-12	4
135862	1796	-17	4
135877	1786	-24	4
135882	1773	-29	4
135897	1760	-27	4
135912	1742	-27	4
135927	1728	-27	4
135942	1714	-31	4
135958	1696	-26	4
135973	1678	-20	4
135978	1670	-6	4
135993	1665	6	4
136008	1665	19	4
136023	1674	34	4
136038	1696	49	4
136054	1724	54	4
136069	1755	51	4
136074	1782	57	4
136089	1814	58	4
136104	1845	55	4
136120	1876	48	4
136135	1904	50	4
136150	1930	43	4
136165	1958	36	4
136181	1976	29	4
136186	1994	28	4
136201	2007	28	4
136216	2025	24	4
136231	2038	24	4
136246	2052	25	4
136261	2066	26	4
136281	2079	9	4
136286	2084	1	4
136301	2088	-2	4
136316	2088	-8	4
136331	2084	-16	4
136346	2074	-14	4
136361	2066	-17	4
136376	2056	-20	4
136391	2048	-17	4
136396	2038	-21	4
136411	2025	-25	4
136427	2012	-27	4
136443	1998	-21	4
136459	1984	-24	4
136474	1971	-26	4
136489	1958	-16	4
136494	1948	-2	4
136509	1944	6	4
136524	1944	13	4
136539	1953	21	4
136554	1966	32	4
136569	1984	37	4
136584	2002	37	4
136589	2025	38	4
136604	2048	44	4
136619	2070	44	4
136634	2097	42	4
136649	2120	40	4
136664	2142	31	4
136679	2160	26	4
136694	2174	21	4
136699	2187	10	4
136714	2192	-11	4
136730	2187	-21	4
136745	2178	-19	4
136760	2164	-21	4
136775	2156	-26	4
136790	2138	-25	4
136795	2124	-16	4
136810	2115	0	4
136825	2115	15	4
136840	2120	24	4
136855	2133	30	4
136870	2151	43	4
136885	2174	52	4
136890	2205	52	4
136905	2232	35	4
136921	2254	16	4
136936	2264	3	4
136951	2264	-11	4
136966	2264	-31	4
136981	2246	-42	4
136996	2223	-32	4
137001	2205	-18	4
137016	2192	-10	4
137031	2187	-17	4
137046	2178	-35	4
137061	2160	-57	4
137076	2124	-69	4
137097	2088	-61	4
137102	2052	-33	4
137117	2034	-7	4
137132	2030	6	4
137147	2030	-3	4
137162	2030	-27	4
137177	2016	-30	4
137192	1998	-15	4
137207	1994	-11	4
137212	1984	-14	4
137227	1976	-15	4
137242	1971	-18	4
137257	1958	-38	4
137272	1940	-67	4
137287	1899	-89	4
137303	1850	-106	4
137308	1791	-112	4
137323	1728	-100	4
137338	1670	-81	4
137353	1624	-60	4
137368	1593	-51	4
137383	1562	-55	4
137398	1530	-70	4
137403	1494	-78	4
137418	1449	-65	4
137433	1413	-37	4
137448	1390	-2	4
137463	1390	22	4
137478	1400	37	4
137493	1418	45	4
137508	1444	48	4
137513	1472	54	4
137528	1503	75	4
137543	1544	87	4
137558	1593	90	4
137573	1642	99	4
137588	1701	113	4
137608	1764	108	4
137613	1822	96	4
137629	1876	87	4
137644	1926	82	4
137659	1971	71	4
137674	2012	64	4
137689	2048	63	4
137704	2084	63	4
137719	2120	63	4
137724	2156	62	4
137739	2192	51	4
137754	2218	42	4
137769	2241	40	4
137784	2264	37	4
137799	2286	28	4
137814	2300	18	4
137819	2313	21	4
137835	2322	32	4
137851	2340	37	4
137866	2362	38	4
137881	2385	54	4
137897	2412	70	4
137912	2452	72	4
137917	2493	69	4
137932	2534	66	4
137947	2570	72	4
137962	2610	71	4
137977	2650	75	4
137993	2691	74	4
138008	2736	68	4
138023	2772	68	4
138029	2812	67	4
138045	2848	59	4
138060	2880	50	4
138075	2912	46	4
138090	2934	43	4
138105	2961	34	4
138120	2979	20	4
138125	2988	11	4
138140	2997	0	4
138155	2997	-11	4
138170	2992	-16	4
138185	2984	-16	4
138200	2974	-11	4
138215	2970	-14	4
138220	2961	-17	4
138235	2952	-21	4
138250	2938	-23	4
138265	2930	-24	4
138280	2916	-10	4
138295	2907	2	4
138310	2907	4	4
138325	2907	14	4
138330	2916	31	4
138345	2934	41	4
138360	2956	49	4
138375	2984	55	4
138390	3015	68	4
138405	3051	79	4
138421	3096	81	4
138426	3141	84	4
138442	3190	82	4
138457	3236	86	4
138472	3285	84	4
138487	3330	73	4
138502	3375	56	4
138517	3406	49	4
138532	3434	49	4
138537	3460	43	4
138552	3483	32	4
138567	3501	26	4
138582	3514	28	4
138597	3532	26	4
138612	3546	16	4
138632	3555	8	4
138637	3560	3	4
138652	3564	-5	4
138667	3564	-8	4
138682	3560	-11	4
138697	3550	-15	4
138712	3546	-16	4
138727	3537	-15	4
138732	3528	-12	4
138747	3519	-13	4
138762	3514	-7	4
138777	3510	4	4
138792	3510	10	4
138808	3514	16	4
138823	3524	32	4
138838	3542	46	4
138843	3564	55	4
138858	3596	71	4
138873	36	83	4
138888	81	89	4
138904	135	93	4
138919	184	101	4
138934	243	103	4
138939	302	100	4
138954	356	90	4
138969	405	83	4
138984	454	83	4
138999	500	69	4
139014	540	57	4
139029	572	50	4
139044	598	41	4
139049	621	27	4
139064	639	19	4
139079	648	14	4
139094	657	2	4
139109	657	-4	4
139124	657	-1	4
139144	657	-2	4
139149	657	2	4
139164	657	6	4
139179	657	9	4
139195	662	3	4
139211	666	-4	4
139226	666	0	4
139241	666	1	4
139246	666	1	4
139261	666	6	4
139276	666	13	4
139292	675	19	4
139307	684	20	4
139322	698	19	4
139337	706	18	4
139352	716	18	4
139357	729	19	4
139372	738	21	4
139387	752	26	4
139402	765	29	4
139417	778	31	4
139432	796	36	4
139447	819	40	4
139452	842	35	4
139467	860	38	4
139482	882	40	4
139497	904	40	4
139513	927	38	4
139528	950	39	4
139543	972	34	4
139548	990	20	4
139563	999	10	4
139578	1008	-2	4
139593	1008	-8	4
139608	1004	-10	4
139623	999	-14	4
139638	990	-15	4
139653	981	-11	4
139658	976	1	4
139673	976	20	4
139688	986	38	4
139704	1004	59	4
139720	1040	84	4
139735	1084	110	4
139750	1148	121	4
139755	1215	119	4
139770	1282	105	4
139786	1341	92	4
139801	1395	79	4
139816	1440	66	4
139831	1476	52	4
139846	1503	31	4
139861	1521	8	4
139866	1526	-3	4
139881	1526	-16	4
139896	1521	-28	4
139911	1503	-31	4
139926	1485	-24	4
139941	1472	-19	4
139956	1462	-17	4
139961	1454	-15	4
139976	1444	-15	4
139991	1436	-14	4
140006	1426	-9	4
140021	1422	1	4
140036	1422	10	4
140056	1426	18	4
140061	1436	33	4
140076	1454	44	4
140091	1480	50	4
140106	1508	58	4
140121	1539	70	4
140136	1580	82	4
140151	1624	85	4
140166	1674	90	4
140171	1724	93	4
140186	1778	89	4
140201	1827	76	4
140216	1868	66	4
140231	1904	56	4
140246	1935	47	4
140261	1962	43	4
140266	1989	40	4
140281	2012	29	4
140296	2025	11	4
140311	2034	-2	4
140326	2034	-10	4
140341	2030	-23	4
140356	2016	-25	4
140361	2002	-23	4
140376	1989	-21	4
140391	1980	-20	4
140406	1966	-22	4
140421	1953	-26	4
140436	1940	-25	4
140456	1926	-20	4
140471	1912	-19	4
140476	1904	-18	4
140491	1894	-16	4
140506	1886	-10	4
140521	1881	-2	4
140536	1876	5	4
140551	1876	12	4
140566	1886	28	4
140571	1899	48	4
140586	1926	63	4
140602	1962	76	4
140618	2002	86	4
140633	2052	92	4
140648	2106	92	4
140663	2156	88	4
140678	2205	82	4
140683	2250	73	4
140699	2295	69	4
140714	2331	63	4
140729	2367	50	4
140744	2394	29	4
140759	2412	18	4
140774	2421	7	4
140779	2426	-8	4
140794	2426	-21	4
140809	2412	-22	4
140824	2403	-18	4
140839	2390	-20	4
140855	2380	-24	4
140871	2367	-22	4
140876	2354	-21	4
140891	2340	-18	4
140906	2331	-20	4
140921	2322	-26	4
140936	2304	-24	4
140951	2290	-14	4
140966	2286	0	4
140981	2286	2	4
140986	2286	7	4
141001	2286	20	4
141016	2295	29	4
141031	2313	38	4
141046	2336	48	4
141061	2362	66	4
141076	2398	87	4
141081	2448	93	4
141096	2502	89	4
141111	2552	87	4
141126	2601	82	4
141141	2646	78	4
141156	2691	75	4
141176	2732	63	4
141191	2768	51	4
141196	2794	46	4
141211	2822	43	4
141226	2844	31	4
141241	2862	14	4
141256	2871	4	4
141271	2871	-4	4
141286	2871	-10	4
141291	2871	-21	4
141306	2858	-26	4
141321	2844	-24	4
141336	2830	-26	4
141351	2812	-31	4
141366	2799	-38	4
141381	2776	-43	4
141386	2750	-36	4
141401	2732	-25	4
141416	2718	-23	4
141431	2704	-24	4
141446	2691	-14	4
141461	2682	-4	4
141476	2682	2	4
141496	2682	7	4
141501	2682	18	4
141516	2691	43	4
141531	2718	63	4
141546	2750	77	4
141561	2794	92	4
141576	2848	101	4
141591	2902	110	4
141596	2966	105	4
141611	3024	96	4
141626	3078	78	4
141641	3123	72	4
141656	3164	66	4
141671	3200	59	4
141686	3231	50	4
141691	3262	43	4
141706	3285	38	4
141721	3308	22	4
141736	3321	-3	4
141751	3321	-24	4
141767	3308	-33	4
141782	3290	-36	4
141797	3267	-44	4
141802	3244	-41	4
141817	3222	-34	4
141832	3204	-19	4
141847	3190	4	4
141862	3190	32	4
141877	3208	64	4
141892	3244	98	4
141897	3298	127	4
141912	3370	137	4
141927	3447	129	4
141942	3519	116	4
141957	3586	110	4
141972	45	101	4
141988	104	91	4
142004	153	83	4
142009	202	79	4
142024	248	82	4
142039	292	91	4
142054	342	99	4
142069	400	108	4
142084	459	111	4
142099	522	117	4
142104	590	120	4
142119	657	114	4
142134	720	109	4
142149	783	112	4
142164	846	115	4
142184	909	104	4
142199	968	85	4
142204	1017	75	4
142219	1058	65	4
142234	1094	57	4
142249	1125	53	4
142264	1156	48	4
142279	1184	40	4
142294	1206	28	4
142310	1220	15	4
142315	1228	-4	4
142330	1228	-14	4
142345	1224	-12	4
142360	1215	-12	4
142375	1210	-13	4
142390	1202	-17	4
142405	1192	-16	4
142410	1184	-18	4
142425	1174	-25	4
142440	1161	-28	4
142455	1143	-26	4
142470	1130	-23	4
142485	1116	-23	4
142500	1102	-19	4
142505	1094	-5	4
142520	1089	3	4
142535	1089	6	4
142550	1089	18	4
142565	1102	31	4
142580	1120	48	4
142596	1148	68	4
142616	1184	89	4
142621	1233	96	4
142636	1287	91	4
142651	1341	91	4
142666	1390	88	4
142681	1440	76	4
142696	1480	67	4
142711	1521	61	4
142716	1552	59	4
142731	1588	61	4
142746	1620	54	4
142761	1652	39	4
142776	1674	19	4
142791	1683	3	4
142806	1688	-6	4
142821	1688	-11	4
142826	1683	-11	4
142841	1674	2	4
142856	1674	43	4
142871	1696	87	4
142886	1746	116	4
142901	1809	135	4
142916	1886	133	4
142921	1962	114	4
142936	2025	87	4
142951	2074	66	4
142966	2110	56	4
142981	2142	52	4
142996	2174	48	4
143016	2200	43	4
143021	2223	35	4
143037	2241	28	4
143052	2259	20	4
143067	2268	2	4
143082	2272	-17	4
143097	2264	-18	4
143112	2254	-17	4
143127	2246	-27	4
143132	2232	-43	4
143148	2205	-48	4
143163	2178	-45	4
143178	2156	-43	4
143193	2128	-42	4
143208	2106	-35	4
143223	2088	-23	4
143228	2074	-16	4
143243	2066	-15	4
143258	2056	-13	4
143273	2048	-4	4
143289	2048	7	4
143304	2048	24	4
143319	2061	37	4
143334	2079	52	4
143339	2110	68	4
143354	2146	81	4
143370	2196	80	4
143385	2241	72	4
143400	2282	74	4
143415	2322	79	4
143430	2367	72	4
143435	2408	56	4
143450	2439	47	4
143466	2466	35	4
143482	2484	26	4
143497	2498	28	4
143512	2516	36	4
143527	2534	47	4
143532	2560	70	4
143548	2601	96	4
143563	2655	106	4
143578	2714	98	4
143593	2768	85	4
143608	2817	78	4
143623	2862	69	4
143638	2898	53	4
143643	2930	37	4
143658	2952	36	4
143673	2970	28	4
143688	2988	13	4
143703	2992	2	4
143718	2992	-5	4
143733	2992	-10	4
143738	2988	-14	4
143753	2984	-25	4
143768	2970	-37	4
143783	2948	-47	4
143798	2920	-46	4
143813	2894	-45	4
143828	2871	-54	4
143833	2840	-59	4
143848	2808	-48	4
143864	2781	-37	4
143879	2758	-34	4
143894	2740	-28	4
143909	2722	-23	4
143924	2709	-15	4
143944	2700	-2	4
143949	2700	10	4
143964	2704	24	4
143979	2718	34	4
143994	2736	47	4
144009	2763	62	4
144025	2794	63	4
144040	2830	58	4
144045	2866	55	4
144060	2894	59	4
144075	2930	59	4
144090	2961	52	4
144105	2992	44	4
144120	3015	36	4
144135	3038	26	4
144150	3051	18	4
144155	3060	5	4
144170	3064	-9	4
144185	3064	-9	4
144200	3056	-5	4
144215	3056	-11	4
144230	3046	-24	4
144245	3033	-24	4
144250	3020	-15	4
144265	3015	-8	4
144281	3010	3	4
144296	3010	34	4
144311	3024	71	4
144326	3064	88	4
144341	3114	92	4
144346	3168	91	4
144361	3218	95	4
144376	3272	86	4
144391	3321	76	4
144406	3362	64	4
144421	3398	52	4
144436	3429	40	4
144456	3452	30	4
144461	3465	19	4
144476	3478	7	4
144491	3483	1	4
144506	3483	2	4
144521	3483	-6	4
144536	3483	-17	4
144551	3474	-18	4
144556	3465	-18	4
144571	3456	-23	4
144586	3442	-31	4
144601	3424	-31	4
144617	3406	-31	4
144632	3388	-36	4
144647	3370	-42	4
144652	3344	-41	4
144667	3321	-33	4
144682	3303	-20	4
144697	3294	-11	4
144713	3285	3	4
144728	3285	28	4
144743	3298	61	4
144758	3334	90	4
144763	3384	94	4
144778	3438	86	4
144794	3488	79	4
144810	3528	77	4
144825	3573	64	4
144840	9	55	4
144855	40	41	4
144860	63	25	4
144875	76	9	4
144890	81	12	4
144905	90	17	4
144920	99	11	4
144935	104	10	4
144950	112	15	4
144965	117	9	4
144970	126	-7	4
144985	126	-14	4
145000	117	-15	4
145015	108	-17	4
145030	99	-24	4
145045	86	-26	4
145060	72	-29	4
145065	54	-29	4
145080	36	-30	4
145095	22	-27	4
145110	4	-21	4
145125	3596	-10	4
145140	3586	13	4
145155	3591	40	4
145160	14	55	4
145175	45	59	4
145190	76	67	4
145205	117	64	4
145220	153	48	4
145240	180	38	4
145255	198	35	4
145270	220	27	4
145275	234	21	4
145290	248	19	4
145305	256	16	4
145320	266	3	4
145335	270	-3	4
145350	270	-4	4
145365	270	-6	4
145370	266	-10	4
145385	261	-11	4
145400	252	-14	4
145415	243	-26	4
145430	230	-33	4
145445	212	-34	4
145460	194	-30	4
145480	176	-32	4
145485	158	-32	4
145500	140	-26	4
145515	126	-22	4
145530	112	-22	4
145545	99	-15	4
145560	90	-9	4
145575	86	-1	4
145580	86	8	4
145595	86	18	4
145610	99	27	4
145625	112	30	4
145640	130	39	4
145655	153	46	4
145670	176	45	4
145675	202	40	4
145690	225	44	4
145705	248	49	4
145720	279	44	4
145735	302	33	4
145750	320	23	4
145765	333	10	4
145780	338	0	4
145785	338	-8	4
145800	338	-12	4
145815	333	-14	4
145830	324	-13	4
145845	315	-12	4
145860	310	-14	4
145880	302	-21	4
145885	288	-15	4
145900	284	-12	4
145915	274	-14	4
145930	266	-27	4
145945	252	-26	4
145960	238	-16	4
145975	230	-12	4
145980	220	-14	4
145995	212	-11	4
146010	207	-4	4
146025	207	-1	4
146040	202	5	4
146055	202	10	4
146070	207	16	4
146085	216	25	4
146090	234	37	4
146105	252	42	4
146120	274	34	4
146135	297	34	4
146150	315	27	4
146165	328	23	4
146180	342	25	4
146185	356	32	4
146200	374	36	4
146215	396	33	4
146230	414	24	4
146245	428	14	4
146260	436	12	4
146276	441	11	4
146291	450	9	4
146296	454	0	4
146311	454	-10	4
146326	450	-15	4
146341	441	-16	4
146356	432	-21	4
146371	423	-28	4
146391	405	-30	4
146396	392	-26	4
146411	374	-33	4
146426	356	-42	4
146441	333	-45	4
146456	306	-40	4
146471	284	-36	4
146486	266	-33	4
146491	248	-23	4
146506	234	-16	4
146521	225	-9	4
146536	220	4	4
146551	220	11	4
146566	225	17	4
146581	234	24	4
146596	248	29	4
146601	261	36	4
146616	284	35	4
146631	302	37	4
146646	324	41	4
146661	346	43	4
146676	369	42	4
146697	396	43	4
146702	418	43	4
146717	441	33	4
146732	464	21	4
146747	472	12	4
146762	482	8	4
146777	486	5	4
146793	486	10	4
146798	495	13	4
146813	500	7	4
146828	504	4	4
146843	508	6	4
146858	508	10	4
146873	518	15	4
146888	522	32	4
146904	540	60	4
146909	576	72	4
146924	616	76	4
146939	657	78	4
146954	702	78	4
146969	747	68	4
146984	783	52	4
146999	814	34	4
147004	832	26	4
147019	846	17	4
147034	860	15	4
147049	864	20	4
147064	878	20	4
147080	886	19	4
147095	900	23	4
147110	914	18	4
147115	922	2	4
147130	922	-6	4
147145	922	-7	4
147160	918	-9	4
147175	914	-15	4
147190	904	-12	4
147205	900	-6	4
147210	896	-7	4
147226	891	-8	4
147242	886	-3	4
147257	886	-2	4
147272	886	-8	4
147287	882	-5	4
147302	878	17	4
147307	882	35	4
147322	904	51	4
147337	932	59	4
147352	963	70	4
147367	1004	75	4
147382	1048	68	4
147397	1084	58	4
147412	1116	56	4
147417	1148	56	4
147432	1179	54	4
147447	1210	47	4
147462	1238	37	4
147477	1260	36	4
147492	1278	45	4
147508	1305	45	4
147513	1328	32	4
147528	1346	31	4
147543	1364	35	4
147559	1386	24	4
147574	1400	10	4
147589	1404	2	4
147604	1404	3	4
147619	1404	4	4
147624	1408	-8	4
147639	1408	-15	4
147654	1400	-18	4
147669	1390	-11	4
147684	1382	7	4
147699	1382	31	4
147719	1400	59	4
147724	1436	91	4
147739	1485	109	4
147754	1548	106	4
147770	1606	89	4
147785	1656	80	4
147800	1701	77	4
147815	1746	71	4
147820	1782	56	4
147835	1814	51	4
147850	1845	52	4
147865	1872	40	4
147880	1894	24	4
147895	1908	12	4
147910	1917	8	4
147925	1922	3	4
147930	1922	4	4
147945	1926	2	4
147960	1926	-6	4
147975	1926	-3	4
147990	1926	-4	4
148005	1922	-7	4
148020	1917	-9	4
148025	1912	-9	4
148041	1908	0	4
148056	1908	6	4
148071	1908	11	4
148086	1912	10	4
148101	1922	14	4
148116	1926	16	4
148121	1935	24	4
148136	1948	32	4
148151	1966	41	4
148166	1989	46	4
148181	2016	56	4
148196	2048	58	4
148216	2079	58	4
148231	2115	47	4
148236	2142	46	4
148251	2164	36	4
148266	2187	27	4
148281	2200	25	4
148296	2214	43	4
148311	2241	65	4
148326	2277	75	4
148331	2318	76	4
148346	2362	68	4
148361	2398	56	4
148376	2430	48	4
148391	2457	30	4
148406	2475	15	4
148421	2484	8	4
148436	2488	7	4
148441	2493	3	4
148456	2493	-4	4
148471	2493	-14	4
148486	2488	-12	4
148501	2480	-9	4
148516	2475	-8	4
148536	2470	-5	4
148541	2466	4	4
148556	2466	14	4
148571	2475	19	4
148586	2484	15	4
148601	2493	20	4
148616	2506	23	4
148631	2516	32	4
148636	2534	39	4
148651	2556	46	4
148666	2583	50	4
148681	2610	57	4
148696	2642	65	4
148711	2682	63	4
148726	2714	58	4
148742	2750	54	4
148747	2776	43	4
148762	2804	28	4
148777	2817	19	4
148792	2830	5	4
148807	2830	-4	4
148822	2830	-7	4
148837	2830	-7	4
148842	2826	-7	4
148857	2822	-9	4
148872	2817	-7	4
148887	2812	0	4
148902	2812	16	4
148917	2817	33	4
148932	2835	39	4
148948	2858	47	4
148953	2884	52	4
148968	2916	44	4
148983	2938	36	4
148998	2961	33	4
149014	2979	35	4
149029	2997	39	4
149044	3020	42	4
149049	3042	36	4
149064	3064	39	4
149079	3087	35	4
149094	3105	18	4
149109	3114	2	4
149124	3114	-1	4
149139	3114	1	4
149144	3114	1	4
149159	3118	-1	4
149174	3118	-7	4
149189	3114	-14	4
149204	3110	-21	4
149219	3096	-22	4
149239	3082	-28	4
149254	3069	-21	4
149259	3056	-2	4
149275	3056	8	4
149290	3056	13	4
149305	3064	11	4
149320	3069	16	4
149335	3078	20	4
149350	3092	23	4
149355	3100	25	4
149370	3118	32	4
149386	3136	43	4
149401	3159	50	4
149416	3186	44	4
149431	3213	40	4
149447	3236	36	4
149452	3254	31	4
149467	3272	25	4
149482	3285	16	4
149497	3294	3	4
149512	3298	-1	4
149527	3298	-2	4
149542	3298	-6	4
149557	3294	-12	4
149562	3290	-12	4
149577	3280	-10	4
149592	3276	-15	4
149607	3267	-12	4
149622	3262	-6	4
149637	3258	-4	4
149652	3254	-1	4
149657	3254	6	4
149672	3254	9	4
149687	3258	16	4
149702	3267	31	4
149717	3285	43	4
149732	3312	49	4
149748	3339	50	4
149768	3366	46	4
149773	3393	43	4
149788	3416	46	4
149803	3442	37	4
149818	3460	32	4
149833	3478	34	4
149848	3501	36	4
149863	3519	27	4
149868	3537	14	4
149883	3542	9	4
149898	3546	2	4
149914	3550	-6	4
149930	3550	-15	4
149945	3542	-19	4
149960	3532	-20	4
149965	3519	-16	4
149980	3510	-15	4
149995	3501	-16	4
150010	3492	-10	4
150025	3488	-6	4
150040	3483	0	4
150055	3483	13	4
150070	3488	29	4
150075	3506	45	4
150090	3528	70	4
150105	3568	87	4
150120	18	90	4
150135	68	87	4
150150	117	76	4
150165	158	65	4
150170	198	57	4
150185	230	52	4
150200	256	48	4
150215	284	44	4
150230	310	41	4
150245	333	30	4
150260	351	18	4
150265	360	0	4
150280	360	-13	4
150296	356	-19	4
150311	346	-12	4
150326	338	-12	4
150342	333	-19	4
150357	320	-17	4
150372	310	-9	4
150378	306	-13	4
150393	297	-16	4
150408	288	-11	4
150423	284	-7	4
150438	279	1	4
150453	279	1	4
150468	279	2	4
150474	279	13	4
150489	284	24	4
150504	297	30	4
150519	315	35	4
150534	338	44	4
150549	360	49	4
150564	387	52	4
150579	418	49	4
150584	446	43	4
150599	468	35	4
150614	490	28	4
150629	504	18	4
150644	513	8	4
150659	518	6	4
150679	522	6	4
150684	526	-2	4
150699	526	-15	4
150714	522	-16	4
150729	513	-18	4
150744	500	-24	4
150759	486	-27	4
150774	472	-31	4
150779	454	-33	4
150794	436	-27	4
150809	423	-24	4
150824	410	-23	4
150839	396	-21	4
150854	382	-11	4
150870	378	-8	4
150886	374	-1	4
150891	374	6	4
150906	374	14	4
150921	378	24	4
150936	392	33	4
150951	410	41	4
150966	432	44	4
150981	459	49	4
150986	486	44	4
151001	513	36	4
151016	531	30	4
151031	549	24	4
151046	562	22	4
151062	576	24	4
151077	590	22	4
151092	598	14	4
151097	608	10	4
151112	612	8	4
151127	616	2	4
151142	621	-14	4
151158	616	-24	4
151174	603	-27	4
151189	585	-26	4
151194	572	-29	4
151209	554	-32	4
151224	536	-37	4
151239	518	-39	4
151254	495	-40	4
151269	472	-38	4
151284	450	-36	4
151289	432	-31	4
151304	414	-28	4
151319	396	-17	4
151334	387	-17	4
151349	378	-9	4
151364	374	-1	4
151384	374	9	4
151399	374	17	4
151404	382	26	4
151419	396	36	4
151434	418	46	4
151449	446	50	4
151464	472	57	4
151479	504	57	4
151494	536	51	4
151499	567	43	4
151514	590	34	4
151529	608	32	4
151544	626	30	4
151559	644	25	4
151575	657	16	4
151590	666	4	4
151595	670	-4	4
151610	670	-10	4
151625	666	-14	4
151640	657	-18	4
151655	648	-23	4
151670	634	-23	4
151685	621	-23	4
151700	608	-27	4
151706	594	-27	4
151721	576	-26	4
151736	562	-21	4
151751	549	-12	4
151766	544	-2	4
151781	544	15	4
151797	549	39	4
151802	572	70	4
151818	608	91	4
151834	662	87	4
151850	711	75	4
151865	752	66	4
151880	788	58	4
151895	819	52	4
151910	850	42	4
151915	873	26	4
151930	886	13	4
151945	896	8	4
151960	900	4	4
151975	904	-4	4
151990	904	-15	4
152005	896	-14	4
152010	886	-10	4
152025	882	-15	4
152040	873	-15	4
152055	864	-18	4
152070	855	-23	4
152085	842	-27	4
152100	828	-32	4
152105	810	-28	4
152120	792	-20	4
152135	783	-15	4
152150	774	-5	4
152165	770	3	4
152180	770	11	4
152195	774	19	4
152215	788	25	4
152220	801	36	4
152235	819	39	4
152250	842	43	4
152265	864	50	4
152280	896	55	4
152295	927	59	4
152310	958	56	4
152315	990	55	4
152330	1022	45	4
152345	1044	41	4
152360	1071	28	4
152375	1084	15	4
152390	1094	11	4
152405	1098	6	4
152410	1102	4	4
152425	1107	3	4
152441	1107	4	4
152456	1107	5	4
152471	1112	0	4
152486	1112	-9	4
152501	1112	-17	4
152516	1102	-21	4
152521	1089	-23	4
152536	1076	-29	4
152551	1062	-32	4
152566	1044	-31	4
152581	1026	-21	4
152596	1012	-11	4
152611	1008	-10	4
152616	999	-11	4
152631	994	-11	4
152646	990	-4	4
152661	986	-7	4
152676	981	-7	4
152696	976	6	4
152711	976	25	4
152726	990	40	4
152731	1012	50	4
152746	1044	57	4
152761	1076	65	4
152776	1112	63	4
152791	1148	49	4
152806	1174	38	4
152821	1197	37	4
152826	1215	40	4
152841	1238	37	4
152856	1260	41	4
152871	1282	44	4
152886	1310	46	4
152901	1332	43	4
152916	1359	38	4
152921	1377	32	4
152936	1395	31	4
152951	1413	26	4
152966	1431	19	4
152981	1440	17	4
152996	1449	18	4
153016	1458	18	4
153031	1472	8	4
153036	1476	3	4
153051	1476	-3	4
153066	1476	-9	4
153082	1472	-17	4
153098	1462	-27	4
153114	1449	-36	4
153130	1426	-38	4
153135	1408	-37	4
153150	1386	-41	4
153165	1364	-43	4
153180	1336	-33	4
153195	1318	-24	4
153210	1305	-20	4
153225	1296	-14	4
153241	1287	-7	4
153246	1282	-1	4
153261	1282	9	4
153276	1282	20	4
153292	1296	30	4
153307	1314	43	4
153322	1336	47	4
153338	1364	49	4
153343	1390	50	4
153358	1418	49	4
153373	1444	45	4
153388	1472	41	4
153403	1494	45	4
153418	1521	42	4
153433	1544	36	4
153438	1562	29	4
153453	1580	20	4
153468	1593	12	4
153483	1598	10	4
153498	1602	10	4
153513	1611	7	4
153528	1611	8	4
153543	1616	21	4
153548	1629	36	4
153563	1652	52	4
153578	1678	71	4
153593	1719	81	4
153608	1764	81	4
153623	1809	68	4
153638	1850	51	4
153643	1876	33	4
153659	1894	21	4
153674	1908	13	4
153689	1912	9	4
153704	1922	11	4
153719	1926	7	4
153734	1930	-3	4
153739	1930	-7	4
153754	1926	-14	4
153770	1922	-21	4
153785	1908	-26	4
153800	1894	-22	4
153815	1881	-22	4
153830	1868	-25	4
153845	1854	-23	4
153850	1840	-20	4
153865	1832	-20	4
153880	1818	-22	4
153896	1809	-17	4
153911	1796	-19	4
153926	1786	-11	4
153941	1782	-2	4
153946	1778	12	4
153961	1782	25	4
153976	1796	32	4
153991	1814	38	4
154006	1836	42	4
154021	1858	47	4
154037	1886	51	4
154052	1912	54	4
154057	1944	51	4
154072	1976	44	4
154087	1998	44	4
154102	2025	42	4
154117	2048	36	4
154132	2066	28	4
154147	2084	23	4
154152	2097	23	4
154167	2110	16	4
154182	2120	8	4
154197	2124	6	4
154213	2124	2	4
154228	2128	-3	4
154248	2128	-8	4
154253	2124	-16	4
154268	2115	-20	4
154283	2106	-17	4
154298	2092	-15	4
154313	2088	-21	4
154328	2074	-21	4
154343	2061	-12	4
154358	2056	-5	4
154363	2052	3	4
154378	2052	12	4
154393	2056	24	4
154408	2070	25	4
154423	2084	28	4
154438	2102	36	4
154453	2120	47	4
154458	2146	53	4
154474	2178	54	4
154490	2210	57	4
154506	2241	59	4
154522	2272	55	4
154538	2304	38	4
154554	2326	23	4
154559	2340	9	4
154575	2344	-5	4
154591	2344	-14	4
154607	2336	-21	4
154623	2326	-26	4
154639	2308	-26	4
154654	2295	-30	4
154669	2277	-34	4
154674	2259	-40	4
154689	2236	-35	4
154704	2218	-28	4
154720	2200	-16	4
154735	2192	-5	4
154750	2192	10	4
154765	2192	29	4
154770	2210	42	4
154785	2232	53	4
154800	2259	66	4
154815	2300	74	4
154830	2340	79	4
154845	2385	78	4
154860	2430	76	4
154875	2470	70	4
154880	2511	66	4
154895	2547	56	4
154910	2578	43	4
154925	2601	27	4
154940	2619	13	4
154955	2624	-1	4
154970	2624	-11	4
154975	2624	-15	4
154990	2614	-10	4
155005	2610	-10	4
155020	2601	-12	4
155035	2596	-12	4
155050	2588	-3	4
155065	2588	0	4
155070	2588	1	4
155085	2588	9	4
155100	2588	16	4
155115	2596	25	4
155130	2614	28	4
155145	2628	32	4
155160	2646	41	4
155175	2668	52	4
155180	2700	61	4
155195	2732	67	4
155210	2772	71	4
155225	2812	69	4
155240	2848	59	4
155255	2884	51	4
155270	2912	38	4
155275	2934	22	4
155290	2943	9	4
155305	2952	-3	4
155320	2952	-3	4
155335	2952	-8	4
155350	2948	-9	4
155365	2943	-8	4
155380	2938	-6	4
155385	2934	-1	4
155400	2934	2	4
155415	2934	4	4
155430	2934	2	4
155446	2934	2	4
155461	2934	3	4
155476	2934	3	4
155481	2938	7	4
155496	2943	14	4
155511	2948	22	4
155526	2961	31	4
155541	2979	36	4
155556	3002	41	4
155571	3024	45	4
155576	3046	45	4
155592	3074	44	4
155607	3096	37	4
155622	3118	32	4
155637	3136	24	4
155652	3150	15	4
155667	3159	5	4
155687	3164	1	4
155692	3164	-4	4
155708	3164	-10	4
155723	3159	-9	4
155738	3154	-5	4
155753	3150	2	4
155768	3150	-2	4
155783	3150	-10	4
155788	3146	-16	4
155803	3136	-18	4
155818	3128	-15	4
155833	3118	-13	4
155848	3110	-4	4
155863	3110	4	4
155878	3110	19	4
155883	3118	24	4
155898	3132	28	4
155914	3146	39	4
155930	3168	54	4
155946	3200	64	4
155961	3236	75	4
155976	3276	85	4
155991	3326	93	4
155996	3375	92	4
156011	3429	81	4
156026	3474	67	4
156041	3510	61	4
156056	3546	54	4
156071	3578	47	4
156087	4	41	4
156092	27	39	4
156107	50	26	4
156123	63	15	4
156138	72	4	4
156153	72	-5	4
156168	72	-10	4
156183	68	-15	4
156198	58	-19	4
156203	50	-19	4
156218	40	-17	4
156233	27	-11	4
156248	22	-8	4
156263	18	-10	4
156278	14	-4	4
156293	9	-1	4
156298	9	4	4
156313	9	11	4
156328	14	25	4
156343	27	38	4
156358	50	41	4
156373	72	39	4
156388	94	46	4
156393	122	58	4
156408	153	69	4
156423	194	71	4
156438	234	69	4
156453	270	67	4
156468	310	59	4
156483	342	49	4
156503	369	40	4
156508	392	29	4
156523	410	15	4
156538	418	2	4
156553	418	-11	4
156568	414	-16	4
156583	405	-13	4
156598	400	-15	4
156603	392	-18	4
156618	382	-18	4
156633	369	-17	4
156648	360	-14	4
156663	351	-16	4
156678	342	-10	4
156693	338	-1	4
156708	338	6	4
156713	338	10	4
156728	342	14	4
156743	351	18	4
156758	360	28	4
156773	378	40	4
156788	400	46	4
156803	423	59	4
156808	459	76	4
156823	500	81	4
156838	544	72	4
156853	585	60	4
156868	621	54	4
156883	652	51	4
156903	680	42	4
156908	702	34	4
156923	724	27	4
156938	738	18	4
156953	747	2	4
156968	747	-11	4
156983	747	-15	4
156998	738	-19	4
157013	729	-20	4
157018	716	-19	4
157033	706	-18	4
157048	698	-14	4
157063	688	-5	4
157078	684	-5	4
157093	684	-5	4
157108	680	1	4
157113	680	7	4
157128	680	12	4
157143	688	16	4
157158	698	25	4
157173	711	33	4
157188	729	36	4
157203	747	42	4
157208	774	56	4
157223	806	60	4
157238	837	64	4
157253	873	62	4
157268	909	65	4
157284	945	65	4
157300	981	58	4
157316	1012	44	4
157321	1040	27	4
157336	1053	12	4
157351	1062	1	4
157366	1062	-14	4
157381	1058	-26	4
157396	1044	-26	4
157412	1026	-35	4
157417	1008	-42	4
157432	986	-54	4
157447	954	-54	4
157462	922	-50	4
157477	896	-44	4
157492	873	-36	4
157507	850	-25	4
157527	837	-18	4
157532	828	-14	4
157547	819	-10	4
157562	814	-4	4
157577	810	6	4
157592	810	14	4
157607	819	22	4
157622	832	33	4
157627	850	48	4
157642	878	67	4
157657	914	81	4
157672	958	85	4
157688	1008	79	4
157704	1053	70	4
157720	1089	59	4
157725	1125	44	4
157740	1148	32	4
157755	1166	24	4
157770	1179	13	4
157785	1188	0	4
157800	1188	-12	4
157815	1184	-20	4
157830	1174	-29	4
157835	1156	-30	4
157850	1138	-32	4
157865	1120	-31	4
157880	1107	-27	4
157895	1089	-27	4
157910	1076	-35	4
157925	1053	-42	4
157930	1030	-47	4
157945	1004	-44	4
157960	981	-40	4
157975	958	-32	4
157990	940	-26	4
158005	927	-18	4
158020	914	-17	4
158025	904	-19	4
158040	896	-19	4
158055	882	-21	4
158070	873	-21	4
158085	860	-10	4
158100	855	8	4
158115	855	15	4
158135	864	26	4
158140	878	36	4
158155	900	48	4
158170	927	55	4
158185	958	55	4
158200	986	62	4
158215	1022	64	4
158230	1058	68	4
158235	1098	65	4
158250	1134	58	4
158265	1166	47	4
158280	1192	33	4
158295	1210	19	4
158310	1220	5	4
158325	1224	-11	4
158340	1224	-20	4
158345	1210	-27	4
158360	1197	-35	4
158375	1174	-37	4
158390	1156	-37	4
158405	1134	-33	4
158420	1116	-34	4
158435	1098	-38	4
158440	1076	-38	4
158455	1053	-35	4
158470	1035	-39	4
158485	1012	-44	4
158500	986	-37	4
158515	968	-28	4
158535	950	-27	4
158540	936	-24	4
158555	922	-18	4
158570	914	-7	4
158585	909	2	4
158600	909	12	4
158615	914	13	4
158630	918	17	4
158645	927	28	4
158650	945	38	4
158665	968	41	4
158681	990	32	4
158696	1008	22	4
158711	1022	5	4
158726	1022	-23	4
158741	1012	-53	4
158746	986	-73	4
158761	940	-82	4
158776	896	-84	4
158791	850	-78	4
158806	806	-72	4
158821	765	-62	4
158836	729	-55	4
158851	698	-42	4
158856	675	-33	4
158871	657	-26	4
158886	644	-20	4
158901	630	-11	4
158916	626	-5	4
158931	621	-1	4
158951	621	11	4
158956	626	25	4
158971	639	29	4
158986	652	22	4
159001	666	10	4
159016	670	-16	4
159031	666	-48	4
159046	639	-68	4
159051	603	-78	4
159066	558	-77	4
159081	513	-74	4
159096	472	-65	4
159111	436	-57	4
159126	405	-51	4
159142	374	-47	4
159157	351	-42	4
159162	324	-30	4
159177	310	-25	4
159192	292	-15	4
159207	288	-5	4
159222	284	6	4
159237	284	6	4
159253	288	10	4
159258	292	19	4
159273	302	26	4
159288	315	27	4
159303	333	13	4
159318	338	-11	4
159333	338	-38	4
159348	315	-55	4
159353	284	-59	4
159368	252	-56	4
159383	220	-42	4
159398	198	-31	4
159413	180	-21	4
159428	166	-21	4
159443	158	-19	4
159463	144	-18	4
159468	135	-16	4
159483	126	-11	4
159498	122	0	4
159513	122	17	4
159528	126	29	4
159543	140	36	4
159558	162	39	4
159563	184	49	4
159578	212	63	4
159593	248	73	4
159608	288	81	4
159624	333	79	4
159639	378	77	4
159654	423	68	4
159669	459	57	4
159674	490	35	4
159689	513	16	4
159704	522	1	4
159719	522	-15	4
159734	518	-27	4
159749	500	-31	4
159764	482	-34	4
159769	464	-41	4
159784	441	-48	4
159799	414	-45	4
159814	387	-42	4
159829	364	-40	4
159844	342	-38	4
159859	320	-33	4
159864	302	-21	4
159879	292	-9	4
159894	288	-1	4
159909	284	4	4
159924	284	11	4
159939	288	17	4
159959	302	18	4
159974	310	13	4
159979	315	15	4
159994	324	24	4
160009	338	29	4
160025	356	20	4
160041	364	1	4
160057	369	-20	4
160073	360	-46	4
160078	333	-69	4
160094	297	-80	4
160110	252	-77	4
160126	207	-69	4
160141	166	-64	4
160156	130	-62	4
160171	99	-64	4
160176	63	-62	4
160191	27	-53	4
160206	3596	-43	4
160221	3573	-30	4
160236	3555	-26	4
160251	3542	-28	4
160266	3524	-28	4
160281	3510	-27	4
160286	3492	-16	4
160302	3483	0	4
160317	3483	14	4
160332	3488	32	4
160347	3506	55	4
160362	3537	69	4
160377	3578	80	4
160382	22	88	4
160397	72	91	4
160412	122	94	4
160427	176	96	4
160442	230	92	4
160457	279	87	4
160472	328	83	4
160487	378	76	4
160492	418	69	4
160507	459	60	4
160522	490	44	4
160537	518	21	4
160552	526	-2	4
160567	526	-22	4
160582	518	-36	4
160587	500	-39	4
160602	477	-40	4
160617	454	-36	4
160632	432	-41	4
160647	410	-49	4
160662	382	-59	4
160677	351	-55	4
160682	320	-48	4
160697	292	-42	4
160712	270	-40	4
160727	248	-35	4
160742	225	-21	4
160757	216	-9	4
160772	212	-4	4
160787	207	-5	4
160792	202	3	4
160807	202	8	4
160822	207	12	4
160837	212	13	4
160852	220	19	4
160867	230	30	4
160887	248	35	4
160892	270	39	4
160908	288	32	4
160923	306	22	4
160938	320	9	4
160953	324	-15	4
160968	320	-39	4
160983	297	-57	4
160998	266	-67	4
161004	230	-73	4
161019	189	-73	4
161034	148	-74	4
161050	104	-75	4
161065	63	-66	4
161080	27	-65	4
161095	3591	-67	4
161100	3550	-60	4
161115	3519	-54	4
161130	3488	-47	4
161145	3460	-43	4
161160	3438	-36	4
161175	3416	-23	4
161191	3402	-15	4
161196	3398	-2	4
161211	3393	6	4
161226	3393	21	4
161241	3406	34	4
161256	3424	50	4
161271	3452	62	4
161286	3488	73	4
161301	3528	80	4
161306	3573	78	4
161321	18	77	4
161336	63	75	4
161351	104	72	4
161366	144	64	4
161381	180	52	4
161397	207	35	4
161402	230	20	4
161417	238	7	4
161433	243	-5	4
161449	243	-19	4
161465	234	-32	4
161481	216	-46	4
161497	189	-54	4
161502	162	-50	4
161518	130	-47	4
161533	104	-54	4
161548	76	-57	4
161563	45	-56	4
161578	14	-59	4
161593	3578	-59	4
161608	3546	-52	4
161613	3514	-48	4
161628	3488	-38	4
161643	3470	-27	4
161658	3452	-22	4
161674	3438	-28	4
161689	3424	-40	4
161704	3402	-56	4
161709	3370	-77	4
161724	3326	-85	4
161739	3280	-90	4
161754	3226	-87	4
161770	3182	-84	4
161785	3132	-82	4
161800	3087	-81	4
161815	3042	-79	4
161820	2997	-70	4
161835	2956	-66	4
161850	2920	-54	4
161865	2889	-43	4
161881	2866	-32	4
161896	2848	-15	4
161911	2840	3	4
161916	2840	16	4
161931	2844	23	4
161946	2858	33	4
161961	2876	40	4
161976	2898	47	4
161991	2925	60	4
162006	2961	77	4
162011	3002	76	4
162026	3046	75	4
162041	3087	68	4
162056	3128	63	4
162071	3164	53	4
162086	3190	45	4
162101	3218	41	4
162116	3240	30	4
162121	3258	18	4
162137	3267	4	4
162153	3267	-6	4
162168	3267	-18	4
162183	3258	-30	4
162198	3244	-39	4
162213	3222	-43	4
162218	3195	-50	4
162233	3168	-55	4
162248	3136	-63	4
162263	3100	-70	4
162278	3064	-72	4
162293	3024	-66	4
162308	2984	-55	4
162313	2952	-52	4
162328	2925	-48	4
162343	2898	-42	4
162359	2876	-39	4
162374	2853	-38	4
162389	2830	-40	4
162404	2808	-43	4
162419	2786	-49	4
162424	2758	-59	4
162439	2722	-68	4
162454	2686	-81	4
162469	2642	-82	4
162484	2592	-72	4
162499	2552	-52	4
162519	2524	-40	4
162524	2502	-30	4
162539	2484	-20	4
162554	2475	-6	4
162569	2470	5	4
162584	2470	18	4
162599	2480	35	4
162614	2498	47	4
162629	2524	56	4
162634	2556	67	4
162649	2592	76	4
162664	2637	78	4
162679	2682	72	4
162694	2722	69	4
162709	2758	69	4
162724	2799	62	4
162729	2835	51	4
162744	2862	41	4
162759	2884	27	4
162774	2902	15	4
162789	2907	4	4
162804	2912	-7	4
162819	2912	-20	4
162825	2898	-27	4
162841	2884	-34	4
162857	2866	-39	4
162873	2844	-48	4
162889	2817	-54	4
162905	2786	-63	4
162921	2750	-68	4
162936	2714	-70	4
162941	2673	-65	4
162956	2637	-56	4
162971	2606	-46	4
162986	2578	-41	4
163002	2556	-33	4
163017	2538	-25	4
163032	2524	-17	4
163037	2516	-7	4
163053	2511	5	4
163068	2511	13	4
163083	2516	22	4
163098	2529	25	4
163113	2542	35	4
163128	2560	40	4
163143	2583	53	4
163148	2614	61	4
163163	2650	64	4
163179	2686	64	4
163194	2722	55	4
163209	2754	41	4
163224	2776	22	4
163239	2786	13	4
163244	2794	4	4
163259	2799	-4	4
163274	2799	-14	4
163289	2790	-20	4
163304	2781	-21	4
163320	2768	-27	4
163335	2754	-32	4
163340	2736	-35	4
163355	2714	-39	4
163370	2691	-46	4
163385	2668	-55	4
163400	2637	-56	4
163415	2606	-49	4
163430	2578	-43	4
163445	2552	-32	4
163450	2534	-24	4
163465	2520	-21	4
163480	2511	-18	4
163496	2498	-15	4
163511	2493	-13	4
163526	2484	-7	4
163541	2480	5	4
163546	2480	18	4
163561	2488	29	4
163576	2506	32	4
163591	2524	41	4
163606	2547	46	4
163621	2574	45	4
163636	2596	41	4
163641	2619	43	4
163656	2646	38	4
163671	2664	34	4
163686	2686	28	4
163701	2700	21	4
163716	2714	9	4
163731	2718	-1	4
163751	2718	-6	4
163756	2718	-10	4
163771	2714	-14	4
163786	2704	-16	4
163801	2696	-18	4
163816	2686	-23	4
163831	2673	-25	4
163846	2660	-31	4
163851	2642	-31	4
163866	2624	-31	4
163881	2606	-25	4
163896	2592	-21	4
163911	2578	-19	4
163926	2570	-11	4
163941	2565	0	4
163956	2565	1	4
163961	2565	-1	4
163976	2565	1	4
163991	2565	7	4
164006	2565	18	4
164021	2574	26	4
164036	2588	23	4
164051	2601	25	4
164056	2614	34	4
164071	2632	45	4
164086	2660	49	4
164101	2686	50	4
164116	2714	52	4
164131	2745	58	4
164151	2776	52	4
164156	2808	33	4
164171	2826	16	4
164186	2835	5	4
164201	2835	-3	4
164217	2835	-17	4
164233	2830	-19	4
164249	2817	-17	4
164265	2808	-17	4
164270	2799	-20	4
164286	2790	-32	4
164301	2772	-38	4
164316	2750	-43	4
164331	2727	-43	4
164346	2700	-41	4
164361	2678	-38	4
164366	2655	-26	4
164381	2642	-20	4
164396	2632	-21	4
164411	2619	-24	4
164426	2606	-24	4
164441	2592	-18	4
164457	2583	-12	4
164472	2574	-4	4
164477	2574	7	4
164492	2574	24	4
164507	2588	36	4
164522	2606	44	4
164537	2632	49	4
164552	2660	58	4
164567	2691	65	4
164572	2727	62	4
164587	2763	59	4
164602	2794	55	4
164617	2826	51	4
164632	2858	50	4
164647	2884	44	4
164663	2907	28	4
164669	2925	10	4
164684	2930	2	4
164699	2930	-6	4
164714	2930	-16	4
164729	2920	-21	4
164744	2912	-24	4
164759	2898	-27	4
164775	2880	-26	4
164780	2866	-27	4
164795	2853	-35	4
164810	2830	-36	4
164825	2812	-34	4
164840	2794	-31	4
164855	2776	-31	4
164870	2758	-26	4
164875	2745	-18	4
164890	2732	-6	4
164905	2732	2	4
164921	2732	4	4
164937	2732	12	4
164952	2736	29	4
164967	2754	32	4
164972	2772	36	4
164987	2790	43	4
165002	2817	56	4
165017	2848	58	4
165032	2880	60	4
165047	2912	56	4
165063	2943	50	4
165078	2974	47	4
165083	2997	38	4
165098	3020	26	4
165113	3033	13	4
165128	3042	21	4
165143	3056	24	4
165158	3069	14	4
165173	3074	6	4
165178	3078	0	4
165193	3078	-2	4
165208	3078	-7	4
165223	3078	-15	4
165238	3069	-17	4
165253	3060	-15	4
165268	3051	-12	4
165283	3046	-12	4
165288	3038	-12	4
165303	3033	0	4
165318	3033	24	4
165333	3042	52	4
165348	3069	72	4
165363	3110	79	4
165383	3154	79	4
165388	3200	72	4
165403	3240	59	4
165418	3272	51	4
165433	3303	47	4
165448	3330	44	4
165464	3352	34	4
165479	3370	25	4
165484	3384	15	4
165499	3393	4	4
165514	3398	-5	4
165531	3398	-10	4
165546	3393	-8	4
165561	3388	-16	4
165576	3380	-22	4
165591	3366	-25	4
165596	3352	-27	4
165613	3339	-32	4
165628	3321	-31	4
165643	3303	-23	4
165658	3290	-15	4
165673	3280	-11	4
165688	3276	-13	4
165693	3267	-14	4
165709	3258	-8	4
165725	3254	4	4
165740	3254	19	4
165755	3262	27	4
165770	3280	36	4
165785	3298	42	4
165790	3321	48	4
165805	3348	44	4
165820	3375	44	4
165835	3398	48	4
165850	3424	57	4
165865	3456	58	4
165880	3492	49	4
165895	3519	37	4
165900	3537	24	4
165915	3550	10	4
165930	3560	5	4
165945	3560	1	4
165960	3560	-4	4
165975	3560	-5	4
165990	3560	-8	4
165995	3555	-12	4
166010	3550	-21	4
166025	3537	-23	4
166040	3524	-27	4
166055	3510	-31	4
166070	3492	-34	4
166085	3474	-33	4
166100	3456	-20	4
166105	3442	-15	4
166120	3434	-14	4
166135	3424	-6	4
166150	3424	7	4
166165	3424	24	4
166180	3438	35	4
166195	3456	46	4
166200	3483	52	4
166215	3510	58	4
166230	3546	61	4
166245	3578	67	4
166260	18	64	4
166276	54	55	4
166291	81	53	4
166296	112	50	4
166311	140	42	4
166326	166	29	4
166341	180	18	4
166356	189	12	4
166371	198	7	4
166393	202	6	4
166408	207	5	4
166413	207	2	4
166428	207	-7	4
166443	207	-9	4
166458	202	0	4
166473	202	20	4
166488	212	56	4
166503	243	85	4
166508	292	98	4
166523	346	98	4
166538	400	91	4
166553	450	81	4
166568	500	69	4
166583	536	62	4
166598	572	57	4
166613	603	53	4
166618	634	45	4
166633	657	36	4
166648	680	27	4
166665	693	16	4
166680	702	10	4
166695	706	1	4
166710	711	0	4
166715	711	-4	4
166730	711	-9	4
166745	706	-12	4
166760	698	-12	4
166775	693	-14	4
166790	684	-12	4
166805	680	-5	4
166810	675	-3	4
166826	675	-2	4
166841	670	1	4
166856	670	14	4
166871	675	39	4
166886	698	69	4
166901	738	85	4
166916	783	96	4
166921	837	106	4
166936	900	101	4
166951	954	87	4
166966	1004	69	4
166981	1044	51	4
166996	1071	38	4
167011	1094	26	4
167017	1107	15	4
167032	1116	12	4
167047	1125	9	4
167062	1130	5	4
167077	1130	-5	4
167092	1130	-10	4
167107	1125	-14	4
167112	1120	-16	4
167127	1112	-23	4
167142	1098	-22	4
167157	1084	-18	4
167172	1076	-15	4
167187	1066	-18	4
167202	1058	-19	4
167222	1044	-22	4
167227	1030	-23	4
167242	1022	-18	4
167258	1008	-11	4
167273	1004	-5	4
167288	999	1	4
167304	999	8	4
167319	1004	14	4
167324	1008	20	4
167339	1022	25	4
167354	1035	36	4
167369	1053	45	4
167384	1080	49	4
167399	1107	56	4
167414	1138	62	4
167429	1174	60	4
167434	1206	50	4
167449	1238	47	4
167464	1264	39	4
167479	1282	30	4
167494	1300	22	4
167509	1314	20	4
167524	1323	13	4
167529	1332	3	4
167544	1332	-4	4
167559	1332	-5	4
167574	1332	-8	4
167589	1328	-9	4
167604	1323	-11	4
167619	1318	-16	4
167624	1310	-16	4
167639	1300	-16	4
167654	1292	-11	4
167669	1282	-9	4
167685	1278	1	4
167700	1278	9	4
167716	1282	11	4
167731	1287	9	4
167736	1292	14	4
167751	1300	28	4
167766	1314	37	4
167781	1336	34	4
167796	1354	33	4
167811	1372	36	4
167831	1395	37	4
167836	1413	35	4
167851	1436	41	4
167866	1458	48	4
167881	1485	47	4
167896	1512	42	4
167911	1534	30	4
167926	1552	15	4
167931	1562	6	4
167946	1562	-3	4
167961	1562	-10	4
167976	1562	-16	4
167991	1552	-16	4
168006	1544	-11	4
168021	1534	-15	4
168037	1526	-18	4
168042	1516	-14	4
168057	1508	-8	4
168072	1503	0	4
168087	1503	17	4
168102	1512	46	4
168117	1534	76	4
168132	1580	98	4
168138	1634	110	4
168153	1696	108	4
168168	1755	99	4
168183	1814	90	4
168198	1863	78	4
168213	1908	66	4
168228	1944	57	4
168243	1976	52	4
168248	2007	48	4
168263	2034	41	4
168278	2056	36	4
168293	2074	28	4
168308	2092	12	4
168323	2097	-6	4
168343	2097	-16	4
168348	2088	-15	4
168364	2084	-16	4
168379	2074	-21	4
168394	2061	-17	4
168409	2052	-14	4
168424	2043	-13	4
168439	2034	-11	4
168444	2030	-9	4
168459	2025	-5	4
168474	2020	-7	4
168489	2016	-3	4
168505	2016	5	4
168520	2016	11	4
168535	2020	16	4
168550	2030	28	4
168555	2048	35	4
168570	2066	44	4
168585	2092	47	4
168600	2115	58	4
168615	2151	63	4
168630	2187	60	4
168645	2218	62	4
168650	2254	53	4
168665	2282	38	4
168680	2304	28	4
168696	2322	24	4
168711	2336	17	4
168726	2344	7	4
168742	2349	3	4
168757	2349	2	4
168762	2349	-6	4
168777	2349	-15	4
168792	2344	-18	4
168807	2331	-16	4
168822	2322	-18	4
168838	2313	-27	4
168853	2300	-27	4
168858	2282	-24	4
168873	2268	-24	4
168888	2254	-24	4
168903	2241	-19	4
168918	2232	-19	4
168933	2223	-18	4
168948	2210	-13	4
168953	2205	-6	4
168968	2200	-1	4
168983	2200	6	4
168998	2200	12	4
169013	2205	23	4
169028	2218	37	4
169043	2241	54	4
169058	2268	66	4
169063	2308	68	4
169078	2344	69	4
169093	2385	76	4
169108	2426	74	4
169123	2470	69	4
169138	2506	60	4
169158	2542	52	4
169163	2570	37	4
169178	2592	25	4
169193	2606	21	4
169208	2619	15	4
169223	2624	6	4
169238	2628	-2	4
169254	2628	-5	4
169260	2628	-9	4
169275	2624	-15	4
169290	2614	-20	4
169305	2606	-15	4
169320	2596	-13	4
169335	2588	-15	4
169350	2578	-12	4
169365	2574	-13	4
169370	2565	-14	4
169386	2556	-12	4
169401	2552	-7	4
169416	2547	-10	4
169431	2542	-11	4
169446	2534	-5	4
169461	2534	6	4
169466	2534	13	4
169481	2538	19	4
169496	2552	27	4
169511	2565	31	4
169526	2583	38	4
169542	2606	48	4
169557	2632	57	4
169572	2664	62	4
169577	2700	68	4
169592	2736	72	4
169607	2776	71	4
169622	2817	61	4
169637	2853	46	4
169652	2876	41	4
169667	2898	29	4
169672	2916	14	4
169687	2925	5	4
169702	2925	-4	4
169718	2925	-14	4
169733	2920	-25	4
169748	2907	-24	4
169763	2894	-20	4
169769	2880	-21	4
169785	2871	-17	4
169801	2862	-14	4
169817	2853	-19	4
169833	2844	-18	4
169849	2830	-9	4
169864	2826	-9	4
169879	2822	-12	4
169884	2817	-6	4
169899	2812	6	4
169914	2812	15	4
169930	2822	17	4
169945	2830	23	4
169960	2844	35	4
169975	2862	47	4
169980	2889	48	4
169995	2916	50	4
170010	2943	52	4
170025	2974	50	4
170040	3002	38	4
170055	3024	25	4
170070	3038	5	4
170075	3038	-4	4
170091	3038	-7	4
170106	3038	-10	4
170121	3033	-19	4
170136	3020	-21	4
170151	3010	-17	4
170166	2997	-26	4
170181	2984	-33	4
170187	2966	-27	4
170202	2952	-16	4
170217	2943	-17	4
170232	2934	-16	4
170247	2925	-12	4
170262	2916	-5	4
170277	2912	-3	4
170282	2912	-2	4
170297	2912	-2	4
170313	2912	-5	4
170328	2907	-6	4
170343	2902	1	4
170358	2902	10	4
170373	2907	21	4
170388	2916	25	4
170393	2930	30	4
170408	2948	28	4
170423	2966	24	4
170438	2979	27	4
170453	2992	32	4
170469	3010	37	4
170484	3033	39	4
170489	3056	48	4
170504	3082	46	4
170519	3105	35	4
170534	3128	25	4
170549	3141	12	4
170564	3146	-6	4
170579	3146	-24	4
170584	3132	-30	4
170599	3118	-29	4
170614	3100	-32	4
170629	3082	-35	4
170644	3064	-34	4
170659	3042	-33	4
170674	3024	-27	4
170694	3010	-24	4
170699	2997	-24	4
170714	2984	-26	4
170729	2970	-26	4
170744	2952	-27	4
170760	2938	-25	4
170775	2925	-25	4
170790	2912	-18	4
170795	2902	-6	4
170810	2898	-6	4
170825	2894	-10	4
170841	2889	-6	4
170856	2884	5	4
170871	2884	13	4
170887	2889	15	4
170902	2898	27	4
170907	2916	37	4
170922	2934	45	4
170937	2961	56	4
170952	2992	59	4
170967	3024	55	4
170982	3056	47	4
170997	3082	40	4
171002	3105	24	4
171017	3118	-1	4
171032	3118	-23	4
171047	3110	-33	4
171063	3092	-44	4
171078	3064	-47	4
171093	3038	-45	4
171098	3015	-36	4
171113	2992	-40	4
171128	2970	-38	4
171143	2952	-27	4
171158	2934	-22	4
171173	2920	-21	4
171188	2912	-16	4
171204	2902	-5	4
171209	2898	-2	4
171225	2898	-2	4
171241	2898	2	4
171256	2898	8	4
171271	2898	7	4
171286	2902	12	4
171301	2907	26	4
171306	2925	25	4
171321	2938	25	4
171336	2952	31	4
171351	2970	39	4
171366	2992	45	4
171381	3015	47	4
171396	3042	51	4
171401	3074	53	4
171416	3100	45	4
171431	3128	43	4
171446	3150	37	4
171461	3172	28	4
171476	3186	18	4
171491	3200	12	4
171506	3204	13	4
171511	3213	4	4
171526	3213	-9	4
171541	3213	-18	4
171556	3204	-21	4
171571	3190	-24	4
171586	3177	-25	4
171606	3164	-24	4
171611	3150	-28	4
171626	3132	-34	4
171641	3114	-29	4
171656	3100	-27	4
171671	3082	-31	4
171687	3064	-25	4
171703	3051	-17	4
171718	3042	-16	4
171723	3033	-17	4
171738	3024	-13	4
171753	3015	-6	4
171768	3015	-5	4
171783	3010	6	4
171799	3010	11	4
171814	3015	12	4
171819	3024	20	4
171834	3033	33	4
171849	3051	43	4
171864	3078	50	4
171879	3105	50	4
171894	3132	55	4
171909	3164	52	4
171914	3195	45	4
171929	3218	39	4
171944	3240	47	4
171959	3267	49	4
171974	3294	44	4
171989	3321	39	4
172004	3339	32	4
172019	3357	18	4
172024	3370	3	4
172039	3370	-7	4
172054	3370	-10	4
172069	3366	-20	4
172084	3352	-29	4
172099	3339	-32	4
172114	3321	-32	4
172119	3303	-35	4
172134	3280	-41	4
172149	3258	-49	4
172164	3231	-43	4
172179	3208	-30	4
172194	3190	-18	4
172214	3182	-7	4
172219	3177	-3	4
172234	3172	-2	4
172249	3172	5	4
172264	3172	1	4
172279	3172	-1	4
172294	3172	6	4
172309	3177	17	4
172324	3186	22	4
172329	3200	24	4
172344	3213	26	4
172359	3226	27	4
172374	3240	31	4
172389	3258	40	4
172404	3280	46	4
172420	3308	50	4
172425	3334	53	4
172440	3366	43	4
172455	3388	30	4
172470	3406	20	4
172485	3416	9	4
172500	3420	-3	4
172515	3420	-16	4
172535	3416	-19	4
172540	3406	-17	4
172555	3393	-23	4
172570	3384	-29	4
172585	3366	-28	4
172601	3348	-24	4
172617	3334	-21	4
172633	3326	-22	4
172638	3312	-22	4
172654	3298	-12	4
172669	3294	-1	4
172684	3294	3	4
172699	3294	12	4
172714	3298	19	4
172729	3308	19	4
172734	3316	18	4
172749	3330	20	4
172764	3339	23	4
172779	3352	28	4
172794	3370	35	4
172809	3388	39	4
172824	3411	35	4
172839	3429	37	4
172844	3452	35	4
172859	3470	32	4
172874	3488	26	4
172889	3501	24	4
172904	3514	23	4
172919	3528	22	4
172934	3542	23	4
172939	3555	26	4
172954	3568	22	4
172969	3582	16	4
172984	3591	10	4
172999	3596	2	4
173014	3596	0	4
173029	3596	-5	4
173044	3596	-9	4
173049	3596	-11	4
173064	3586	-12	4
173079	3582	-13	4
173094	3573	-6	4
173109	3568	2	4
173124	3568	10	4
173139	3573	16	4
173144	3582	25	4
173159	3596	29	4
173174	14	35	4
173189	32	42	4
173204	54	49	4
173219	81	59	4
173234	117	66	4
173239	153	66	4
173254	189	67	4
173269	230	68	4
173284	266	70	4
173299	306	70	4
173314	346	68	4
173334	382	66	4
173349	418	60	4
173354	454	59	4
173369	486	57	4
173384	518	53	4
173399	549	54	4
173414	580	54	4
173429	612	57	4
173444	644	69	4
173449	680	92	4
173464	734	114	4
173479	796	123	4
173494	864	126	4
173509	936	124	4
173524	1008	111	4
173539	1071	93	4
173544	1120	79	4
173559	1166	68	4
173574	1206	63	4
173589	1238	59	4
173604	1274	52	4
173619	1300	50	4
173634	1332	50	4
173654	1359	40	4
173659	1382	26	4
173674	1395	19	4
173689	1404	10	4
173704	1413	3	4
173720	1413	-2	4
173735	1413	-6	4
173750	1413	-5	4
173755	1408	-2	4
173770	1408	-6	4
173786	1404	-6	4
173801	1404	-2	4
173816	1400	3	4
173831	1400	3	4
173846	1400	7	4
173861	1404	12	4
173866	1413	16	4
173881	1422	15	4
173896	1426	18	4
173911	1440	22	4
173926	1449	26	4
173941	1467	33	4
173956	1485	39	4
173961	1508	48	4
173977	1534	53	4
173993	1562	55	4
174009	1593	51	4
174025	1624	38	4
174041	1642	31	4
174056	1660	27	4
174061	1678	19	4
174076	1688	14	4
174091	1696	7	4
174106	1701	5	4
174121	1701	0	4
174136	1701	-9	4
174151	1701	-13	4
174166	1692	-14	4
174171	1688	-12	4
174186	1678	-9	4
174201	1674	-3	4
174216	1674	-1	4
174231	1670	-1	4
174246	1670	3	4
174261	1670	9	4
174266	1674	11	4
174281	1678	17	4
174296	1688	21	4
174311	1701	28	4
174326	1719	30	4
174341	1732	33	4
174356	1750	29	4
174371	1768	29	4
174376	1786	28	4
174391	1800	35	4
174406	1822	36	4
174421	1840	31	4
174436	1858	27	4
174451	1872	25	4
174466	1886	27	4
174471	1904	40	4
174486	1926	64	4
174501	1962	98	4
174516	2016	122	4
174531	2084	124	4
174546	2156	113	4
174566	2218	99	4
174571	2272	79	4
174586	2318	72	4
174601	2358	63	4
174616	2394	60	4
174631	2430	56	4
174646	2462	50	4
174661	2488	37	4
174676	2506	21	4
174681	2520	11	4
174696	2524	8	4
174711	2529	-2	4
174726	2529	-10	4
174741	2529	-14	4
174756	2520	-14	4
174771	2511	-12	4
174776	2506	-14	4
174791	2498	-10	4
174806	2493	-9	4
174821	2488	-5	4
174836	2484	-6	4
174851	2480	-8	4
174866	2475	-10	4
174871	2470	-12	4
174886	2466	-6	4
174901	2462	-2	4
174916	2462	3	4
174931	2462	6	4
174946	2462	16	4
174966	2470	21	4
174981	2480	25	4
174986	2498	26	4
175001	2511	34	4
175016	2529	39	4
175031	2552	41	4
175046	2574	41	4
175061	2596	44	4
175076	2624	47	4
175081	2650	50	4
175096	2678	45	4
175111	2700	37	4
175126	2722	32	4
175141	2740	29	4
175156	2758	17	4
175171	2768	9	4
175186	2772	-6	4
175191	2772	-17	4
175206	2763	-24	4
175221	2750	-24	4
175236	2736	-30	4
175251	2718	-28	4
175266	2704	-28	4
175286	2686	-32	4
175291	2668	-39	4
175306	2646	-40	4
175321	2624	-37	4
175337	2606	-25	4
175352	2592	-17	4
175369	2578	-19	4
175385	2570	-18	4
175390	2560	-12	4
175406	2552	-11	4
175422	2547	-5	4
175437	2542	8	4
175452	2542	19	4
175467	2556	24	4
175482	2570	27	4
175498	2583	36	4
175504	2606	41	4
175519	2628	49	4
175534	2655	58	4
175549	2686	71	4
175564	2727	71	4
175579	2768	64	4
175594	2804	44	4
175599	2826	27	4
175614	2844	17	4
175629	2853	10	4
175644	2858	0	4
175659	2858	-3	4
175675	2858	-7	4
175690	2858	-15	4
175695	2848	-25	4
175710	2835	-28	4
175725	2817	-30	4
175740	2804	-26	4
175755	2786	-24	4
175770	2772	-27	4
175785	2758	-33	4
175800	2740	-34	4
175805	2722	-38	4
175820	2700	-38	4
175835	2678	-31	4
175850	2660	-19	4
175865	2650	-11	4
175880	2642	-10	4
175896	2637	-10	4
175901	2632	-7	4
175916	2628	-2	4
175931	2628	3	4
175946	2628	-1	4
175961	2628	5	4
175976	2628	19	4
175991	2637	28	4
176006	2655	27	4
176011	2668	31	4
176026	2686	42	4
176042	2709	53	4
176057	2740	61	4
176072	2772	56	4
176087	2804	52	4
176102	2835	45	4
176107	2862	36	4
176122	2880	17	4
176137	2889	-6	4
176152	2889	-17	4
176167	2880	-21	4
176182	2871	-26	4
176197	2853	-36	4
176202	2835	-40	4
176217	2812	-42	4
176232	2790	-49	4
176247	2758	-53	4
176262	2732	-53	4
176277	2700	-43	4
176292	2678	-37	4
176307	2655	-36	4
176312	2637	-34	4
176327	2614	-39	4
176342	2596	-41	4
176357	2570	-40	4
176372	2547	-30	4
176387	2534	-30	4
176402	2516	-26	4
176407	2502	-22	4
176422	2488	-20	4
176437	2475	-16	4
176452	2466	-14	4
176467	2462	-10	4
176482	2452	-10	4
176502	2448	-5	4
176517	2448	2	4
176522	2448	4	4
176537	2448	7	4
176552	2448	2	4
176567	2452	-8	4
176582	2448	-26	4
176597	2434	-48	4
176612	2408	-67	4
176617	2372	-74	4
176632	2331	-74	4
176647	2286	-70	4
176662	2250	-59	4
176677	2214	-60	4
176692	2182	-59	4
176707	2146	-58	4
176712	2115	-54	4
176728	2084	-54	4
176744	2056	-52	4
176760	2025	-43	4
176775	2002	-40	4
176790	1980	-40	4
176805	1958	-38	4
176820	1935	-33	4
176825	1917	-32	4
176840	1899	-26	4
176855	1886	-16	4
176870	1876	-19	4
176885	1863	-28	4
176900	1850	-41	4
176915	1827	-56	4
176920	1796	-63	4
176935	1760	-63	4
176950	1724	-53	4
176965	1692	-40	4
176980	1670	-27	4
176995	1656	-17	4
177010	1647	-11	4
177015	1638	-3	4
177030	1638	6	4
177045	1638	14	4
177060	1647	26	4
177075	1660	42	4
177090	1683	57	4
177110	1714	77	4
177125	1760	84	4
177130	1804	83	4
177145	1854	83	4
177160	1899	79	4
177175	1944	72	4
177190	1984	70	4
177205	2025	65	4
177220	2061	54	4
177225	2092	38	4
177240	2110	31	4
177255	2128	23	4
177270	2142	6	4
177285	2146	-9	4
177300	2146	-21	4
177315	2133	-28	4
177330	2115	-31	4
177335	2102	-38	4
177350	2079	-46	4
177366	2052	-45	4
177381	2025	-42	4
177396	2002	-36	4
177411	1984	-34	4
177426	1962	-33	4
177431	1944	-35	4
177446	1926	-28	4
177461	1908	-23	4
177476	1899	-18	4
177491	1886	-10	4
177506	1881	-1	4
177526	1881	-1	4
177531	1881	-5	4
177546	1876	-6	4
177561	1872	-8	4
177576	1868	-2	4
177591	1868	6	4
177606	1868	17	4
177621	1876	25	4
177636	1890	31	4
177641	1908	40	4
177656	1930	47	4
177671	1958	47	4
177687	1984	53	4
177702	2016	58	4
177717	2048	60	4
177732	2079	54	4
177737	2110	49	4
177752	2138	47	4
177767	2164	41	4
177782	2187	34	4
177797	2205	25	4
177813	2223	17	4
177829	2232	6	4
177834	2232	-7	4
177849	2232	-14	4
177864	2228	-24	4
177879	2214	-30	4
177894	2196	-32	4
177909	2178	-28	4
177924	2160	-37	4
177939	2142	-42	4
177944	2120	-32	4
177959	2102	-30	4
177974	2084	-35	4
177989	2061	-32	4
178004	2043	-27	4
178019	2030	-28	4
178034	2016	-26	4
178039	1998	-23	4
178054	1984	-13	4
178069	1980	-2	4
178084	1980	2	4
178099	1980	-3	4
178114	1976	-10	4
178129	1971	-23	4
178149	1958	-37	4
178154	1940	-47	4
178169	1912	-57	4
178184	1881	-60	4
178199	1845	-52	4
178214	1818	-46	4
178229	1791	-48	4
178244	1764	-43	4
178249	1742	-31	4
178264	1724	-24	4
178281	1710	-22	4
178296	1696	-13	4
178311	1688	-1	4
178326	1688	7	4
178341	1688	13	4
178346	1696	27	4
178361	1710	40	4
178376	1732	42	4
178391	1755	51	4
178406	1786	58	4
178421	1818	61	4
178436	1854	57	4
178451	1886	52	4
178456	1912	50	4
178471	1944	47	4
178486	1966	42	4
178501	1994	39	4
178516	2016	31	4
178531	2030	18	4
178546	2043	10	4
178551	2048	-1	4
178566	2048	-16	4
178581	2043	-33	4
178596	2025	-34	4
178611	2002	-28	4
178626	1989	-36	4
178646	1966	-46	4
178661	1944	-39	4
178666	1922	-37	4
178681	1899	-42	4
178696	1876	-41	4
178711	1854	-34	4
178726	1832	-30	4
178741	1818	-27	4
178756	1800	-14	4
178761	1796	-11	4
178776	1786	-9	4
178791	1782	-3	4
178806	1782	0	4
178821	1782	-3	4
178836	1778	1	4
178851	1778	15	4
178856	1782	29	4
178871	1800	30	4
178886	1818	33	4
178901	1836	39	4
178916	1858	44	4
178931	1881	47	4
178946	1908	50	4
178966	1935	55	4
178971	1966	58	4
178986	2002	53	4
179001	2030	47	4
179016	2056	31	4
179031	2074	12	4
179046	2079	7	4
179061	2084	7	4
179066	2088	-7	4
179081	2088	-19	4
179096	2079	-21	4
179111	2066	-21	4
179126	2056	-32	4
179142	2038	-41	4
179157	2012	-35	4
179162	1994	-34	4
179177	1976	-41	4
179192	1953	-46	4
179208	1926	-49	4
179223	1899	-43	4
179238	1872	-38	4
179253	1854	-34	4
179268	1832	-37	4
179273	1814	-40	4
179288	1791	-37	4
179303	1768	-32	4
179318	1750	-33	4
179333	1732	-38	4
179348	1710	-32	4
179363	1692	-18	4
179368	1683	-14	4
179383	1674	-12	4
179398	1670	-2	4
179413	1670	2	4
179428	1670	0	4
179443	1670	6	4
179458	1670	12	4
179473	1674	18	4
179478	1683	34	4
179493	1706	55	4
179508	1737	69	4
179523	1773	72	4
179538	1814	72	4
179554	1854	67	4
179570	1894	59	4
179576	1926	50	4
179592	1953	45	4
179607	1980	44	4
179622	2002	43	4
179637	2030	32	4
179652	2048	22	4
179667	2056	13	4
179672	2066	3	4
179687	2066	-8	4
179702	2066	-16	4
179717	2056	-28	4
179732	2043	-33	4
179747	2025	-27	4
179762	2007	-27	4
179777	1994	-38	4
179782	1971	-39	4
179797	1948	-28	4
179812	1935	-30	4
179827	1917	-41	4
179842	1894	-39	4
179863	1872	-32	4
179878	1854	-34	4
179883	1836	-29	4
179898	1818	-24	4
179913	1804	-19	4
179928	1796	-14	4
179943	1786	-6	4
179958	1782	-4	4
179973	1782	-6	4
179978	1778	-4	4
179993	1778	7	4
180008	1778	12	4
180023	1782	9	4
180038	1786	13	4
180053	1796	30	4
180068	1814	45	4
180083	1836	41	4
180088	1858	42	4
180103	1886	53	4
180119	1912	61	4
180134	1948	65	4
180149	1984	62	4
180164	2020	49	4
180180	2048	30	4
180185	2066	22	4
180200	2074	11	4
180215	2084	-10	4
180230	2079	-26	4
180245	2066	-31	4
180260	2048	-36	4
180275	2030	-48	4
180290	2002	-52	4
180295	1971	-49	4
180310	1944	-44	4
180325	1922	-46	4
180340	1894	-45	4
180355	1868	-49	4
180370	1840	-50	4
180391	1814	-50	4
180396	1786	-45	4
180411	1760	-46	4
180426	1732	-42	4
180441	1710	-33	4
180456	1692	-25	4
180471	1678	-31	4
180487	1660	-36	4
180492	1638	-30	4
180507	1624	-21	4
180522	1611	-18	4
180537	1602	-14	4
180553	1593	-3	4
180568	1593	-1	4
180583	1588	-2	4
180598	1588	10	4
180603	1593	17	4
180618	1602	23	4
180633	1616	39	4
180648	1634	52	4
180663	1665	48	4
180678	1692	41	4
180693	1714	33	4
180698	1732	18	4
180713	1742	-22	4
180729	1737	-54	4
180744	1706	-69	4
180759	1665	-72	4
180774	1624	-75	4
180789	1584	-73	4
180804	1544	-58	4
180809	1508	-44	4
180824	1485	-41	4
180839	1462	-35	4
180854	1440	-34	4
180869	1422	-44	4
180884	1400	-42	4
180899	1372	-33	4
180904	1354	-27	4
180920	1341	-28	4
180936	1323	-27	4
180951	1310	-20	4
180966	1300	-24	4
180981	1287	-28	4
180996	1269	-19	4
181001	1260	-9	4
181016	1256	-4	4
181031	1251	2	4
181046	1251	9	4
181061	1256	10	4
181076	1260	17	4
181091	1269	28	4
181106	1282	34	4
181111	1305	33	4
181126	1323	43	4
181141	1346	55	4
181156	1377	58	4
181171	1408	49	4
181186	1436	34	4
181201	1458	13	4
181206	1462	-20	4
181221	1458	-52	4
181236	1426	-62	4
181251	1390	-60	4
181266	1359	-52	4
181281	1328	-45	4
181303	1305	-43	4
181308	1278	-49	4
181323	1251	-51	4
181338	1224	-44	4
181353	1197	-42	4
181368	1174	-43	4
181383	1152	-30	4
181398	1134	-17	4
181413	1125	-9	4
181418	1120	-11	4
181433	1112	-3	4
181448	1112	10	4
181463	1112	18	4
181478	1125	24	4
181493	1138	30	4
181508	1152	43	4
181513	1179	55	4
181528	1210	68	4
181543	1246	72	4
181558	1287	67	4
181573	1328	72	4
181588	1368	77	4
181604	1408	70	4
181619	1449	53	4
181624	1480	42	4
181639	1503	42	4
181654	1526	38	4
181670	1548	20	4
181685	1557	8	4
181700	1562	8	4
181716	1566	-2	4
181721	1566	-18	4
181736	1562	-33	4
181751	1544	-42	4
181766	1516	-43	4
181781	1494	-36	4
181796	1472	-38	4
181811	1454	-40	4
181816	1431	-43	4
181831	1404	-36	4
181846	1386	-36	4
181861	1364	-43	4
181876	1341	-42	4
181891	1318	-34	4
181906	1296	-31	4
181926	1282	-37	4
181931	1260	-37	4
181946	1238	-29	4
181961	1224	-23	4
181976	1210	-23	4
181991	1197	-16	4
182006	1188	-13	4
182021	1179	-10	4
182026	1174	-3	4
182041	1174	6	4
182056	1174	-2	4
182071	1174	-14	4
182086	1166	-23	4
182102	1156	-40	4
182117	1134	-60	4
182132	1098	-64	4
182137	1062	-60	4
182152	1030	-48	4
182167	1004	-36	4
182182	981	-22	4
182197	968	-15	4
182212	958	-19	4
182227	950	-18	4
182232	940	-11	4
182247	932	-5	4
182262	932	-5	4
182277	927	1	4
182292	927	7	4
182307	927	6	4
182322	932	7	4
182328	936	15	4
182344	945	27	4
182360	958	32	4
182376	976	39	4
182391	999	49	4
182406	1026	56	4
182421	1058	57	4
182436	1089	63	4
182441	1125	66	4
182456	1161	58	4
182471	1197	52	4
182486	1224	51	4
182501	1256	32	4
182516	1274	8	4
182531	1278	-6	4
182536	1278	-14	4
182551	1269	-27	4
182566	1256	-41	4
182581	1228	-40	4
182596	1206	-37	4
182611	1188	-31	4
182626	1170	-34	4
182631	1152	-37	4
182646	1130	-40	4
182661	1107	-44	4
182676	1084	-41	4
182691	1058	-43	4
182706	1035	-43	4
182721	1012	-32	4
182741	994	-9	4
182746	990	1	4
182762	990	-9	4
182777	986	-2	4
182792	981	17	4
182807	990	25	4
182822	1004	22	4
182837	1012	25	4
182842	1030	35	4
182858	1048	41	4
182873	1071	44	4
182888	1098	51	4
182903	1125	55	4
182918	1156	53	4
182933	1184	54	4
182948	1215	41	4
182954	1238	21	4
182969	1251	5	4
182984	1256	0	4
182999	1256	-9	4
183014	1251	-24	4
183029	1238	-26	4
183044	1224	-20	4
183049	1215	-22	4
183064	1202	-31	4
183079	1184	-39	4
183094	1161	-40	4
183109	1138	-48	4
183124	1112	-50	4
183139	1084	-45	4
183144	1058	-39	4
183159	1035	-45	4
183174	1012	-42	4
183189	986	-31	4
183204	972	-24	4
183219	958	-24	4
183234	945	-15	4
183254	936	-12	4
183259	927	-13	4
183274	922	-10	4
183289	914	-2	4
183304	914	1	4
183319	914	4	4
183334	914	15	4
183349	922	23	4
183354	936	31	4
183369	950	37	4
183384	972	42	4
183399	994	36	4
183414	1017	32	4
183429	1035	36	4
183444	1053	46	4
183449	1080	46	4
183464	1107	40	4
183479	1130	42	4
183494	1152	42	4
183509	1174	28	4
183524	1192	5	4
183539	1192	-2	4
183554	1192	-4	4
183559	1192	-12	4
183574	1188	-19	4
183589	1179	-24	4
183604	1166	-30	4
183619	1148	-34	4
183634	1130	-32	4
183654	1112	-40	4
183659	1089	-47	4
183675	1062	-45	4
183690	1035	-42	4
183705	1012	-44	4
183720	986	-43	4
183736	963	-34	4
183751	945	-25	4
183766	932	-17	4
183771	922	-9	4
183787	914	5	4
183802	914	31	4
183817	932	57	4
183832	963	82	4
183848	1008	100	4
183863	1066	100	4
183868	1120	93	4
183883	1174	83	4
183898	1220	69	4
183913	1260	58	4
183929	1292	51	4
183944	1323	52	4
183959	1350	46	4
183964	1377	34	4
183979	1395	26	4
183994	1408	21	4
184009	1422	7	4
184024	1426	-8	4
184040	1426	-15	4
184055	1418	-25	4
184070	1404	-36	4
184075	1382	-40	4
184090	1359	-36	4
184105	1341	-35	4
184120	1318	-26	4
184135	1305	-15	4
184150	1296	-11	4
184165	1292	-14	4
184170	1282	-12	4
184185	1278	-6	4
184200	1274	-8	4
184215	1269	-3	4
184230	1269	3	4
184245	1269	8	4
184260	1269	9	4
184275	1274	6	4
184280	1278	7	4
184295	1282	16	4
184310	1292	22	4
184325	1305	28	4
184340	1318	35	4
184355	1336	35	4
184370	1359	39	4
184375	1382	41	4
184390	1404	34	4
184405	1422	21	4
184420	1436	17	4
184435	1444	9	4
184450	1449	-8	4
184470	1449	-22	4
184475	1436	-21	4
184490	1422	-10	4
184505	1418	-1	4
184520	1418	22	4
184535	1426	52	4
184550	1454	77	4
184565	1498	91	4
184580	1548	98	4
184585	1606	96	4
184600	1660	89	4
184615	1710	78	4
184630	1755	64	4
184645	1791	52	4
184660	1818	42	4
184675	1840	36	4
184680	1863	29	4
184696	1876	17	4
184711	1890	5	4
184726	1890	-1	4
184741	1890	-8	4
184756	1890	-13	4
184771	1881	-13	4
184776	1876	-14	4
184791	1868	-19	4
184806	1858	-31	4
184821	1840	-34	4
184836	1818	-34	4
184851	1800	-34	4
184866	1782	-32	4
184886	1764	-28	4
184891	1746	-23	4
184906	1737	-19	4
184921	1724	-16	4
184937	1714	-8	4
184953	1710	1	4
184968	1710	12	4
184983	1714	25	4
184988	1728	38	4
185003	1750	37	4
185018	1768	38	4
185033	1791	42	4
185048	1814	49	4
185063	1845	59	4
185078	1876	68	4
185093	1912	76	4
185098	1958	70	4
185113	1998	58	4
185128	2030	48	4
185144	2056	44	4
185160	2079	39	4
185176	2102	46	4
185192	2128	52	4
185197	2160	64	4
185213	2196	79	4
185228	2236	93	4
185243	2290	98	4
185258	2344	94	4
185273	2398	86	4
185288	2448	76	4
185293	2488	59	4
185309	2524	43	4
185324	2547	35	4
185339	2565	33	4
185354	2588	27	4
185370	2601	17	4
185385	2610	14	4
185400	2619	12	4
185405	2624	7	4
185420	2628	5	4
185435	2632	9	4
185450	2637	19	4
185465	2646	25	4
185480	2660	38	4
185496	2682	57	4
185501	2714	76	4
185516	2758	98	4
185531	2812	116	4
185546	2880	120	4
185561	2948	114	4
185576	3010	109	4
185591	3069	98	4
185596	3128	80	4
185611	3172	63	4
185626	3208	50	4
185641	3236	44	4
185656	3258	38	4
185671	3280	27	4
185686	3294	18	4
185702	3308	14	4
185707	3312	7	4
185722	3316	-8	4
185737	3316	-20	4
185752	3308	-27	4
185767	3290	-28	4
185782	3276	-28	4
185797	3258	-22	4
185802	3249	-21	4
185817	3236	-18	4
185832	3226	-17	4
185847	3218	-23	4
185862	3204	-18	4
185877	3190	-8	4
185892	3186	1	4
185908	3186	8	4
185913	3190	19	4
185928	3200	30	4
185943	3218	45	4
185958	3240	55	4
185973	3272	62	4
185988	3308	72	4
186003	3348	83	4
186008	3393	89	4
186024	3447	80	4
186039	3492	63	4
186054	3524	51	4
186069	3555	36	4
186084	3573	21	4
186099	3586	8	4
186104	3591	5	4
186119	3596	0	4
186134	3596	-6	4
186149	3596	-18	4
186164	3582	-22	4
186179	3573	-20	4
186194	3560	-18	4
186214	3550	-22	4
186219	3537	-21	4
186234	3528	-12	4
186249	3519	-14	4
186264	3510	-16	4
186279	3501	-13	4
186294	3496	-6	4
186309	3492	4	4
186314	3492	15	4
186329	3496	25	4
186344	3514	38	4
186359	3532	53	4
186374	3564	65	4
186389	0	65	4
186404	36	66	4
186419	72	75	4
186424	117	77	4
186439	158	70	4
186454	198	67	4
186470	238	66	4
186485	274	64	4
186500	310	56	4
186515	342	45	4
186520	364	39	4
186535	387	33	4
186550	405	27	4
186565	423	15	4
186580	432	4	4
186595	432	1	4
186610	432	-3	4
186615	432	-5	4
186630	432	-9	4
186645	428	-10	4
186660	423	-10	4
186675	418	-12	4
186690	410	-19	4
186705	400	-18	4
186725	387	-15	4
186730	382	-11	4
186745	374	-17	4
186760	364	-15	4
186775	356	-11	4
186790	351	-12	4
186805	342	-12	4
186820	338	-5	4
186825	333	6	4
186840	333	16	4
186855	342	20	4
186870	356	25	4
186885	369	35	4
186900	387	45	4
186915	414	51	4
186920	441	64	4
186936	477	74	4
186951	518	77	4
186966	562	72	4
186981	603	65	4
186996	639	64	4
187011	675	57	4
187026	706	50	4
187031	734	34	4
187046	756	25	4
187061	770	29	4
187076	783	27	4
187091	801	11	4
187106	806	-3	4
187121	806	-7	4
187126	806	-9	4
187141	801	-12	4
187156	792	-11	4
187171	788	-11	4
187186	778	-14	4
187201	774	-15	4
187221	765	-13	4
187236	756	-7	4
187241	752	-6	4
187256	752	-7	4
187271	747	-12	4
187286	738	-7	4
187301	734	1	4
187318	734	8	4
187333	738	9	4
187338	742	14	4
187353	747	19	4
187368	760	28	4
187383	774	36	4
187398	796	45	4
187414	819	52	4
187429	850	60	4
187434	882	66	4
187449	922	67	4
187464	958	67	4
187479	994	61	4
187494	1030	54	4
187509	1062	44	4
187525	1084	35	4
187540	1107	23	4
187545	1120	11	4
187560	1125	-3	4
187575	1125	-15	4
187590	1120	-22	4
187605	1107	-21	4
187620	1094	-24	4
187635	1080	-27	4
187640	1066	-32	4
187655	1048	-31	4
187670	1030	-31	4
187685	1012	-28	4
187700	999	-26	4
187715	981	-23	4
187730	968	-16	4
187736	958	-16	4
187751	950	-15	4
187766	945	-9	4
187781	936	6	4
187796	936	21	4
187811	950	32	4
187826	968	43	4
187841	990	55	4
187846	1022	68	4
187861	1062	72	4
187876	1102	68	4
187891	1138	63	4
187906	1174	62	4
187922	1210	65	4
187938	1246	59	4
187944	1278	54	4
187960	1310	45	4
187976	1336	31	4
187992	1354	15	4
188008	1359	8	4
188023	1364	6	4
188038	1368	3	4
188053	1372	-3	4
188058	1372	-10	4
188073	1368	-22	4
188088	1354	-30	4
188103	1336	-34	4
188118	1318	-39	4
188133	1296	-34	4
188148	1278	-35	4
188153	1260	-35	4
188168	1238	-35	4
188183	1220	-39	4
188198	1197	-44	4
188213	1170	-38	4
188228	1152	-26	4
188243	1134	-12	4
188248	1130	0	4
188263	1130	6	4
188278	1130	4	4
188293	1130	5	4
188308	1134	14	4
188323	1143	22	4
188338	1152	30	4
188353	1170	37	4
188358	1192	47	4
188373	1220	52	4
188388	1246	57	4
188403	1278	58	4
188418	1314	51	4
188433	1341	42	4
188453	1364	28	4
188458	1382	12	4
188473	1386	0	4
188488	1386	-2	4
188503	1386	6	4
188518	1390	3	4
188533	1390	-6	4
188548	1390	-16	4
188563	1382	-19	4
188568	1372	-22	4
188583	1359	-32	4
188598	1341	-33	4
188613	1323	-28	4
188628	1305	-26	4
188643	1292	-26	4
188658	1278	-26	4
188663	1264	-25	4
188678	1251	-27	4
188693	1233	-23	4
188708	1220	-15	4
188723	1210	-6	4
188738	1210	-2	4
188753	1206	3	4
188758	1206	11	4
188773	1210	15	4
188788	1220	19	4
188803	1233	25	4
188818	1246	31	4
188834	1264	38	4
188854	1282	45	4
188870	1310	53	4
188875	1341	57	4
188890	1372	55	4
188905	1404	51	4
188920	1431	42	4
188935	1454	33	4
188950	1472	26	4
188965	1490	31	4
188970	1503	34	4
188985	1526	25	4
189000	1539	16	4
189015	1548	7	4
189030	1552	-3	4
189045	1552	-20	4
189060	1544	-26	4
189065	1526	-26	4
189080	1512	-28	4
189095	1498	-29	4
189110	1480	-30	4
189125	1462	-31	4
189140	1444	-31	4
189155	1431	-36	4
189170	1408	-40	4
189175	1386	-39	4
189191	1364	-31	4
189206	1346	-18	4
189221	1336	-13	4
189236	1328	-6	4
189251	1328	7	4
189266	1328	21	4
189272	1336	27	4
189288	1354	28	4
189304	1368	31	4
189320	1386	41	4
189335	1408	51	4
189350	1440	55	4
189365	1467	56	4
189380	1498	60	4
189385	1534	65	4
189400	1570	64	4
189415	1606	54	4
189430	1638	40	4
189445	1660	25	4
189460	1674	20	4
189475	1683	14	4
189480	1692	6	4
189495	1696	0	4
189510	1696	-10	4
189525	1696	-19	4
189540	1683	-24	4
189555	1670	-29	4
189570	1656	-37	4
189575	1634	-41	4
189590	1611	-38	4
189605	1588	-31	4
189620	1570	-29	4
189635	1557	-25	4
189650	1539	-9	4
189665	1534	8	4
189685	1534	33	4
189690	1557	65	4
189705	1593	93	4
189720	1642	113	4
189735	1706	117	4
189750	1773	106	4
189765	1832	88	4
189780	1881	69	4
189785	1922	59	4
189800	1953	56	4
189815	1984	50	4
189830	2016	48	4
189845	2043	46	4
189860	2066	38	4
189875	2088	27	4
189891	2102	13	4
189896	2110	8	4
189911	2115	-1	4
189926	2115	-10	4
189941	2115	-17	4
189956	2102	-18	4
189971	2092	-15	4
189986	2084	-11	4
189991	2079	-14	4
190006	2070	-18	4
190021	2061	-19	4
190036	2052	-21	4
190051	2038	-24	4
190066	2025	-25	4
190081	2012	-21	4
190086	1998	-10	4
190101	1994	-1	4
190116	1994	0	4
190131	1994	6	4
190146	1994	15	4
190161	2002	25	4
190181	2016	38	4
190196	2034	47	4
190201	2061	55	4
190216	2092	54	4
190231	2124	51	4
190246	2151	55	4
190261	2182	60	4
190276	2218	59	4
190291	2250	56	4
190296	2282	54	4
190311	2313	46	4
190326	2340	34	4
190341	2358	26	4
190356	2372	24	4
190371	2385	21	4
190386	2398	20	4
190391	2408	20	4
190406	2421	20	4
190421	2430	17	4
190436	2439	17	4
190451	2448	26	4
190466	2466	42	4
190486	2488	68	4
190501	2524	96	4
190506	2578	115	4
190521	2646	114	4
190536	2709	108	4
190551	2772	98	4
190566	2826	89	4
190581	2876	73	4
190597	2916	59	4
190602	2948	49	4
190617	2979	39	4
190632	2997	22	4
190648	3010	6	4
190664	3015	-6	4
190680	3015	-13	4
190696	3006	-19	4
190712	2997	-20	4
190717	2988	-26	4
190733	2970	-28	4
190749	2956	-26	4
190765	2943	-24	4
190781	2930	-24	4
190797	2916	-24	4
190812	2902	-19	4
190817	2889	-15	4
190832	2880	-20	4
190847	2871	-18	4
190862	2862	-10	4
190877	2853	-5	4
190892	2853	1	4
190907	2853	13	4
190912	2858	26	4
190927	2871	30	4
190942	2889	32	4
190957	2907	32	4
190972	2925	30	4
190987	2938	27	4
191002	2956	28	4
191017	2970	34	4
191022	2988	46	4
191037	3015	55	4
191052	3046	49	4
191067	3074	44	4
191082	3100	31	4
191097	3118	22	4
191112	3128	16	4
191117	3136	11	4
191132	3146	5	4
191147	3146	4	4
191162	3150	3	4
191177	3150	-4	4
191192	3150	-11	4
191207	3146	-18	4
191212	3136	-21	4
191227	3123	-24	4
191242	3110	-26	4
191257	3096	-26	4
191272	3082	-22	4
191287	3069	-24	4
191302	3056	-29	4
191317	3038	-28	4
191322	3024	-27	4
191337	3010	-15	4
191352	3002	-7	4
191367	2997	-7	4
191382	2992	-4	4
191397	2988	5	4
191412	2988	13	4
191417	2997	18	4
191432	3006	26	4
191447	3020	45	4
191462	3046	64	4
191477	3082	74	4
191492	3123	78	4
191507	3168	74	4
191522	3208	65	4
191527	3244	59	4
191542	3280	49	4
191557	3308	39	4
191572	3330	30	4
191587	3344	22	4
191602	3357	17	4
191617	3366	15	4
191622	3375	11	4
191637	3384	10	4
191652	3388	8	4
191667	3393	0	4
191682	3393	-5	4
191697	3393	-9	4
191717	3388	-16	4
191722	3380	-23	4
191737	3366	-22	4
191752	3352	-24	4
191767	3339	-23	4
191782	3326	-19	4
191797	3316	-15	4
191812	3308	-12	4
191827	3303	-9	4
191832	3298	-4	4
191847	3294	4	4
191862	3294	5	4
191877	3294	11	4
191892	3303	21	4
191907	3312	31	4
191922	3330	35	4
191927	3352	34	4
191942	3370	35	4
191957	3388	43	4
191972	3416	49	4
191987	3442	52	4
192002	3470	54	4
192017	3501	55	4
192037	3532	52	4
192042	3560	49	4
192057	3586	38	4
192072	9	28	4
192088	27	24	4
192104	40	25	4
192120	54	21	4
192135	63	10	4
192140	72	-2	4
192155	72	-2	4
192170	72	-9	4
192185	68	-16	4
192200	58	-19	4
192215	50	-25	4
192230	32	-26	4
192235	18	-27	4
192250	4	-25	4
192265	3591	-26	4
192280	3573	-28	4
192295	3560	-26	4
192310	3546	-21	4
192325	3532	-19	4
192340	3524	-19	4
192345	3510	-14	4
192360	3506	-6	4
192376	3501	4	4
192391	3501	15	4
192407	3506	26	4
192422	3524	33	4
192437	3542	40	4
192442	3564	45	4
192457	3586	49	4
192472	14	51	4
192487	45	61	4
192503	76	62	4
192518	112	62	4
192533	148	56	4
192538	180	49	4
192553	207	44	4
192568	234	38	4
192583	252	38	4
192598	274	40	4
192614	297	32	4
192629	315	18	4
192644	324	10	4
192649	333	-1	4
192664	333	-15	4
192679	324	-20	4
192694	315	-27	4
192709	302	-26	4
192724	284	-29	4
192739	270	-26	4
192744	252	-30	4
192759	238	-31	4
192775	220	-30	4
192791	202	-26	4
192806	189	-27	4
192821	171	-27	4
192836	158	-19	4
192851	148	-12	4
192856	140	-5	4
192871	140	6	4
192886	140	13	4
192901	144	13	4
192916	153	11	4
192931	158	12	4
192946	166	24	4
192951	180	31	4
192966	194	39	4
192981	216	52	4
192996	248	62	4
193011	284	65	4
193026	320	59	4
193041	351	47	4
193046	378	44	4
193061	400	45	4
193076	428	47	4
193091	454	39	4
193106	477	28	4
193121	490	17	4
193141	500	10	4
193157	508	4	4
193163	508	-8	4
193178	508	-18	4
193193	500	-16	4
193208	490	-17	4
193223	482	-21	4
193238	468	-23	4
193253	454	-21	4
193258	446	-20	4
193273	432	-19	4
193288	423	-21	4
193303	410	-24	4
193319	396	-21	4
193334	382	-14	4
193349	378	-9	4
193354	374	-1	4
193369	369	4	4
193384	369	15	4
193399	378	21	4
193414	392	22	4
193429	400	27	4
193444	418	32	4
193459	436	35	4
193464	454	42	4
193479	477	50	4
193494	508	57	4
193509	540	66	4
193524	576	69	4
193539	616	74	4
193554	657	73	4
193559	698	68	4
193574	734	54	4
193589	765	48	4
193604	792	37	4
193619	814	26	4
193634	828	21	4
193649	842	16	4
193669	850	10	4
193674	855	7	4
193689	860	5	4
193704	860	1	4
193719	864	-8	4
193734	860	-15	4
193749	855	-21	4
193764	842	-23	4
193769	828	-23	4
193784	814	-25	4
193799	801	-25	4
193814	788	-24	4
193829	774	-23	4
193844	760	-22	4
193859	747	-25	4
193864	734	-20	4
193879	724	-11	4
193894	716	-3	4
193909	716	2	4
193924	716	1	4
193939	716	-1	4
193954	716	8	4
193969	716	12	4
193974	724	24	4
193989	738	28	4
194004	752	31	4
194019	770	44	4
194034	796	57	4
194049	828	60	4
194069	860	61	4
194074	896	68	4
194089	932	79	4
194104	976	75	4
194119	1022	66	4
194134	1058	51	4
194149	1084	40	4
194164	1107	36	4
194180	1130	29	4
194185	1143	20	4
194200	1156	13	4
194215	1166	12	4
194230	1170	7	4
194245	1174	-3	4
194260	1174	-13	4
194275	1170	-19	4
194280	1156	-20	4
194295	1148	-26	4
194310	1134	-35	4
194325	1112	-34	4
194340	1094	-31	4
194355	1076	-28	4
194370	1062	-23	4
194375	1048	-21	4
194390	1035	-20	4
194405	1026	-21	4
194420	1012	-23	4
194435	999	-21	4
194450	990	-18	4
194465	976	-11	4
194485	972	-2	4
194490	972	-4	4
194505	968	-9	4
194520	963	-6	4
194535	958	2	4
194550	958	5	4
194565	958	13	4
194580	968	25	4
194585	981	31	4
194600	999	32	4
194615	1017	36	4
194630	1035	43	4
194645	1062	51	4
194660	1089	60	4
194675	1125	72	4
194680	1166	73	4
194695	1206	66	4
194710	1242	50	4
194725	1269	43	4
194740	1296	34	4
194755	1314	29	4
194770	1332	21	4
194785	1341	22	4
194790	1354	19	4
194805	1364	5	4
194820	1368	-5	4
194835	1368	-14	4
194851	1359	-20	4
194866	1350	-19	4
194881	1341	-15	4
194886	1332	-21	4
194901	1318	-25	4
194916	1305	-23	4
194931	1292	-20	4
194946	1282	-25	4
194961	1264	-29	4
194981	1251	-21	4
194996	1238	-20	4
195001	1228	-18	4
195016	1215	-18	4
195031	1206	-20	4
195046	1197	-15	4
195061	1188	-8	4
195076	1184	3	4
195091	1184	12	4
195096	1188	25	4
195111	1202	40	4
195126	1224	51	4
195141	1251	57	4
195156	1282	61	4
195171	1318	64	4
195187	1354	68	4
195192	1395	62	4
195207	1426	55	4
195222	1458	51	4
195237	1490	46	4
195252	1512	33	4
195267	1530	29	4
195282	1548	23	4
195297	1562	18	4
195302	1570	8	4
195317	1575	-5	4
195332	1575	-15	4
195347	1570	-27	4
195364	1552	-23	4
195379	1539	-22	4
195394	1530	-28	4
195399	1512	-34	4
195414	1494	-31	4
195429	1476	-26	4
195444	1462	-28	4
195459	1444	-27	4
195474	1431	-20	4
195489	1418	-13	4
195494	1413	-12	4
195509	1404	-12	4
195524	1400	-8	4
195539	1395	1	4
195554	1395	13	4
195569	1400	25	4
195589	1413	34	4
195604	1431	46	4
195609	1458	59	4
195624	1490	72	4
195639	1530	71	4
195654	1570	64	4
195669	1606	61	4
195684	1642	59	4
195699	1674	43	4
195704	1696	31	4
195719	1714	26	4
195734	1728	20	4
195749	1742	9	4
195764	1746	1	4
195779	1746	-1	4
195795	1746	-11	4
195810	1746	-15	4
195815	1737	-14	4
195830	1728	-17	4
195845	1719	-23	4
195860	1706	-25	4
195875	1692	-22	4
195890	1678	-23	4
195905	1665	-25	4
195910	1652	-22	4
195925	1638	-21	4
195940	1629	-22	4
195955	1616	-22	4
195970	1602	-19	4
195985	1593	-20	4
196005	1580	-21	4
196010	1570	-15	4
196025	1562	0	4
196040	1562	1	4
196055	1562	10	4
196070	1562	20	4
196085	1575	27	4
196100	1588	32	4
196115	1606	42	4
196120	1629	56	4
196135	1660	63	4
196150	1696	67	4
196165	1737	61	4
196180	1768	56	4
196196	1800	50	4
196211	1832	43	4
196216	1854	36	4
196231	1872	25	4
196247	1890	18	4
196262	1899	17	4
196277	1908	14	4
196292	1917	-3	4
196308	1917	-17	4
196323	1908	-20	4
196328	1899	-17	4
196343	1886	-20	4
196358	1876	-24	4
196373	1863	-22	4
196388	1850	-21	4
196403	1840	-26	4
196418	1822	-30	4
196424	1809	-36	4
196439	1786	-36	4
196454	1768	-29	4
196469	1750	-17	4
196484	1742	-13	4
196499	1732	-12	4
196514	1728	-7	4
196519	1724	-2	4
196534	1724	-6	4
196549	1719	-1	4
196564	1719	15	4
196579	1724	28	4
196594	1737	39	4
196609	1760	48	4
196629	1786	53	4
196634	1818	57	4
196649	1850	60	4
196664	1881	63	4
196679	1917	64	4
196694	1953	59	4
196709	1989	47	4
196724	2012	39	4
196729	2034	32	4
196744	2052	21	4
196759	2066	13	4
196774	2074	7	4
196789	2074	-1	4
196804	2074	-8	4
196819	2074	-6	4
196824	2070	-6	4
196839	2070	-19	4
196854	2056	-26	4
196869	2043	-22	4
196884	2030	-19	4
196899	2020	-17	4
196914	2012	-21	4
196929	1998	-28	4
196934	1984	-30	4
196949	1966	-22	4
196964	1953	-14	4
196979	1944	-16	4
196994	1935	-18	4
197009	1926	-9	4
197029	1922	2	4
197034	1922	3	4
197049	1922	0	4
197064	1922	3	4
197079	1922	18	4
197094	1930	26	4
197109	1948	27	4
197124	1962	36	4
197139	1984	45	4
197144	2007	54	4
197159	2038	62	4
197174	2074	71	4
197189	2115	67	4
197204	2151	64	4
197219	2187	64	4
197234	2223	52	4
197239	2250	35	4
197254	2272	32	4
197269	2290	32	4
197285	2308	21	4
197300	2318	11	4
197315	2326	2	4
197330	2326	-7	4
197335	2326	-19	4
197350	2318	-26	4
197365	2300	-27	4
197380	2286	-28	4
197395	2272	-28	4
197410	2254	-26	4
197425	2241	-19	4
197445	2228	-18	4
197450	2218	-25	4
197465	2205	-25	4
197480	2192	-20	4
197495	2178	-19	4
197510	2169	-13	4
197525	2160	-2	4
197540	2160	3	4
197545	2160	8	4
197560	2164	16	4
197575	2174	26	4
197591	2187	31	4
197607	2205	36	4
197622	2223	50	4
197637	2254	57	4
197643	2286	60	4
197658	2318	64	4
197673	2354	68	4
197688	2394	64	4
197704	2430	60	4
197720	2462	58	4
197735	2493	53	4
197750	2524	45	4
197755	2552	27	4
197770	2565	14	4
197785	2574	9	4
197800	2578	4	4
197815	2578	-8	4
197830	2578	-13	4
197845	2574	-12	4
197850	2565	-17	4
197865	2556	-23	4
197880	2542	-33	4
197895	2524	-36	4
197910	2506	-26	4
197925	2488	-10	4
197941	2484	-8	4
197956	2480	-12	4
197961	2475	-10	4
197976	2466	-8	4
197991	2462	-6	4
198006	2462	3	4
198021	2462	20	4
198036	2470	35	4
198051	2488	44	4
198056	2511	46	4
198071	2538	47	4
198087	2565	50	4
198102	2592	56	4
198117	2624	58	4
198132	2660	58	4
198147	2691	63	4
198152	2727	64	4
198167	2763	58	4
198182	2794	49	4
198197	2822	42	4
198212	2844	36	4
198227	2866	33	4
198242	2884	29	4
198257	2902	23	4
198262	2912	17	4
198277	2925	15	4
198292	2930	4	4
198307	2934	-3	4
198322	2934	-4	4
198337	2934	-5	4
198358	2930	3	4
198363	2930	28	4
198378	2943	70	4
198393	2984	107	4
198408	3042	133	4
198423	3118	139	4
198438	3195	128	4
198453	3267	115	4
198468	3334	104	4
198473	3393	92	4
198488	3442	80	4
198503	3488	66	4
198518	3528	55	4
198533	3555	42	4
198548	3582	31	4
198563	0	18	4
198568	9	11	4
198583	14	6	4
198598	18	1	4
198613	18	0	4
198628	18	1	4
198643	18	5	4
198658	22	-1	4
198663	22	-4	4
198678	22	-6	4
198693	18	-7	4
198708	14	-6	4
198723	14	2	4
198738	14	9	4
198753	14	14	4
198773	22	17	4
198778	32	18	4
198793	40	21	4
198808	54	23	4
198823	68	28	4
198838	81	34	4
198853	104	48	4
198868	130	56	4
198873	162	57	4
198888	194	50	4
198903	220	32	4
198918	238	15	4
198933	248	3	4
198948	248	-6	4
198963	248	-15	4
198968	238	-24	4
198983	225	-23	4
198999	216	-18	4
199014	202	-15	4
199029	194	-18	4
199044	184	-21	4
199059	176	-23	4
199074	162	-21	4
199079	148	-16	4
199094	140	-13	4
199109	130	-12	4
199125	126	-9	4
199141	122	0	4
199156	122	6	4
199171	122	14	4
199176	126	23	4
199191	140	36	4
199206	162	51	4
199221	189	56	4
199236	220	64	4
199251	256	72	4
199266	297	75	4
199281	342	79	4
199286	382	78	4
199301	428	74	4
199316	468	70	4
199331	508	63	4
199346	544	58	4
199361	576	52	4
199381	608	48	4
199386	634	43	4
199401	657	40	4
199416	680	39	4
199431	702	29	4
199446	720	19	4
199461	729	10	4
199476	734	11	4
199481	742	16	4
199496	752	20	4
199511	760	17	4
199526	770	19	4
199541	783	25	4
199556	796	32	4
199571	814	29	4
199586	828	30	4
199591	846	33	4
199606	864	32	4
199621	882	26	4
199636	900	22	4
199651	909	24	4
199666	922	27	4
199681	940	26	4
199686	954	19	4
199702	963	12	4
199717	972	12	4
199732	976	13	4
199747	986	14	4
199762	994	12	4
199777	999	11	4
199797	1008	13	4
199802	1012	12	4
199817	1022	7	4
199832	1026	5	4
199847	1026	8	4
199862	1030	12	4
199877	1040	6	4
199892	1040	-1	4
199897	1040	-4	4
199912	1040	-9	4
199927	1040	-15	4
199942	1030	-18	4
199957	1017	-14	4
199972	1012	-12	4
199987	1004	-11	4
199992	999	-12	4
200007	990	-15	4
200022	981	-20	4
200037	972	-19	4
200052	963	-17	4
200067	950	-17	4
200082	940	-15	4
200097	932	-12	4
200102	927	-8	4
200117	922	-2	4
200132	922	2	4
200147	922	8	4
200162	922	17	4
200177	932	25	4
200197	945	32	4
200202	963	46	4
200217	990	57	4
200232	1022	64	4
200247	1058	70	4
200262	1098	70	4
200277	1138	73	4
200292	1179	76	4
200297	1220	78	4
200312	1264	74	4
200327	1305	67	4
200342	1346	63	4
200357	1382	62	4
200372	1413	52	4
200387	1444	44	4
200402	1467	41	4
200407	1490	44	4
200423	1516	49	4
200439	1544	60	4
200455	1580	77	4
200471	1620	101	4
200487	1678	121	4
200503	1746	128	4
200508	1818	121	4
200523	1886	111	4
200538	1948	100	4
200553	2002	82	4
200568	2052	74	4
200583	2092	58	4
200598	2124	48	4
200613	2151	45	4
200618	2178	39	4
200633	2200	26	4
200648	2214	18	4
200663	2223	13	4
200678	2232	5	4
200693	2232	-2	4
200709	2232	-6	4
200714	2232	-7	4
200729	2228	-12	4
200744	2223	-15	4
200759	2214	-12	4
200775	2210	-7	4
200791	2205	-4	4
200806	2200	-2	4
200811	2200	-4	4
200826	2196	-4	4
200841	2196	-2	4
200856	2196	1	4
200871	2196	5	4
200886	2196	12	4
200901	2200	22	4
200916	2214	30	4
200921	2232	37	4
200936	2250	40	4
200951	2272	38	4
200966	2295	36	4
200981	2313	36	4
200996	2336	32	4
201011	2354	29	4
201016	2372	25	4
201031	2385	19	4
201046	2394	16	4
201061	2403	14	4
201076	2412	8	4
201091	2416	2	4
201106	2416	-3	4
201111	2416	-8	4
201126	2416	-9	4
201141	2408	-13	4
201157	2403	-18	4
201172	2394	-22	4
201187	2380	-22	4
201202	2367	-23	4
201217	2354	-25	4
201222	2340	-24	4
201237	2326	-27	4
201252	2313	-23	4
201267	2300	-18	4
201282	2290	-11	4
201297	2282	1	4
201313	2282	15	4
201319	2286	23	4
201334	2300	22	4
201349	2313	27	4
201364	2326	37	4
201379	2349	47	4
201394	2376	53	4
201409	2403	62	4
201429	2439	62	4
201434	2475	61	4
201449	2511	58	4
201464	2542	49	4
201479	2570	33	4
201494	2588	18	4
201509	2596	5	4
201524	2601	-1	4
201529	2601	-5	4
201544	2601	-11	4
201559	2596	-16	4
201574	2588	-19	4
201589	2574	-21	4
201604	2565	-24	4
201619	2552	-30	4
201624	2534	-39	4
201639	2511	-46	4
201654	2484	-39	4
201669	2462	-28	4
201684	2448	-23	4
201699	2434	-18	4
201714	2426	-13	4
201731	2416	-6	4
201736	2412	1	4
201751	2412	13	4
201767	2416	21	4
201783	2430	29	4
201798	2448	38	4
201813	2466	48	4
201828	2493	50	4
201833	2524	52	4
201848	2552	54	4
201863	2583	54	4
201878	2614	46	4
201893	2637	33	4
201908	2655	23	4
201923	2668	15	4
201938	2678	11	4
201943	2686	10	4
201958	2691	3	4
201973	2691	-6	4
201988	2691	-15	4
202003	2682	-23	4
202018	2673	-33	4
202033	2650	-42	4
202038	2628	-39	4
202053	2606	-31	4
202069	2588	-39	4
202084	2570	-53	4
202099	2538	-53	4
202114	2506	-51	4
202129	2480	-48	4
202134	2452	-46	4
202149	2426	-43	4
202164	2403	-43	4
202179	2376	-51	4
202194	2349	-58	4
202209	2318	-70	4
202224	2277	-82	4
202245	2232	-79	4
202250	2187	-74	4
202265	2146	-67	4
202280	2106	-59	4
202295	2074	-50	4
202310	2048	-44	4
202325	2020	-44	4
202340	1998	-50	4
202345	1966	-48	4
202360	1940	-41	4
202375	1917	-33	4
202390	1899	-20	4
202405	1890	-6	4
202420	1886	4	4
202435	1886	9	4
202440	1890	10	4
202455	1894	10	4
202470	1899	18	4
202485	1908	24	4
202500	1922	39	4
202515	1944	37	4
202530	1966	20	4
202546	1976	-3	4
202551	1976	-29	4
202566	1962	-56	4
202581	1930	-75	4
202596	1890	-80	4
202611	1845	-70	4
202626	1804	-59	4
202641	1773	-53	4
202646	1742	-50	4
202662	1714	-45	4
202677	1688	-42	4
202692	1665	-37	4
202707	1642	-34	4
202722	1624	-25	4
202737	1611	-19	4
202757	1602	-20	4
202762	1588	-11	4
202777	1584	-5	4
202792	1580	-10	4
202807	1575	-19	4
202822	1566	-25	4
202837	1548	-36	4
202852	1530	-53	4
202857	1498	-66	4
202872	1462	-65	4
202887	1426	-52	4
202902	1395	-44	4
202917	1372	-35	4
202932	1354	-27	4
202947	1336	-18	4
202952	1328	-8	4
202967	1323	-2	4
202982	1323	4	4
202997	1323	10	4
203012	1328	15	4
203027	1332	22	4
203042	1346	35	4
203057	1368	47	4
203062	1390	56	4
203077	1422	62	4
203092	1458	60	4
203107	1494	61	4
203122	1526	66	4
203137	1566	68	4
203152	1602	63	4
203157	1638	52	4
203172	1665	46	4
203187	1692	40	4
203202	1714	33	4
203217	1732	27	4
203233	1750	27	4
203249	1764	27	4
203255	1778	22	4
203270	1791	14	4
203285	1800	4	4
203300	1800	-7	4
203315	1800	-16	4
203330	1791	-22	4
203345	1782	-24	4
203360	1768	-33	4
203365	1750	-37	4
203380	1728	-38	4
203395	1706	-40	4
203410	1683	-40	4
203425	1660	-35	4
203440	1642	-34	4
203460	1624	-32	4
203465	1606	-29	4
203480	1588	-17	4
203495	1580	-8	4
203510	1575	-8	4
203526	1570	-7	4
203541	1566	-5	4
203556	1562	0	4
203571	1562	7	4
203576	1562	9	4
203591	1566	13	4
203606	1575	19	4
203621	1584	28	4
203636	1602	36	4
203651	1620	43	4
203666	1647	51	4
203671	1674	63	4
203686	1710	63	4
203701	1746	54	4
203716	1778	51	4
203731	1804	43	4
203746	1827	29	4
203761	1845	12	4
203766	1854	0	4
203782	1854	-6	4
203797	1854	-12	4
203813	1845	-18	4
203828	1836	-19	4
203843	1827	-17	4
203858	1814	-22	4
203873	1804	-28	4
203878	1786	-32	4
203893	1768	-32	4
203908	1750	-33	4
203923	1732	-31	4
203938	1714	-29	4
203953	1701	-22	4
203973	1688	-13	4
203978	1678	-10	4
203993	1674	-8	4
204008	1670	-5	4
204023	1665	-1	4
204038	1665	8	4
204053	1665	13	4
204068	1674	20	4
204083	1683	30	4
204088	1701	37	4
204103	1724	37	4
204118	1742	41	4
204133	1768	45	4
204148	1791	44	4
204163	1818	43	4
204178	1840	48	4
204184	1868	53	4
204199	1899	52	4
204214	1926	44	4
204229	1953	33	4
204244	1971	25	4
204259	1984	21	4
204274	1998	6	4
204279	1998	-5	4
204294	1998	-18	4
204309	1989	-28	4
204324	1976	-34	4
204339	1958	-36	4
204354	1935	-38	4
204369	1912	-43	4
204389	1890	-45	4
204394	1863	-47	4
204409	1836	-50	4
204424	1809	-45	4
204439	1786	-36	4
204454	1764	-35	4
204470	1746	-32	4
204485	1728	-29	4
204490	1710	-22	4
204505	1696	-22	4
204520	1688	-20	4
204535	1674	-21	4
204550	1660	-22	4
204565	1652	-20	4
204580	1638	-14	4
204585	1629	-6	4
204600	1629	3	4
204615	1629	15	4
204630	1634	18	4
204645	1642	16	4
204660	1652	20	4
204675	1665	28	4
204691	1678	34	4
204696	1701	42	4
204711	1724	47	4
204727	1750	49	4
204743	1778	51	4
204758	1804	44	4
204773	1832	32	4
204788	1850	19	4
204793	1858	-3	4
204808	1858	-28	4
204823	1845	-47	4
204838	1818	-56	4
204853	1786	-60	4
204868	1755	-55	4
204883	1724	-47	4
204898	1696	-41	4
204903	1674	-43	4
204918	1647	-38	4
204933	1629	-35	4
204948	1606	-34	4
204963	1588	-27	4
204978	1575	-19	4
204993	1562	-13	4
204998	1557	-8	4
205013	1552	-2	4
205029	1548	2	4
205044	1548	7	4
205059	1552	14	4
205074	1557	16	4
205089	1566	15	4
205094	1575	10	4
205109	1584	8	4
205124	1588	2	4
205139	1588	-3	4
205154	1588	-10	4
205169	1584	-15	4
205184	1575	-17	4
205204	1566	-13	4
205209	1557	-16	4
205224	1548	-14	4
205240	1544	-13	4
205255	1534	-14	4
205270	1526	-13	4
205285	1521	-12	4
205300	1512	-12	4
205305	1508	-12	4
205320	1498	-3	4
205335	1498	2	4
205350	1498	7	4
205365	1498	14	4
205380	1508	18	4
205395	1516	25	4
205400	1530	31	4
205415	1548	41	4
205430	1570	47	4
205445	1598	49	4
205460	1624	55	4
205475	1656	54	4
205490	1688	56	4
205505	1719	52	4
205510	1746	48	4
205525	1773	44	4
205540	1800	39	4
205555	1822	35	4
205570	1840	28	4
205585	1858	22	4
205605	1868	12	4
205610	1876	-1	4
205625	1876	-14	4
205640	1872	-24	4
205655	1858	-32	4
205670	1840	-32	4
205686	1822	-31	4
205701	1804	-30	4
205716	1786	-31	4
205721	1768	-25	4
205736	1755	-28	4
205751	1742	-29	4
205766	1724	-31	4
205781	1706	-30	4
205796	1688	-30	4
205811	1674	-26	4
205816	1656	-20	4
205831	1647	-19	4
205846	1638	-10	4
205861	1629	2	4
205876	1629	7	4
205891	1634	10	4
205906	1638	12	4
205911	1642	21	4
205926	1656	27	4
205941	1670	34	4
205956	1692	36	4
205971	1710	43	4
205986	1732	48	4
206001	1760	52	4
206017	1791	57	4
206023	1822	61	4
206038	1858	64	4
206053	1894	64	4
206068	1930	64	4
206083	1966	54	4
206098	1994	41	4
206113	2020	31	4
206118	2034	24	4
206133	2048	14	4
206148	2056	8	4
206163	2061	-2	4
206178	2061	-9	4
206193	2061	-18	4
206209	2048	-22	4
206224	2038	-25	4
206229	2025	-34	4
206244	2002	-35	4
206259	1984	-35	4
206274	1966	-35	4
206289	1944	-40	4
206304	1922	-45	4
206324	1899	-48	4
206329	1872	-41	4
206344	1845	-35	4
206359	1827	-31	4
206374	1809	-22	4
206389	1796	-12	4
206404	1791	-9	4
206419	1786	-5	4
206424	1782	0	4
206439	1782	-1	4
206454	1782	10	4
206469	1782	20	4
206484	1796	23	4
206499	1809	28	4
206514	1822	40	4
206529	1845	46	4
206534	1872	47	4
206549	1899	44	4
206564	1922	49	4
206579	1953	55	4
206594	1980	46	4
206609	2007	30	4
206624	2025	24	4
206629	2038	14	4
206644	2048	9	4
206659	2052	-2	4
206674	2052	-12	4
206689	2048	-17	4
206704	2038	-21	4
206724	2025	-19	4
206729	2016	-25	4
206744	2002	-33	4
206759	1984	-33	4
206774	1962	-30	4
206789	1948	-31	4
206804	1930	-30	4
206819	1912	-22	4
206834	1899	-14	4
206839	1894	-13	4
206854	1886	-13	4
206869	1876	-12	4
206884	1872	-13	4
206899	1863	-14	4
206914	1854	-11	4
206929	1850	-8	4
206934	1845	-2	4
206949	1845	7	4
206964	1845	10	4
206979	1850	9	4
206994	1854	7	4
207009	1858	11	4
207029	1863	12	4
207044	1872	12	4
207049	1876	14	4
207064	1886	20	4
207079	1899	23	4
207094	1912	21	4
207109	1922	15	4
207124	1930	14	4
207139	1940	13	4
207144	1944	6	4
207159	1948	1	4
207174	1948	-2	4
207189	1948	-13	4
207204	1944	-9	4
207219	1940	-5	4
207234	1940	-2	4
207239	1935	-5	4
207254	1935	-11	4
207269	1926	-20	4
207284	1917	-29	4
207299	1899	-30	4
207314	1881	-30	4
207331	1868	-30	4
207346	1850	-33	4
207351	1832	-33	4
207367	1814	-31	4
207383	1796	-29	4
207399	1778	-24	4
207415	1764	-14	4
207431	1755	-3	4
207447	1755	-2	4
207452	1755	-1	4
207468	1755	0	4
207484	1755	5	4
207499	1755	8	4
207514	1755	15	4
207529	1764	26	4
207545	1782	39	4
207560	1800	46	4
207565	1827	52	4
207580	1858	50	4
207595	1886	33	4
207610	1904	12	4
207625	1912	-14	4
207640	1908	-45	4
207655	1881	-66	4
207660	1845	-64	4
207675	1809	-52	4
207690	1778	-46	4
207705	1755	-38	4
207720	1732	-31	4
207735	1714	-27	4
207750	1701	-26	4
207755	1683	-21	4
207770	1674	-15	4
207785	1665	-5	4
207800	1660	5	4
207815	1660	8	4
207830	1665	10	4
207845	1670	10	4
207860	1674	14	4
207865	1683	15	4
207880	1692	23	4
207895	1706	31	4
207910	1724	42	4
207925	1746	53	4
207940	1778	52	4
207955	1804	47	4
207960	1832	44	4
207975	1858	46	4
207990	1881	39	4
208005	1904	30	4
208020	1922	22	4
208036	1935	14	4
208051	1940	7	4
208056	1944	-1	4
208071	1944	-8	4
208086	1944	-17	4
208101	1935	-21	4
208117	1922	-26	4
208133	1908	-30	4
208148	1890	-32	4
208164	1872	-31	4
208169	1854	-35	4
208184	1836	-41	4
208199	1814	-48	4
208214	1786	-46	4
208229	1760	-44	4
208245	1737	-35	4
208260	1714	-33	4
208265	1696	-31	4
208280	1678	-22	4
208295	1670	-18	4
208310	1656	-17	4
208325	1647	-12	4
208340	1642	-8	4
208355	1638	-2	4
208370	1634	6	4
208375	1634	15	4
208390	1642	18	4
208405	1652	22	4
208420	1665	22	4
208436	1678	14	4
208451	1688	-5	4
208466	1688	-26	4
208471	1674	-43	4
208486	1647	-62	4
208502	1616	-75	4
208517	1570	-78	4
208532	1526	-75	4
208547	1485	-72	4
208562	1444	-67	4
208567	1408	-63	4
208582	1372	-58	4
208597	1341	-49	4
208612	1310	-40	4
208627	1287	-38	4
208642	1269	-34	4
208658	1246	-28	4
208673	1233	-18	4
208678	1224	-12	4
208693	1215	-16	4
208708	1206	-17	4
208723	1197	-5	4
208738	1192	-2	4
208754	1192	-8	4
208769	1188	-10	4
208774	1184	-7	4
208789	1179	-1	4
208804	1179	-2	4
208819	1179	3	4
208834	1179	11	4
208849	1184	23	4
208864	1192	32	4
208869	1210	31	4
208884	1228	31	4
208899	1246	35	4
208914	1269	40	4
208929	1292	35	4
208944	1310	17	4
208964	1318	0	4
208979	1318	-15	4
208985	1314	-39	4
209000	1292	-63	4
209015	1256	-71	4
209030	1215	-60	4
209045	1184	-53	4
209060	1152	-55	4
209075	1120	-54	4
209080	1094	-49	4
209095	1066	-42	4
209110	1040	-40	4
209125	1017	-33	4
209140	999	-28	4
209155	986	-24	4
209170	972	-22	4
209185	958	-29	4
209190	940	-30	4
209205	927	-22	4
209220	914	-10	4
209235	909	-9	4
209250	900	-26	4
209265	886	-41	4
209280	864	-54	4
209285	832	-69	4
209300	796	-71	4
209315	756	-66	4
209330	720	-52	4
209345	688	-39	4
209360	666	-30	4
209380	648	-21	4
209385	639	-10	4
209400	634	-1	4
209415	630	9	4
209431	634	19	4
209446	644	27	4
209461	657	43	4
209476	684	61	4
209491	716	71	4
209496	756	69	4
209511	796	74	4
209526	837	80	4
209541	882	82	4
209556	927	77	4
209571	972	75	4
209586	1012	71	4
209591	1053	62	4
209606	1089	51	4
209621	1116	43	4
209636	1143	35	4
209651	1161	33	4
209666	1179	30	4
209681	1197	25	4
209696	1210	14	4
209701	1220	0	4
209716	1220	-10	4
209731	1220	-20	4
209746	1206	-31	4
209761	1188	-31	4
209776	1170	-33	4
209796	1152	-39	4
209801	1130	-49	4
209816	1102	-56	4
209831	1071	-59	4
209846	1040	-61	4
209861	1004	-50	4
209876	976	-38	4
209891	954	-35	4
209896	936	-34	4
209911	918	-27	4
209926	900	-23	4
209941	886	-21	4
209956	878	-10	4
209971	868	1	4
209986	868	4	4
210002	868	8	4
210007	873	14	4
210022	882	23	4
210037	896	31	4
210052	914	46	4
210067	936	61	4
210082	972	68	4
210097	1012	67	4
210102	1048	68	4
210117	1084	66	4
210132	1125	62	4
210147	1156	56	4
210162	1188	52	4
210177	1220	49	4
210193	1246	39	4
210199	1269	29	4
210215	1287	26	4
210230	1300	18	4
210245	1310	13	4
210260	1318	10	4
210275	1323	0	4
210290	1323	-12	4
210305	1318	-23	4
210310	1305	-26	4
210325	1292	-32	4
210340	1274	-35	4
210355	1256	-35	4
210370	1233	-34	4
210385	1215	-34	4
210400	1197	-37	4
210405	1174	-36	4
210420	1156	-36	4
210435	1134	-36	4
210450	1116	-32	4
210465	1098	-24	4
210480	1084	-21	4
210496	1071	-13	4
210516	1066	-6	4
210521	1062	-5	4
210536	1058	-11	4
210551	1053	-8	4
210566	1048	0	4
210581	1048	6	4
210596	1048	5	4
210612	1048	10	4
210617	1058	19	4
210632	1066	21	4
210647	1080	19	4
210662	1089	21	4
210677	1102	27	4
210692	1116	31	4
210707	1134	35	4
210712	1152	38	4
210727	1174	36	4
210742	1192	31	4
210757	1210	30	4
210772	1228	30	4
210787	1246	23	4
210802	1260	18	4
210817	1269	12	4
210822	1274	-1	4
210837	1274	-11	4
210852	1274	-18	4
210867	1264	-21	4
210882	1251	-23	4
210897	1238	-28	4
210913	1224	-28	4
210918	1206	-30	4
210933	1188	-32	4
210948	1170	-32	4
210964	1152	-32	4
210979	1134	-35	4
210994	1116	-34	4
211009	1098	-33	4
211014	1080	-37	4
211029	1058	-41	4
211044	1035	-42	4
211059	1012	-39	4
211074	990	-35	4
211089	968	-37	4
211104	950	-37	4
211124	927	-28	4
211129	914	-16	4
211145	904	-13	4
211160	896	-18	4
211175	886	-27	4
211190	868	-33	4
211205	850	-36	4
211220	832	-36	4
211225	810	-40	4
211240	788	-46	4
211255	760	-49	4
211270	734	-58	4
211285	702	-63	4
211300	666	-64	4
211315	630	-55	4
211330	598	-47	4
211336	572	-40	4
211351	549	-31	4
211366	536	-19	4
211381	522	-4	4
211396	522	5	4
211412	522	13	4
211428	526	21	4
211433	540	30	4
211448	554	45	4
211464	580	58	4
211479	612	62	4
211494	648	60	4
211509	684	66	4
211525	720	67	4
211530	756	77	4
211545	801	79	4
211560	846	76	4
211575	886	68	4
211591	927	57	4
211606	958	49	4
211621	986	40	4
211636	1008	31	4
211641	1026	31	4
211656	1044	32	4
211671	1062	24	4
211686	1076	10	4
211701	1080	-3	4
211716	1080	-9	4
211731	1076	-20	4
211736	1066	-24	4
211751	1053	-26	4
211766	1040	-24	4
211781	1026	-26	4
211796	1008	-25	4
211811	994	-29	4
211826	981	-35	4
211841	958	-35	4
211846	940	-31	4
211861	922	-28	4
211876	904	-25	4
211891	891	-18	4
211906	882	-12	4
211921	878	-10	4
211936	868	-8	4
211941	864	-2	4
211956	864	6	4
211971	864	8	4
211986	868	12	4
212001	873	21	4
212016	886	34	4
212036	904	44	4
212042	932	48	4
212057	958	52	4
212072	986	56	4
212087	1017	58	4
212102	1053	63	4
212117	1084	58	4
212132	1120	53	4
212147	1148	49	4
212152	1174	51	4
212167	1206	47	4
212182	1233	40	4
212197	1256	35	4
212212	1274	37	4
212227	1296	37	4
212242	1314	29	4
212247	1332	20	4
212263	1341	14	4
212278	1350	8	4
212293	1354	0	4
212308	1354	-10	4
212323	1354	-16	4
212338	1346	-16	4
212343	1336	-17	4
212358	1328	-22	4
212373	1314	-30	4
212388	1296	-32	4
212403	1278	-23	4
212418	1264	-23	4
212433	1251	-23	4
212448	1242	-24	4
212453	1228	-17	4
212468	1215	-16	4
212483	1206	-19	4
212498	1197	-19	4
212513	1188	-6	4
212528	1184	12	4
212548	1188	18	4
212553	1197	15	4
212568	1206	22	4
212583	1215	37	4
212598	1238	45	4
212613	1264	38	4
212628	1282	32	4
212643	1300	33	4
212658	1323	32	4
212663	1341	28	4
212678	1354	24	4
212693	1368	21	4
212708	1382	19	4
212723	1390	11	4
212738	1395	-4	4
212753	1395	-9	4
212758	1395	-10	4
212773	1386	-10	4
212788	1382	-13	4
212803	1377	-18	4
212818	1364	-20	4
212833	1354	-22	4
212848	1341	-23	4
212853	1328	-24	4
212868	1314	-23	4
212883	1300	-21	4
212898	1292	-15	4
212914	1282	-13	4
212929	1274	-12	4
212945	1269	-9	4
212961	1264	1	4
212967	1264	13	4
212982	1264	28	4
212997	1282	40	4
213012	1305	50	4
213027	1332	56	4
213042	1364	56	4
213057	1395	57	4
213062	1426	53	4
213077	1458	49	4
213092	1485	48	4
213107	1512	45	4
213122	1539	45	4
213137	1562	41	4
213152	1584	37	4
213157	1606	34	4
213172	1624	25	4
213187	1638	20	4
213202	1652	9	4
213217	1656	1	4
213232	1656	-2	4
213252	1656	-4	4
213267	1656	-13	4
213272	1652	-23	4
213287	1638	-25	4
213302	1624	-23	4
213317	1611	-29	4
213332	1593	-34	4
213347	1575	-35	4
213363	1557	-34	4
213368	1534	-32	4
213383	1516	-34	4
213398	1498	-37	4
213413	1476	-31	4
213428	1462	-24	4
213443	1449	-21	4
213458	1436	-17	4
213473	1426	-12	4
213478	1418	-1	4
213493	1418	14	4
213508	1422	19	4
213523	1431	24	4
213538	1444	29	4
213553	1462	30	4
213568	1480	28	4
213573	1494	30	4
213588	1512	33	4
213603	1530	40	4
213619	1552	45	4
213635	1580	40	4
213650	1602	31	4
213665	1620	19	4
213670	1629	8	4
213685	1634	0	4
213700	1634	-10	4
213715	1634	-18	4
213730	1620	-22	4
213745	1611	-20	4
213760	1598	-24	4
213780	1584	-22	4
213785	1570	-26	4
213800	1557	-27	4
213815	1544	-25	4
213830	1530	-22	4
213845	1516	-23	4
213860	1503	-20	4
213875	1494	-16	4
213880	1485	-15	4
213895	1476	-15	4
213910	1467	-12	4
213925	1458	-1	4
213940	1458	8	4
213955	1458	9	4
213970	1462	10	4
213985	1472	18	4
213990	1480	31	4
214005	1498	35	4
214020	1516	39	4
214035	1539	47	4
214050	1566	54	4
214065	1598	58	4
214080	1629	55	4
214085	1660	50	4
214100	1688	52	4
214115	1719	57	4
214130	1750	56	4
214145	1782	49	4
214160	1809	40	4
214180	1832	37	4
214185	1850	30	4
214200	1868	25	4
214215	1881	18	4
214230	1894	10	4
214245	1899	3	4
214260	1899	-7	4
214275	1899	-15	4
214290	1890	-24	4
214295	1876	-31	4
214310	1858	-36	4
214326	1840	-37	4
214342	1818	-39	4
214358	1796	-43	4
214374	1773	-42	4
214390	1750	-39	4
214395	1728	-36	4
214411	1706	-37	4
214426	1688	-34	4
214441	1670	-29	4
214456	1652	-23	4
214471	1638	-19	4
214486	1629	-15	4
214491	1620	-13	4
214506	1611	-13	4
214521	1606	-11	4
214536	1598	-8	4
214551	1593	-2	4
214566	1593	4	4
214581	1593	18	4
214596	1602	33	4
214601	1620	47	4
214616	1647	63	4
214631	1683	81	4
214646	1728	94	4
214661	1782	94	4
214676	1832	85	4
214691	1881	78	4
214696	1926	75	4
214711	1966	71	4
214726	2007	64	4
214741	2043	57	4
214756	2074	56	4
214771	2106	53	4
214786	2138	50	4
214801	2164	49	4
214806	2192	40	4
214821	2214	36	4
214836	2236	34	4
214851	2254	25	4
214866	2268	21	4
214881	2282	20	4
214896	2290	19	4
214901	2300	15	4
214916	2308	13	4
214931	2318	14	4
214946	2326	12	4
214961	2331	8	4
214976	2336	12	4
214996	2344	25	4
215001	2358	45	4
215016	2380	67	4
215031	2421	84	4
215046	2466	103	4
215061	2524	111	4
215076	2588	103	4
215091	2646	91	4
215107	2696	67	4
215112	2736	46	4
215127	2758	34	4
215142	2781	25	4
215157	2794	15	4
215172	2804	6	4
215187	2804	-1	4
215202	2804	-6	4
215207	2804	-8	4
215222	2799	-10	4
215237	2794	-10	4
215252	2790	-11	4
215267	2786	-14	4
215282	2776	-15	4
215297	2768	-20	4
215313	2754	-26	4
215318	2740	-30	4
215333	2722	-31	4
215348	2709	-28	4
215363	2691	-24	4
215378	2678	-19	4
215393	2668	-11	4
215409	2660	2	4
215414	2660	3	4
215429	2660	8	4
215444	2664	17	4
215460	2673	27	4
215475	2691	35	4
215490	2709	44	4
215505	2732	49	4
215510	2763	58	4
215525	2794	68	4
215540	2830	76	4
215555	2876	76	4
215570	2916	68	4
215585	2956	61	4
215600	2988	57	4
215620	3024	55	4
215625	3051	48	4
215640	3078	43	4
215655	3105	42	4
215670	3128	32	4
215686	3146	16	4
215701	3154	9	4
215716	3159	0	4
215721	3159	-7	4
215736	3159	-19	4
215751	3150	-22	4
215766	3136	-25	4
215781	3123	-22	4
215796	3110	-21	4
215811	3100	-21	4
215816	3087	-19	4
215831	3078	-19	4
215846	3064	-16	4
215861	3056	-2	4
215876	3056	24	4
215891	3064	62	4
215906	3100	94	4
215921	3154	112	4
215926	3218	114	4
215942	3280	109	4
215957	3339	97	4
215972	3398	89	4
215987	3447	85	4
216002	3492	85	4
216017	3542	78	4
216022	3586	58	4
216037	18	45	4
216052	45	35	4
216067	63	28	4
216082	76	24	4
216098	90	22	4
216113	104	15	4
216128	112	10	4
216133	117	3	4
216148	122	-4	4
216163	122	-13	4
216178	112	-13	4
216193	108	-11	4
216208	99	-8	4
216228	94	-9	4
216233	90	-12	4
216248	86	-13	4
216263	76	-8	4
216278	72	-3	4
216293	72	1	4
216308	72	5	4
216323	72	7	4
216328	76	9	4
216343	81	18	4
216358	90	25	4
216373	104	30	4
216388	122	35	4
216403	140	44	4
216418	166	54	4
216433	194	57	4
216438	230	56	4
216453	261	54	4
216468	288	50	4
216483	320	46	4
216498	342	42	4
216513	369	37	4
216528	387	27	4
216533	405	26	4
216548	418	26	4
216563	432	20	4
216578	446	11	4
216593	450	5	4
216608	454	3	4
216628	454	6	4
216633	459	4	4
216648	459	-6	4
216663	459	-9	4
216678	454	-14	4
216693	446	-19	4
216708	436	-24	4
216723	423	-29	4
216738	405	-28	4
216743	392	-26	4
216759	378	-27	4
216774	360	-38	4
216789	342	-41	4
216804	315	-31	4
216819	302	-24	4
216835	288	-25	4
216840	270	-19	4
216855	261	-12	4
216870	256	-3	4
216885	252	4	4
216900	252	8	4
216915	256	22	4
216930	270	38	4
216945	288	54	4
216950	320	56	4
216965	351	53	4
216980	382	57	4
216995	414	67	4
217010	450	73	4
217025	490	76	4
217040	536	79	4
217045	580	79	4
217060	626	72	4
217075	666	57	4
217090	698	41	4
217105	720	38	4
217120	742	36	4
217136	760	26	4
217142	774	21	4
217158	788	21	4
217173	801	13	4
217188	806	1	4
217203	806	-14	4
217218	801	-20	4
217233	792	-22	4
217248	778	-19	4
217253	770	-24	4
217269	756	-24	4
217285	742	-2	4
217301	742	24	4
217316	752	51	4
217331	778	74	4
217346	819	94	4
217351	873	108	4
217366	936	106	4
217381	994	94	4
217396	1048	79	4
217411	1089	72	4
217426	1130	70	4
217441	1170	63	4
217456	1206	54	4
217461	1238	51	4
217476	1264	43	4
217491	1292	31	4
217506	1305	15	4
217521	1314	2	4
217536	1318	-2	4
217556	1318	-6	4
217561	1314	-11	4
217576	1310	-21	4
217591	1296	-23	4
217606	1287	-19	4
217621	1274	-20	4
217636	1264	-21	4
217651	1251	-18	4
217656	1242	-13	4
217671	1233	-12	4
217687	1228	-16	4
217702	1220	-20	4
217717	1206	-20	4
217732	1197	-23	4
217747	1184	-19	4
217762	1170	-13	4
217767	1166	-3	4
217782	1161	4	4
217797	1161	6	4
217812	1166	14	4
217827	1174	18	4
217842	1184	22	4
217857	1197	31	4
217862	1210	35	4
217877	1233	41	4
217892	1256	52	4
217907	1282	57	4
217922	1318	57	4
217937	1350	48	4
217952	1377	41	4
217957	1400	36	4
217972	1418	30	4
217987	1436	26	4
218002	1449	26	4
218017	1467	25	4
218032	1480	21	4
218052	1490	14	4
218067	1498	11	4
218072	1503	2	4
218087	1508	-8	4
218102	1508	-9	4
218117	1498	-10	4
218132	1494	-19	4
218147	1485	-28	4
218162	1467	-26	4
218167	1454	-24	4
218182	1440	-25	4
218197	1426	-25	4
218212	1413	-23	4
218227	1400	-22	4
218242	1386	-19	4
218257	1377	-21	4
218273	1364	-18	4
218278	1354	-21	4
218293	1341	-10	4
218308	1336	2	4
218324	1336	9	4
218339	1341	21	4
218354	1350	35	4
218369	1372	52	4
218374	1400	57	4
218389	1431	62	4
218404	1467	73	4
218419	1508	80	4
218434	1552	80	4
218449	1598	81	4
218464	1642	75	4
218470	1688	69	4
218485	1724	62	4
218500	1760	53	4
218515	1791	46	4
218530	1814	38	4
218545	1836	34	4
218560	1854	29	4
218575	1872	18	4
218580	1881	9	4
218595	1886	0	4
218610	1886	0	4
218625	1886	-12	4
218640	1886	-19	4
218655	1872	-15	4
218675	1863	-19	4
218680	1854	-25	4
218696	1840	-25	4
218712	1827	-22	4
218727	1814	-17	4
218742	1804	-15	4
218757	1796	-11	4
218772	1791	-10	4
218777	1782	-13	4
218793	1778	-5	4
218808	1773	6	4
218824	1773	10	4
218839	1778	12	4
218854	1786	19	4
218869	1796	26	4
218884	1809	25	4
218889	1827	27	4
218904	1840	38	4
218919	1863	56	4
218934	1894	65	4
218949	1930	73	4
218964	1971	72	4
218979	2012	66	4
218984	2048	53	4
218999	2079	42	4
219014	2102	32	4
219029	2120	23	4
219044	2133	23	4
219059	2146	21	4
219074	2156	12	4
219089	2164	-2	4
219094	2164	-5	4
219109	2164	-8	4
219124	2160	-20	4
219139	2146	-27	4
219154	2133	-27	4
219169	2120	-25	4
219184	2106	-24	4
219189	2092	-22	4
219204	2079	-24	4
219219	2066	-24	4
219234	2052	-19	4
219249	2038	-16	4
219264	2030	-8	4
219280	2025	-2	4
219285	2025	1	4
219300	2025	4	4
219315	2025	8	4
219330	2030	9	4
219346	2034	23	4
219361	2048	42	4
219376	2070	52	4
219396	2102	57	4
219401	2133	63	4
219416	2169	68	4
219431	2205	65	4
219446	2241	67	4
219461	2282	69	4
219476	2318	65	4
219491	2354	62	4
219496	2390	62	4
219511	2426	49	4
219526	2452	40	4
219541	2475	36	4
219556	2498	35	4
219571	2516	22	4
219586	2529	5	4
219601	2529	-2	4
219606	2529	-6	4
219621	2529	-14	4
219636	2520	-23	4
219651	2511	-27	4
219666	2493	-25	4
219681	2480	-23	4
219696	2466	-27	4
219701	2452	-27	4
219716	2434	-26	4
219731	2421	-22	4
219746	2408	-9	4
219761	2403	-2	4
219776	2403	1	4
219796	2403	8	4
219801	2403	15	4
219816	2412	11	4
219831	2421	8	4
219846	2426	17	4
219861	2434	33	4
219876	2452	38	4
219891	2475	43	4
219906	2498	49	4
219911	2524	61	4
219926	2560	61	4
219941	2592	60	4
219956	2628	61	4
219971	2660	58	4
219986	2696	55	4
220001	2727	54	4
220006	2754	50	4
220021	2786	43	4
220036	2808	35	4
220051	2826	33	4
220066	2844	31	4
220081	2862	22	4
220096	2876	15	4
220101	2884	11	4
220116	2889	0	4
220131	2889	-5	4
220146	2889	-9	4
220161	2884	-13	4
220176	2880	-21	4
220191	2866	-22	4
220211	2853	-10	4
220216	2848	-9	4
220231	2844	-10	4
220246	2840	-4	4
220261	2835	2	4
220276	2835	4	4
220291	2835	10	4
220306	2840	20	4
220311	2853	22	4
220326	2866	17	4
220341	2876	22	4
220356	2889	29	4
220371	2902	32	4
220386	2920	32	4
220401	2938	41	4
220416	2961	46	4
220421	2988	43	4
220436	3010	38	4
220451	3033	34	4
220466	3051	25	4
220481	3069	19	4
220496	3078	18	4
220516	3087	13	4
220521	3096	-3	4
220536	3096	-15	4
220551	3087	-14	4
220566	3082	-16	4
220581	3074	-24	4
220596	3060	-24	4
220611	3046	-19	4
220616	3033	-20	4
220631	3024	-19	4
220646	3010	-12	4
220661	3006	-12	4
220676	2997	-13	4
220691	2992	-10	4
220706	2988	-1	4
220721	2984	1	4
220726	2984	-1	4
220742	2984	9	4
220758	2988	23	4
220773	3002	20	4
220788	3010	26	4
220803	3024	38	4
220818	3046	46	4
220823	3074	50	4
220838	3100	61	4
220853	3136	71	4
220868	3177	72	4
220883	3218	69	4
220898	3254	73	4
220913	3294	70	4
220918	3334	59	4
220933	3366	55	4
220948	3398	54	4
220963	3429	43	4
220978	3452	34	4
220993	3474	35	4
221008	3492	35	4
221028	3510	22	4
221033	3524	15	4
221048	3532	14	4
221063	3542	2	4
221078	3542	-17	4
221093	3537	-22	4
221108	3524	-17	4
221123	3514	-18	4
221128	3506	-24	4
221143	3492	-19	4
221158	3478	-20	4
221173	3470	-21	4
221188	3456	-20	4
221203	3447	-15	4
221218	3438	-13	4
221233	3429	-12	4
221238	3424	-6	4
221254	3420	-1	4
221270	3420	1	4
221286	3420	8	4
221302	3420	23	4
221318	3434	27	4
221334	3447	24	4
221339	3460	32	4
221355	3478	40	4
221370	3501	41	4
221385	3524	48	4
221400	3550	62	4
221415	3586	66	4
221430	22	60	4
221435	58	56	4
221451	90	53	4
221466	122	43	4
221481	144	34	4
221496	162	31	4
221511	180	29	4
221526	198	17	4
221541	207	2	4
221546	207	-9	4
221561	207	-20	4
221576	194	-29	4
221591	180	-29	4
221606	162	-27	4
221621	148	-32	4
221636	130	-34	4
221641	108	-31	4
221656	94	-33	4
221671	72	-43	4
221686	50	-40	4
221701	27	-29	4
221716	9	-25	4
221731	3596	-22	4
221746	3586	-6	4
221752	3582	1	4
221767	3582	-3	4
221782	3582	-1	4
221797	3578	7	4
221812	3578	11	4
221828	3586	15	4
221843	3596	28	4
221848	9	35	4
221863	32	39	4
221878	50	44	4
221893	76	48	4
221908	104	45	4
221923	130	41	4
221938	153	44	4
221943	176	52	4
221959	207	48	4
221974	234	48	4
221989	261	50	4
222004	288	50	4
222019	315	44	4
222034	342	34	4
222049	360	28	4
222054	374	21	4
222070	387	13	4
222085	396	9	4
222100	400	-3	4
222115	400	-18	4
222130	392	-25	4
222145	378	-28	4
222150	360	-32	4
222165	342	-41	4
222180	320	-40	4
222195	297	-32	4
222210	279	-35	4
222225	261	-39	4
222240	238	-34	4
222245	220	-24	4
222260	207	-22	4
222275	194	-11	4
222291	189	-5	4
222306	184	-8	4
222321	180	-10	4
222336	176	-4	4
222356	171	2	4
222361	171	-3	4
222376	171	-5	4
222391	171	2	4
222407	171	10	4
222422	171	5	4
222437	176	2	4
222452	176	12	4
222457	184	16	4
222472	194	20	4
222487	202	27	4
222502	216	35	4
222517	238	31	4
222532	256	35	4
222547	274	38	4
222562	297	34	4
222567	315	24	4
222582	328	25	4
222597	342	31	4
222612	360	20	4
222627	374	7	4
222642	374	2	4
222657	378	-6	4
222662	378	-17	4
222678	369	-26	4
222694	351	-29	4
222710	338	-30	4
222726	320	-28	4
222741	306	-23	4
222756	292	-18	4
222761	279	-16	4
222776	270	-10	4
222791	266	-8	4
222806	261	-20	4
222821	252	-33	4
222836	234	-27	4
222851	216	-14	4
222866	207	-16	4
222871	198	-20	4
222886	189	-9	4
222901	184	8	4
222916	184	6	4
222931	189	2	4
222946	189	3	4
222961	189	9	4
222966	194	14	4
222981	202	22	4
222996	216	24	4
223011	230	28	4
223026	243	35	4
223041	266	45	4
223056	288	40	4
223061	310	28	4
223076	328	30	4
223091	346	37	4
223106	364	28	4
223121	382	11	4
223136	387	3	4
223151	392	-3	4
223171	392	-11	4
223176	387	-17	4
223191	378	-19	4
223206	364	-20	4
223221	356	-19	4
223236	342	-20	4
223251	333	-24	4
223266	320	-37	4
223271	297	-31	4
223286	279	-16	4
223301	270	-17	4
223316	261	-24	4
223331	248	-24	4
223346	234	-14	4
223361	225	-12	4
223376	220	-14	4
223381	212	-7	4
223396	207	-1	4
223411	207	4	4
223426	207	5	4
223441	207	6	4
223456	212	4	4
223476	216	5	4
223481	216	11	4
223496	225	18	4
223511	234	15	4
223526	243	22	4
223541	256	36	4
223556	274	38	4
223571	297	32	4
223576	315	33	4
223591	333	38	4
223606	356	32	4
223621	374	23	4
223636	387	20	4
223651	396	18	4
223666	405	7	4
223681	410	2	4
223686	410	-2	4
223701	410	-8	4
223716	410	-9	4
223731	405	-9	4
223746	400	-14	4
223761	392	-26	4
223776	378	-33	4
223781	360	-29	4
223796	342	-29	4
223811	324	-36	4
223826	306	-38	4
223841	284	-34	4
223857	266	-34	4
223872	248	-38	4
223892	225	-32	4
223897	207	-20	4
223912	194	-16	4
223927	184	-14	4
223942	180	-8	4
223957	176	-12	4
223972	166	-18	4
223987	158	-18	4
223992	148	-20	4
224007	135	-35	4
224022	117	-47	4
224038	90	-44	4
224054	63	-43	4
224069	40	-48	4
224084	14	-43	4
224089	3591	-29	4
224105	3573	-23	4
224120	3560	-15	4
224135	3550	-9	4
224150	3546	2	4
224166	3546	8	4
224181	3550	9	4
224196	3555	17	4
224201	3564	20	4
224216	3573	26	4
224231	3591	38	4
224246	9	42	4
224261	36	39	4
224276	54	34	4
224291	76	41	4
224296	99	46	4
224311	126	38	4
224326	144	30	4
224341	162	28	4
224356	180	18	4
224371	189	3	4
224386	189	-11	4
224391	189	-23	4
224406	176	-24	4
224421	162	-17	4
224436	153	-12	4
224451	144	-15	4
224466	135	-22	4
224481	126	-24	4
224496	112	-29	4
224501	94	-34	4
224516	76	-37	4
224531	54	-22	4
224546	40	-16	4
224561	32	-13	4
224576	27	-13	4
224591	18	-7	4
224596	14	-3	4
224612	14	0	4
224627	14	3	4
224642	14	13	4
224657	18	21	4
224672	32	26	4
224687	45	30	4
224707	63	26	4
224712	76	25	4
224727	90	38	4
224742	112	51	4
224757	140	56	4
224772	171	49	4
224787	198	50	4
224802	225	50	4
224807	256	40	4
224823	279	36	4
224838	297	30	4
224853	315	25	4
224868	328	21	4
224883	342	19	4
224898	351	8	4
224903	356	-3	4
224918	356	-8	4
224933	356	-13	4
224948	346	-26	4
224963	333	-36	4
224978	310	-34	4
224993	292	-29	4
225008	274	-34	4
225013	256	-50	4
225029	230	-54	4
225044	198	-56	4
225059	166	-60	4
225074	135	-57	4
225089	99	-52	4
225104	72	-46	4
225109	45	-40	4
225124	22	-34	4
225140	4	-34	4
225155	3586	-37	4
225170	3564	-31	4
225185	3546	-20	4
225200	3537	-18	4
225220	3524	-19	4
225225	3514	-12	4
225240	3510	-8	4
225255	3506	-13	4
225270	3496	-27	4
225285	3483	-36	4
225300	3460	-43	4
225315	3438	-51	4
225320	3406	-57	4
225335	3375	-61	4
225350	3344	-59	4
225365	3308	-55	4
225380	3276	-47	4
225395	3249	-40	4
225410	3226	-38	4
225415	3208	-33	4
225430	3190	-21	4
225446	3177	-15	4
225462	3168	-18	4
225478	3159	-11	4
225494	3150	0	4
225510	3150	2	4
225525	3150	2	4
225530	3150	9	4
225545	3154	15	4
225560	3164	22	4
225575	3177	31	4
225590	3195	38	4
225605	3213	42	4
225620	3240	42	4
225625	3262	50	4
225640	3290	54	4
225655	3321	51	4
225670	3348	48	4
225685	3375	51	4
225700	3406	52	4
225715	3434	47	4
225720	3460	36	4
225735	3483	27	4
225750	3496	20	4
225765	3506	16	4
225780	3514	13	4
225795	3524	11	4
225810	3528	2	4
225825	3532	-6	4
225830	3532	-8	4
225845	3528	-19	4
225860	3514	-31	4
225875	3501	-32	4
225890	3483	-31	4
225905	3465	-35	4
225920	3442	-35	4
225925	3424	-33	4
225940	3406	-32	4
225955	3388	-40	4
225970	3366	-42	4
225985	3344	-36	4
226000	3321	-27	4
226015	3308	-19	4
226035	3294	-13	4
226040	3290	-9	4
226055	3285	-7	4
226070	3280	0	4
226085	3280	11	4
226100	3280	20	4
226115	3294	27	4
226130	3308	35	4
226136	3326	44	4
226153	3352	47	4
226168	3380	48	4
226183	3406	54	4
226198	3438	58	4
226213	3470	54	4
226228	3501	60	4
226233	3532	66	4
226248	3568	67	4
226263	9	57	4
226278	40	56	4
226293	72	47	4
226308	99	32	4
226323	117	29	4
226338	130	33	4
226343	148	28	4
226358	166	21	4
226373	180	20	4
226388	189	16	4
226403	198	8	4
226418	202	-6	4
226434	202	-11	4
226439	198	-11	4
226454	189	-13	4
226469	184	-20	4
226484	171	-31	4
226499	153	-39	4
226514	135	-41	4
226529	108	-37	4
226534	90	-31	4
226549	72	-30	4
226564	54	-30	4
226580	36	-20	4
226596	27	-19	4
226611	18	-23	4
226626	4	-21	4
226641	3591	-7	4
226646	3586	-2	4
226661	3586	-3	4
226676	3586	-1	4
226691	3582	11	4
226706	3586	13	4
226721	3596	14	4
226736	0	22	4
226741	14	31	4
226756	32	43	4
226771	54	54	4
226786	86	54	4
226801	117	54	4
226816	148	63	4
226832	180	65	4
226848	220	63	4
226854	252	54	4
226870	284	48	4
226886	310	47	4
226902	338	40	4
226918	360	31	4
226934	378	26	4
226950	392	22	4
226955	405	15	4
226971	414	4	4
226987	414	1	4
227002	414	-9	4
227017	414	-19	4
227032	405	-17	4
227047	396	-19	4
227053	382	-26	4
227068	369	-29	4
227083	351	-28	4
227098	338	-32	4
227113	320	-34	4
227128	302	-34	4
227143	279	-30	4
227158	266	-22	4
227163	252	-19	4
227178	243	-15	4
227193	234	-17	4
227208	225	-10	4
227224	216	0	4
227239	216	2	4
227254	216	5	4
227259	216	18	4
227274	230	33	4
227289	248	45	4
227304	270	42	4
227319	297	40	4
227335	320	52	4
227350	346	62	4
227365	382	61	4
227370	414	52	4
227385	446	51	4
227400	472	52	4
227415	504	48	4
227430	531	38	4
227445	554	32	4
227461	572	23	4
227466	580	21	4
227481	594	15	4
227496	603	6	4
227511	608	-2	4
227526	608	-2	4
227542	608	-5	4
227557	603	-17	4
227562	594	-24	4
227577	580	-17	4
227592	572	-10	4
227607	567	-7	4
227622	562	-12	4
227637	558	-16	4
227652	549	-16	4
227667	540	-18	4
227672	526	-21	4
227687	518	-21	4
227702	504	-13	4
227717	495	-5	4
227732	495	2	4
227747	495	2	4
227762	495	1	4
227768	495	9	4
227783	500	15	4
227798	508	17	4
227813	518	20	4
227828	526	28	4
227843	544	38	4
227858	562	44	4
227863	590	52	4
227878	616	53	4
227893	648	46	4
227908	675	41	4
227923	698	34	4
227938	716	18	4
227953	724	6	4
227968	729	0	4
227973	729	-6	4
227988	729	-11	4
228003	724	-14	4
228018	716	-12	4
228033	711	-9	4
228048	706	-16	4
228068	698	-24	4
228073	684	-24	4
228088	670	-26	4
228103	652	-23	4
228118	639	-24	4
228133	626	-27	4
228148	612	-28	4
228163	598	-27	4
228178	580	-23	4
228183	567	-24	4
228198	554	-20	4
228214	544	-14	4
228230	536	-8	4
228246	531	-9	4
228262	526	-7	4
228278	522	3	4
228283	522	11	4
228299	526	16	4
228314	536	31	4
228329	554	42	4
228344	576	46	4
228359	603	46	4
228374	630	47	4
228379	652	38	4
228394	675	19	4
228409	688	-2	4
228424	688	-27	4
228439	675	-45	4
228454	648	-56	4
228469	616	-52	4
228484	590	-42	4
228489	562	-37	4
228504	544	-28	4
228519	526	-20	4
228534	518	-16	4
228549	508	-20	4
228564	495	-24	4
228579	482	-21	4
228584	472	-12	4
228599	464	2	4
228614	464	17	4
228629	472	23	4
228644	486	22	4
228659	495	28	4
228674	513	36	4
228679	531	40	4
228694	554	37	4
228709	576	41	4
228724	598	46	4
228739	626	39	4
228754	648	24	4
228769	662	6	4
228784	662	-16	4
228789	657	-38	4
228804	639	-48	4
228819	612	-50	4
228834	580	-45	4
228849	558	-38	4
228864	536	-34	4
228879	518	-30	4
228884	500	-34	4
228899	482	-34	4
228914	459	-33	4
228929	441	-32	4
228945	423	-30	4
228960	410	-14	4
228975	400	-1	4
228995	400	-4	4
229000	396	-2	4
229015	396	8	4
229030	396	27	4
229045	410	33	4
229061	432	37	4
229076	450	49	4
229091	477	57	4
229096	508	64	4
229111	544	72	4
229126	585	70	4
229141	626	60	4
229156	662	37	4
229171	680	5	4
229186	684	-28	4
229191	670	-46	4
229206	648	-46	4
229221	621	-43	4
229236	594	-45	4
229251	572	-43	4
229266	544	-39	4
229281	526	-31	4
229296	508	-34	4
229301	486	-29	4
229316	472	-18	4
229331	464	-12	4
229346	454	-7	4
229362	450	0	4
229377	450	9	4
229392	450	14	4
229397	459	17	4
229413	468	24	4
229429	482	29	4
229444	500	33	4
229459	518	42	4
229475	540	46	4
229490	567	42	4
229505	590	41	4
229510	612	40	4
229525	634	33	4
229540	657	17	4
229555	666	7	4
229570	670	-7	4
229586	670	-23	4
229601	657	-36	4
229606	634	-45	4
229621	612	-49	4
229636	580	-50	4
229651	554	-50	4
229666	526	-43	4
229681	504	-34	4
229696	482	-29	4
229701	468	-28	4
229716	450	-28	4
229731	436	-34	4
229746	414	-31	4
229761	400	-16	4
229776	392	-9	4
229791	382	-5	4
229811	382	-6	4
229816	378	-1	4
229831	378	-1	4
229846	378	3	4
229861	378	19	4
229876	387	40	4
229891	410	52	4
229907	436	64	4
229912	472	70	4
229927	513	68	4
229942	549	68	4
229958	590	67	4
229973	626	60	4
229988	662	51	4
230003	688	49	4
230008	716	44	4
230024	742	39	4
230039	765	27	4
230054	778	14	4
230070	788	7	4
230085	792	0	4
230100	792	-14	4
230115	788	-15	4
230120	778	-11	4
230135	774	-9	4
230150	765	-18	4
230165	756	-22	4
230180	742	-27	4
230195	729	-31	4
230210	711	-33	4
230215	693	-29	4
230230	675	-28	4
230245	662	-20	4
230260	648	-9	4
230275	644	-2	4
230291	644	3	4
230306	644	7	4
230321	644	18	4
230326	657	21	4
230341	666	33	4
230356	684	42	4
230371	711	44	4
230386	734	48	4
230401	760	54	4
230416	792	62	4
230421	828	60	4
230436	860	54	4
230452	891	56	4
230467	922	56	4
230483	954	45	4
230498	981	35	4
230513	999	33	4
230518	1017	36	4
230533	1040	31	4
230548	1053	25	4
230563	1071	22	4
230578	1080	14	4
230593	1089	8	4
230608	1094	-1	4
230623	1094	-9	4
230628	1094	-17	4
230643	1084	-24	4
230658	1071	-24	4
230673	1058	-29	4
230688	1040	-39	4
230703	1017	-30	4
230719	999	-27	4
230724	986	-27	4
230739	972	-28	4
230754	954	-20	4
230769	945	-13	4
230785	936	-11	4
230800	932	-9	4
230815	922	2	4
230820	922	24	4
230835	936	53	4
230850	963	80	4
230865	1008	111	4
230880	1071	129	4
230895	1143	130	4
230915	1220	120	4
230930	1287	109	4
230935	1346	101	4
230950	1404	98	4
230965	1458	90	4
230980	1508	81	4
230995	1557	74	4
231010	1598	76	4
231026	1638	73	4
231031	1678	72	4
231046	1719	70	4
231062	1760	72	4
231078	1800	71	4
231093	1840	66	4
231108	1876	67	4
231123	1917	70	4
231138	1953	66	4
231143	1994	62	4
231158	2025	62	4
231173	2061	60	4
231188	2097	52	4
231203	2124	47	4
231218	2151	41	4
231233	2174	36	4
231238	2196	26	4
231253	2210	20	4
231268	2218	14	4
231283	2228	5	4
231298	2232	-3	4
231313	2232	-4	4
231328	2232	-3	4
231333	2228	-6	4
231348	2228	-6	4
231363	2223	-8	4
231378	2218	-16	4
231393	2210	-15	4
231408	2200	-7	4
231423	2196	2	4
231444	2196	14	4
231449	2200	41	4
231464	2223	70	4
231479	2264	99	4
231494	2322	115	4
231509	2385	120	4
231524	2452	122	4
231539	2520	113	4
231544	2583	99	4
231559	2642	86	4
231574	2686	70	4
231589	2727	53	4
231604	2758	42	4
231619	2781	38	4
231634	2804	33	4
231649	2822	25	4
231654	2835	25	4
231669	2848	26	4
231685	2862	24	4
231700	2876	29	4
231715	2894	29	4
231730	2912	22	4
231745	2920	8	4
231750	2925	1	4
231765	2930	-2	4
231780	2930	-7	4
231795	2925	-8	4
231810	2920	-12	4
231825	2916	-15	4
231840	2907	-17	4
231845	2898	-21	4
231860	2884	-25	4
231875	2871	-24	4
231890	2858	-20	4
231905	2848	-19	4
231920	2835	-21	4
231935	2826	-20	4
231955	2812	-17	4
231960	2804	-11	4
231975	2799	-10	4
231990	2790	-5	4
232006	2790	6	4
232021	2790	22	4
232036	2799	28	4
232052	2817	43	4
232057	2840	62	4
232072	2876	79	4
232087	2920	81	4
232102	2966	89	4
232117	3015	92	4
232132	3069	91	4
232147	3118	91	4
232152	3168	81	4
232167	3213	66	4
232182	3254	59	4
232197	3285	66	4
232212	3321	75	4
232228	3366	86	4
232243	3411	103	4
232258	3470	121	4
232263	3537	124	4
232278	9	113	4
232293	72	100	4
232308	130	94	4
232323	180	90	4
232338	234	79	4
232353	274	65	4
232358	315	58	4
232374	346	58	4
232390	378	51	4
232405	405	40	4
232421	428	33	4
232437	450	25	4
232453	464	18	4
232469	472	5	4
232474	477	-8	4
232489	472	-13	4
232504	468	-8	4
232519	464	-10	4
232534	459	-20	4
232549	446	-19	4
232564	436	-17	4
232569	428	-21	4
232584	414	-25	4
232599	400	-23	4
232614	387	-21	4
232629	374	-21	4
232644	364	-26	4
232659	346	-25	4
232664	333	-23	4
232679	320	-19	4
232694	310	-9	4
232709	306	-3	4
232724	306	4	4
232739	306	14	4
232754	310	27	4
232769	324	39	4
232774	346	48	4
232789	374	52	4
232804	405	64	4
232819	441	63	4
232834	477	54	4
232850	504	48	4
232865	531	45	4
232870	558	39	4
232885	580	38	4
232900	603	39	4
232915	621	35	4
232930	644	29	4
232945	657	29	4
232960	675	25	4
232975	688	10	4
232980	693	-2	4
232995	693	-9	4
233010	693	-10	4
233025	688	-16	4
233040	680	-18	4
233055	666	-20	4
233075	657	-24	4
233080	644	-26	4
233096	630	-24	4
233111	616	-22	4
233126	603	-19	4
233141	594	-13	4
233156	585	-8	4
233171	580	-8	4
233176	576	-14	4
233191	567	-13	4
233206	562	-2	4
233221	558	7	4
233236	558	15	4
233252	567	30	4
233267	585	43	4
233282	608	51	4
233287	639	51	4
233302	666	53	4
233317	698	52	4
233332	724	52	4
233347	756	57	4
233362	788	60	4
233377	819	57	4
233382	850	57	4
233397	886	51	4
233412	914	41	4
233427	936	33	4
233442	954	30	4
233457	972	25	4
233473	986	23	4
233478	999	20	4
233493	1008	16	4
233508	1017	9	4
233523	1026	-4	4
233538	1026	-14	4
233553	1017	-18	4
233568	1008	-19	4
233583	999	-22	4
233588	986	-22	4
233603	972	-21	4
233618	958	-27	4
233633	945	-28	4
233648	932	-29	4
233663	914	-31	4
233683	896	-28	4
233688	882	-22	4
233703	868	-12	4
233718	860	-8	4
233733	855	-3	4
233748	855	1	4
233763	855	7	4
233778	855	13	4
233793	864	21	4
233798	873	24	4
233813	886	27	4
233829	904	37	4
233845	922	49	4
233860	950	52	4
233875	981	53	4
233890	1012	52	4
233895	1040	51	4
233910	1066	44	4
233925	1094	33	4
233940	1112	25	4
233955	1125	20	4
233970	1138	13	4
233985	1143	6	4
233990	1148	3	4
234005	1148	-3	4
234020	1148	-11	4
234035	1148	-10	4
234050	1138	-18	4
234065	1130	-29	4
234080	1112	-30	4
234095	1098	-20	4
234100	1084	-21	4
234115	1076	-28	4
234130	1058	-30	4
234145	1040	-32	4
234160	1022	-33	4
234175	1004	-32	4
234195	986	-28	4
234200	972	-21	4
234215	958	-16	4
234230	950	-5	4
234245	945	5	4
234260	945	13	4
234275	954	15	4
234290	963	21	4
234295	972	25	4
234310	986	28	4
234325	1004	27	4
234340	1017	32	4
234355	1035	37	4
234370	1058	39	4
234385	1080	48	4
234400	1107	53	4
234405	1134	51	4
234420	1166	42	4
234435	1188	42	4
234450	1210	38	4
234465	1233	30	4
234480	1251	30	4
234495	1269	33	4
234500	1287	27	4
234515	1300	10	4
234530	1305	0	4
234545	1305	-6	4
234560	1305	-16	4
234575	1296	-24	4
234595	1282	-28	4
234610	1269	-27	4
234615	1256	-23	4
234630	1242	-19	4
234645	1228	-22	4
234660	1220	-26	4
234675	1202	-28	4
234690	1188	-30	4
234705	1170	-27	4
234710	1156	-28	4
234725	1138	-24	4
234740	1125	-13	4
234755	1120	-9	4
234770	1112	-2	4
234786	1112	6	4
234801	1112	24	4
234806	1125	30	4
234821	1143	31	4
234836	1161	35	4
234851	1179	38	4
234866	1202	32	4
234881	1220	30	4
234896	1238	33	4
234911	1256	39	4
234916	1278	38	4
234931	1296	41	4
234946	1318	37	4
234961	1341	30	4
234976	1359	28	4
234991	1372	28	4
235011	1390	18	4
235016	1400	10	4
235031	1404	8	4
235046	1408	12	4
235061	1418	5	4
235076	1418	-8	4
235091	1418	-20	4
235106	1408	-16	4
235121	1400	-16	4
235126	1390	-18	4
235141	1382	-23	4
235157	1368	-32	4
235173	1350	-32	4
235189	1332	-28	4
235205	1314	-26	4
235221	1300	-32	4
235226	1282	-40	4
235242	1260	-31	4
235258	1242	-18	4
235274	1233	-15	4
235290	1224	-11	4
235305	1220	0	4
235320	1220	9	4
235325	1220	14	4
235340	1228	16	4
235355	1238	16	4
235370	1246	26	4
235385	1260	41	4
235400	1282	50	4
235416	1310	52	4
235431	1341	56	4
235436	1372	65	4
235451	1408	66	4
235466	1444	50	4
235482	1472	34	4
235497	1494	28	4
235513	1508	29	4
235528	1526	19	4
235534	1534	17	4
235549	1544	18	4
235564	1552	16	4
235579	1562	6	4
235594	1566	-4	4
235609	1566	-12	4
235624	1562	-16	4
235629	1552	-12	4
235644	1548	-14	4
235659	1539	-23	4
235674	1526	-26	4
235689	1512	-24	4
235704	1498	-22	4
235719	1485	-24	4
235734	1472	-19	4
235739	1462	-13	4
235754	1454	-10	4
235769	1449	-11	4
235784	1440	-16	4
235799	1431	-15	4
235814	1422	-12	4
235829	1418	-2	4
235834	1418	7	4
235849	1418	14	4
235864	1422	16	4
235879	1431	18	4
235894	1444	27	4
235909	1458	31	4
235924	1476	32	4
235939	1494	39	4
235944	1516	55	4
235959	1548	59	4
235974	1580	53	4
235989	1611	54	4
236004	1638	56	4
236019	1670	54	4
236035	1701	41	4
236040	1724	32	4
236055	1742	22	4
236070	1755	13	4
236085	1764	10	4
236100	1768	2	4
236115	1768	-9	4
236130	1768	-16	4
236135	1760	-16	4
236150	1750	-29	4
236165	1732	-38	4
236180	1714	-37	4
236195	1692	-32	4
236210	1674	-31	4
236225	1656	-37	4
236241	1634	-36	4
236246	1616	-36	4
236261	1593	-37	4
236276	1575	-34	4
236291	1557	-26	4
236306	1539	-19	4
236321	1530	-13	4
236336	1521	-6	4
236341	1521	2	4
236356	1521	7	4
236371	1521	17	4
236386	1530	29	4
236401	1548	41	4
236416	1570	46	4
236431	1593	55	4
236436	1624	64	4
236451	1660	69	4
236466	1701	69	4
236481	1742	73	4
236496	1782	68	4
236511	1818	62	4
236526	1854	59	4
236546	1886	59	4
236551	1922	50	4
236566	1948	43	4
236581	1971	35	4
236597	1994	32	4
236612	2012	21	4
236627	2020	6	4
236642	2025	-3	4
236647	2025	-13	4
236662	2020	-21	4
236677	2007	-23	4
236692	1994	-24	4
236707	1980	-28	4
236722	1966	-26	4
236737	1953	-22	4
236752	1940	-27	4
236757	1926	-31	4
236772	1908	-29	4
236787	1890	-19	4
236802	1881	-19	4
236817	1868	-18	4
236832	1858	-9	4
236847	1854	0	4
236852	1854	3	4
236867	1854	12	4
236882	1858	20	4
236897	1868	23	4
236912	1881	15	4
236927	1890	18	4
236942	1899	26	4
236947	1917	33	4
236962	1935	35	4
236977	1953	43	4
236992	1980	49	4
237007	2007	47	4
237022	2034	41	4
237042	2056	34	4
237057	2074	25	4
237062	2088	16	4
237077	2097	18	4
237093	2106	12	4
237108	2115	-2	4
237123	2115	-15	4
237138	2110	-16	4
237153	2102	-25	4
237158	2084	-34	4
237173	2066	-32	4
237188	2048	-27	4
237203	2034	-28	4
237218	2016	-26	4
237233	2002	-19	4
237248	1994	-3	4
237263	1989	7	4
237268	1989	39	4
237283	2012	70	4
237298	2052	96	4
237313	2106	106	4
237328	2164	106	4
237343	2223	96	4
237363	2277	80	4
237368	2322	69	4
237383	2362	65	4
237398	2398	59	4
237413	2434	50	4
237428	2462	43	4
237443	2484	37	4
237458	2506	20	4
237463	2516	9	4
237478	2520	9	4
237493	2529	13	4
237508	2534	8	4
237523	2538	0	4
237538	2538	1	4
237553	2538	1	4
237568	2538	-4	4
237573	2538	-6	4
237588	2538	-11	4
237603	2534	-16	4
237619	2524	-20	4
237634	2511	-15	4
237649	2502	-20	4
237664	2493	-29	4
237669	2475	-25	4
237685	2462	-19	4
237700	2452	-24	4
237715	2439	-24	4
237730	2426	-18	4
237747	2412	-12	4
237762	2408	-11	4
237767	2403	-11	4
237782	2394	-1	4
237797	2394	8	4
237812	2394	7	4
237827	2398	11	4
237842	2403	18	4
237857	2416	22	4
237872	2426	26	4
237877	2444	39	4
237892	2466	45	4
237907	2488	37	4
237922	2511	36	4
237937	2529	44	4
237952	2556	39	4
237967	2578	30	4
237972	2592	25	4
237987	2610	25	4
238002	2624	16	4
238017	2632	9	4
238032	2637	7	4
238047	2642	5	4
238062	2642	-2	4
238082	2642	-7	4
238087	2642	-15	4
238103	2632	-23	4
238118	2619	-26	4
238133	2606	-23	4
238148	2592	-22	4
238163	2578	-23	4
238178	2570	-24	4
238183	2556	-17	4
238198	2542	-22	4
238213	2534	-28	4
238228	2516	-28	4
238243	2502	-18	4
238258	2488	-18	4
238273	2480	-12	4
238278	2475	-2	4
238293	2470	2	4
238308	2470	7	4
238323	2475	18	4
238338	2484	25	4
238353	2498	20	4
238368	2511	20	4
238383	2520	34	4
238388	2538	43	4
238403	2565	37	4
238418	2583	33	4
238433	2601	33	4
238448	2624	27	4
238463	2637	16	4
238478	2646	9	4
238483	2650	6	4
238498	2655	-2	4
238513	2655	-5	4
238528	2655	-12	4
238543	2646	-16	4
238563	2637	-23	4
238578	2624	-22	4
238583	2614	-26	4
238598	2596	-32	4
238613	2578	-33	4
238628	2560	-30	4
238643	2547	-33	4
238658	2524	-37	4
238673	2506	-28	4
238688	2488	-21	4
238693	2480	-21	4
238709	2466	-26	4
238724	2452	-17	4
238739	2444	-12	4
238754	2434	-10	4
238769	2430	-6	4
238784	2426	9	4
238789	2426	16	4
238804	2434	24	4
238819	2448	37	4
238834	2470	49	4
238849	2498	53	4
238864	2529	53	4
238879	2556	56	4
238899	2588	52	4
238904	2619	46	4
238919	2646	53	4
238934	2673	59	4
238949	2709	50	4
238964	2736	37	4
238979	2758	35	4
238995	2776	31	4
239000	2794	20	4
239015	2804	10	4
239030	2812	9	4
239045	2817	0	4
239060	2817	-11	4
239075	2812	-15	4
239090	2804	-14	4
239095	2799	-20	4
239110	2786	-22	4
239125	2772	-22	4
239140	2763	-24	4
239155	2750	-35	4
239170	2727	-41	4
239186	2704	-39	4
239201	2682	-38	4
239206	2660	-33	4
239221	2642	-20	4
239236	2632	-14	4
239251	2624	-13	4
239266	2614	-10	4
239281	2610	0	4
239296	2610	4	4
239301	2610	2	4
239316	2610	16	4
239331	2619	26	4
239346	2632	23	4
239361	2646	7	4
239376	2650	-11	4
239391	2650	-33	4
239407	2628	-55	4
239413	2601	-71	4
239428	2560	-71	4
239443	2520	-66	4
239458	2484	-59	4
239473	2448	-54	4
239488	2416	-52	4
239503	2390	-53	4
239508	2358	-47	4
239523	2331	-37	4
239538	2313	-39	4
239553	2290	-45	4
239568	2264	-48	4
239583	2236	-55	4
239598	2205	-70	4
239603	2169	-72	4
239618	2128	-69	4
239633	2088	-61	4
239648	2052	-60	4
239663	2020	-51	4
239678	1994	-44	4
239698	1966	-43	4
239713	1944	-41	4
239718	1922	-40	4
239733	1899	-35	4
239748	1876	-35	4
239763	1858	-33	4
239779	1840	-33	4
239794	1822	-45	4
239809	1796	-55	4
239814	1764	-55	4
239829	1732	-51	4
239844	1706	-48	4
239859	1678	-37	4
239874	1656	-22	4
239889	1642	-13	4
239904	1638	-10	4
239909	1634	3	4
239924	1634	23	4
239939	1642	32	4
239954	1660	37	4
239969	1683	48	4
239984	1710	65	5
239999	1746	66	5
240014	1782	62	5
240019	1818	60	5
240034	1850	60	5
240049	1886	63	5
240064	1922	64	5
240079	1958	71	5
240099	1994	76	5
240114	2038	71	5
240119	2079	63	5
240134	2115	59	5
240149	2146	50	5
240164	2174	43	5
240179	2200	35	5
240194	2218	23	5
240209	2232	15	5
240224	2241	14	5
240229	2250	4	5
240244	2250	-10	5
240259	2250	-24	5
240274	2236	-21	5
240289	2223	-14	5
240304	2214	-19	5
240319	2205	-22	5
240324	2192	-13	5
240339	2187	-6	5
240354	2182	-8	5
240369	2178	-13	5
240384	2169	-13	5
240399	2164	-11	5
240419	2156	-9	5
240424	2151	-8	5
240439	2146	-4	5
240454	2146	3	5
240469	2146	16	5
240484	2151	20	5
240499	2164	21	5
240514	2174	17	5
240529	2182	19	5
240534	2196	29	5
240549	2210	37	5
240564	2232	37	5
240579	2254	40	5
240595	2277	49	5
240610	2304	53	5
240625	2331	48	5
240630	2358	41	5
240645	2380	34	5
240660	2403	31	5
240675	2421	30	5
240691	2434	25	5
240708	2448	9	5
240725	2457	0	5
240730	2457	-5	5
240749	2457	-15	5
240764	2448	-26	5
240780	2434	-32	5
240800	2416	-30	5
240805	2398	-30	5
240820	2380	-41	5
240837	2358	-44	5
240843	2336	-43	5
240858	2308	-31	5
240873	2290	-24	5
240888	2277	-24	5
240903	2264	-23	5
240918	2250	-13	5
240934	2246	-7	5
240939	2241	-5	5
240954	2236	-5	5
240970	2236	4	5
240986	2236	18	5
241001	2246	23	5
241016	2254	11	5
241031	2264	2	5
241046	2264	3	5
241051	2264	1	5
241066	2268	-17	5
241082	2259	-30	5
241097	2246	-37	5
241113	2223	-42	5
241128	2200	-49	5
241143	2174	-53	5
241148	2142	-55	5
241164	2110	-50	5
241179	2084	-36	5
241194	2061	-30	5
241209	2048	-31	5
241224	2030	-21	5
241239	2016	-15	5
241244	2007	-7	5
241259	2002	0	5
241274	2002	3	5
241289	2002	12	5
241304	2007	26	5
241319	2025	33	5
241334	2043	32	5
241349	2061	34	5
241354	2079	41	5
241369	2102	51	5
241384	2128	56	5
241399	2160	57	5
241414	2196	56	5
241429	2228	62	5
241444	2259	62	5
241449	2295	53	5
241464	2326	40	5
241479	2349	39	5
241494	2372	41	5
241509	2394	31	5
241524	2412	19	5
241539	2421	7	5
241554	2426	-2	5
241559	2426	-7	5
241574	2426	-17	5
241589	2412	-31	5
241604	2398	-39	5
241619	2376	-34	5
241634	2354	-28	5
241649	2340	-31	5
241654	2322	-37	5
241669	2300	-36	5
241684	2282	-25	5
241699	2268	-25	5
241716	2254	-31	5
241731	2236	-27	5
241746	2218	-21	5
241751	2210	-14	5
241766	2200	-11	5
241781	2196	-10	5
241796	2187	-5	5
241811	2187	3	5
241826	2187	13	5
241841	2192	14	5
241856	2200	7	5
241861	2205	3	5
241876	2205	15	5
241891	2214	20	5
241906	2223	16	5
241921	2232	15	5
241936	2241	21	5
241951	2254	20	5
241956	2264	10	5
241971	2272	6	5
241986	2272	5	5
242001	2277	5	5
242016	2282	-3	5
242031	2282	-14	5
242051	2272	-21	5
242056	2264	-24	5
242071	2250	-17	5
242086	2241	-19	5
242101	2228	-22	5
242117	2214	-25	5
242132	2200	-14	5
242147	2196	-14	5
242162	2187	-22	5
242167	2174	-22	5
242182	2160	-13	5
242197	2156	-5	5
242212	2151	-6	5
242227	2146	-6	5
242242	2146	4	5
242257	2146	7	5
242262	2146	10	5
242278	2151	5	5
242293	2156	3	5
242308	2156	7	5
242323	2160	14	5
242338	2169	17	5
242353	2178	7	5
242368	2182	-2	5
242373	2182	-16	5
242388	2178	-38	5
242403	2156	-57	5
242418	2124	-63	5
242433	2088	-56	5
242448	2056	-46	5
242463	2030	-37	5
242468	2007	-32	5
242483	1989	-28	5
242498	1976	-23	5
242513	1962	-18	5
242528	1953	-14	5
242543	1944	-10	5
242558	1940	-6	5
242563	1935	5	5
242578	1935	18	5
242593	1944	20	5
242608	1958	23	5
242623	1966	33	5
242638	1989	41	5
242658	2012	49	5
242673	2038	54	5
242678	2070	60	5
242693	2102	65	5
242708	2138	69	5
242723	2178	69	5
242738	2214	61	5
242753	2250	49	5
242768	2277	40	5
242773	2300	37	5
242788	2322	30	5
242803	2340	18	5
242818	2349	8	5
242833	2354	2	5
242848	2354	-11	5
242863	2354	-23	5
242878	2340	-25	5
242883	2326	-26	5
242898	2308	-33	5
242913	2290	-40	5
242928	2268	-38	5
242943	2246	-36	5
242958	2228	-34	5
242978	2210	-34	5
242983	2187	-38	5
242998	2169	-42	5
243013	2142	-36	5
243028	2124	-25	5
243043	2110	-13	5
243058	2102	-14	5
243073	2092	-7	5
243078	2092	1	5
243093	2092	7	5
243108	2092	5	5
243123	2092	6	5
243138	2097	13	5
243153	2106	13	5
243168	2110	13	5
243184	2120	26	5
243189	2133	38	5
243204	2156	40	5
243219	2178	41	5
243234	2200	35	5
243249	2218	22	5
243264	2232	15	5
243279	2241	8	5
243284	2246	-5	5
243299	2246	-33	5
243314	2228	-47	5
243329	2200	-48	5
243344	2174	-54	5
243359	2146	-64	5
243379	2110	-57	5
243384	2074	-38	5
243399	2056	-32	5
243414	2038	-28	5
243429	2020	-27	5
243445	2007	-23	5
243460	1994	-14	5
243475	1984	-7	5
243490	1980	-6	5
243496	1980	-6	5
243511	1976	-3	5
243526	1971	6	5
243541	1971	15	5
243557	1980	15	5
243573	1989	16	5
243589	1998	26	5
243594	2012	29	5
243609	2030	30	5
243624	2048	31	5
243639	2066	38	5
243654	2084	37	5
243669	2106	39	5
243684	2128	41	5
243699	2151	33	5
243704	2169	16	5
243719	2178	2	5
243734	2178	-11	5
243749	2178	-30	5
243764	2160	-44	5
243779	2138	-44	5
243794	2110	-44	5
243799	2088	-42	5
243814	2061	-42	5
243829	2038	-43	5
243844	2016	-44	5
243859	1989	-41	5
243874	1966	-36	5
243889	1948	-29	5
243894	1930	-23	5
243909	1917	-17	5
243924	1908	-4	5
243939	1904	6	5
243954	1904	10	5
243969	1912	16	5
243984	1922	24	5
243999	1935	24	5
244004	1948	24	5
244019	1962	32	5
244034	1980	33	5
244049	1998	23	5
244064	2012	10	5
244079	2016	-1	5
244094	2016	-18	5
244099	2007	-33	5
244114	1989	-39	5
244129	1966	-41	5
244144	1944	-40	5
244159	1922	-37	5
244174	1904	-31	5
244194	1886	-30	5
244199	1868	-23	5
244214	1854	-17	5
244229	1845	-14	5
244244	1836	-16	5
244259	1827	-16	5
244274	1818	-7	5
244289	1814	3	5
244304	1814	11	5
244309	1818	20	5
244324	1832	34	5
244339	1850	38	5
244354	1872	44	5
244369	1894	49	5
244384	1922	61	5
244399	1958	65	5
244404	1994	68	5
244419	2034	74	5
244434	2074	75	5
244449	2115	69	5
244464	2156	68	5
244479	2192	67	5
244494	2232	64	5
244514	2268	57	5
244519	2300	55	5
244534	2331	44	5
244549	2354	32	5
244564	2372	25	5
244579	2385	23	5
244594	2398	13	5
244609	2408	0	5
244614	2408	-3	5
244629	2408	-7	5
244644	2403	-15	5
244659	2398	-21	5
244674	2385	-21	5
244689	2372	-20	5
244704	2362	-24	5
244709	2349	-26	5
244724	2336	-32	5
244739	2318	-31	5
244754	2300	-27	5
244769	2282	-23	5
244784	2268	-23	5
244799	2259	-26	5
244819	2241	-18	5
244824	2232	-6	5
244839	2228	0	5
244854	2228	5	5
244869	2228	8	5
244884	2232	12	5
244899	2241	9	5
244914	2246	6	5
244919	2246	10	5
244934	2254	16	5
244949	2264	16	5
244964	2272	21	5
244979	2282	29	5
244994	2300	32	5
245009	2318	24	5
245024	2331	23	5
245029	2344	18	5
245044	2354	11	5
245059	2358	7	5
245074	2362	-4	5
245089	2362	-12	5
245104	2358	-15	5
245119	2349	-13	5
245124	2344	-9	5
245140	2340	-13	5
245155	2331	-15	5
245170	2322	-17	5
245185	2313	-23	5
245200	2300	-31	5
245215	2282	-31	5
245220	2264	-23	5
245235	2250	-25	5
245251	2236	-26	5
245266	2223	-26	5
245281	2210	-25	5
245296	2196	-29	5
245311	2178	-24	5
245326	2164	-17	5
245331	2156	-10	5
245346	2151	-10	5
245361	2142	-2	5
245376	2142	4	5
245391	2142	0	5
245406	2142	-11	5
245426	2138	-19	5
245431	2128	-33	5
245446	2110	-49	5
245461	2084	-58	5
245476	2048	-60	5
245491	2016	-54	5
245506	1984	-46	5
245521	1958	-27	5
245526	1944	-15	5
245541	1935	-11	5
245556	1930	-8	5
245571	1926	3	5
245586	1926	12	5
245601	1930	13	5
245616	1935	18	5
245631	1948	27	5
245636	1962	30	5
245651	1980	34	5
245666	1998	40	5
245681	2020	38	5
245696	2043	23	5
245711	2056	4	5
245727	2056	-17	5
245733	2052	-43	5
245748	2030	-54	5
245763	1998	-49	5
245778	1971	-37	5
245793	1948	-28	5
245808	1935	-21	5
245823	1922	-12	5
245838	1912	-12	5
245843	1908	-17	5
245858	1899	-13	5
245873	1890	-5	5
245888	1890	-7	5
245903	1886	-5	5
245918	1881	5	5
245938	1881	11	5
245943	1886	14	5
245958	1894	19	5
245973	1904	21	5
245988	1917	18	5
246003	1926	10	5
246018	1930	6	5
246033	1935	-13	5
246038	1930	-42	5
246053	1908	-55	5
246068	1876	-53	5
246083	1850	-60	5
246098	1814	-64	5
246113	1778	-54	5
246128	1746	-43	5
246143	1724	-40	5
246148	1701	-39	5
246163	1678	-28	5
246179	1665	-21	5
246194	1652	-16	5
246209	1642	-7	5
246224	1638	1	5
246240	1638	8	5
246245	1638	14	5
246260	1647	26	5
246275	1660	37	5
246291	1683	39	5
246306	1706	50	5
246321	1732	63	5
246336	1768	69	5
246341	1809	64	5
246357	1845	68	5
246373	1881	73	5
246389	1922	68	5
246404	1962	56	5
246419	1994	54	5
246435	2025	44	5
246450	2048	31	5
246455	2066	25	5
246470	2079	25	5
246485	2092	20	5
246500	2106	16	5
246515	2115	16	5
246530	2124	7	5
246545	2128	-4	5
246550	2128	-12	5
246565	2120	-20	5
246580	2110	-35	5
246595	2092	-41	5
246610	2066	-42	5
246625	2043	-43	5
246640	2020	-47	5
246655	1994	-42	5
246660	1971	-33	5
246675	1953	-33	5
246690	1930	-37	5
246705	1912	-38	5
246720	1890	-33	5
246735	1872	-31	5
246750	1854	-28	5
246755	1840	-12	5
246770	1832	-2	5
246785	1832	-5	5
246800	1827	-12	5
246815	1822	-10	5
246830	1814	-7	5
246850	1814	3	5
246855	1814	23	5
246870	1822	35	5
246885	1840	29	5
246900	1858	23	5
246915	1872	14	5
246930	1881	-13	5
246945	1876	-42	5
246960	1854	-57	5
246965	1818	-57	5
246980	1786	-56	5
246995	1755	-47	5
247010	1728	-37	5
247025	1710	-32	5
247040	1692	-33	5
247055	1674	-40	5
247060	1652	-43	5
247075	1624	-45	5
247090	1602	-42	5
247105	1575	-37	5
247120	1557	-29	5
247135	1539	-22	5
247150	1526	-13	5
247170	1521	0	5
247175	1521	4	5
247190	1521	-9	5
247205	1516	-22	5
247220	1503	-31	5
247235	1490	-46	5
247250	1462	-59	5
247265	1426	-55	5
247270	1400	-52	5
247286	1368	-50	5
247301	1341	-42	5
247316	1318	-29	5
247331	1300	-22	5
247346	1287	-15	5
247361	1278	0	5
247366	1278	10	5
247381	1282	15	5
247396	1292	19	5
247411	1300	29	5
247426	1318	30	5
247441	1332	31	5
247456	1350	41	5
247471	1372	49	5
247476	1400	55	5
247491	1431	53	5
247507	1462	54	5
247522	1494	55	5
247537	1526	52	5
247553	1552	48	5
247568	1580	46	5
247573	1606	38	5
247588	1629	29	5
247603	1642	29	5
247618	1660	24	5
247633	1674	10	5
247648	1678	1	5
247663	1678	5	5
247668	1683	0	5
247683	1683	-7	5
247698	1683	-14	5
247713	1674	-10	5
247729	1670	-14	5
247744	1660	-20	5
247759	1652	-26	5
247775	1634	-27	5
247780	1620	-33	5
247795	1602	-37	5
247810	1580	-33	5
247825	1562	-29	5
247840	1544	-22	5
247855	1534	-16	5
247870	1526	-10	5
247875	1516	-6	5
247890	1516	-5	5
247905	1512	6	5
247920	1512	16	5
247935	1521	20	5
247950	1530	28	5
247970	1548	32	5
247985	1566	33	5
247990	1584	25	5
248005	1598	22	5
248020	1611	23	5
248035	1624	21	5
248050	1634	25	5
248065	1652	32	5
248080	1670	35	5
248085	1688	31	5
248100	1706	24	5
248115	1719	23	5
248130	1732	20	5
248145	1742	17	5
248160	1750	12	5
248175	1760	11	5
248180	1764	2	5
248195	1764	-6	5
248210	1764	-1	5
248225	1764	-7	5
248240	1764	-15	5
248255	1755	-18	5
248270	1742	-19	5
248290	1732	-18	5
248295	1724	-20	5
248310	1710	-17	5
248325	1701	-14	5
248340	1692	-12	5
248355	1688	-15	5
248370	1678	-20	5
248386	1670	-22	5
248391	1656	-16	5
248406	1647	-8	5
248421	1642	-2	5
248436	1642	-4	5
248452	1638	3	5
248467	1638	10	5
248482	1642	17	5
248487	1652	20	5
248502	1660	34	5
248518	1683	47	5
248533	1710	56	5
248548	1742	60	5
248563	1773	66	5
248578	1809	72	5
248593	1850	74	5
248598	1894	69	5
248613	1930	62	5
248628	1966	59	5
248644	1998	55	5
248659	2030	56	5
248674	2061	51	5
248689	2092	38	5
248694	2110	32	5
248709	2128	28	5
248724	2146	17	5
248740	2156	3	5
248755	2156	-5	5
248770	2156	-11	5
248785	2151	-19	5
248800	2142	-25	5
248805	2128	-26	5
248820	2110	-23	5
248835	2102	-22	5
248850	2088	-22	5
248865	2074	-23	5
248880	2061	-29	5
248895	2048	-30	5
248900	2030	-24	5
248915	2016	-18	5
248930	2007	-14	5
248945	1998	-9	5
248960	1994	-3	5
248975	1989	4	5
248990	1989	2	5
248995	1989	5	5
249010	1994	10	5
249025	1998	14	5
249040	2007	12	5
249055	2012	9	5
249070	2016	10	5
249090	2025	15	5
249105	2034	27	5
249110	2048	34	5
249125	2066	35	5
249140	2088	33	5
249155	2106	36	5
249170	2124	32	5
249186	2142	23	5
249201	2156	16	5
249206	2164	13	5
249221	2174	6	5
249236	2174	-1	5
249251	2174	-2	5
249266	2174	-1	5
249281	2174	-3	5
249296	2174	-13	5
249311	2169	-20	5
249316	2156	-24	5
249331	2142	-22	5
249346	2133	-26	5
249361	2115	-28	5
249376	2102	-28	5
249391	2084	-27	5
249406	2070	-26	5
249411	2056	-26	5
249426	2038	-29	5
249441	2025	-23	5
249456	2012	-12	5
249471	2002	-4	5
249486	2002	-3	5
249506	2002	0	5
249511	2002	6	5
249526	2002	4	5
249541	2002	1	5
249556	2002	1	5
249571	2002	-2	5
249586	2002	4	5
249601	2002	9	5
249616	2012	17	5
249621	2020	14	5
249636	2025	17	5
249651	2038	21	5
249666	2048	19	5
249681	2061	6	5
249696	2061	-16	5
249711	2056	-33	5
249716	2038	-39	5
249731	2016	-46	5
249746	1989	-49	5
249761	1962	-45	5
249776	1940	-38	5
249791	1917	-36	5
249806	1894	-34	5
249811	1876	-32	5
249826	1858	-27	5
249841	1845	-19	5
249856	1832	-9	5
249871	1827	-3	5
249886	1827	5	5
249906	1827	18	5
249921	1836	25	5
249926	1850	30	5
249941	1868	30	5
249956	1886	34	5
249971	1904	40	5
249986	1926	52	5
250001	1953	64	5
250016	1989	70	5
250021	2030	72	5
250036	2070	70	5
250051	2110	66	5
250066	2146	54	5
250081	2178	41	5
250096	2200	37	5
250111	2223	30	5
250126	2236	17	5
250131	2246	1	5
250147	2250	-3	5
250162	2250	-5	5
250177	2246	-12	5
250192	2241	-24	5
250207	2228	-36	5
250222	2205	-43	5
250227	2182	-49	5
250242	2156	-48	5
250257	2128	-45	5
250272	2102	-47	5
250287	2074	-40	5
250302	2052	-34	5
250318	2034	-40	5
250323	2012	-41	5
250338	1989	-27	5
250353	1976	-15	5
250368	1966	-11	5
250383	1958	-15	5
250398	1953	-9	5
250418	1944	-9	5
250433	1940	-8	5
250438	1935	-4	5
250453	1935	1	5
250468	1935	3	5
250483	1935	-2	5
250498	1935	-6	5
250513	1930	-13	5
250528	1926	-24	5
250533	1912	-34	5
250548	1890	-44	5
250563	1868	-55	5
250579	1836	-70	5
250594	1796	-67	5
250609	1760	-49	5
250624	1732	-42	5
250639	1710	-41	5
250644	1683	-32	5
250659	1665	-18	5
250674	1656	-12	5
250689	1652	-9	5
250704	1647	-3	5
250719	1642	3	5
250735	1642	14	5
250740	1647	21	5
250755	1660	21	5
250770	1674	20	5
250786	1683	27	5
250801	1701	45	5
250816	1724	52	5
250831	1755	54	5
250836	1782	63	5
250851	1818	65	5
250866	1854	61	5
250881	1890	55	5
250896	1922	48	5
250911	1948	52	5
250926	1976	51	5
250946	2007	45	5
250951	2030	40	5
250966	2052	31	5
250981	2070	20	5
250996	2084	14	5
251011	2092	5	5
251026	2092	-6	5
251041	2092	-12	5
251046	2088	-11	5
251061	2079	-10	5
251076	2074	-19	5
251091	2066	-25	5
251106	2052	-25	5
251121	2038	-31	5
251136	2020	-41	5
251141	1998	-42	5
251156	1971	-35	5
251171	1953	-32	5
251186	1935	-24	5
251201	1922	-23	5
251216	1908	-27	5
251231	1894	-22	5
251246	1881	-18	5
251251	1872	-17	5
251266	1863	-21	5
251281	1850	-17	5
251296	1840	-10	5
251311	1836	0	5
251326	1836	3	5
251346	1836	11	5
251351	1836	18	5
251366	1850	18	5
251381	1858	0	5
251396	1858	-17	5
251411	1854	-36	5
251426	1832	-48	5
251441	1804	-48	5
251456	1778	-47	5
251461	1750	-46	5
251476	1728	-46	5
251491	1701	-48	5
251506	1674	-47	5
251521	1647	-47	5
251536	1620	-36	5
251551	1602	-23	5
251556	1588	-7	5
251571	1584	3	5
251586	1584	11	5
251601	1588	21	5
251616	1598	29	5
251631	1616	36	5
251646	1634	50	5
251651	1665	59	5
251666	1696	72	5
251681	1737	84	5
251696	1786	87	5
251711	1832	86	5
251726	1881	74	5
251746	1922	66	5
251761	1962	65	5
251766	1998	56	5
251781	2030	47	5
251796	2056	42	5
251811	2079	38	5
251826	2102	35	5
251841	2120	31	5
251856	2138	24	5
251861	2151	13	5
251876	2160	4	5
251892	2160	-1	5
251908	2160	-13	5
251924	2156	-21	5
251940	2146	-21	5
251955	2133	-20	5
251960	2120	-24	5
251975	2106	-27	5
251990	2092	-33	5
252005	2074	-32	5
252020	2056	-30	5
252035	2038	-30	5
252050	2020	-31	5
252065	2007	-26	5
252070	1989	-21	5
252085	1980	-16	5
252100	1971	-6	5
252115	1966	1	5
252130	1966	6	5
252145	1966	3	5
252160	1966	3	5
252165	1971	3	5
252180	1971	14	5
252195	1980	25	5
252210	1994	30	5
252225	2012	27	5
252240	2025	32	5
252255	2043	40	5
252270	2066	42	5
252275	2088	47	5
252290	2115	50	5
252305	2142	46	5
252320	2169	42	5
252335	2192	40	5
252351	2214	32	5
252366	2232	25	5
252371	2250	23	5
252386	2259	23	5
252401	2272	16	5
252416	2282	5	5
252431	2286	4	5
252446	2286	3	5
252466	2290	-4	5
252471	2290	-11	5
252486	2286	-14	5
252501	2277	-15	5
252516	2268	-21	5
252531	2259	-27	5
252546	2241	-26	5
252561	2228	-15	5
252576	2218	-14	5
252581	2210	-18	5
252596	2200	-26	5
252611	2187	-31	5
252626	2169	-24	5
252641	2156	-13	5
252656	2146	-7	5
252671	2142	-6	5
252676	2142	-1	5
252691	2142	6	5
252706	2142	5	5
252721	2142	1	5
252736	2142	4	5
252751	2146	8	5
252766	2151	9	5
252786	2156	3	5
252791	2156	-7	5
252806	2156	-22	5
252821	2142	-32	5
252836	2124	-41	5
252852	2102	-45	5
252867	2079	-49	5
252882	2052	-43	5
252887	2025	-34	5
252902	2007	-28	5
252917	1989	-24	5
252932	1976	-19	5
252947	1966	-9	5
252962	1962	-4	5
252977	1958	0	5
252982	1958	9	5
252997	1962	19	5
253012	1971	24	5
253028	1984	26	5
253043	1998	29	5
253058	2016	28	5
253073	2030	30	5
253089	2048	42	5
253094	2070	49	5
253109	2102	53	5
253124	2128	53	5
253139	2160	51	5
253154	2187	43	5
253169	2214	36	5
253184	2232	31	5
253189	2250	28	5
253204	2264	26	5
253219	2282	21	5
253234	2290	14	5
253249	2300	9	5
253264	2304	3	5
253279	2308	0	5
253284	2308	-7	5
253300	2308	-18	5
253316	2295	-24	5
253332	2282	-24	5
253347	2268	-23	5
253362	2254	-33	5
253377	2236	-28	5
253392	2223	-21	5
253397	2210	-24	5
253412	2196	-34	5
253427	2178	-38	5
253442	2156	-29	5
253457	2142	-17	5
253472	2128	-15	5
253487	2124	-14	5
253492	2115	-10	5
253507	2110	-2	5
253522	2106	4	5
253537	2106	10	5
253552	2110	13	5
253567	2120	27	5
253582	2133	39	5
253602	2156	40	5
253607	2178	39	5
253622	2200	39	5
253637	2223	44	5
253652	2246	36	5
253667	2268	20	5
253682	2277	-4	5
253697	2277	-26	5
253702	2264	-46	5
253717	2241	-61	5
253732	2205	-63	5
253747	2169	-59	5
253762	2138	-45	5
253777	2110	-38	5
253792	2088	-36	5
253797	2070	-39	5
253812	2048	-28	5
253827	2034	-16	5
253842	2025	-10	5
253857	2016	-9	5
253872	2012	-6	5
253887	2007	-1	5
253902	2007	-1	5
253907	2007	-2	5
253922	2007	2	5
253937	2007	5	5
253952	2007	-5	5
253967	2007	-17	5
253982	1998	-30	5
254002	1980	-43	5
254007	1958	-50	5
254022	1930	-50	5
254037	1899	-44	5
254052	1876	-43	5
254067	1854	-46	5
254082	1827	-45	5
254097	1800	-50	5
254102	1773	-59	5
254117	1742	-59	5
254132	1706	-53	5
254147	1678	-38	5
254162	1656	-26	5
254177	1642	-9	5
254192	1634	3	5
254207	1634	5	5
254212	1638	11	5
254227	1642	27	5
254242	1656	35	5
254257	1678	43	5
254273	1701	55	5
254289	1732	66	5
254304	1768	73	5
254309	1809	81	5
254324	1854	92	5
254339	1908	96	5
254354	1962	92	5
254369	2012	85	5
254384	2061	78	5
254399	2106	73	5
254414	2146	65	5
254419	2182	64	5
254434	2218	58	5
254449	2250	52	5
254464	2282	46	5
254479	2308	45	5
254494	2331	37	5
254514	2354	26	5
254519	2367	14	5
254534	2376	11	5
254549	2380	-3	5
254564	2380	-15	5
254579	2376	-18	5
254594	2367	-22	5
254609	2354	-23	5
254614	2340	-25	5
254629	2326	-26	5
254644	2313	-28	5
254660	2295	-29	5
254676	2277	-25	5
254692	2264	-28	5
254708	2250	-32	5
254724	2232	-28	5
254729	2214	-17	5
254745	2205	-11	5
254761	2200	-6	5
254777	2196	6	5
254793	2196	18	5
254809	2205	20	5
254824	2218	20	5
254829	2228	28	5
254844	2246	39	5
254859	2268	41	5
254874	2290	37	5
254889	2308	43	5
254904	2336	45	5
254919	2358	48	5
254934	2385	45	5
254939	2412	36	5
254954	2430	20	5
254969	2444	11	5
254984	2448	14	5
254999	2457	16	5
255014	2466	12	5
255029	2475	9	5
255034	2480	9	5
255049	2484	-2	5
255064	2484	-14	5
255079	2480	-15	5
255095	2470	-15	5
255110	2462	-19	5
255125	2452	-18	5
255130	2439	-16	5
255145	2430	-22	5
255160	2421	-29	5
255175	2403	-29	5
255190	2385	-26	5
255205	2372	-22	5
255220	2358	-22	5
255235	2349	-12	5
255240	2340	-7	5
255255	2336	-7	5
255270	2331	-7	5
255285	2326	-4	5
255300	2326	-2	5
255315	2326	-4	5
255330	2322	-2	5
255335	2322	3	5
255350	2322	10	5
255365	2326	12	5
255380	2331	7	5
255395	2336	-13	5
255410	2331	-35	5
255425	2313	-45	5
255430	2286	-48	5
255445	2259	-49	5
255460	2232	-49	5
255475	2205	-40	5
255490	2182	-35	5
255506	2164	-37	5
255522	2142	-33	5
255537	2124	-26	5
255542	2110	-21	5
255557	2097	-8	5
255573	2092	4	5
255588	2092	6	5
255603	2092	2	5
255618	2097	6	5
255633	2097	8	5
255638	2102	10	5
255653	2110	16	5
255668	2120	18	5
255683	2128	21	5
255698	2142	23	5
255713	2151	26	5
255728	2169	18	5
255743	2178	1	5
255748	2178	-15	5
255764	2174	-29	5
255779	2156	-37	5
255794	2138	-45	5
255809	2110	-44	5
255824	2088	-31	5
255839	2070	-28	5
255844	2052	-37	5
255859	2034	-42	5
255874	2007	-36	5
255889	1989	-32	5
255904	1971	-31	5
255919	1953	-35	5
255934	1935	-41	5
255939	1912	-46	5
255954	1886	-57	5
255969	1854	-62	5
255985	1818	-70	5
256000	1778	-64	5
256015	1742	-46	5
256030	1714	-36	5
256046	1696	-31	5
256051	1678	-23	5
256066	1665	-7	5
256081	1660	2	5
256096	1660	2	5
256111	1660	8	5
256126	1665	20	5
256141	1674	35	5
256146	1696	40	5
256161	1719	46	5
256176	1746	62	5
256191	1778	76	5
256206	1822	93	5
256221	1872	108	5
256241	1935	108	5
256246	1994	99	5
256262	2052	82	5
256277	2097	73	5
256292	2138	64	5
256307	2174	58	5
256323	2205	64	5
256338	2241	58	5
256353	2277	45	5
256358	2300	35	5
256373	2322	31	5
256388	2340	26	5
256403	2354	20	5
256418	2362	13	5
256433	2372	5	5
256448	2376	-7	5
256453	2376	-12	5
256468	2367	-19	5
256483	2358	-23	5
256498	2344	-25	5
256513	2331	-23	5
256528	2318	-14	5
256543	2308	-14	5
256558	2300	-24	5
256563	2286	-22	5
256578	2277	-16	5
256594	2268	-17	5
256609	2254	-22	5
256624	2246	-11	5
256639	2236	-1	5
256654	2236	5	5
256659	2236	15	5
256675	2246	26	5
256690	2259	27	5
256705	2272	31	5
256720	2290	43	5
256736	2318	46	5
256751	2340	45	5
256756	2367	44	5
256771	2394	52	5
256786	2421	47	5
256801	2448	40	5
256816	2470	40	5
256831	2493	40	5
256846	2516	35	5
256866	2534	22	5
256871	2547	20	5
256886	2560	19	5
256902	2570	15	5
256917	2578	17	5
256932	2588	17	5
256947	2596	11	5
256962	2601	5	5
256967	2606	-1	5
256982	2606	-4	5
256997	2606	-11	5
257012	2601	-13	5
257027	2592	-13	5
257042	2588	-16	5
257057	2578	-23	5
257072	2565	-29	5
257077	2547	-22	5
257092	2534	-24	5
257107	2520	-30	5
257123	2506	-27	5
257138	2488	-29	5
257153	2475	-27	5
257168	2457	-20	5
257174	2448	-9	5
257189	2444	-1	5
257204	2444	-1	5
257219	2439	9	5
257234	2444	16	5
257249	2452	7	5
257264	2457	-1	5
257269	2457	-11	5
257284	2452	-27	5
257299	2439	-49	5
257314	2408	-64	5
257329	2372	-69	5
257344	2336	-67	5
257359	2295	-65	5
257374	2259	-60	5
257379	2228	-60	5
257394	2192	-66	5
257409	2156	-65	5
257424	2120	-59	5
257439	2088	-60	5
257454	2052	-61	5
257470	2016	-60	5
257476	1984	-64	5
257491	1948	-73	5
257506	1908	-78	5
257521	1863	-72	5
257536	1822	-68	5
257551	1786	-67	5
257566	1746	-62	5
257572	1710	-58	5
257587	1678	-56	5
257602	1647	-54	5
257617	1616	-45	5
257632	1593	-30	5
257647	1575	-24	5
257662	1562	-19	5
257677	1552	-7	5
257682	1548	4	5
257697	1548	13	5
257712	1552	27	5
257727	1566	35	5
257742	1588	36	5
257757	1606	31	5
257777	1624	12	5
257782	1634	-18	5
257797	1624	-52	5
257812	1598	-59	5
257827	1562	-51	5
257842	1534	-35	5
257857	1516	-20	5
257872	1503	-7	5
257887	1498	-2	5
257892	1498	-8	5
257907	1494	-13	5
257922	1485	-11	5
257937	1480	-4	5
257952	1480	7	5
257968	1480	18	5
257983	1490	28	5
257988	1503	35	5
258003	1526	34	5
258018	1544	40	5
258033	1566	44	5
258048	1588	46	5
258063	1616	50	5
258078	1642	52	5
258084	1674	49	5
258100	1701	49	5
258115	1728	51	5
258130	1760	46	5
258145	1782	33	5
258160	1800	22	5
258175	1814	16	5
258190	1822	1	5
258195	1822	-11	5
258210	1822	-17	5
258225	1814	-18	5
258240	1800	-29	5
258255	1786	-36	5
258270	1764	-35	5
258290	1746	-26	5
258295	1732	-25	5
258310	1719	-30	5
258325	1701	-28	5
258341	1683	-25	5
258356	1670	-25	5
258371	1656	-23	5
258386	1642	-15	5
258401	1634	-8	5
258406	1629	2	5
258421	1629	6	5
258436	1629	11	5
258451	1638	18	5
258466	1647	26	5
258481	1660	34	5
258496	1683	36	5
258502	1701	40	5
258517	1724	47	5
258532	1750	53	5
258547	1782	54	5
258562	1809	59	5
258578	1845	63	5
258593	1881	65	5
258598	1917	60	5
258613	1948	55	5
258628	1980	50	5
258643	2007	52	5
258658	2038	56	5
258673	2070	55	5
258688	2102	49	5
258703	2128	43	5
258708	2151	39	5
258723	2174	30	5
258738	2192	16	5
258753	2200	6	5
258768	2205	3	5
258783	2205	-2	5
258798	2205	-6	5
258804	2205	-10	5
258820	2200	-13	5
258836	2192	-23	5
258852	2178	-26	5
258868	2164	-26	5
258884	2151	-26	5
258900	2133	-31	5
258905	2115	-33	5
258920	2097	-30	5
258935	2084	-27	5
258950	2066	-22	5
258965	2052	-23	5
258980	2043	-23	5
258995	2030	-11	5
259010	2020	0	5
259015	2020	6	5
259030	2020	6	5
259045	2025	7	5
259060	2030	17	5
259075	2038	22	5
259090	2052	19	5
259105	2061	21	5
259110	2074	35	5
259125	2092	46	5
259140	2120	43	5
259155	2142	38	5
259170	2164	39	5
259185	2187	43	5
259200	2210	44	5
259215	2236	40	5
259220	2259	34	5
259235	2277	36	5
259250	2295	36	5
259265	2318	29	5
259280	2336	20	5
259295	2344	18	5
259310	2354	14	5
259315	2362	6	5
259330	2367	-4	5
259345	2367	-6	5
259360	2362	-8	5
259375	2358	-13	5
259390	2354	-16	5
259405	2344	-13	5
259410	2336	-11	5
259425	2331	-15	5
259440	2322	-18	5
259455	2313	-19	5
259470	2300	-17	5
259485	2290	-20	5
259505	2282	-19	5
259520	2268	-17	5
259525	2259	-9	5
259540	2254	-2	5
259555	2254	8	5
259570	2254	6	5
259585	2259	6	5
259600	2259	14	5
259615	2268	25	5
259620	2282	36	5
259635	2304	43	5
259650	2326	55	5
259665	2358	58	5
259680	2390	55	5
259695	2421	49	5
259710	2448	32	5
259715	2466	6	5
259731	2470	-15	5
259746	2466	-33	5
259761	2448	-43	5
259776	2426	-44	5
259791	2398	-33	5
259806	2380	-18	5
259826	2372	-9	5
259831	2367	-12	5
259846	2358	-14	5
259861	2349	-12	5
259876	2344	-7	5
259891	2340	-7	5
259906	2336	-7	5
259921	2331	3	5
259926	2331	12	5
259941	2336	15	5
259956	2344	18	5
259971	2354	17	5
259986	2362	23	5
260002	2376	31	5
260017	2394	36	5
260032	2416	34	5
260037	2434	40	5
260052	2457	50	5
260068	2484	51	5
260083	2516	48	5
260098	2542	40	5
260113	2565	37	5
260128	2583	30	5
260133	2601	23	5
260148	2614	19	5
260163	2624	14	5
260178	2632	9	5
260193	2637	5	5
260208	2642	-1	5
260223	2642	-10	5
260228	2637	-13	5
260244	2632	-13	5
260260	2624	-15	5
260276	2614	-19	5
260292	2606	-22	5
260308	2592	-18	5
260324	2583	-17	5
260340	2574	-21	5
260345	2560	-22	5
260360	2547	-21	5
260375	2538	-23	5
260390	2524	-20	5
260405	2511	-18	5
260420	2502	-13	5
260435	2493	-15	5
260440	2484	-8	5
260455	2480	-3	5
260470	2480	-1	5
260485	2480	5	5
260500	2480	16	5
260515	2488	21	5
260530	2498	20	5
260545	2511	29	5
260550	2524	37	5
260565	2547	43	5
260580	2570	45	5
260595	2596	42	5
260610	2619	36	5
260625	2642	31	5
260640	2660	21	5
260645	2668	11	5
260660	2678	0	5
260675	2678	-8	5
260690	2678	-9	5
260705	2668	-6	5
260720	2668	-7	5
260735	2664	-11	5
260740	2655	-10	5
260755	2650	-12	5
260770	2646	-19	5
260785	2632	-23	5
260800	2619	-18	5
260815	2610	-10	5
260830	2606	-13	5
260845	2596	-12	5
260850	2592	-7	5
260865	2588	-3	5
260880	2588	4	5
260895	2588	15	5
260910	2592	18	5
260925	2601	22	5
260946	2614	32	5
260951	2632	38	5
260966	2655	37	5
260981	2673	41	5
260996	2700	42	5
261011	2722	52	5
261026	2750	53	5
261041	2781	53	5
261046	2812	56	5
261061	2844	57	5
261076	2876	53	5
261091	2902	44	5
261106	2930	39	5
261121	2952	37	5
261136	2970	37	5
261151	2992	38	5
261156	3015	35	5
261171	3033	25	5
261186	3046	18	5
261201	3056	13	5
261216	3064	1	5
261231	3064	-10	5
261246	3064	-12	5
261251	3056	-11	5
261266	3051	-19	5
261281	3042	-31	5
261296	3024	-32	5
261311	3006	-29	5
261326	2988	-24	5
261346	2974	-23	5
261361	2961	-27	5
261366	2948	-28	5
261381	2930	-30	5
261396	2916	-21	5
261411	2902	-12	5
261426	2894	-10	5
261441	2889	-10	5
261456	2884	-4	5
261461	2880	-7	5
261476	2880	-10	5
261491	2871	-4	5
261506	2871	8	5
261521	2871	16	5
261536	2880	21	5
261552	2894	26	5
261557	2907	32	5
261573	2925	36	5
261588	2943	45	5
261604	2970	53	5
261620	3002	60	5
261636	3033	66	5
261652	3069	75	5
261667	3114	78	5
261672	3154	69	5
261687	3195	61	5
261702	3231	59	5
261717	3262	55	5
261732	3294	54	5
261747	3326	48	5
261763	3352	41	5
261768	3375	36	5
261783	3393	28	5
261798	3411	23	5
261813	3424	19	5
261828	3434	9	5
261844	3438	6	5
261859	3442	6	5
261864	3447	4	5
261879	3447	-3	5
261895	3447	-4	5
261910	3447	-5	5
261925	3447	-9	5
261940	3438	-13	5
261955	3434	-14	5
261970	3424	-14	5
261975	3416	-15	5
261990	3406	-14	5
262005	3402	-17	5
262020	3393	-17	5
262035	3380	-15	5
262051	3375	-14	5
262066	3366	-17	5
262071	3357	-18	5
262086	3344	-10	5
262101	3339	-3	5
262116	3339	-3	5
262131	3334	-6	5
262146	3334	2	5
262161	3334	9	5
262176	3334	15	5
262181	3344	14	5
262196	3352	23	5
262211	3366	29	5
262226	3380	37	5
262241	3402	47	5
262257	3429	56	5
262273	3460	59	5
262278	3492	55	5
262293	3524	59	5
262308	3555	55	5
262323	3586	44	5
262338	14	38	5
262353	36	35	5
262368	54	28	5
262373	68	17	5
262388	81	14	5
262403	86	11	5
262418	94	3	5
262433	94	-4	5
262448	94	-9	5
262463	90	-16	5
262478	81	-15	5
262483	72	-18	5
262498	63	-19	5
262513	54	-23	5
262528	40	-26	5
262543	27	-23	5
262558	14	-12	5
262573	4	-14	5
262578	0	-16	5
262593	3591	-15	5
262608	3582	-12	5
262623	3573	-13	5
262638	3568	-12	5
262659	3560	-5	5
262674	3555	-6	5
262689	3555	-9	5
262694	3550	-5	5
262709	3546	-1	5
262724	3546	-1	5
262739	3546	10	5
262754	3546	25	5
262769	3560	22	5
262784	3573	25	5
262789	3586	34	5
262804	4	41	5
262819	27	46	5
262834	54	48	5
262849	81	51	5
262864	112	53	5
262879	140	52	5
262884	171	50	5
262899	198	49	5
262914	225	46	5
262929	252	40	5
262944	274	35	5
262959	292	33	5
262974	310	28	5
262990	328	20	5
262996	338	19	5
263012	351	10	5
263028	356	-3	5
263044	356	-5	5
263060	356	-1	5
263076	356	-9	5
263092	351	-18	5
263097	338	-18	5
263113	328	-27	5
263129	315	-29	5
263144	297	-28	5
263159	284	-27	5
263174	266	-30	5
263189	248	-35	5
263194	230	-32	5
263209	212	-29	5
263224	194	-22	5
263239	184	-19	5
263254	171	-12	5
263270	166	-4	5
263285	162	-4	5
263300	162	-2	5
263305	162	2	5
263320	162	9	5
263335	162	12	5
263350	171	18	5
263365	180	21	5
263380	189	18	5
263395	202	25	5
263400	216	43	5
263415	238	49	5
263430	266	47	5
263445	292	53	5
263460	324	51	5
263475	351	40	5
263490	374	32	5
263505	392	30	5
263510	410	24	5
263525	423	17	5
263540	432	15	5
263556	441	10	5
263571	446	4	5
263586	450	2	5
263601	450	-3	5
263606	450	-11	5
263621	446	-13	5
263636	436	-15	5
263651	432	-15	5
263666	423	-11	5
263681	414	-14	5
263696	410	-13	5
263701	400	-9	5
263716	396	-10	5
263731	392	-17	5
263746	378	-13	5
263761	374	-6	5
263777	369	-3	5
263792	369	1	5
263807	369	10	5
263812	369	10	5
263827	374	13	5
263842	382	15	5
263857	392	21	5
263873	405	20	5
263888	414	29	5
263903	432	33	5
263908	450	29	5
263923	464	21	5
263939	477	9	5
263954	482	-8	5
263969	482	-24	5
263984	468	-32	5
263999	450	-35	5
264004	432	-31	5
264019	414	-28	5
264034	396	-25	5
264049	382	-22	5
264064	369	-18	5
264079	360	-19	5
264094	351	-13	5
264109	342	-10	5
264114	338	-8	5
264129	333	-1	5
264144	333	14	5
264159	338	16	5
264174	346	15	5
264195	356	23	5
264210	364	34	5
264215	387	38	5
264230	405	36	5
264245	428	41	5
264260	450	40	5
264275	472	37	5
264290	495	29	5
264306	508	11	5
264321	518	-9	5
264326	513	-23	5
264341	504	-33	5
264357	482	-41	5
264372	459	-37	5
264388	441	-31	5
264404	423	-20	5
264420	410	-19	5
264425	400	-21	5
264441	387	-22	5
264457	378	-11	5
264473	369	-4	5
264488	369	-1	5
264503	369	9	5
264519	369	20	5
264524	378	28	5
264539	396	29	5
264554	410	33	5
264569	432	41	5
264584	454	48	5
264599	482	61	5
264614	513	63	5
264629	549	65	5
264634	585	72	5
264649	626	76	5
264664	670	71	5
264679	711	68	5
264694	747	68	5
264709	788	65	5
264724	824	54	5
264729	855	46	5
264745	878	39	5
264760	900	34	5
264775	918	33	5
264790	940	26	5
264805	954	25	5
264820	968	17	5
264835	976	8	5
264840	981	5	5
264855	986	-3	5
264870	986	-14	5
264885	976	-17	5
264900	968	-20	5
264915	958	-23	5
264930	945	-29	5
264935	927	-27	5
264950	914	-24	5
264965	900	-32	5
264980	882	-31	5
264995	864	-26	5
265011	850	-23	5
265026	837	-23	5
265031	824	-17	5
265046	814	-16	5
265061	806	-10	5
265076	801	-6	5
265091	796	-2	5
265106	796	2	5
265121	796	10	5
265137	796	20	5
265142	810	26	5
265157	824	27	5
265172	837	25	5
265187	855	17	5
265202	864	-2	5
265218	864	-27	5
265233	850	-43	5
265238	828	-42	5
265253	801	-37	5
265268	783	-44	5
265283	756	-45	5
265298	734	-41	5
265313	706	-43	5
265328	684	-50	5
265333	657	-52	5
265348	626	-42	5
265363	603	-38	5
265378	580	-32	5
265394	562	-27	5
265409	549	-34	5
265424	531	-44	5
265439	504	-50	5
265444	477	-62	5
265459	441	-67	5
265474	405	-55	5
265489	374	-45	5
265504	346	-39	5
265519	324	-36	5
265534	306	-32	5
265540	288	-24	5
265555	274	-14	5
265570	266	-12	5
265585	261	-14	5
265600	252	-7	5
265615	248	-7	5
265630	243	-19	5
265646	234	-28	5
265651	216	-28	5
265666	202	-30	5
265681	184	-22	5
265696	171	-17	5
265711	162	-10	5
265726	158	-6	5
265746	153	-9	5
265751	148	-26	5
265766	135	-44	5
265781	108	-48	5
265796	81	-40	5
265812	58	-31	5
265828	40	-22	5
265844	32	-10	5
265849	22	0	5
265865	22	9	5
265881	27	21	5
265897	36	28	5
265913	54	34	5
265929	72	43	5
265945	94	59	5
265960	130	72	5
265965	171	76	5
265980	212	79	5
265995	256	85	5
266010	306	89	5
266025	356	78	5
266040	400	68	5
266055	436	65	5
266060	472	68	5
266075	513	67	5
266090	549	67	5
266105	590	63	5
266120	621	52	5
266135	652	43	5
266150	675	42	5
266155	702	30	5
266170	716	18	5
266185	729	13	5
266200	734	14	5
266215	742	2	5
266230	742	-14	5
266245	738	-17	5
266260	729	-19	5
266265	720	-20	5
266280	706	-26	5
266295	693	-29	5
266310	675	-27	5
266325	662	-27	5
266340	648	-26	5
266355	630	-23	5
266360	621	-23	5
266375	608	-21	5
266390	594	-18	5
266405	585	-14	5
266420	576	-6	5
266435	572	2	5
266450	572	10	5
266465	576	6	5
266470	580	-4	5
266485	580	-11	5
266500	576	-22	5
266515	562	-32	5
266530	544	-39	5
266545	522	-48	5
266560	495	-60	5
266565	464	-57	5
266580	428	-51	5
266595	400	-50	5
266610	374	-48	5
266625	346	-41	5
266640	324	-27	5
266655	306	-15	5
266660	297	-12	5
266675	292	-14	5
266690	284	-20	5
266705	274	-33	5
266720	256	-39	5
266735	234	-44	5
266750	207	-40	5
266765	184	-32	5
266770	166	-16	5
266785	158	-4	5
266800	158	-5	5
266815	153	-2	5
266830	153	8	5
266845	153	20	5
266865	162	22	5
266870	176	28	5
266885	194	47	5
266900	220	68	5
266915	256	82	5
266930	302	86	5
266945	351	76	5
266960	396	74	5
266975	436	87	5
266980	486	86	5
266995	531	63	5
267010	567	46	5
267025	594	58	5
267040	626	72	5
267055	666	59	5
267070	702	38	5
267075	720	31	5
267090	738	42	5
267105	765	38	5
267120	783	22	5
267136	796	13	5
267151	806	19	5
267166	814	23	5
267172	828	11	5
267188	832	-4	5
267204	832	-13	5
267220	828	-13	5
267236	819	-10	5
267251	814	-27	5
267266	801	-36	5
267281	778	-24	5
267286	765	-17	5
267301	756	-27	5
267316	742	-38	5
267331	720	-31	5
267346	702	-24	5
267361	688	-26	5
267376	675	-23	5
267381	662	-17	5
267396	652	-4	5
267411	648	13	5
267426	652	18	5
267441	662	15	5
267456	670	14	5
267471	680	23	5
267476	693	31	5
267491	711	32	5
267506	729	25	5
267521	742	13	5
267536	752	-7	5
267552	752	-28	5
267567	734	-43	5
267582	711	-42	5
267587	684	-41	5
267603	662	-41	5
267618	639	-37	5
267633	621	-35	5
267648	598	-43	5
267663	576	-38	5
267678	554	-17	5
267683	544	-6	5
267698	540	-5	5
267713	540	-3	5
267728	536	7	5
267744	536	12	5
267759	544	15	5
267774	554	17	5
267789	562	17	5
267794	572	23	5
267809	585	33	5
267824	603	33	5
267839	621	23	5
267854	634	24	5
267869	648	22	5
267889	662	13	5
267894	666	-7	5
267909	666	-17	5
267924	657	-21	5
267939	644	-26	5
267954	630	-37	5
267969	612	-47	5
267984	585	-42	5
267989	558	-35	5
268004	540	-36	5
268019	522	-36	5
268034	500	-23	5
268049	486	-12	5
268064	482	-8	5
268079	477	-11	5
268094	468	-17	5
268099	459	-6	5
268114	454	9	5
268129	459	10	5
268144	464	8	5
268159	468	19	5
268174	477	33	5
268189	495	31	5
268194	513	30	5
268209	531	39	5
268224	554	52	5
268239	580	56	5
268254	612	56	5
268269	644	48	5
268289	670	40	5
268304	693	28	5
268309	711	15	5
268324	720	-1	5
268339	720	-7	5
268354	720	-2	5
268369	716	1	5
268384	716	0	5
268399	716	-1	5
268404	716	-2	5
268419	716	-7	5
268434	711	-18	5
268449	702	-26	5
268464	688	-20	5
268479	675	-12	5
268494	670	-11	5
268499	662	-9	5
268514	657	-1	5
268529	657	-1	5
268544	657	-8	5
268559	652	-7	5
268574	648	2	5
268589	648	8	5
268605	652	12	5
268611	657	13	5
268627	666	15	5
268642	675	29	5
268657	688	39	5
268672	711	43	5
268687	734	45	5
268702	760	52	5
268708	792	56	5
268723	824	52	5
268738	850	48	5
268753	878	47	5
268768	904	41	5
268783	927	35	5
268798	945	27	5
268803	963	26	5
268818	976	26	5
268833	990	17	5
268848	999	4	5
268863	1004	8	5
268878	1008	15	5
268893	1017	14	5
268913	1026	4	5
268918	1026	-5	5
268933	1026	-14	5
268948	1022	-15	5
268963	1012	-15	5
268978	1004	-18	5
268994	994	-20	5
269009	981	-14	5
269014	972	-17	5
269029	963	-23	5
269044	950	-25	5
269059	936	-21	5
269074	927	-15	5
269089	918	-19	5
269104	904	-23	5
269119	891	-10	5
269124	886	15	5
269139	891	22	5
269154	904	14	5
269169	914	13	5
269184	918	34	5
269199	940	47	5
269214	963	43	5
269219	990	39	5
269234	1012	52	5
269249	1040	70	5
269264	1080	76	5
269279	1120	70	5
269294	1161	60	5
269309	1197	54	5
269314	1224	50	5
269329	1256	45	5
269344	1278	37	5
269360	1300	39	5
269375	1323	42	5
269390	1346	36	5
269405	1368	24	5
269425	1382	15	5
269430	1386	12	5
269445	1395	10	5
269461	1400	2	5
269476	1400	-4	5
269491	1400	-4	5
269506	1400	0	5
269521	1400	-3	5
269526	1400	-10	5
269541	1395	-19	5
269556	1382	-18	5
269571	1372	-13	5
269586	1364	-21	5
269601	1354	-32	5
269616	1336	-27	5
269621	1318	-13	5
269636	1314	-17	5
269651	1305	-29	5
269667	1287	-29	5
269682	1269	-12	5
269697	1264	1	5
269712	1264	-8	5
269727	1260	-15	5
269732	1251	-9	5
269747	1246	13	5
269762	1251	16	5
269777	1260	5	5
269792	1260	3	5
269807	1264	18	5
269822	1274	37	5
269827	1296	38	5
269842	1314	31	5
269857	1332	35	5
269872	1354	49	5
269887	1382	52	5
269902	1408	33	5
269917	1426	20	5
269932	1440	25	5
269937	1454	24	5
269952	1467	17	5
269967	1476	8	5
269982	1480	8	5
269997	1485	8	5
270012	1490	10	5
270033	1494	3	5
270038	1498	-3	5
270053	1498	-3	5
270068	1498	2	5
270083	1498	-8	5
270098	1494	-17	5
270113	1485	-20	5
270128	1476	-17	5
270134	1462	-10	5
270149	1458	-9	5
270164	1454	-23	5
270179	1440	-39	5
270194	1418	-37	5
270209	1400	-15	5
270224	1390	-3	5
270239	1386	-17	5
270244	1377	-35	5
270259	1359	-26	5
270274	1346	3	5
270289	1346	7	5
270304	1346	-14	5
270319	1341	-7	5
270334	1336	24	5
270339	1346	33	5
270354	1368	19	5
270369	1377	13	5
270384	1386	32	5
270399	1404	56	5
270414	1436	63	5
270429	1467	52	5
270449	1498	51	5
270454	1526	74	5
270469	1570	86	5
270484	1616	70	5
270499	1656	45	5
270514	1683	58	5
270530	1714	80	5
270545	1760	78	5
270550	1804	46	5
270565	1827	37	5
270580	1850	50	5
270595	1876	57	5
270610	1908	39	5
270625	1930	19	5
270640	1944	21	5
270645	1953	34	5
270660	1976	32	5
270675	1994	6	5
270690	1994	-11	5
270705	1994	-6	5
270720	1989	8	5
270735	1989	-6	5
270750	1989	-48	5
270755	1962	-40	5
270770	1940	0	5
270785	1940	6	5
270801	1940	-30	5
270816	1926	-57	5
270831	1894	-38	5
270846	1872	-4	5
270851	1872	-3	5
270866	1872	-31	5
270881	1854	-31	5
270896	1836	0	5
270911	1836	15	5
270926	1840	-8	5
270941	1840	-33	5
270946	1822	-17	5
270961	1809	22	5
270976	1818	31	5
270991	1836	7	5
271006	1840	-2	5
271021	1840	25	5
271041	1854	52	5
271056	1881	38	5
271061	1904	14	5
271076	1912	25	5
271091	1926	57	5
271106	1958	59	5
271121	1994	35	5
271138	2012	24	5
271153	2025	43	5
271158	2048	59	5
271173	2084	50	5
271188	2110	19	5
271203	2120	20	5
271218	2133	49	5
271234	2160	55	5
271249	2192	29	5
271264	2205	7	5
271269	2210	19	5
271284	2223	27	5
271299	2236	3	5
271314	2236	-25	5
271329	2228	-17	5
271345	2218	5	5
271360	2218	-6	5
271365	2218	-39	5
271380	2196	-46	5
271395	2169	-26	5
271410	2156	-8	5
271425	2151	-17	5
271440	2142	-32	5
271455	2124	-34	5
271460	2106	-14	5
271475	2097	-7	5
271491	2092	-22	5
271506	2079	-30	5
271521	2066	-7	5
271536	2061	21	5
271551	2066	17	5
271566	2079	0	5
271571	2079	-2	5
271586	2079	12	5
271601	2084	15	5
271616	2092	7	5
271631	2097	3	5
271646	2097	15	5
271661	2106	23	5
271666	2120	9	5
271681	2124	-15	5
271696	2120	-33	5
271711	2102	-41	5
271726	2079	-41	5
271741	2052	-47	5
271761	2030	-55	5
271766	1998	-44	5
271781	1971	-25	5
271797	1958	-14	5
271812	1948	-20	5
271827	1940	-20	5
271842	1926	-14	5
271857	1922	-7	5
271872	1917	9	5
271877	1917	21	5
271893	1930	13	5
271908	1935	2	5
271924	1935	6	5
271939	1940	9	5
271954	1944	-12	5
271969	1944	-41	5
271974	1922	-55	5
271989	1890	-55	5
272004	1858	-60	5
272019	1822	-69	5
272034	1786	-63	5
272049	1750	-42	5
272064	1728	-29	5
272079	1710	-30	5
272084	1692	-40	5
272099	1670	-38	5
272114	1647	-21	5
272129	1638	-9	5
272144	1634	-21	5
272159	1620	-42	5
272174	1598	-40	5
272179	1575	-30	5
272194	1557	-44	5
272209	1534	-70	5
272224	1494	-61	5
272239	1458	-39	5
272254	1436	-26	5
272269	1422	-30	5
272274	1404	-29	5
272289	1390	-26	5
272304	1372	-15	5
272319	1368	2	5
272334	1368	15	5
272349	1372	9	5
272369	1377	2	5
272384	1377	11	5
272389	1386	18	5
272404	1395	0	5
272419	1395	-27	5
272435	1382	-38	5
272450	1364	-27	5
272465	1346	-22	5
272480	1332	-19	5
272485	1323	-10	5
272500	1318	-1	5
272515	1318	19	5
272530	1323	20	5
272545	1336	8	5
272560	1341	-2	5
272575	1341	14	5
272590	1346	35	5
272595	1368	32	5
272610	1386	29	5
272625	1400	51	5
272640	1431	65	5
272655	1467	63	5
272670	1503	57	5
272685	1534	66	5
272690	1570	70	5
272705	1611	62	5
272720	1642	56	5
272735	1674	55	5
272752	1706	56	5
272769	1737	54	5
272785	1768	51	5
272791	1796	40	5
272806	1818	32	5
272822	1836	26	5
272837	1854	33	5
272852	1872	23	5
272868	1886	10	5
272883	1890	11	5
272899	1894	17	5
272904	1904	2	5
272919	1908	-16	5
272934	1904	-14	5
272949	1894	-12	5
272964	1886	-14	5
272979	1881	-18	5
272994	1868	-16	5
272999	1858	-22	5
273014	1850	-24	5
273029	1836	-21	5
273044	1822	-26	5
273059	1809	-25	5
273074	1796	-9	5
273089	1786	4	5
273094	1786	-4	5
273110	1786	-20	5
273125	1778	-10	5
273140	1773	13	5
273155	1773	16	5
273170	1782	8	5
273185	1786	16	5
273200	1796	36	5
273205	1818	51	5
273220	1845	53	5
273235	1876	53	5
273250	1908	57	5
273265	1940	65	5
273280	1976	74	5
273295	2016	66	5
273300	2052	55	5
273315	2084	55	5
273330	2115	68	5
273345	2156	56	5
273361	2187	37	5
273376	2205	36	5
273391	2228	41	5
273406	2250	32	5
273411	2268	16	5
273426	2277	10	5
273441	2282	10	5
273456	2286	7	5
273471	2290	-4	5
273486	2290	-18	5
273501	2282	-31	5
273506	2264	-26	5
273521	2250	-15	5
273536	2241	-19	5
273551	2232	-36	5
273566	2210	-37	5
273581	2192	-25	5
273601	2178	-27	5
273606	2160	-35	5
273621	2142	-35	5
273636	2124	-20	5
273651	2110	-15	5
273666	2102	-18	5
273681	2092	-19	5
273696	2084	-20	5
273711	2070	-13	5
273716	2061	-4	5
273731	2061	0	5
273746	2061	-5	5
273761	2056	0	5
273776	2056	17	5
273791	2066	20	5
273806	2074	7	5
273811	2079	7	5
273826	2084	18	5
273841	2092	16	5
273856	2102	13	5
273871	2110	18	5
273886	2120	25	5
273901	2133	25	5
273906	2146	10	5
273921	2151	-13	5
273936	2151	-30	5
273952	2133	-43	5
273967	2110	-37	5
273982	2088	-36	5
273998	2066	-37	5
274013	2048	-36	5
274018	2025	-24	5
274033	2012	-11	5
274048	2007	-21	5
274063	1994	-28	5
274078	1980	-20	5
274093	1966	-12	5
274108	1962	-12	5
274113	1953	-2	5
274128	1953	11	5
274143	1958	21	5
274158	1966	26	5
274173	1980	27	5
274189	1998	18	5
274205	2007	8	5
274220	2012	4	5
274225	2016	-8	5
274240	2012	-33	5
274255	1994	-49	5
274270	1966	-41	5
274285	1944	-30	5
274300	1926	-36	5
274320	1908	-49	5
274325	1881	-47	5
274340	1854	-36	5
274355	1832	-30	5
274370	1818	-29	5
274385	1800	-22	5
274400	1786	-14	5
274415	1778	0	5
274420	1778	3	5
274435	1778	2	5
274450	1778	6	5
274465	1782	21	5
274480	1796	40	5
274495	1818	40	5
274511	1840	36	5
274526	1858	49	5
274531	1886	64	5
274546	1922	61	5
274561	1958	55	5
274576	1989	65	5
274591	2025	68	5
274606	2061	66	5
274621	2102	64	5
274626	2138	60	5
274641	2169	51	5
274656	2196	45	5
274671	2223	39	5
274686	2246	31	5
274701	2264	22	5
274721	2277	23	5
274736	2286	26	5
274741	2304	19	5
274756	2313	8	5
274771	2318	3	5
274786	2318	-1	5
274801	2318	-13	5
274816	2318	-24	5
274831	2304	-20	5
274836	2290	-18	5
274851	2282	-19	5
274866	2268	-18	5
274881	2259	-14	5
274896	2250	-20	5
274911	2241	-24	5
274926	2228	-19	5
274931	2218	-16	5
274946	2210	-25	5
274961	2192	-19	5
274976	2182	-6	5
274991	2178	-11	5
275006	2174	-23	5
275021	2160	-11	5
275041	2156	10	5
275046	2156	15	5
275061	2164	6	5
275076	2169	6	5
275091	2169	18	5
275106	2182	29	5
275121	2196	30	5
275136	2214	32	5
275142	2232	39	5
275157	2254	45	5
275172	2282	51	5
275187	2308	35	5
275202	2326	-1	5
275217	2326	-23	5
275232	2318	-28	5
275237	2304	-40	5
275252	2282	-56	5
275267	2250	-54	5
275282	2218	-39	5
275297	2196	-34	5
275312	2178	-43	5
275327	2151	-44	5
275342	2128	-36	5
275347	2106	-31	5
275362	2092	-30	5
275377	2074	-25	5
275392	2061	-18	5
275407	2048	-5	5
275422	2048	7	5
275437	2048	5	5
275442	2048	-15	5
275457	2043	-31	5
275472	2030	-36	5
275487	2007	-52	5
275502	1980	-71	5
275518	1940	-74	5
275533	1894	-56	5
275549	1863	-41	5
275555	1840	-41	5
275570	1818	-37	5
275585	1800	-28	5
275600	1782	-25	5
275615	1768	-24	5
275630	1755	-17	5
275645	1746	-8	5
275650	1742	4	5
275665	1742	23	5
275680	1750	34	5
275695	1773	29	5
275710	1786	29	5
275725	1804	31	5
275740	1822	27	5
275745	1836	12	5
275760	1845	6	5
275775	1845	12	5
275790	1854	17	5
275805	1863	14	5
275820	1872	14	5
275840	1876	14	5
275855	1886	8	5
275860	1890	10	5
275875	1894	13	5
275890	1904	17	5
275905	1912	12	5
275920	1922	18	5
275935	1930	23	5
275950	1944	7	5
275955	1948	-2	5
275970	1948	3	5
275985	1948	8	5
276001	1953	1	5
276016	1953	-4	5
276031	1953	-5	5
276046	1953	-4	5
276061	1948	-4	5
276066	1948	-7	5
276081	1944	-15	5
276096	1935	-23	5
276111	1922	-20	5
276126	1912	-10	5
276141	1904	-16	5
276156	1894	-22	5
276161	1886	-16	5
276176	1876	-11	5
276191	1868	-14	5
276206	1858	-15	5
276221	1854	-5	5
276241	1850	6	5
276256	1850	6	5
276261	1854	8	5
276276	1858	12	5
276291	1863	19	5
276306	1872	25	5
276321	1890	31	5
276336	1904	37	5
276351	1926	36	5
276366	1948	44	5
276371	1971	54	5
276386	2002	50	5
276401	2030	41	5
276416	2052	44	5
276431	2079	45	5
276446	2102	25	5
276461	2115	1	5
276466	2120	-13	5
276481	2115	-24	5
276496	2102	-34	5
276511	2084	-37	5
276526	2061	-33	5
276541	2043	-34	5
276561	2025	-38	5
276566	2002	-41	5
276581	1980	-44	5
276596	1953	-44	5
276612	1930	-32	5
276627	1912	-19	5
276643	1899	-16	5
276658	1890	-23	5
276673	1876	-13	5
276678	1872	0	5
276693	1872	6	5
276708	1872	8	5
276723	1876	18	5
276738	1886	30	5
276753	1904	31	5
276768	1922	28	5
276773	1935	17	5
276788	1944	-2	5
276803	1944	-21	5
276818	1935	-38	5
276833	1912	-48	5
276848	1886	-54	5
276863	1858	-44	5
276878	1832	-28	5
276883	1818	-27	5
276898	1800	-38	5
276913	1782	-32	5
276928	1764	-26	5
276943	1746	-22	5
276958	1737	-20	5
276973	1724	-12	5
276978	1719	-5	5
276993	1714	-8	5
277008	1710	-14	5
277023	1701	-28	5
277038	1688	-41	5
277053	1665	-44	5
277069	1638	-42	5
277074	1616	-36	5
277089	1593	-32	5
277104	1575	-22	5
277119	1566	-6	5
277134	1562	4	5
277149	1562	3	5
277164	1562	8	5
277185	1566	16	5
277190	1575	29	5
277205	1588	33	5
277220	1611	43	5
277235	1634	47	5
277250	1660	48	5
277265	1688	42	5
277280	1710	28	5
277285	1728	2	5
277300	1728	-15	5
277315	1724	-19	5
277330	1710	-16	5
277345	1701	-19	5
277360	1692	-15	5
277375	1683	-1	5
277380	1683	7	5
277395	1683	8	5
277410	1688	7	5
277425	1692	5	5
277440	1696	9	5
277455	1701	17	5
277470	1710	24	5
277485	1724	24	5
277490	1737	30	5
277505	1755	40	5
277520	1778	53	5
277535	1804	52	5
277550	1836	53	5
277566	1863	56	5
277581	1894	56	5
277586	1926	50	5
277601	1958	44	5
277616	1980	46	5
277631	2007	44	5
277646	2030	37	5
277661	2052	31	5
277676	2070	26	5
277696	2084	24	5
277701	2097	20	5
277716	2110	15	5
277731	2115	5	5
277746	2120	-1	5
277761	2120	-1	5
277776	2120	-1	5
277791	2120	-8	5
277796	2120	-20	5
277811	2106	-29	5
277826	2088	-25	5
277841	2074	-8	5
277856	2070	1	5
277871	2070	-15	5
277886	2066	-37	5
277891	2043	-35	5
277906	2025	-16	5
277921	2016	-15	5
277936	2007	-24	5
277951	1994	-19	5
277966	1980	5	5
277981	1980	15	5
278001	1989	3	5
278006	1989	-3	5
278021	1989	15	5
278036	1998	34	5
278051	2016	46	5
278066	2043	48	5
278081	2070	55	5
278096	2102	68	5
278101	2138	80	5
278116	2182	72	5
278131	2223	58	5
278146	2254	64	5
278161	2290	78	5
278176	2336	71	5
278191	2376	52	5
278206	2408	47	5
278211	2430	53	5
278226	2462	53	5
278242	2493	33	5
278257	2511	19	5
278272	2520	25	5
278287	2534	36	5
278302	2556	25	5
278307	2570	4	5
278323	2570	-11	5
278339	2570	-8	5
278355	2565	-1	5
278370	2565	-8	5
278385	2560	-21	5
278400	2547	-20	5
278405	2538	1	5
278420	2538	1	5
278435	2538	-31	5
278450	2520	-44	5
278465	2498	-22	5
278480	2484	4	5
278495	2484	-7	5
278510	2480	-27	5
278515	2466	-25	5
278530	2452	2	5
278545	2452	15	5
278560	2457	-4	5
278575	2457	-19	5
278590	2448	-9	5
278605	2444	19	5
278610	2452	23	5
278625	2462	9	5
278640	2470	8	5
278655	2475	30	5
278670	2488	48	5
278685	2516	36	5
278700	2538	23	5
278705	2552	25	5
278720	2565	35	5
278735	2583	19	5
278750	2596	-16	5
278765	2588	-30	5
278780	2574	-18	5
278800	2560	-5	5
278815	2560	-10	5
278820	2556	-24	5
278835	2542	-23	5
278850	2529	-11	5
278865	2520	-11	5
278880	2516	-32	5
278895	2498	-40	5
278910	2475	-25	5
278915	2462	-9	5
278930	2457	-14	5
278945	2448	-35	5
278960	2430	-48	5
278975	2403	-43	5
278990	2376	-29	5
279005	2362	-43	5
279020	2336	-73	5
279025	2295	-80	5
279040	2250	-52	5
279055	2223	-37	5
279070	2200	-47	5
279085	2174	-60	5
279101	2142	-47	5
279116	2115	-21	5
279121	2102	-22	5
279136	2088	-38	5
279151	2070	-38	5
279166	2048	-22	5
279181	2034	-16	5
279201	2025	-35	5
279216	2007	-58	5
279221	1971	-63	5
279236	1940	-47	5
279251	1912	-38	5
279266	1890	-56	5
279281	1858	-63	5
279296	1822	-35	5
279311	1804	-6	5
279326	1800	-6	5
279331	1796	-14	5
279346	1786	-7	5
279361	1786	18	5
279376	1791	34	5
279391	1809	31	5
279406	1827	30	5
279421	1845	46	5
279426	1872	72	5
279441	1912	84	5
279456	1958	79	5
279471	2002	70	5
279486	2043	83	5
279501	2088	103	5
279521	2146	93	5
279526	2200	69	5
279541	2236	62	5
279557	2272	79	5
279572	2318	78	5
279587	2362	52	5
279602	2390	34	5
279617	2408	41	5
279632	2430	47	5
279637	2457	39	5
279652	2480	17	5
279667	2488	-1	5
279683	2488	1	5
279699	2488	2	5
279715	2493	-16	5
279731	2484	-42	5
279736	2462	-40	5
279752	2439	-16	5
279768	2430	-13	5
279783	2426	-31	5
279798	2408	-35	5
279813	2385	-24	5
279828	2372	-14	5
279843	2367	-22	5
279848	2354	-35	5
279863	2331	-31	5
279878	2318	-16	5
279893	2308	-7	5
279908	2304	-24	5
279923	2290	-44	5
279938	2264	-54	5
279943	2232	-43	5
279958	2210	-46	5
279973	2182	-67	5
279988	2146	-73	5
280003	2106	-61	5
280018	2070	-49	5
280033	2043	-56	5
280038	2012	-60	5
280053	1980	-48	5
280068	1953	-30	5
280083	1935	-20	5
280098	1922	-24	5
280113	1908	-27	5
280128	1894	-18	5
280143	1886	-5	5
280148	1881	-1	5
280163	1881	-9	5
280178	1876	-8	5
280193	1872	10	5
280208	1872	22	5
280223	1886	18	5
280238	1894	12	5
280243	1904	24	5
280258	1917	39	5
280273	1940	33	5
280288	1958	13	5
280303	1962	2	5
280318	1966	4	5
280333	1966	7	5
280348	1971	-1	5
280353	1971	-12	5
280368	1966	-10	5
280383	1962	3	5
280398	1962	5	5
280413	1962	-2	5
280428	1962	-7	5
280448	1962	1	5
280453	1962	5	5
280468	1962	-2	5
280483	1962	-9	5
280498	1958	-5	5
280513	1958	7	5
280528	1958	7	5
280543	1958	0	5
280548	1958	-2	5
280563	1958	4	5
280578	1962	13	5
280593	1966	10	5
280608	1976	-1	5
280623	1976	0	5
280638	1976	12	5
280653	1980	23	5
280658	1994	21	5
280673	2002	17	5
280688	2016	17	5
280703	2025	20	5
280718	2034	17	5
280733	2043	5	5
280753	2048	1	5
280758	2048	-4	5
280773	2048	-4	5
280788	2048	-10	5
280804	2043	-20	5
280819	2030	-20	5
280834	2020	-17	5
280849	2012	-10	5
280854	2002	-14	5
280869	1998	-24	5
280884	1984	-21	5
280899	1971	-7	5
280914	1966	-6	5
280929	1962	-7	5
280944	1958	-3	5
280959	1958	8	5
280964	1958	11	5
280979	1966	13	5
280995	1971	14	5
281010	1980	16	5
281025	1989	23	5
281040	2002	30	5
281055	2020	33	5
281060	2038	38	5
281075	2056	52	5
281091	2088	67	5
281107	2124	70	5
281123	2164	59	5
281139	2196	47	5
281155	2223	40	5
281171	2246	41	5
281176	2268	39	5
281191	2290	33	5
281206	2308	34	5
281221	2331	34	5
281236	2349	26	5
281251	2362	14	5
281266	2372	7	5
281271	2376	0	5
281286	2376	-4	5
281302	2376	-11	5
281317	2372	-21	5
281332	2358	-16	5
281347	2349	-11	5
281362	2344	-9	5
281367	2340	-17	5
281382	2331	-25	5
281397	2313	-21	5
281412	2304	-12	5
281427	2295	-17	5
281442	2286	-31	5
281457	2268	-26	5
281472	2254	-10	5
281477	2250	-4	5
281492	2246	-12	5
281507	2241	-20	5
281522	2228	-13	5
281537	2223	-5	5
281552	2218	5	5
281567	2218	4	5
281572	2218	10	5
281587	2228	20	5
281602	2236	31	5
281617	2254	29	5
281632	2272	17	5
281647	2282	10	5
281663	2286	0	5
281668	2286	-18	5
281684	2282	-37	5
281699	2259	-46	5
281714	2232	-32	5
281729	2214	-18	5
281744	2205	-13	5
281759	2196	-14	5
281774	2192	-7	5
281779	2187	-1	5
281794	2187	3	5
281809	2187	0	5
281824	2187	0	5
281839	2187	5	5
281854	2187	14	5
281869	2192	18	5
281874	2205	21	5
281889	2214	23	5
281905	2228	39	5
281921	2250	49	5
281936	2277	51	5
281951	2308	51	5
281966	2336	62	5
281981	2372	76	5
281986	2412	76	5
282001	2457	71	5
282017	2498	68	5
282032	2534	72	5
282047	2574	68	5
282062	2614	62	5
282077	2646	44	5
282082	2673	43	5
282097	2696	59	5
282112	2732	54	5
282127	2758	28	5
282142	2776	5	5
282157	2776	16	5
282172	2786	24	5
282177	2799	8	5
282192	2804	-21	5
282207	2799	-27	5
282222	2781	-9	5
282237	2776	-7	5
282257	2772	-24	5
282272	2758	-32	5
282287	2740	-19	5
282292	2732	-7	5
282307	2727	-10	5
282322	2722	-26	5
282337	2709	-25	5
282352	2691	-8	5
282367	2686	7	5
282382	2686	0	5
282387	2686	-7	5
282402	2686	14	5
282417	2691	35	5
282432	2714	31	5
282447	2732	15	5
282462	2736	25	5
282477	2754	46	5
282493	2776	51	5
282499	2808	43	5
282515	2830	43	5
282531	2853	58	5
282547	2889	71	5
282563	2930	69	5
282579	2966	56	5
282595	2997	45	5
282601	3024	55	5
282616	3056	65	5
282631	3092	53	5
282646	3118	32	5
282662	3136	32	5
282677	3154	41	5
282692	3182	37	5
282697	3200	20	5
282712	3213	12	5
282727	3218	17	5
282742	3226	20	5
282757	3240	6	5
282772	3244	-11	5
282787	3240	-10	5
282802	3236	2	5
282807	3236	4	5
282822	3236	-9	5
282837	3231	-17	5
282852	3222	-11	5
282867	3218	5	5
282882	3218	2	5
282897	3218	-19	5
282902	3208	-21	5
282918	3200	-3	5
282933	3195	2	5
282948	3195	-7	5
282963	3195	-15	5
282979	3186	-7	5
282994	3182	2	5
282999	3182	1	5
283014	3182	-8	5
283029	3177	-8	5
283044	3172	10	5
283059	3177	25	5
283074	3190	20	5
283089	3200	8	5
283104	3204	15	5
283109	3213	31	5
283124	3231	34	5
283139	3249	24	5
283154	3262	23	5
283169	3276	39	5
283184	3298	56	5
283199	3330	45	5
283204	3357	35	5
283219	3375	36	5
283234	3398	42	5
283249	3420	37	5
283264	3442	24	5
283280	3456	20	5
283295	3465	23	5
283310	3478	32	5
283315	3496	27	5
283330	3510	7	5
283345	3514	-1	5
283360	3514	15	5
283375	3524	22	5
283390	3537	7	5
283405	3542	-17	5
283410	3532	-10	5
283425	3528	7	5
283440	3528	8	5
283455	3532	-16	5
283470	3528	-27	5
283485	3514	-18	5
283501	3501	-5	5
283506	3501	-16	5
283521	3492	-32	5
283536	3474	-30	5
283551	3456	-7	5
283566	3452	-2	5
283581	3452	-18	5
283596	3442	-34	5
283617	3420	-20	5
283622	3411	4	5
283637	3411	5	5
283653	3411	-5	5
283668	3411	-2	5
283683	3411	17	5
283698	3416	24	5
283713	3429	12	5
283718	3438	6	5
283733	3442	24	5
283748	3456	53	5
283763	3483	62	5
283778	3519	49	5
283793	3546	51	5
283808	3573	68	5
283823	14	77	5
283828	58	64	5
283843	94	49	5
283858	122	51	5
283873	148	63	5
283888	184	69	5
283904	225	52	5
283919	252	34	5
283924	270	37	5
283939	292	47	5
283954	320	39	5
283969	342	20	5
283984	351	12	5
283999	360	20	5
284014	369	16	5
284019	378	-5	5
284034	378	-24	5
284049	364	-13	5
284064	360	8	5
284079	360	-1	5
284094	360	-25	5
284109	351	-28	5
284124	333	-10	5
284129	328	1	5
284144	328	-11	5
284159	324	-19	5
284174	310	-6	5
284189	306	14	5
284204	310	15	5
284224	320	-1	5
284229	320	-3	5
284244	320	14	5
284259	324	24	5
284274	338	23	5
284289	351	9	5
284304	356	17	5
284319	369	40	5
284324	392	51	5
284339	418	44	5
284354	441	38	5
284369	464	51	5
284384	495	59	5
284399	526	47	5
284414	554	30	5
284429	572	31	5
284434	585	40	5
284449	608	39	5
284464	630	21	5
284479	644	4	5
284494	644	3	5
284509	648	10	5
284524	652	0	5
284529	652	-21	5
284544	644	-23	5
284559	630	-7	5
284574	630	0	5
284589	630	-11	5
284604	621	-27	5
284624	608	-27	5
284639	590	-13	5
284644	585	-5	5
284659	580	-13	5
284675	576	-30	5
284690	558	-30	5
284705	540	-20	5
284720	531	-9	5
284735	522	-13	5
284740	518	-12	5
284755	508	11	5
284770	513	29	5
284785	526	23	5
284800	540	6	5
284815	544	11	5
284830	549	27	5
284835	567	43	5
284850	590	54	5
284865	621	64	5
284880	657	80	5
284895	702	92	5
284910	752	87	5
284925	801	68	5
284940	842	60	5
284945	873	66	5
284960	914	71	5
284975	950	61	5
284990	986	41	5
285005	1008	40	5
285020	1030	45	5
285040	1058	40	5
285045	1080	24	5
285060	1094	23	5
285075	1107	26	5
285090	1120	28	5
285105	1134	16	5
285120	1143	-4	5
285135	1143	-18	5
285140	1138	-16	5
285155	1130	-15	5
285170	1120	-27	5
285185	1102	-39	5
285200	1080	-31	5
285216	1066	-19	5
285231	1053	-22	5
285246	1040	-34	5
285251	1022	-37	5
285267	1004	-27	5
285283	986	-24	5
285299	972	-32	5
285315	954	-31	5
285331	936	-21	5
285347	927	-9	5
285352	922	0	5
285368	922	0	5
285384	922	3	5
285400	922	13	5
285416	927	25	5
285431	940	31	5
285446	958	33	5
285461	976	41	5
285466	999	57	5
285481	1030	71	5
285496	1071	70	5
285511	1112	67	5
285526	1148	71	5
285541	1188	72	5
285556	1228	69	5
285561	1269	57	5
285576	1300	48	5
285591	1328	46	5
285606	1350	48	5
285621	1377	44	5
285636	1404	38	5
285651	1426	39	5
285656	1449	41	5
285671	1472	36	5
285686	1490	15	5
285702	1498	2	5
285717	1498	1	5
285732	1498	11	5
285747	1508	13	5
285762	1512	9	5
285767	1521	13	5
285782	1526	33	5
285797	1544	57	5
285812	1575	76	5
285827	1620	94	5
285842	1674	114	5
285857	1737	128	5
285862	1809	128	5
285877	1881	108	5
285892	1940	91	5
285907	1994	90	5
285923	2043	86	5
285939	2092	74	5
285954	2133	61	5
285969	2169	65	5
285974	2205	66	5
285989	2241	62	5
286004	2277	56	5
286019	2308	54	5
286034	2340	56	5
286049	2372	56	5
286064	2403	55	5
286069	2430	48	5
286084	2457	40	5
286099	2480	36	5
286114	2502	35	5
286130	2520	39	5
286145	2542	35	5
286160	2565	23	5
286165	2574	20	5
286180	2588	20	5
286195	2596	22	5
286210	2610	28	5
286225	2628	49	5
286240	2655	87	5
286255	2704	121	5
286270	2772	134	5
286275	2848	129	5
286290	2920	120	5
286305	2988	109	5
286320	3046	104	5
286335	3105	88	5
286350	3154	73	5
286365	3195	71	5
286370	3236	71	5
286385	3276	63	5
286400	3312	48	5
286415	3339	43	5
286430	3362	51	5
286445	3393	48	5
286460	3420	34	5
286465	3438	15	5
286480	3447	7	5
286496	3452	5	5
286511	3452	-6	5
286526	3452	-20	5
286541	3442	-21	5
286556	3429	-17	5
286576	3420	-10	5
286581	3416	-12	5
286596	3411	-22	5
286611	3398	-27	5
286626	3380	-17	5
286642	3370	-18	5
286658	3362	-23	5
286674	3348	-17	5
286679	3339	-4	5
286695	3339	-4	5
286712	3334	-10	5
286727	3330	2	5
286742	3330	25	5
286757	3339	30	5
286772	3357	4	5
286787	3362	3	5
286792	3362	29	5
286807	3380	49	5
286822	3406	42	5
286837	3429	32	5
286852	3447	46	5
286867	3474	65	5
286882	3510	63	5
286887	3546	51	5
286902	3573	45	5
286917	0	54	5
286932	27	58	5
286947	63	48	5
286962	90	24	5
286977	104	28	5
286982	117	38	5
286997	140	33	5
287012	158	6	5
287027	162	-6	5
287042	162	8	5
287057	162	14	5
287072	171	0	5
287087	171	-13	5
287092	166	-8	5
287107	162	3	5
287122	162	3	5
287137	162	-9	5
287152	162	-18	5
287167	148	-10	5
287182	144	-1	5
287187	144	-6	5
287202	140	-19	5
287217	130	-20	5
287232	117	-10	5
287247	112	-7	5
287262	108	-15	5
287278	99	-8	5
287283	94	11	5
287298	99	12	5
287313	104	-4	5
287328	104	-10	5
287343	104	8	5
287358	104	25	5
287373	117	27	5
287388	130	31	5
287393	148	41	5
287408	171	60	5
287423	207	79	5
287438	252	84	5
287453	297	80	5
287468	342	80	5
287488	387	91	5
287493	436	89	5
287508	490	73	5
287523	531	63	5
287538	567	68	5
287553	603	68	5
287568	644	59	5
287584	675	56	5
287599	706	61	5
287604	742	62	5
287619	774	51	5
287634	806	41	5
287649	828	29	5
287664	842	27	5
287679	860	21	5
287695	868	9	5
287700	878	-7	5
287715	878	-9	5
287730	868	5	5
287745	868	13	5
287760	878	-2	5
287775	878	-6	5
287790	878	16	5
287795	882	35	5
287810	900	11	5
287825	909	-23	5
287840	900	-23	5
287856	886	6	5
287871	886	18	5
287886	896	2	5
287901	896	-10	5
287906	896	3	5
287921	896	20	5
287936	904	10	5
287951	909	-20	5
287967	900	-20	5
287982	891	7	5
287997	891	22	5
288002	904	5	5
288017	904	-18	5
288032	900	-11	5
288047	891	9	5
288062	896	4	5
288078	896	-20	5
288093	891	-23	5
288108	878	-4	5
288114	873	11	5
288130	878	-2	5
288146	878	-15	5
288162	868	-7	5
288178	868	11	5
288194	868	12	5
288210	878	-7	5
288215	878	-17	5
288230	864	4	5
288245	864	22	5
288260	878	18	5
288275	886	3	5
288290	886	11	5
288305	896	34	5
288310	914	39	5
288325	936	22	5
288340	950	12	5
288355	954	33	5
288370	972	59	5
288385	1008	58	5
288401	1040	38	5
288416	1062	34	5
288421	1080	52	5
288436	1107	61	5
288451	1143	39	5
288466	1166	11	5
288481	1170	11	5
288496	1179	26	5
288511	1192	15	5
288516	1202	-13	5
288531	1197	-19	5
288546	1188	4	5
288561	1188	14	5
288576	1192	7	5
288591	1197	-15	5
288606	1192	-16	5
288611	1184	-5	5
288626	1179	-2	5
288641	1179	-21	5
288656	1166	-39	5
288671	1148	-23	5
288686	1134	-2	5
288701	1130	-3	5
288716	1130	-23	5
288721	1116	-23	5
288736	1102	-4	5
288751	1102	4	5
288766	1102	-9	5
288781	1098	-16	5
288796	1089	-4	5
288816	1089	14	5
288821	1094	19	5
288836	1102	10	5
288852	1107	13	5
288867	1116	34	5
288882	1134	53	5
288897	1166	52	5
288913	1192	37	5
288928	1215	45	5
288933	1238	82	5
288948	1287	98	5
288963	1341	69	5
288978	1382	43	5
288994	1404	54	5
289009	1436	71	5
289025	1476	61	5
289030	1508	30	5
289045	1526	18	5
289060	1534	35	5
289075	1557	38	5
289090	1575	7	5
289105	1580	-26	5
289120	1570	-22	5
289125	1557	-4	5
289140	1557	-4	5
289155	1552	-29	5
289170	1534	-38	5
289185	1516	-17	5
289200	1508	0	5
289215	1508	-14	5
289230	1498	-34	5
289235	1480	-25	5
289250	1462	-6	5
289265	1462	-5	5
289280	1458	-21	5
289295	1444	-28	5
289310	1431	-15	5
289325	1422	-4	5
289330	1422	-9	5
289345	1413	-26	5
289361	1400	-21	5
289376	1390	3	5
289391	1390	23	5
289406	1400	10	5
289421	1404	4	5
289426	1408	25	5
289441	1422	54	5
289456	1454	61	5
289471	1485	51	5
289486	1516	55	5
289501	1544	78	5
289517	1588	96	5
289532	1642	87	5
289537	1692	61	5
289553	1728	50	5
289568	1755	63	5
289583	1791	64	5
289598	1827	40	5
289613	1850	24	5
289628	1863	36	5
289633	1881	51	5
289648	1912	35	5
289663	1930	-2	5
289678	1930	-11	5
289693	1926	-2	5
289708	1926	-5	5
289724	1922	-26	5
289744	1908	-33	5
289749	1890	-26	5
289764	1876	-16	5
289779	1868	-23	5
289794	1854	-45	5
289809	1827	-50	5
289824	1800	-27	5
289839	1786	-14	5
289844	1778	-26	5
289859	1764	-41	5
289874	1742	-33	5
289889	1719	-15	5
289904	1714	-18	5
289919	1701	-28	5
289934	1688	-33	5
289939	1670	-16	5
289954	1660	0	5
289969	1660	0	5
289984	1660	-3	5
289999	1656	5	5
290014	1656	26	5
290029	1670	39	5
290044	1692	36	5
290049	1714	27	5
290064	1728	47	5
290079	1755	84	5
290094	1800	91	5
290109	1854	67	5
290124	1890	61	5
290144	1926	80	5
290149	1971	80	5
290164	2016	54	5
290179	2048	31	5
290194	2061	43	5
290209	2088	54	5
290224	2120	48	5
290239	2146	23	5
290254	2156	5	5
290259	2160	12	5
290274	2169	21	5
290289	2178	3	5
290304	2182	-22	5
290319	2174	-22	5
290334	2160	-8	5
290349	2156	-12	5
290354	2146	-36	5
290369	2128	-48	5
290384	2102	-30	5
290399	2084	-16	5
290414	2074	-26	5
290429	2061	-42	5
290444	2038	-37	5
290449	2016	-22	5
290464	2002	-13	5
290479	1998	-21	5
290494	1984	-30	5
290509	1966	-25	5
290524	1953	-3	5
290545	1953	0	5
290560	1953	-14	5
290565	1944	-13	5
290580	1935	5	5
290595	1935	21	5
290610	1948	7	5
290625	1953	0	5
290640	1953	20	5
290655	1962	38	5
290660	1984	38	5
290675	2007	21	5
290690	2016	20	5
290705	2030	40	5
290720	2052	54	5
290735	2084	44	5
290750	2106	23	5
290755	2120	24	5
290770	2133	36	5
290785	2151	34	5
290800	2174	9	5
290815	2178	-6	5
290830	2178	6	5
290845	2178	18	5
290860	2187	6	5
290865	2192	-14	5
290880	2187	-14	5
290895	2178	-8	5
290910	2174	-13	5
290925	2169	-28	5
290940	2151	-36	5
290956	2133	-34	5
290962	2110	-24	5
290978	2097	-22	5
290993	2088	-34	5
291008	2066	-40	5
291023	2043	-25	5
291038	2030	-14	5
291053	2020	-18	5
291068	2012	-23	5
291073	1998	-14	5
291088	1994	0	5
291103	1994	3	5
291118	1994	-6	5
291133	1989	-3	5
291148	1989	13	5
291163	1994	30	5
291168	2007	31	5
291183	2025	26	5
291198	2038	25	5
291213	2056	35	5
291228	2074	42	5
291248	2097	39	5
291263	2120	37	5
291268	2142	57	5
291283	2174	76	5
291298	2214	67	5
291313	2254	44	5
291328	2277	46	5
291343	2304	60	5
291358	2336	60	5
291373	2372	42	5
291378	2394	30	5
291393	2412	35	5
291408	2430	40	5
291423	2452	30	5
291438	2470	16	5
291453	2480	1	5
291468	2480	3	5
291473	2484	10	5
291488	2488	-4	5
291503	2488	-18	5
291518	2480	-18	5
291533	2470	-3	5
291548	2466	-3	5
291568	2466	-21	5
291573	2452	-26	5
291588	2439	-15	5
291603	2430	-10	5
291618	2426	-16	5
291633	2416	-22	5
291648	2403	-20	5
291663	2394	-14	5
291678	2385	-5	5
291683	2380	-5	5
291698	2380	-8	5
291713	2376	-1	5
291728	2376	7	5
291743	2376	5	5
291758	2376	-8	5
291773	2376	-3	5
291778	2376	16	5
291794	2380	27	5
291809	2394	28	5
291824	2412	28	5
291839	2426	39	5
291854	2448	55	5
291869	2480	61	5
291884	2516	59	5
291889	2547	63	5
291905	2583	68	5
291920	2619	79	5
291935	2664	74	5
291950	2704	53	5
291965	2736	41	5
291980	2758	46	5
291985	2786	55	5
292000	2817	42	5
292015	2840	32	5
292030	2858	32	5
292045	2876	38	5
292060	2898	29	5
292080	2912	13	5
292085	2920	-1	5
292100	2920	-2	5
292115	2920	-1	5
292130	2920	0	5
292145	2920	-11	5
292160	2916	-16	5
292175	2907	-8	5
292190	2902	-5	5
292195	2898	-19	5
292210	2889	-31	5
292226	2871	-23	5
292242	2858	-13	5
292258	2853	-17	5
292274	2844	-32	5
292290	2826	-32	5
292295	2808	-23	5
292310	2794	-18	5
292325	2781	-20	5
292340	2772	-16	5
292355	2763	-8	5
292370	2758	3	5
292385	2758	10	5
292400	2763	4	5
292405	2763	-1	5
292420	2763	17	5
292435	2772	43	5
292450	2799	49	5
292465	2826	40	5
292480	2848	46	5
292495	2871	63	5
292500	2907	75	5
292515	2952	71	5
292530	2992	63	5
292545	3024	64	5
292560	3060	72	5
292575	3100	74	5
292590	3146	59	5
292595	3177	47	5
292610	3204	54	5
292625	3236	58	5
292640	3267	45	5
292655	3294	23	5
292670	3303	16	5
292685	3312	24	5
292700	3326	16	5
292705	3334	-3	5
292720	3334	-16	5
292736	3330	-7	5
292751	3326	0	5
292766	3326	-6	5
292781	3321	-17	5
292796	3312	-24	5
292801	3298	-24	5
292816	3285	-21	5
292831	3276	-25	5
292846	3258	-29	5
292861	3244	-26	5
292876	3231	-10	5
292896	3222	-8	5
292901	3218	-23	5
292916	3204	-21	5
292931	3195	-10	5
292946	3190	-3	5
292961	3186	-7	5
292976	3182	-15	5
292991	3172	-6	5
293006	3172	6	5
293011	3172	6	5
293026	3172	2	5
293041	3177	11	5
293056	3182	26	5
293071	3195	39	5
293086	3218	41	5
293101	3240	34	5
293106	3258	34	5
293121	3280	45	5
293136	3303	52	5
293151	3334	43	5
293167	3357	32	5
293182	3375	31	5
293197	3393	26	5
293212	3406	10	5
293217	3416	1	5
293232	3416	-3	5
293247	3416	-9	5
293262	3411	-14	5
293277	3402	-22	5
293292	3393	-25	5
293312	3375	-23	5
293317	3366	-20	5
293332	3352	-21	5
293347	3339	-26	5
293362	3326	-31	5
293378	3308	-28	5
293393	3294	-22	5
293408	3280	-19	5
293413	3272	-17	5
293428	3262	-16	5
293444	3254	-10	5
293459	3244	-7	5
293474	3240	1	5
293489	3240	4	5
293504	3240	8	5
293519	3244	11	5
293524	3254	18	5
293539	3262	23	5
293554	3276	20	5
293569	3285	31	5
293584	3303	41	5
293599	3326	45	5
293614	3352	43	5
293619	3375	44	5
293634	3402	44	5
293650	3424	42	5
293666	3447	39	5
293682	3470	37	5
293698	3492	32	5
293714	3510	31	5
293730	3528	33	5
293735	3546	26	5
293750	3560	19	5
293765	3573	13	5
293780	3578	10	5
293795	3582	3	5
293810	3586	-6	5
293825	3586	-10	5
293830	3582	-15	5
293845	3573	-23	5
293860	3560	-29	5
293875	3542	-27	5
293890	3528	-24	5
293905	3514	-23	5
293920	3501	-26	5
293925	3488	-28	5
293940	3470	-33	5
293955	3452	-33	5
293970	3434	-28	5
293985	3420	-25	5
294000	3402	-29	5
294015	3388	-23	5
294030	3375	-9	5
294035	3370	-6	5
294050	3366	-12	5
294065	3362	-8	5
294080	3357	0	5
294095	3357	10	5
294110	3357	17	5
294125	3366	23	5
294130	3380	29	5
294145	3398	27	5
294160	3411	19	5
294175	3420	3	5
294190	3424	-18	5
294205	3416	-34	5
294220	3398	-46	5
294225	3370	-54	5
294240	3344	-62	5
294255	3308	-63	5
294270	3272	-54	5
294285	3240	-42	5
294301	3218	-39	5
294316	3195	-39	5
294336	3172	-26	5
294341	3159	-19	5
294356	3150	-15	5
294371	3141	-10	5
294386	3132	-5	5
294401	3132	-4	5
294416	3128	-1	5
294431	3128	2	5
294436	3128	1	5
294451	3128	-1	5
294466	3128	3	5
294481	3128	-7	5
294496	3128	-27	5
294512	3114	-43	5
294527	3087	-49	5
294542	3060	-50	5
294547	3033	-50	5
294562	3006	-49	5
294577	2974	-42	5
294592	2952	-33	5
294607	2934	-27	5
294622	2920	-15	5
294637	2912	-3	5
294642	2907	5	5
294657	2907	10	5
294672	2912	10	5
294687	2920	9	5
294702	2925	10	5
294718	2930	19	5
294733	2938	22	5
294738	2952	10	5
294753	2956	-8	5
294768	2956	-25	5
294783	2943	-34	5
294798	2925	-40	5
294813	2902	-41	5
294828	2880	-36	5
294848	2858	-35	5
294853	2840	-30	5
294868	2822	-29	5
294884	2808	-30	5
294899	2790	-28	5
294914	2772	-23	5
294929	2758	-13	5
294944	2754	-6	5
294949	2750	4	5
294964	2750	9	5
294979	2754	12	5
294994	2758	9	5
295009	2763	4	5
295025	2768	-6	5
295040	2768	-18	5
295045	2758	-35	5
295060	2736	-43	5
295075	2714	-51	5
295090	2686	-49	5
295105	2660	-42	5
295120	2632	-28	5
295135	2619	-23	5
295151	2606	-18	5
295156	2596	-13	5
295171	2588	0	5
295186	2588	1	5
295202	2588	-8	5
295218	2583	-16	5
295233	2574	-29	5
295248	2560	-38	5
295253	2538	-43	5
295268	2511	-45	5
295283	2488	-38	5
295298	2466	-29	5
295313	2448	-21	5
295328	2439	-18	5
295343	2430	-13	5
295358	2421	2	5
295363	2421	13	5
295378	2426	19	5
295393	2434	17	5
295408	2444	19	5
295423	2457	19	5
295438	2466	7	5
295453	2470	-16	5
295458	2466	-34	5
295473	2448	-35	5
295488	2426	-36	5
295503	2408	-32	5
295518	2390	-25	5
295533	2376	-15	5
295548	2367	-6	5
295553	2362	4	5
295568	2362	6	5
295583	2362	5	5
295598	2367	10	5
295614	2372	18	5
295629	2385	20	5
295644	2394	24	5
295659	2408	35	5
295664	2426	48	5
295679	2452	57	5
295694	2488	66	5
295709	2524	76	5
295724	2565	80	5
295739	2610	67	5
295759	2650	40	5
295764	2673	6	5
295779	2673	-27	5
295794	2664	-48	5
295809	2637	-51	5
295824	2610	-41	5
295839	2583	-40	5
295854	2560	-36	5
295869	2542	-27	5
295874	2529	-20	5
295889	2516	-21	5
295904	2502	-17	5
295919	2493	-12	5
295934	2488	-8	5
295949	2484	-5	5
295964	2480	0	5
295969	2480	12	5
295984	2484	20	5
295999	2493	31	5
296014	2511	38	5
296029	2534	40	5
296044	2556	53	5
296064	2588	70	5
296069	2624	83	5
296084	2673	83	5
296099	2718	72	5
296114	2758	53	5
296129	2790	25	5
296144	2804	-12	5
296159	2799	-43	5
296174	2776	-59	5
296179	2740	-65	5
296194	2704	-64	5
296209	2668	-55	5
296224	2637	-47	5
296239	2614	-44	5
296254	2588	-37	5
296269	2565	-27	5
296274	2552	-21	5
296289	2538	-16	5
296304	2529	-1	5
296319	2529	14	5
296334	2534	13	5
296349	2542	7	5
296364	2547	12	5
296369	2552	23	5
296384	2565	28	5
296399	2583	36	5
296414	2601	45	5
296429	2628	56	5
296444	2660	50	5
296460	2686	28	5
296475	2700	-13	5
296480	2700	-50	5
296495	2668	-65	5
296510	2632	-60	5
296525	2601	-48	5
296540	2574	-39	5
296556	2552	-30	5
296571	2534	-20	5
296576	2524	-19	5
296591	2511	-23	5
296606	2498	-21	5
296621	2488	-7	5
296636	2484	-6	5
296651	2480	-3	5
296671	2480	3	5
296686	2480	8	5
296691	2480	12	5
296706	2488	16	5
296721	2498	22	5
296736	2511	25	5
296751	2524	35	5
296766	2542	42	5
296781	2565	49	5
296786	2592	51	5
296801	2624	55	5
296816	2655	61	5
296831	2686	63	5
296846	2722	65	5
296861	2758	65	5
296876	2794	60	5
296881	2830	47	5
296896	2858	36	5
296911	2876	30	5
296926	2894	24	5
296941	2907	18	5
296956	2916	16	5
296971	2925	10	5
296991	2934	-1	5
296996	2934	-8	5
297011	2930	-10	5
297026	2925	-12	5
297041	2920	-16	5
297056	2912	-23	5
297071	2898	-25	5
297086	2884	-25	5
297091	2866	-28	5
297106	2853	-29	5
297121	2835	-33	5
297136	2817	-29	5
297151	2804	-24	5
297166	2790	-17	5
297181	2776	-14	5
297186	2772	-10	5
297201	2763	-2	5
297216	2763	2	5
297231	2763	0	5
297246	2763	5	5
297261	2763	13	5
297276	2772	18	5
297296	2781	18	5
297301	2790	24	5
297316	2804	31	5
297331	2822	37	5
297346	2844	42	5
297361	2866	47	5
297376	2894	51	5
297391	2920	53	5
297396	2952	55	5
297411	2984	55	5
297426	3015	47	5
297441	3042	44	5
297456	3064	46	5
297471	3092	42	5
297486	3114	38	5
297502	3136	30	5
297507	3154	28	5
297523	3168	23	5
297538	3182	13	5
297553	3190	4	5
297568	3190	-1	5
297583	3190	-13	5
297598	3186	-19	5
297603	3177	-24	5
297618	3164	-27	5
297633	3146	-27	5
297648	3132	-30	5
297663	3114	-28	5
297678	3100	-27	5
297694	3082	-27	5
297699	3069	-27	5
297714	3056	-29	5
297729	3038	-27	5
297744	3024	-27	5
297759	3006	-23	5
297774	2992	-22	5
297789	2984	-23	5
297804	2970	-19	5
297810	2956	-9	5
297826	2952	-2	5
297842	2952	5	5
297857	2952	10	5
297872	2956	13	5
297887	2966	15	5
297902	2974	28	5
297907	2988	41	5
297922	3010	47	5
297937	3038	54	5
297952	3069	63	5
297967	3105	74	5
297982	3146	74	5
297997	3186	64	5
298012	3222	51	5
298017	3254	46	5
298032	3276	32	5
298047	3294	17	5
298062	3303	-11	5
298077	3303	-24	5
298092	3290	-34	5
298107	3272	-42	5
298112	3244	-53	5
298127	3218	-51	5
298142	3186	-43	5
298157	3164	-32	5
298172	3146	-25	5
298187	3132	-22	5
298208	3118	-13	5
298213	3114	-5	5
298228	3110	-4	5
298243	3105	-5	5
298258	3105	-6	5
298273	3100	1	5
298288	3100	7	5
298303	3100	8	5
298318	3105	9	5
298323	3110	9	5
298338	3114	12	5
298353	3123	11	5
298368	3128	9	5
298383	3132	12	5
298398	3141	12	5
298413	3146	16	5
298418	3154	16	5
298433	3164	15	5
298448	3172	8	5
298463	3177	-6	5
298478	3177	-26	5
298493	3164	-47	5
298508	3136	-54	5
298513	3110	-57	5
298528	3074	-49	5
298544	3046	-43	5
298559	3024	-28	5
298574	3006	-21	5
298589	2997	-21	5
298604	2984	-20	5
298619	2974	-15	5
298624	2966	-7	5
298639	2961	-5	5
298655	2956	0	5
298670	2956	15	5
298685	2961	28	5
298700	2979	33	5
298715	2997	33	5
298720	3015	38	5
298735	3038	47	5
298750	3064	54	5
298765	3092	51	5
298780	3123	52	5
298801	3150	59	5
298816	3186	67	5
298831	3222	68	5
298836	3262	65	5
298851	3298	65	5
298866	3334	65	5
298881	3370	65	5
298896	3406	57	5
298911	3438	48	5
298926	3465	40	5
298931	3488	32	5
298946	3506	28	5
298961	3524	19	5
298976	3532	15	5
298991	3542	5	5
299006	3546	-2	5
299021	3546	-7	5
299026	3542	-10	5
299041	3537	-10	5
299056	3532	-13	5
299071	3524	-18	5
299086	3514	-23	5
299102	3501	-25	5
299117	3488	-25	5
299132	3474	-27	5
299137	3456	-26	5
299152	3442	-20	5
299167	3434	-18	5
299182	3420	-21	5
299197	3411	-19	5
299212	3398	-16	5
299228	3388	-8	5
299233	3384	0	5
299248	3384	3	5
299263	3384	11	5
299278	3388	20	5
299294	3402	24	5
299309	3416	29	5
299324	3429	44	5
299329	3456	54	5
299344	3488	57	5
299359	3519	63	5
299374	3555	63	5
299389	3591	62	5
299404	22	60	5
299419	58	60	5
299439	90	64	5
299444	126	66	5
299459	166	57	5
299474	198	45	5
299489	220	38	5
299504	243	35	5
299519	261	30	5
299534	279	23	5
299539	292	18	5
299555	302	20	5
299570	315	15	5
299585	324	7	5
299600	328	-3	5
299615	328	-9	5
299630	324	-11	5
299645	320	-13	5
299650	310	-17	5
299665	302	-19	5
299680	288	-18	5
299695	279	-18	5
299711	270	-24	5
299726	256	-27	5
299741	243	-23	5
299746	230	-21	5
299761	216	-25	5
299776	202	-26	5
299791	189	-18	5
299806	176	-11	5
299821	171	-13	5
299836	162	-15	5
299841	158	-11	5
299856	148	4	5
299871	148	13	5
299886	153	15	5
299901	162	17	5
299916	171	19	5
299931	184	19	5
299951	194	30	5
299956	212	40	5
299971	234	50	5
299986	261	52	5
300001	292	56	5
300016	324	51	5
300031	351	50	5
300046	378	49	5
300051	405	46	5
300066	432	41	5
300081	454	40	5
300096	477	35	5
300111	500	22	5
300126	508	13	5
300141	518	4	5
300156	522	-6	5
300161	522	-8	5
300176	518	-13	5
300191	508	-18	5
300206	500	-20	5
300221	486	-20	5
300236	477	-21	5
300251	464	-23	5
300256	450	-23	5
300272	436	-17	5
300287	428	-13	5
300302	423	-12	5
300317	414	-13	5
300332	410	-6	5
300352	405	9	5
300357	405	26	5
300372	418	37	5
300387	441	48	5
300402	468	68	5
300417	504	81	5
300432	554	87	5
300447	598	87	5
300462	648	91	5
300467	702	97	5
300482	756	85	5
300497	801	59	5
300512	837	31	5
300527	855	17	5
300542	864	9	5
300557	868	-6	5
300562	868	-13	5
300578	860	-9	5
300594	855	-3	5
300610	855	-6	5
300626	850	-9	5
300642	846	-8	5
300657	842	-8	5
300662	837	-7	5
300677	832	-13	5
300692	828	-20	5
300707	814	-17	5
300722	806	-9	5
300737	801	-4	5
300752	796	5	5
300767	796	13	5
300772	806	24	5
300787	819	30	5
300802	832	33	5
300817	855	31	5
300832	868	38	5
300847	891	51	5
300862	922	59	5
300867	954	64	5
300882	990	73	5
300897	1030	80	5
300912	1076	80	5
300927	1120	72	5
300942	1161	64	5
300957	1197	52	5
300972	1228	48	5
300977	1256	45	5
300992	1278	41	5
301007	1300	36	5
301022	1323	32	5
301037	1341	31	5
301052	1359	35	5
301067	1377	35	5
301072	1395	27	5
301087	1413	30	5
301102	1431	31	5
301117	1444	30	5
301132	1462	26	5
301147	1476	30	5
301167	1494	46	5
301172	1521	62	5
301187	1557	86	5
301202	1602	106	5
301217	1665	119	5
301232	1732	124	5
301247	1800	125	5
301262	1872	119	5
301277	1940	108	5
301282	1998	103	5
301297	2056	95	5
301312	2110	86	5
301327	2160	75	5
301342	2200	74	5
301357	2241	80	5
301373	2286	80	5
301378	2331	73	5
301393	2372	66	5
301408	2412	57	5
301423	2444	48	5
301438	2470	39	5
301453	2493	35	5
301468	2511	35	5
301483	2529	33	5
301488	2547	35	5
301503	2570	34	5
301518	2588	25	5
301533	2601	15	5
301548	2610	16	5
301563	2619	20	5
301583	2632	15	5
301588	2637	11	5
301603	2646	11	5
301618	2650	12	5
301633	2660	6	5
301648	2660	0	5
301663	2660	-8	5
301678	2660	-4	5
301683	2660	2	5
301698	2660	7	5
301713	2660	6	5
301728	2664	-2	5
301743	2664	-3	5
301758	2664	3	5
301773	2664	4	5
301788	2664	-9	5
301793	2664	-10	5
301808	2660	-8	5
301823	2655	-1	5
301838	2650	-5	5
301853	2650	-3	5
301868	2646	-4	5
301883	2646	-3	5
301888	2646	-2	5
301903	2642	-3	5
301918	2642	-7	5
301933	2637	-1	5
301948	2637	8	5
301964	2637	8	5
301979	2642	0	5
301984	2642	0	5
301999	2642	3	5
302014	2642	11	5
302029	2650	6	5
302044	2655	7	5
302059	2655	10	5
302079	2664	15	5
302094	2673	18	5
302099	2682	15	5
302114	2691	17	5
302129	2700	21	5
302144	2709	29	5
302160	2727	28	5
302175	2745	24	5
302190	2758	16	5
302195	2768	18	5
302210	2776	21	5
302225	2786	8	5
302240	2790	0	5
302255	2790	10	5
302270	2799	17	5
302285	2808	9	5
302300	2812	-3	5
302305	2812	-10	5
302320	2808	-3	5
302335	2808	8	5
302350	2808	0	5
302365	2808	-12	5
302380	2804	-11	5
302395	2799	-7	5
302400	2794	-10	5
302415	2790	-19	5
302430	2776	-19	5
302445	2768	-12	5
302460	2763	-8	5
302475	2758	-15	5
302495	2750	-22	5
302500	2736	-16	5
302515	2727	-3	5
302530	2727	-1	5
302545	2722	-2	5
302560	2722	2	5
302575	2722	9	5
302590	2727	10	5
302606	2732	15	5
302611	2740	20	5
302626	2750	30	5
302641	2768	46	5
302656	2794	61	5
302671	2826	64	5
302686	2862	67	5
302701	2902	73	5
302706	2943	73	5
302722	2984	66	5
302737	3020	70	5
302752	3060	75	5
302767	3100	78	5
302782	3146	72	5
302797	3186	65	5
302802	3222	59	5
302817	3258	59	5
302832	3290	56	5
302847	3321	51	5
302862	3348	41	5
302877	3375	33	5
302892	3393	27	5
302907	3406	24	5
302912	3420	11	5
302927	3424	-3	5
302942	3424	-8	5
302957	3424	-4	5
302972	3420	-6	5
302988	3420	-14	5
303003	3411	-17	5
303008	3402	-20	5
303023	3388	-14	5
303038	3384	-16	5
303053	3375	-22	5
303068	3362	-26	5
303083	3348	-22	5
303103	3334	-5	5
303118	3330	-6	5
303123	3326	-19	5
303139	3316	-20	5
303155	3308	-14	5
303170	3298	-3	5
303185	3294	-2	5
303200	3294	-6	5
303215	3290	-1	5
303220	3290	14	5
303235	3294	23	5
303250	3308	25	5
303265	3321	30	5
303280	3339	42	5
303295	3362	50	5
303311	3388	59	5
303316	3424	65	5
303331	3460	73	5
303346	3501	88	5
303362	3550	93	5
303378	4	79	5
303394	50	69	5
303410	86	67	5
303426	126	68	5
303431	162	57	5
303446	194	50	5
303461	220	43	5
303476	248	41	5
303491	270	41	5
303506	292	31	5
303522	310	14	5
303527	320	8	5
303542	324	9	5
303557	328	-3	5
303572	328	-17	5
303587	320	-21	5
303602	310	-18	5
303618	297	-13	5
303633	292	-19	5
303638	279	-31	5
303653	261	-34	5
303668	243	-32	5
303683	225	-32	5
303698	207	-37	5
303713	189	-31	5
303728	171	-26	5
303733	153	-16	5
303748	144	-12	5
303763	140	-11	5
303778	135	-8	5
303793	130	8	5
303808	130	16	5
303823	140	8	5
303828	144	7	5
303843	148	18	5
303858	158	29	5
303873	171	34	5
303888	194	39	5
303903	216	49	5
303918	243	62	5
303933	274	70	5
303938	315	69	5
303953	356	59	5
303968	387	54	5
303983	418	59	5
303998	450	63	5
304013	486	58	5
304028	518	46	5
304033	544	40	5
304048	567	39	5
304063	590	30	5
304078	608	17	5
304093	616	8	5
304108	621	9	5
304123	626	6	5
304128	630	5	5
304143	630	6	5
304158	634	3	5
304173	639	0	5
304188	639	2	5
304203	639	-3	5
304223	639	-15	5
304238	630	-13	5
304243	626	-4	5
304258	621	-9	5
304273	616	-18	5
304288	608	-26	5
304303	594	-16	5
304318	585	-15	5
304333	576	-17	5
304338	567	-23	5
304353	554	-19	5
304368	540	-10	5
304383	536	-1	5
304398	536	5	5
304413	536	7	5
304428	540	8	5
304444	544	16	5
304449	554	19	5
304464	562	19	5
304479	572	20	5
304494	585	38	5
304509	608	49	5
304524	634	53	5
304539	662	60	5
304544	698	69	5
304559	738	76	5
304574	778	71	5
304589	819	71	5
304604	860	67	5
304619	896	58	5
304639	927	54	5
304644	958	48	5
304659	986	40	5
304674	1008	30	5
304689	1026	29	5
304704	1044	26	5
304719	1058	17	5
304734	1066	8	5
304749	1071	0	5
304754	1071	-6	5
304769	1071	-15	5
304784	1062	-23	5
304799	1048	-21	5
304814	1040	-22	5
304829	1026	-21	5
304844	1012	-25	5
304849	999	-26	5
304864	986	-26	5
304879	972	-18	5
304894	958	-11	5
304909	954	-18	5
304924	945	-28	5
304939	927	-17	5
304944	918	-6	5
304959	914	-5	5
304974	914	-8	5
304990	909	-1	5
305005	909	4	5
305020	909	4	5
305035	909	6	5
305055	914	15	5
305060	918	26	5
305075	936	36	5
305090	954	44	5
305105	981	49	5
305120	1008	61	5
305135	1040	80	5
305150	1084	94	5
305155	1138	96	5
305170	1192	86	5
305185	1242	79	5
305200	1287	76	5
305215	1328	71	5
305230	1368	63	5
305245	1404	61	5
305260	1440	61	5
305265	1472	50	5
305280	1503	38	5
305295	1521	31	5
305310	1539	15	5
305325	1548	4	5
305340	1552	-8	5
305355	1548	-20	5
305360	1539	-34	5
305375	1521	-29	5
305390	1503	-17	5
305405	1494	-20	5
305420	1480	-26	5
305435	1467	-28	5
305455	1454	-26	5
305460	1436	-25	5
305475	1422	-26	5
305490	1408	-25	5
305505	1395	-24	5
305520	1382	-19	5
305535	1372	-17	5
305550	1359	-20	5
305565	1350	-23	5
305570	1336	-25	5
305585	1323	-15	5
305600	1314	-3	5
305615	1314	-9	5
305630	1310	-12	5
305645	1300	10	5
305660	1300	24	5
305665	1314	23	5
305680	1328	16	5
305695	1336	21	5
305710	1350	38	5
305725	1372	47	5
305740	1400	55	5
305755	1426	59	5
305775	1462	66	5
305780	1498	76	5
305795	1544	77	5
305810	1584	57	5
305825	1616	50	5
305840	1647	52	5
305855	1674	54	5
305870	1706	45	5
305875	1728	33	5
305890	1750	29	5
305905	1764	29	5
305920	1782	11	5
305935	1786	-8	5
305950	1786	-12	5
305965	1782	-14	5
305970	1773	-18	5
305985	1764	-26	5
306000	1746	-23	5
306015	1732	-24	5
306030	1719	-25	5
306045	1706	-25	5
306060	1692	-29	5
306075	1678	-26	5
306080	1660	-12	5
306096	1656	-1	5
306111	1656	-11	5
306126	1647	-16	5
306141	1638	-9	5
306156	1634	0	5
306171	1634	7	5
306177	1634	9	5
306193	1638	16	5
306208	1647	26	5
306223	1665	38	5
306238	1683	48	5
306253	1710	53	5
306268	1742	61	5
306274	1778	69	5
306289	1814	75	5
306304	1858	71	5
306319	1894	72	5
306334	1935	74	5
306349	1980	79	5
306364	2025	68	5
306379	2061	52	5
306384	2092	53	5
306399	2120	61	5
306414	2156	62	5
306429	2192	54	5
306444	2218	47	5
306459	2246	40	5
306479	2268	35	5
306484	2290	35	5
306499	2308	27	5
306514	2322	16	5
306529	2331	6	5
306544	2336	6	5
306559	2340	2	5
306574	2340	-9	5
306589	2340	-9	5
306594	2336	-9	5
306609	2331	-10	5
306624	2322	-17	5
306639	2313	-19	5
306654	2304	-17	5
306669	2295	-17	5
306684	2286	-17	5
306689	2272	-14	5
306704	2268	-12	5
306719	2259	-13	5
306735	2254	-13	5
306750	2246	-3	5
306765	2246	17	5
306780	2250	45	5
306785	2272	80	5
306800	2318	109	5
306815	2380	114	5
306830	2444	111	5
306845	2506	107	5
306860	2570	94	5
306875	2619	85	5
306895	2668	88	5
306900	2718	94	5
306915	2772	80	5
306930	2817	67	5
306945	2853	64	5
306961	2889	62	5
306976	2925	50	5
306991	2952	41	5
306996	2974	40	5
307011	2997	40	5
307026	3020	37	5
307041	3042	30	5
307056	3060	20	5
307072	3069	8	5
307087	3074	-2	5
307092	3074	-6	5
307107	3074	-9	5
307122	3069	-7	5
307137	3064	-7	5
307152	3060	-6	5
307167	3056	-12	5
307182	3051	-15	5
307197	3042	-11	5
307202	3038	-12	5
307217	3028	-19	5
307232	3020	-21	5
307247	3006	-10	5
307262	3002	-5	5
307277	2997	-4	5
307292	2997	2	5
307297	2997	9	5
307312	2997	10	5
307327	3002	8	5
307342	3006	14	5
307357	3015	16	5
307372	3024	23	5
307388	3038	35	5
307403	3056	46	5
307408	3082	43	5
307423	3110	42	5
307438	3132	54	5
307453	3164	69	5
307468	3200	67	5
307483	3240	51	5
307503	3267	47	5
307508	3294	55	5
307523	3326	58	5
307538	3357	52	5
307553	3384	43	5
307569	3411	37	5
307585	3429	30	5
307600	3447	25	5
307605	3460	11	5
307620	3470	3	5
307635	3470	9	5
307650	3474	15	5
307665	3483	7	5
307680	3488	-9	5
307695	3488	-14	5
307710	3478	-9	5
307715	3474	-16	5
307730	3465	-24	5
307745	3452	-23	5
307760	3438	-16	5
307775	3429	-19	5
307790	3420	-24	5
307805	3406	-29	5
307810	3388	-30	5
307825	3370	-28	5
307840	3357	-24	5
307855	3344	-21	5
307870	3330	-21	5
307885	3316	-13	5
307900	3312	-1	5
307915	3312	2	5
307920	3312	-2	5
307935	3312	5	5
307950	3312	19	5
307965	3321	20	5
307980	3330	20	5
307995	3344	29	5
308015	3357	46	5
308020	3384	50	5
308035	3411	53	5
308050	3442	59	5
308065	3474	68	5
308080	3514	66	5
308095	3550	64	5
308110	3586	65	5
308115	22	70	5
308130	63	66	5
308145	99	68	5
308160	140	68	5
308175	176	62	5
308190	212	52	5
308205	243	45	5
308220	266	33	5
308225	284	26	5
308240	302	22	5
308255	310	19	5
308270	324	8	5
308285	328	3	5
308300	328	6	5
308315	333	0	5
308320	333	-7	5
308335	333	1	5
308350	333	13	5
308365	338	30	5
308380	351	58	5
308395	387	101	5
308415	441	133	5
308420	518	142	5
308435	598	136	5
308450	675	128	5
308465	747	117	5
308480	810	101	5
308495	868	84	5
308510	914	75	5
308525	958	72	5
308530	999	64	5
308545	1035	65	5
308560	1071	66	5
308575	1107	58	5
308590	1138	50	5
308605	1170	46	5
308620	1192	33	5
308625	1215	24	5
308640	1228	21	5
308655	1238	21	5
308670	1251	14	5
308685	1260	3	5
308700	1260	-2	5
308715	1260	-6	5
308735	1260	-11	5
308740	1251	-9	5
308755	1246	-11	5
308770	1242	-14	5
308785	1233	-11	5
308800	1228	-8	5
308815	1224	-9	5
308830	1220	-11	5
308835	1210	-10	5
308850	1206	-7	5
308865	1202	-7	5
308880	1197	-6	5
308895	1197	-2	5
308910	1192	5	5
308925	1192	10	5
308930	1197	18	5
308945	1210	27	5
308961	1224	27	5
308977	1238	23	5
308993	1251	28	5
309008	1269	36	5
309023	1287	32	5
309038	1305	30	5
309043	1323	39	5
309058	1346	47	5
309073	1372	54	5
309088	1400	60	5
309103	1436	60	5
309118	1467	59	5
309133	1503	54	5
309138	1534	55	5
309153	1562	57	5
309168	1598	64	5
309183	1634	77	5
309198	1674	94	5
309213	1728	108	5
309228	1786	127	5
309243	1858	139	5
309248	1940	141	5
309263	2016	131	5
309278	2092	117	5
309293	2156	104	5
309308	2214	90	5
309323	2268	73	5
309343	2308	62	5
309348	2340	64	5
309364	2376	63	5
309379	2412	50	5
309394	2444	40	5
309409	2466	28	5
309424	2480	24	5
309439	2493	27	5
309444	2506	24	5
309459	2520	13	5
309474	2529	12	5
309489	2538	15	5
309504	2542	14	5
309519	2552	-1	5
309534	2552	-6	5
309549	2552	-3	5
309554	2552	0	5
309569	2552	-3	5
309584	2547	-5	5
309599	2547	-2	5
309614	2547	2	5
309629	2547	5	5
309645	2547	10	5
309650	2552	15	5
309665	2560	20	5
309680	2570	24	5
309695	2583	23	5
309710	2596	14	5
309725	2606	11	5
309740	2610	20	5
309745	2624	23	5
309760	2637	14	5
309775	2642	4	5
309790	2646	2	5
309805	2646	0	5
309820	2646	-10	5
309835	2646	-13	5
309855	2637	-11	5
309860	2632	-11	5
309875	2624	-14	5
309890	2619	-10	5
309905	2610	-11	5
309920	2606	-12	5
309935	2596	-15	5
309950	2592	-15	5
309955	2583	-14	5
309970	2574	-5	5
309985	2570	6	5
310000	2570	12	5
310015	2578	14	5
310030	2583	12	5
310045	2592	13	5
310061	2601	16	5
310066	2610	20	5
310081	2619	32	5
310096	2637	40	5
310111	2660	41	5
310127	2682	45	5
310142	2709	55	5
310157	2740	62	5
310162	2772	56	5
310178	2804	51	5
310193	2835	48	5
310208	2862	39	5
310223	2884	32	5
310239	2902	32	5
310254	2920	36	5
310259	2938	30	5
310274	2956	20	5
310289	2966	14	5
310305	2974	13	5
310321	2984	2	5
310337	2984	-11	5
310353	2984	-16	5
310368	2974	-19	5
310373	2961	-21	5
310389	2952	-23	5
310404	2938	-25	5
310419	2925	-27	5
310434	2907	-26	5
310449	2894	-23	5
310464	2880	-23	5
310469	2866	-25	5
310484	2853	-19	5
310500	2844	-11	5
310515	2835	-16	5
310530	2826	-21	5
310545	2817	-15	5
310560	2808	-1	5
310565	2808	4	5
310580	2808	10	5
310595	2812	15	5
310610	2817	19	5
310625	2830	26	5
310640	2844	32	5
310655	2862	35	5
310670	2880	37	5
310675	2902	43	5
310690	2925	51	5
310705	2956	58	5
310720	2988	60	5
310735	3024	62	5
310750	3056	57	5
310765	3087	49	5
310770	3118	40	5
310785	3141	34	5
310800	3159	35	5
310815	3177	30	5
310830	3195	25	5
310846	3208	19	5
310861	3218	14	5
310876	3226	5	5
310881	3231	0	5
310897	3231	-6	5
310912	3231	-15	5
310928	3222	-17	5
310943	3213	-16	5
310958	3204	-11	5
310973	3200	-13	5
310978	3190	-13	5
310993	3182	-14	5
311008	3177	-12	5
311023	3168	-12	5
311039	3164	-18	5
311054	3150	-17	5
311069	3141	-13	5
311074	3136	-8	5
311089	3132	-4	5
311104	3128	6	5
311119	3128	13	5
311135	3136	17	5
311150	3146	17	5
311165	3154	18	5
311180	3164	22	5
311185	3177	28	5
311200	3190	37	5
311215	3213	37	5
311230	3236	35	5
311245	3254	41	5
311260	3276	46	5
311275	3303	44	5
311280	3326	40	5
311295	3348	34	5
311310	3370	28	5
311325	3384	22	5
311340	3398	19	5
311355	3406	11	5
311375	3416	6	5
311390	3416	1	5
311395	3416	-3	5
311410	3416	-8	5
311425	3416	-8	5
311440	3411	-13	5
311456	3402	-18	5
311472	3393	-17	5
311487	3384	-18	5
311492	3375	-25	5
311507	3362	-28	5
311522	3344	-27	5
311537	3330	-21	5
311552	3316	-21	5
311567	3303	-23	5
311582	3294	-17	5
311587	3280	-11	5
311602	3276	-8	5
311617	3272	-9	5
311632	3267	-8	5
311647	3262	-1	5
311663	3262	6	5
311678	3262	13	5
311693	3267	13	5
311698	3276	19	5
311713	3285	26	5
311728	3303	37	5
311743	3321	44	5
311758	3348	47	5
311773	3375	56	5
311788	3406	66	5
311793	3442	71	5
311808	3483	70	5
311823	3519	74	5
311838	3564	72	5
311853	4	67	5
311868	40	58	5
311883	72	55	5
311888	104	50	5
311903	130	46	5
311918	158	38	5
311933	180	30	5
311948	198	26	5
311963	212	19	5
311978	220	15	5
311998	230	3	5
312003	234	-9	5
312018	230	-16	5
312033	220	-20	5
312048	212	-27	5
312063	194	-29	5
312078	180	-28	5
312093	162	-28	5
312098	148	-31	5
312113	130	-34	5
312128	112	-34	5
312143	90	-32	5
312158	72	-28	5
312173	58	-28	5
312188	40	-21	5
312203	32	-17	5
312208	22	-11	5
312223	14	-6	5
312238	14	-10	5
312253	4	-5	5
312268	4	1	5
312283	4	8	5
312298	4	11	5
312303	9	20	5
312318	22	33	5
312334	40	42	5
312349	63	46	5
312364	90	54	5
312379	122	62	5
312396	153	69	5
312401	194	69	5
312416	234	73	5
312431	274	73	5
312446	315	68	5
312461	351	62	5
312476	387	59	5
312491	423	57	5
312511	454	54	5
312516	482	50	5
312531	513	47	5
312546	540	41	5
312561	562	34	5
312576	580	22	5
312591	594	9	5
312606	598	-6	5
312611	598	-12	5
312626	590	-16	5
312641	580	-21	5
312656	572	-22	5
312671	558	-23	5
312686	544	-22	5
312701	531	-24	5
312706	518	-25	5
312721	504	-25	5
312736	490	-22	5
312751	477	-24	5
312766	464	-24	5
312781	450	-20	5
312796	441	-11	5
312811	436	-13	5
312816	428	-10	5
312831	423	-4	5
312846	418	0	5
312861	418	3	5
312876	418	3	5
312891	418	5	5
312911	423	18	5
312916	432	31	5
312931	450	31	5
312946	468	35	5
312961	486	41	5
312976	508	51	5
312991	540	53	5
313006	567	49	5
313021	594	47	5
313026	621	51	5
313041	652	54	5
313056	680	54	5
313071	711	47	5
313086	738	42	5
313101	760	38	5
313116	783	29	5
313121	801	23	5
313136	810	18	5
313151	824	13	5
313166	828	8	5
313181	832	3	5
313196	837	-3	5
313211	837	-7	5
313216	832	-14	5
313231	828	-15	5
313246	819	-20	5
313261	806	-18	5
313276	796	-16	5
313291	788	-15	5
313306	778	-16	5
313326	770	-21	5
313331	756	-20	5
313346	747	-17	5
313361	738	-15	5
313376	729	-16	5
313391	720	-16	5
313406	711	-16	5
313421	702	-12	5
313426	693	-6	5
313441	693	3	5
313456	693	4	5
313471	693	7	5
313486	698	11	5
313501	702	12	5
313516	706	21	5
313531	720	33	5
313536	738	47	5
313551	765	59	5
313566	796	67	5
313581	837	72	5
313596	878	72	5
313611	918	71	5
313626	958	69	5
313631	994	65	5
313646	1030	62	5
313661	1066	60	5
313676	1102	62	5
313691	1134	56	5
313706	1166	45	5
313726	1192	39	5
313731	1215	32	5
313746	1233	21	5
313761	1246	6	5
313776	1246	-6	5
313791	1246	-14	5
313806	1242	-22	5
313822	1228	-26	5
313837	1215	-27	5
313842	1197	-32	5
313857	1179	-36	5
313872	1161	-36	5
313887	1138	-28	5
313902	1125	-28	5
313917	1107	-29	5
313932	1094	-26	5
313937	1076	-26	5
313952	1062	-29	5
313967	1048	-18	5
313982	1035	-3	5
313997	1035	1	5
314012	1035	-2	5
314027	1035	5	5
314032	1035	14	5
314047	1040	19	5
314062	1053	22	5
314077	1062	23	5
314092	1076	33	5
314107	1094	41	5
314127	1120	50	5
314142	1148	57	5
314147	1179	55	5
314162	1210	52	5
314177	1238	50	5
314192	1269	47	5
314207	1292	45	5
314222	1318	41	5
314237	1341	47	5
314242	1368	48	5
314257	1395	40	5
314272	1418	34	5
314287	1436	22	5
314302	1449	10	5
314317	1454	0	5
314332	1454	-10	5
314347	1454	-18	5
314352	1444	-27	5
314367	1426	-26	5
314382	1413	-29	5
314397	1395	-33	5
314412	1377	-38	5
314427	1359	-34	5
314443	1336	-27	5
314448	1323	-25	5
314463	1310	-21	5
314478	1296	-17	5
314493	1287	-17	5
314508	1278	-16	5
314523	1269	-8	5
314539	1264	-5	5
314545	1260	-5	5
314561	1260	-1	5
314576	1260	9	5
314591	1260	15	5
314606	1269	23	5
314621	1282	31	5
314636	1296	43	5
314651	1323	46	5
314656	1350	50	5
314671	1377	55	5
314686	1408	63	5
314701	1444	60	5
314716	1476	55	5
314731	1508	54	5
314746	1539	53	5
314751	1566	48	5
314766	1593	42	5
314781	1620	33	5
314796	1638	27	5
314811	1652	23	5
314826	1665	23	5
314846	1678	19	5
314851	1688	13	5
314866	1696	11	5
314881	1701	7	5
314896	1706	-1	5
314911	1706	-6	5
314926	1706	-6	5
314941	1701	-8	5
314956	1696	-16	5
314961	1688	-17	5
314976	1678	-16	5
314991	1670	-15	5
315006	1660	-13	5
315021	1656	-9	5
315036	1652	-12	5
315051	1642	-19	5
315056	1634	-23	5
315071	1620	-18	5
315086	1611	-15	5
315101	1602	-14	5
315116	1593	-4	5
315131	1588	-1	5
315146	1588	1	5
315166	1588	3	5
315171	1588	11	5
315186	1593	19	5
315201	1606	23	5
315216	1620	31	5
315231	1634	45	5
315246	1660	53	5
315261	1692	61	5
315267	1724	76	5
315282	1768	82	5
315297	1814	78	5
315313	1858	74	5
315328	1899	68	5
315343	1940	69	5
315358	1976	66	5
315363	2012	64	5
315378	2048	61	5
315393	2084	41	5
315408	2106	24	5
315423	2120	14	5
315438	2128	0	5
315453	2128	-10	5
315468	2128	-13	5
315473	2120	-16	5
315488	2110	-24	5
315503	2097	-25	5
315518	2084	-22	5
315533	2070	-26	5
315548	2056	-36	5
315563	2034	-33	5
315568	2016	-27	5
315583	2002	-25	5
315598	1989	-26	5
315613	1971	-16	5
315628	1962	-7	5
315643	1962	1	5
315663	1962	4	5
315678	1962	5	5
315683	1962	6	5
315698	1966	5	5
315713	1966	8	5
315728	1971	8	5
315743	1976	6	5
315758	1980	12	5
315773	1989	27	5
315778	2002	36	5
315793	2020	32	5
315808	2038	33	5
315823	2061	39	5
315838	2079	38	5
315853	2102	32	5
315868	2120	34	5
315873	2138	36	5
315888	2160	33	5
315903	2178	32	5
315918	2196	37	5
315933	2218	30	5
315948	2232	24	5
315964	2246	24	5
315979	2259	28	5
315985	2277	17	5
316001	2286	11	5
316017	2290	16	5
316032	2300	15	5
316047	2308	10	5
316062	2318	3	5
316077	2318	-1	5
316082	2318	-3	5
316097	2318	-9	5
316112	2313	-12	5
316127	2308	-11	5
316142	2300	-14	5
316157	2295	-12	5
316173	2286	-12	5
316178	2282	-20	5
316193	2268	-29	5
316208	2250	-24	5
316223	2236	-23	5
316238	2228	-33	5
316253	2205	-34	5
316268	2187	-22	5
316284	2174	-13	5
316289	2169	-13	5
316304	2160	-10	5
316319	2156	0	5
316334	2156	-1	5
316350	2156	4	5
316365	2156	7	5
316380	2156	17	5
316385	2164	25	5
316400	2182	34	5
316415	2200	43	5
316430	2223	46	5
316445	2250	45	5
316460	2277	51	5
316475	2304	59	5
316490	2336	54	5
316495	2367	52	5
316510	2398	58	5
316525	2430	58	5
316540	2462	50	5
316555	2488	45	5
316570	2516	44	5
316590	2538	41	5
316595	2565	36	5
316610	2583	36	5
316625	2606	33	5
316640	2624	22	5
316655	2632	15	5
316671	2642	10	5
316686	2650	4	5
316692	2650	-7	5
316707	2650	-10	5
316722	2646	-8	5
316737	2642	-13	5
316752	2632	-19	5
316767	2624	-17	5
316783	2614	-16	5
316798	2606	-16	5
316803	2596	-11	5
316818	2588	-6	5
316834	2588	-4	5
316849	2583	-4	5
316864	2583	-5	5
316879	2578	-6	5
316894	2574	-8	5
316899	2570	-3	5
316914	2570	9	5
316929	2570	15	5
316944	2578	11	5
316959	2583	6	5
316974	2588	15	5
316989	2596	15	5
316994	2606	14	5
317009	2614	17	5
317024	2624	26	5
317039	2637	27	5
317054	2650	33	5
317069	2668	38	5
317085	2691	42	5
317101	2714	35	5
317106	2736	33	5
317121	2754	27	5
317136	2768	20	5
317151	2781	16	5
317167	2790	19	5
317182	2799	17	5
317197	2808	11	5
317202	2817	12	5
317217	2822	10	5
317233	2826	2	5
317249	2830	-7	5
317265	2830	-12	5
317281	2822	-18	5
317297	2812	-26	5
317313	2799	-35	5
317318	2776	-37	5
317334	2758	-37	5
317349	2736	-37	5
317365	2714	-33	5
317380	2696	-32	5
317395	2678	-38	5
317410	2660	-42	5
317415	2632	-49	5
317430	2606	-53	5
317445	2578	-49	5
317460	2547	-41	5
317475	2524	-25	5
317490	2511	-12	5
317506	2506	-8	5
317511	2502	-3	5
317527	2498	2	5
317542	2498	-2	5
317557	2498	0	5
317572	2498	9	5
317587	2502	16	5
317602	2511	21	5
317617	2520	32	5
317622	2538	44	5
317638	2565	46	5
317654	2588	44	5
317669	2614	38	5
317684	2637	28	5
317699	2650	13	5
317714	2660	-4	5
317719	2660	-21	5
317734	2650	-42	5
317749	2624	-55	5
317764	2592	-63	5
317779	2560	-59	5
317794	2524	-58	5
317809	2493	-57	5
317824	2462	-48	5
317829	2434	-38	5
317844	2412	-33	5
317859	2394	-25	5
317874	2380	-14	5
317889	2372	-10	5
317905	2367	-6	5
317920	2362	2	5
317925	2362	10	5
317940	2367	13	5
317956	2372	18	5
317971	2385	19	5
317986	2394	13	5
318001	2403	9	5
318016	2408	-1	5
318021	2408	-15	5
318036	2403	-37	5
318051	2380	-55	5
318066	2349	-66	5
318081	2313	-69	5
318096	2272	-70	5
318111	2232	-70	5
318126	2196	-62	5
318131	2160	-60	5
318146	2124	-53	5
318161	2097	-36	5
318176	2074	-27	5
318191	2061	-25	5
318206	2048	-21	5
318221	2034	-15	5
318226	2025	-11	5
318241	2020	-12	5
318256	2012	-7	5
318271	2012	-3	5
318286	2007	-4	5
318301	2007	-3	5
318316	2002	2	5
318321	2002	2	5
318336	2002	9	5
318351	2007	9	5
318366	2012	4	5
318381	2016	-18	5
318396	2007	-39	5
318411	1984	-47	5
318431	1962	-51	5
318436	1930	-51	5
318451	1904	-46	5
318466	1876	-33	5
318481	1858	-22	5
318496	1845	-20	5
318511	1836	-19	5
318526	1822	-17	5
318531	1814	-18	5
318546	1804	-14	5
318561	1796	-3	5
318576	1796	3	5
318591	1796	5	5
318606	1796	10	5
318621	1800	23	5
318636	1814	28	5
318641	1832	30	5
318657	1845	39	5
318673	1868	49	5
318688	1894	57	5
318703	1926	60	5
318718	1962	69	5
318733	2002	69	5
318738	2038	70	5
318753	2079	66	5
318768	2115	61	5
318783	2151	57	5
318798	2182	59	5
318813	2214	59	5
318828	2250	51	5
318833	2277	44	5
318848	2304	37	5
318863	2322	34	5
318878	2340	21	5
318893	2354	-4	5
318908	2354	-12	5
318923	2349	-13	5
318938	2340	-20	5
318943	2331	-30	5
318958	2313	-28	5
318973	2300	-26	5
318988	2282	-28	5
319003	2268	-26	5
319018	2254	-31	5
319038	2236	-43	5
319043	2210	-44	5
319058	2187	-32	5
319073	2169	-31	5
319088	2151	-32	5
319103	2133	-21	5
319118	2120	-8	5
319133	2115	0	5
319148	2115	-2	5
319153	2115	-1	5
319168	2115	1	5
319183	2115	-7	5
319198	2110	-24	5
319213	2097	-42	5
319228	2074	-51	5
319243	2048	-59	5
319248	2012	-59	5
319263	1980	-49	5
319279	1953	-45	5
319294	1926	-40	5
319309	1904	-29	5
319324	1886	-17	5
319339	1876	-16	5
319344	1868	-17	5
319359	1858	-2	5
319374	1858	8	5
319389	1858	12	5
319404	1868	21	5
319419	1876	29	5
319434	1894	35	5
319454	1912	41	5
319459	1935	47	5
319474	1962	51	5
319489	1994	51	5
319504	2020	46	5
319519	2048	44	5
319534	2070	42	5
319549	2092	40	5
319554	2115	37	5
319569	2138	38	5
319584	2160	38	5
319599	2182	27	5
319614	2196	19	5
319629	2205	14	5
319644	2214	8	5
319649	2218	1	5
319664	2218	1	5
319679	2218	-2	5
319694	2218	-4	5
319709	2218	0	5
319724	2218	-12	5
319739	2214	-26	5
319754	2200	-23	5
319759	2187	-16	5
319774	2178	-25	5
319789	2164	-33	5
319804	2146	-33	5
319819	2124	-24	5
319834	2110	-20	5
319854	2102	-24	5
319859	2088	-27	5
319874	2074	-20	5
319889	2061	-5	5
319904	2056	3	5
319919	2056	3	5
319934	2056	4	5
319949	2061	10	5
319964	2066	11	5
319969	2070	-4	5
319984	2070	-26	5
319999	2061	-43	5
320014	2034	-45	5
320029	2012	-52	5
320044	1980	-55	5
320059	1948	-53	5
320064	1922	-39	5
320079	1899	-35	5
320094	1876	-40	5
320110	1854	-32	5
320125	1836	-25	5
320140	1822	-12	5
320155	1818	-4	5
320160	1814	-2	5
320175	1814	-3	5
320190	1814	7	5
320205	1814	18	5
320220	1822	20	5
320235	1832	19	5
320251	1845	27	5
320266	1858	42	5
320271	1881	50	5
320286	1912	54	5
320301	1940	53	5
320316	1971	55	5
320331	2002	56	5
320346	2034	56	5
320366	2066	50	5
320371	2092	41	5
320386	2115	36	5
320401	2138	34	5
320416	2156	31	5
320431	2174	20	5
320446	2182	11	5
320461	2192	12	5
320466	2196	11	5
320481	2205	-7	5
320496	2205	-16	5
320511	2196	-14	5
320526	2187	-13	5
320541	2178	-23	5
320556	2164	-27	5
320571	2151	-26	5
320576	2138	-27	5
320591	2120	-18	5
320606	2110	-17	5
320622	2102	-28	5
320637	2084	-29	5
320652	2070	-17	5
320667	2061	-9	5
320672	2056	-4	5
320687	2052	-4	5
320702	2052	3	5
320717	2052	5	5
320733	2052	5	5
320748	2052	2	5
320763	2056	8	5
320778	2061	17	5
320783	2070	25	5
320798	2084	32	5
320813	2102	35	5
320828	2120	34	5
320843	2138	38	5
320858	2160	37	5
320878	2182	26	5
320883	2196	18	5
320898	2205	21	5
320913	2218	21	5
320928	2232	11	5
320943	2236	5	5
320958	2241	6	5
320973	2241	4	5
320978	2246	-7	5
320993	2246	-9	5
321008	2241	-13	5
321023	2232	-14	5
321038	2223	-13	5
321053	2218	-21	5
321068	2205	-29	5
321083	2187	-29	5
321088	2174	-28	5
321103	2156	-26	5
321118	2142	-30	5
321133	2124	-28	5
321148	2110	-20	5
321163	2097	-18	5
321178	2088	-24	5
321183	2074	-29	5
321198	2056	-24	5
321213	2043	-11	5
321228	2038	-1	5
321243	2038	0	5
321258	2038	-1	5
321278	2038	-4	5
321293	2034	0	5
321298	2034	7	5
321313	2034	8	5
321328	2038	5	5
321343	2043	14	5
321358	2052	18	5
321374	2061	6	5
321389	2066	1	5
321394	2066	-3	5
321409	2066	-8	5
321425	2061	-27	5
321441	2048	-48	5
321457	2020	-61	5
321473	1984	-62	5
321489	1953	-57	5
321494	1917	-53	5
321510	1890	-52	5
321526	1858	-47	5
321542	1832	-36	5
321558	1814	-25	5
321574	1800	-25	5
321589	1786	-28	5
321605	1768	-18	5
321610	1760	-1	5
321625	1760	0	5
321640	1760	-4	5
321655	1755	8	5
321670	1755	26	5
321685	1773	35	5
321700	1791	33	5
321705	1809	34	5
321720	1827	40	5
321735	1850	43	5
321750	1876	33	5
321765	1894	5	5
321780	1899	-25	5
321795	1886	-28	5
321800	1872	-19	5
321815	1858	-18	5
321830	1850	-17	5
321845	1840	-8	5
321860	1836	-3	5
321875	1836	-4	5
321890	1832	-15	5
321905	1822	-19	5
321910	1814	-13	5
321925	1804	0	5
321940	1804	0	5
321955	1804	0	5
321970	1804	3	5
321985	1804	3	5
322000	1804	2	5
322005	1804	10	5
322020	1814	11	5
322035	1818	20	5
322050	1832	31	5
322065	1845	38	5
322080	1868	31	5
322095	1886	41	5
322110	1908	51	5
322115	1940	52	5
322130	1966	50	5
322145	1994	52	5
322160	2025	51	5
322175	2052	47	5
322190	2079	42	5
322205	2102	37	5
322210	2124	33	5
322225	2142	31	5
322240	2160	25	5
322255	2174	10	5
322270	2178	1	5
322285	2178	-4	5
322301	2178	-6	5
322306	2178	-9	5
322321	2174	-18	5
322336	2164	-21	5
322351	2151	-14	5
322366	2142	-13	5
322381	2138	-19	5
322396	2124	-23	5
322411	2110	-22	5
322416	2102	-27	5
322431	2084	-26	5
322446	2070	-24	5
322461	2056	-16	5
322477	2048	-12	5
322492	2043	-2	5
322507	2038	3	5
322512	2038	2	5
322527	2038	5	5
322542	2043	19	5
322557	2052	22	5
322572	2066	27	5
322587	2079	33	5
322602	2097	45	5
322607	2124	52	5
322622	2151	56	5
322638	2182	60	5
322653	2218	59	5
322668	2250	62	5
322683	2286	58	5
322698	2318	49	5
322718	2344	34	5
322723	2367	18	5
322738	2376	1	5
322753	2376	-9	5
322768	2376	-22	5
322783	2362	-33	5
322798	2344	-30	5
322813	2326	-23	5
322818	2313	-31	5
322833	2295	-33	5
322848	2277	-29	5
322863	2264	-29	5
322878	2246	-36	5
322894	2228	-38	5
322909	2205	-39	5
322924	2182	-37	5
322929	2160	-27	5
322944	2146	-20	5
322959	2133	-14	5
322974	2128	-4	5
322989	2124	5	5
323004	2124	3	5
323019	2124	-3	5
323024	2124	4	5
323039	2124	10	5
323055	2133	14	5
323070	2138	5	5
323085	2142	-10	5
323101	2142	-22	5
323117	2128	-39	5
323122	2106	-55	5
323137	2074	-60	5
323152	2043	-50	5
323167	2012	-45	5
323182	1989	-46	5
323197	1962	-53	5
323212	1930	-57	5
323227	1899	-54	5
323232	1872	-39	5
323247	1850	-29	5
323262	1832	-30	5
323277	1814	-24	5
323292	1800	-14	5
323307	1796	-19	5
323322	1782	-36	5
323327	1764	-52	5
323342	1732	-63	5
323357	1696	-71	5
323372	1656	-72	5
323387	1616	-68	5
323402	1580	-57	5
323422	1548	-40	5
323437	1526	-28	5
323442	1508	-15	5
323457	1498	-3	5
323472	1498	10	5
323487	1498	24	5
323502	1512	34	5
323517	1534	44	5
323532	1557	51	5
323537	1588	65	5
323552	1624	81	5
323567	1670	87	5
323582	1719	87	5
323597	1768	86	5
323612	1814	83	5
323627	1863	76	5
323632	1904	70	5
323647	1944	68	5
323662	1980	63	5
323677	2016	67	5
323692	2056	64	5
323707	2092	52	5
323722	2120	43	5
323742	2146	41	5
323747	2169	34	5
323762	2187	24	5
323777	2200	13	5
323792	2210	4	5
323807	2210	-4	5
323822	2210	-13	5
323837	2205	-19	5
323842	2192	-22	5
323857	2182	-20	5
323872	2169	-31	5
323887	2151	-40	5
323902	2128	-39	5
323917	2106	-36	5
323932	2088	-30	5
323937	2070	-28	5
323952	2056	-27	5
323967	2038	-31	5
323982	2020	-28	5
323997	2007	-24	5
324012	1994	-22	5
324027	1980	-14	5
324042	1971	1	5
324047	1971	6	5
324062	1971	5	5
324077	1976	8	5
324092	1980	15	5
324108	1989	21	5
324123	2002	33	5
324138	2020	46	5
324143	2043	50	5
324158	2074	47	5
324173	2102	40	5
324188	2124	27	5
324203	2138	8	5
324218	2142	-21	5
324233	2133	-47	5
324253	2106	-54	5
324258	2079	-54	5
324273	2048	-56	5
324288	2016	-57	5
324303	1984	-51	5
324318	1953	-51	5
324334	1926	-50	5
324349	1899	-46	5
324354	1872	-45	5
324369	1845	-38	5
324384	1827	-29	5
324399	1809	-22	5
324414	1796	-27	5
324429	1782	-25	5
324445	1768	-12	5
324450	1760	-4	5
324465	1760	1	5
324480	1760	7	5
324495	1760	7	5
324510	1764	7	5
324525	1768	-8	5
324540	1764	-25	5
324555	1750	-41	5
324560	1728	-49	5
324575	1701	-51	5
324590	1674	-53	5
324605	1642	-46	5
324620	1616	-45	5
324635	1593	-44	5
324650	1566	-47	5
324655	1539	-55	5
324670	1508	-60	5
324685	1476	-56	5
324700	1444	-54	5
324715	1413	-62	5
324730	1377	-70	5
324750	1341	-69	5
324755	1300	-63	5
324770	1264	-56	5
324785	1233	-41	5
324800	1210	-31	5
324815	1192	-26	5
324830	1179	-14	5
324845	1170	-1	5
324860	1170	6	5
324865	1170	9	5
324880	1174	21	5
324895	1188	29	5
324910	1202	26	5
324925	1220	24	5
324940	1233	30	5
324955	1246	44	5
324960	1274	53	5
324975	1300	53	5
324990	1332	57	5
325005	1364	65	5
325020	1400	71	5
325035	1440	69	5
325050	1480	63	5
325070	1516	58	5
325075	1548	54	5
325090	1580	48	5
325105	1606	36	5
325120	1624	26	5
325135	1638	24	5
325150	1652	23	5
325165	1665	13	5
325170	1674	-7	5
325185	1674	-16	5
325200	1665	-18	5
325215	1656	-21	5
325230	1642	-25	5
325245	1629	-28	5
325260	1611	-30	5
325265	1598	-32	5
325280	1580	-34	5
325295	1557	-40	5
325310	1534	-49	5
325325	1508	-44	5
325340	1485	-29	5
325355	1467	-19	5
325370	1458	-12	5
325375	1449	-11	5
325390	1444	0	5
325405	1444	6	5
325420	1444	9	5
325435	1449	11	5
325450	1454	18	5
325471	1467	21	5
325476	1476	25	5
325491	1490	31	5
325506	1508	28	5
325522	1526	31	5
325537	1544	39	5
325552	1562	41	5
325568	1588	30	5
325584	1602	27	5
325589	1620	28	5
325604	1634	24	5
325619	1647	16	5
325634	1656	9	5
325649	1660	9	5
325664	1665	5	5
325679	1670	1	5
325684	1670	-3	5
325699	1670	-9	5
325714	1670	-18	5
325729	1656	-15	5
325745	1647	-21	5
325760	1638	-27	5
325775	1620	-30	5
325780	1606	-23	5
325795	1593	-18	5
325810	1584	-26	5
325825	1566	-34	5
325840	1548	-33	5
325855	1530	-24	5
325870	1516	-26	5
325885	1503	-24	5
325890	1490	-18	5
325905	1476	-5	5
325920	1476	-1	5
325935	1476	-2	5
325950	1472	-2	5
325965	1472	-3	5
325980	1472	8	5
325985	1472	19	5
326000	1480	17	5
326015	1490	12	5
326030	1498	19	5
326045	1508	30	5
326060	1526	31	5
326075	1544	30	5
326080	1562	29	5
326095	1575	35	5
326110	1598	37	5
326125	1616	35	5
326140	1638	36	5
326155	1656	35	5
326170	1678	29	5
326190	1692	28	5
326195	1710	28	5
326210	1724	28	5
326225	1742	27	5
326240	1755	25	5
326255	1768	22	5
326270	1782	9	5
326285	1786	8	5
326290	1791	9	5
326305	1796	2	5
326320	1796	-10	5
326335	1796	-15	5
326350	1786	-18	5
326365	1778	-24	5
326380	1764	-28	5
326395	1746	-29	5
326400	1732	-33	5
326415	1714	-28	5
326430	1696	-22	5
326445	1683	-24	5
326460	1670	-25	5
326475	1656	-29	5
326490	1642	-27	5
326495	1624	-24	5
326511	1611	-22	5
326526	1602	-16	5
326541	1593	-4	5
326556	1588	-4	5
326571	1588	-4	5
326586	1584	0	5
326591	1584	6	5
326606	1584	6	5
326621	1588	16	5
326636	1598	27	5
326651	1611	31	5
326666	1629	31	5
326686	1647	39	5
326701	1670	48	5
326706	1696	50	5
326721	1724	53	5
326736	1755	58	5
326751	1786	56	5
326766	1818	53	5
326781	1845	57	5
326796	1881	62	5
326801	1912	56	5
326816	1944	50	5
326831	1976	43	5
326846	1998	34	5
326861	2016	23	5
326876	2030	15	5
326891	2038	13	5
326906	2048	6	5
326911	2048	-2	5
326926	2048	-6	5
326941	2048	-9	5
326956	2043	-14	5
326971	2034	-19	5
326986	2025	-16	5
327002	2016	-17	5
327007	2007	-20	5
327022	1994	-20	5
327037	1984	-20	5
327052	1971	-22	5
327067	1962	-31	5
327082	1944	-32	5
327098	1926	-29	5
327104	1908	-25	5
327120	1894	-17	5
327136	1886	-12	5
327152	1876	-11	5
327167	1872	-10	5
327183	1868	-4	5
327198	1863	3	5
327213	1863	10	5
327218	1868	20	5
327234	1876	26	5
327249	1894	29	5
327264	1908	31	5
327279	1926	36	5
327294	1948	43	5
327309	1971	53	5
327314	2002	62	5
327329	2034	67	5
327344	2074	71	5
327359	2115	62	5
327374	2146	44	5
327389	2174	39	5
327404	2196	30	5
327409	2214	29	5
327424	2228	27	5
327439	2246	30	5
327455	2259	29	5
327470	2277	22	5
327485	2290	17	5
327500	2300	5	5
327515	2300	-4	5
327520	2300	-8	5
327535	2300	-20	5
327550	2286	-28	5
327565	2272	-32	5
327580	2254	-33	5
327595	2236	-32	5
327610	2218	-34	5
327615	2196	-37	5
327630	2178	-35	5
327645	2156	-31	5
327660	2142	-31	5
327675	2124	-36	5
327690	2102	-29	5
327710	2088	-21	5
327725	2074	-16	5
327730	2066	-16	5
327745	2056	-18	5
327760	2048	-22	5
327775	2034	-22	5
327790	2020	-21	5
327805	2012	-19	5
327820	1998	-29	5
327825	1984	-41	5
327840	1958	-56	5
327855	1926	-68	5
327870	1890	-70	5
327885	1850	-66	5
327900	1814	-65	5
327915	1778	-61	5
327920	1742	-55	5
327935	1710	-48	5
327950	1683	-42	5
327965	1660	-34	5
327980	1642	-30	5
327995	1624	-20	5
328010	1616	-9	5
328030	1606	-3	5
328035	1606	-1	5
328050	1606	11	5
328065	1606	17	5
328080	1620	22	5
328095	1629	26	5
328110	1647	36	5
328125	1665	42	5
328130	1688	43	5
328145	1714	44	5
328160	1737	46	5
328175	1764	47	5
328190	1791	52	5
328205	1818	51	5
328220	1850	46	5
328225	1872	41	5
328240	1899	32	5
328255	1917	22	5
328270	1926	15	5
328285	1935	4	5
328300	1940	3	5
328315	1940	1	5
328330	1940	-1	5
328335	1940	-13	5
328350	1935	-17	5
328365	1926	-21	5
328380	1917	-28	5
328395	1899	-33	5
328411	1881	-30	5
328426	1863	-30	5
328432	1845	-32	5
328448	1827	-30	5
328464	1814	-29	5
328479	1796	-23	5
328494	1782	-21	5
328509	1773	-19	5
328524	1760	-18	5
328539	1750	-14	5
328544	1742	-5	5
328559	1742	-4	5
328574	1737	-1	5
328589	1737	6	5
328604	1737	15	5
328619	1746	20	5
328634	1755	21	5
328639	1768	20	5
328654	1778	18	5
328669	1791	17	5
328684	1800	13	5
328699	1804	15	5
328714	1814	18	5
328729	1822	18	5
328734	1836	1	5
328749	1836	-19	5
328764	1827	-39	5
328779	1804	-50	5
328794	1778	-49	5
328809	1750	-48	5
328829	1724	-49	5
328844	1696	-46	5
328849	1670	-42	5
328864	1647	-39	5
328880	1624	-37	5
328895	1602	-33	5
328910	1584	-25	5
328925	1570	-16	5
328940	1562	-6	5
328945	1557	-4	5
328960	1557	-3	5
328975	1557	3	5
328990	1557	15	5
329005	1562	26	5
329020	1575	31	5
329035	1593	31	5
329050	1611	31	5
329055	1629	31	5
329070	1647	31	5
329085	1665	26	5
329100	1678	32	5
329115	1696	42	5
329130	1719	47	5
329150	1746	46	5
329155	1773	41	5
329170	1796	37	5
329185	1814	38	5
329200	1836	39	5
329215	1858	37	5
329230	1881	26	5
329245	1894	21	5
329250	1908	22	5
329265	1917	21	5
329280	1930	21	5
329295	1944	19	5
329310	1953	15	5
329325	1962	13	5
329341	1966	5	5
329356	1971	3	5
329361	1971	1	5
329376	1976	-4	5
329391	1976	-9	5
329406	1971	-11	5
329421	1962	-7	5
329436	1962	-15	5
329451	1953	-22	5
329456	1940	-24	5
329471	1926	-23	5
329486	1912	-28	5
329501	1899	-26	5
329516	1881	-25	5
329531	1868	-26	5
329546	1854	-25	5
329551	1840	-21	5
329566	1827	-21	5
329581	1818	-22	5
329596	1804	-21	5
329611	1791	-8	5
329626	1786	-1	5
329646	1786	1	5
329661	1786	2	5
329666	1786	9	5
329681	1791	15	5
329696	1800	23	5
329711	1809	34	5
329726	1832	45	5
329741	1854	54	5
329756	1886	57	5
329761	1917	62	5
329776	1953	63	5
329792	1989	60	5
329808	2020	53	5
329823	2052	48	5
329838	2079	49	5
329853	2106	46	5
329868	2133	43	5
329874	2156	38	5
329889	2178	30	5
329904	2196	28	5
329919	2210	24	5
329934	2223	14	5
329949	2232	6	5
329964	2236	1	5
329969	2236	-7	5
329984	2236	-21	5
329999	2223	-23	5
330014	2210	-23	5
330029	2196	-25	5
330044	2182	-35	5
330059	2164	-41	5
330064	2142	-43	5
330079	2115	-44	5
330094	2092	-43	5
330109	2070	-40	5
330124	2048	-36	5
330139	2025	-34	5
330154	2007	-27	5
330169	1989	-26	5
330174	1976	-24	5
330189	1962	-24	5
330205	1948	-22	5
330220	1935	-17	5
330235	1926	-19	5
330250	1917	-17	5
330265	1908	-11	5
330270	1899	-5	5
330285	1899	0	5
330300	1899	15	5
330315	1904	20	5
330330	1912	17	5
330345	1922	11	5
330365	1930	20	5
330370	1940	27	5
330385	1958	34	5
330400	1976	35	5
330415	1994	42	5
330430	2020	49	5
330445	2048	48	5
330460	2074	34	5
330475	2092	21	5
330480	2106	2	5
330495	2106	-16	5
330510	2102	-31	5
330525	2084	-44	5
330540	2056	-54	5
330555	2030	-56	5
330570	1998	-49	5
330575	1966	-50	5
330590	1940	-52	5
330605	1912	-47	5
330620	1886	-45	5
330635	1858	-42	5
330650	1836	-42	5
330670	1814	-39	5
330685	1791	-39	5
330690	1768	-29	5
330705	1750	-15	5
330720	1742	-5	5
330735	1742	-4	5
330750	1737	-5	5
330765	1737	-3	5
330780	1732	8	5
330785	1732	13	5
330800	1742	19	5
330815	1750	17	5
330830	1764	9	5
330845	1768	-11	5
330860	1764	-39	5
330875	1742	-61	5
330880	1710	-63	5
330895	1674	-61	5
330910	1638	-60	5
330925	1606	-65	5
330940	1570	-63	5
330955	1534	-54	5
330970	1503	-47	5
330990	1476	-46	5
330995	1449	-41	5
331010	1426	-29	5
331025	1413	-16	5
331040	1404	-14	5
331055	1395	-12	5
331070	1386	-14	5
331085	1382	-23	5
331090	1368	-36	5
331105	1346	-51	5
331120	1318	-63	5
331135	1282	-65	5
331150	1246	-56	5
331165	1215	-47	5
331180	1188	-41	5
331195	1166	-31	5
331200	1148	-22	5
331216	1134	-14	5
331232	1125	-13	5
331248	1120	-8	5
331263	1116	-7	5
331278	1112	-15	5
331293	1102	-29	5
331298	1084	-45	5
331313	1062	-55	5
331328	1030	-60	5
331343	994	-50	5
331358	968	-35	5
331373	950	-22	5
331388	936	-16	5
331393	927	-10	5
331408	922	-3	5
331423	918	1	5
331438	918	7	5
331453	922	20	5
331468	932	30	5
331483	950	35	5
331499	968	41	5
331504	990	51	5
331519	1022	67	5
331534	1058	76	5
331549	1102	77	5
331564	1143	75	5
331579	1188	73	5
331594	1228	73	5
331599	1269	67	5
331614	1305	55	5
331629	1336	48	5
331644	1364	47	5
331659	1390	47	5
331674	1418	42	5
331689	1440	35	5
331694	1458	28	5
331709	1476	24	5
331724	1490	13	5
331739	1498	-4	5
331755	1498	-18	5
331770	1490	-26	5
331785	1472	-25	5
331805	1458	-27	5
331810	1444	-34	5
331825	1426	-38	5
331840	1404	-35	5
331855	1386	-39	5
331870	1364	-42	5
331886	1336	-43	5
331901	1314	-37	5
331906	1292	-34	5
331921	1274	-38	5
331936	1251	-38	5
331952	1233	-38	5
331967	1210	-29	5
331982	1192	-24	5
331997	1179	-19	5
332012	1170	-16	5
332017	1161	-15	5
332032	1152	-11	5
332047	1148	-10	5
332062	1138	-9	5
332077	1134	-1	5
332092	1134	12	5
332107	1138	27	5
332112	1152	32	5
332127	1170	27	5
332142	1188	14	5
332157	1192	-5	5
332172	1192	-25	5
332187	1179	-42	5
332202	1156	-50	5
332207	1130	-48	5
332222	1102	-36	5
332237	1080	-27	5
332252	1066	-20	5
332267	1058	-16	5
332282	1048	-12	5
332302	1040	-15	5
332317	1030	-22	5
332322	1017	-16	5
332337	1008	-7	5
332352	1008	-1	5
332367	1004	-7	5
332382	1004	-13	5
332397	994	-28	5
332412	976	-42	5
332417	954	-49	5
332432	927	-57	5
332447	896	-52	5
332462	864	-48	5
332477	837	-43	5
332492	814	-35	5
332507	796	-31	5
332512	778	-19	5
332527	765	-6	5
332542	765	-2	5
332557	760	-1	5
332572	760	6	5
332587	760	17	5
332602	770	20	5
332617	783	15	5
332622	792	16	5
332637	801	20	5
332652	810	13	5
332667	819	-5	5
332682	819	-22	5
332697	806	-37	5
332717	788	-46	5
332722	760	-43	5
332737	738	-32	5
332752	720	-24	5
332767	706	-16	5
332782	698	-6	5
332797	693	-1	5
332812	693	-6	5
332827	688	-2	5
332833	688	3	5
332848	688	7	5
332863	688	11	5
332878	693	22	5
332893	706	38	5
332908	729	39	5
332923	752	43	5
332928	774	46	5
332943	801	53	5
332958	832	54	5
332973	860	54	5
332988	891	61	5
333003	927	62	5
333018	958	61	5
333023	994	53	5
333038	1026	48	5
333053	1053	41	5
333068	1076	42	5
333083	1098	40	5
333098	1120	33	5
333113	1138	22	5
333133	1152	18	5
333138	1161	9	5
333153	1166	-2	5
333168	1166	-10	5
333183	1166	-18	5
333198	1152	-23	5
333213	1143	-28	5
333228	1125	-30	5
333233	1107	-35	5
333248	1089	-39	5
333263	1066	-38	5
333278	1044	-37	5
333295	1026	-40	5
333310	1004	-43	5
333325	976	-46	5
333340	954	-45	5
333345	927	-35	5
333360	909	-29	5
333375	891	-22	5
333390	878	-18	5
333406	868	-16	5
333422	860	-14	5
333437	850	-9	5
333442	846	-5	5
333457	842	-2	5
333472	842	8	5
333487	842	23	5
333502	855	29	5
333517	873	38	5
333532	896	52	5
333537	922	64	5
333552	958	65	5
333567	994	60	5
333582	1030	65	5
333597	1066	68	5
333612	1102	67	5
333627	1143	58	5
333642	1174	47	5
333647	1202	35	5
333662	1220	25	5
333678	1233	18	5
333693	1246	10	5
333708	1251	9	5
333723	1256	3	5
333739	1256	-5	5
333744	1256	-11	5
333759	1251	-22	5
333774	1238	-29	5
333789	1224	-33	5
333804	1206	-38	5
333819	1184	-47	5
333834	1156	-44	5
333839	1134	-41	5
333854	1107	-41	5
333869	1084	-42	5
333884	1062	-36	5
333900	1044	-32	5
333915	1026	-25	5
333930	1008	-22	5
333945	999	-19	5
333950	986	-20	5
333965	976	-10	5
333980	972	-8	5
333995	968	-12	5
334010	958	-9	5
334026	954	0	5
334041	954	10	5
334046	954	15	5
334061	963	21	5
334076	976	30	5
334091	994	39	5
334106	1012	48	5
334121	1040	50	5
334141	1071	54	5
334156	1098	57	5
334161	1134	61	5
334176	1166	64	5
334191	1202	59	5
334206	1238	51	5
334221	1264	43	5
334236	1287	40	5
334251	1310	35	5
334256	1332	32	5
334271	1350	31	5
334286	1368	34	5
334301	1386	29	5
334316	1400	19	5
334331	1413	5	5
334346	1413	-5	5
334351	1413	-14	5
334367	1408	-21	5
334382	1395	-29	5
334397	1382	-34	5
334412	1359	-29	5
334427	1346	-27	5
334442	1328	-29	5
334457	1314	-38	5
334462	1292	-37	5
334477	1269	-34	5
334493	1251	-27	5
334508	1238	-24	5
334523	1224	-19	5
334538	1210	-12	5
334553	1206	-3	5
334558	1206	1	5
334573	1206	-3	5
334589	1202	2	5
334604	1202	12	5
334619	1206	17	5
334634	1215	17	5
334649	1224	16	5
334669	1233	23	5
334674	1246	38	5
334689	1269	49	5
334704	1296	51	5
334719	1328	50	5
334734	1354	57	5
334749	1386	64	5
334764	1422	57	5
334769	1454	50	5
334784	1480	50	5
334799	1512	47	5
334814	1534	47	5
334829	1562	35	5
334844	1584	27	5
334859	1598	24	5
334864	1611	20	5
334879	1624	5	5
334894	1624	-13	5
334909	1620	-20	5
334924	1611	-21	5
334939	1598	-19	5
334954	1588	-23	5
334974	1575	-31	5
334979	1557	-31	5
334994	1539	-26	5
335010	1526	-29	5
335025	1508	-40	5
335040	1485	-46	5
335055	1462	-41	5
335070	1440	-30	5
335075	1422	-25	5
335090	1408	-22	5
335105	1395	-17	5
335120	1386	-10	5
335135	1382	-3	5
335150	1377	1	5
335165	1377	4	5
335170	1377	17	5
335185	1386	27	5
335200	1400	35	5
335215	1422	33	5
335230	1440	26	5
335245	1454	24	5
335260	1467	15	5
335275	1476	-8	5
335280	1476	-35	5
335295	1458	-57	5
335310	1422	-68	5
335325	1386	-71	5
335340	1346	-69	5
335356	1305	-66	5
335371	1269	-55	5
335376	1238	-43	5
335391	1215	-36	5
335406	1192	-34	5
335421	1174	-31	5
335436	1156	-21	5
335451	1148	-11	5
335466	1138	-6	5
335481	1138	-2	5
335486	1134	3	5
335501	1134	6	5
335516	1138	5	5
335531	1138	3	5
335546	1143	8	5
335561	1148	20	5
335581	1156	26	5
335586	1170	28	5
335601	1188	28	5
335616	1202	37	5
335631	1224	44	5
335646	1246	44	5
335661	1274	41	5
335676	1296	41	5
335681	1318	45	5
335696	1346	48	5
335711	1372	40	5
335726	1395	30	5
335741	1413	28	5
335756	1426	25	5
335771	1440	18	5
335786	1449	10	5
335791	1458	-1	5
335806	1458	-21	5
335821	1449	-37	5
335836	1426	-56	5
335851	1395	-70	5
335866	1354	-73	5
335881	1314	-72	5
335886	1274	-62	5
335901	1242	-49	5
335916	1210	-43	5
335931	1188	-40	5
335946	1166	-39	5
335961	1143	-32	5
335981	1125	-21	5
335986	1116	-12	5
336001	1107	-3	5
336016	1107	3	5
336031	1107	12	5
336046	1112	21	5
336061	1120	35	5
336076	1143	42	5
336091	1166	51	5
336096	1192	57	5
336111	1224	57	5
336126	1260	49	5
336141	1287	57	5
336156	1318	61	5
336171	1350	60	5
336186	1386	51	5
336192	1413	51	5
336207	1444	46	5
336222	1467	44	5
336237	1494	42	5
336252	1516	36	5
336267	1539	25	5
336282	1552	25	5
336297	1566	21	5
336302	1580	10	5
336317	1584	-1	5
336332	1584	-8	5
336347	1584	-9	5
336362	1575	-14	5
336378	1570	-20	5
336393	1557	-13	5
336398	1552	1	5
336413	1552	12	5
336428	1552	21	5
336443	1566	40	5
336458	1588	66	5
336478	1624	87	5
336493	1674	105	5
336498	1732	116	5
336513	1800	120	5
336528	1868	120	5
336543	1935	110	5
336558	1994	96	5
336573	2048	79	5
336588	2092	74	5
336603	2138	69	5
336608	2174	57	5
336623	2205	49	5
336639	2232	47	5
336654	2259	43	5
336669	2286	33	5
336684	2304	21	5
336699	2313	14	5
336704	2322	5	5
336720	2326	1	5
336736	2326	-6	5
336752	2326	-10	5
336768	2322	-12	5
336784	2313	-12	5
336799	2308	-13	5
336814	2300	-17	5
336819	2290	-22	5
336834	2277	-20	5
336849	2268	-14	5
336864	2259	-14	5
336879	2250	-22	5
336894	2241	-20	5
336910	2228	-13	5
336915	2218	-12	5
336930	2214	-9	5
336945	2210	12	5
336960	2210	39	5
336975	2232	67	5
336990	2272	97	5
337005	2326	114	5
337010	2390	111	5
337025	2452	107	5
337040	2511	103	5
337055	2570	98	5
337070	2624	90	5
337085	2678	81	5
337101	2722	68	5
337116	2758	59	5
337121	2794	52	5
337136	2822	45	5
337151	2848	36	5
337167	2866	27	5
337182	2884	14	5
337197	2889	7	5
337212	2894	1	5
337217	2894	-15	5
337232	2889	-22	5
337247	2880	-21	5
337262	2866	-23	5
337277	2853	-24	5
337292	2840	-29	5
337307	2826	-24	5
337312	2812	-27	5
337327	2794	-24	5
337342	2781	-20	5
337358	2772	-19	5
337373	2758	-14	5
337388	2754	-7	5
337403	2750	-10	5
337418	2740	-10	5
337423	2736	-3	5
337438	2736	8	5
337453	2736	9	5
337468	2740	10	5
337483	2745	21	5
337498	2758	30	5
337513	2776	40	5
337518	2799	45	5
337533	2822	50	5
337548	2853	59	5
337563	2884	62	5
337578	2920	64	5
337593	2956	67	5
337613	2992	63	5
337628	3028	56	5
337633	3060	51	5
337648	3087	50	5
337663	3118	50	5
337678	3146	42	5
337693	3168	42	5
337709	3190	30	5
337724	3208	21	5
337729	3222	20	5
337744	3231	21	5
337760	3244	21	5
337775	3254	12	5
337790	3262	8	5
337805	3267	-4	5
337820	3267	-16	5
337825	3258	-17	5
337840	3249	-15	5
337855	3240	-19	5
337870	3231	-22	5
337885	3218	-19	5
337900	3208	-5	5
337917	3204	11	5
337932	3208	38	5
337937	3226	77	5
337952	3272	116	5
337967	3339	140	5
337982	3416	137	5
337997	3492	125	5
338012	3564	107	5
338027	22	96	5
338032	76	90	5
338047	126	81	5
338062	176	72	5
338077	216	66	5
338092	252	64	5
338107	288	53	5
338122	315	39	5
338128	338	39	5
338144	360	41	5
338160	382	27	5
338176	400	14	5
338192	405	7	5
338207	410	-1	5
338222	410	-16	5
338237	405	-23	5
338242	392	-26	5
338257	378	-26	5
338272	364	-23	5
338288	351	-21	5
338303	338	-28	5
338318	324	-31	5
338333	306	-30	5
338338	288	-24	5
338353	274	-29	5
338368	256	-34	5
338383	238	-26	5
338398	225	-11	5
338413	220	-4	5
338428	216	-2	5
338443	216	-1	5
338448	216	10	5
338463	216	14	5
338478	225	20	5
338493	234	24	5
338508	248	21	5
338523	261	20	5
338538	270	30	5
338543	288	35	5
338558	310	31	5
338573	324	34	5
338588	346	39	5
338603	369	32	5
338618	387	21	5
338633	396	13	5
338638	405	14	5
338653	414	11	5
338668	418	5	5
338683	423	-2	5
338698	423	-7	5
338713	418	-8	5
338733	414	-14	5
338748	410	-14	5
338753	400	-20	5
338768	387	-25	5
338783	374	-24	5
338798	360	-22	5
338813	346	-28	5
338828	333	-31	5
338843	315	-21	5
338848	302	-17	5
338863	292	-18	5
338878	284	-9	5
338893	279	4	5
338908	279	6	5
338923	279	4	5
338938	284	12	5
338953	288	16	5
338958	297	22	5
338973	310	32	5
338989	328	41	5
339004	351	46	5
339019	378	49	5
339034	405	60	5
339049	441	67	5
339054	477	67	5
339069	513	66	5
339084	554	69	5
339099	590	68	5
339114	630	54	5
339129	657	47	5
339149	684	48	5
339154	711	41	5
339169	734	31	5
339184	752	26	5
339199	770	23	5
339214	778	17	5
339229	792	8	5
339244	796	5	5
339259	796	-5	5
339264	796	-16	5
339279	788	-21	5
339294	778	-18	5
339309	770	-22	5
339324	756	-28	5
339339	738	-28	5
339354	724	-29	5
339359	706	-30	5
339374	688	-28	5
339389	675	-23	5
339404	662	-27	5
339419	648	-29	5
339434	630	-21	5
339449	616	-9	5
339454	612	-4	5
339469	612	0	5
339484	612	13	5
339499	616	25	5
339514	630	22	5
339529	639	23	5
339549	652	40	5
339564	675	52	5
339569	706	58	5
339584	738	68	5
339599	778	84	5
339614	824	92	5
339629	878	94	5
339644	927	94	5
339659	981	85	5
339664	1030	73	5
339679	1071	75	5
339694	1112	68	5
339709	1152	56	5
339724	1184	47	5
339739	1210	40	5
339754	1233	40	5
339769	1256	30	5
339774	1269	23	5
339789	1282	12	5
339805	1292	1	5
339820	1292	-9	5
339835	1292	-18	5
339850	1278	-21	5
339865	1269	-27	5
339870	1251	-28	5
339885	1238	-22	5
339900	1224	-19	5
339915	1215	-26	5
339930	1197	-25	5
339945	1184	-10	5
339965	1179	-6	5
339970	1174	-10	5
339985	1170	-10	5
340000	1166	-4	5
340015	1161	-3	5
340030	1161	3	5
340045	1161	5	5
340060	1161	1	5
340075	1161	4	5
340080	1166	9	5
340095	1170	13	5
340111	1174	14	5
340126	1184	21	5
340141	1197	31	5
340156	1215	36	5
340171	1233	37	5
340176	1256	38	5
340191	1278	48	5
340206	1305	58	5
340221	1336	50	5
340236	1364	37	5
340251	1386	32	5
340266	1404	31	5
340271	1422	22	5
340286	1431	12	5
340301	1440	2	5
340316	1440	-1	5
340331	1440	6	5
340346	1444	7	5
340361	1449	-10	5
340381	1444	-20	5
340386	1436	-2	5
340401	1431	11	5
340416	1436	-1	5
340431	1436	-17	5
340446	1431	-15	5
340461	1422	-7	5
340476	1418	-12	5
340481	1408	-12	5
340496	1404	-8	5
340511	1400	2	5
340526	1400	6	5
340541	1400	-2	5
340556	1400	-4	5
340571	1400	-2	5
340586	1400	8	5
340591	1400	16	5
340606	1408	22	5
340621	1422	11	5
340636	1426	19	5
340651	1436	44	5
340666	1462	42	5
340681	1485	24	5
340686	1498	30	5
340701	1516	48	5
340716	1544	55	5
340731	1575	55	5
340746	1606	54	5
340761	1634	47	5
340781	1660	46	5
340786	1688	43	5
340801	1710	28	5
340816	1728	17	5
340831	1737	27	5
340846	1750	31	5
340861	1768	17	5
340876	1778	0	5
340891	1778	1	5
340896	1782	8	5
340911	1786	4	5
340928	1786	-11	5
340944	1786	-22	5
340960	1773	-18	5
340976	1764	-21	5
340991	1750	-27	5
340996	1737	-20	5
341011	1724	-15	5
341026	1714	-18	5
341041	1706	-11	5
341056	1701	-4	5
341071	1696	-7	5
341086	1692	-10	5
341101	1688	-1	5
341106	1688	0	5
341121	1688	-8	5
341136	1683	-1	5
341151	1683	14	5
341166	1688	19	5
341181	1696	22	5
341196	1710	29	5
341201	1724	37	5
341216	1746	41	5
341231	1768	51	5
341246	1796	64	5
341261	1832	65	5
341276	1872	63	5
341291	1904	66	5
341296	1944	71	5
341311	1984	63	5
341326	2016	52	5
341341	2048	53	5
341356	2079	54	5
341371	2106	47	5
341386	2133	33	5
341401	2151	32	5
341406	2169	26	5
341421	2187	13	5
341436	2192	2	5
341451	2192	-6	5
341466	2192	-15	5
341481	2187	-15	5
341501	2178	-7	5
341506	2174	-15	5
341521	2164	-19	5
341536	2156	-10	5
341551	2146	-8	5
341566	2142	-21	5
341581	2133	-29	5
341596	2115	-21	5
341601	2106	-14	5
341616	2097	-17	5
341631	2088	-13	5
341646	2079	-6	5
341661	2074	4	5
341676	2074	9	5
341691	2079	16	5
341707	2088	28	5
341712	2106	30	5
341727	2120	28	5
341743	2138	31	5
341758	2156	30	5
341773	2169	22	5
341788	2182	30	5
341803	2200	38	5
341808	2223	39	5
341823	2246	32	5
341838	2264	31	5
341853	2277	32	5
341868	2295	22	5
341883	2308	18	5
341898	2318	14	5
341913	2326	7	5
341918	2331	8	5
341933	2336	11	5
341948	2340	-3	5
341963	2340	-17	5
341978	2336	-12	5
341993	2326	-2	5
342013	2326	-8	5
342018	2322	-20	5
342033	2313	-20	5
342048	2300	-10	5
342063	2295	-14	5
342078	2286	-27	5
342093	2272	-23	5
342108	2259	-13	5
342113	2250	-11	5
342128	2246	-13	5
342143	2236	-14	5
342159	2228	-11	5
342174	2223	-5	5
342189	2218	8	5
342204	2223	10	5
342219	2228	8	5
342224	2232	14	5
342239	2241	30	5
342254	2254	36	5
342269	2277	30	5
342284	2295	42	5
342299	2318	56	5
342314	2349	58	5
342319	2380	56	5
342334	2412	64	5
342349	2448	67	5
342364	2484	63	5
342379	2520	55	5
342394	2552	47	5
342410	2578	41	5
342415	2601	34	5
342430	2619	39	5
342446	2642	33	5
342461	2660	17	5
342476	2673	7	5
342491	2673	11	5
342506	2682	7	5
342521	2686	-7	5
342526	2686	-14	5
342541	2678	-7	5
342556	2673	-8	5
342571	2668	-18	5
342586	2660	-11	5
342601	2650	-9	5
342621	2646	-10	5
342626	2642	-7	5
342641	2637	-7	5
342656	2632	-17	5
342671	2624	-23	5
342686	2610	-14	5
342701	2606	-3	5
342716	2601	-7	5
342731	2596	-6	5
342736	2596	1	5
342751	2596	13	5
342766	2596	16	5
342781	2606	17	5
342796	2619	13	5
342811	2624	18	5
342826	2632	37	5
342831	2655	49	5
342846	2682	46	5
342861	2709	42	5
342876	2732	50	5
342891	2758	62	5
342906	2794	60	5
342921	2830	46	5
342926	2853	50	5
342941	2884	59	5
342956	2916	53	5
342971	2948	38	5
342986	2966	38	5
343001	2988	35	5
343022	3010	23	5
343037	3020	6	5
343042	3024	-4	5
343057	3024	-19	5
343072	3015	-16	5
343087	3006	-9	5
343102	3002	-15	5
343118	2992	-26	5
343133	2979	-23	5
343138	2966	-17	5
343153	2956	-28	5
343168	2938	-37	5
343183	2920	-33	5
343198	2902	-24	5
343213	2889	-22	5
343228	2876	-27	5
343243	2862	-25	5
343248	2844	-13	5
343263	2840	0	5
343278	2840	2	5
343293	2840	2	5
343308	2840	4	5
343323	2840	7	5
343338	2844	13	5
343343	2848	16	5
343358	2858	9	5
343373	2866	19	5
343388	2876	42	5
343403	2898	53	5
343418	2930	46	5
343433	2956	52	5
343438	2984	62	5
343453	3020	59	5
343468	3051	49	5
343483	3078	37	5
343498	3100	33	5
343513	3118	38	5
343533	3141	37	5
343548	3159	21	5
343553	3172	3	5
343568	3172	-6	5
343583	3172	-3	5
343599	3172	-11	5
343614	3168	-21	5
343629	3154	-18	5
343644	3146	-13	5
343649	3136	-12	5
343664	3132	-25	5
343679	3118	-33	5
343695	3100	-21	5
343710	3087	-11	5
343725	3082	-8	5
343740	3078	-10	5
343745	3069	-9	5
343760	3064	-5	5
343775	3064	4	5
343791	3064	7	5
343807	3064	1	5
343823	3064	6	5
343838	3069	28	5
343853	3082	42	5
343858	3110	37	5
343873	3128	36	5
343888	3150	51	5
343903	3177	63	5
343918	3213	63	5
343933	3249	56	5
343948	3280	55	5
343953	3312	62	5
343968	3348	60	5
343983	3380	48	5
343998	3406	35	5
344013	3424	32	5
344028	3442	31	5
344043	3460	25	5
344058	3474	12	5
344063	3483	-2	5
344079	3483	-3	5
344094	3483	6	5
344109	3483	1	5
344124	3483	-12	5
344139	3483	-16	5
344154	3474	-16	5
344159	3465	-19	5
344174	3452	-29	5
344189	3438	-27	5
344204	3420	-26	5
344219	3406	-21	5
344234	3393	-22	5
344249	3384	-29	5
344254	3366	-27	5
344269	3352	-17	5
344284	3339	-12	5
344299	3334	-12	5
344314	3326	-8	5
344329	3321	6	5
344349	3321	17	5
344364	3330	17	5
344369	3344	9	5
344384	3348	8	5
344400	3352	25	5
344415	3366	42	5
344430	3388	47	5
344445	3416	46	5
344460	3442	45	5
344465	3465	54	5
344480	3496	63	5
344495	3532	63	5
344510	3568	51	5
344525	3596	52	5
344541	27	58	5
344556	58	49	5
344571	86	32	5
344576	104	22	5
344591	117	28	5
344606	130	31	5
344621	148	28	5
344636	166	18	5
344651	176	4	5
344666	176	-4	5
344671	176	-8	5
344686	176	-19	5
344701	162	-26	5
344717	148	-23	5
344732	135	-16	5
344747	126	-18	5
344762	117	-28	5
344767	104	-33	5
344782	81	-30	5
344797	68	-27	5
344812	50	-32	5
344827	32	-33	5
344842	14	-30	5
344857	3596	-27	5
344877	3582	-28	5
344882	3568	-26	5
344897	3550	-21	5
344912	3542	-19	5
344927	3528	-14	5
344942	3524	-11	5
344957	3514	-13	5
344972	3510	-10	5
344977	3501	-2	5
344992	3501	7	5
345007	3501	12	5
345022	3510	24	5
345037	3524	36	5
345052	3542	39	5
345067	3564	45	5
345072	3591	58	5
345087	22	72	5
345103	63	73	5
345119	104	69	5
345135	144	68	5
345150	180	71	5
345166	220	72	5
345181	261	65	5
345186	297	56	5
345201	328	53	5
345216	360	47	5
345231	387	47	5
345246	410	41	5
345261	436	24	5
345276	450	20	5
345281	459	27	5
345297	472	29	5
345312	490	19	5
345327	500	-1	5
345342	500	-10	5
345357	500	-12	5
345372	490	-7	5
345387	490	-10	5
345392	482	-21	5
345407	472	-26	5
345422	454	-18	5
345437	446	-16	5
345453	436	-28	5
345468	423	-37	5
345483	400	-35	5
345488	382	-26	5
345503	364	-22	5
345518	356	-28	5
345533	338	-29	5
345548	324	-19	5
345563	310	-10	5
345578	306	-5	5
345584	302	0	5
345599	302	3	5
345614	302	9	5
345629	306	16	5
345644	315	23	5
345659	328	24	5
345674	342	30	5
345689	360	43	5
345694	382	51	5
345709	410	56	5
345724	441	56	5
345739	472	57	5
345754	504	54	5
345769	536	62	5
345789	572	66	5
345794	608	55	5
345809	639	40	5
345824	662	34	5
345839	680	42	5
345854	706	41	5
345869	729	30	5
345884	742	16	5
345889	752	19	5
345904	765	19	5
345919	774	17	5
345934	783	2	5
345949	788	-9	5
345964	783	-10	5
345979	778	-11	5
345994	774	-19	5
345999	760	-27	5
346014	747	-31	5
346029	729	-27	5
346044	716	-29	5
346059	698	-33	5
346074	680	-32	5
346089	662	-23	5
346094	648	-19	5
346109	639	-21	5
346124	626	-18	5
346139	616	-17	5
346154	608	-11	5
346169	598	-1	5
346189	598	13	5
346204	603	16	5
346209	612	16	5
346224	621	21	5
346239	634	31	5
346254	648	44	5
346269	675	54	5
346284	706	62	5
346299	738	67	5
346304	778	73	5
346319	819	76	5
346334	860	78	5
346349	904	77	5
346365	950	71	5
346380	990	68	5
346395	1026	63	5
346400	1062	52	5
346415	1094	44	5
346430	1116	41	5
346445	1138	39	5
346460	1161	31	5
346475	1179	23	5
346490	1192	8	5
346505	1197	-6	5
346510	1197	-11	5
346525	1192	-9	5
346540	1184	-16	5
346555	1174	-27	5
346570	1161	-23	5
346585	1148	-15	5
346601	1138	-19	5
346607	1130	-24	5
346623	1116	-27	5
346638	1102	-25	5
346653	1084	-19	5
346668	1076	-18	5
346683	1066	-20	5
346698	1053	-18	5
346713	1044	-14	5
346718	1035	-10	5
346733	1030	-8	5
346748	1026	-3	5
346763	1026	0	5
346778	1026	8	5
346793	1026	13	5
346808	1030	14	5
346813	1040	17	5
346828	1048	17	5
346843	1058	19	5
346858	1071	25	5
346873	1084	39	5
346888	1107	46	5
346908	1134	48	5
346913	1161	56	5
346928	1192	65	5
346943	1228	61	5
346958	1260	55	5
346973	1292	50	5
346988	1318	46	5
347003	1346	38	5
347018	1368	35	5
347023	1386	30	5
347038	1404	26	5
347053	1418	22	5
347068	1431	19	5
347083	1440	14	5
347098	1449	3	5
347113	1454	-2	5
347118	1454	-3	5
347133	1454	-8	5
347148	1449	-15	5
347164	1440	-19	5
347179	1431	-12	5
347194	1422	-6	5
347210	1418	-7	5
347215	1413	-10	5
347230	1408	-12	5
347245	1404	-15	5
347260	1395	-14	5
347275	1386	-5	5
347290	1382	-2	5
347305	1382	-2	5
347325	1382	7	5
347330	1382	17	5
347345	1390	13	5
347360	1400	4	5
347375	1400	9	5
347390	1404	24	5
347405	1418	37	5
347420	1440	39	5
347425	1462	43	5
347440	1485	45	5
347455	1512	55	5
347470	1544	62	5
347485	1575	58	5
347500	1611	50	5
347516	1638	44	5
347531	1660	47	5
347536	1688	47	5
347551	1714	40	5
347566	1737	33	5
347581	1755	32	5
347596	1773	32	5
347611	1791	26	5
347626	1809	23	5
347631	1818	16	5
347646	1827	12	5
347661	1836	10	5
347676	1840	13	5
347691	1850	19	5
347706	1858	17	5
347721	1868	19	5
347726	1881	22	5
347741	1890	25	5
347756	1908	30	5
347771	1922	37	5
347786	1944	44	5
347801	1966	48	5
347816	1994	56	5
347836	2025	75	5
347841	2070	96	5
347856	2124	114	5
347871	2187	128	5
347886	2259	134	5
347901	2336	131	5
347917	2408	126	5
347932	2480	115	5
347937	2542	105	5
347952	2601	97	5
347967	2660	95	5
347982	2709	94	5
347997	2763	88	5
348012	2812	81	5
348027	2858	76	5
348032	2902	69	5
348047	2938	63	5
348062	2974	59	5
348077	3010	64	5
348092	3046	67	5
348107	3082	63	5
348122	3118	55	5
348137	3150	52	5
348142	3177	48	5
348157	3204	48	5
348172	3231	50	5
348187	3262	47	5
348202	3285	40	5
348217	3308	35	5
348232	3330	36	5
348237	3348	29	5
348252	3366	20	5
348267	3375	17	5
348282	3388	18	5
348297	3398	20	5
348312	3406	22	5
348332	3420	20	5
348347	3434	18	5
348352	3442	13	5
348368	3447	14	5
348383	3456	11	5
348398	3465	4	5
348413	3465	5	5
348428	3470	7	5
348443	3474	10	5
348448	3478	5	5
348464	3478	4	5
348479	3483	10	5
348494	3488	12	5
348509	3496	8	5
348525	3501	5	5
348540	3501	4	5
348545	3506	0	5
348560	3506	0	5
348575	3506	-2	5
348590	3506	-5	5
348605	3506	-7	5
348620	3501	-9	5
348635	3496	-9	5
348650	3492	-16	5
348655	3483	-16	5
348670	3474	-10	5
348685	3465	-8	5
348700	3460	-9	5
348716	3456	-14	5
348731	3452	-12	5
348746	3442	-12	5
348751	3438	-15	5
348766	3429	-16	5
348781	3420	-13	5
348796	3411	-7	5
348811	3406	2	5
348826	3406	6	5
348841	3406	10	5
348861	3416	11	5
348866	3420	16	5
348881	3429	25	5
348896	3442	29	5
348911	3460	36	5
348927	3478	52	5
348942	3510	61	5
348957	3542	65	5
348962	3578	72	5
348977	18	80	5
348992	63	76	5
349008	108	68	5
349023	144	62	5
349038	180	59	5
349053	216	58	5
349058	248	52	5
349073	274	51	5
349088	306	43	5
349103	328	31	5
349118	346	19	5
349133	356	5	5
349148	360	-9	5
349163	360	-13	5
349168	351	-14	5
349184	342	-16	5
349199	333	-19	5
349214	324	-20	5
349229	310	-19	5
349244	302	-26	5
349259	288	-32	5
349264	270	-30	5
349279	252	-23	5
349295	238	-21	5
349311	230	-25	5
349327	212	-26	5
349342	198	-23	5
349357	184	-18	5
349362	176	-7	5
349377	171	1	5
349392	171	1	5
349407	171	8	5
349422	176	11	5
349437	180	12	5
349454	184	7	5
349469	189	14	5
349474	198	26	5
349489	212	37	5
349504	234	43	5
349519	256	46	5
349534	284	53	5
349549	315	58	5
349564	346	59	5
349569	378	52	5
349584	410	41	5
349599	432	34	5
349614	450	37	5
349629	472	40	5
349644	495	28	5
349660	508	17	5
349676	518	17	5
349681	531	13	5
349696	536	2	5
349711	536	-6	5
349726	536	-6	5
349741	536	-12	5
349756	526	-14	5
349771	522	-14	5
349776	513	-16	5
349791	504	-13	5
349806	495	-16	5
349821	486	-20	5
349836	477	-26	5
349851	459	-26	5
349867	446	-17	5
349872	436	-12	5
349887	432	-16	5
349902	423	-20	5
349917	410	-12	5
349932	405	-5	5
349947	400	-8	5
349962	396	-9	5
349977	392	1	5
349983	392	16	5
349999	396	26	5
350014	410	36	5
350029	432	40	5
350044	454	50	5
350059	482	58	5
350074	513	65	5
350079	549	63	5
350094	585	63	5
350109	621	67	5
350124	662	61	5
350139	693	44	5
350155	720	33	5
350170	738	38	5
350175	760	41	5
350190	783	32	5
350205	801	21	5
350220	810	12	5
350235	819	7	5
350250	824	7	5
350265	828	-2	5
350285	828	-9	5
350290	824	-19	5
350305	814	-20	5
350320	801	-15	5
350335	792	-11	5
350351	788	-18	5
350367	778	-20	5
350382	765	-20	5
350387	756	-24	5
350402	742	-29	5
350417	724	-30	5
350432	706	-28	5
350447	693	-25	5
350462	680	-19	5
350477	666	-16	5
350492	657	-7	5
350497	652	-2	5
350512	652	10	5
350527	657	12	5
350542	662	7	5
350557	666	10	5
350572	670	19	5
350587	684	29	5
350592	698	32	5
350607	716	37	5
350623	738	39	5
350639	760	42	5
350655	783	46	5
350671	810	54	5
350687	837	53	5
350692	868	55	5
350708	900	55	5
350724	932	52	5
350739	958	41	5
350754	981	31	5
350769	999	19	5
350784	1012	10	5
350799	1017	3	5
350804	1017	1	5
350819	1017	-4	5
350834	1017	-11	5
350849	1012	-23	5
350864	1004	-21	5
350879	990	-21	5
350894	976	-26	5
350899	963	-31	5
350914	945	-32	5
350929	927	-33	5
350944	909	-35	5
350959	891	-35	5
350974	868	-34	5
350989	850	-39	5
351004	828	-45	5
351009	806	-44	5
351024	778	-33	5
351039	760	-24	5
351054	747	-14	5
351069	738	-6	5
351084	734	-5	5
351099	734	-11	5
351104	724	-16	5
351119	716	-5	5
351134	716	-1	5
351149	716	3	5
351164	716	9	5
351179	716	17	5
351194	724	18	5
351199	738	22	5
351214	747	23	5
351229	760	28	5
351244	778	29	5
351259	792	36	5
351274	814	43	5
351289	837	45	5
351304	864	39	5
351309	886	37	5
351324	904	33	5
351339	927	30	5
351354	940	29	5
351369	958	27	5
351384	972	23	5
351404	986	21	5
351409	999	19	5
351424	1008	12	5
351440	1017	-3	5
351455	1017	-12	5
351471	1012	-6	5
351486	1008	-8	5
351501	1004	-19	5
351506	994	-19	5
351521	981	-14	5
351536	972	-19	5
351551	963	-25	5
351566	950	-26	5
351581	936	-22	5
351596	922	-23	5
351611	909	-22	5
351616	896	-18	5
351631	886	-18	5
351646	878	-19	5
351661	864	-20	5
351676	855	-12	5
351691	846	-4	5
351706	846	2	5
351711	846	4	5
351726	846	2	5
351741	846	-5	5
351756	846	-2	5
351771	846	8	5
351786	846	9	5
351801	850	9	5
351821	855	18	5
351826	868	32	5
351841	886	32	5
351856	904	30	5
351871	918	33	5
351886	940	40	5
351901	963	48	5
351916	990	52	5
351921	1017	51	5
351936	1044	45	5
351951	1071	44	5
351966	1098	42	5
351981	1120	36	5
351996	1138	20	5
352011	1152	20	5
352016	1161	27	5
352031	1179	25	5
352047	1192	15	5
352062	1202	7	5
352077	1206	10	5
352092	1210	1	5
352107	1210	-7	5
352122	1210	-12	5
352128	1202	-13	5
352143	1197	-19	5
352158	1184	-18	5
352173	1174	-18	5
352188	1166	-22	5
352203	1152	-24	5
352218	1138	-19	5
352223	1130	-20	5
352238	1116	-25	5
352253	1102	-27	5
352268	1089	-25	5
352283	1076	-25	5
352298	1062	-26	5
352313	1044	-19	5
352328	1035	-6	5
352333	1030	0	5
352348	1030	-4	5
352363	1030	-1	5
352378	1030	5	5
352393	1030	15	5
352408	1035	23	5
352428	1048	30	5
352433	1066	32	5
352448	1084	33	5
352463	1102	38	5
352478	1125	44	5
352493	1148	42	5
352508	1170	44	5
352523	1197	49	5
352528	1224	50	5
352543	1251	40	5
352558	1274	32	5
352573	1292	23	5
352588	1305	9	5
352603	1310	-7	5
352618	1310	-18	5
352633	1300	-28	5
352638	1287	-41	5
352653	1260	-44	5
352668	1238	-46	5
352683	1210	-45	5
352698	1188	-53	5
352713	1156	-52	5
352728	1125	-44	5
352733	1102	-39	5
352748	1080	-35	5
352763	1062	-25	5
352778	1048	-12	5
352793	1040	-5	5
352808	1035	0	5
352828	1035	6	5
352833	1035	6	5
352848	1040	11	5
352863	1044	17	5
352878	1058	17	5
352893	1066	7	5
352908	1071	17	5
352923	1080	30	5
352939	1094	34	5
352944	1116	34	5
352959	1134	45	5
352974	1161	58	5
352989	1192	59	5
353005	1224	53	5
353020	1256	48	5
353035	1282	47	5
353040	1310	40	5
353055	1332	37	5
353070	1350	37	5
353085	1372	38	5
353100	1395	34	5
353115	1413	27	5
353130	1426	15	5
353145	1436	1	5
353150	1436	-4	5
353165	1436	1	5
353180	1436	-6	5
353195	1436	-22	5
353210	1422	-28	5
353225	1408	-27	5
353245	1390	-29	5
353250	1377	-34	5
353265	1359	-34	5
353280	1336	-32	5
353295	1318	-35	5
353310	1300	-40	5
353325	1278	-39	5
353340	1256	-38	5
353345	1233	-31	5
353360	1215	-20	5
353376	1206	-22	5
353391	1192	-24	5
353406	1179	-17	5
353421	1170	-7	5
353436	1166	-7	5
353451	1161	-10	5
353456	1156	-1	5
353471	1156	11	5
353487	1156	8	5
353503	1161	3	5
353518	1166	7	5
353533	1170	16	5
353548	1179	19	5
353553	1188	25	5
353568	1202	38	5
353583	1224	42	5
353598	1246	45	5
353613	1274	47	5
353628	1300	42	5
353643	1323	23	5
353648	1336	6	5
353663	1341	-8	5
353678	1336	-33	5
353693	1318	-53	5
353708	1292	-55	5
353723	1260	-50	5
353738	1233	-58	5
353753	1197	-67	5
353758	1161	-66	5
353773	1125	-65	5
353788	1089	-62	5
353803	1053	-55	5
353818	1022	-48	5
353834	994	-42	5
353849	972	-39	5
353854	950	-36	5
353869	927	-33	5
353884	909	-38	5
353900	886	-38	5
353915	868	-24	5
353930	855	-13	5
353945	846	-13	5
353960	837	-12	5
353966	832	7	5
353981	832	21	5
353996	846	21	5
354011	855	31	5
354026	873	42	5
354041	896	50	5
354056	927	56	5
354061	958	61	5
354076	990	57	5
354091	1022	59	5
354106	1058	66	5
354121	1094	70	5
354136	1134	63	5
354157	1170	55	5
354162	1197	51	5
354177	1228	40	5
354192	1251	25	5
354207	1264	16	5
354222	1274	23	5
354237	1287	26	5
354252	1300	21	5
354267	1314	8	5
354272	1318	-2	5
354287	1318	-9	5
354302	1314	-10	5
354317	1310	-11	5
354332	1305	-16	5
354347	1296	-24	5
354362	1282	-19	5
354367	1269	-17	5
354382	1260	-23	5
354397	1246	-26	5
354412	1233	-21	5
354427	1220	-16	5
354442	1210	-20	5
354457	1202	-10	5
354472	1197	3	5
354477	1197	-4	5
354492	1192	-13	5
354507	1188	-5	5
354522	1184	-1	5
354537	1184	1	5
354557	1184	11	5
354572	1188	21	5
354577	1197	19	5
354592	1210	16	5
354607	1220	24	5
354622	1233	41	5
354637	1256	47	5
354652	1282	49	5
354667	1310	60	5
354672	1341	72	5
354687	1382	68	5
354702	1422	59	5
354717	1454	59	5
354732	1490	54	5
354747	1516	38	5
354762	1539	37	5
354777	1562	30	5
354782	1575	20	5
354797	1588	14	5
354812	1598	18	5
354827	1606	9	5
354842	1611	-3	5
354857	1611	-2	5
354873	1611	1	5
354878	1611	-9	5
354893	1606	-17	5
354908	1598	-11	5
354923	1593	-13	5
354938	1584	-22	5
354953	1570	-28	5
354968	1557	-29	5
354973	1539	-24	5
354988	1526	-21	5
355003	1516	-23	5
355018	1503	-29	5
355033	1485	-30	5
355048	1467	-30	5
355068	1454	-23	5
355083	1440	-21	5
355088	1426	-26	5
355103	1413	-22	5
355118	1400	-11	5
355133	1395	-10	5
355148	1390	-12	5
355163	1382	1	5
355178	1382	9	5
355183	1382	5	5
355198	1386	10	5
355213	1390	14	5
355228	1400	-2	5
355243	1400	-12	5
355258	1395	-15	5
355273	1386	-24	5
355289	1372	-44	5
355294	1350	-48	5
355310	1323	-46	5
355325	1296	-46	5
355340	1269	-49	5
355355	1242	-49	5
355370	1215	-42	5
355385	1192	-27	5
355390	1174	-20	5
355405	1166	-10	5
355421	1161	-3	5
355436	1156	4	5
355451	1156	17	5
355466	1166	26	5
355481	1179	27	5
355486	1197	21	5
355501	1206	34	5
355516	1228	51	5
355531	1256	42	5
355546	1278	36	5
355561	1300	43	5
355576	1323	55	5
355596	1354	52	5
355601	1382	56	5
355616	1413	66	5
355631	1454	65	5
355646	1490	58	5
355661	1521	54	5
355676	1552	46	5
355691	1580	40	5
355696	1602	46	5
355711	1624	48	5
355727	1652	41	5
355742	1674	35	5
355757	1696	33	5
355772	1714	25	5
355787	1728	18	5
355792	1737	11	5
355807	1746	11	5
355823	1750	13	5
355839	1760	5	5
355854	1760	-1	5
355869	1760	0	5
355884	1760	-6	5
355899	1760	-9	5
355904	1755	-8	5
355919	1750	-8	5
355934	1746	-17	5
355949	1737	-16	5
355964	1728	-6	5
355979	1724	-15	5
355994	1714	-25	5
356000	1701	-16	5
356015	1692	-20	5
356030	1683	-30	5
356045	1665	-26	5
356060	1652	-11	5
356075	1642	-12	5
356090	1638	-11	5
356105	1634	-4	5
356110	1629	1	5
356125	1629	4	5
356140	1629	6	5
356155	1634	10	5
356170	1638	15	5
356185	1647	27	5
356200	1660	37	5
356205	1683	52	5
356220	1710	58	5
356235	1742	60	5
356251	1778	71	5
356267	1818	81	5
356282	1863	77	5
356297	1908	65	5
356302	1944	69	5
356317	1980	66	5
356332	2020	47	5
356347	2043	43	5
356362	2070	45	5
356377	2092	36	5
356392	2115	31	5
356412	2133	37	5
356417	2151	30	5
356432	2169	19	5
356447	2182	19	5
356462	2192	17	5
356477	2200	3	5
356492	2200	-3	5
356507	2200	-4	5
356512	2200	-11	5
356527	2196	-13	5
356542	2187	-16	5
356557	2178	-17	5
356572	2169	-20	5
356587	2160	-23	5
356603	2146	-26	5
356618	2133	-24	5
356623	2120	-30	5
356638	2102	-36	5
356653	2079	-27	5
356668	2066	-16	5
356683	2056	-20	5
356698	2048	-21	5
356713	2034	-3	5
356718	2034	0	5
356733	2034	-9	5
356748	2025	-7	5
356763	2025	1	5
356778	2025	-2	5
356794	2020	1	5
356809	2020	9	5
356814	2025	7	5
356829	2030	7	5
356844	2034	15	5
356859	2038	11	5
356874	2048	2	5
356889	2048	10	5
356904	2052	25	5
356924	2066	39	5
356929	2088	39	5
356944	2110	39	5
356959	2133	49	5
356974	2160	51	5
356989	2192	36	5
357004	2210	19	5
357019	2218	17	5
357024	2232	18	5
357039	2241	13	5
357054	2246	4	5
357069	2250	-3	5
357084	2250	-13	5
357099	2246	-15	5
357114	2236	-14	5
357119	2228	-23	5
357134	2214	-25	5
357149	2200	-14	5
357164	2192	-17	5
357179	2182	-39	5
357194	2160	-41	5
357209	2138	-32	5
357224	2120	-35	5
357229	2102	-36	5
357244	2079	-32	5
357259	2061	-27	5
357274	2048	-29	5
357289	2030	-24	5
357304	2016	-16	5
357324	2007	-15	5
357329	2002	-10	5
357344	1994	-3	5
357359	1994	4	5
357374	1994	-5	5
357389	1994	-7	5
357404	1989	-1	5
357419	1989	8	5
357434	1989	3	5
357439	1989	-6	5
357455	1989	-1	5
357470	1989	-6	5
357485	1989	-25	5
357500	1971	-38	5
357515	1953	-44	5
357530	1926	-56	5
357535	1894	-53	5
357550	1868	-40	5
357565	1845	-37	5
357580	1822	-47	5
357595	1796	-38	5
357610	1773	-30	5
357625	1760	-35	5
357630	1737	-35	5
357645	1719	-24	5
357660	1706	-9	5
357675	1701	-6	5
357690	1696	-6	5
357705	1692	-4	5
357720	1692	0	5
357740	1692	4	5
357745	1692	8	5
357760	1692	14	5
357776	1701	20	5
357791	1714	23	5
357806	1724	18	5
357822	1737	0	5
357837	1737	-26	5
357842	1724	-38	5
357857	1706	-38	5
357872	1683	-50	5
357887	1656	-57	5
357902	1620	-47	5
357917	1598	-36	5
357933	1575	-42	5
357938	1552	-39	5
357953	1530	-24	5
357968	1516	-22	5
357983	1503	-15	5
357998	1494	-8	5
358013	1490	-1	5
358028	1490	-3	5
358043	1490	7	5
358048	1490	15	5
358063	1498	11	5
358078	1503	-3	5
358093	1503	-17	5
358108	1494	-31	5
358123	1480	-49	5
358138	1449	-64	5
358143	1413	-71	5
358158	1377	-68	5
358173	1336	-63	5
358189	1300	-48	5
358204	1274	-31	5
358219	1256	-28	5
358234	1242	-27	5
358249	1224	-17	5
358254	1215	-2	5
358269	1215	-7	5
358284	1210	-10	5
358299	1206	3	5
358314	1206	13	5
358329	1210	15	5
358344	1220	20	5
358349	1228	24	5
358364	1242	18	5
358379	1256	25	5
358394	1269	36	5
358409	1287	46	5
358424	1314	50	5
358444	1341	59	5
358449	1377	66	5
358464	1413	60	5
358479	1444	48	5
358494	1472	47	5
358509	1498	50	5
358524	1530	46	5
358539	1552	45	5
358554	1580	41	5
358559	1602	39	5
358574	1624	30	5
358589	1642	25	5
358604	1656	23	5
358619	1670	11	5
358634	1674	0	5
358649	1674	-1	5
358654	1674	-4	5
358669	1674	-17	5
358684	1665	-18	5
358699	1656	-11	5
358714	1652	-17	5
358729	1638	-25	5
358745	1624	-25	5
358760	1611	-27	5
358765	1598	-32	5
358780	1580	-36	5
358795	1557	-25	5
358810	1544	-19	5
358825	1534	-21	5
358840	1521	-16	5
358860	1512	-14	5
358865	1503	-8	5
358880	1498	0	5
358895	1498	9	5
358910	1503	14	5
358925	1508	8	5
358940	1512	12	5
358955	1521	23	5
358960	1534	32	5
358975	1552	26	5
358990	1566	28	5
359007	1584	38	5
359023	1602	34	5
359039	1624	28	5
359055	1638	36	5
359071	1660	34	5
359076	1678	26	5
359091	1692	23	5
359106	1706	23	5
359121	1719	9	5
359136	1724	-3	5
359151	1724	-3	5
359166	1724	-3	5
359171	1724	-12	5
359186	1714	-12	5
359201	1710	-12	5
359216	1701	-12	5
359231	1696	-17	5
359246	1688	-15	5
359261	1678	-17	5
359266	1670	-29	5
359281	1652	-34	5
359296	1634	-31	5
359311	1616	-23	5
359326	1602	-20	5
359341	1588	-17	5
359356	1580	-5	5
359372	1580	4	5
359377	1580	3	5
359392	1580	2	5
359407	1580	8	5
359423	1584	11	5
359438	1588	15	5
359453	1598	23	5
359468	1611	27	5
359473	1624	32	5
359488	1642	42	5
359503	1670	56	5
359518	1701	54	5
359533	1728	60	5
359548	1764	68	5
359563	1800	68	5
359579	1840	57	5
359584	1872	48	5
359599	1899	39	5
359614	1922	34	5
359629	1940	30	5
359644	1958	23	5
359660	1971	11	5
359675	1976	3	5
359680	1980	-3	5
359695	1980	-10	5
359710	1976	-22	5
359725	1962	-33	5
359740	1944	-28	5
359755	1926	-18	5
359770	1917	-24	5
359775	1904	-39	5
359790	1881	-39	5
359805	1858	-28	5
359821	1845	-29	5
359836	1827	-34	5
359851	1809	-36	5
359866	1791	-32	5
359881	1773	-24	5
359886	1760	-13	5
359901	1750	-13	5
359916	1742	-18	5
359931	1732	-10	5
359946	1728	0	5
359961	1728	-5	5
359976	1724	-6	6
359981	1719	5	6
359996	1719	19	6
360011	1732	23	6
360026	1742	24	6
360041	1755	35	6
360056	1778	49	6
360077	1804	54	6
360082	1836	58	6
360097	1868	66	6
360112	1904	72	6
360127	1944	74	6
360143	1984	73	6
360158	2030	69	6
360173	2066	61	6
360188	2102	53	6
360193	2128	41	6
360208	2156	12	6
360223	2160	-22	6
360238	2151	-39	6
360253	2128	-45	6
360268	2106	-53	6
360283	2074	-51	6
360288	2048	-42	6
360304	2020	-32	6
360319	2002	-28	6
360334	1989	-20	6
360349	1976	-8	6
360364	1971	14	6
360379	1976	46	6
360394	2002	95	6
360400	2056	146	6
360415	2138	171	6
360430	2236	177	6
360446	2336	171	6
360462	2430	154	6
360478	2516	135	6
360493	2592	120	6
360499	2660	116	6
360514	2727	118	6
360529	2790	120	6
360544	2858	126	6
360559	2930	132	6
360574	3006	135	6
360589	3082	143	6
360594	3159	145	6
360609	3244	131	6
360624	3316	118	6
360639	3384	122	6
360654	3452	122	6
360669	3519	108	6
360684	3582	94	6
360699	32	92	6
360704	86	95	6
360719	140	97	6
360734	194	114	6
360749	256	138	6
360764	333	150	6
360779	418	147	6
360794	504	136	6
360799	580	119	6
360814	644	105	6
360829	706	96	6
360845	760	89	6
360860	810	79	6
360875	855	71	6
360890	891	62	6
360905	927	53	6
360910	958	40	6
360925	981	32	6
360940	999	33	6
360955	1017	31	6
360970	1035	21	6
360985	1044	15	6
361000	1053	20	6
361005	1066	16	6
361020	1076	12	6
361035	1080	7	6
361051	1084	3	6
361066	1089	-3	6
361081	1089	-5	6
361096	1084	-7	6
361101	1084	-12	6
361116	1076	-11	6
361131	1071	-6	6
361146	1066	-7	6
361161	1062	-17	6
361176	1053	-24	6
361196	1040	-15	6
361211	1030	-10	6
361216	1026	-13	6
361231	1017	-11	6
361246	1012	-3	6
361261	1008	5	6
361276	1008	6	6
361291	1012	10	6
361306	1017	11	6
361311	1026	18	6
361326	1035	27	6
361341	1048	35	6
361356	1071	28	6
361371	1084	26	6
361386	1098	35	6
361401	1120	43	6
361406	1143	36	6
361421	1166	34	6
361436	1184	36	6
361451	1202	31	6
361466	1220	15	6
361481	1228	7	6
361496	1233	2	6
361517	1233	3	6
361522	1238	-1	6
361537	1238	-2	6
361552	1238	-15	6
361567	1228	-17	6
361582	1220	-14	6
361597	1210	-14	6
361612	1206	-20	6
361617	1192	-22	6
361632	1179	-15	6
361647	1170	-9	6
361662	1166	-14	6
361677	1161	-18	6
361692	1148	-14	6
361707	1143	-9	6
361722	1134	-10	6
361727	1130	-8	6
361743	1125	-2	6
361758	1125	5	6
361774	1125	10	6
361790	1130	17	6
361806	1138	18	6
361822	1148	14	6
361827	1156	18	6
361842	1166	26	6
361858	1184	28	6
361873	1197	28	6
361888	1215	34	6
361903	1233	33	6
361918	1251	26	6
361923	1264	26	6
361938	1278	23	6
361953	1292	21	6
361968	1305	15	6
361983	1314	8	6
361999	1318	2	6
362014	1318	-7	6
362029	1318	-8	6
362034	1314	-6	6
362049	1310	-1	6
362064	1310	-3	6
362079	1310	-9	6
362094	1305	-10	6
362109	1296	-17	6
362124	1287	-17	6
362129	1278	-14	6
362144	1269	-11	6
362159	1264	-17	6
362175	1256	-18	6
362190	1246	-10	6
362205	1238	-13	6
362221	1233	-19	6
362236	1220	-8	6
362241	1215	1	6
362256	1215	-3	6
362271	1215	0	6
362286	1215	13	6
362301	1220	19	6
362317	1228	15	6
362332	1238	21	6
362337	1251	35	6
362352	1269	42	6
362367	1292	53	6
362382	1323	51	6
362397	1350	46	6
362412	1377	42	6
362427	1400	33	6
362433	1422	27	6
362448	1436	18	6
362463	1444	6	6
362478	1449	5	6
362493	1454	11	6
362508	1458	-2	6
362524	1458	-14	6
362539	1454	-10	6
362544	1449	-13	6
362559	1440	-24	6
362574	1426	-27	6
362589	1413	-17	6
362604	1400	-16	6
362619	1390	-19	6
362634	1382	-16	6
362639	1372	-19	6
362654	1364	-24	6
362669	1350	-20	6
362684	1336	-10	6
362699	1332	-13	6
362714	1323	-17	6
362729	1314	-4	6
362734	1314	7	6
362750	1314	10	6
362765	1318	9	6
362780	1323	15	6
362795	1332	23	6
362810	1346	28	6
362825	1359	37	6
362840	1382	51	6
362845	1408	58	6
362860	1444	62	6
362876	1476	66	6
362891	1516	68	6
362906	1552	58	6
362921	1584	52	6
362936	1616	51	6
362941	1642	50	6
362956	1670	44	6
362972	1696	41	6
362987	1719	34	6
363002	1737	16	6
363017	1746	7	6
363032	1750	7	6
363052	1755	2	6
363057	1755	-7	6
363072	1755	5	6
363087	1755	19	6
363102	1764	12	6
363117	1773	6	6
363132	1778	7	6
363147	1782	6	6
363152	1782	-6	6
363168	1782	-24	6
363183	1768	-40	6
363198	1746	-54	6
363213	1719	-60	6
363228	1683	-55	6
363243	1652	-45	6
363248	1629	-42	6
363263	1602	-34	6
363278	1584	-19	6
363293	1575	-4	6
363308	1570	3	6
363323	1570	9	6
363339	1575	28	6
363354	1588	38	6
363359	1611	43	6
363374	1638	50	6
363389	1665	55	6
363404	1696	56	6
363419	1728	62	6
363434	1760	62	6
363449	1796	35	6
363454	1818	-6	6
363469	1818	-25	6
363484	1804	-27	6
363499	1786	-26	6
363514	1773	-17	6
363529	1764	2	6
363544	1764	19	6
363549	1773	18	6
363564	1782	18	6
363580	1791	21	6
363595	1804	23	6
363610	1818	31	6
363625	1832	37	6
363640	1854	47	6
363660	1881	45	6
363666	1908	54	6
363681	1935	61	6
363696	1971	52	6
363711	1998	29	6
363727	2016	8	6
363742	2020	2	6
363757	2020	-3	6
363762	2020	-10	6
363777	2020	4	6
363792	2020	22	6
363807	2030	29	6
363822	2048	36	6
363838	2066	41	6
363853	2088	38	6
363868	2110	34	6
363873	2128	35	6
363888	2151	37	6
363903	2169	32	6
363918	2187	32	6
363933	2205	40	6
363948	2228	38	6
363963	2250	28	6
363968	2264	31	6
363983	2282	42	6
363998	2308	45	6
364013	2331	39	6
364028	2354	45	6
364043	2380	51	6
364058	2408	34	6
364063	2426	7	6
364078	2430	-1	6
364093	2430	6	6
364108	2434	16	6
364123	2444	31	6
364138	2462	42	6
364154	2484	36	6
364169	2502	23	6
364174	2516	28	6
364189	2534	30	6
364204	2552	36	6
364219	2570	44	6
364234	2596	53	6
364249	2624	45	6
364264	2650	32	6
364269	2668	30	6
364284	2686	29	6
364299	2700	21	6
364314	2714	14	6
364329	2722	19	6
364344	2732	15	6
364364	2740	10	6
364379	2745	12	6
364384	2754	24	6
364399	2768	21	6
364414	2776	16	6
364429	2786	16	6
364444	2794	18	6
364459	2804	16	6
364474	2812	15	6
364479	2822	21	6
364494	2835	15	6
364509	2844	7	6
364524	2848	5	6
364539	2848	3	6
364554	2853	-8	6
364569	2853	-10	6
364574	2844	-4	6
364590	2844	-6	6
364606	2840	-13	6
364622	2830	-8	6
364638	2826	-3	6
364653	2826	-7	6
364668	2822	-2	6
364684	2822	11	6
364689	2822	15	6
364704	2830	17	6
364719	2840	16	6
364734	2848	18	6
364749	2862	16	6
364764	2871	12	6
364779	2876	15	6
364784	2884	21	6
364799	2898	9	6
364814	2902	-4	6
364829	2902	-9	6
364844	2898	-14	6
364859	2889	-24	6
364874	2876	-22	6
364879	2866	-14	6
364894	2858	-15	6
364909	2848	-20	6
364924	2835	-10	6
364939	2830	-6	6
364955	2826	-12	6
364970	2822	-9	6
364985	2817	2	6
364990	2817	5	6
365005	2817	4	6
365020	2817	14	6
365035	2826	15	6
365050	2835	9	6
365065	2840	8	6
365080	2844	9	6
365085	2848	11	6
365100	2858	11	6
365116	2862	15	6
365131	2871	15	6
365146	2880	10	6
365161	2884	6	6
365176	2889	12	6
365196	2894	12	6
365201	2902	5	6
365217	2902	-4	6
365232	2902	1	6
365247	2902	0	6
365262	2902	-8	6
365277	2902	-8	6
365292	2898	-4	6
365297	2894	-11	6
365312	2889	-17	6
365327	2880	-17	6
365342	2871	-15	6
365357	2862	-19	6
365372	2848	-15	6
365387	2844	-14	6
365392	2835	-18	6
365407	2826	-14	6
365422	2817	-6	6
365437	2812	-2	6
365452	2812	-4	6
365467	2808	-4	6
365482	2808	0	6
365497	2808	-5	6
365503	2804	-7	6
365518	2799	-2	6
365533	2799	6	6
365548	2799	5	6
365563	2804	2	6
365578	2804	9	6
365593	2808	11	6
365598	2812	16	6
365613	2822	18	6
365628	2835	29	6
365644	2848	30	6
365659	2866	25	6
365674	2880	28	6
365689	2898	29	6
365694	2912	25	6
365709	2925	18	6
365724	2938	17	6
365739	2948	8	6
365754	2952	-5	6
365769	2952	-9	6
365784	2948	-14	6
365804	2938	-24	6
365809	2925	-24	6
365824	2912	-18	6
365839	2902	-20	6
365854	2889	-27	6
365869	2876	-31	6
365884	2858	-25	6
365899	2844	-22	6
365904	2830	-21	6
365919	2822	-14	6
365934	2812	-5	6
365949	2808	-3	6
365964	2808	-3	6
365979	2804	-1	6
365994	2804	-1	6
366009	2804	-3	6
366014	2804	0	6
366029	2804	6	6
366044	2804	4	6
366059	2804	5	6
366074	2808	13	6
366089	2812	10	6
366104	2822	-3	6
366109	2822	-8	6
366124	2817	-10	6
366139	2812	-20	6
366154	2799	-32	6
366169	2781	-28	6
366184	2768	-22	6
366199	2754	-24	6
366204	2740	-23	6
366219	2727	-23	6
366234	2714	-28	6
366249	2700	-23	6
366264	2686	-16	6
366279	2678	-11	6
366299	2673	-12	6
366314	2664	-10	6
366319	2660	-5	6
366334	2655	-3	6
366349	2655	-4	6
366364	2650	8	6
366379	2655	24	6
366394	2668	35	6
366409	2686	43	6
366414	2709	58	6
366429	2745	70	6
366445	2781	73	6
366460	2822	70	6
366475	2862	71	6
366490	2902	66	6
366505	2938	59	6
366520	2974	50	6
366525	3002	42	6
366540	3024	28	6
366555	3042	21	6
366571	3051	15	6
366586	3060	3	6
366601	3064	-10	6
366616	3060	-13	6
366621	3056	-17	6
366636	3042	-33	6
366651	3024	-44	6
366666	3002	-42	6
366681	2979	-41	6
366696	2952	-44	6
366716	2930	-44	6
366721	2902	-39	6
366736	2884	-36	6
366751	2862	-37	6
366767	2840	-36	6
366782	2822	-34	6
366797	2804	-36	6
366812	2781	-34	6
366827	2763	-22	6
366832	2750	-13	6
366847	2745	-14	6
366862	2736	-9	6
366877	2732	0	6
366892	2732	-5	6
366907	2727	-10	6
366922	2722	-2	6
366927	2722	4	6
366943	2722	9	6
366958	2722	14	6
366973	2732	24	6
366989	2745	25	6
367004	2758	30	6
367019	2776	44	6
367024	2799	56	6
367039	2830	58	6
367054	2866	53	6
367069	2894	50	6
367084	2925	39	6
367099	2943	24	6
367114	2956	16	6
367129	2966	18	6
367134	2979	5	6
367149	2979	-10	6
367164	2979	-20	6
367179	2966	-22	6
367194	2956	-31	6
367210	2938	-32	6
367225	2920	-30	6
367230	2902	-34	6
367245	2884	-41	6
367260	2862	-41	6
367275	2840	-40	6
367290	2817	-43	6
367305	2790	-38	6
367320	2768	-25	6
367336	2754	-23	6
367342	2740	-26	6
367358	2727	-27	6
367373	2714	-21	6
367388	2700	-16	6
367403	2691	-12	6
367418	2686	-3	6
367433	2682	-3	6
367439	2682	-10	6
367454	2678	-11	6
367469	2668	0	6
367484	2668	8	6
367499	2668	15	6
367514	2678	23	6
367529	2691	34	6
367534	2709	36	6
367550	2732	41	6
367565	2754	59	6
367580	2786	65	6
367595	2826	65	6
367610	2862	65	6
367625	2898	65	6
367640	2934	55	6
367645	2966	41	6
367660	2988	40	6
367675	3010	39	6
367691	3033	19	6
367706	3042	9	6
367721	3046	4	6
367736	3051	-9	6
367741	3051	-21	6
367756	3038	-23	6
367771	3024	-20	6
367786	3015	-25	6
367801	2997	-29	6
367816	2984	-29	6
367831	2966	-32	6
367836	2948	-39	6
367851	2925	-35	6
367866	2907	-31	6
367881	2889	-36	6
367896	2871	-36	6
367911	2848	-25	6
367931	2835	-19	6
367946	2826	-24	6
367951	2812	-26	6
367966	2794	-11	6
367981	2790	-4	6
367996	2786	-3	6
368011	2786	0	6
368026	2786	5	6
368042	2786	1	6
368047	2786	3	6
368062	2786	16	6
368077	2794	26	6
368092	2812	27	6
368107	2826	33	6
368122	2844	40	6
368137	2866	30	6
368152	2884	21	6
368157	2894	22	6
368172	2907	26	6
368187	2920	20	6
368202	2934	11	6
368217	2938	8	6
368232	2943	0	6
368252	2943	-9	6
368257	2943	-11	6
368272	2938	-10	6
368287	2930	-18	6
368302	2920	-26	6
368317	2907	-24	6
368333	2894	-26	6
368348	2880	-34	6
368353	2858	-34	6
368368	2840	-30	6
368383	2822	-29	6
368398	2808	-33	6
368413	2790	-28	6
368428	2772	-26	6
368444	2758	-24	6
368459	2745	-21	6
368464	2732	-11	6
368479	2727	-11	6
368494	2722	-19	6
368509	2709	-19	6
368524	2700	-11	6
368539	2691	-11	6
368554	2686	-7	6
368559	2682	7	6
368574	2682	20	6
368589	2696	23	6
368604	2709	27	6
368619	2722	38	6
368634	2745	48	6
368649	2772	50	6
368664	2799	56	6
368669	2830	61	6
368684	2866	60	6
368699	2898	61	6
368714	2934	67	6
368729	2970	62	6
368744	3006	49	6
368760	3033	44	6
368766	3056	45	6
368782	3082	31	6
368798	3100	11	6
368813	3105	-4	6
368828	3105	-8	6
368843	3105	-14	6
368858	3096	-21	6
368863	3082	-25	6
368878	3069	-29	6
368893	3056	-34	6
368908	3033	-35	6
368923	3015	-32	6
368938	2997	-36	6
368953	2974	-31	6
368968	2961	-26	6
368973	2943	-32	6
368988	2925	-37	6
369003	2907	-37	6
369018	2884	-30	6
369033	2866	-28	6
369048	2853	-19	6
369063	2840	2	6
369068	2840	17	6
369083	2848	20	6
369098	2858	26	6
369113	2876	38	6
369128	2894	38	6
369143	2916	37	6
369159	2938	42	6
369164	2961	54	6
369179	2992	61	6
369194	3024	61	6
369209	3060	65	6
369224	3096	61	6
369239	3132	49	6
369259	3159	43	6
369274	3182	35	6
369279	3204	23	6
369294	3218	16	6
369309	3226	15	6
369324	3231	11	6
369339	3240	-6	6
369354	3240	-15	6
369369	3231	-17	6
369374	3222	-21	6
369389	3208	-32	6
369404	3190	-33	6
369419	3172	-27	6
369434	3159	-28	6
369449	3141	-32	6
369464	3123	-33	6
369479	3105	-37	6
369484	3087	-38	6
369499	3064	-34	6
369515	3046	-30	6
369530	3028	-29	6
369545	3010	-32	6
369560	2992	-26	6
369580	2979	-20	6
369585	2966	-23	6
369600	2956	-21	6
369615	2943	-11	6
369630	2938	-2	6
369645	2934	0	6
369660	2934	-1	6
369675	2934	3	6
369680	2934	3	6
369695	2934	11	6
369710	2938	19	6
369725	2952	25	6
369740	2966	29	6
369755	2984	41	6
369770	3006	55	6
369785	3038	52	6
369790	3064	43	6
369805	3087	48	6
369820	3114	52	6
369835	3146	45	6
369850	3172	31	6
369865	3186	26	6
369880	3204	29	6
369885	3218	21	6
369900	3231	11	6
369915	3236	2	6
369930	3240	-3	6
369945	3240	-8	6
369960	3236	-9	6
369980	3231	-20	6
369995	3218	-24	6
370000	3204	-25	6
370015	3190	-13	6
370030	3186	-16	6
370045	3177	-27	6
370060	3159	-18	6
370075	3150	-12	6
370090	3146	-15	6
370095	3136	-21	6
370110	3123	-15	6
370126	3114	-8	6
370142	3110	-4	6
370158	3110	-1	6
370173	3110	12	6
370188	3110	20	6
370193	3123	24	6
370208	3136	26	6
370223	3150	26	6
370238	3164	29	6
370253	3182	36	6
370268	3200	41	6
370283	3222	40	6
370298	3244	35	6
370303	3267	37	6
370318	3285	38	6
370333	3308	26	6
370348	3321	20	6
370363	3334	20	6
370378	3344	15	6
370393	3352	6	6
370398	3357	3	6
370413	3357	-2	6
370428	3357	-9	6
370443	3357	-12	6
370458	3348	-13	6
370473	3344	-11	6
370488	3334	-13	6
370493	3330	-23	6
370508	3316	-21	6
370523	3303	-17	6
370538	3294	-16	6
370554	3285	-16	6
370569	3276	-14	6
370584	3267	-8	6
370599	3262	-9	6
370604	3258	6	6
370619	3258	18	6
370634	3267	23	6
370649	3280	28	6
370664	3298	30	6
370679	3316	15	6
370699	3321	-4	6
370704	3321	-13	6
370719	3316	-16	6
370734	3308	-19	6
370749	3298	-20	6
370764	3285	-14	6
370779	3280	-9	6
370794	3272	-13	6
370809	3267	-11	6
370814	3258	-10	6
370829	3254	-10	6
370844	3249	-14	6
370859	3240	-9	6
370874	3236	-8	6
370889	3231	-18	6
370904	3222	-39	6
370909	3200	-61	6
370924	3164	-66	6
370939	3128	-58	6
370955	3096	-42	6
370970	3074	-23	6
370985	3060	-14	6
371000	3051	-2	6
371005	3051	9	6
371020	3051	19	6
371035	3060	25	6
371050	3074	35	6
371065	3096	52	6
371080	3123	60	6
371100	3159	57	6
371115	3190	59	6
371120	3222	66	6
371135	3262	71	6
371150	3298	72	6
371165	3339	70	6
371180	3380	58	6
371195	3411	43	6
371210	3438	27	6
371215	3452	14	6
371230	3460	3	6
371245	3460	4	6
371260	3465	8	6
371275	3470	12	6
371290	3474	16	6
371305	3483	20	6
371310	3496	22	6
371325	3510	19	6
371340	3519	13	6
371355	3528	5	6
371370	3528	3	6
371385	3532	-1	6
371400	3532	-3	6
371420	3532	-7	6
371425	3528	-10	6
371440	3524	-14	6
371455	3514	-17	6
371470	3506	-18	6
371485	3496	-14	6
371500	3488	-7	6
371515	3483	4	6
371520	3483	12	6
371535	3488	15	6
371550	3496	13	6
371565	3506	18	6
371580	3514	28	6
371595	3528	35	6
371610	3550	43	6
371625	3573	51	6
371630	4	54	6
371646	32	54	6
371662	63	49	6
371677	90	41	6
371692	112	27	6
371707	130	18	6
371722	140	17	6
371727	148	23	6
371742	162	45	6
371757	189	77	6
371772	230	94	6
371787	284	89	6
371802	333	64	6
371817	369	40	6
371822	392	19	6
371837	400	3	6
371852	405	-2	6
371867	405	3	6
371882	405	6	6
371897	410	0	6
371912	410	-6	6
371927	410	-12	6
371932	400	-20	6
371947	392	-23	6
371962	378	-13	6
371977	369	11	6
371992	374	41	6
372007	396	70	6
372027	436	81	6
372032	482	64	6
372048	518	35	6
372063	536	7	6
372078	540	-10	6
372093	540	-15	6
372109	531	-6	6
372124	526	8	6
372139	526	9	6
372144	531	2	6
372159	536	-7	6
372174	536	-9	6
372189	526	-15	6
372205	522	-20	6
372220	508	-19	6
372235	500	-6	6
372240	495	-5	6
372255	490	-7	6
372270	486	-8	6
372285	482	-8	6
372300	477	-12	6
372315	472	-14	6
372330	464	-9	6
372335	459	3	6
372350	459	14	6
372365	464	20	6
372380	477	19	6
372395	486	21	6
372410	500	25	6
372425	513	31	6
372440	531	30	6
372445	549	29	6
372460	562	31	6
372475	580	31	6
372490	598	30	6
372505	616	27	6
372521	630	30	6
372536	648	31	6
372541	666	26	6
372556	680	17	6
372571	688	14	6
372586	698	10	6
372601	702	6	6
372616	706	0	6
372636	706	-3	6
372641	706	0	6
372656	706	0	6
372671	706	1	6
372686	706	-6	6
372701	706	-10	6
372716	698	-7	6
372731	698	-5	6
372746	693	-5	6
372751	688	-5	6
372766	688	-5	6
372781	684	-4	6
372796	684	-10	6
372811	675	-14	6
372826	670	-5	6
372841	666	7	6
372846	666	20	6
372861	675	22	6
372876	688	26	6
372891	702	27	6
372906	720	33	6
372921	738	31	6
372936	756	26	6
372952	770	26	6
372958	783	32	6
372974	801	34	6
372990	824	24	6
373005	837	18	6
373020	846	13	6
373035	850	11	6
373050	860	9	6
373055	864	7	6
373071	868	0	6
373086	868	3	6
373101	868	-3	6
373116	868	-9	6
373131	868	-19	6
373146	855	-20	6
373151	846	-18	6
373166	832	-21	6
373181	824	-30	6
373196	806	-40	6
373211	783	-37	6
373226	760	-29	6
373241	747	-17	6
373256	738	-15	6
373261	729	-14	6
373276	720	-15	6
373291	711	-16	6
373306	702	-18	6
373321	693	-11	6
373336	688	-4	6
373351	684	4	6
373356	684	12	6
373371	688	18	6
373386	698	20	6
373401	711	17	6
373416	720	15	6
373432	729	13	6
373447	738	14	6
373452	742	18	6
373467	756	19	6
373482	765	20	6
373497	774	20	6
373512	788	19	6
373527	796	11	6
373547	806	6	6
373562	806	2	6
373567	810	-5	6
373582	810	-6	6
373597	806	-7	6
373612	801	-12	6
373627	796	-13	6
373643	788	-20	6
373659	778	-25	6
373664	765	-29	6
373679	747	-29	6
373694	729	-26	6
373709	716	-34	6
373724	698	-36	6
373739	675	-31	6
373755	657	-25	6
373772	644	-17	6
373777	634	-14	6
373792	626	-8	6
373807	621	-3	6
373822	621	-3	6
373837	621	-1	6
373852	621	5	6
373867	621	16	6
373872	626	25	6
373887	639	29	6
373902	657	26	6
373917	670	22	6
373932	684	21	6
373947	698	18	6
373962	706	12	6
373967	711	6	6
373982	716	5	6
373997	720	7	6
374012	724	4	6
374027	724	-2	6
374043	724	-9	6
374058	724	-8	6
374073	720	-6	6
374078	716	-8	6
374093	711	-13	6
374108	702	-12	6
374123	698	-9	6
374138	693	-14	6
374153	684	-19	6
374168	675	-20	6
374173	662	-18	6
374188	652	-18	6
374203	644	-16	6
374218	634	-16	6
374234	626	-9	6
374249	616	-2	6
374264	616	5	6
374279	616	7	6
374284	621	2	6
374299	621	6	6
374314	626	7	6
374329	630	11	6
374344	634	11	6
374360	639	13	6
374375	648	18	6
374380	657	19	6
374395	670	16	6
374410	680	12	6
374425	684	12	6
374440	693	12	6
374455	698	5	6
374475	702	-5	6
374480	702	-7	6
374495	698	-6	6
374510	693	-6	6
374525	693	-13	6
374540	684	-21	6
374555	670	-19	6
374570	662	-14	6
374585	652	-10	6
374590	648	-20	6
374605	639	-25	6
374621	621	-21	6
374636	612	-17	6
374651	603	-18	6
374666	590	-19	6
374681	580	-15	6
374686	572	-14	6
374701	562	-8	6
374716	558	-9	6
374731	554	-8	6
374746	549	-6	6
374761	549	1	6
374777	549	2	6
374782	549	2	6
374797	549	-2	6
374812	549	1	6
374827	549	6	6
374842	549	7	6
374857	554	3	6
374872	554	3	6
374887	558	3	6
374892	558	-7	6
374907	558	-11	6
374922	554	-7	6
374937	549	0	6
374952	549	2	6
374967	549	1	6
374988	549	0	6
374993	549	-1	6
375008	549	-5	6
375023	544	-4	6
375038	544	-16	6
375053	536	-20	6
375068	522	-10	6
375083	518	2	6
375098	518	5	6
375103	518	-8	6
375118	518	-14	6
375133	508	-9	6
375148	504	-8	6
375163	500	-17	6
375178	490	-24	6
375193	477	-18	6
375198	468	0	6
375213	468	8	6
375228	468	6	6
375243	472	3	6
375258	472	8	6
375273	477	6	6
375288	482	4	6
375293	482	-6	6
375308	482	-10	6
375323	477	0	6
375338	477	5	6
375353	477	-3	6
375368	477	-6	6
375383	477	-3	6
375403	472	-1	6
375408	472	-3	6
375423	472	-11	6
375438	464	-15	6
375453	454	-15	6
375468	450	-7	6
375484	446	-4	6
375499	441	-7	6
375504	436	-7	6
375519	432	0	6
375534	432	5	6
375549	432	2	6
375564	432	1	6
375579	436	0	6
375594	436	9	6
375599	441	10	6
375614	446	2	6
375629	446	0	6
375644	446	0	6
375659	446	5	6
375674	450	1	6
375689	450	-5	6
375704	450	-4	6
375710	450	2	6
375726	450	5	6
375742	450	-2	6
375758	450	-8	6
375773	446	-3	6
375788	446	6	6
375803	446	3	6
375808	446	-5	6
375823	446	-13	6
375838	441	-12	6
375853	432	-10	6
375868	428	-13	6
375883	418	-17	6
375899	410	-11	6
375914	405	-2	6
375919	405	-1	6
375934	405	-12	6
375950	396	-14	6
375965	387	-10	6
375980	382	-5	6
375995	378	-3	6
376010	378	-7	6
376016	374	-7	6
376031	369	-6	6
376046	369	-6	6
376061	364	-17	6
376076	356	-20	6
376091	342	-20	6
376106	333	-15	6
376111	324	-10	6
376126	320	-10	6
376141	310	-9	6
376156	306	2	6
376171	306	18	6
376186	315	33	6
376201	333	47	6
376216	360	68	6
376221	396	81	6
376236	441	83	6
376251	490	72	6
376266	531	68	6
376281	567	73	6
376296	608	87	6
376311	657	100	6
376317	716	98	6
376332	770	80	6
376347	814	83	6
376362	860	85	6
376377	909	65	6
376392	945	43	6
376407	972	39	6
376427	990	50	6
376432	1022	51	6
376447	1048	41	6
376462	1071	27	6
376477	1089	13	6
376492	1094	7	6
376507	1098	-8	6
376522	1098	-35	6
376527	1080	-48	6
376542	1053	-37	6
376557	1030	-27	6
376572	1017	-29	6
376587	999	-38	6
376602	976	-40	6
376617	954	-30	6
376622	936	-21	6
376637	927	-38	6
376652	904	-65	6
376667	868	-80	6
376682	824	-76	6
376697	778	-63	6
376712	747	-54	6
376727	716	-54	6
376732	684	-51	6
376747	657	-30	6
376762	639	-13	6
376777	630	-18	6
376792	621	-25	6
376807	608	-10	6
376827	603	16	6
376832	608	36	6
376847	626	47	6
376862	652	49	6
376877	680	60	6
376892	716	77	6
376907	756	90	6
376922	810	82	6
376927	855	77	6
376942	900	82	6
376957	945	83	6
376972	990	77	6
376987	1035	54	6
377002	1066	35	6
377017	1084	29	6
377032	1102	38	6
377037	1120	36	6
377053	1143	27	6
377069	1156	21	6
377084	1170	13	6
377099	1174	11	6
377114	1184	12	6
377129	1188	3	6
377134	1192	-12	6
377150	1188	-17	6
377165	1179	-13	6
377180	1170	-15	6
377195	1161	-22	6
377210	1152	-23	6
377225	1138	-30	6
377240	1120	-27	6
377245	1107	-19	6
377260	1094	-26	6
377275	1080	-35	6
377290	1062	-28	6
377305	1044	-17	6
377320	1035	-15	6
377335	1026	-15	6
377340	1017	-12	6
377355	1012	-3	6
377370	1008	4	6
377385	1008	4	6
377400	1012	1	6
377415	1012	4	6
377435	1012	10	6
377440	1017	9	6
377455	1026	9	6
377470	1030	7	6
377485	1035	3	6
377500	1035	9	6
377515	1040	18	6
377530	1048	15	6
377545	1058	11	6
377550	1066	14	6
377565	1071	11	6
377580	1080	9	6
377595	1084	8	6
377610	1089	6	6
377625	1094	7	6
377640	1094	15	6
377645	1102	20	6
377660	1116	14	6
377675	1125	8	6
377690	1130	11	6
377705	1134	11	6
377720	1138	5	6
377735	1143	-1	6
377755	1143	-1	6
377760	1143	0	6
377775	1143	5	6
377790	1143	6	6
377805	1148	2	6
377820	1148	2	6
377835	1152	4	6
377850	1152	3	6
377855	1152	11	6
377870	1161	11	6
377885	1166	3	6
377900	1170	4	6
377915	1170	7	6
377930	1174	2	6
377945	1174	-1	6
377950	1174	2	6
377965	1174	0	6
377980	1174	-2	6
377995	1174	6	6
378010	1179	0	6
378025	1179	-14	6
378040	1174	-16	6
378055	1166	-12	6
378060	1156	-12	6
378075	1152	-27	6
378090	1138	-33	6
378105	1116	-32	6
378120	1098	-25	6
378135	1084	-27	6
378155	1071	-41	6
378160	1048	-42	6
378176	1026	-32	6
378191	1008	-23	6
378206	994	-26	6
378221	976	-27	6
378236	963	-27	6
378251	950	-18	6
378256	936	-3	6
378271	936	0	6
378286	936	2	6
378302	936	18	6
378317	945	33	6
378332	963	29	6
378347	976	15	6
378362	986	6	6
378367	990	-1	6
378382	990	4	6
378398	990	13	6
378413	999	11	6
378428	1004	0	6
378443	1004	-6	6
378458	1004	-3	6
378463	1004	-7	6
378478	999	-11	6
378493	994	-17	6
378509	986	-17	6
378524	976	-6	6
378539	972	-8	6
378554	968	-23	6
378569	954	-27	6
378574	940	-25	6
378589	927	-18	6
378604	914	-12	6
378619	909	-6	6
378634	904	5	6
378649	904	21	6
378664	914	37	6
378669	936	42	6
378684	958	49	6
378699	986	68	6
378714	1026	73	6
378729	1066	70	6
378744	1107	76	6
378759	1148	78	6
378764	1192	70	6
378779	1233	69	6
378794	1269	69	6
378809	1310	62	6
378824	1346	51	6
378839	1372	41	6
378859	1395	28	6
378874	1413	27	6
378879	1426	25	6
378894	1440	13	6
378909	1449	0	6
378924	1449	-4	6
378939	1449	-8	6
378954	1444	-22	6
378969	1436	-31	6
378974	1418	-41	6
378989	1395	-45	6
379004	1368	-41	6
379019	1346	-46	6
379034	1318	-51	6
379049	1292	-45	6
379064	1264	-33	6
379069	1246	-35	6
379084	1228	-33	6
379099	1206	-24	6
379114	1192	-16	6
379129	1184	-12	6
379144	1179	-7	6
379159	1174	-10	6
379179	1170	-9	6
379184	1166	7	6
379199	1166	19	6
379214	1174	23	6
379229	1188	28	6
379244	1202	32	6
379259	1220	32	6
379274	1238	33	6
379279	1260	35	6
379294	1278	40	6
379309	1300	49	6
379324	1328	56	6
379339	1359	57	6
379354	1390	56	6
379369	1422	55	6
379385	1454	47	6
379390	1480	34	6
379405	1498	31	6
379420	1516	24	6
379435	1530	10	6
379450	1534	10	6
379465	1544	11	6
379480	1548	6	6
379485	1552	2	6
379500	1552	0	6
379515	1552	-10	6
379530	1552	-17	6
379545	1539	-17	6
379560	1530	-21	6
379575	1521	-25	6
379580	1508	-28	6
379595	1490	-37	6
379610	1467	-41	6
379625	1444	-43	6
379640	1422	-46	6
379655	1395	-49	6
379675	1368	-52	6
379690	1341	-51	6
379695	1310	-42	6
379710	1287	-35	6
379725	1269	-32	6
379740	1251	-26	6
379755	1233	-5	6
379770	1233	16	6
379785	1238	22	6
379790	1251	28	6
379805	1264	41	6
379820	1287	52	6
379835	1318	54	6
379850	1346	63	6
379866	1382	68	6
379881	1422	70	6
379896	1462	76	6
379901	1503	77	6
379916	1548	64	6
379931	1584	54	6
379946	1611	44	6
379961	1638	32	6
379976	1656	26	6
379991	1670	28	6
379996	1688	26	6
380012	1701	28	6
380027	1714	35	6
380042	1737	49	6
380057	1764	58	6
380072	1796	61	6
380087	1832	59	6
380092	1863	55	6
380107	1894	59	6
380122	1926	56	6
380137	1958	47	6
380152	1984	52	6
380168	2016	48	6
380184	2043	35	6
380199	2061	28	6
380204	2079	24	6
380219	2092	21	6
380234	2102	16	6
380250	2110	16	6
380265	2120	20	6
380280	2133	23	6
380295	2146	25	6
380300	2160	17	6
380315	2169	3	6
380330	2169	-6	6
380345	2169	-20	6
380360	2160	-34	6
380375	2142	-43	6
380395	2115	-37	6
380400	2097	-34	6
380415	2074	-44	6
380430	2052	-47	6
380445	2025	-40	6
380460	2002	-26	6
380475	1989	-19	6
380490	1976	-26	6
380505	1962	-22	6
380510	1948	-11	6
380525	1944	-16	6
380540	1935	-18	6
380555	1926	-6	6
380570	1922	3	6
380585	1922	7	6
380600	1922	10	6
380605	1930	12	6
380621	1935	20	6
380636	1948	48	6
380651	1976	71	6
380666	2016	81	6
380681	2061	81	6
380696	2106	81	6
380711	2151	74	6
380716	2192	58	6
380731	2223	40	6
380746	2246	25	6
380761	2264	17	6
380776	2272	15	6
380792	2282	17	6
380807	2290	13	6
380812	2295	15	6
380827	2304	21	6
380842	2318	28	6
380857	2331	33	6
380872	2349	33	6
380887	2372	21	6
380907	2380	10	6
380912	2385	-5	6
380927	2385	-16	6
380942	2380	-19	6
380957	2367	-17	6
380972	2358	-16	6
380987	2349	-18	6
381002	2340	-22	6
381017	2326	-29	6
381022	2313	-39	6
381037	2290	-39	6
381052	2268	-36	6
381067	2246	-40	6
381082	2223	-33	6
381097	2205	-31	6
381112	2187	-32	6
381117	2169	-29	6
381132	2156	-20	6
381147	2142	-19	6
381162	2133	-17	6
381177	2124	-12	6
381192	2115	-2	6
381207	2115	4	6
381212	2115	11	6
381227	2120	9	6
381242	2124	10	6
381257	2128	7	6
381272	2133	6	6
381287	2138	8	6
381304	2142	17	6
381319	2151	19	6
381324	2160	20	6
381339	2174	26	6
381355	2187	32	6
381370	2205	31	6
381385	2223	28	6
381400	2241	25	6
381415	2254	17	6
381420	2264	19	6
381435	2272	25	6
381450	2286	34	6
381465	2308	41	6
381480	2331	55	6
381495	2362	63	6
381510	2394	63	6
381530	2430	58	6
381535	2466	50	6
381550	2493	33	6
381565	2511	21	6
381580	2524	17	6
381596	2534	13	6
381611	2538	4	6
381626	2542	-3	6
381631	2542	-7	6
381646	2538	-8	6
381661	2534	-17	6
381676	2524	-29	6
381691	2511	-38	6
381706	2488	-43	6
381721	2466	-48	6
381726	2439	-59	6
381741	2403	-63	6
381756	2367	-56	6
381771	2336	-45	6
381786	2313	-36	6
381801	2290	-28	6
381816	2277	-21	6
381831	2264	-7	6
381836	2259	10	6
381851	2264	18	6
381866	2272	18	6
381881	2282	19	6
381896	2290	20	6
381911	2304	20	6
381931	2313	20	6
381936	2326	19	6
381951	2336	12	6
381966	2344	8	6
381981	2349	1	6
381997	2349	-9	6
382012	2349	-12	6
382027	2340	-6	6
382042	2336	-5	6
382047	2336	-4	6
382062	2331	-9	6
382077	2326	-10	6
382092	2322	-5	6
382107	2318	0	6
382122	2318	-1	6
382137	2318	3	6
382142	2318	12	6
382157	2322	20	6
382172	2336	23	6
382187	2349	31	6
382202	2362	34	6
382217	2385	41	6
382232	2408	44	6
382237	2430	40	6
382252	2452	38	6
382267	2475	36	6
382283	2498	37	6
382298	2516	29	6
382313	2534	23	6
382328	2547	20	6
382343	2556	19	6
382348	2570	12	6
382363	2574	13	6
382378	2583	9	6
382393	2588	4	6
382408	2588	-2	6
382423	2588	-1	6
382443	2588	-1	6
382448	2588	-2	6
382463	2588	-6	6
382478	2588	-7	6
382493	2583	-7	6
382509	2578	-6	6
382524	2574	-10	6
382539	2570	-10	6
382544	2565	-6	6
382559	2560	-11	6
382574	2556	-11	6
382589	2547	-7	6
382604	2542	-15	6
382619	2534	-13	6
382634	2529	-1	6
382649	2529	14	6
382654	2534	16	6
382669	2542	13	6
382685	2547	12	6
382701	2556	7	6
382717	2560	11	6
382733	2565	10	6
382749	2570	1	6
382754	2570	0	6
382769	2570	6	6
382784	2574	9	6
382799	2578	4	6
382814	2583	-7	6
382829	2583	-7	6
382844	2578	-4	6
382859	2574	-2	6
382864	2574	-8	6
382879	2570	-12	6
382894	2565	-13	6
382910	2556	-14	6
382925	2547	-10	6
382940	2542	-9	6
382955	2538	-14	6
382960	2529	-15	6
382975	2520	-10	6
382990	2516	-9	6
383005	2511	-14	6
383020	2502	-12	6
383035	2498	-10	6
383050	2488	-14	6
383055	2484	-17	6
383070	2470	-18	6
383085	2462	-14	6
383100	2452	-12	6
383115	2448	-9	6
383130	2444	1	6
383145	2444	4	6
383160	2444	2	6
383165	2444	2	6
383180	2444	-2	6
383195	2444	-5	6
383210	2444	-5	6
383225	2439	-6	6
383240	2439	-4	6
383255	2434	-11	6
383260	2430	-17	6
383275	2421	-15	6
383290	2412	-12	6
383305	2403	-14	6
383320	2398	-13	6
383335	2390	-14	6
383355	2380	-10	6
383360	2376	-4	6
383375	2372	3	6
383390	2372	0	6
383405	2372	-6	6
383420	2372	5	6
383435	2372	15	6
383450	2380	7	6
383465	2385	-3	6
383470	2385	-1	6
383485	2385	3	6
383500	2385	0	6
383515	2385	-8	6
383530	2380	-15	6
383545	2372	-16	6
383560	2362	-13	6
383565	2358	-12	6
383580	2349	-11	6
383595	2344	-12	6
383610	2336	-12	6
383625	2331	-12	6
383640	2322	-14	6
383655	2318	-17	6
383675	2308	-12	6
383680	2300	-1	6
383695	2300	0	6
383710	2300	-3	6
383725	2300	0	6
383740	2300	6	6
383755	2300	-1	6
383770	2300	-5	6
383775	2300	5	6
383790	2300	9	6
383805	2300	10	6
383820	2308	14	6
383835	2313	15	6
383850	2322	12	6
383865	2331	15	6
383870	2340	16	6
383885	2349	10	6
383900	2354	-2	6
383915	2354	1	6
383930	2354	6	6
383945	2358	6	6
383960	2358	6	6
383975	2362	7	6
383980	2367	8	6
383995	2372	0	6
384010	2372	-9	6
384025	2372	-20	6
384040	2358	-26	6
384055	2344	-28	6
384070	2326	-22	6
384075	2318	-10	6
384090	2308	-10	6
384105	2304	-12	6
384120	2300	-10	6
384135	2290	-14	6
384150	2286	-26	6
384171	2268	-25	6
384186	2254	-13	6
384191	2250	-8	6
384206	2246	-6	6
384221	2241	5	6
384236	2241	4	6
384251	2241	-1	6
384266	2241	-2	6
384281	2241	-1	6
384286	2241	4	6
384301	2241	5	6
384316	2246	13	6
384331	2250	13	6
384346	2259	15	6
384361	2268	18	6
384376	2277	16	6
384381	2286	11	6
384396	2295	0	6
384411	2295	-5	6
384427	2295	-5	6
384442	2290	-4	6
384457	2290	-9	6
384472	2286	-10	6
384487	2277	-11	6
384492	2272	-16	6
384507	2264	-18	6
384523	2254	-15	6
384538	2246	-13	6
384553	2236	-14	6
384568	2228	-5	6
384583	2228	2	6
384588	2228	-5	6
384603	2223	-4	6
384618	2223	9	6
384633	2223	12	6
384648	2232	16	6
384663	2241	18	6
384684	2250	20	6
384689	2259	21	6
384705	2272	22	6
384721	2286	23	6
384736	2300	19	6
384751	2308	13	6
384766	2318	10	6
384781	2322	8	6
384796	2326	5	6
384801	2331	-2	6
384816	2331	-2	6
384831	2331	-1	6
384846	2331	0	6
384861	2331	-5	6
384876	2326	-9	6
384891	2322	-8	6
384896	2318	-13	6
384911	2308	-12	6
384926	2304	-6	6
384941	2300	-7	6
384956	2295	-14	6
384971	2290	-12	6
384986	2282	-13	6
385001	2272	-14	6
385006	2268	-15	6
385022	2259	-13	6
385038	2250	-15	6
385053	2241	-13	6
385068	2236	-3	6
385083	2232	2	6
385098	2232	-8	6
385103	2232	-8	6
385118	2228	-2	6
385133	2223	8	6
385148	2223	7	6
385163	2228	8	6
385178	2232	13	6
385193	2241	17	6
385198	2250	11	6
385213	2254	8	6
385228	2259	7	6
385243	2264	5	6
385258	2268	1	6
385273	2268	4	6
385288	2272	-3	6
385304	2272	-9	6
385309	2268	-7	6
385324	2264	-6	6
385339	2259	-10	6
385354	2254	-15	6
385369	2246	-13	6
385384	2241	-16	6
385399	2232	-20	6
385405	2218	-17	6
385421	2210	-10	6
385437	2205	-8	6
385452	2200	-9	6
385467	2196	-3	6
385482	2192	-1	6
385497	2192	-4	6
385502	2192	-6	6
385517	2187	-5	6
385533	2182	-3	6
385548	2182	-3	6
385563	2178	5	6
385578	2178	13	6
385593	2187	21	6
385608	2196	20	6
385613	2210	16	6
385628	2218	14	6
385643	2228	8	6
385658	2232	4	6
385673	2232	9	6
385688	2236	10	6
385703	2246	8	6
385708	2250	13	6
385724	2254	16	6
385739	2264	7	6
385754	2268	0	6
385769	2268	-5	6
385784	2268	-14	6
385799	2264	-21	6
385814	2250	-19	6
385819	2241	-15	6
385834	2232	-7	6
385849	2228	8	6
385864	2228	17	6
385879	2236	15	6
385894	2246	14	6
385914	2254	16	6
385919	2264	17	6
385934	2272	12	6
385949	2277	5	6
385964	2282	-5	6
385979	2282	-20	6
385994	2272	-40	6
386009	2250	-51	6
386014	2218	-41	6
386029	2196	-25	6
386044	2182	-14	6
386060	2174	5	6
386075	2174	25	6
386090	2187	28	6
386105	2205	23	6
386120	2218	19	6
386125	2228	14	6
386140	2236	-3	6
386155	2236	-18	6
386170	2228	-30	6
386185	2210	-31	6
386200	2192	-5	6
386215	2192	32	6
386220	2205	56	6
386235	2236	55	6
386250	2268	54	6
386265	2295	59	6
386280	2331	62	6
386295	2367	57	6
386316	2398	58	6
386331	2430	66	6
386336	2466	75	6
386351	2511	68	6
386366	2547	54	6
386381	2578	39	6
386396	2601	28	6
386411	2614	14	6
386426	2624	6	6
386431	2628	-7	6
386446	2628	-9	6
386461	2624	-6	6
386476	2619	-9	6
386491	2614	-27	6
386506	2596	-40	6
386521	2574	-40	6
386526	2552	-55	6
386541	2520	-70	6
386556	2484	-72	6
386571	2444	-67	6
386586	2403	-57	6
386601	2372	-42	6
386617	2349	-25	6
386632	2336	-14	6
386637	2326	-17	6
386652	2318	-23	6
386667	2304	-40	6
386682	2282	-57	6
386697	2250	-68	6
386712	2210	-61	6
386727	2178	-46	6
386733	2151	-30	6
386749	2133	-17	6
386764	2124	0	6
386779	2124	13	6
386794	2128	14	6
386809	2138	17	6
386824	2146	16	6
386829	2156	17	6
386845	2164	18	6
386861	2174	28	6
386877	2192	28	6
386893	2205	15	6
386909	2214	6	6
386924	2218	10	6
386939	2223	4	6
386944	2228	-8	6
386959	2223	-9	6
386974	2218	-10	6
386989	2214	-20	6
387005	2205	-28	6
387020	2187	-32	6
387035	2169	-36	6
387040	2151	-41	6
387055	2124	-44	6
387071	2102	-52	6
387086	2070	-59	6
387101	2038	-61	6
387116	2002	-56	6
387131	1971	-50	6
387146	1944	-40	6
387151	1922	-26	6
387166	1908	-11	6
387181	1904	-9	6
387196	1894	-8	6
387211	1890	8	6
387226	1894	29	6
387241	1908	43	6
387246	1935	44	6
387261	1958	51	6
387276	1984	58	6
387291	2020	49	6
387306	2048	35	6
387321	2066	31	6
387337	2084	32	6
387342	2102	37	6
387357	2124	48	6
387372	2151	52	6
387387	2178	50	6
387402	2205	61	6
387417	2241	74	6
387432	2282	73	6
387447	2322	62	6
387452	2358	52	6
387467	2390	40	6
387482	2412	19	6
387497	2421	-4	6
387512	2421	-13	6
387528	2416	-13	6
387543	2408	-9	6
387548	2403	-10	6
387563	2398	-11	6
387578	2390	-7	6
387593	2390	-5	6
387608	2385	3	6
387623	2385	1	6
387643	2385	2	6
387659	2385	7	6
387664	2390	18	6
387679	2398	16	6
387694	2408	11	6
387709	2412	23	6
387724	2426	37	6
387739	2448	40	6
387754	2470	45	6
387759	2493	42	6
387774	2520	34	6
387789	2538	26	6
387805	2552	19	6
387820	2565	17	6
387835	2574	12	6
387850	2578	13	6
387855	2588	12	6
387871	2592	14	6
387886	2601	10	6
387901	2606	9	6
387916	2610	9	6
387931	2619	5	6
387946	2619	-7	6
387961	2619	-13	6
387967	2614	-8	6
387982	2610	-8	6
387997	2606	-16	6
388012	2596	-23	6
388027	2583	-31	6
388042	2565	-36	6
388057	2542	-34	6
388062	2524	-30	6
388077	2506	-36	6
388092	2488	-34	6
388107	2470	-24	6
388122	2457	-6	6
388137	2452	-2	6
388152	2452	1	6
388157	2452	14	6
388172	2457	27	6
388187	2470	32	6
388202	2488	34	6
388217	2506	37	6
388232	2529	44	6
388247	2552	40	6
388263	2574	39	6
388269	2596	34	6
388285	2614	30	6
388301	2632	27	6
388317	2650	23	6
388332	2660	15	6
388347	2668	13	6
388363	2678	15	6
388368	2686	16	6
388383	2696	12	6
388398	2700	2	6
388413	2704	12	6
388428	2709	14	6
388443	2718	2	6
388459	2718	-7	6
388474	2718	-6	6
388479	2714	-1	6
388494	2714	-6	6
388509	2709	-13	6
388524	2704	-13	6
388539	2696	-11	6
388554	2691	-9	6
388569	2686	-15	6
388574	2678	-19	6
388589	2664	-11	6
388604	2660	3	6
388620	2660	14	6
388635	2664	13	6
388650	2673	18	6
388665	2682	24	6
388670	2696	34	6
388685	2714	31	6
388700	2732	29	6
388715	2750	33	6
388730	2768	40	6
388745	2790	41	6
388760	2812	33	6
388775	2830	27	6
388780	2848	20	6
388795	2858	11	6
388810	2866	6	6
388825	2866	1	6
388840	2866	-6	6
388855	2866	-8	6
388870	2866	-7	6
388875	2862	-10	6
388890	2853	-13	6
388905	2848	-11	6
388920	2840	-8	6
388935	2835	-12	6
388950	2830	-13	6
388970	2822	-17	6
388975	2812	-12	6
388990	2808	-8	6
389005	2804	-1	6
389020	2804	1	6
389035	2804	9	6
389050	2804	15	6
389065	2812	23	6
389080	2826	28	6
389085	2840	28	6
389100	2858	32	6
389115	2876	40	6
389131	2898	39	6
389146	2920	22	6
389161	2930	14	6
389176	2938	17	6
389181	2948	21	6
389196	2961	12	6
389211	2966	4	6
389226	2970	0	6
389241	2970	1	6
389256	2970	2	6
389271	2970	-1	6
389291	2970	-2	6
389296	2970	0	6
389311	2970	3	6
389326	2970	5	6
389341	2974	-4	6
389356	2974	-8	6
389371	2970	-7	6
389386	2966	-5	6
389391	2966	-6	6
389406	2961	-8	6
389421	2956	-7	6
389436	2952	-2	6
389451	2952	-6	6
389466	2948	-16	6
389481	2938	-19	6
389486	2930	-21	6
389501	2916	-20	6
389516	2907	-15	6
389531	2898	-9	6
389546	2894	-8	6
389561	2889	-5	6
389577	2884	4	6
389592	2884	0	6
389597	2884	1	6
389613	2884	12	6
389629	2889	17	6
389645	2898	15	6
389661	2907	12	6
389677	2916	16	6
389692	2925	15	6
389697	2934	14	6
389712	2938	12	6
389727	2948	16	6
389742	2956	18	6
389757	2966	20	6
389772	2979	19	6
389787	2988	10	6
389802	2992	3	6
389807	2997	-1	6
389822	2997	-4	6
389837	2997	-4	6
389852	2992	-6	6
389867	2992	1	6
389882	2992	7	6
389897	2992	5	6
389902	2992	-3	6
389917	2992	-2	6
389932	2992	-2	6
389947	2992	-8	6
389962	2988	-11	6
389977	2984	-8	6
389992	2979	-10	6
389997	2974	-4	6
390012	2970	-2	6
390027	2970	-4	6
390042	2966	-5	6
390057	2966	-1	6
390072	2966	0	6
390087	2966	-8	6
390102	2961	-5	6
390107	2956	0	6
390122	2956	7	6
390137	2956	7	6
390152	2961	9	6
390167	2966	12	6
390182	2974	10	6
390202	2979	3	6
390207	2979	1	6
390222	2979	5	6
390237	2984	11	6
390252	2988	12	6
390267	2997	17	6
390282	3006	14	6
390297	3015	4	6
390302	3015	-4	6
390317	3015	-2	6
390332	3015	-1	6
390347	3015	-7	6
390362	3010	-7	6
390377	3006	-11	6
390392	3002	-20	6
390407	2992	-27	6
390412	2974	-31	6
390427	2956	-39	6
390442	2934	-47	6
390457	2912	-44	6
390472	2884	-42	6
390487	2862	-44	6
390502	2835	-45	6
390507	2812	-37	6
390522	2790	-26	6
390537	2776	-20	6
390552	2763	-13	6
390567	2758	-2	6
390583	2754	11	6
390598	2758	13	6
390618	2768	9	6
390623	2772	17	6
390638	2781	22	6
390653	2794	22	6
390668	2804	26	6
390684	2822	26	6
390699	2835	24	6
390714	2848	28	6
390719	2862	34	6
390734	2884	26	6
390749	2898	20	6
390764	2907	19	6
390779	2920	14	6
390794	2925	5	6
390809	2930	3	6
390814	2930	6	6
390829	2934	-2	6
390844	2934	-12	6
390859	2930	-12	6
390874	2925	-15	6
390889	2916	-21	6
390904	2902	-28	6
390919	2889	-30	6
390924	2871	-27	6
390939	2858	-30	6
390954	2840	-39	6
390969	2817	-43	6
390984	2794	-40	6
391000	2772	-36	6
391015	2750	-28	6
391020	2736	-26	6
391035	2718	-21	6
391050	2709	-9	6
391065	2704	5	6
391080	2704	5	6
391095	2704	2	6
391112	2704	5	6
391117	2709	10	6
391132	2714	8	6
391147	2718	5	6
391162	2722	11	6
391177	2727	15	6
391193	2736	16	6
391208	2745	20	6
391223	2758	25	6
391228	2772	25	6
391243	2786	21	6
391259	2794	17	6
391274	2808	14	6
391289	2812	4	6
391304	2817	0	6
391319	2817	0	6
391324	2817	2	6
391339	2817	-4	6
391355	2817	-17	6
391370	2808	-30	6
391385	2794	-38	6
391400	2772	-44	6
391415	2745	-41	6
391430	2722	-45	6
391435	2700	-49	6
391450	2668	-47	6
391466	2646	-38	6
391481	2624	-36	6
391496	2601	-36	6
391511	2583	-25	6
391526	2570	-14	6
391531	2560	-11	6
391546	2556	-5	6
391561	2552	5	6
391576	2552	16	6
391591	2560	20	6
391606	2570	24	6
391626	2583	27	6
391631	2601	29	6
391646	2614	35	6
391661	2637	40	6
391676	2660	39	6
391691	2678	34	6
391706	2700	30	6
391721	2714	25	6
391737	2732	14	6
391742	2736	7	6
391757	2740	8	6
391772	2745	5	6
391787	2750	-3	6
391802	2750	-12	6
391817	2745	-13	6
391832	2736	-15	6
391837	2727	-24	6
391852	2714	-33	6
391867	2696	-35	6
391883	2678	-39	6
391898	2655	-47	6
391913	2628	-50	6
391928	2601	-50	6
391943	2574	-52	6
391948	2542	-45	6
391963	2516	-36	6
391978	2498	-26	6
391993	2484	-15	6
392008	2475	-9	6
392023	2470	-6	6
392038	2466	-1	6
392043	2466	6	6
392058	2466	16	6
392073	2475	22	6
392088	2484	29	6
392103	2502	37	6
392118	2524	42	6
392138	2547	38	6
392143	2570	31	6
392159	2588	25	6
392174	2601	19	6
392189	2610	11	6
392204	2614	4	6
392219	2619	-2	6
392234	2619	-4	6
392249	2619	-5	6
392254	2614	-4	6
392269	2614	-9	6
392284	2610	-12	6
392299	2601	-14	6
392314	2596	-15	6
392329	2588	-22	6
392344	2574	-29	6
392349	2556	-35	6
392364	2538	-38	6
392379	2516	-38	6
392394	2493	-31	6
392409	2480	-25	6
392424	2462	-27	6
392439	2448	-27	6
392445	2434	-22	6
392461	2421	-14	6
392476	2412	-10	6
392491	2408	-1	6
392506	2408	11	6
392521	2408	25	6
392537	2421	31	6
392552	2439	34	6
392557	2462	39	6
392572	2480	48	6
392587	2506	45	6
392602	2534	40	6
392617	2556	32	6
392632	2574	23	6
392647	2588	16	6
392652	2596	12	6
392667	2601	7	6
392682	2606	1	6
392697	2606	0	6
392712	2606	-4	6
392727	2606	-10	6
392742	2606	-23	6
392762	2592	-31	6
392767	2574	-36	6
392782	2552	-37	6
392797	2534	-38	6
392812	2511	-39	6
392827	2488	-41	6
392842	2466	-41	6
392857	2444	-45	6
392862	2416	-42	6
392877	2394	-38	6
392892	2372	-30	6
392907	2354	-20	6
392922	2344	-18	6
392938	2336	-17	6
392953	2326	-15	6
392958	2318	-5	6
392973	2313	-2	6
392988	2313	0	6
393003	2313	4	6
393018	2313	8	6
393034	2313	7	6
393049	2318	7	6
393064	2322	10	6
393069	2326	17	6
393084	2340	20	6
393100	2349	25	6
393115	2362	30	6
393130	2380	33	6
393145	2398	27	6
393160	2412	23	6
393165	2426	12	6
393180	2434	10	6
393195	2439	14	6
393210	2448	16	6
393225	2457	11	6
393240	2462	5	6
393255	2466	4	6
393260	2466	-2	6
393275	2466	-13	6
393290	2462	-20	6
393305	2452	-20	6
393320	2439	-26	6
393335	2426	-32	6
393350	2408	-36	6
393370	2390	-38	6
393375	2367	-35	6
393390	2344	-30	6
393405	2331	-23	6
393420	2318	-24	6
393435	2304	-22	6
393450	2290	-14	6
393465	2282	-10	6
393470	2277	-2	6
393485	2277	6	6
393500	2277	17	6
393515	2286	23	6
393530	2300	27	6
393545	2313	31	6
393560	2331	35	6
393575	2349	35	6
393580	2372	31	6
393595	2390	31	6
393610	2403	19	6
393625	2416	13	6
393640	2421	9	6
393655	2430	6	6
393675	2430	4	6
393680	2434	2	6
393695	2434	-1	6
393710	2434	0	6
393725	2434	1	6
393740	2434	-7	6
393755	2434	-20	6
393771	2426	-33	6
393776	2403	-37	6
393791	2385	-38	6
393806	2362	-42	6
393821	2340	-40	6
393837	2318	-31	6
393853	2300	-23	6
393869	2286	-19	6
393885	2277	-22	6
393890	2264	-12	6
393906	2254	-1	6
393921	2254	13	6
393936	2259	19	6
393951	2268	21	6
393966	2282	21	6
393981	2295	21	6
393986	2304	28	6
394001	2322	31	6
394016	2340	35	6
394031	2358	33	6
394046	2376	30	6
394061	2394	20	6
394076	2403	8	6
394091	2408	-3	6
394096	2408	-6	6
394111	2408	-10	6
394126	2403	-19	6
394141	2394	-25	6
394156	2376	-28	6
394171	2362	-34	6
394186	2344	-39	6
394191	2322	-39	6
394206	2300	-41	6
394221	2277	-42	6
394236	2254	-35	6
394251	2232	-29	6
394266	2218	-26	6
394281	2200	-19	6
394286	2192	-12	6
394301	2182	-3	6
394316	2182	3	6
394331	2182	7	6
394346	2182	14	6
394361	2192	23	6
394376	2205	27	6
394391	2218	28	6
394396	2236	25	6
394411	2250	16	6
394426	2259	15	6
394441	2268	17	6
394456	2277	14	6
394471	2286	8	6
394486	2290	4	6
394491	2290	-1	6
394506	2290	-6	6
394521	2290	-11	6
394536	2286	-13	6
394551	2277	-18	6
394566	2268	-17	6
394587	2259	-16	6
394592	2250	-17	6
394608	2241	-18	6
394623	2232	-22	6
394638	2218	-18	6
394653	2210	-15	6
394668	2200	-19	6
394683	2187	-23	6
394698	2174	-14	6
394703	2169	-8	6
394718	2164	-4	6
394733	2160	2	6
394748	2160	10	6
394763	2164	19	6
394778	2174	26	6
394793	2187	28	6
394798	2205	23	6
394813	2218	18	6
394828	2228	20	6
394843	2241	20	6
394858	2250	19	6
394873	2259	23	6
394889	2272	25	6
394904	2286	23	6
394909	2300	16	6
394924	2308	12	6
394939	2318	8	6
394954	2322	2	6
394969	2322	-3	6
394984	2322	-6	6
394999	2322	-9	6
395004	2318	-15	6
395019	2308	-22	6
395034	2295	-22	6
395049	2282	-17	6
395064	2272	-12	6
395079	2268	-12	6
395094	2259	-14	6
395099	2250	-20	6
395114	2241	-28	6
395129	2223	-24	6
395146	2210	-21	6
395161	2200	-24	6
395176	2187	-21	6
395191	2174	-10	6
395206	2169	-3	6
395211	2169	-6	6
395226	2164	-2	6
395241	2164	2	6
395256	2164	10	6
395271	2164	18	6
395286	2174	29	6
395306	2192	35	6
395311	2210	37	6
395327	2232	34	6
395342	2250	34	6
395357	2272	32	6
395372	2290	22	6
395387	2300	14	6
395402	2308	12	6
395417	2318	9	6
395422	2322	0	6
395437	2322	-3	6
395452	2322	2	6
395467	2322	8	6
395482	2326	13	6
395497	2331	17	6
395512	2340	12	6
395517	2349	5	6
395532	2349	-3	6
395547	2349	-5	6
395562	2349	-10	6
395577	2344	0	6
395593	2344	7	6
395608	2344	7	6
395613	2349	6	6
395628	2354	6	6
395643	2354	11	6
395658	2362	11	6
395673	2367	1	6
395688	2367	1	6
395703	2367	7	6
395718	2372	13	6
395723	2380	12	6
395738	2385	14	6
395753	2394	14	6
395768	2403	10	6
395783	2408	5	6
395798	2412	-1	6
395818	2412	-3	6
395823	2412	-1	6
395838	2412	-7	6
395853	2408	-9	6
395868	2403	-13	6
395883	2394	-10	6
395898	2390	-7	6
395913	2385	-11	6
395918	2380	-14	6
395933	2372	-14	6
395948	2362	-14	6
395963	2358	-17	6
395978	2349	-17	6
395993	2336	-9	6
396008	2331	1	6
396023	2331	1	6
396028	2331	7	6
396043	2336	14	6
396058	2340	20	6
396073	2354	24	6
396088	2367	21	6
396103	2376	17	6
396118	2390	15	6
396123	2394	17	6
396138	2408	20	6
396153	2416	17	6
396168	2426	13	6
396183	2434	10	6
396198	2439	14	6
396218	2448	12	6
396233	2452	0	6
396238	2452	-9	6
396253	2452	-14	6
396268	2444	-21	6
396283	2434	-38	6
396298	2412	-51	6
396313	2385	-66	6
396328	2344	-78	6
396333	2304	-92	6
396348	2250	-101	6
396363	2192	-98	6
396378	2138	-83	6
396393	2092	-78	6
396408	2048	-84	6
396424	2002	-86	6
396429	1953	-65	6
396444	1917	-29	6
396459	1899	-2	6
396474	1899	10	6
396489	1899	31	6
396504	1917	68	6
396519	1958	114	6
396534	2020	142	6
396540	2102	148	6
396556	2182	145	6
396571	2264	170	6
396586	2358	210	6
396601	2480	229	6
396616	2606	221	6
396631	2732	213	6
396636	2853	222	6
396651	2974	236	6
396666	3110	222	6
396681	3236	190	6
396696	3339	161	6
396711	3429	153	6
396726	3519	145	6
396731	0	112	6
396746	63	64	6
396761	99	37	6
396776	117	35	6
396791	140	27	6
396806	153	-2	6
396827	153	-49	6
396842	130	-81	6
396847	81	-95	6
396862	32	-120	6
396877	3564	-158	6
396892	3474	-184	6
396907	3370	-186	6
396922	3267	-179	6
396937	3164	-179	6
396942	3064	-194	6
396957	2956	-201	6
396972	2840	-182	6
396987	2740	-162	6
397002	2646	-161	6
397017	2556	-167	6
397032	2462	-159	6
397047	2376	-139	6
397052	2295	-124	6
397067	2228	-116	6
397082	2160	-111	6
397097	2097	-95	6
397112	2043	-75	6
397127	2002	-61	6
397143	1966	-52	6
397148	1940	-40	6
397163	1917	-24	6
397178	1904	-2	6
397193	1904	21	6
397208	1908	46	6
397223	1935	79	6
397238	1980	113	6
397243	2043	134	6
397259	2120	154	6
397274	2205	167	6
397289	2300	175	6
397304	2398	173	6
397319	2498	172	6
397334	2592	178	6
397354	2691	181	6
397359	2794	174	6
397374	2894	157	6
397389	2979	140	6
397404	3060	132	6
397419	3132	121	6
397434	3200	107	6
397449	3262	78	6
397454	3308	58	6
397469	3339	56	6
397484	3370	48	6
397499	3398	27	6
397514	3411	1	6
397529	3411	-10	6
397544	3411	-14	6
397559	3402	-24	6
397564	3388	-38	6
397580	3366	-36	6
397595	3348	-8	6
397610	3344	27	6
397625	3352	47	6
397640	3380	42	6
397655	3406	19	6
397660	3416	8	6
397675	3420	13	6
397690	3429	14	6
397705	3434	4	6
397720	3438	5	6
397735	3438	24	6
397750	3452	34	6
397755	3474	25	6
397770	3488	2	6
397785	3488	-10	6
397800	3488	-15	6
397815	3478	-28	6
397830	3460	-45	6
397845	3438	-56	6
397865	3406	-48	6
397870	3380	-17	6
397885	3370	5	6
397900	3370	12	6
397915	3375	11	6
397930	3380	19	6
397945	3393	21	6
397960	3402	26	6
397965	3416	38	6
397980	3438	68	6
397996	3478	96	6
398012	3532	107	6
398028	3591	105	6
398043	50	111	6
398058	112	116	6
398063	180	101	6
398078	234	68	6
398093	274	24	6
398108	288	5	6
398123	288	16	6
398138	297	38	6
398153	320	50	6
398169	346	54	6
398174	378	57	6
398189	410	47	6
398204	436	25	6
398219	450	1	6
398234	450	-6	6
398249	450	-1	6
398264	450	-3	6
398269	450	-18	6
398284	441	-33	6
398299	423	-42	6
398314	396	-37	6
398329	378	-32	6
398344	360	-39	6
398359	338	-39	6
398374	315	-26	6
398379	302	-14	6
398394	292	-26	6
398409	279	-58	6
398424	243	-84	6
398439	198	-97	6
398454	144	-103	6
398474	86	-105	6
398479	27	-93	6
398494	3573	-67	6
398509	3537	-40	6
398524	3514	-27	6
398539	3496	-22	6
398554	3488	-5	6
398569	3483	25	6
398574	3492	50	6
398589	3524	53	6
398604	3550	36	6
398619	3573	33	6
398634	3591	41	6
398649	14	34	6
398664	32	18	6
398679	40	6	6
398684	45	3	6
398699	50	-3	6
398714	50	-14	6
398729	40	-32	6
398744	22	-51	6
398759	3596	-59	6
398774	3564	-64	6
398779	3528	-72	6
398794	3488	-70	6
398809	3447	-54	6
398824	3416	-37	6
398839	3393	-32	6
398854	3375	-35	6
398875	3357	-25	6
398880	3344	-4	6
398895	3339	16	6
398910	3348	30	6
398925	3362	39	6
398940	3384	47	6
398955	3411	49	6
398971	3438	47	6
398986	3465	38	6
398991	3488	30	6
399006	3506	33	6
399021	3524	45	6
399036	3546	51	6
399051	3578	38	6
399066	3596	21	6
399081	9	6	6
399086	14	-18	6
399101	4	-49	6
399116	3578	-70	6
399131	3542	-80	6
399146	3496	-88	6
399161	3447	-103	6
399176	3388	-112	6
399191	3326	-106	6
399196	3262	-90	6
399211	3213	-79	6
399226	3168	-84	6
399241	3123	-95	6
399256	3069	-93	6
399271	3015	-74	6
399286	2974	-56	6
399291	2943	-54	6
399306	2912	-57	6
399321	2880	-49	6
399336	2853	-47	6
399351	2826	-56	6
399366	2794	-65	6
399381	2758	-61	6
399386	2722	-45	6
399401	2700	-36	6
399416	2678	-35	6
399431	2660	-39	6
399446	2637	-39	6
399462	2614	-33	6
399478	2596	-36	6
399493	2578	-46	6
399498	2552	-50	6
399513	2524	-42	6
399528	2498	-31	6
399543	2480	-41	6
399558	2457	-52	6
399573	2430	-43	6
399593	2403	-22	6
399598	2394	-11	6
399613	2385	-8	6
399628	2380	-3	6
399643	2380	-1	6
399658	2380	0	6
399673	2380	1	6
399688	2380	7	6
399703	2380	9	6
399708	2385	18	6
399723	2394	21	6
399738	2408	16	6
399753	2416	3	6
399768	2416	3	6
399783	2421	4	6
399798	2421	-4	6
399803	2421	-16	6
399819	2416	-27	6
399834	2398	-39	6
399849	2376	-54	6
399864	2349	-60	6
399879	2313	-52	6
399894	2286	-41	6
399899	2259	-33	6
399914	2241	-30	6
399929	2228	-35	6
399944	2205	-39	6
399959	2182	-42	6
399974	2160	-34	6
399994	2142	-30	6
400009	2124	-29	6
400014	2106	-19	6
400029	2097	0	6
400044	2097	6	6
400059	2097	-6	6
400074	2097	-8	6
400089	2092	-3	6
400104	2092	0	6
400109	2092	1	6
400124	2092	7	6
400139	2092	8	6
400154	2097	14	6
400169	2106	19	6
400184	2115	16	6
400200	2124	10	6
400205	2128	15	6
400220	2138	28	6
400235	2156	28	6
400250	2169	23	6
400265	2182	15	6
400280	2192	18	6
400295	2200	21	6
400310	2214	24	6
400316	2228	38	6
400331	2246	52	6
400346	2277	49	6
400361	2304	27	6
400376	2318	-7	6
400391	2318	-34	6
400406	2300	-47	6
400411	2272	-55	6
400426	2241	-57	6
400441	2210	-63	6
400456	2174	-62	6
400471	2142	-49	6
400486	2115	-49	6
400506	2084	-58	6
400521	2052	-63	6
400526	2016	-50	6
400541	1989	-39	6
400556	1966	-33	6
400571	1948	-27	6
400587	1935	-19	6
400602	1922	-11	6
400617	1917	-4	6
400622	1912	-1	6
400637	1912	2	6
400652	1912	3	6
400667	1912	1	6
400682	1912	-7	6
400697	1912	-21	6
400712	1904	-31	6
400717	1886	-27	6
400732	1868	-23	6
400748	1854	-28	6
400764	1840	-43	6
400780	1818	-55	6
400796	1786	-69	6
400811	1746	-82	6
400826	1701	-68	6
400831	1660	-33	6
400846	1642	11	6
400861	1647	50	6
400876	1674	83	6
400891	1719	92	6
400906	1773	73	6
400921	1814	39	6
400926	1836	10	6
400941	1840	-8	6
400956	1840	-13	6
400971	1832	-1	6
400986	1832	15	6
401001	1836	23	6
401016	1850	12	6
401021	1858	-6	6
401036	1858	-29	6
401051	1840	-47	6
401066	1814	-48	6
401081	1786	-23	6
401096	1773	5	6
401111	1773	24	6
401126	1786	27	6
401131	1800	13	6
401146	1809	-9	6
401161	1809	-14	6
401176	1800	2	6
401191	1800	14	6
401206	1804	7	6
401226	1809	-1	6
401231	1809	-10	6
401246	1809	-26	6
401261	1791	-35	6
401276	1773	-36	6
401291	1750	-28	6
401306	1737	-33	6
401321	1719	-33	6
401337	1701	-27	6
401342	1683	-20	6
401357	1674	-15	6
401372	1665	-15	6
401387	1656	-33	6
401402	1638	-53	6
401417	1606	-59	6
401432	1575	-49	6
401437	1548	-40	6
401452	1526	-41	6
401467	1503	-43	6
401482	1476	-41	6
401497	1454	-48	6
401512	1426	-53	6
401527	1400	-52	6
401532	1368	-47	6
401547	1341	-39	6
401562	1318	-21	6
401577	1310	12	6
401592	1310	37	6
401607	1332	44	6
401622	1354	37	6
401642	1377	21	6
401647	1390	6	6
401662	1390	-2	6
401677	1390	-1	6
401692	1390	-4	6
401707	1390	-13	6
401722	1386	-18	6
401737	1377	-20	6
401742	1364	-21	6
401757	1350	-26	6
401772	1336	-23	6
401787	1323	-17	6
401802	1314	-32	6
401817	1296	-59	6
401832	1264	-78	6
401847	1220	-92	6
401852	1170	-87	6
401867	1120	-70	6
401882	1080	-47	6
401897	1053	-37	6
401912	1030	-36	6
401927	1012	-36	6
401942	990	-47	6
401947	968	-70	6
401962	927	-91	6
401977	873	-106	6
401992	814	-119	6
402007	747	-126	6
402022	680	-125	6
402042	608	-123	6
402047	540	-128	6
402062	468	-124	6
402077	396	-104	6
402092	338	-77	6
402107	292	-54	6
402122	266	-35	6
402137	243	-17	6
402152	234	-8	6
402157	230	1	6
402172	230	15	6
402188	234	17	6
402204	243	8	6
402220	248	-3	6
402235	248	1	6
402250	248	-1	6
402255	248	-8	6
402270	248	-4	6
402285	243	3	6
402300	243	-1	6
402315	243	-6	6
402330	243	-7	6
402345	238	-15	6
402350	230	-29	6
402365	216	-39	6
402380	194	-45	6
402395	166	-55	6
402410	135	-60	6
402425	104	-54	6
402440	72	-51	6
402455	45	-55	6
402460	14	-47	6
402476	3586	-28	6
402491	3568	-13	6
402506	3564	-12	6
402521	3555	-1	6
402536	3555	10	6
402551	3555	19	6
402556	3568	18	6
402571	3578	21	6
402586	3591	18	6
402601	0	-2	6
402616	0	-26	6
402631	3586	-35	6
402646	3568	-32	6
402661	3550	-24	6
402666	3537	-7	6
402681	3532	-3	6
402696	3532	-22	6
402711	3519	-44	6
402726	3492	-46	6
402746	3470	-40	6
402761	3447	-35	6
402766	3424	-27	6
402782	3411	-26	6
402797	3398	-37	6
402812	3375	-50	6
402827	3348	-51	6
402842	3316	-50	6
402857	3290	-60	6
402862	3258	-66	6
402877	3218	-63	6
402893	3186	-65	6
402908	3146	-63	6
402923	3114	-58	6
402938	3078	-53	6
402953	3051	-62	6
402968	3015	-65	6
402974	2979	-52	6
402989	2948	-35	6
403004	2930	-23	6
403019	2916	-9	6
403034	2912	6	6
403050	2912	1	6
403065	2912	-22	6
403070	2902	-41	6
403085	2880	-52	6
403100	2848	-56	6
403115	2817	-45	6
403130	2794	-30	6
403145	2776	-36	6
403160	2758	-48	6
403175	2732	-45	6
403180	2704	-49	6
403195	2678	-58	6
403210	2646	-65	6
403225	2606	-60	6
403240	2574	-63	6
403255	2538	-74	6
403270	2498	-79	6
403275	2452	-73	6
403291	2412	-67	6
403306	2372	-64	6
403321	2336	-59	6
403336	2304	-54	6
403351	2272	-53	6
403366	2246	-45	6
403371	2218	-30	6
403386	2200	-29	6
403401	2187	-32	6
403416	2169	-26	6
403431	2151	-13	6
403446	2146	-11	6
403466	2138	-19	6
403481	2128	-21	6
403486	2115	-31	6
403501	2102	-41	6
403516	2074	-35	6
403532	2056	-25	6
403548	2043	-24	6
403564	2030	-24	6
403580	2016	-13	6
403585	2007	-12	6
403601	2002	-24	6
403616	1989	-34	6
403631	1971	-29	6
403646	1953	-30	6
403661	1935	-33	6
403676	1917	-29	6
403681	1899	-22	6
403696	1890	-23	6
403711	1876	-25	6
403726	1863	-26	6
403741	1845	-30	6
403756	1832	-33	6
403771	1814	-19	6
403786	1800	5	6
403791	1800	19	6
403806	1809	17	6
403821	1818	16	6
403836	1827	9	6
403851	1836	-11	6
403866	1832	-21	6
403881	1818	-18	6
403886	1809	-23	6
403901	1796	-34	6
403916	1778	-32	6
403931	1760	-20	6
403946	1750	-21	6
403961	1737	-28	6
403976	1719	-29	6
403991	1706	-28	6
403996	1688	-31	6
404011	1670	-25	6
404026	1656	-4	6
404041	1656	15	6
404056	1660	26	6
404071	1674	32	6
404086	1692	22	6
404091	1706	0	6
404106	1706	-19	6
404121	1696	-16	6
404136	1688	-6	6
404151	1688	2	6
404166	1688	2	6
404181	1688	-1	6
404186	1688	-16	6
404201	1678	-29	6
404216	1660	-30	6
404231	1647	-33	6
404246	1624	-38	6
404266	1606	-37	6
404282	1584	-19	6
404297	1575	-9	6
404302	1570	-7	6
404317	1566	5	6
404332	1566	15	6
404347	1570	18	6
404362	1584	10	6
404377	1588	-2	6
404392	1588	-21	6
404397	1580	-27	6
404412	1562	-17	6
404427	1552	-8	6
404442	1548	-13	6
404457	1544	-21	6
404472	1530	-21	6
404487	1516	-25	6
404492	1503	-43	6
404507	1480	-52	6
404522	1449	-34	6
404537	1431	-10	6
404552	1426	-2	6
404567	1426	10	6
404582	1426	15	6
404598	1436	7	6
404603	1440	-8	6
404618	1440	-18	6
404633	1426	-31	6
404648	1413	-37	6
404663	1390	-32	6
404678	1372	-20	6
404698	1359	-26	6
404703	1346	-32	6
404718	1328	-30	6
404733	1310	-31	6
404748	1296	-48	6
404763	1269	-57	6
404779	1233	-48	6
404794	1206	-46	6
404809	1184	-59	6
404814	1148	-72	6
404829	1107	-74	6
404844	1066	-66	6
404859	1030	-53	6
404875	999	-37	6
404890	981	-34	6
404905	958	-41	6
404910	936	-45	6
404925	914	-42	6
404940	886	-52	6
404955	860	-62	6
404970	824	-57	6
404985	792	-47	6
405000	765	-52	6
405005	738	-59	6
405020	702	-56	6
405036	670	-55	6
405051	639	-63	6
405066	603	-60	6
405081	572	-45	6
405096	544	-41	6
405111	522	-38	6
405116	500	-31	6
405131	486	-25	6
405146	468	-27	6
405161	454	-23	6
405176	441	-14	6
405191	432	-15	6
405206	428	-26	6
405211	410	-28	6
405226	396	-21	6
405241	382	-22	6
405256	369	-27	6
405271	356	-27	6
405286	342	-33	6
405301	324	-40	6
405321	302	-33	6
405326	279	-27	6
405341	266	-28	6
405356	252	-33	6
405371	230	-31	6
405386	216	-33	6
405401	194	-46	6
405416	171	-51	6
405421	140	-40	6
405436	117	-33	6
405451	99	-37	6
405466	81	-36	6
405481	58	-26	6
405496	45	-27	6
405511	27	-30	6
405516	14	-28	6
405531	3596	-32	6
405546	3578	-40	6
405561	3555	-27	6
405576	3542	-7	6
405591	3537	5	6
405606	3537	19	6
405621	3546	40	6
405626	3568	28	6
405641	3586	-12	6
405656	3582	-50	6
405671	3555	-52	6
405687	3524	-40	6
405702	3501	-39	6
405722	3478	-39	6
405727	3456	-38	6
405742	3438	-35	6
405757	3416	-41	6
405772	3393	-39	6
405788	3370	-37	6
405803	3352	-44	6
405818	3326	-46	6
405823	3298	-42	6
405838	3276	-43	6
405853	3254	-31	6
405868	3236	-1	6
405884	3236	20	6
405900	3240	12	6
405915	3249	5	6
405930	3254	13	6
405935	3258	8	6
405950	3262	-10	6
405965	3262	-22	6
405980	3249	-22	6
405995	3236	-13	6
406010	3231	-8	6
406025	3226	-10	6
406030	3218	-21	6
406045	3208	-38	6
406060	3186	-56	6
406075	3154	-59	6
406090	3123	-56	6
406105	3092	-39	6
406120	3069	-2	6
406135	3069	35	6
406140	3082	39	6
406155	3105	19	6
406171	3114	-4	6
406186	3114	-31	6
406201	3100	-45	6
406216	3074	-33	6
406231	3056	-11	6
406236	3051	-10	6
406251	3042	-15	6
406266	3038	-12	6
406281	3028	-8	6
406296	3024	-19	6
406311	3015	-22	6
406326	3002	-24	6
406331	2988	-29	6
406346	2970	-35	6
406361	2952	-34	6
406376	2934	-39	6
406391	2912	-51	6
406406	2880	-56	6
406421	2848	-48	6
406441	2822	-41	6
406446	2799	-41	6
406461	2776	-35	6
406476	2758	-22	6
406491	2745	-20	6
406506	2736	-23	6
406521	2722	-12	6
406536	2714	-4	6
406541	2714	-10	6
406556	2704	-13	6
406571	2700	-7	6
406586	2696	-9	6
406601	2691	-23	6
406616	2678	-25	6
406631	2664	-23	6
406636	2650	-23	6
406651	2637	-24	6
406666	2624	-18	6
406681	2614	-25	6
406696	2601	-31	6
406711	2583	-26	6
406726	2570	-28	6
406741	2552	-33	6
406746	2534	-36	6
406761	2511	-21	6
406776	2502	-12	6
406791	2493	-21	6
406806	2484	-29	6
406821	2466	-23	6
406841	2452	-18	6
406846	2444	-21	6
406861	2430	-18	6
406876	2421	-6	6
406891	2416	0	6
406906	2416	-6	6
406921	2416	-7	6
406936	2412	-12	6
406951	2403	-24	6
406956	2390	-20	6
406971	2380	-12	6
406986	2372	-20	6
407001	2362	-40	6
407016	2340	-37	6
407031	2318	-33	6
407046	2300	-42	6
407051	2277	-38	6
407066	2254	-25	6
407081	2241	-25	6
407096	2228	-35	6
407111	2205	-37	6
407126	2187	-35	6
407141	2164	-36	6
407146	2146	-34	6
407161	2128	-21	6
407176	2115	-14	6
407191	2106	-16	6
407206	2097	-20	6
407226	2088	-13	6
407241	2079	-11	6
407256	2074	-18	6
407261	2061	-15	6
407276	2056	-16	6
407291	2048	-28	6
407306	2030	-38	6
407321	2007	-25	6
407336	1994	-20	6
407351	1984	-28	6
407356	1966	-34	6
407371	1948	-35	6
407386	1930	-49	6
407401	1899	-47	6
407416	1876	-28	6
407431	1858	-20	6
407446	1850	-22	6
407466	1836	-14	6
407471	1827	6	6
407486	1827	9	6
407501	1832	15	6
407516	1840	28	6
407531	1854	35	6
407546	1876	26	6
407561	1890	21	6
407566	1904	20	6
407581	1912	9	6
407596	1917	-12	6
407611	1917	-27	6
407626	1899	-34	6
407641	1881	-41	6
407656	1858	-48	6
407661	1832	-41	6
407676	1809	-33	6
407692	1791	-39	6
407708	1768	-47	6
407724	1742	-52	6
407740	1710	-69	6
407756	1674	-73	6
407771	1634	-44	6
407776	1606	1	6
407793	1606	36	6
407809	1624	64	6
407825	1660	79	6
407841	1706	57	6
407856	1737	15	6
407871	1746	-11	6
407876	1742	-17	6
407892	1732	-20	6
407907	1724	-20	6
407922	1710	-16	6
407937	1701	-23	6
407952	1688	-44	6
407967	1665	-65	6
407972	1629	-81	6
407987	1584	-96	6
408002	1530	-101	6
408017	1472	-91	6
408033	1422	-64	6
408048	1386	-37	6
408063	1364	-15	6
408078	1354	11	6
408083	1359	15	6
408098	1364	6	6
408113	1368	10	6
408128	1372	17	6
408143	1386	7	6
408159	1386	-13	6
408174	1386	-20	6
408179	1372	-32	6
408194	1354	-48	6
408209	1328	-61	6
408224	1296	-68	6
408239	1256	-78	6
408254	1210	-70	6
408270	1174	-27	6
408285	1156	26	6
408290	1170	55	6
408305	1197	64	6
408320	1233	59	6
408335	1269	36	6
408350	1287	10	6
408365	1296	-1	6
408380	1296	2	6
408385	1296	-2	6
408400	1296	-10	6
408415	1292	-10	6
408430	1287	-7	6
408445	1282	-15	6
408460	1274	-26	6
408475	1260	-22	6
408480	1246	-31	6
408495	1228	-41	6
408510	1206	-35	6
408525	1188	-29	6
408540	1170	-42	6
408555	1148	-56	6
408570	1116	-61	6
408585	1080	-75	6
408590	1040	-91	6
408605	986	-88	6
408620	936	-63	6
408635	904	-49	6
408650	873	-50	6
408665	846	-52	6
408680	819	-58	6
408685	783	-69	6
408700	747	-68	6
408715	706	-55	6
408730	675	-41	6
408745	652	-37	6
408760	634	-32	6
408775	616	-31	6
408780	598	-41	6
408795	576	-49	6
408810	549	-48	6
408825	522	-44	6
408840	495	-50	6
408855	468	-48	6
408870	441	-31	6
408890	423	-26	6
408895	410	-30	6
408910	392	-25	6
408925	378	-22	6
408940	364	-35	6
408955	346	-39	6
408970	324	-30	6
408985	306	-35	6
408990	288	-39	6
409005	266	-35	6
409020	243	-39	6
409035	225	-49	6
409050	194	-50	6
409065	166	-38	6
409080	144	-33	6
409095	126	-41	6
409100	104	-47	6
409116	76	-52	6
409131	50	-56	6
409146	18	-52	6
409161	3586	-39	6
409176	3564	-25	6
409191	3550	-27	6
409196	3537	-30	6
409211	3519	-31	6
409226	3501	-34	6
409241	3483	-44	6
409256	3460	-38	6
409271	3438	-20	6
409287	3424	-10	6
409292	3420	2	6
409307	3420	29	6
409322	3434	46	6
409337	3460	39	6
409352	3483	23	6
409367	3496	15	6
409382	3501	-2	6
409397	3501	-20	6
409402	3496	-29	6
409417	3478	-42	6
409433	3456	-58	6
409448	3420	-59	6
409463	3388	-48	6
409478	3362	-38	6
409493	3339	-34	6
409498	3321	-22	6
409513	3308	1	6
409528	3308	23	6
409543	3316	48	6
409558	3344	75	6
409573	3388	82	6
409593	3434	55	6
409609	3465	16	6
409614	3474	1	6
409629	3474	7	6
409644	3478	13	6
409659	3488	20	6
409674	3496	14	6
409689	3506	-21	6
409704	3496	-57	6
409709	3465	-86	6
409724	3416	-110	6
409739	3352	-113	6
409754	3290	-80	6
409769	3244	-26	6
409784	3231	19	6
409799	3240	54	6
409804	3267	69	6
409819	3308	60	6
409834	3339	35	6
409849	3362	18	6
409864	3370	7	6
409879	3375	-11	6
409894	3370	-31	6
409909	3357	-36	6
409914	3334	-28	6
409929	3321	-30	6
409944	3303	-41	6
409959	3280	-46	6
409974	3254	-61	6
409989	3218	-78	6
410009	3177	-78	6
410014	3132	-47	6
410030	3105	-3	6
410045	3105	43	6
410060	3123	77	6
410075	3168	83	6
410090	3213	66	6
410105	3249	43	6
410110	3276	22	6
410126	3285	-4	6
410141	3285	-20	6
410156	3276	-16	6
410171	3267	-10	6
410186	3262	-23	6
410201	3249	-40	6
410216	3226	-41	6
410221	3204	-32	6
410236	3186	-10	6
410251	3182	21	6
410266	3190	51	6
410281	3218	68	6
410296	3254	71	6
410311	3294	66	6
410316	3334	57	6
410331	3366	43	6
410346	3388	35	6
410361	3406	34	6
410376	3429	20	6
410391	3438	8	6
410406	3442	11	6
410426	3452	23	6
410431	3460	4	6
410446	3465	-28	6
410461	3452	-43	6
410476	3429	-49	6
410492	3402	-50	6
410508	3375	-33	6
410524	3352	-18	6
410529	3344	-18	6
410545	3334	-26	6
410561	3321	-26	6
410577	3303	-29	6
410593	3290	-38	6
410609	3267	-34	6
410625	3249	-20	6
410630	3236	-16	6
410645	3226	-20	6
410650	3218	-23	6
410665	3204	-20	6
410680	3190	-31	6
410695	3177	-46	6
410710	3150	-54	6
410726	3118	-50	6
410731	3092	-55	6
410746	3060	-59	6
410761	3028	-56	6
410776	2997	-46	6
410791	2970	-40	6
410806	2948	-31	6
410821	2930	-21	6
410826	2916	-24	6
410841	2902	-31	6
410856	2884	-31	6
410871	2871	-38	6
410886	2848	-48	6
410901	2822	-47	6
410921	2794	-42	6
410926	2772	-44	6
410941	2745	-51	6
410956	2718	-47	6
410971	2691	-44	6
410986	2664	-47	6
411001	2642	-50	6
411016	2610	-51	6
411031	2583	-49	6
411036	2556	-45	6
411051	2529	-39	6
411066	2506	-43	6
411081	2484	-47	6
411096	2457	-44	6
411111	2434	-30	6
411126	2416	-28	6
411131	2398	-40	6
411146	2376	-34	6
411161	2358	-25	6
411176	2344	-26	6
411191	2331	-34	6
411206	2308	-29	6
411221	2295	-20	6
411241	2282	-24	6
411246	2268	-24	6
411261	2254	-18	6
411276	2246	-23	6
411291	2232	-28	6
411306	2218	-22	6
411321	2205	-19	6
411336	2196	-36	6
411341	2174	-45	6
411356	2146	-40	6
411371	2124	-44	6
411386	2102	-50	6
411401	2074	-49	6
411416	2048	-43	6
411431	2020	-39	6
411436	1998	-41	6
411451	1976	-42	6
411466	1953	-49	6
411481	1926	-63	6
411496	1890	-60	6
411511	1854	-45	6
411526	1832	-41	6
411541	1809	-53	6
411546	1778	-47	6
411561	1750	-34	6
411576	1732	-32	6
411591	1714	-37	6
411606	1692	-28	6
411621	1678	-20	6
411641	1665	-21	6
411646	1656	-17	6
411661	1647	2	6
411676	1647	22	6
411691	1656	50	6
411706	1683	68	6
411721	1719	54	6
411736	1750	18	6
411751	1760	-14	6
411756	1760	-22	6
411771	1746	-31	6
411786	1728	-41	6
411801	1706	-40	6
411816	1683	-40	6
411831	1660	-46	6
411846	1634	-53	6
411852	1602	-45	6
411868	1580	-37	6
411884	1557	-38	6
411900	1534	-42	6
411915	1512	-38	6
411930	1490	-37	6
411945	1472	-29	6
411950	1454	3	6
411965	1454	50	6
411980	1480	73	6
411995	1521	80	6
412010	1566	71	6
412025	1606	43	6
412040	1629	7	6
412055	1634	-6	6
412060	1634	-5	6
412075	1634	-13	6
412090	1624	-19	6
412105	1616	-13	6
412120	1606	-18	6
412135	1598	-28	6
412150	1580	-36	6
412155	1562	-34	6
412170	1544	-35	6
412185	1521	-18	6
412200	1512	9	6
412215	1512	36	6
412230	1534	48	6
412245	1562	53	6
412250	1588	57	6
412265	1620	43	6
412280	1647	19	6
412295	1656	5	6
412310	1660	1	6
412325	1660	-9	6
412345	1660	-23	6
412360	1647	-30	6
412366	1629	-32	6
412381	1611	-39	6
412396	1588	-46	6
412411	1562	-46	6
412426	1539	-44	6
412441	1512	-31	6
412456	1494	-6	6
412461	1494	3	6
412476	1494	-8	6
412491	1490	-19	6
412506	1480	-20	6
412521	1467	-22	6
412536	1454	-26	6
412551	1440	-18	6
412566	1431	-6	6
412571	1426	4	6
412586	1426	5	6
412601	1426	-1	6
412616	1426	-10	6
412631	1426	-22	6
412646	1413	-32	6
412661	1395	-37	6
412666	1372	-37	6
412681	1354	-16	6
412696	1346	28	6
412711	1354	69	6
412726	1395	79	6
412741	1440	69	6
412761	1480	62	6
412766	1512	54	6
412781	1544	38	6
412796	1566	27	6
412811	1580	16	6
412826	1588	-5	6
412841	1588	-14	6
412856	1584	7	6
412871	1584	37	6
412876	1602	65	6
412891	1638	83	6
412906	1688	87	6
412921	1737	77	6
412936	1778	63	6
412951	1814	55	6
412966	1845	52	6
412971	1876	42	6
412986	1899	28	6
413001	1912	22	6
413016	1926	18	6
413031	1935	11	6
413046	1944	1	6
413061	1944	-14	6
413081	1940	-36	6
413086	1917	-50	6
413101	1890	-30	6
413116	1872	5	6
413131	1872	24	6
413146	1886	35	6
413161	1908	38	6
413176	1926	23	6
413181	1940	6	6
413196	1944	4	6
413212	1944	6	6
413227	1948	7	6
413242	1953	10	6
413257	1958	19	6
413272	1971	16	6
413277	1980	9	6
413292	1984	5	6
413308	1984	-2	6
413324	1984	-16	6
413340	1980	-32	6
413356	1962	-41	6
413372	1940	-56	6
413388	1908	-69	6
413393	1868	-69	6
413409	1832	-59	6
413424	1796	-55	6
413439	1764	-57	6
413454	1732	-52	6
413469	1706	-37	6
413484	1683	-32	6
413489	1665	-37	6
413504	1647	-38	6
413519	1624	-40	6
413534	1602	-53	6
413550	1570	-60	6
413565	1539	-59	6
413580	1503	-56	6
413585	1472	-51	6
413600	1444	-44	6
413616	1418	-52	6
413631	1390	-63	6
413646	1354	-60	6
413661	1323	-49	6
413676	1292	-47	6
413691	1269	-46	6
413696	1242	-36	6
413711	1220	-37	6
413726	1202	-43	6
413741	1174	-46	6
413756	1152	-40	6
413771	1130	-32	6
413787	1112	-26	6
413792	1094	-23	6
413807	1080	-18	6
413822	1071	-25	6
413837	1058	-35	6
413852	1040	-32	6
413867	1022	-32	6
413882	1004	-38	6
413897	981	-39	6
413902	958	-30	6
413917	940	-28	6
413933	927	-38	6
413948	904	-39	6
413963	882	-38	6
413978	860	-42	6
413993	837	-38	6
413999	814	-27	6
414014	801	-33	6
414029	783	-45	6
414044	756	-47	6
414059	729	-37	6
414074	711	-36	6
414089	688	-39	6
414094	666	-44	6
414109	644	-50	6
414124	616	-55	6
414139	585	-55	6
414154	554	-51	6
414169	526	-45	6
414184	500	-42	6
414199	477	-36	6
414204	454	-33	6
414220	436	-32	6
414235	418	-38	6
414250	396	-36	6
414265	378	-33	6
414280	360	-41	6
414295	338	-50	6
414300	306	-47	6
414315	279	-51	6
414330	252	-57	6
414345	220	-59	6
414360	189	-56	6
414375	158	-60	6
414390	122	-54	6
414395	90	-42	6
414410	68	-37	6
414425	45	-43	6
414440	22	-43	6
414455	0	-40	6
414470	3578	-38	6
414485	3555	-37	6
414505	3532	-36	6
414510	3514	-40	6
414525	3492	-51	6
414541	3460	-50	6
414556	3434	-43	6
414571	3411	-38	6
414587	3388	-41	6
414603	3366	-44	6
414608	3339	-44	6
414623	3316	-41	6
414638	3294	-29	6
414653	3276	2	6
414668	3276	33	6
414683	3294	47	6
414699	3321	43	6
414715	3344	26	6
414720	3357	-3	6
414735	3357	-26	6
414750	3344	-28	6
414765	3330	-28	6
414780	3312	-32	6
414796	3294	-40	6
414811	3272	-42	6
414816	3249	-52	6
414831	3222	-68	6
414846	3182	-75	6
414861	3141	-75	6
414876	3096	-72	6
414891	3056	-65	6
414906	3020	-53	6
414911	2992	-46	6
414926	2966	-47	6
414941	2938	-43	6
414956	2916	-35	6
414971	2894	-34	6
414986	2876	-40	6
415001	2853	-41	6
415016	2830	-38	6
415021	2808	-43	6
415036	2786	-48	6
415051	2758	-43	6
415066	2732	-46	6
415081	2709	-50	6
415096	2678	-45	6
415111	2655	-41	6
415116	2632	-45	6
415131	2606	-44	6
415146	2583	-33	6
415161	2560	-23	6
415176	2552	-23	6
415192	2538	-24	6
415207	2524	-22	6
415222	2511	-21	6
415227	2498	-18	6
415242	2488	-14	6
415257	2480	-8	6
415272	2475	-3	6
415287	2475	4	6
415302	2475	8	6
415317	2480	7	6
415322	2480	-1	6
415338	2480	-10	6
415353	2480	-8	6
415368	2475	-11	6
415383	2470	-19	6
415398	2457	-22	6
415413	2444	-22	6
415418	2434	-36	6
415433	2412	-46	6
415449	2385	-47	6
415464	2362	-45	6
415479	2336	-44	6
415494	2308	-36	6
415509	2290	-34	6
415529	2272	-34	6
415534	2250	-29	6
415549	2236	-20	6
415564	2223	-10	6
415579	2218	7	6
415594	2218	24	6
415609	2232	29	6
415624	2250	24	6
415629	2264	17	6
415644	2272	8	6
415659	2277	3	6
415674	2277	0	6
415689	2277	0	6
415704	2277	6	6
415719	2282	5	6
415724	2286	-4	6
415739	2286	-10	6
415754	2282	-13	6
415769	2272	-20	6
415784	2264	-32	6
415799	2246	-29	6
415814	2228	-25	6
415829	2214	-30	6
415834	2196	-32	6
415849	2178	-22	6
415865	2164	-21	6
415880	2156	-25	6
415895	2142	-28	6
415910	2124	-40	6
415925	2102	-51	6
415930	2074	-50	6
415945	2043	-39	6
415960	2025	-39	6
415975	2002	-45	6
415991	1976	-37	6
416006	1953	-32	6
416021	1935	-37	6
416036	1917	-40	6
416041	1894	-34	6
416056	1876	-20	6
416071	1863	-7	6
416086	1858	12	6
416101	1863	31	6
416117	1881	44	6
416133	1904	39	6
416139	1926	25	6
416155	1940	10	6
416171	1944	-10	6
416187	1944	-27	6
416203	1930	-21	6
416218	1917	-4	6
416233	1917	6	6
416238	1917	18	6
416253	1926	18	6
416268	1935	2	6
416283	1935	-11	6
416298	1935	-23	6
416313	1922	-31	6
416328	1904	-44	6
416343	1876	-44	6
416348	1854	-39	6
416363	1832	-34	6
416378	1814	-34	6
416393	1796	-37	6
416408	1773	-43	6
416424	1750	-50	6
416439	1719	-53	6
416444	1692	-49	6
416460	1665	-47	6
416476	1638	-50	6
416491	1606	-48	6
416506	1580	-41	6
416521	1557	-45	6
416536	1534	-46	6
416541	1508	-34	6
416556	1490	-11	6
416571	1480	1	6
416586	1480	8	6
416601	1485	16	6
416616	1494	11	6
416631	1498	-2	6
416646	1498	-2	6
416651	1498	-11	6
416666	1494	-34	6
416682	1476	-49	6
416697	1449	-50	6
416712	1418	-41	6
416727	1395	-32	6
416742	1377	-12	6
416747	1372	12	6
416762	1372	27	6
416777	1390	25	6
416792	1404	19	6
416807	1413	9	6
416822	1418	3	6
416837	1422	-2	6
416858	1422	-9	6
416863	1418	-29	6
416878	1404	-55	6
416893	1372	-72	6
416908	1332	-77	6
416923	1287	-80	6
416938	1242	-79	6
416953	1197	-64	6
416958	1161	-37	6
416973	1143	-8	6
416988	1138	29	6
417004	1148	66	6
417019	1188	79	6
417034	1228	61	6
417050	1264	43	6
417055	1287	22	6
417070	1300	-3	6
417085	1300	-25	6
417100	1292	-38	6
417115	1269	-56	6
417130	1238	-69	6
417145	1197	-69	6
417160	1161	-62	6
417165	1125	-53	6
417180	1094	-56	6
417195	1062	-73	6
417210	1022	-92	6
417226	972	-106	6
417241	909	-107	6
417256	850	-96	6
417261	796	-87	6
417276	747	-89	6
417291	698	-89	6
417306	648	-80	6
417321	603	-73	6
417336	562	-77	6
417351	518	-75	6
417366	477	-70	6
417371	436	-73	6
417386	396	-72	6
417401	356	-66	6
417416	320	-69	6
417431	279	-68	6
417446	238	-58	6
417461	207	-48	6
417466	180	-45	6
417481	158	-37	6
417496	135	-32	6
417511	117	-38	6
417526	94	-49	6
417541	68	-53	6
417556	36	-53	6
417561	9	-51	6
417576	3578	-51	6
417591	3550	-51	6
417606	3524	-60	6
417621	3488	-74	6
417636	3447	-78	6
417656	3402	-71	6
417671	3362	-63	6
417676	3326	-53	6
417692	3298	-44	6
417707	3272	-33	6
417722	3254	-30	6
417737	3236	-32	6
417752	3218	-34	6
417767	3200	-35	6
417772	3182	-36	6
417787	3159	-31	6
417802	3141	-30	6
417817	3128	-40	6
417832	3105	-39	6
417847	3082	-29	6
417862	3064	-24	6
417867	3051	-28	6
417882	3038	-42	6
417897	3010	-48	6
417912	2984	-50	6
417927	2956	-58	6
417942	2925	-69	6
417957	2884	-84	6
417977	2840	-95	6
417982	2786	-93	6
417997	2732	-87	6
418012	2682	-74	6
418027	2642	-62	6
418042	2606	-37	6
418057	2588	-17	6
418072	2578	-13	6
418077	2570	-21	6
418092	2556	-26	6
418107	2542	-32	6
418122	2524	-35	6
418137	2506	-33	6
418152	2488	-21	6
418167	2475	-12	6
418182	2470	-9	6
418187	2462	-15	6
418202	2457	-23	6
418217	2444	-28	6
418232	2426	-25	6
418248	2412	-21	6
418263	2398	-23	6
418278	2390	-35	6
418283	2367	-47	6
418298	2340	-49	6
418313	2313	-46	6
418328	2286	-42	6
418343	2264	-29	6
418358	2250	-24	6
418373	2236	-31	6
418378	2218	-42	6
418393	2192	-48	6
418408	2164	-54	6
418423	2138	-62	6
418438	2102	-63	6
418453	2066	-60	6
418473	2034	-61	6
418488	1998	-61	6
418493	1962	-66	6
418509	1926	-67	6
418524	1890	-71	6
418539	1850	-67	6
418554	1809	-59	6
418570	1778	-47	6
418585	1750	-41	6
418590	1728	-34	6
418605	1710	-35	6
418620	1688	-39	6
418635	1670	-47	6
418650	1642	-48	6
418665	1616	-47	6
418680	1588	-47	6
418685	1562	-47	6
418700	1534	-52	6
418715	1508	-54	6
418730	1476	-55	6
418745	1444	-47	6
418760	1418	-37	6
418775	1395	-26	6
418790	1382	-6	6
418795	1377	21	6
418811	1386	39	6
418827	1408	45	6
418843	1436	42	6
418859	1458	33	6
418875	1476	26	6
418891	1490	20	6
418896	1503	17	6
418912	1512	10	6
418928	1516	-6	6
418943	1516	-22	6
418958	1508	-41	6
418973	1480	-65	6
418988	1444	-75	6
419003	1404	-67	6
419008	1368	-50	6
419023	1336	-24	6
419038	1323	0	6
419053	1323	32	6
419068	1336	64	6
419083	1372	75	6
419098	1418	61	6
419103	1449	35	6
419118	1472	6	6
419133	1476	-16	6
419148	1467	-24	6
419163	1454	-14	6
419178	1449	-12	6
419193	1440	-16	6
419198	1431	-26	6
419213	1418	-35	6
419228	1400	-39	6
419243	1377	-36	6
419259	1354	-16	6
419274	1346	14	6
419289	1350	49	6
419305	1377	71	6
419310	1418	58	6
419325	1449	15	6
419340	1458	-31	6
419355	1444	-60	6
419370	1413	-71	6
419385	1372	-61	6
419400	1336	-45	6
419405	1314	-28	6
419420	1296	-26	6
419435	1282	-38	6
419450	1260	-45	6
419465	1233	-30	6
419480	1220	4	6
419495	1220	47	6
419510	1242	83	6
419515	1292	94	6
419530	1341	77	6
419545	1386	53	6
419560	1418	23	6
419575	1426	-4	6
419590	1426	-29	6
419605	1413	-43	6
419610	1390	-65	6
419625	1354	-82	6
419640	1305	-84	6
419655	1260	-70	6
419670	1220	-59	6
419685	1188	-52	6
419705	1156	-40	6
419710	1134	-26	6
419725	1120	-21	6
419740	1107	-26	6
419755	1094	-43	6
419770	1071	-56	6
419785	1040	-79	6
419800	994	-102	6
419815	936	-115	6
419820	873	-112	6
419835	810	-93	6
419850	756	-72	6
419865	716	-55	6
419880	684	-41	6
419895	662	-31	6
419910	644	-26	6
419915	630	-33	6
419930	612	-42	6
419945	590	-42	6
419960	562	-43	6
419975	540	-60	6
419990	508	-83	6
420005	459	-91	6
420010	410	-83	6
420025	360	-71	6
420040	324	-61	6
420055	288	-63	6
420070	252	-76	6
420085	212	-90	6
420105	158	-105	6
420120	99	-103	6
420125	40	-86	6
420140	3596	-71	6
420155	3555	-66	6
420170	3514	-74	6
420185	3474	-83	6
420200	3429	-78	6
420215	3384	-65	6
420220	3348	-57	6
420235	3316	-52	6
420251	3285	-46	6
420267	3262	-45	6
420283	3236	-53	6
420298	3204	-48	6
420313	3177	-20	6
420328	3168	11	6
420333	3168	28	6
420349	3186	35	6
420364	3204	26	6
420379	3218	10	6
420394	3226	-14	6
420409	3222	-30	6
420424	3204	-51	6
420429	3177	-56	6
420444	3146	-51	6
420459	3114	-43	6
420474	3092	-50	6
420489	3064	-67	6
420504	3024	-87	6
420519	2974	-98	6
420524	2920	-95	6
420539	2866	-78	6
420554	2826	-53	6
420569	2794	-37	6
420584	2772	-33	6
420599	2754	-25	6
420614	2740	-19	6
420629	2732	-23	6
420634	2718	-37	6
420649	2696	-48	6
420664	2668	-48	6
420679	2642	-42	6
420695	2619	-39	6
420710	2596	-42	6
420725	2574	-43	6
420730	2547	-48	6
420745	2520	-44	6
420760	2498	-46	6
420775	2470	-56	6
420790	2439	-62	6
420805	2403	-64	6
420825	2367	-64	6
420840	2331	-68	6
420845	2295	-69	6
420860	2254	-65	6
420875	2218	-60	6
420890	2187	-51	6
420905	2156	-32	6
420921	2138	-15	6
420936	2128	-5	6
420941	2128	-5	6
420956	2124	-7	6
420971	2120	-17	6
420986	2110	-32	6
421001	2092	-37	6
421016	2074	-38	6
421031	2052	-39	6
421036	2030	-37	6
421051	2007	-36	6
421066	1989	-47	6
421081	1962	-54	6
421096	1930	-57	6
421111	1899	-50	6
421126	1872	-50	6
421142	1845	-52	6
421147	1814	-56	6
421162	1782	-49	6
421177	1755	-49	6
421192	1728	-53	6
421207	1696	-56	6
421222	1665	-52	6
421238	1638	-49	6
421243	1611	-45	6
421258	1584	-41	6
421273	1562	-31	6
421288	1544	-3	6
421303	1544	47	6
421318	1566	94	6
421333	1616	115	6
421338	1683	122	6
421353	1750	119	6
421368	1818	85	6
421383	1863	27	6
421398	1881	-11	6
421413	1876	-11	6
421433	1872	-6	6
421448	1868	-2	6
421453	1868	-7	6
421468	1863	-14	6
421483	1854	-35	6
421498	1836	-59	6
421513	1804	-69	6
421528	1764	-60	6
421543	1728	-41	6
421548	1706	-16	6
421563	1696	-4	6
421578	1696	-1	6
421593	1696	12	6
421608	1696	41	6
421623	1719	55	6
421638	1750	50	6
421653	1782	36	6
421659	1800	35	6
421675	1818	23	6
421690	1832	-5	6
421705	1832	-30	6
421720	1818	-45	6
421735	1791	-51	6
421750	1764	-42	6
421755	1742	-23	6
421770	1728	-12	6
421785	1719	4	6
421800	1719	27	6
421816	1732	39	6
421831	1755	25	6
421846	1768	8	6
421851	1773	5	6
421867	1778	-13	6
421882	1773	-46	6
421897	1746	-71	6
421912	1706	-70	6
421927	1670	-52	6
421942	1638	-30	6
421957	1620	-11	6
421962	1616	-2	6
421977	1616	-11	6
421992	1606	-34	6
422008	1588	-53	6
422023	1562	-61	6
422038	1526	-44	6
422053	1498	-2	6
422058	1498	54	6
422073	1526	93	6
422088	1580	110	6
422103	1638	115	6
422118	1706	99	6
422133	1760	56	6
422148	1791	16	6
422153	1800	0	6
422168	1800	5	6
422183	1804	14	6
422198	1814	31	6
422213	1827	33	6
422228	1850	20	6
422248	1858	6	6
422263	1863	0	6
422268	1863	1	6
422283	1863	10	6
422298	1868	39	6
422313	1890	74	6
422328	1930	82	6
422343	1980	67	6
422358	2016	55	6
422363	2048	47	6
422378	2074	29	6
422393	2088	7	6
422408	2092	-6	6
422423	2092	-19	6
422438	2084	-34	6
422454	2066	-43	6
422469	2038	-55	6
422474	2007	-82	6
422489	1962	-103	6
422504	1904	-98	6
422519	1850	-72	6
422534	1809	-43	6
422549	1786	-6	6
422569	1782	16	6
422574	1786	5	6
422589	1791	-18	6
422604	1782	-24	6
422619	1768	-27	6
422634	1755	-27	6
422649	1742	-31	6
422664	1724	-22	6
422669	1710	-16	6
422684	1701	-10	6
422699	1696	0	6
422714	1696	8	6
422729	1696	6	6
422744	1701	0	6
422759	1701	0	6
422774	1701	-7	6
422779	1701	-27	6
422794	1683	-41	6
422809	1660	-42	6
422824	1638	-47	6
422839	1611	-47	6
422854	1584	-32	6
422869	1566	-21	6
422874	1552	-19	6
422889	1544	-24	6
422904	1530	-29	6
422919	1512	-40	6
422934	1490	-46	6
422949	1467	-38	6
422964	1444	-22	6
422984	1431	-16	6
422989	1422	-18	6
423004	1413	-16	6
423020	1404	-22	6
423035	1390	-42	6
423051	1368	-52	6
423067	1336	-54	6
423083	1310	-55	6
423088	1278	-57	6
423103	1246	-53	6
423118	1215	-41	6
423133	1192	-43	6
423148	1170	-37	6
423163	1148	-25	6
423178	1134	-16	6
423183	1125	-17	6
423198	1116	-9	6
423213	1112	-1	6
423228	1107	-8	6
423243	1102	-17	6
423258	1094	-12	6
423273	1089	-8	6
423288	1084	-15	6
423293	1076	-12	6
423308	1066	-1	6
423323	1066	1	6
423338	1066	-3	6
423353	1066	-2	6
423368	1066	-6	6
423383	1062	-19	6
423388	1053	-26	6
423403	1035	-22	6
423418	1026	-27	6
423433	1008	-35	6
423448	990	-35	6
423463	972	-28	6
423478	954	-35	6
423483	936	-41	6
423498	914	-36	6
423513	891	-25	6
423528	878	-28	6
423543	860	-32	6
423558	842	-27	6
423573	828	-27	6
423588	814	-34	6
423593	792	-33	6
423608	774	-29	6
423623	760	-34	6
423638	738	-31	6
423653	724	-21	6
423668	711	-23	6
423688	698	-31	6
423693	680	-25	6
423708	666	-23	6
423723	652	-34	6
423738	634	-40	6
423753	612	-35	6
423770	594	-30	6
423785	576	-35	6
423800	554	-36	6
423805	536	-31	6
423820	518	-36	6
423835	500	-39	6
423850	477	-33	6
423865	459	-24	6
423880	446	-30	6
423895	428	-40	6
423900	405	-39	6
423916	382	-36	6
423931	360	-42	6
423946	338	-44	6
423961	315	-41	6
423976	292	-49	6
423991	261	-62	6
423996	230	-64	6
424011	194	-59	6
424026	158	-60	6
424041	126	-48	6
424056	99	-40	6
424071	76	-42	6
424086	54	-48	6
424101	27	-37	6
424106	4	-27	6
424121	3591	-37	6
424136	3568	-41	6
424151	3546	-36	6
424166	3524	-38	6
424181	3506	-49	6
424201	3474	-46	6
424206	3452	-39	6
424221	3429	-38	6
424236	3406	-46	6
424251	3380	-35	6
424266	3362	-18	6
424281	3352	-15	6
424296	3344	-2	6
424301	3344	27	6
424316	3352	40	6
424331	3375	30	6
424346	3393	12	6
424361	3398	5	6
424376	3402	-5	6
424391	3402	-15	6
424406	3393	-12	6
424411	3388	-13	6
424426	3380	-16	6
424441	3370	-12	6
424456	3366	-3	6
424471	3362	-15	6
424486	3352	-25	6
424501	3339	-16	6
424506	3330	-12	6
424521	3326	-19	6
424536	3312	-23	6
424551	3303	-7	6
424566	3298	6	6
424581	3298	5	6
424596	3298	1	6
424616	3298	6	6
424621	3303	7	6
424636	3308	7	6
424651	3312	16	6
424666	3321	21	6
424681	3330	18	6
424696	3344	14	6
424711	3348	18	6
424716	3362	-2	6
424731	3362	-26	6
424746	3348	-21	6
424761	3334	-6	6
424776	3334	-2	6
424791	3330	2	6
424806	3330	24	6
424811	3344	45	6
424826	3366	51	6
424841	3398	63	6
424856	3434	67	6
424871	3470	58	6
424886	3501	39	6
424901	3524	33	6
424916	3542	28	6
424921	3560	13	6
424936	3564	8	6
424951	3568	2	6
424966	3573	-12	6
424981	3568	-34	6
424996	3550	-38	6
425016	3528	-31	6
425021	3510	-26	6
425037	3496	2	6
425052	3496	51	6
425067	3524	94	6
425082	3573	99	6
425097	32	90	6
425112	81	69	6
425128	122	30	6
425133	135	-11	6
425148	135	-29	6
425163	117	-35	6
425178	99	-41	6
425193	76	-38	6
425208	54	-31	6
425223	36	-51	6
425228	9	-74	6
425243	3568	-65	6
425258	3528	-51	6
425273	3501	-48	6
425288	3474	-39	6
425303	3452	-6	6
425318	3447	31	6
425323	3460	48	6
425339	3488	53	6
425354	3519	38	6
425369	3542	5	6
425384	3542	-37	6
425399	3528	-73	6
425414	3488	-103	6
425429	3429	-134	6
425434	3352	-138	6
425449	3276	-118	6
425464	3208	-110	6
425479	3146	-116	6
425494	3082	-105	6
425509	3024	-84	6
425529	2974	-82	6
425534	2930	-89	6
425549	2880	-82	6
425564	2830	-75	6
425579	2790	-81	6
425594	2745	-78	6
425609	2700	-74	6
425624	2660	-80	6
425629	2614	-86	6
425644	2565	-79	6
425659	2520	-75	6
425674	2480	-81	6
425689	2434	-84	6
425704	2385	-78	6
425719	2344	-84	6
425734	2295	-94	6
425739	2241	-86	6
425755	2196	-67	6
425771	2156	-60	6
425787	2124	-58	6
425803	2088	-57	6
425819	2056	-57	6
425835	2025	-65	6
425840	1989	-68	6
425856	1953	-56	6
425871	1922	-57	6
425886	1886	-66	6
425901	1850	-64	6
425916	1814	-56	6
425931	1782	-64	6
425946	1746	-69	6
425951	1710	-62	6
425966	1674	-67	6
425981	1634	-85	6
425996	1588	-86	6
426011	1539	-78	6
426026	1494	-74	6
426041	1454	-74	6
426046	1413	-61	6
426061	1377	-53	6
426076	1350	-57	6
426091	1314	-59	6
426106	1282	-55	6
426121	1251	-63	6
426136	1215	-65	6
426141	1179	-55	6
426156	1148	-42	6
426171	1125	-38	6
426186	1102	-33	6
426201	1084	-20	6
426216	1076	-19	6
426231	1062	-33	6
426247	1044	-46	6
426252	1017	-43	6
426267	994	-41	6
426282	972	-45	6
426297	945	-43	6
426312	922	-43	6
426327	900	-53	6
426342	868	-58	6
426347	837	-58	6
426362	801	-67	6
426377	765	-76	6
426392	724	-70	6
426408	684	-58	6
426423	652	-62	6
426438	616	-65	6
426443	580	-57	6
426458	549	-49	6
426473	518	-48	6
426488	490	-51	6
426503	464	-54	6
426518	432	-64	6
426533	396	-64	6
426548	360	-57	6
426553	328	-53	6
426568	302	-56	6
426583	270	-52	6
426598	238	-47	6
426613	212	-52	6
426628	184	-68	6
426648	144	-69	6
426653	108	-55	6
426668	76	-52	6
426683	45	-60	6
426698	14	-60	6
426713	3578	-57	6
426728	3546	-58	6
426743	3514	-52	6
426758	3483	-42	6
426764	3460	-49	6
426779	3434	-57	6
426794	3402	-57	6
426809	3370	-64	6
426824	3334	-74	6
426839	3290	-66	6
426854	3254	-51	6
426859	3226	-51	6
426874	3195	-57	6
426889	3164	-52	6
426904	3136	-43	6
426919	3110	-43	6
426934	3087	-46	6
426949	3060	-38	6
426954	3042	-31	6
426969	3024	-28	6
426984	3006	-24	6
426999	2992	-20	6
427014	2984	-25	6
427029	2970	-41	6
427049	2943	-48	6
427064	2916	-52	6
427069	2889	-55	6
427084	2858	-50	6
427099	2830	-39	6
427114	2808	-43	6
427129	2786	-56	6
427144	2754	-52	6
427159	2722	-45	6
427164	2696	-52	6
427179	2668	-60	6
427195	2632	-61	6
427211	2601	-65	6
427227	2565	-72	6
427242	2524	-68	6
427259	2484	-57	6
427275	2452	-64	6
427280	2416	-72	6
427296	2376	-67	6
427312	2340	-59	6
427327	2304	-60	6
427342	2272	-61	6
427357	2236	-58	6
427372	2205	-56	6
427377	2174	-58	6
427392	2142	-52	6
427407	2110	-44	6
427422	2088	-48	6
427437	2061	-57	6
427452	2030	-54	6
427467	1998	-51	6
427472	1966	-56	6
427487	1935	-58	6
427502	1904	-50	6
427517	1876	-53	6
427532	1845	-57	6
427548	1814	-50	6
427563	1786	-43	6
427578	1764	-53	6
427583	1732	-57	6
427598	1701	-49	6
427613	1674	-50	6
427628	1642	-62	6
427643	1611	-64	6
427658	1575	-61	6
427673	1539	-59	6
427678	1508	-57	6
427693	1476	-52	6
427708	1444	-55	6
427723	1413	-61	6
427738	1382	-64	6
427753	1346	-54	6
427768	1314	-52	6
427773	1282	-58	6
427788	1251	-53	6
427803	1220	-39	6
427818	1202	-25	6
427833	1184	-6	6
427848	1184	17	6
427863	1188	20	6
427879	1197	9	6
427884	1206	0	6
427900	1206	-11	6
427915	1202	-28	6
427930	1188	-38	6
427945	1166	-34	6
427960	1148	-36	6
427975	1125	-45	6
427980	1098	-48	6
427995	1071	-53	6
428010	1044	-63	6
428025	1008	-75	6
428040	968	-68	6
428055	927	-60	6
428070	896	-61	6
428085	860	-60	6
428090	824	-57	6
428105	792	-62	6
428120	760	-76	6
428135	716	-80	6
428150	670	-62	6
428165	634	-40	6
428180	612	-28	6
428185	598	-20	6
428200	585	-22	6
428215	576	-35	6
428230	554	-44	6
428245	531	-38	6
428260	508	-32	6
428280	490	-29	6
428285	472	-23	6
428300	459	-20	6
428315	450	-32	6
428330	432	-37	6
428345	410	-31	6
428360	392	-33	6
428375	374	-52	6
428390	346	-73	6
428395	306	-79	6
428410	261	-80	6
428425	216	-80	6
428440	171	-74	6
428455	130	-69	6
428470	90	-61	6
428485	54	-61	6
428490	22	-55	6
428505	3591	-57	6
428520	3560	-64	6
428535	3524	-66	6
428550	3483	-63	6
428565	3452	-74	6
428580	3406	-84	6
428585	3362	-76	6
428600	3316	-63	6
428615	3280	-62	6
428630	3249	-55	6
428645	3218	-45	6
428660	3190	-40	6
428680	3168	-50	6
428695	3141	-43	6
428700	3118	-45	6
428715	3092	-52	6
428730	3060	-52	6
428745	3033	-33	6
428760	3015	-3	6
428775	3010	29	6
428790	3024	60	6
428795	3060	72	6
428810	3100	56	6
428825	3132	27	6
428840	3146	4	6
428855	3150	-13	6
428870	3146	-28	6
428885	3128	-43	6
428900	3105	-44	6
428905	3078	-50	6
428920	3051	-65	6
428935	3015	-80	6
428950	2970	-93	6
428965	2916	-108	6
428980	2858	-101	6
429000	2799	-67	6
429005	2763	-30	6
429020	2745	-20	6
429035	2736	-12	6
429050	2727	-2	6
429065	2727	-8	6
429080	2722	-18	6
429095	2714	-20	6
429100	2700	-23	6
429115	2686	-39	6
429130	2664	-45	6
429145	2642	-36	6
429160	2619	-32	6
429176	2601	-29	6
429191	2588	-25	6
429206	2574	-28	6
429211	2556	-49	6
429226	2529	-62	6
429241	2493	-63	6
429256	2457	-55	6
429271	2426	-50	6
429287	2398	-45	6
429302	2376	-33	6
429307	2354	-32	6
429322	2336	-37	6
429337	2318	-29	6
429352	2300	-2	6
429367	2300	23	6
429382	2308	45	6
429398	2336	77	6
429413	2376	85	6
429418	2426	68	6
429433	2462	46	6
429448	2488	29	6
429463	2506	7	6
429478	2511	-3	6
429493	2511	0	6
429508	2511	2	6
429513	2511	-14	6
429528	2506	-34	6
429543	2484	-52	6
429558	2457	-69	6
429573	2416	-85	6
429588	2372	-93	6
429608	2318	-86	6
429613	2268	-81	6
429628	2223	-77	6
429643	2178	-74	6
429658	2138	-65	6
429673	2102	-59	6
429688	2070	-49	6
429703	2043	-25	6
429719	2025	-9	6
429724	2020	-3	6
429739	2020	7	6
429754	2020	13	6
429770	2030	-1	6
429785	2030	-3	6
429800	2030	10	6
429815	2030	14	6
429820	2038	2	6
429835	2038	-12	6
429850	2038	-29	6
429865	2020	-58	6
429880	1989	-73	6
429895	1948	-73	6
429910	1908	-68	6
429915	1868	-64	6
429931	1832	-53	6
429947	1800	-42	6
429963	1778	-48	6
429979	1750	-47	6
429995	1724	-23	6
430011	1710	16	6
430026	1719	65	6
430031	1755	108	6
430046	1814	143	6
430061	1894	151	6
430076	1980	132	6
430091	2052	100	6
430107	2110	76	6
430122	2151	62	6
430127	2187	50	6
430142	2214	43	6
430157	2241	30	6
430172	2259	5	6
430187	2259	-8	6
430203	2259	-12	6
430218	2254	-30	6
430233	2236	-52	6
430238	2205	-49	6
430253	2178	-34	6
430268	2160	-25	6
430283	2146	-11	6
430298	2138	12	6
430313	2142	22	6
430328	2156	22	6
430333	2169	17	6
430349	2178	13	6
430366	2182	19	6
430381	2196	43	6
430396	2218	73	6
430411	2259	93	6
430426	2313	79	6
430431	2358	46	6
430446	2380	12	6
430461	2390	-19	6
430476	2380	-38	6
430491	2362	-39	6
430506	2340	-28	6
430521	2322	-27	6
430536	2308	-33	6
430541	2290	-27	6
430556	2272	-27	6
430571	2259	-28	6
430586	2246	-19	6
430601	2232	-6	6
430617	2228	-3	6
430633	2228	3	6
430638	2228	14	6
430653	2232	21	6
430668	2246	17	6
430683	2254	4	6
430698	2259	-2	6
430713	2259	-8	6
430728	2254	-7	6
430743	2250	-5	6
430748	2250	5	6
430763	2250	9	6
430778	2254	10	6
430793	2259	24	6
430808	2272	44	6
430823	2295	54	6
430838	2326	64	6
430843	2362	64	6
430858	2398	50	6
430873	2426	18	6
430888	2439	-5	6
430903	2439	-19	6
430918	2426	-25	6
430934	2412	-17	6
430939	2403	3	6
430954	2403	15	6
430969	2412	6	6
430984	2412	-7	6
430999	2412	-25	6
431014	2398	-50	6
431029	2372	-64	6
431044	2336	-64	6
431049	2300	-47	6
431064	2272	-29	6
431079	2254	-22	6
431094	2246	-19	6
431109	2232	-31	6
431124	2214	-35	6
431144	2196	-33	6
431149	2178	-30	6
431164	2160	-31	6
431179	2142	-37	6
431194	2124	-34	6
431209	2102	-25	6
431224	2088	-27	6
431239	2074	-25	6
431244	2061	-15	6
431259	2052	-10	6
431274	2048	-4	6
431289	2043	20	6
431304	2052	47	6
431319	2079	63	6
431334	2115	71	6
431349	2151	73	6
431355	2196	56	6
431370	2228	30	6
431385	2241	18	6
431400	2254	9	6
431415	2259	0	6
431430	2259	-5	6
431445	2259	-2	6
431450	2259	3	6
431465	2259	0	6
431480	2259	10	6
431495	2259	27	6
431510	2277	55	6
431525	2308	71	6
431540	2349	77	6
431560	2390	73	6
431565	2430	60	6
431580	2466	52	6
431595	2493	51	6
431610	2524	54	6
431625	2552	37	6
431640	2574	17	6
431655	2583	0	6
431660	2583	-20	6
431675	2578	-38	6
431690	2556	-38	6
431705	2534	-47	6
431720	2506	-60	6
431735	2475	-65	6
431750	2439	-65	6
431755	2398	-70	6
431770	2362	-71	6
431785	2322	-67	6
431800	2282	-72	6
431815	2241	-80	6
431830	2196	-72	6
431845	2156	-56	6
431860	2124	-32	6
431865	2106	-15	6
431880	2102	-6	6
431895	2097	-5	6
431910	2092	-2	6
431925	2092	-2	6
431940	2092	0	6
431960	2092	-1	6
431965	2092	-15	6
431980	2084	-23	6
431995	2070	-20	6
432010	2056	-17	6
432025	2048	-16	6
432040	2038	-8	6
432055	2034	6	6
432060	2034	2	6
432075	2034	-1	6
432090	2034	4	6
432105	2038	13	6
432120	2043	15	6
432136	2052	29	6
432151	2070	43	6
432166	2092	46	6
432171	2120	42	6
432186	2142	36	6
432201	2164	16	6
432216	2174	-1	6
432231	2174	-6	6
432246	2174	5	6
432261	2174	18	6
432266	2182	22	6
432281	2192	16	6
432296	2200	-3	6
432311	2200	-48	6
432326	2178	-98	6
432341	2124	-125	6
432356	2052	-127	6
432376	1980	-113	6
432381	1917	-94	6
432396	1863	-82	6
432411	1818	-95	6
432426	1764	-128	6
432441	1692	-147	6
432456	1611	-135	6
432471	1534	-120	6
432476	1467	-108	6
432491	1404	-92	6
432506	1354	-78	6
432521	1310	-60	6
432536	1278	-35	6
432551	1256	-18	6
432566	1246	-26	6
432571	1233	-34	6
432586	1215	-29	6
432601	1197	-12	6
432616	1188	12	6
432631	1192	47	6
432646	1220	79	6
432661	1264	77	6
432676	1305	37	6
432681	1328	-9	6
432696	1328	-38	6
432711	1305	-49	6
432726	1278	-45	6
432741	1251	-29	6
432756	1238	-19	6
432771	1224	-23	6
432776	1210	-39	6
432791	1192	-61	6
432807	1156	-92	6
432822	1102	-112	6
432837	1040	-111	6
432853	981	-98	6
432870	922	-90	6
432885	873	-72	6
432890	832	-47	6
432905	806	-31	6
432920	788	-20	6
432935	778	2	6
432950	778	20	6
432965	788	23	6
432980	801	11	6
432985	806	0	6
433000	806	-12	6
433015	801	-29	6
433030	788	-34	6
433045	765	-25	6
433060	752	-14	6
433080	747	-6	6
433085	742	1	6
433100	742	5	6
433115	742	2	6
433130	742	2	6
433145	742	1	6
433161	742	-10	6
433176	742	-18	6
433191	734	-10	6
433196	724	8	6
433211	729	20	6
433227	738	23	6
433243	752	26	6
433258	765	27	6
433273	783	23	6
433288	792	22	6
433293	806	19	6
433308	819	12	6
433323	824	5	6
433338	828	-1	6
433353	828	-14	6
433368	824	-32	6
433383	806	-46	6
433388	778	-46	6
433403	752	-50	6
433418	724	-53	6
433433	693	-57	6
433448	662	-62	6
433463	626	-73	6
433478	585	-80	6
433493	540	-72	6
433498	500	-61	6
433513	468	-51	6
433528	436	-31	6
433543	418	-20	6
433558	410	-16	6
433573	400	-8	6
433588	396	14	6
433593	400	29	6
433608	414	25	6
433623	432	17	6
433638	441	17	6
433653	450	9	6
433668	454	-11	6
433688	450	-17	6
433703	441	-9	6
433708	436	-9	6
433723	432	-12	6
433738	428	-12	6
433753	418	-18	6
433768	410	-23	6
433783	396	-24	6
433798	382	-26	6
433803	369	-34	6
433818	346	-38	6
433833	328	-30	6
433848	310	-23	6
433863	297	-25	6
433878	284	-26	6
433893	270	-16	6
433898	261	-12	6
433913	252	-14	6
433928	243	-3	6
433943	243	14	6
433958	248	16	6
433973	256	9	6
433988	261	7	6
434008	266	8	6
434013	270	-4	6
434028	270	-5	6
434043	270	-2	6
434058	266	-5	6
434073	266	-7	6
434088	261	-1	6
434103	261	12	6
434108	261	21	6
434124	274	32	6
434139	292	46	6
434154	320	52	6
434170	346	51	6
434186	378	52	6
434202	405	51	6
434207	436	47	6
434222	459	37	6
434237	482	34	6
434252	500	28	6
434268	518	12	6
434283	522	-2	6
434298	522	-5	6
434313	522	-12	6
434318	518	-28	6
434333	500	-36	6
434348	482	-33	6
434364	464	-39	6
434379	441	-46	6
434394	414	-47	6
434410	387	-45	6
434415	364	-47	6
434430	338	-47	6
434445	310	-44	6
434460	284	-46	6
434475	261	-46	6
434490	234	-40	6
434505	212	-37	6
434520	189	-44	6
434525	166	-46	6
434540	140	-40	6
434555	117	-35	6
434570	99	-35	6
434585	76	-29	6
434600	63	-17	6
434615	50	5	6
434620	50	19	6
434635	63	31	6
434650	76	37	6
434665	99	33	6
434680	117	21	6
434695	130	12	6
434710	135	-1	6
434715	135	1	6
434730	135	16	6
434745	144	33	6
434760	162	53	6
434775	194	77	6
434790	238	104	6
434805	297	115	6
434820	360	104	6
434825	418	80	6
434840	464	50	6
434855	490	13	6
434870	500	-1	6
434885	500	12	6
434900	504	33	6
434920	522	35	6
434925	544	13	6
434940	549	-22	6
434955	544	-61	6
434970	508	-85	6
434985	459	-89	6
435000	410	-87	6
435015	360	-87	6
435030	310	-84	6
435035	266	-80	6
435050	220	-89	6
435065	171	-99	6
435080	112	-98	6
435095	58	-81	6
435110	14	-68	6
435125	3578	-55	6
435130	3546	-33	6
435145	3528	-13	6
435160	3519	-9	6
435175	3514	-1	6
435190	3514	6	6
435205	3514	14	6
435220	3519	25	6
435225	3532	37	6
435240	3555	49	6
435255	3582	50	6
435270	9	45	6
435285	36	35	6
435300	54	18	6
435320	68	2	6
435335	68	-1	6
435340	68	-3	6
435355	68	-4	6
435370	68	-1	6
435385	68	7	6
435400	68	11	6
435415	72	13	6
435430	81	17	6
435435	90	26	6
435450	104	33	6
435465	122	20	6
435480	135	2	6
435495	135	-11	6
435510	130	-27	6
435525	117	-40	6
435530	94	-49	6
435546	68	-57	6
435561	36	-67	6
435576	3596	-69	6
435591	3560	-63	6
435606	3524	-61	6
435621	3488	-53	6
435636	3460	-40	6
435642	3438	-27	6
435657	3420	-20	6
435672	3411	-13	6
435687	3402	-19	6
435702	3393	-47	6
435717	3366	-80	6
435733	3321	-95	6
435738	3267	-106	6
435753	3208	-123	6
435768	3136	-136	6
435783	3060	-128	6
435798	2988	-111	6
435813	2930	-102	6
435828	2871	-99	6
435848	2812	-93	6
435853	2763	-82	6
435868	2718	-69	6
435884	2678	-47	6
435899	2650	-35	6
435914	2632	-34	6
435929	2610	-42	6
435944	2588	-44	6
435949	2565	-49	6
435964	2538	-51	6
435979	2506	-43	6
435995	2484	-34	6
436010	2466	-36	6
436025	2444	-55	6
436040	2412	-68	6
436045	2376	-73	6
436060	2336	-70	6
436075	2295	-69	6
436090	2254	-66	6
436105	2218	-55	6
436120	2187	-38	6
436135	2164	-19	6
436150	2156	-4	6
436155	2151	-3	6
436170	2151	-3	6
436185	2151	-7	6
436200	2146	-12	6
436215	2138	-33	6
436230	2120	-42	6
436245	2097	-38	6
436250	2074	-40	6
436265	2052	-46	6
436280	2025	-46	6
436295	2002	-44	6
436310	1976	-45	6
436325	1953	-51	6
436340	1922	-54	6
436345	1890	-53	6
436360	1863	-44	6
436375	1836	-29	6
436390	1822	-17	6
436405	1814	-16	6
436420	1804	-13	6
436440	1796	4	6
436455	1796	7	6
436460	1796	3	6
436475	1800	6	6
436490	1804	16	6
436505	1814	18	6
436520	1822	2	6
436535	1822	-9	6
436550	1822	-6	6
436555	1818	-1	6
436571	1818	-4	6
436587	1814	-11	6
436602	1809	-16	6
436617	1800	-24	6
436632	1786	-38	6
436647	1764	-52	6
436662	1737	-58	6
436667	1706	-49	6
436683	1674	-28	6
436698	1660	-18	6
436713	1652	-33	6
436728	1634	-48	6
436743	1606	-51	6
436758	1575	-43	6
436763	1552	-27	6
436778	1534	3	6
436793	1534	30	6
436808	1552	35	6
436823	1570	31	6
436838	1588	13	6
436853	1598	-13	6
436858	1593	-38	6
436873	1570	-51	6
436888	1544	-60	6
436903	1508	-60	6
436918	1476	-53	6
436933	1444	-36	6
436948	1426	-18	6
436964	1413	-8	6
436970	1408	-2	6
436986	1408	5	6
437001	1408	7	6
437016	1413	10	6
437031	1418	23	6
437046	1431	30	6
437061	1449	34	6
437066	1467	35	6
437081	1485	33	6
437096	1503	16	6
437111	1512	-19	6
437126	1508	-50	6
437141	1480	-76	6
437156	1436	-90	6
437171	1386	-97	6
437176	1332	-89	6
437191	1282	-81	6
437206	1233	-80	6
437221	1188	-72	6
437236	1148	-55	6
437251	1120	-25	6
437271	1102	21	6
437276	1112	64	6
437291	1148	92	6
437306	1202	99	6
437321	1256	91	6
437336	1305	69	6
437351	1346	37	6
437366	1368	2	6
437371	1368	-19	6
437387	1359	-33	6
437402	1341	-48	6
437417	1314	-73	6
437432	1274	-90	6
437447	1224	-99	6
437462	1170	-105	6
437477	1107	-98	6
437482	1053	-83	6
437497	1008	-58	6
437512	976	-44	6
437527	950	-18	6
437542	940	5	6
437558	940	18	6
437573	950	14	6
437578	958	2	6
437593	958	-12	6
437608	954	-19	6
437623	945	-18	6
437638	936	-18	6
437654	922	-23	6
437669	909	-29	6
437674	896	-33	6
437689	878	-37	6
437704	855	-36	6
437719	837	-48	6
437734	810	-61	6
437749	774	-80	6
437764	729	-87	6
437784	680	-74	6
437789	639	-53	6
437804	608	-46	6
437819	580	-64	6
437834	544	-81	6
437850	500	-89	6
437865	450	-82	6
437880	405	-60	6
437885	369	-30	6
437900	356	-17	6
437915	346	-17	6
437930	333	-17	6
437945	324	-17	6
437960	315	-19	6
437975	306	-27	6
437990	288	-39	6
437995	270	-43	6
438010	243	-46	6
438025	216	-40	6
438041	194	-42	6
438056	171	-54	6
438071	140	-68	6
438087	104	-71	6
438092	63	-58	6
438107	32	-28	6
438122	14	4	6
438137	14	17	6
438153	22	3	6
438168	22	-22	6
438183	18	-36	6
438188	3596	-36	6
438203	3578	-33	6
438218	3555	-30	6
438233	3542	-22	6
438248	3528	-22	6
438263	3514	-27	6
438279	3501	-34	6
438294	3483	-32	6
438299	3465	-28	6
438314	3447	-22	6
438330	3434	-11	6
438346	3429	-2	6
438362	3429	3	6
438378	3429	0	6
438394	3429	-4	6
438399	3429	-17	6
438415	3416	-21	6
438431	3406	-22	6
438446	3393	-19	6
438461	3384	-27	6
438476	3366	-37	6
438491	3348	-47	6
438506	3321	-41	6
438511	3298	-30	6
438526	3280	-14	6
438541	3272	5	6
438556	3272	19	6
438571	3280	28	6
438586	3298	38	6
438601	3321	43	6
438606	3344	44	6
438621	3366	37	6
438636	3388	28	6
438651	3406	14	6
438666	3411	-12	6
438681	3411	-33	6
438696	3393	-40	6
438701	3370	-40	6
438716	3348	-36	6
438731	3326	-38	6
438746	3303	-51	6
438761	3276	-64	6
438776	3240	-66	6
438791	3204	-46	6
438806	3177	-15	6
438811	3168	16	6
438826	3172	40	6
438841	3195	46	6
438856	3222	28	6
438871	3236	-2	6
438886	3236	-24	6
438901	3226	-28	6
438906	3213	-22	6
438921	3200	-12	6
438936	3190	-9	6
438951	3186	-20	6
438966	3177	-54	6
438981	3146	-82	6
438996	3100	-90	6
439001	3046	-76	6
439016	3006	-48	6
439031	2979	-11	6
439046	2974	34	6
439061	2988	74	6
439076	3028	102	6
439096	3087	97	6
439111	3141	56	6
439116	3172	-1	6
439131	3172	-40	6
439146	3154	-39	6
439161	3132	-30	6
439176	3114	-22	6
439191	3100	-16	6
439206	3092	-25	6
439211	3078	-42	6
439226	3056	-66	6
439241	3020	-81	6
439256	2974	-72	6
439271	2934	-46	6
439286	2907	-13	6
439301	2898	-5	6
439316	2898	-14	6
439321	2889	-24	6
439336	2876	-25	6
439351	2862	-32	6
439366	2844	-58	6
439381	2812	-73	6
439396	2768	-70	6
439416	2732	-53	6
439421	2700	-40	6
439437	2678	-24	6
439452	2664	-17	6
439467	2655	-15	6
439482	2646	-28	6
439497	2632	-34	6
439512	2610	-42	6
439517	2588	-39	6
439532	2565	-29	6
439547	2552	-22	6
439562	2538	-26	6
439577	2524	-24	6
439592	2511	-19	6
439607	2498	-19	6
439622	2488	-29	6
439627	2470	-28	6
439642	2457	-28	6
439657	2439	-30	6
439672	2421	-37	6
439687	2403	-35	6
439703	2380	-25	6
439718	2367	-19	6
439723	2358	-20	6
439738	2344	-24	6
439753	2331	-32	6
439768	2313	-36	6
439783	2295	-33	6
439798	2277	-28	6
439813	2259	-32	6
439818	2241	-41	6
439833	2218	-40	6
439849	2196	-43	6
439864	2174	-48	6
439879	2146	-51	6
439895	2115	-53	6
439910	2088	-53	6
439925	2056	-56	6
439930	2025	-54	6
439945	1994	-49	6
439960	1966	-41	6
439975	1944	-37	6
439990	1926	-34	6
440005	1904	-34	6
440020	1886	-35	6
440025	1868	-24	6
440040	1854	-17	6
440055	1845	-18	6
440070	1832	-20	6
440085	1822	-13	6
440100	1814	-9	6
440115	1809	-12	6
440135	1804	-20	6
440140	1791	-20	6
440155	1782	-12	6
440170	1773	-12	6
440185	1768	-17	6
440200	1755	-25	6
440215	1742	-31	6
440230	1724	-27	6
440235	1710	-16	6
440250	1701	0	6
440265	1701	27	6
440281	1714	56	6
440296	1746	69	6
440311	1782	60	6
440326	1818	37	6
440331	1836	20	6
440346	1850	6	6
440361	1854	-4	6
440376	1854	-7	6
440391	1850	-3	6
440406	1850	0	6
440421	1850	-6	6
440436	1845	-17	6
440441	1836	-38	6
440456	1814	-54	6
440471	1782	-63	6
440486	1746	-57	6
440501	1714	-42	6
440516	1692	-24	6
440536	1678	-4	6
440541	1678	-1	6
440556	1674	-14	6
440571	1670	-32	6
440586	1652	-45	6
440601	1624	-54	6
440616	1593	-65	6
440631	1557	-80	6
440646	1512	-84	6
440651	1467	-68	6
440666	1426	-37	6
440681	1408	-5	6
440696	1404	0	6
440711	1404	-11	6
440726	1400	-15	6
440741	1390	-13	6
440746	1382	-16	6
440762	1372	-14	6
440777	1364	4	6
440794	1364	22	6
440810	1377	14	6
440825	1382	-9	6
440842	1382	-32	6
440847	1364	-48	6
440863	1336	-61	6
440878	1305	-74	6
440893	1260	-73	6
440909	1220	-64	6
440924	1184	-49	6
440939	1156	-42	6
440956	1134	-56	6
440961	1102	-80	6
440977	1058	-91	6
440992	1004	-89	6
441007	954	-81	6
441022	909	-80	6
441037	864	-69	6
441052	828	-66	6
441057	788	-63	6
441072	752	-56	6
441087	720	-31	6
441103	706	-13	6
441119	698	-6	6
441135	693	-3	6
441151	693	-2	6
441156	693	-8	6
441171	688	-17	6
441176	675	-13	6
441191	670	-12	6
441206	662	-18	6
441221	652	-25	6
441236	639	-28	6
441251	621	-27	6
441256	608	-25	6
441271	594	-26	6
441286	580	-33	6
441301	562	-53	6
441316	531	-71	6
441331	490	-75	6
441351	450	-67	6
441358	410	-57	6
441373	378	-52	6
441388	351	-53	6
441403	320	-59	6
441418	288	-69	6
441433	248	-65	6
441449	212	-60	6
441464	176	-65	6
441469	140	-73	6
441484	99	-68	6
441499	63	-60	6
441514	27	-56	6
441529	3596	-54	6
441544	3564	-43	6
441559	3542	-32	6
441564	3524	-23	6
441579	3510	-20	6
441595	3501	-21	6
441611	3488	-24	6
441626	3474	-21	6
441641	3460	-16	6
441656	3452	-10	6
441661	3447	-1	6
441676	3447	2	6
441691	3447	2	6
441706	3447	-4	6
441721	3447	-13	6
441736	3438	-14	6
441751	3434	-13	6
441766	3424	-18	6
441771	3416	-20	6
441786	3402	-28	6
441801	3388	-43	6
441816	3362	-54	6
441832	3334	-59	6
441847	3298	-50	6
441862	3272	-49	6
441867	3244	-38	6
441882	3222	-27	6
441897	3208	-25	6
441912	3195	-24	6
441927	3182	-16	6
441942	3172	-12	6
441958	3164	-11	6
441964	3159	-8	6
441979	3154	-7	6
441994	3150	-16	6
442009	3141	-29	6
442024	3123	-39	6
442039	3100	-44	6
442054	3078	-42	6
442069	3056	-19	6
442074	3042	24	6
442089	3051	59	6
442104	3087	74	6
442120	3128	62	6
442135	3164	37	6
442150	3182	15	6
442165	3190	-8	6
442170	3190	-25	6
442185	3177	-27	6
442200	3164	-22	6
442215	3150	-21	6
442230	3136	-35	6
442245	3118	-62	6
442260	3082	-95	6
442280	3028	-104	6
442285	2970	-92	6
442300	2920	-73	6
442315	2880	-59	6
442330	2844	-56	6
442345	2812	-62	6
442360	2781	-73	6
442375	2736	-84	6
442380	2691	-90	6
442395	2642	-81	6
442410	2596	-76	6
442425	2552	-70	6
442442	2511	-63	6
442458	2475	-57	6
442474	2444	-48	6
442479	2416	-30	6
442495	2403	-12	6
442511	2394	1	6
442527	2394	6	6
442543	2394	-1	6
442558	2394	-19	6
442573	2385	-31	6
442588	2372	-34	6
442593	2349	-36	6
442608	2331	-53	6
442623	2300	-76	6
442638	2259	-100	6
442653	2200	-116	6
442668	2138	-113	6
442683	2074	-92	6
442688	2020	-64	6
442703	1984	-46	6
442718	1958	-45	6
442733	1935	-46	6
442748	1908	-52	6
442763	1876	-60	6
442778	1845	-65	6
442793	1809	-63	6
442798	1773	-63	6
442813	1737	-67	6
442828	1701	-69	6
442843	1660	-66	6
442858	1624	-68	6
442873	1584	-66	6
442888	1548	-64	6
442893	1512	-62	6
442908	1476	-56	6
442923	1444	-45	6
442938	1422	-37	6
442953	1400	-43	6
442968	1377	-36	6
442983	1354	-20	6
442989	1346	-5	6
443004	1341	2	6
443019	1341	5	6
443034	1341	3	6
443049	1341	-13	6
443064	1341	-30	6
443079	1323	-37	6
443094	1300	-36	6
443099	1282	-42	6
443114	1260	-53	6
443129	1228	-68	6
443144	1188	-79	6
443159	1148	-79	6
443174	1102	-68	6
443189	1062	-66	6
443194	1026	-80	6
443209	981	-100	6
443224	922	-113	6
443239	860	-104	6
443254	801	-81	6
443269	756	-46	6
443284	729	-5	6
443289	729	32	6
443304	742	51	6
443319	770	53	6
443334	801	43	6
443349	824	32	6
443364	842	24	6
443384	855	19	6
443399	868	5	6
443404	868	-4	6
443419	868	-14	6
443434	864	-35	6
443449	846	-60	6
443464	810	-74	6
443479	770	-84	6
443494	720	-78	6
443499	680	-75	6
443515	634	-81	6
443530	590	-88	6
443545	540	-93	6
443560	486	-94	6
443575	436	-89	6
443590	387	-80	6
443605	342	-65	6
443610	302	-49	6
443625	274	-33	6
443640	256	-22	6
443655	243	-21	6
443670	234	-20	6
443685	220	-24	6
443700	207	-34	6
443705	189	-43	6
443720	166	-49	6
443735	140	-48	6
443750	112	-41	6
443765	86	-45	6
443780	63	-58	6
443800	32	-70	6
443805	3591	-74	6
443820	3550	-73	6
443835	3506	-73	6
443850	3465	-65	6
443866	3429	-54	6
443881	3398	-42	6
443896	3375	-30	6
443911	3357	-18	6
443916	3348	3	6
443931	3348	29	6
443946	3362	56	6
443961	3393	78	6
443976	3438	84	6
443991	3488	69	6
444006	3524	38	6
444011	3546	7	6
444026	3550	-24	6
444041	3542	-40	6
444056	3519	-55	6
444071	3488	-59	6
444087	3452	-69	6
444103	3416	-78	6
444108	3370	-85	6
444123	3321	-86	6
444138	3276	-84	6
444153	3226	-76	6
444168	3186	-55	6
444183	3154	-41	6
444198	3132	-34	6
444213	3110	-35	6
444218	3092	-28	6
444233	3078	-27	6
444248	3060	-17	6
444263	3051	1	6
444278	3051	24	6
444293	3060	39	6
444308	3082	34	6
444313	3100	18	6
444328	3114	-2	6
444343	3114	-23	6
444358	3100	-37	6
444374	3082	-44	6
444390	3056	-43	6
444405	3033	-49	6
444420	3006	-58	6
444425	2974	-77	6
444440	2930	-91	6
444455	2880	-94	6
444470	2826	-95	6
444485	2772	-98	6
444500	2718	-109	6
444515	2655	-113	6
444520	2592	-109	6
444535	2529	-100	6
444550	2475	-92	6
444565	2421	-79	6
444580	2376	-65	6
444595	2340	-55	6
444615	2308	-53	6
444620	2282	-45	6
444636	2254	-34	6
444651	2236	-23	6
444666	2223	-8	6
444681	2218	3	6
444696	2218	12	6
444711	2223	9	6
444726	2228	-1	6
444731	2228	-8	6
444746	2228	-15	6
444761	2218	-25	6
444776	2205	-35	6
444791	2187	-51	6
444806	2156	-65	6
444821	2120	-72	6
444826	2079	-73	6
444841	2038	-74	6
444856	1998	-74	6
444871	1953	-72	6
444886	1912	-64	6
444901	1876	-58	6
444916	1845	-47	6
444936	1818	-34	6
444941	1800	-15	6
444956	1791	4	6
444971	1791	31	6
444986	1809	58	6
445001	1840	79	6
445016	1886	83	6
445031	1930	66	6
445036	1966	40	6
445051	1989	16	6
445066	1998	-5	6
445081	1998	-22	6
445096	1989	-35	6
445111	1971	-47	6
445126	1944	-60	6
445131	1908	-70	6
445146	1868	-79	6
445161	1827	-81	6
445176	1778	-85	6
445191	1732	-82	6
445206	1688	-74	6
445221	1642	-63	6
445236	1606	-55	6
445242	1580	-58	6
445258	1544	-55	6
445274	1512	-47	6
445290	1490	-31	6
445306	1472	-16	6
445322	1462	3	6
445337	1462	30	6
445342	1476	58	6
445357	1508	73	6
445372	1548	59	6
445387	1584	27	6
445402	1598	-7	6
445417	1598	-25	6
445433	1584	-33	6
445438	1566	-30	6
445453	1548	-37	6
445468	1526	-58	6
445483	1494	-86	6
445498	1444	-104	6
445513	1386	-115	6
445528	1323	-109	6
445543	1260	-100	6
445548	1206	-77	6
445563	1161	-29	6
445578	1148	35	6
445593	1161	93	6
445608	1215	113	6
445623	1278	103	6
445638	1336	75	6
445643	1377	48	6
445659	1404	33	6
445674	1422	22	6
445689	1436	17	6
445704	1444	12	6
445719	1454	-6	6
445734	1454	-39	6
445749	1431	-59	6
445754	1400	-57	6
445769	1364	-40	6
445784	1341	-20	6
445799	1332	14	6
445815	1336	46	6
445830	1364	71	6
445845	1400	75	6
445850	1444	63	6
445865	1480	33	6
445880	1498	15	6
445895	1508	11	6
445911	1512	10	6
445926	1516	1	6
445941	1516	-20	6
445946	1512	-52	6
445961	1480	-68	6
445977	1444	-50	6
445992	1418	-8	6
446007	1413	40	6
446023	1431	77	6
446038	1472	79	6
446053	1516	70	6
446058	1557	76	6
446073	1598	92	6
446088	1652	94	6
446103	1706	68	6
446118	1742	22	6
446133	1755	-18	6
446148	1750	-29	6
446153	1732	-14	6
446168	1724	-3	6
446183	1724	-2	6
446198	1724	-14	6
446213	1714	-29	6
446228	1696	-37	6
446243	1678	-14	6
446263	1670	20	6
446268	1674	51	6
446283	1706	62	6
446298	1742	54	6
446313	1768	43	6
446328	1796	35	6
446343	1814	29	6
446359	1832	17	6
446364	1840	6	6
446379	1845	-6	6
446394	1845	-18	6
446409	1832	-18	6
446424	1822	-20	6
446439	1814	-25	6
446454	1800	-29	6
446459	1782	-28	6
446474	1764	-23	6
446490	1755	-19	6
446505	1742	-7	6
446520	1737	12	6
446535	1742	25	6
446550	1755	31	6
446565	1773	29	6
446570	1791	25	6
446585	1804	16	6
446600	1814	6	6
446615	1814	-4	6
446630	1814	-9	6
446645	1814	-7	6
446660	1809	0	6
446666	1809	2	6
446682	1809	-1	6
446697	1809	-10	6
446712	1804	-18	6
446727	1791	-21	6
446742	1782	-23	6
446757	1768	-25	6
446762	1755	-28	6
446777	1737	-39	6
446792	1714	-46	6
446807	1692	-52	6
446822	1660	-47	6
446838	1634	-37	6
446854	1616	-26	6
446869	1598	-17	6
446874	1588	-17	6
446889	1580	-18	6
446904	1570	-19	6
446919	1562	-18	6
446934	1548	-26	6
446949	1534	-34	6
446964	1516	-39	6
446969	1494	-40	6
446984	1472	-35	6
446999	1454	-26	6
447014	1436	-17	6
447030	1426	-11	6
447045	1422	-16	6
447060	1413	-21	6
447075	1400	-27	6
447080	1386	-32	6
447095	1368	-29	6
447110	1350	-20	6
447125	1341	-21	6
447140	1328	-27	6
447155	1314	-28	6
447175	1296	-24	6
447180	1282	-28	6
447195	1269	-34	6
447210	1246	-31	6
447225	1233	-19	6
447240	1220	-15	6
447255	1210	-15	6
447270	1202	-13	6
447275	1197	-18	6
447290	1188	-24	6
447305	1174	-30	6
447320	1156	-33	6
447335	1138	-37	6
447350	1116	-39	6
447365	1094	-31	6
447380	1076	-30	6
447385	1062	-36	6
447400	1040	-41	6
447415	1017	-36	6
447430	994	-31	6
447445	981	-35	6
447460	958	-37	6
447475	940	-40	6
447480	918	-43	6
447495	891	-44	6
447510	868	-41	6
447525	846	-38	6
447540	824	-41	6
447555	801	-35	6
447575	778	-33	6
447580	760	-40	6
447595	738	-47	6
447610	711	-42	6
447625	688	-34	6
447640	670	-35	6
447655	648	-36	6
447670	630	-35	6
447685	612	-31	6
447690	594	-27	6
447705	576	-29	6
447720	562	-30	6
447735	544	-39	6
447750	522	-47	6
447765	495	-51	6
447780	468	-53	6
447785	436	-51	6
447800	410	-43	6
447815	382	-42	6
447830	360	-49	6
447845	333	-54	6
447861	302	-54	6
447876	274	-51	6
447896	243	-49	6
447901	216	-50	6
447916	189	-45	6
447931	162	-44	6
447946	140	-49	6
447961	112	-51	6
447976	81	-46	6
447991	54	-43	6
447996	32	-46	6
448011	4	-48	6
448026	3578	-48	6
448042	3550	-51	6
448058	3524	-48	6
448074	3496	-46	6
448090	3470	-47	6
448095	3442	-49	6
448111	3416	-46	6
448126	3388	-47	6
448141	3366	-48	6
448156	3339	-43	6
448171	3312	-39	6
448186	3290	-41	6
448201	3267	-46	6
448206	3240	-39	6
448221	3222	-21	6
448236	3208	-2	6
448251	3208	13	6
448266	3208	25	6
448281	3226	18	6
448296	3236	-2	6
448301	3236	-29	6
448316	3222	-51	6
448331	3190	-62	6
448346	3159	-61	6
448361	3123	-47	6
448376	3096	-32	6
448392	3078	-27	6
448407	3064	-29	6
448412	3046	-26	6
448427	3033	-27	6
448442	3020	-33	6
448457	2997	-38	6
448472	2979	-38	6
448487	2956	-30	6
448503	2938	-16	6
448508	2930	1	6
448523	2930	8	6
448538	2930	2	6
448553	2934	7	6
448568	2938	13	6
448583	2943	15	6
448598	2952	13	6
448603	2961	12	6
448618	2966	13	6
448633	2974	5	6
448649	2974	-2	6
448664	2974	-2	6
448679	2974	3	6
448694	2974	-1	6
448709	2974	-10	6
448714	2974	-13	6
448729	2966	-18	6
448744	2956	-22	6
448759	2943	-26	6
448774	2930	-35	6
448789	2912	-48	6
448804	2884	-54	6
448809	2853	-48	6
448824	2826	-39	6
448839	2804	-37	6
448854	2781	-32	6
448869	2763	-25	6
448884	2750	-27	6
448899	2736	-32	6
448904	2718	-32	6
448919	2700	-34	6
448934	2682	-42	6
448949	2655	-43	6
448965	2632	-34	6
448980	2614	-33	6
448995	2596	-36	6
449015	2574	-33	6
449020	2556	-22	6
449036	2542	-20	6
449051	2534	-22	6
449066	2520	-22	6
449081	2506	-23	6
449096	2493	-23	6
449111	2480	-25	6
449116	2466	-22	6
449131	2457	-21	6
449146	2444	-25	6
449161	2430	-24	6
449176	2416	-22	6
449191	2403	-26	6
449206	2390	-24	6
449221	2376	-16	6
449226	2367	-17	6
449241	2358	-25	6
449256	2344	-35	6
449271	2322	-39	6
449286	2300	-46	6
449301	2277	-44	6
449316	2250	-32	6
449321	2232	-27	6
449337	2218	-29	6
449353	2200	-33	6
449368	2182	-39	6
449383	2160	-45	6
449398	2133	-51	6
449414	2106	-47	6
449419	2079	-34	6
449434	2061	-18	6
449449	2052	-8	6
449464	2048	1	6
449479	2048	-1	6
449494	2048	-9	6
449509	2043	-6	6
449525	2038	11	6
449530	2038	20	6
449546	2052	14	6
449562	2061	12	6
449577	2066	15	6
449592	2074	5	6
449607	2079	-2	6
449622	2079	-4	6
449627	2079	-4	6
449642	2074	-9	6
449657	2070	-14	6
449672	2061	-22	6
449687	2052	-25	6
449702	2034	-22	6
449717	2025	-14	6
449722	2016	-15	6
449737	2007	-15	6
449752	1998	1	6
449767	1998	31	6
449782	2012	63	6
449797	2048	89	6
449812	2097	104	6
449827	2156	97	6
449832	2210	72	6
449847	2250	48	6
449862	2277	31	6
449877	2295	13	6
449892	2304	2	6
449907	2304	-4	6
449927	2304	-4	6
449932	2304	-11	6
449947	2300	-23	6
449962	2286	-24	6
449978	2272	-17	6
449993	2264	-6	6
450008	2259	13	6
450023	2264	36	6
450038	2282	45	6
450043	2308	43	6
450058	2331	40	6
450073	2354	26	6
450088	2367	8	6
450103	2372	8	6
450119	2376	27	6
450134	2394	45	6
450139	2416	46	6
450154	2444	33	6
450169	2462	12	6
450184	2470	-9	6
450199	2470	-22	6
450214	2457	-29	6
450229	2439	-35	6
450234	2421	-45	6
450249	2394	-60	6
450264	2362	-75	6
450279	2318	-91	6
450294	2268	-94	6
450309	2214	-81	6
450324	2169	-55	6
450339	2138	-38	6
450344	2115	-17	6
450359	2106	0	6
450374	2106	21	6
450389	2115	27	6
450404	2128	31	6
450419	2146	36	6
450439	2169	28	6
450444	2182	11	6
450459	2192	0	6
450474	2192	-7	6
450489	2192	-14	6
450504	2182	-13	6
450519	2174	-12	6
450534	2169	-21	6
450549	2156	-25	6
450554	2142	-24	6
450569	2128	-26	6
450584	2115	-38	6
450599	2092	-53	6
450614	2061	-64	6
450629	2025	-76	6
450644	1984	-85	6
450649	1935	-71	6
450664	1894	-45	6
450679	1872	-21	6
450694	1858	-8	6
450709	1854	4	6
450724	1854	24	6
450739	1868	40	6
450744	1890	64	6
450759	1926	96	6
450774	1980	111	6
450789	2043	104	6
450804	2102	86	6
450819	2146	59	6
450835	2182	20	6
450850	2192	-8	6
450855	2192	-7	6
450870	2187	1	6
450885	2187	10	6
450900	2192	28	6
450915	2205	43	6
450935	2232	48	6
450950	2259	32	6
450955	2277	13	6
450970	2282	-2	6
450985	2282	-7	6
451000	2282	1	6
451015	2282	9	6
451030	2282	11	6
451045	2290	-9	6
451050	2290	-30	6
451065	2272	-45	6
451080	2246	-50	6
451095	2218	-51	6
451110	2192	-39	6
451125	2169	-33	6
451140	2151	-45	6
451155	2124	-56	6
451160	2092	-63	6
451176	2056	-65	6
451192	2020	-68	6
451207	1980	-61	6
451222	1948	-54	6
451237	1917	-55	6
451252	1886	-58	6
451257	1854	-59	6
451272	1822	-55	6
451287	1791	-46	6
451302	1764	-27	6
451317	1750	-8	6
451333	1746	4	6
451348	1746	12	6
451364	1750	21	6
451369	1760	20	6
451384	1773	7	6
451399	1778	-18	6
451414	1768	-33	6
451429	1750	-39	6
451444	1728	-36	6
451459	1710	-28	6
451464	1692	-18	6
451479	1683	-9	6
451494	1678	6	6
451509	1678	29	6
451524	1692	39	6
451539	1714	39	6
451559	1737	43	6
451564	1764	56	6
451579	1796	61	6
451594	1827	51	6
451609	1858	36	6
451624	1876	22	6
451639	1890	11	6
451654	1894	-4	6
451670	1894	-27	6
451675	1881	-55	6
451690	1850	-79	6
451705	1804	-89	6
451720	1755	-88	6
451735	1706	-78	6
451750	1665	-55	6
451765	1634	-27	6
451770	1616	-2	6
451785	1616	24	6
451800	1624	64	6
451816	1660	109	6
451831	1724	131	6
451846	1796	105	6
451861	1854	53	6
451866	1886	0	6
451881	1886	-27	6
451896	1872	-30	6
451911	1858	-11	6
451926	1850	9	6
451941	1854	9	6
451956	1858	-7	6
451971	1858	-29	6
451976	1840	-31	6
451991	1822	-8	6
452006	1818	25	6
452021	1827	45	6
452036	1854	50	6
452051	1881	56	6
452071	1912	51	6
452076	1944	36	6
452091	1962	17	6
452106	1971	4	6
452121	1976	-8	6
452136	1976	-31	6
452151	1958	-55	6
452166	1926	-70	6
452182	1886	-72	6
452187	1845	-70	6
452202	1804	-59	6
452217	1773	-46	6
452233	1746	-34	6
452249	1728	-20	6
452265	1719	-13	6
452281	1710	-18	6
452286	1701	-35	6
452302	1678	-53	6
452318	1652	-61	6
452334	1616	-67	6
452350	1580	-74	6
452366	1534	-73	6
452381	1494	-66	6
452386	1458	-57	6
452401	1426	-44	6
452416	1400	-23	6
452431	1390	-19	6
452446	1377	-27	6
452461	1364	-37	6
452476	1341	-53	6
452491	1314	-78	6
452496	1269	-99	6
452511	1210	-102	6
452526	1156	-92	6
452541	1102	-87	6
452556	1053	-82	6
452571	1008	-78	6
452586	963	-68	6
452591	927	-60	6
452606	891	-59	6
452621	860	-52	6
452636	828	-41	6
452651	806	-30	6
452666	792	-26	6
452682	774	-27	6
452697	760	-33	6
452702	742	-27	6
452717	724	-31	6
452732	711	-36	6
452747	688	-45	6
452762	662	-45	6
452777	639	-42	6
452792	616	-43	6
452798	590	-44	6
452813	567	-38	6
452828	544	-34	6
452843	526	-35	6
452858	504	-39	6
452873	482	-41	6
452888	459	-37	6
452893	441	-35	6
452909	418	-37	6
452924	400	-40	6
452939	378	-44	6
452954	351	-48	6
452969	324	-48	6
452984	297	-49	6
452999	270	-48	6
453004	243	-42	6
453019	220	-39	6
453034	198	-36	6
453049	176	-39	6
453064	158	-36	6
453079	135	-34	6
453094	117	-34	6
453099	99	-34	6
453115	76	-38	6
453130	58	-40	6
453145	36	-38	6
453160	14	-34	6
453175	3596	-34	6
453190	3573	-42	6
453195	3550	-48	6
453210	3524	-41	6
453225	3501	-34	6
453240	3483	-39	6
453255	3460	-48	6
453270	3434	-59	6
453285	3398	-68	6
453300	3362	-70	6
453305	3321	-77	6
453320	3280	-76	6
453335	3236	-65	6
453350	3200	-60	6
453365	3164	-58	6
453380	3132	-61	6
453395	3100	-57	6
453400	3064	-54	6
453415	3038	-50	6
453431	3006	-54	6
453446	2979	-48	6
453461	2952	-34	6
453476	2930	-20	6
453491	2920	-26	6
453511	2907	-35	6
453516	2884	-37	6
453531	2866	-36	6
453546	2844	-34	6
453561	2826	-40	6
453577	2804	-47	6
453593	2776	-52	6
453608	2750	-47	6
453613	2722	-42	6
453628	2696	-39	6
453643	2678	-41	6
453658	2650	-42	6
453673	2628	-47	6
453688	2601	-49	6
453703	2574	-42	6
453708	2552	-39	6
453723	2529	-47	6
453738	2502	-56	6
453753	2470	-61	6
453769	2439	-54	6
453784	2408	-46	6
453799	2380	-41	6
453814	2358	-37	6
453819	2336	-33	6
453834	2318	-32	6
453849	2300	-30	6
453864	2282	-25	6
453879	2268	-29	6
453894	2254	-26	6
453909	2236	-25	6
453915	2223	-23	6
453930	2210	-28	6
453945	2196	-31	6
453960	2178	-25	6
453975	2164	-25	6
453990	2151	-34	6
454005	2133	-38	6
454020	2110	-52	6
454025	2079	-57	6
454040	2048	-51	6
454055	2020	-48	6
454070	1994	-52	6
454085	1962	-56	6
454100	1930	-53	6
454115	1904	-48	6
454120	1876	-43	6
454135	1850	-37	6
454150	1832	-24	6
454165	1818	-19	6
454181	1804	-16	6
454196	1796	-23	6
454211	1782	-24	6
454216	1768	-26	6
454232	1755	-31	6
454247	1737	-30	6
454262	1724	-31	6
454277	1706	-32	6
454292	1688	-31	6
454308	1670	-31	6
454323	1652	-33	6
454328	1634	-30	6
454343	1616	-25	6
454358	1602	-20	6
454373	1588	-19	6
454388	1580	-15	6
454403	1570	-7	6
454423	1566	-1	6
454428	1566	-5	6
454443	1566	-8	6
454458	1562	-10	6
454473	1552	-9	6
454488	1548	-8	6
454503	1544	-12	6
454518	1539	-27	6
454523	1521	-50	6
454538	1494	-62	6
454553	1458	-61	6
454568	1426	-53	6
454583	1395	-46	6
454599	1368	-44	6
454614	1346	-43	6
454629	1318	-45	6
454634	1296	-41	6
454649	1274	-27	6
454664	1256	-21	6
454679	1246	-24	6
454694	1233	-34	6
454709	1210	-46	6
454725	1188	-60	6
454730	1152	-76	6
454745	1112	-83	6
454760	1062	-89	6
454775	1012	-86	6
454790	963	-78	6
454805	922	-70	6
454820	882	-67	6
454836	846	-68	6
454841	806	-59	6
454856	774	-58	6
454871	738	-59	6
454886	706	-62	6
454901	670	-60	6
454916	639	-58	6
454931	608	-61	6
454936	572	-66	6
454951	536	-64	6
454966	500	-58	6
454981	464	-47	6
454996	441	-40	6
455011	418	-38	6
455027	396	-36	6
455033	374	-32	6
455049	356	-29	6
455065	342	-34	6
455081	320	-50	6
455097	292	-54	6
455113	261	-49	6
455129	234	-33	6
455144	216	-20	6
455149	207	-6	6
455164	202	-2	6
455179	202	-11	6
455194	194	-28	6
455209	180	-44	6
455224	153	-56	6
455239	122	-48	6
455244	94	-31	6
455259	76	-23	6
455274	68	-19	6
455289	54	-20	6
455304	45	-23	6
455319	32	-31	6
455334	14	-43	6
455339	3591	-49	6
455354	3560	-44	6
455370	3537	-31	6
455385	3519	-3	6
455400	3519	28	6
455415	3528	55	6
455430	3560	61	6
455445	3596	59	6
455450	27	40	6
455465	50	12	6
455480	58	-3	6
455495	58	0	6
455510	58	10	6
455526	63	11	6
455541	68	6	6
455546	72	0	6
455561	72	-14	6
455576	68	-22	6
455591	54	-22	6
455606	40	-19	6
455621	32	-21	6
455636	18	-22	6
455651	9	-25	6
455656	3591	-18	6
455671	3582	4	6
455686	3582	30	6
455701	0	50	6
455716	27	58	6
455732	58	54	6
455748	90	47	6
455753	117	36	6
455768	135	21	6
455783	148	-3	6
455798	148	-25	6
455813	135	-37	6
455828	117	-48	6
455843	90	-44	6
455848	63	-29	6
455863	45	-19	6
455878	36	-10	6
455893	32	-3	6
455908	27	-1	6
455923	27	3	6
455944	27	19	6
455959	36	34	6
455964	54	35	6
455979	76	26	6
455994	90	11	6
456009	94	-12	6
456024	94	-26	6
456039	81	-20	6
456054	68	-4	6
456059	68	9	6
456074	68	21	6
456089	76	22	6
456104	90	11	6
456119	99	-6	6
456134	99	-30	6
456149	81	-46	6
456164	54	-56	6
456169	22	-43	6
456184	0	-26	6
456199	3586	-1	6
456214	3582	11	6
456229	3586	12	6
456244	3591	-3	6
456259	3591	-21	6
456265	3582	-45	6
456281	3560	-59	6
456296	3524	-67	6
456311	3488	-78	6
456326	3442	-90	6
456341	3393	-84	6
456356	3344	-60	6
456361	3312	-33	6
456376	3294	-11	6
456391	3285	0	6
456406	3285	-6	6
456421	3285	-7	6
456436	3280	1	6
456451	3280	21	6
456466	3290	37	6
456471	3308	47	6
456486	3334	47	6
456501	3362	40	6
456516	3384	33	6
456531	3402	18	6
456546	3411	2	6
456566	3416	-14	6
456571	3411	-25	6
456586	3398	-23	6
456601	3384	-7	6
456616	3380	2	6
456631	3380	-5	6
456647	3380	-18	6
456662	3366	-31	6
456667	3348	-33	6
456683	3330	-30	6
456698	3316	-20	6
456713	3303	-18	6
456728	3294	-18	6
456743	3285	-15	6
456758	3276	-16	6
456774	3267	-26	6
456779	3249	-32	6
456794	3231	-38	6
456809	3213	-39	6
456824	3190	-45	6
456839	3164	-46	6
456854	3136	-46	6
456869	3114	-43	6
456874	3087	-47	6
456889	3060	-69	6
456904	3024	-89	6
456920	2974	-102	6
456935	2916	-104	6
456950	2858	-104	6
456965	2799	-101	6
456980	2740	-105	6
456985	2682	-100	6
457000	2628	-94	6
457015	2574	-86	6
457030	2524	-72	6
457045	2484	-54	6
457060	2452	-41	6
457076	2430	-41	6
457081	2408	-48	6
457096	2380	-53	6
457111	2354	-47	6
457126	2326	-32	6
457141	2308	-26	6
457156	2290	-21	6
457171	2282	-17	6
457176	2272	-14	6
457191	2264	-14	6
457206	2254	-20	6
457221	2246	-21	6
457237	2232	-20	6
457253	2223	-18	6
457268	2210	-17	6
457283	2200	-23	6
457288	2187	-24	6
457303	2174	-31	6
457318	2156	-31	6
457333	2142	-37	6
457348	2120	-34	6
457363	2102	-28	6
457383	2084	-29	6
457388	2070	-30	6
457403	2052	-34	6
457418	2034	-38	6
457433	2012	-41	6
457448	1989	-38	6
457463	1966	-41	6
457478	1944	-50	6
457483	1917	-48	6
457498	1890	-41	6
457513	1863	-40	6
457528	1840	-34	6
457543	1822	-27	6
457558	1809	-11	6
457573	1800	-4	6
457588	1800	0	6
457593	1800	-9	6
457608	1796	-16	6
457624	1786	-32	6
457639	1768	-52	6
457654	1737	-71	6
457669	1696	-79	6
457684	1656	-62	6
457689	1620	-34	6
457704	1602	-4	6
457719	1598	8	6
457734	1598	16	6
457749	1606	19	6
457764	1620	15	6
457779	1624	5	6
457795	1629	-1	6
457801	1629	0	6
457817	1629	-1	6
457833	1629	-2	6
457849	1629	-3	6
457864	1629	-10	6
457879	1624	-27	6
457894	1606	-36	6
457899	1588	-37	6
457914	1566	-36	6
457929	1548	-27	6
457945	1530	-9	6
457960	1526	6	6
457975	1526	13	6
457990	1534	9	6
457995	1539	-7	6
458010	1539	-21	6
458025	1526	-30	6
458040	1512	-30	6
458055	1494	-21	6
458070	1480	-13	6
458085	1476	-9	6
458100	1467	-6	6
458105	1467	-8	6
458120	1462	-24	6
458135	1449	-45	6
458150	1422	-50	6
458165	1395	-38	6
458180	1372	-11	6
458195	1368	16	6
458200	1372	25	6
458215	1386	16	6
458230	1395	5	6
458245	1400	2	6
458260	1400	-4	6
458275	1400	-13	6
458290	1395	-27	6
458310	1377	-39	6
458315	1354	-45	6
458330	1332	-49	6
458345	1305	-45	6
458360	1278	-36	6
458375	1256	-19	6
458390	1246	-13	6
458405	1238	-19	6
458410	1228	-26	6
458425	1215	-23	6
458440	1202	-6	6
458455	1197	16	6
458471	1202	19	6
458486	1215	5	6
458501	1215	-19	6
458506	1210	-36	6
458521	1188	-47	6
458536	1161	-53	6
458551	1134	-58	6
458566	1102	-65	6
458581	1062	-64	6
458596	1026	-61	6
458611	994	-65	6
458616	958	-70	6
458631	918	-74	6
458646	878	-68	6
458661	837	-60	6
458676	806	-51	6
458691	774	-40	6
458711	752	-29	6
458716	738	-19	6
458731	724	-12	6
458746	720	-12	6
458761	711	-13	6
458776	706	-12	6
458791	698	-10	6
458806	693	-13	6
458811	684	-16	6
458826	675	-29	6
458841	662	-41	6
458856	639	-41	6
458871	612	-32	6
458886	594	-18	6
458901	585	-10	6
458916	580	-6	6
458921	576	-9	6
458936	572	-14	6
458951	562	-17	6
458966	554	-19	6
458981	544	-20	6
458996	531	-23	6
459011	518	-29	6
459016	504	-41	6
459031	482	-45	6
459046	454	-47	6
459061	428	-44	6
459076	405	-34	6
459091	382	-28	6
459106	369	-32	6
459126	351	-38	6
459131	328	-41	6
459146	306	-37	6
459161	284	-38	6
459177	266	-38	6
459193	243	-41	6
459209	220	-44	6
459225	194	-42	6
459230	171	-40	6
459245	148	-40	6
459261	126	-42	6
459276	104	-45	6
459291	76	-50	6
459306	50	-55	6
459321	18	-53	6
459326	3586	-44	6
459341	3564	-34	6
459356	3546	-31	6
459371	3528	-40	6
459386	3506	-42	6
459401	3483	-39	6
459416	3460	-42	6
459431	3434	-45	6
459436	3411	-43	6
459451	3384	-34	6
459466	3366	-20	6
459481	3357	-12	6
459496	3348	-13	6
459511	3344	-25	6
459526	3326	-31	6
459531	3312	-22	6
459547	3298	-1	6
459562	3298	14	6
459577	3303	15	6
459592	3308	11	6
459607	3316	5	6
459622	3316	4	6
459627	3321	-2	6
459642	3321	-16	6
459657	3316	-27	6
459672	3298	-28	6
459687	3285	-20	6
459702	3272	-15	6
459717	3262	-28	6
459732	3249	-45	6
459737	3222	-56	6
459752	3190	-54	6
459767	3159	-34	6
459782	3141	-2	6
459797	3141	27	6
459812	3150	41	6
459827	3177	41	6
459832	3200	31	6
459847	3218	18	6
459862	3226	6	6
459877	3231	-6	6
459892	3231	-7	6
459907	3226	-5	6
459927	3222	0	6
459942	3222	-7	6
459947	3218	-18	6
459962	3208	-33	6
459977	3190	-47	6
459992	3164	-55	6
460007	3132	-52	6
460022	3105	-42	6
460037	3078	-30	6
460042	3064	-19	6
460057	3051	-10	6
460072	3046	-8	6
460087	3042	1	6
460102	3042	9	6
460117	3042	11	6
460132	3051	8	6
460137	3056	16	6
460152	3064	23	6
460167	3078	26	6
460182	3092	24	6
460197	3105	17	6
460212	3114	5	6
460227	3118	-6	6
460247	3118	-16	6
460252	3110	-24	6
460267	3096	-26	6
460282	3082	-28	6
460298	3064	-33	6
460313	3046	-31	6
460328	3028	-29	6
460343	3010	-28	6
460348	2997	-33	6
460363	2979	-35	6
460378	2956	-33	6
460393	2938	-29	6
460408	2925	-18	6
460423	2912	-11	6
460438	2907	-5	6
460453	2902	-1	6
460458	2902	2	6
460473	2902	-5	6
460488	2902	-11	6
460504	2898	-13	6
460519	2889	-18	6
460534	2880	-26	6
460549	2862	-23	6
460554	2853	-16	6
460569	2844	-10	6
460585	2835	-15	6
460601	2826	-25	6
460617	2812	-36	6
460633	2794	-39	6
460649	2772	-32	6
460654	2754	-22	6
460669	2740	-11	6
460684	2736	-4	6
460699	2732	-1	6
460714	2732	-3	6
460729	2732	-9	6
460744	2727	-12	6
460759	2718	-17	6
460764	2709	-16	6
460779	2700	-18	6
460794	2691	-21	6
460809	2678	-22	6
460824	2664	-26	6
460839	2650	-20	6
460854	2642	-11	6
460859	2632	-13	6
460874	2628	-27	6
460889	2610	-36	6
460904	2592	-39	6
460919	2570	-43	6
460934	2547	-41	6
460949	2520	-32	6
460954	2502	-26	6
460969	2488	-19	6
460984	2480	-19	6
461000	2466	-17	6
461015	2457	-14	6
461030	2452	-9	6
461045	2444	-2	6
461060	2444	1	6
461065	2444	0	6
461080	2444	-6	6
461095	2444	-5	6
461110	2439	-6	6
461125	2434	-12	6
461140	2430	-8	6
461155	2426	2	6
461160	2426	1	6
461175	2426	-10	6
461190	2421	-13	6
461205	2412	-12	6
461220	2408	-16	6
461235	2398	-24	6
461250	2385	-32	6
461270	2367	-37	6
461275	2344	-39	6
461290	2322	-47	6
461306	2295	-55	6
461321	2264	-71	6
461336	2228	-75	6
461351	2182	-71	6
461366	2142	-58	6
461371	2110	-47	6
461386	2084	-30	6
461401	2066	-9	6
461416	2061	12	6
461431	2066	27	6
461446	2079	37	6
461461	2102	44	6
461466	2124	35	6
461481	2146	14	6
461496	2156	-6	6
461511	2156	-19	6
461526	2142	-21	6
461541	2133	-17	6
461556	2124	-16	6
461572	2115	-27	6
461577	2097	-43	6
461592	2074	-51	6
461607	2043	-50	6
461622	2016	-48	6
461637	1989	-42	6
461652	1966	-30	6
461667	1948	-24	6
461672	1935	-29	6
461687	1922	-32	6
461702	1904	-36	6
461717	1881	-32	6
461732	1863	-20	6
461747	1854	-6	6
461767	1850	4	6
461772	1850	19	6
461787	1858	32	6
461802	1876	37	6
461817	1894	29	6
461832	1912	21	6
461848	1926	22	6
461863	1935	23	6
461878	1948	14	6
461883	1958	-4	6
461898	1958	-22	6
461913	1948	-31	6
461929	1930	-35	6
461944	1908	-33	6
461959	1890	-27	6
461974	1876	-24	6
461979	1863	-15	6
461994	1854	15	6
462009	1858	47	6
462024	1886	72	6
462039	1926	84	6
462054	1971	82	6
462069	2020	63	6
462084	2056	45	6
462089	2079	30	6
462104	2097	16	6
462119	2106	6	6
462134	2110	3	6
462149	2110	4	6
462164	2115	1	6
462179	2115	-6	6
462184	2115	-7	6
462199	2110	-10	6
462214	2106	-18	6
462229	2092	-21	6
462245	2084	-15	6
462260	2074	1	6
462275	2074	23	6
462280	2084	44	6
462295	2110	55	6
462310	2138	57	6
462325	2174	46	6
462340	2196	35	6
462355	2218	24	6
462370	2232	11	6
462390	2236	2	6
462395	2236	-8	6
462410	2236	-11	6
462425	2232	-3	6
462440	2228	14	6
462455	2232	35	6
462470	2254	43	6
462485	2277	32	6
462490	2295	11	6
462505	2300	-17	6
462520	2295	-46	6
462535	2268	-58	6
462550	2236	-60	6
462565	2205	-54	6
462580	2174	-55	6
462595	2142	-59	6
462600	2110	-65	6
462615	2074	-65	6
462630	2034	-52	6
462645	2007	-39	6
462660	1984	-36	6
462675	1966	-42	6
462690	1940	-42	6
462695	1917	-38	6
462710	1894	-35	6
462725	1876	-33	6
462740	1858	-38	6
462755	1836	-46	6
462770	1809	-41	6
462790	1786	-19	6
462795	1778	0	6
462810	1778	4	6
462825	1778	-6	6
462840	1778	-23	6
462855	1764	-41	6
462870	1742	-46	6
462885	1714	-32	6
462900	1696	-12	6
462905	1688	1	6
462920	1688	4	6
462935	1688	4	6
462950	1692	-10	6
462966	1688	-47	6
462981	1660	-86	6
462996	1616	-113	6
463001	1548	-125	6
463017	1480	-120	6
463032	1413	-96	6
463047	1359	-65	6
463062	1323	-43	6
463077	1296	-30	6
463092	1282	-27	6
463097	1264	-30	6
463112	1246	-44	6
463127	1224	-46	6
463142	1197	-38	6
463158	1174	-22	6
463173	1166	1	6
463188	1166	23	6
463204	1174	32	6
463209	1192	28	6
463224	1206	27	6
463239	1224	25	6
463254	1238	18	6
463269	1246	13	6
463284	1256	15	6
463299	1264	13	6
463304	1269	5	6
463319	1274	-9	6
463334	1274	-30	6
463349	1256	-48	6
463364	1228	-74	6
463379	1188	-95	6
463395	1134	-112	6
463412	1071	-124	6
463417	999	-119	6
463433	932	-99	6
463449	878	-84	6
463464	828	-79	6
463479	788	-70	6
463494	747	-57	6
463509	716	-51	6
463514	684	-47	6
463529	657	-36	6
463544	639	-28	6
463559	621	-35	6
463574	603	-38	6
463589	580	-38	6
463604	562	-45	6
463609	536	-55	6
463624	504	-50	6
463639	477	-43	6
463654	450	-46	6
463669	428	-54	6
463684	396	-58	6
463699	364	-58	6
463714	328	-57	6
463719	297	-49	6
463734	270	-34	6
463749	252	-28	6
463764	234	-23	6
463779	225	-19	6
463794	212	-18	6
463814	202	-33	6
463819	184	-47	6
463834	158	-46	6
463849	130	-41	6
463864	108	-44	6
463879	86	-46	6
463894	58	-43	6
463909	32	-47	6
463924	9	-57	6
463929	3573	-70	6
463944	3537	-82	6
463960	3488	-83	6
463975	3442	-61	6
463990	3406	-25	6
464005	3393	-9	6
464020	3388	-6	6
464025	3384	5	6
464040	3384	27	6
464055	3402	39	6
464070	3420	44	6
464085	3447	43	6
464100	3470	38	6
464115	3492	28	6
464120	3510	27	6
464135	3524	16	6
464150	3532	-3	6
464165	3532	-15	6
464180	3528	-19	6
464195	3514	-28	6
464210	3501	-51	6
464230	3470	-70	6
464235	3434	-80	6
464250	3388	-87	6
464265	3339	-90	6
464280	3285	-86	6
464295	3240	-73	6
464310	3200	-57	6
464325	3164	-36	6
464330	3146	-6	6
464345	3141	18	6
464360	3150	38	6
464375	3168	54	6
464390	3200	59	6
464405	3231	44	6
464421	3258	13	6
464426	3267	-12	6
464441	3262	-25	6
464456	3249	-37	6
464471	3226	-41	6
464486	3204	-34	6
464501	3186	-32	6
464516	3168	-27	6
464531	3150	-21	6
464536	3141	-11	6
464551	3132	-3	6
464566	3132	22	6
464582	3141	44	6
464597	3164	48	6
464612	3190	33	6
464627	3213	14	6
464633	3218	-1	6
464648	3218	-21	6
464664	3208	-42	6
464679	3186	-50	6
464694	3159	-42	6
464709	3136	-36	6
464724	3114	-19	6
464739	3105	14	6
464744	3110	49	6
464759	3136	65	6
464774	3172	72	6
464789	3213	71	6
464804	3254	49	6
464819	3280	31	6
464834	3298	26	6
464839	3312	29	6
464854	3330	26	6
464869	3344	28	6
464884	3357	21	6
464899	3370	-4	6
464914	3370	-23	6
464934	3362	-11	6
464939	3352	28	6
464954	3366	63	6
464969	3402	76	6
464984	3442	66	6
464999	3478	42	6
465014	3506	25	6
465029	3519	25	6
465044	3532	23	6
465049	3546	15	6
465064	3555	12	6
465079	3560	20	6
465094	3573	28	6
465109	3586	26	6
465124	0	19	6
465139	14	11	6
465144	18	5	6
465159	22	1	6
465174	22	5	6
465189	27	28	6
465204	40	52	6
465219	72	77	6
465234	112	86	6
465239	162	79	6
465254	207	64	6
465269	243	55	6
465285	274	44	6
465300	297	26	6
465315	310	14	6
465330	320	21	6
465350	333	30	6
465355	351	28	6
465370	364	23	6
465385	378	15	6
465400	387	2	6
465415	387	-16	6
465430	382	-33	6
465445	364	-44	6
465450	338	-49	6
465465	310	-53	6
465480	284	-60	6
465495	248	-73	6
465510	207	-89	6
465525	158	-86	6
465540	108	-65	6
465555	72	-44	6
465560	45	-22	6
465575	36	-3	6
465590	32	3	6
465605	32	-5	6
465620	32	-12	6
465635	27	-11	6
465650	18	-19	6
465655	9	-33	6
465670	3591	-33	6
465685	3573	-32	6
465700	3555	-29	6
465715	3537	-25	6
465730	3524	-17	6
465750	3514	-18	6
465755	3501	-32	6
465770	3483	-50	6
465785	3456	-64	6
465800	3420	-77	6
465815	3380	-85	6
465831	3330	-79	6
465846	3285	-71	6
465861	3244	-67	6
465866	3208	-67	6
465881	3168	-68	6
465896	3132	-68	6
465911	3092	-70	6
465927	3056	-66	6
465942	3015	-68	6
465958	2979	-76	6
465963	2934	-87	6
465978	2889	-87	6
465993	2840	-90	6
466008	2786	-92	6
466023	2736	-81	6
466038	2691	-68	6
466053	2650	-66	6
466068	2614	-64	6
466073	2578	-68	6
466088	2542	-69	6
466103	2502	-73	6
466118	2462	-69	6
466133	2421	-56	6
466149	2390	-48	6
466164	2362	-44	6
466169	2340	-43	6
466184	2313	-46	6
466199	2290	-55	6
466214	2259	-62	6
466229	2223	-57	6
466244	2192	-56	6
466259	2160	-56	6
466264	2128	-55	6
466279	2097	-56	6
466294	2066	-59	6
466309	2034	-58	6
466324	1998	-53	6
466339	1971	-52	6
466354	1940	-56	6
466375	1908	-56	6
466380	1876	-55	6
466395	1845	-51	6
466410	1818	-54	6
466425	1786	-51	6
466440	1760	-51	6
466455	1728	-54	6
466470	1701	-57	6
466475	1670	-52	6
466490	1638	-49	6
466505	1611	-51	6
466520	1584	-55	6
466536	1552	-55	6
466551	1521	-56	6
466566	1490	-50	6
466571	1462	-40	6
466586	1440	-35	6
466601	1418	-39	6
466616	1395	-45	6
466631	1372	-49	6
466646	1346	-52	6
466661	1314	-54	6
466676	1282	-47	6
466681	1256	-33	6
466696	1238	-31	6
466711	1220	-38	6
466726	1202	-42	6
466741	1174	-41	6
466756	1152	-45	6
466771	1130	-46	6
466776	1102	-39	6
466791	1080	-37	6
466806	1058	-38	6
466821	1040	-44	6
466837	1012	-46	6
466853	986	-56	6
466868	954	-54	6
466883	927	-46	6
466888	900	-45	6
466904	873	-45	6
466919	850	-39	6
466934	828	-39	6
466949	806	-46	6
466964	778	-53	6
466979	752	-51	6
466984	720	-46	6
466999	693	-45	6
467014	670	-44	6
467029	644	-40	6
467044	621	-35	6
467059	603	-30	6
467075	585	-24	6
467080	572	-23	6
467095	558	-32	6
467110	540	-41	6
467125	518	-38	6
467140	495	-40	6
467155	472	-48	6
467170	446	-52	6
467190	418	-50	6
467195	392	-52	6
467210	360	-58	6
467225	328	-56	6
467240	297	-54	6
467255	266	-61	6
467270	234	-62	6
467285	198	-60	6
467290	162	-62	6
467305	130	-61	6
467320	94	-51	6
467336	68	-41	6
467351	40	-40	6
467366	18	-42	6
467381	3596	-37	6
467386	3578	-34	6
467401	3555	-40	6
467416	3532	-51	6
467431	3506	-51	6
467446	3478	-46	6
467461	3452	-42	6
467476	3429	-43	6
467491	3402	-49	6
467497	3375	-64	6
467512	3339	-70	6
467527	3298	-72	6
467542	3258	-77	6
467557	3218	-80	6
467572	3172	-73	6
467587	3132	-59	6
467592	3096	-52	6
467607	3069	-44	6
467622	3042	-34	6
467637	3024	-24	6
467652	3010	-18	6
467667	3002	-9	6
467682	2997	-7	6
467702	2992	-10	6
467707	2984	-19	6
467722	2974	-24	6
467737	2961	-36	6
467752	2943	-48	6
467767	2916	-51	6
467782	2884	-49	6
467797	2858	-47	6
467802	2830	-50	6
467817	2804	-55	6
467832	2772	-51	6
467847	2745	-45	6
467862	2718	-45	6
467877	2691	-42	6
467892	2668	-41	6
467897	2646	-41	6
467912	2624	-43	6
467927	2601	-38	6
467942	2578	-38	6
467957	2556	-36	6
467972	2538	-34	6
467987	2516	-36	6
468002	2498	-47	6
468007	2470	-55	6
468022	2439	-43	6
468037	2416	-36	6
468052	2394	-40	6
468067	2372	-47	6
468082	2344	-48	6
468102	2318	-43	6
468107	2295	-41	6
468122	2272	-42	6
468137	2250	-45	6
468152	2223	-47	6
468167	2196	-43	6
468182	2174	-37	6
468197	2151	-29	6
468212	2133	-18	6
468217	2124	-9	6
468232	2120	-5	6
468247	2115	-21	6
468262	2106	-32	6
468277	2088	-35	6
468292	2066	-27	6
468307	2052	-27	6
468312	2038	-26	6
468327	2020	-20	6
468342	2012	-14	6
468357	2002	-16	6
468372	1994	-13	6
468387	1989	-16	6
468402	1980	-23	6
468407	1966	-22	6
468422	1953	-15	6
468437	1944	-22	6
468452	1930	-28	6
468467	1917	-26	6
468482	1904	-21	6
468502	1890	-29	6
468517	1872	-32	6
468522	1854	-32	6
468537	1836	-34	6
468552	1818	-38	6
468567	1796	-44	6
468582	1773	-43	6
468597	1746	-45	6
468612	1724	-51	6
468617	1692	-60	6
468632	1660	-72	6
468647	1620	-80	6
468662	1575	-72	6
468677	1534	-60	6
468692	1498	-54	6
468707	1472	-52	6
468712	1440	-45	6
468727	1418	-32	6
468742	1400	-32	6
468757	1382	-38	6
468772	1359	-39	6
468787	1336	-45	6
468802	1310	-63	6
468822	1274	-69	6
468827	1238	-56	6
468842	1206	-42	6
468857	1184	-34	6
468872	1161	-43	6
468888	1138	-65	6
468904	1102	-86	6
468920	1053	-83	6
468925	1008	-63	6
468941	972	-45	6
468956	945	-40	6
468971	922	-39	6
468986	900	-44	6
469001	878	-50	6
469017	850	-46	6
469033	824	-32	6
469038	806	-28	6
469053	788	-32	6
469068	770	-44	6
469083	747	-48	6
469098	720	-53	6
469113	688	-59	6
469128	657	-57	6
469133	626	-57	6
469148	594	-64	6
469163	558	-67	6
469178	518	-54	6
469193	486	-47	6
469209	464	-52	6
469224	432	-56	6
469229	400	-54	6
469244	369	-55	6
469259	338	-55	6
469274	310	-57	6
469289	274	-62	6
469304	243	-69	6
469319	202	-62	6
469334	166	-44	6
469339	144	-30	6
469354	126	-21	6
469369	112	-11	6
469384	108	-20	6
469399	99	-40	6
469414	76	-57	6
469429	40	-64	6
469434	4	-70	6
469449	3568	-73	6
469464	3528	-61	6
469479	3492	-42	6
469494	3470	-36	6
469509	3447	-44	6
469524	3424	-56	6
469529	3393	-50	6
469544	3362	-33	6
469559	3344	-14	6
469574	3339	3	6
469589	3339	3	6
469604	3339	-15	6
469619	3330	-36	6
469634	3312	-67	6
469639	3276	-98	6
469654	3218	-99	6
469669	3164	-64	6
469684	3128	-21	6
469699	3114	-1	6
469715	3114	-11	6
469730	3110	-34	6
469735	3092	-58	6
469750	3056	-71	6
469765	3015	-64	6
469780	2979	-52	6
469795	2952	-42	6
469810	2930	-38	6
469830	2907	-38	6
469845	2884	-43	6
469850	2862	-47	6
469865	2835	-42	6
469880	2812	-47	6
469895	2786	-59	6
469910	2750	-77	6
469925	2709	-85	6
469940	2660	-87	6
469945	2610	-87	6
469960	2560	-84	6
469975	2516	-76	6
469990	2470	-75	6
470005	2430	-85	6
470020	2380	-88	6
470035	2331	-77	6
470040	2290	-58	6
470056	2259	-35	6
470071	2236	-31	6
470086	2218	-52	6
470101	2192	-72	6
470116	2151	-82	6
470131	2106	-80	6
470146	2061	-83	6
470151	2012	-85	6
470166	1966	-82	6
470181	1917	-77	6
470196	1876	-66	6
470211	1836	-61	6
470226	1804	-57	6
470246	1773	-59	6
470251	1737	-58	6
470266	1706	-55	6
470281	1674	-51	6
470296	1647	-53	6
470312	1616	-53	6
470328	1588	-52	6
470344	1557	-52	6
470360	1530	-57	6
470365	1494	-48	6
470381	1467	-37	6
470397	1449	-40	6
470412	1426	-52	6
470427	1395	-62	6
470442	1364	-67	6
470458	1323	-64	6
470463	1287	-56	6
470478	1256	-52	6
470493	1228	-50	6
470508	1197	-52	6
470523	1170	-41	6
470538	1148	-24	6
470553	1134	3	6
470558	1134	35	6
470573	1152	58	6
470588	1184	54	6
470603	1215	35	6
470618	1233	14	6
470633	1242	1	6
470648	1242	-5	6
470663	1242	-8	6
470668	1238	-8	6
470683	1233	-6	6
470699	1228	-19	6
470714	1220	-36	6
470729	1202	-54	6
470744	1170	-58	6
470759	1138	-59	6
470765	1102	-51	6
470780	1076	-51	6
470795	1044	-60	6
470810	1012	-55	6
470825	981	-41	6
470840	958	-27	6
470855	945	-26	6
470860	927	-14	6
470875	922	3	6
470890	922	11	6
470905	922	12	6
470920	932	9	6
470935	936	13	6
470950	945	23	6
470965	958	31	6
470970	972	36	6
470986	994	25	6
471001	1008	16	6
471016	1017	7	6
471031	1022	4	6
471046	1022	-9	6
471061	1022	-23	6
471066	1008	-39	6
471081	986	-57	6
471096	954	-76	6
471111	914	-81	6
471126	868	-70	6
471141	828	-65	6
471156	792	-62	6
471171	756	-66	6
471176	720	-75	6
471191	675	-77	6
471206	634	-65	6
471221	598	-43	6
471236	572	-32	6
471251	554	-25	6
471266	540	-17	6
471271	531	-21	6
471286	518	-34	6
471302	500	-48	6
471317	472	-47	6
471332	446	-38	6
471347	428	-35	6
471362	405	-49	6
471367	378	-71	6
471383	338	-82	6
471398	292	-91	6
471413	243	-92	6
471428	189	-87	6
471443	140	-82	6
471458	94	-78	6
471478	50	-73	6
471483	9	-65	6
471498	3573	-56	6
471514	3542	-41	6
471529	3519	-29	6
471544	3501	-34	6
471559	3483	-43	6
471574	3460	-40	6
471579	3438	-39	6
471594	3416	-43	6
471609	3388	-43	6
471624	3366	-37	6
471639	3344	-39	6
471654	3321	-45	6
471669	3298	-46	6
471684	3272	-47	6
471689	3244	-48	6
471704	3218	-44	6
471720	3195	-46	6
471736	3168	-41	6
471752	3146	-35	6
471767	3123	-24	6
471782	3110	-14	6
471787	3105	-6	6
471802	3100	1	6
471817	3100	18	6
471832	3105	35	6
471847	3128	33	6
471862	3146	19	6
471877	3154	7	6
471882	3159	-5	6
471897	3159	-12	6
471912	3154	-13	6
471927	3146	-19	6
471942	3136	-37	6
471957	3114	-55	6
471972	3082	-64	6
471987	3046	-69	6
471992	3010	-66	6
472008	2974	-51	6
472023	2943	-28	6
472038	2930	-18	6
472053	2916	-16	6
472068	2907	-4	6
472083	2907	17	6
472088	2912	50	6
472103	2938	83	6
472118	2988	91	6
472133	3038	77	6
472148	3082	49	6
472163	3110	27	6
472178	3123	7	6
472183	3128	-5	6
472198	3128	-13	6
472213	3123	-21	6
472228	3110	-29	6
472243	3096	-45	6
472258	3069	-45	6
472278	3042	-33	6
472293	3024	-28	6
472298	3010	-29	6
472313	2992	-33	6
472328	2974	-36	6
472343	2952	-41	6
472358	2930	-32	6
472373	2912	-16	6
472388	2902	-11	6
472393	2898	-15	6
472408	2889	-25	6
472423	2876	-30	6
472438	2858	-39	6
472453	2835	-32	6
472468	2817	-19	6
472483	2808	-18	6
472498	2799	-20	6
472503	2786	-25	6
472518	2772	-32	6
472533	2754	-36	6
472548	2736	-34	6
472563	2714	-20	6
472578	2704	-12	6
472598	2696	-11	6
472603	2691	-7	6
472618	2686	-5	6
472633	2682	-8	6
472648	2678	-12	6
472663	2673	-14	6
472678	2664	-9	6
472693	2660	-14	6
472698	2650	-12	6
472713	2646	-3	6
472728	2642	-3	6
472743	2642	-24	6
472758	2628	-33	6
472773	2610	-23	6
472788	2596	-11	6
472803	2592	-9	6
472808	2588	-11	6
472823	2578	-16	6
472838	2570	-24	6
472853	2556	-26	6
472868	2542	-24	6
472883	2529	-34	6
472898	2511	-39	6
472903	2488	-38	6
472918	2466	-31	6
472933	2448	-33	6
472948	2430	-32	6
472963	2412	-23	6
472978	2398	-15	6
472998	2390	-16	6
473003	2380	-26	6
473018	2367	-28	6
473033	2354	-32	6
473048	2336	-42	6
473063	2308	-47	6
473078	2282	-43	6
473093	2259	-37	6
473108	2236	-31	6
473113	2223	-19	6
473128	2210	-23	6
473144	2196	-37	6
473159	2178	-48	6
473174	2151	-49	6
473189	2124	-49	6
473204	2092	-48	6
473209	2066	-41	6
473224	2043	-39	6
473239	2020	-43	6
473254	1998	-43	6
473269	1976	-40	6
473284	1953	-51	6
473299	1922	-61	6
473314	1890	-61	6
473319	1854	-57	6
473334	1822	-50	6
473349	1796	-47	6
473364	1768	-40	6
473379	1746	-35	6
473394	1724	-35	6
473409	1706	-41	6
473414	1683	-36	6
473429	1660	-33	6
473444	1642	-32	6
473459	1624	-30	6
473474	1611	-24	6
473494	1598	-26	6
473509	1580	-30	6
473514	1566	-29	6
473529	1548	-35	6
473544	1530	-43	6
473559	1503	-47	6
473574	1476	-46	6
473589	1454	-51	6
473604	1422	-62	6
473619	1386	-70	6
473624	1350	-81	6
473639	1305	-90	6
473654	1251	-79	6
473669	1206	-56	6
473684	1174	-34	6
473699	1156	-18	6
473714	1148	-12	6
473719	1138	-13	6
473734	1134	-17	6
473749	1125	-29	6
473764	1107	-34	6
473779	1089	-37	6
473794	1066	-40	6
473814	1044	-38	6
473829	1022	-36	6
473834	1004	-37	6
473849	981	-47	6
473864	954	-49	6
473879	927	-43	6
473894	904	-39	6
473909	882	-35	6
473924	864	-29	6
473929	846	-37	6
473944	824	-50	6
473959	796	-60	6
473974	765	-74	6
473989	720	-82	6
474004	675	-78	6
474019	630	-60	6
474024	598	-52	6
474039	567	-51	6
474054	540	-51	6
474069	513	-49	6
474084	486	-48	6
474099	459	-53	6
474114	428	-54	6
474134	396	-45	6
474139	374	-42	6
474154	346	-45	6
474169	324	-52	6
474184	292	-59	6
474199	261	-68	6
474214	220	-74	6
474229	180	-76	6
474234	140	-83	6
474249	90	-82	6
474264	45	-70	6
474279	4	-63	6
474295	3568	-71	6
474310	3528	-68	6
474325	3492	-58	6
474330	3460	-58	6
474345	3424	-57	6
474360	3393	-48	6
474375	3366	-37	6
474390	3348	-35	6
474405	3326	-34	6
474420	3308	-40	6
474435	3285	-45	6
474440	3258	-47	6
474455	3236	-46	6
474470	3208	-49	6
474485	3182	-51	6
474500	3150	-54	6
474515	3123	-54	6
474530	3092	-49	6
474536	3064	-46	6
474552	3038	-40	6
474568	3015	-32	6
474584	2997	-27	6
474600	2984	-25	6
474615	2966	-19	6
474630	2956	-14	6
474645	2948	-16	6
474650	2938	-25	6
474665	2925	-19	6
474680	2916	-11	6
474695	2907	-6	6
474710	2907	-1	6
474725	2907	-2	6
474740	2902	-13	6
474745	2898	-26	6
474760	2880	-34	6
474775	2862	-37	6
474790	2844	-43	6
474805	2817	-45	6
474820	2794	-44	6
474835	2768	-40	6
474840	2745	-40	6
474855	2722	-37	6
474870	2700	-37	6
474885	2682	-35	6
474900	2660	-38	6
474915	2642	-44	6
474930	2614	-45	6
474945	2592	-53	6
474950	2560	-64	6
474965	2524	-72	6
474980	2484	-85	6
474995	2434	-101	6
475010	2380	-107	6
475030	2318	-105	6
475045	2259	-101	6
475050	2205	-85	6
475065	2156	-70	6
475080	2115	-68	6
475095	2079	-80	6
475110	2034	-86	6
475125	1984	-85	6
475140	1935	-81	6
475145	1890	-70	6
475160	1850	-48	6
475175	1822	-31	6
475190	1809	-31	6
475205	1791	-43	6
475220	1764	-55	6
475235	1732	-62	6
475250	1701	-62	6
475255	1665	-64	6
475270	1629	-63	6
475285	1593	-59	6
475300	1562	-63	6
475315	1526	-60	6
475330	1490	-63	6
475350	1454	-56	6
475355	1422	-49	6
475370	1395	-43	6
475385	1372	-47	6
475400	1346	-59	6
475415	1314	-57	6
475431	1282	-46	6
475446	1256	-29	6
475461	1238	-8	6
475466	1233	17	6
475481	1238	35	6
475496	1260	43	6
475511	1282	42	6
475526	1305	38	6
475541	1328	35	6
475556	1350	39	6
475561	1368	30	6
475576	1386	18	6
475591	1395	8	6
475606	1400	-2	6
475621	1400	-14	6
475636	1395	-33	6
475651	1377	-39	6
475656	1354	-39	6
475671	1332	-31	6
475686	1318	-28	6
475702	1300	-25	6
475717	1287	-8	6
475732	1282	10	6
475747	1282	19	6
475762	1296	27	6
475767	1310	39	6
475783	1332	44	6
475798	1354	45	6
475813	1382	47	6
475828	1408	41	6
475843	1431	34	6
475858	1449	32	6
475863	1467	23	6
475878	1480	7	6
475893	1485	-1	6
475908	1485	-9	6
475923	1485	-20	6
475938	1472	-30	6
475953	1454	-24	6
475973	1440	-2	6
475978	1440	26	6
475993	1454	47	6
476008	1476	52	6
476023	1508	45	6
476038	1534	30	6
476053	1548	20	6
476068	1562	6	6
476073	1566	-3	6
476088	1566	-13	6
476103	1557	-15	6
476118	1552	-22	6
476133	1539	-43	6
476148	1512	-59	6
476163	1480	-59	6
476168	1449	-47	6
476183	1422	-33	6
476198	1404	-5	6
476213	1400	40	6
476228	1418	72	6
476243	1458	79	6
476258	1503	71	6
476273	1544	54	6
476279	1575	34	6
476294	1593	21	6
476309	1606	13	6
476324	1611	-10	6
476339	1611	-28	6
476354	1593	-38	6
476369	1575	-33	6
476374	1552	-28	6
476389	1539	-26	6
476404	1526	-26	6
476419	1508	-22	6
476434	1498	-23	6
476449	1485	-14	6
476469	1476	2	6
476474	1476	28	6
476489	1490	46	6
476504	1516	59	6
476519	1548	63	6
476534	1584	53	6
476549	1616	34	6
476564	1634	23	6
476579	1647	9	6
476584	1652	-1	6
476599	1652	3	6
476615	1652	2	6
476630	1652	-7	6
476645	1652	-15	6
476660	1642	-14	6
476675	1638	-18	6
476680	1624	-34	6
476695	1606	-46	6
476710	1580	-48	6
476725	1552	-31	6
476740	1539	1	6
476755	1539	40	6
476770	1557	70	6
476790	1598	74	6
476795	1638	57	6
476810	1670	21	6
476825	1683	-21	6
476840	1674	-60	6
476855	1638	-80	6
476870	1593	-65	6
476886	1557	-47	6
476891	1530	-35	6
476907	1512	-30	6
476922	1494	-30	6
476937	1476	-23	6
476952	1467	-5	6
476967	1462	23	6
476983	1472	53	6
476988	1503	74	6
477003	1544	82	6
477018	1588	68	6
477033	1629	26	6
477048	1642	-5	6
477063	1642	-14	6
477079	1634	-15	6
477094	1624	-13	6
477099	1620	-9	6
477114	1616	-9	6
477129	1611	-14	6
477144	1602	-32	6
477159	1584	-52	6
477174	1552	-66	6
477189	1516	-60	6
477194	1485	-34	6
477209	1462	0	6
477224	1462	20	6
477240	1472	25	6
477256	1485	24	6
477272	1498	18	6
477288	1508	8	6
477293	1512	-6	6
477309	1512	-11	6
477325	1508	-17	6
477340	1498	-24	6
477356	1485	-23	6
477371	1472	-14	6
477386	1462	-20	6
477401	1454	-36	6
477406	1431	-46	6
477421	1408	-47	6
477436	1382	-34	6
477451	1359	-5	6
477466	1359	27	6
477481	1368	45	6
477496	1395	47	6
477501	1422	36	6
477516	1440	15	6
477531	1449	3	6
477546	1454	-6	6
477561	1454	-11	6
477576	1444	-21	6
477591	1436	-34	6
477606	1413	-46	6
477611	1390	-44	6
477626	1364	-29	6
477641	1350	-8	6
477656	1346	2	6
477671	1346	-5	6
477686	1341	-24	6
477701	1328	-36	6
477706	1310	-25	6
477721	1296	-10	6
477736	1287	1	6
477751	1287	-5	6
477766	1287	-17	6
477781	1278	-31	6
477796	1260	-24	6
477801	1246	0	6
477816	1246	18	6
477831	1251	23	6
477847	1264	8	6
477862	1269	-23	6
477877	1260	-58	6
477892	1228	-77	6
477907	1184	-71	6
477912	1143	-61	6
477927	1112	-50	6
477942	1080	-43	6
477957	1058	-45	6
477972	1030	-51	6
477987	1004	-52	6
478003	976	-50	6
478008	945	-40	6
478023	922	-32	6
478038	904	-31	6
478053	886	-32	6
478068	868	-29	6
478083	855	-28	6
478098	837	-31	6
478118	819	-34	6
478123	801	-40	6
478138	778	-37	6
478153	760	-27	6
478169	742	-24	6
478184	729	-30	6
478199	711	-33	6
478214	693	-22	6
478219	684	-8	6
478234	680	6	6
478249	680	11	6
478264	684	6	6
478279	688	-2	6
478294	688	-11	6
478309	684	-14	6
478314	675	-14	6
478329	666	-10	6
478344	662	-5	6
478359	657	-9	6
478374	652	-16	6
478389	644	-19	6
478404	634	-18	6
478419	626	-12	6
478424	616	-4	6
478439	616	-7	6
478454	612	-10	6
478469	608	-21	6
478484	594	-33	6
478499	576	-45	6
478514	549	-44	6
478519	526	-40	6
478534	504	-39	6
478549	482	-36	6
478564	459	-36	6
478579	441	-32	6
478594	423	-26	6
478609	410	-16	6
478614	400	-19	6
478629	387	-21	6
478644	378	-21	6
478659	364	-27	6
478674	351	-41	6
478690	324	-45	6
478705	302	-35	6
478725	279	-20	6
478730	270	-15	6
478745	261	-22	6
478760	248	-28	6
478775	234	-29	6
478790	216	-26	6
478805	202	-31	6
478820	184	-30	6
478825	166	-29	6
478840	153	-24	6
478855	140	-17	6
478870	130	-10	6
478885	122	-7	6
478900	117	-10	6
478915	112	-7	6
478930	108	-7	6
478935	104	-13	6
478950	99	-13	6
478965	90	-7	6
478980	86	-8	6
478995	81	-15	6
479010	72	-17	6
479025	63	-19	6
479030	54	-7	6
479045	50	15	6
479060	54	36	6
479075	76	47	6
479090	99	54	6
479105	130	52	6
479125	162	42	6
479130	184	20	6
479145	194	-3	6
479160	194	-7	6
479175	194	-7	6
479190	189	1	6
479205	189	6	6
479220	189	9	6
479235	194	-2	6
479240	194	-15	6
479255	189	-19	6
479270	180	-17	6
479286	171	-12	6
479301	162	-4	6
479316	162	-3	6
479331	158	-8	6
479336	153	-14	6
479353	144	-18	6
479369	135	-24	6
479384	122	-24	6
479399	108	-16	6
479414	99	-2	6
479429	99	8	6
479434	99	7	6
479449	104	7	6
479464	108	-1	6
479479	108	-21	6
479494	99	-43	6
479509	76	-44	6
479524	50	-11	6
479539	45	28	6
479544	54	55	6
479559	86	59	6
479575	122	50	6
479590	148	26	6
479605	162	1	6
479620	162	-22	6
479635	153	-29	6
479640	140	-29	6
479655	122	-23	6
479670	108	-23	6
479685	94	-28	6
479700	81	-29	6
479715	63	-32	6
479731	45	-36	6
479746	27	-26	6
479751	9	2	6
479766	9	34	6
479782	27	49	6
479797	54	38	6
479812	76	14	6
479827	86	-5	6
479842	86	-12	6
479847	76	-18	6
479862	68	-23	6
479877	54	-18	6
479892	45	-13	6
479907	36	-15	6
479923	32	-22	6
479938	18	-42	6
479943	3596	-66	6
479958	3555	-88	6
479973	3506	-89	6
479988	3456	-75	7
480003	3416	-51	7
480018	3384	-26	7
480034	3370	-6	7
480050	3366	5	7
480056	3366	11	7
480071	3375	14	7
480086	3380	7	7
480102	3384	-2	7
480117	3384	-11	7
480133	3380	-20	7
480148	3370	-25	7
480153	3357	-28	7
480168	3339	-29	7
480183	3326	-32	7
480198	3308	-38	7
480214	3285	-49	7
480229	3258	-52	7
480244	3226	-52	7
480259	3200	-63	7
480264	3164	-75	7
480279	3123	-66	7
480294	3082	-51	7
480309	3056	-35	7
480324	3038	-30	7
480339	3020	-42	7
480354	2997	-61	7
480359	2961	-68	7
480374	2920	-60	7
480389	2889	-48	7
480404	2862	-33	7
480419	2844	-18	7
480434	2835	-18	7
480449	2822	-34	7
480454	2804	-46	7
480469	2776	-53	7
480484	2750	-50	7
480499	2718	-43	7
480514	2696	-32	7
480529	2678	-25	7
480549	2664	-19	7
480564	2655	-22	7
480570	2642	-28	7
480585	2624	-29	7
480600	2610	-27	7
480615	2592	-33	7
480630	2574	-40	7
480645	2552	-47	7
480660	2524	-43	7
480665	2502	-38	7
480680	2480	-43	7
480695	2457	-53	7
480710	2426	-48	7
480725	2398	-33	7
480740	2380	-26	7
480755	2367	-37	7
480760	2344	-53	7
480775	2318	-65	7
480790	2277	-71	7
480805	2241	-67	7
480820	2200	-57	7
480835	2169	-58	7
480850	2138	-67	7
480865	2097	-64	7
480870	2061	-58	7
480885	2030	-54	7
480900	1998	-50	7
480915	1971	-45	7
480930	1948	-40	7
480945	1926	-40	7
480965	1904	-41	7
480970	1876	-40	7
480985	1854	-45	7
481000	1832	-46	7
481015	1804	-43	7
481030	1782	-35	7
481045	1760	-35	7
481060	1742	-40	7
481076	1719	-32	7
481081	1701	-35	7
481096	1683	-42	7
481111	1656	-38	7
481126	1638	-36	7
481141	1616	-37	7
481156	1593	-40	7
481171	1570	-31	7
481176	1557	-19	7
481191	1544	-19	7
481206	1534	-25	7
481221	1521	-39	7
481236	1498	-43	7
481251	1472	-41	7
481266	1449	-27	7
481271	1436	-12	7
481286	1426	-5	7
481301	1426	-5	7
481316	1422	-3	7
481331	1422	-7	7
481346	1418	-9	7
481366	1413	-6	7
481381	1408	-4	7
481386	1408	-11	7
481401	1400	-24	7
481416	1386	-33	7
481432	1368	-39	7
481448	1346	-49	7
481463	1318	-63	7
481478	1282	-70	7
481483	1242	-72	7
481498	1202	-66	7
481513	1166	-58	7
481528	1134	-46	7
481543	1107	-32	7
481558	1089	-20	7
481573	1080	-1	7
481588	1080	8	7
481593	1080	0	7
481608	1080	-9	7
481623	1076	-20	7
481638	1066	-27	7
481653	1053	-31	7
481668	1035	-28	7
481684	1017	-31	7
481689	999	-44	7
481704	976	-51	7
481719	945	-46	7
481734	922	-42	7
481749	896	-44	7
481764	873	-47	7
481779	846	-42	7
481784	824	-41	7
481799	801	-43	7
481814	774	-41	7
481829	752	-33	7
481844	734	-33	7
481859	716	-40	7
481874	693	-41	7
481889	670	-41	7
481894	648	-46	7
481909	621	-55	7
481924	590	-55	7
481939	558	-48	7
481954	531	-38	7
481969	508	-26	7
481989	495	-22	7
481994	482	-28	7
482009	468	-31	7
482024	450	-30	7
482039	432	-31	7
482054	414	-38	7
482070	396	-39	7
482085	374	-40	7
482090	351	-44	7
482105	324	-43	7
482120	302	-43	7
482135	279	-46	7
482150	252	-52	7
482165	220	-55	7
482180	189	-55	7
482195	162	-51	7
482200	130	-48	7
482215	104	-44	7
482230	81	-48	7
482245	54	-54	7
482260	22	-56	7
482275	3591	-50	7
482290	3564	-47	7
482295	3537	-48	7
482310	3510	-46	7
482325	3483	-39	7
482340	3460	-32	7
482355	3442	-29	7
482370	3429	-27	7
482385	3411	-32	7
482405	3393	-39	7
482410	3370	-43	7
482425	3348	-43	7
482440	3326	-44	7
482455	3298	-40	7
482470	3276	-26	7
482485	3262	-20	7
482500	3249	-18	7
482505	3240	-17	7
482520	3231	-12	7
482535	3222	-16	7
482550	3213	-23	7
482565	3204	-33	7
482580	3182	-37	7
482595	3164	-37	7
482600	3141	-41	7
482615	3118	-38	7
482630	3096	-40	7
482645	3074	-41	7
482660	3051	-35	7
482675	3033	-33	7
482691	3015	-45	7
482706	2988	-58	7
482711	2956	-60	7
482726	2920	-57	7
482741	2889	-50	7
482756	2862	-35	7
482771	2844	-5	7
482786	2840	17	7
482802	2844	23	7
482808	2858	14	7
482824	2866	-1	7
482840	2866	-16	7
482856	2862	-16	7
482872	2853	-19	7
482888	2840	-29	7
482904	2826	-44	7
482909	2799	-54	7
482925	2768	-56	7
482941	2736	-61	7
482957	2704	-63	7
482973	2668	-57	7
482988	2637	-46	7
483003	2610	-47	7
483018	2583	-47	7
483023	2556	-48	7
483038	2529	-44	7
483053	2506	-38	7
483068	2484	-36	7
483084	2462	-38	7
483099	2444	-46	7
483114	2416	-47	7
483119	2390	-39	7
483134	2367	-36	7
483149	2349	-43	7
483164	2322	-42	7
483179	2300	-32	7
483194	2282	-27	7
483209	2268	-31	7
483224	2250	-36	7
483229	2228	-40	7
483244	2205	-44	7
483259	2182	-44	7
483274	2156	-35	7
483289	2138	-33	7
483304	2120	-45	7
483319	2092	-59	7
483324	2061	-64	7
483340	2025	-59	7
483355	1989	-51	7
483370	1962	-47	7
483385	1935	-50	7
483400	1908	-58	7
483415	1876	-56	7
483420	1845	-47	7
483435	1818	-42	7
483450	1796	-40	7
483465	1773	-38	7
483481	1750	-35	7
483497	1728	-32	7
483512	1710	-30	7
483527	1696	-25	7
483532	1683	-23	7
483547	1670	-22	7
483562	1656	-25	7
483577	1642	-21	7
483592	1629	-27	7
483608	1616	-22	7
483623	1602	-15	7
483628	1593	-10	7
483643	1588	-19	7
483658	1580	-32	7
483673	1562	-44	7
483688	1534	-46	7
483703	1508	-42	7
483718	1485	-37	7
483733	1462	-29	7
483738	1449	-29	7
483753	1431	-31	7
483768	1413	-38	7
483783	1395	-48	7
483798	1368	-52	7
483813	1336	-51	7
483829	1310	-51	7
483834	1278	-69	7
483849	1242	-86	7
483864	1192	-89	7
483879	1143	-78	7
483894	1098	-64	7
483909	1062	-41	7
483924	1040	-13	7
483929	1030	7	7
483944	1030	7	7
483959	1035	-3	7
483974	1035	-9	7
483989	1035	-15	7
484004	1026	-27	7
484019	1008	-33	7
484034	990	-41	7
484039	968	-39	7
484054	945	-37	7
484069	927	-42	7
484084	900	-56	7
484099	868	-63	7
484114	832	-60	7
484134	801	-45	7
484140	774	-33	7
484155	756	-31	7
484170	738	-28	7
484185	724	-35	7
484200	702	-45	7
484216	680	-48	7
484231	652	-39	7
484236	630	-37	7
484251	608	-44	7
484266	585	-51	7
484281	554	-54	7
484296	526	-45	7
484312	500	-36	7
484328	482	-25	7
484343	464	-18	7
484348	454	-18	7
484363	446	-21	7
484378	432	-21	7
484393	423	-27	7
484408	405	-28	7
484423	392	-23	7
484438	378	-23	7
484443	364	-30	7
484458	346	-36	7
484473	328	-35	7
484488	306	-35	7
484503	288	-34	7
484518	270	-33	7
484533	252	-33	7
484548	234	-48	7
484553	207	-55	7
484568	176	-57	7
484583	144	-56	7
484598	112	-59	7
484613	76	-54	7
484628	45	-51	7
484643	18	-47	7
484648	3591	-41	7
484663	3568	-34	7
484678	3550	-38	7
484693	3528	-51	7
484708	3501	-60	7
484723	3465	-61	7
484738	3434	-51	7
484743	3402	-45	7
484758	3380	-38	7
484773	3357	-37	7
484788	3334	-43	7
484803	3312	-41	7
484818	3290	-22	7
484833	3276	2	7
484853	3276	20	7
484858	3285	33	7
484873	3303	41	7
484888	3326	30	7
484903	3344	14	7
484918	3352	6	7
484933	3352	1	7
484948	3352	-13	7
484953	3352	-29	7
484968	3334	-40	7
484983	3312	-47	7
484998	3285	-39	7
485013	3262	-19	7
485028	3254	4	7
485043	3254	27	7
485048	3267	47	7
485063	3294	65	7
485078	3330	64	7
485093	3366	42	7
485108	3388	12	7
485123	3398	-7	7
485138	3398	-16	7
485153	3388	-15	7
485158	3380	-10	7
485173	3375	-5	7
485188	3370	-6	7
485203	3366	-15	7
485218	3357	-21	7
485233	3348	-35	7
485253	3326	-48	7
485258	3298	-55	7
485273	3267	-46	7
485288	3244	-29	7
485303	3226	-3	7
485318	3226	27	7
485333	3236	44	7
485348	3262	37	7
485363	3280	13	7
485368	3290	-20	7
485383	3280	-42	7
485398	3258	-57	7
485413	3226	-57	7
485428	3195	-46	7
485443	3168	-37	7
485458	3146	-35	7
485463	3128	-40	7
485478	3105	-44	7
485493	3082	-51	7
485508	3051	-61	7
485524	3020	-65	7
485539	2979	-66	7
485554	2943	-57	7
485559	2912	-35	7
485574	2894	-12	7
485590	2884	4	7
485605	2884	16	7
485620	2894	19	7
485635	2902	7	7
485650	2907	-26	7
485666	2898	-57	7
485672	2866	-78	7
485688	2822	-90	7
485704	2772	-96	7
485719	2718	-98	7
485734	2660	-107	7
485749	2601	-112	7
485764	2538	-102	7
485769	2480	-89	7
485784	2430	-77	7
485799	2385	-66	7
485814	2349	-54	7
485829	2318	-50	7
485844	2290	-56	7
485859	2259	-70	7
485874	2218	-81	7
485879	2174	-83	7
485894	2128	-73	7
485909	2088	-61	7
485925	2052	-62	7
485940	2016	-78	7
485955	1976	-98	7
485970	1917	-103	7
485975	1863	-94	7
485990	1809	-87	7
486005	1760	-72	7
486020	1719	-51	7
486035	1692	-39	7
486050	1670	-35	7
486065	1647	-32	7
486070	1629	-28	7
486085	1616	-38	7
486100	1593	-48	7
486115	1566	-49	7
486130	1539	-46	7
486145	1512	-45	7
486165	1490	-49	7
486180	1458	-52	7
486185	1431	-63	7
486200	1395	-63	7
486215	1359	-54	7
486230	1328	-54	7
486245	1300	-60	7
486260	1264	-70	7
486275	1224	-71	7
486280	1188	-65	7
486295	1148	-44	7
486310	1125	-13	7
486325	1116	12	7
486340	1120	17	7
486356	1130	9	7
486371	1134	-1	7
486376	1134	-6	7
486391	1134	-16	7
486406	1125	-29	7
486421	1112	-41	7
486436	1084	-53	7
486451	1058	-56	7
486466	1026	-47	7
486481	999	-39	7
486486	976	-35	7
486501	958	-35	7
486516	936	-37	7
486531	918	-43	7
486546	891	-41	7
486561	868	-35	7
486581	850	-33	7
486586	832	-37	7
486601	810	-41	7
486616	788	-33	7
486631	770	-36	7
486646	747	-45	7
486661	724	-48	7
486676	698	-49	7
486691	670	-55	7
486696	639	-66	7
486711	598	-65	7
486726	562	-54	7
486741	536	-47	7
486756	508	-46	7
486771	482	-54	7
486786	450	-58	7
486791	418	-54	7
486806	387	-47	7
486821	360	-48	7
486836	333	-58	7
486852	302	-63	7
486867	266	-53	7
486882	238	-45	7
486887	212	-47	7
486902	184	-46	7
486917	158	-46	7
486932	135	-57	7
486948	99	-66	7
486963	63	-61	7
486978	32	-48	7
486994	4	-46	7
486999	3578	-49	7
487014	3550	-49	7
487029	3524	-48	7
487044	3496	-46	7
487059	3470	-47	7
487074	3442	-49	7
487089	3416	-50	7
487094	3388	-47	7
487109	3362	-43	7
487124	3334	-43	7
487139	3312	-50	7
487154	3285	-48	7
487169	3258	-43	7
487189	3231	-47	7
487194	3204	-62	7
487209	3172	-66	7
487224	3132	-52	7
487239	3105	-31	7
487254	3087	-7	7
487269	3082	11	7
487284	3087	15	7
487299	3096	8	7
487304	3100	0	7
487319	3100	-13	7
487334	3096	-26	7
487349	3082	-35	7
487364	3060	-30	7
487379	3042	-27	7
487394	3028	-30	7
487399	3010	-25	7
487414	2997	-28	7
487429	2984	-43	7
487444	2956	-61	7
487459	2925	-64	7
487474	2889	-55	7
487489	2858	-49	7
487509	2830	-44	7
487514	2804	-44	7
487529	2781	-49	7
487544	2754	-56	7
487559	2722	-49	7
487574	2691	-42	7
487589	2668	-39	7
487604	2646	-33	7
487609	2628	-31	7
487624	2610	-27	7
487639	2596	-37	7
487654	2574	-45	7
487670	2552	-51	7
487685	2520	-52	7
487700	2493	-54	7
487705	2462	-47	7
487720	2434	-48	7
487735	2408	-53	7
487750	2380	-53	7
487765	2349	-46	7
487780	2322	-42	7
487795	2300	-47	7
487810	2272	-47	7
487815	2246	-41	7
487830	2223	-39	7
487845	2200	-51	7
487860	2174	-54	7
487875	2142	-50	7
487890	2115	-53	7
487905	2084	-60	7
487910	2052	-64	7
487925	2016	-71	7
487940	1976	-76	7
487955	1930	-72	7
487970	1890	-68	7
487985	1854	-71	7
488005	1814	-72	7
488020	1773	-58	7
488025	1742	-49	7
488040	1714	-54	7
488055	1683	-60	7
488070	1647	-65	7
488085	1611	-71	7
488100	1570	-71	7
488115	1530	-63	7
488120	1498	-50	7
488135	1467	-46	7
488150	1444	-49	7
488165	1413	-47	7
488180	1390	-40	7
488195	1368	-31	7
488210	1350	-30	7
488215	1332	-34	7
488230	1314	-36	7
488245	1292	-30	7
488260	1274	-15	7
488275	1269	2	7
488290	1269	9	7
488305	1269	13	7
488325	1278	16	7
488330	1287	2	7
488345	1287	-11	7
488360	1282	-17	7
488375	1274	-12	7
488391	1269	-14	7
488407	1260	-21	7
488423	1246	-23	7
488428	1238	-31	7
488444	1220	-48	7
488460	1192	-60	7
488475	1156	-67	7
488490	1120	-61	7
488505	1084	-48	7
488520	1058	-31	7
488525	1040	-23	7
488540	1026	-26	7
488555	1012	-31	7
488570	994	-35	7
488585	976	-35	7
488600	958	-39	7
488615	936	-40	7
488630	914	-32	7
488635	896	-21	7
488650	882	-15	7
488665	873	-18	7
488680	864	-24	7
488695	850	-33	7
488710	832	-33	7
488725	814	-26	7
488730	796	-29	7
488745	783	-41	7
488760	760	-45	7
488775	734	-41	7
488790	711	-41	7
488805	688	-42	7
488820	666	-36	7
488835	644	-30	7
488840	626	-29	7
488855	612	-32	7
488870	594	-30	7
488885	576	-28	7
488900	558	-26	7
488915	544	-30	7
488930	526	-38	7
488935	508	-45	7
488950	482	-47	7
488965	454	-42	7
488980	432	-44	7
488995	405	-51	7
489010	378	-52	7
489025	351	-52	7
489030	320	-56	7
489045	288	-63	7
489060	252	-70	7
489075	212	-72	7
489090	171	-76	7
489105	130	-83	7
489125	86	-82	7
489140	36	-83	7
489145	3591	-80	7
489160	3546	-77	7
489175	3501	-74	7
489190	3460	-72	7
489205	3420	-65	7
489220	3384	-52	7
489235	3352	-49	7
489240	3326	-52	7
489255	3298	-47	7
489270	3272	-40	7
489285	3249	-36	7
489300	3226	-33	7
489315	3208	-38	7
489330	3190	-43	7
489345	3164	-45	7
489350	3141	-45	7
489365	3114	-47	7
489380	3087	-50	7
489396	3060	-54	7
489411	3028	-47	7
489426	3002	-29	7
489441	2988	-5	7
489446	2984	10	7
489461	2984	15	7
489476	2992	6	7
489491	2997	-11	7
489506	2992	-21	7
489521	2984	-21	7
489541	2970	-16	7
489546	2961	-7	7
489561	2956	2	7
489576	2956	-1	7
489591	2956	-18	7
489606	2948	-34	7
489621	2930	-49	7
489636	2902	-53	7
489651	2871	-51	7
489656	2844	-38	7
489671	2822	-23	7
489686	2808	-20	7
489701	2799	-25	7
489716	2786	-28	7
489731	2768	-31	7
489746	2750	-33	7
489751	2732	-40	7
489767	2709	-41	7
489782	2686	-37	7
489797	2664	-25	7
489812	2650	-14	7
489827	2642	-11	7
489842	2637	-18	7
489847	2628	-22	7
489862	2614	-25	7
489877	2601	-25	7
489893	2588	-36	7
489908	2565	-45	7
489923	2542	-51	7
489938	2511	-54	7
489953	2484	-46	7
489958	2457	-26	7
489973	2444	-12	7
489988	2434	-13	7
490003	2426	-26	7
490019	2412	-37	7
490034	2394	-43	7
490049	2367	-40	7
490054	2344	-31	7
490069	2326	-17	7
490084	2318	-11	7
490099	2313	-12	7
490114	2304	-15	7
490129	2295	-20	7
490149	2286	-26	7
490164	2272	-27	7
490169	2254	-23	7
490184	2241	-26	7
490199	2228	-41	7
490214	2205	-51	7
490229	2178	-53	7
490244	2146	-56	7
490259	2115	-65	7
490264	2079	-72	7
490279	2038	-79	7
490294	1994	-71	7
490309	1953	-63	7
490324	1917	-56	7
490339	1886	-53	7
490354	1858	-43	7
490359	1832	-38	7
490375	1814	-42	7
490390	1786	-52	7
490405	1760	-55	7
490420	1728	-58	7
490435	1696	-61	7
490450	1660	-61	7
490465	1624	-55	7
490470	1598	-51	7
490485	1566	-51	7
490500	1539	-53	7
490515	1508	-53	7
490530	1480	-47	7
490545	1454	-46	7
490565	1426	-38	7
490570	1404	-34	7
490585	1386	-25	7
490600	1372	-14	7
490615	1364	5	7
490631	1364	26	7
490646	1377	49	7
490661	1404	64	7
490666	1440	49	7
490681	1467	21	7
490696	1480	-7	7
490711	1480	-14	7
490726	1472	-18	7
490741	1462	-10	7
490756	1458	0	7
490771	1458	1	7
490776	1458	-5	7
490791	1454	-22	7
490806	1440	-50	7
490821	1413	-68	7
490836	1377	-77	7
490851	1332	-57	7
490866	1300	-33	7
490871	1282	-7	7
490886	1278	16	7
490901	1282	34	7
490916	1300	50	7
490931	1332	54	7
490946	1359	55	7
490961	1390	51	7
490981	1422	29	7
490986	1436	6	7
491001	1440	-6	7
491016	1440	-7	7
491031	1436	0	7
491046	1436	7	7
491061	1436	6	7
491076	1440	0	7
491081	1440	-20	7
491096	1431	-45	7
491111	1408	-64	7
491126	1372	-69	7
491141	1332	-50	7
491157	1305	-21	7
491172	1292	-1	7
491177	1292	4	7
491193	1292	-2	7
491208	1292	-20	7
491223	1282	-36	7
491238	1260	-45	7
491253	1238	-37	7
491268	1215	-31	7
491283	1197	-22	7
491288	1184	-22	7
491303	1174	-21	7
491318	1161	-27	7
491333	1148	-38	7
491348	1125	-47	7
491363	1098	-47	7
491378	1071	-40	7
491383	1048	-31	7
491398	1030	-27	7
491414	1017	-32	7
491429	999	-51	7
491444	972	-58	7
491459	936	-46	7
491474	914	-32	7
491491	896	-19	7
491496	882	-15	7
491511	873	-20	7
491526	864	-23	7
491541	850	-22	7
491556	837	-15	7
491571	828	-18	7
491586	819	-28	7
491591	806	-29	7
491606	788	-30	7
491621	770	-38	7
491636	747	-38	7
491651	729	-26	7
491666	711	-14	7
491681	706	-15	7
491686	698	-30	7
491701	680	-42	7
491716	657	-45	7
491732	630	-42	7
491747	608	-32	7
491762	590	-22	7
491777	576	-17	7
491798	567	-18	7
491803	558	-24	7
491818	544	-33	7
491833	526	-38	7
491848	504	-31	7
491863	486	-23	7
491878	472	-22	7
491893	459	-30	7
491898	446	-28	7
491913	428	-31	7
491928	410	-42	7
491943	387	-45	7
491958	360	-40	7
491973	338	-34	7
491988	320	-43	7
491993	297	-54	7
492009	266	-62	7
492024	230	-61	7
492039	198	-64	7
492054	162	-71	7
492069	122	-73	7
492084	81	-67	7
492099	40	-50	7
492104	14	-37	7
492119	3591	-29	7
492134	3578	-28	7
492150	3560	-21	7
492165	3550	-19	7
492180	3537	-25	7
492195	3524	-33	7
492200	3506	-37	7
492215	3483	-42	7
492230	3460	-50	7
492245	3434	-56	7
492260	3402	-52	7
492275	3370	-44	7
492290	3348	-34	7
492306	3330	-28	7
492311	3312	-33	7
492326	3294	-44	7
492341	3272	-43	7
492356	3244	-36	7
492371	3226	-35	7
492386	3204	-37	7
492401	3186	-36	7
492406	3164	-25	7
492421	3150	-17	7
492436	3141	-11	7
492451	3136	-14	7
492466	3128	-21	7
492481	3114	-29	7
492501	3100	-29	7
492506	3082	-27	7
492521	3069	-37	7
492536	3046	-51	7
492551	3020	-57	7
492567	2984	-59	7
492583	2952	-58	7
492599	2920	-54	7
492615	2889	-47	7
492620	2862	-46	7
492636	2835	-47	7
492651	2812	-41	7
492666	2786	-31	7
492681	2772	-24	7
492696	2758	-24	7
492711	2745	-33	7
492716	2722	-40	7
492731	2700	-41	7
492746	2678	-36	7
492761	2660	-33	7
492776	2642	-48	7
492791	2614	-57	7
492806	2583	-56	7
492811	2552	-52	7
492826	2520	-52	7
492841	2493	-53	7
492856	2462	-51	7
492871	2434	-56	7
492886	2403	-61	7
492901	2367	-64	7
492916	2331	-61	7
492921	2295	-58	7
492936	2264	-57	7
492951	2232	-57	7
492966	2200	-56	7
492981	2169	-59	7
492996	2133	-64	7
493011	2097	-67	7
493016	2061	-83	7
493031	2016	-89	7
493046	1966	-81	7
493061	1917	-69	7
493076	1881	-59	7
493091	1845	-49	7
493106	1818	-38	7
493121	1800	-30	7
493126	1782	-37	7
493141	1760	-54	7
493156	1728	-68	7
493171	1692	-71	7
493187	1652	-63	7
493202	1616	-51	7
493217	1588	-41	7
493222	1566	-35	7
493237	1544	-33	7
493253	1526	-42	7
493268	1503	-55	7
493283	1472	-62	7
493298	1436	-56	7
493313	1404	-40	7
493318	1382	-39	7
493333	1359	-40	7
493348	1336	-31	7
493363	1323	-19	7
493378	1310	-12	7
493393	1305	-1	7
493413	1305	9	7
493428	1305	15	7
493433	1314	18	7
493448	1323	13	7
493463	1332	2	7
493478	1332	-9	7
493493	1332	-17	7
493508	1318	-23	7
493523	1310	-34	7
493528	1287	-51	7
493543	1260	-57	7
493558	1228	-50	7
493573	1202	-42	7
493588	1174	-37	7
493603	1156	-35	7
493618	1134	-30	7
493633	1120	-32	7
493638	1102	-38	7
493653	1080	-38	7
493668	1058	-40	7
493683	1035	-39	7
493698	1012	-35	7
493713	994	-28	7
493733	976	-25	7
493738	963	-20	7
493753	954	-13	7
493768	945	-15	7
493783	936	-28	7
493798	922	-36	7
493813	900	-38	7
493828	878	-40	7
493833	855	-32	7
493848	837	-23	7
493863	828	-14	7
493878	819	-17	7
493893	810	-17	7
493908	801	-22	7
493923	788	-26	7
493938	774	-26	7
493943	756	-23	7
493959	742	-22	7
493975	734	-35	7
493991	711	-45	7
494007	688	-46	7
494023	662	-43	7
494038	639	-41	7
494043	612	-41	7
494058	590	-32	7
494073	572	-31	7
494088	554	-27	7
494103	540	-20	7
494118	531	-14	7
494133	522	-20	7
494138	508	-25	7
494153	495	-31	7
494169	477	-42	7
494184	454	-48	7
494199	428	-50	7
494214	400	-47	7
494229	374	-51	7
494244	346	-56	7
494249	315	-53	7
494264	284	-60	7
494279	248	-69	7
494294	212	-65	7
494309	176	-56	7
494324	144	-44	7
494339	117	-36	7
494344	99	-21	7
494359	86	-9	7
494374	81	-6	7
494389	76	-3	7
494404	76	-4	7
494419	72	-9	7
494434	68	-20	7
494449	58	-30	7
494454	40	-37	7
494469	18	-47	7
494484	3591	-47	7
494499	3568	-40	7
494514	3546	-30	7
494530	3528	-32	7
494546	3510	-36	7
494551	3488	-31	7
494566	3470	-37	7
494581	3452	-43	7
494596	3424	-41	7
494611	3402	-35	7
494626	3384	-26	7
494641	3370	-4	7
494646	3366	16	7
494661	3370	29	7
494676	3388	34	7
494691	3406	43	7
494706	3434	48	7
494721	3460	42	7
494741	3483	30	7
494756	3501	24	7
494761	3514	12	7
494776	3519	-2	7
494791	3519	-15	7
494807	3514	-15	7
494822	3506	-16	7
494837	3496	-22	7
494853	3483	-19	7
494858	3474	-9	7
494873	3470	7	7
494888	3470	22	7
494903	3478	44	7
494918	3506	59	7
494933	3537	65	7
494948	3573	74	7
494953	18	83	7
494969	63	77	7
494984	108	53	7
494999	135	36	7
495014	158	30	7
495029	176	24	7
495044	189	20	7
495059	198	20	7
495064	212	14	7
495079	216	-3	7
495095	216	-25	7
495110	207	-44	7
495125	180	-47	7
495140	153	-35	7
495155	135	-15	7
495160	126	-1	7
495175	126	-10	7
495190	122	-27	7
495205	104	-36	7
495220	86	-40	7
495235	63	-39	7
495250	40	-26	7
495265	27	-13	7
495270	18	-5	7
495285	14	-8	7
495300	9	-11	7
495315	4	-16	7
495331	3596	-23	7
495346	3582	-33	7
495361	3564	-43	7
495366	3542	-60	7
495381	3506	-84	7
495397	3460	-106	7
495412	3398	-128	7
495427	3326	-141	7
495442	3249	-141	7
495457	3168	-122	7
495462	3100	-95	7
495477	3046	-73	7
495492	3006	-64	7
495507	2970	-51	7
495522	2943	-39	7
495537	2920	-22	7
495552	2907	-9	7
495572	2902	-11	7
495577	2894	-22	7
495592	2884	-39	7
495607	2862	-48	7
495622	2835	-58	7
495637	2804	-52	7
495653	2772	-42	7
495668	2750	-36	7
495673	2727	-44	7
495688	2704	-50	7
495703	2678	-51	7
495718	2646	-60	7
495733	2614	-68	7
495748	2574	-69	7
495763	2538	-53	7
495778	2506	-43	7
495783	2484	-31	7
495798	2466	-29	7
495813	2448	-38	7
495828	2426	-41	7
495843	2403	-41	7
495858	2380	-39	7
495873	2358	-43	7
495878	2336	-36	7
495893	2313	-23	7
495908	2300	-20	7
495923	2290	-25	7
495938	2277	-30	7
495953	2259	-27	7
495968	2246	-24	7
495973	2232	-29	7
495988	2214	-33	7
496003	2196	-37	7
496019	2174	-40	7
496034	2151	-37	7
496049	2133	-31	7
496069	2115	-27	7
496084	2097	-32	7
496089	2079	-39	7
496104	2061	-45	7
496119	2034	-55	7
496134	2002	-58	7
496149	1971	-52	7
496164	1940	-52	7
496179	1912	-61	7
496184	1876	-63	7
496199	1840	-58	7
496214	1809	-53	7
496229	1778	-55	7
496244	1750	-53	7
496259	1719	-52	7
496274	1688	-53	7
496279	1660	-52	7
496294	1629	-50	7
496309	1602	-43	7
496324	1580	-39	7
496339	1557	-36	7
496354	1534	-39	7
496369	1512	-39	7
496389	1494	-27	7
496394	1476	2	7
496409	1476	39	7
496424	1494	54	7
496439	1526	42	7
496454	1548	13	7
496469	1557	-30	7
496484	1544	-72	7
496489	1503	-95	7
496504	1449	-100	7
496519	1395	-97	7
496534	1341	-80	7
496549	1296	-59	7
496564	1260	-50	7
496579	1233	-52	7
496594	1206	-60	7
496599	1170	-69	7
496615	1130	-82	7
496630	1084	-82	7
496645	1040	-55	7
496660	1008	-26	7
496675	994	-7	7
496690	990	0	7
496695	990	4	7
496710	990	10	7
496725	994	5	7
496740	994	4	7
496755	999	6	7
496770	1004	-1	7
496785	1004	-14	7
496790	999	-18	7
496805	986	-13	7
496820	981	-13	7
496835	972	-15	7
496850	963	-20	7
496865	954	-38	7
496880	932	-56	7
496900	900	-56	7
496905	868	-45	7
496920	842	-46	7
496935	819	-55	7
496950	788	-54	7
496965	756	-50	7
496980	729	-50	7
496995	702	-48	7
497000	675	-35	7
497015	652	-25	7
497030	639	-25	7
497045	626	-31	7
497060	608	-31	7
497075	590	-42	7
497090	567	-54	7
497095	536	-62	7
497110	500	-76	7
497125	459	-89	7
497140	410	-93	7
497155	356	-85	7
497170	310	-80	7
497185	266	-76	7
497200	220	-61	7
497205	184	-47	7
497220	162	-49	7
497235	130	-53	7
497250	104	-45	7
497265	76	-42	7
497280	54	-50	7
497300	27	-53	7
497305	3596	-51	7
497320	3568	-57	7
497335	3537	-62	7
497350	3501	-54	7
497365	3470	-41	7
497380	3447	-37	7
497395	3424	-38	7
497410	3406	-41	7
497415	3380	-43	7
497430	3357	-46	7
497445	3330	-45	7
497460	3308	-33	7
497475	3290	-28	7
497490	3272	-31	7
497505	3254	-26	7
497510	3240	-20	7
497525	3226	-23	7
497540	3218	-29	7
497555	3200	-34	7
497570	3182	-35	7
497585	3159	-28	7
497605	3146	-15	7
497610	3136	-6	7
497625	3132	-14	7
497640	3123	-21	7
497655	3114	-29	7
497670	3096	-41	7
497685	3074	-59	7
497700	3042	-69	7
497715	3002	-72	7
497720	2961	-79	7
497735	2916	-93	7
497750	2866	-95	7
497765	2812	-90	7
497780	2758	-79	7
497795	2718	-69	7
497810	2678	-52	7
497815	2646	-45	7
497830	2624	-43	7
497845	2596	-40	7
497860	2574	-37	7
497875	2556	-41	7
497890	2534	-44	7
497905	2506	-38	7
497925	2484	-37	7
497930	2466	-45	7
497945	2439	-48	7
497960	2412	-46	7
497975	2385	-40	7
497990	2362	-36	7
498005	2344	-29	7
498020	2326	-30	7
498025	2313	-39	7
498040	2290	-44	7
498055	2264	-38	7
498070	2241	-28	7
498085	2228	-23	7
498100	2214	-21	7
498116	2200	-28	7
498121	2187	-44	7
498136	2160	-52	7
498151	2133	-46	7
498167	2106	-39	7
498183	2084	-39	7
498199	2061	-39	7
498215	2043	-34	7
498230	2020	-39	7
498235	1998	-43	7
498250	1976	-41	7
498265	1953	-34	7
498281	1935	-40	7
498296	1912	-48	7
498311	1886	-47	7
498326	1858	-46	7
498331	1832	-42	7
498346	1809	-32	7
498361	1791	-25	7
498376	1778	-28	7
498391	1760	-33	7
498406	1742	-27	7
498421	1728	-15	7
498426	1719	-10	7
498441	1714	-10	7
498456	1706	-7	7
498471	1701	-13	7
498486	1696	-19	7
498501	1683	-17	7
498516	1674	-8	7
498531	1670	2	7
498536	1670	10	7
498551	1674	22	7
498566	1688	26	7
498581	1701	13	7
498597	1710	8	7
498612	1714	7	7
498627	1714	5	7
498632	1719	-1	7
498647	1719	5	7
498662	1724	9	7
498677	1728	3	7
498692	1728	-17	7
498707	1724	-23	7
498722	1710	-36	7
498737	1688	-45	7
498742	1665	-35	7
498757	1642	-17	7
498773	1634	-8	7
498788	1629	-10	7
498803	1624	-22	7
498818	1611	-27	7
498833	1598	-25	7
498838	1584	-10	7
498853	1580	7	7
498868	1580	12	7
498883	1584	13	7
498898	1593	15	7
498913	1602	13	7
498928	1606	-4	7
498933	1606	-29	7
498948	1593	-48	7
498963	1566	-58	7
498978	1534	-55	7
498993	1503	-25	7
499008	1490	29	7
499028	1498	87	7
499043	1548	128	7
499048	1620	139	7
499064	1701	117	7
499079	1764	78	7
499094	1809	44	7
499109	1836	32	7
499124	1854	23	7
499139	1863	22	7
499144	1876	30	7
499159	1894	27	7
499174	1908	7	7
499189	1912	-19	7
499204	1908	-34	7
499219	1886	-23	7
499234	1876	9	7
499249	1876	49	7
499254	1904	89	7
499269	1953	106	7
499284	2012	88	7
499299	2061	53	7
499314	2092	20	7
499329	2102	-1	7
499349	2102	-17	7
499354	2097	-20	7
499369	2088	-28	7
499384	2070	-42	7
499399	2048	-41	7
499414	2025	-32	7
499429	2007	-26	7
499444	1989	-25	7
499449	1976	-11	7
499464	1971	7	7
499479	1971	28	7
499495	1984	49	7
499511	2016	73	7
499527	2056	79	7
499543	2102	68	7
499558	2138	50	7
499563	2164	28	7
499578	2182	10	7
499593	2187	6	7
499608	2192	14	7
499623	2200	23	7
499639	2210	31	7
499654	2228	37	7
499659	2250	30	7
499674	2268	6	7
499689	2268	-20	7
499704	2264	-25	7
499719	2250	-1	7
499734	2250	34	7
499749	2264	70	7
499754	2304	90	7
499770	2354	74	7
499786	2394	41	7
499801	2416	19	7
499816	2430	20	7
499831	2439	23	7
499846	2452	20	7
499861	2466	11	7
499866	2470	-2	7
499881	2470	-11	7
499896	2466	-13	7
499911	2462	-10	7
499926	2452	-13	7
499941	2448	-16	7
499957	2439	-10	7
499962	2430	-15	7
499977	2426	-25	7
499992	2408	-35	7
500007	2390	-39	7
500023	2367	-39	7
500038	2344	-28	7
500053	2331	-8	7
500068	2326	10	7
500073	2326	14	7
500088	2336	7	7
500103	2340	2	7
500118	2340	6	7
500133	2344	0	7
500148	2344	-7	7
500163	2344	-14	7
500168	2336	-17	7
500183	2326	-16	7
500198	2318	-6	7
500213	2313	10	7
500228	2318	6	7
500243	2318	-4	7
500258	2318	-17	7
500263	2313	-31	7
500278	2295	-45	7
500293	2268	-36	7
500308	2250	-10	7
500323	2241	5	7
500338	2241	12	7
500353	2250	10	7
500368	2254	0	7
500373	2254	-23	7
500388	2246	-40	7
500403	2223	-38	7
500419	2200	-11	7
500434	2196	12	7
500449	2196	31	7
500464	2214	34	7
500469	2232	32	7
500484	2250	22	7
500499	2264	13	7
500514	2272	5	7
500529	2272	-5	7
500544	2272	-4	7
500565	2272	9	7
500570	2272	17	7
500585	2286	11	7
500600	2290	8	7
500615	2295	2	7
500630	2295	-15	7
500645	2290	-32	7
500660	2272	-45	7
500675	2250	-45	7
500680	2223	-33	7
500695	2205	-18	7
500710	2196	-1	7
500725	2192	3	7
500740	2192	7	7
500755	2196	4	7
500770	2196	6	7
500775	2200	10	7
500790	2205	15	7
500805	2214	15	7
500820	2223	4	7
500835	2228	-6	7
500850	2228	-9	7
500865	2223	-2	7
500885	2218	4	7
500890	2218	6	7
500905	2223	3	7
500920	2223	-4	7
500935	2223	-11	7
500951	2218	-16	7
500967	2210	-15	7
500983	2200	-12	7
500988	2196	-16	7
501004	2187	-22	7
501019	2174	-33	7
501034	2156	-40	7
501049	2133	-36	7
501064	2110	-30	7
501079	2097	-26	7
501084	2079	-22	7
501099	2070	-10	7
501114	2061	5	7
501130	2061	15	7
501145	2070	23	7
501160	2084	36	7
501175	2102	50	7
501190	2133	66	7
501195	2169	78	7
501210	2214	81	7
501225	2259	76	7
501240	2300	64	7
501255	2336	45	7
501270	2362	27	7
501286	2376	9	7
501291	2380	-5	7
501307	2380	-12	7
501322	2376	-15	7
501338	2367	-13	7
501353	2362	-1	7
501368	2358	15	7
501383	2362	36	7
501398	2385	46	7
501403	2412	51	7
501418	2439	41	7
501433	2462	26	7
501448	2475	18	7
501463	2488	14	7
501478	2493	12	7
501493	2502	10	7
501498	2506	7	7
501513	2511	-4	7
501528	2511	-20	7
501543	2502	-31	7
501558	2484	-35	7
501573	2466	-35	7
501588	2444	-45	7
501593	2421	-53	7
501608	2390	-55	7
501624	2358	-52	7
501639	2331	-46	7
501654	2304	-29	7
501669	2286	-12	7
501684	2282	7	7
501699	2282	26	7
501704	2295	33	7
501719	2313	27	7
501734	2331	11	7
501749	2336	5	7
501764	2340	-7	7
501780	2340	-13	7
501795	2331	-10	7
501800	2326	-1	7
501815	2326	-5	7
501830	2322	-27	7
501845	2308	-46	7
501860	2282	-55	7
501875	2250	-45	7
501890	2223	-34	7
501895	2205	-27	7
501910	2192	-29	7
501925	2174	-28	7
501940	2160	-20	7
501955	2146	-9	7
501970	2142	1	7
501985	2142	8	7
502000	2142	15	7
502005	2151	16	7
502020	2160	6	7
502035	2164	-2	7
502050	2164	2	7
502065	2164	11	7
502080	2169	9	7
502100	2174	6	7
502105	2178	9	7
502120	2182	-6	7
502135	2182	-16	7
502150	2174	-8	7
502165	2169	0	7
502180	2169	-4	7
502195	2169	-17	7
502210	2160	-27	7
502215	2142	-28	7
502230	2128	-19	7
502245	2115	-9	7
502260	2110	-4	7
502275	2110	0	7
502290	2110	20	7
502305	2115	52	7
502311	2146	84	7
502327	2192	105	7
502342	2254	126	7
502357	2322	143	7
502372	2403	136	7
502387	2480	108	7
502402	2542	82	7
502407	2588	70	7
502423	2628	60	7
502439	2660	46	7
502454	2686	31	7
502469	2704	18	7
502484	2714	13	7
502500	2722	19	7
502515	2732	33	7
502520	2750	32	7
502535	2768	28	7
502550	2786	23	7
502565	2799	3	7
502580	2799	-28	7
502595	2786	-52	7
502610	2758	-66	7
502615	2722	-73	7
502630	2678	-75	7
502645	2637	-72	7
502660	2596	-65	7
502675	2560	-53	7
502690	2529	-39	7
502705	2506	-26	7
502710	2493	-26	7
502725	2480	-28	7
502740	2462	-25	7
502755	2448	-16	7
502770	2439	-9	7
502785	2434	-2	7
502800	2434	11	7
502820	2434	13	7
502825	2444	-5	7
502840	2444	-20	7
502855	2434	-18	7
502870	2426	-6	7
502885	2421	0	7
502900	2421	3	7
502915	2421	5	7
502920	2421	6	7
502935	2426	2	7
502950	2426	-1	7
502965	2426	-12	7
502980	2421	-7	7
502996	2416	10	7
503011	2421	17	7
503026	2430	4	7
503031	2430	-9	7
503046	2430	-6	7
503061	2426	8	7
503076	2426	2	7
503091	2430	-8	7
503106	2430	-7	7
503121	2426	-1	7
503126	2426	6	7
503141	2426	3	7
503156	2426	2	7
503171	2426	4	7
503186	2430	3	7
503201	2430	2	7
503216	2430	-8	7
503221	2430	-17	7
503236	2421	-9	7
503251	2416	-7	7
503266	2412	-16	7
503281	2403	-28	7
503296	2385	-23	7
503316	2376	-7	7
503331	2372	-2	7
503336	2367	-12	7
503351	2362	-15	7
503366	2354	-7	7
503381	2349	-1	7
503396	2349	10	7
503411	2349	10	7
503426	2358	0	7
503431	2358	2	7
503446	2358	5	7
503461	2362	11	7
503476	2367	10	7
503491	2372	9	7
503506	2376	9	7
503522	2380	1	7
503537	2385	-11	7
503542	2380	-19	7
503557	2372	-16	7
503572	2362	-9	7
503587	2358	-10	7
503602	2349	-10	7
503617	2344	-10	7
503637	2340	-8	7
503642	2336	-9	7
503657	2331	-14	7
503672	2322	-22	7
503687	2308	-25	7
503703	2295	-21	7
503719	2282	-19	7
503735	2272	-16	7
503740	2264	-9	7
503756	2259	-1	7
503772	2259	-6	7
503787	2254	-14	7
503802	2246	-9	7
503818	2241	1	7
503833	2241	-2	7
503848	2241	-11	7
503853	2236	-13	7
503868	2228	-7	7
503883	2223	-2	7
503898	2223	-3	7
503913	2223	-7	7
503928	2218	-20	7
503943	2205	-26	7
503948	2192	-18	7
503963	2182	-10	7
503978	2174	-15	7
503993	2169	-14	7
504008	2160	-6	7
504024	2156	-3	7
504039	2156	-5	7
504044	2151	-9	7
504059	2146	-11	7
504074	2142	-14	7
504090	2133	-10	7
504105	2128	-1	7
504120	2124	4	7
504135	2124	10	7
504150	2128	19	7
504155	2142	25	7
504170	2156	18	7
504186	2164	9	7
504201	2169	11	7
504216	2178	18	7
504231	2187	17	7
504246	2196	15	7
504251	2205	25	7
504267	2218	40	7
504282	2241	47	7
504297	2268	46	7
504312	2295	40	7
504327	2318	36	7
504342	2336	30	7
504357	2354	20	7
504362	2362	1	7
504377	2362	-21	7
504392	2358	-26	7
504407	2340	-25	7
504422	2326	-35	7
504437	2308	-43	7
504452	2286	-39	7
504457	2264	-33	7
504472	2246	-35	7
504487	2223	-39	7
504502	2200	-36	7
504517	2182	-29	7
504532	2164	-16	7
504547	2156	-5	7
504552	2156	-3	7
504568	2151	-5	7
504583	2151	-5	7
504598	2146	-6	7
504613	2142	-9	7
504628	2138	-5	7
504643	2133	8	7
504658	2138	19	7
504663	2146	25	7
504678	2160	35	7
504693	2178	49	7
504708	2210	56	7
504723	2241	54	7
504738	2268	50	7
504753	2300	55	7
504758	2326	49	7
504773	2358	33	7
504788	2376	28	7
504803	2390	29	7
504818	2408	27	7
504833	2421	20	7
504848	2434	9	7
504853	2439	-13	7
504868	2434	-32	7
504883	2416	-38	7
504898	2394	-32	7
504913	2376	-42	7
504928	2354	-55	7
504948	2322	-61	7
504963	2290	-64	7
504968	2254	-65	7
504983	2214	-56	7
504998	2182	-43	7
505013	2160	-31	7
505028	2142	-20	7
505043	2133	-9	7
505058	2128	-6	7
505063	2124	-10	7
505078	2120	-20	7
505093	2106	-25	7
505108	2092	-26	7
505123	2079	-29	7
505138	2061	-32	7
505153	2043	-31	7
505168	2025	-39	7
505173	2002	-44	7
505188	1980	-35	7
505203	1958	-16	7
505218	1948	-5	7
505233	1948	-1	7
505248	1948	8	7
505269	1948	16	7
505274	1958	21	7
505289	1966	30	7
505305	1984	38	7
505320	2007	37	7
505335	2030	36	7
505350	2048	40	7
505365	2070	41	7
505370	2092	25	7
505385	2106	10	7
505400	2115	0	7
505415	2115	-13	7
505430	2110	-22	7
505445	2097	-33	7
505460	2079	-42	7
505475	2056	-55	7
505480	2025	-65	7
505495	1989	-76	7
505510	1944	-83	7
505525	1899	-86	7
505541	1850	-69	7
505556	1809	-46	7
505571	1786	-39	7
505576	1764	-39	7
505591	1742	-33	7
505606	1724	-33	7
505621	1706	-44	7
505636	1678	-36	7
505651	1660	-4	7
505666	1656	30	7
505681	1670	56	7
505686	1701	79	7
505701	1746	95	7
505716	1800	90	7
505731	1850	73	7
505746	1890	48	7
505761	1917	24	7
505776	1930	7	7
505781	1935	7	7
505796	1940	15	7
505811	1948	25	7
505826	1962	32	7
505841	1980	30	7
505856	1998	11	7
505876	2002	-17	7
505881	1998	-26	7
505896	1984	-2	7
505911	1980	32	7
505926	1994	67	7
505941	2034	102	7
505956	2092	119	7
505971	2156	103	7
505986	2214	58	7
505991	2250	17	7
506006	2259	-12	7
506021	2254	-26	7
506037	2241	-15	7
506053	2232	13	7
506068	2236	27	7
506083	2250	18	7
506088	2259	1	7
506103	2259	-25	7
506119	2250	-53	7
506134	2223	-67	7
506149	2182	-72	7
506164	2142	-68	7
506179	2106	-51	7
506184	2074	-22	7
506199	2066	9	7
506214	2066	39	7
506229	2088	63	7
506244	2124	86	7
506259	2169	100	7
506274	2228	90	7
506290	2277	83	7
506295	2322	80	7
506310	2367	70	7
506325	2408	45	7
506340	2434	30	7
506356	2452	32	7
506371	2470	36	7
506386	2488	35	7
506391	2506	35	7
506406	2529	29	7
506421	2542	12	7
506436	2552	-17	7
506451	2547	-41	7
506466	2524	-61	7
506481	2488	-57	7
506496	2457	-40	7
506502	2434	-32	7
506518	2416	-41	7
506534	2394	-53	7
506550	2362	-60	7
506565	2331	-61	7
506581	2295	-53	7
506596	2264	-37	7
506601	2246	-27	7
506616	2228	-25	7
506631	2214	-27	7
506646	2200	-20	7
506662	2187	-14	7
506677	2182	-18	7
506692	2169	-20	7
506697	2160	-15	7
506712	2151	-19	7
506727	2142	-28	7
506742	2124	-35	7
506757	2106	-34	7
506772	2084	-30	7
506787	2070	-21	7
506802	2056	-10	7
506807	2052	-9	7
506822	2048	-11	7
506837	2038	-4	7
506852	2038	1	7
506867	2038	-8	7
506882	2034	-16	7
506897	2025	-20	7
506902	2012	-20	7
506917	2002	-14	7
506932	1994	1	7
506947	1994	9	7
506962	1998	-4	7
506977	1998	-23	7
506992	1984	-29	7
507012	1966	-24	7
507017	1953	-11	7
507032	1948	7	7
507047	1948	32	7
507062	1966	57	7
507077	1998	63	7
507092	2034	60	7
507107	2070	52	7
507112	2097	38	7
507127	2120	27	7
507142	2133	20	7
507157	2146	12	7
507172	2151	-4	7
507187	2151	-20	7
507203	2142	-27	7
507208	2128	-26	7
507223	2110	-17	7
507238	2102	6	7
507253	2102	24	7
507268	2115	13	7
507283	2124	-3	7
507298	2124	-15	7
507313	2115	-21	7
507318	2106	-23	7
507333	2092	-9	7
507348	2088	2	7
507363	2088	6	7
507378	2088	-7	7
507393	2088	-27	7
507408	2074	-43	7
507413	2048	-51	7
507428	2020	-39	7
507443	1998	-27	7
507458	1984	-17	7
507473	1971	-15	7
507488	1966	-7	7
507508	1962	0	7
507513	1962	-1	7
507528	1962	7	7
507543	1962	35	7
507558	1980	68	7
507573	2016	84	7
507588	2066	93	7
507603	2120	95	7
507618	2169	90	7
507623	2223	68	7
507638	2259	43	7
507653	2286	22	7
507669	2295	2	7
507684	2300	-5	7
507699	2300	2	7
507714	2300	8	7
507719	2300	13	7
507735	2308	14	7
507750	2318	8	7
507765	2322	3	7
507780	2322	2	7
507795	2322	10	7
507810	2326	17	7
507825	2340	26	7
507830	2354	26	7
507846	2367	16	7
507862	2376	-1	7
507878	2376	-13	7
507894	2372	-18	7
507910	2362	-23	7
507926	2349	-31	7
507931	2331	-40	7
507947	2308	-46	7
507963	2282	-55	7
507979	2254	-63	7
507996	2218	-57	7
508011	2187	-48	7
508026	2160	-47	7
508031	2133	-40	7
508046	2110	-30	7
508061	2092	-27	7
508076	2079	-30	7
508091	2061	-29	7
508106	2043	-32	7
508121	2025	-30	7
508136	2007	-28	7
508141	1994	-24	7
508157	1980	-27	7
508172	1966	-27	7
508187	1948	-20	7
508202	1940	-16	7
508217	1930	-20	7
508232	1917	-28	7
508237	1904	-21	7
508252	1890	-11	7
508267	1886	-4	7
508282	1881	-2	7
508297	1881	0	7
508312	1881	0	7
508327	1881	-3	7
508333	1881	-2	7
508348	1876	4	7
508363	1876	2	7
508378	1876	-7	7
508393	1876	-16	7
508408	1868	-22	7
508423	1854	-27	7
508438	1840	-26	7
508443	1827	-12	7
508458	1818	17	7
508473	1827	43	7
508488	1850	61	7
508503	1886	66	7
508518	1922	56	7
508533	1953	44	7
508538	1976	39	7
508553	1998	23	7
508568	2012	8	7
508583	2016	4	7
508598	2020	10	7
508613	2025	12	7
508628	2030	-6	7
508643	2030	-30	7
508648	2016	-52	7
508663	1984	-53	7
508678	1958	-37	7
508693	1935	-16	7
508708	1926	-8	7
508723	1922	-14	7
508738	1912	-20	7
508743	1904	-15	7
508758	1894	-16	7
508773	1886	-18	7
508788	1876	-15	7
508803	1868	-13	7
508818	1858	-11	7
508833	1854	-2	7
508838	1850	-4	7
508853	1850	-22	7
508869	1836	-38	7
508884	1814	-41	7
508899	1791	-35	7
508914	1773	-32	7
508929	1755	-27	7
508944	1742	-13	7
508949	1732	3	7
508964	1732	5	7
508979	1732	0	7
508994	1732	-7	7
509009	1732	-11	7
509024	1728	-9	7
509044	1724	-5	7
509049	1719	-9	7
509064	1714	-25	7
509079	1701	-39	7
509094	1678	-43	7
509109	1652	-41	7
509124	1629	-39	7
509139	1606	-38	7
509154	1588	-44	7
509159	1562	-55	7
509174	1530	-55	7
509189	1498	-29	7
509204	1485	6	7
509219	1485	37	7
509234	1503	55	7
509249	1534	54	7
509254	1566	29	7
509269	1584	-2	7
509284	1584	-8	7
509299	1580	1	7
509314	1580	7	7
509329	1580	9	7
509344	1584	-1	7
509349	1584	-14	7
509364	1580	-26	7
509379	1566	-51	7
509394	1539	-81	7
509409	1494	-107	7
509424	1431	-106	7
509439	1372	-81	7
509459	1328	-54	7
509464	1296	-41	7
509479	1274	-32	7
509494	1256	-31	7
509509	1238	-33	7
509524	1220	-36	7
509539	1202	-29	7
509554	1184	-19	7
509559	1174	-11	7
509574	1166	-1	7
509589	1166	4	7
509604	1166	7	7
509619	1170	-1	7
509634	1170	-11	7
509649	1166	-22	7
509654	1152	-31	7
509669	1134	-34	7
509684	1116	-38	7
509699	1094	-44	7
509714	1071	-45	7
509729	1044	-37	7
509744	1026	-30	7
509764	1008	-30	7
509769	990	-30	7
509784	972	-15	7
509800	963	-4	7
509815	963	-4	7
509830	958	-18	7
509845	950	-24	7
509860	936	-24	7
509865	922	-22	7
509880	909	-20	7
509895	900	-25	7
509910	886	-27	7
509925	868	-23	7
509940	860	-20	7
509955	846	-22	7
509970	832	-22	7
509975	824	-17	7
509990	810	-18	7
510005	801	-24	7
510020	788	-31	7
510035	770	-27	7
510050	756	-15	7
510065	747	-10	7
510070	742	-11	7
510085	734	-11	7
510100	729	-11	7
510115	724	-9	7
510130	720	-12	7
510145	711	-17	7
510160	702	-25	7
510165	688	-27	7
510180	670	-23	7
510195	662	-21	7
510210	648	-16	7
510225	639	-5	7
510240	634	-4	7
510260	634	-11	7
510275	626	-16	7
510281	616	-15	7
510296	612	-9	7
510311	603	-17	7
510326	594	-21	7
510341	585	-22	7
510356	572	-20	7
510371	558	-28	7
510376	544	-39	7
510391	522	-42	7
510406	500	-41	7
510421	477	-27	7
510436	459	-24	7
510451	446	-26	7
510466	432	-29	7
510471	414	-22	7
510486	405	-16	7
510501	396	-16	7
510516	387	-15	7
510531	378	-13	7
510546	369	-10	7
510561	364	-10	7
510576	360	-18	7
510581	346	-26	7
510597	333	-32	7
510612	315	-25	7
510627	302	-18	7
510642	292	-15	7
510657	284	-16	7
510672	274	-11	7
510678	270	-6	7
510694	266	-8	7
510710	261	-10	7
510726	256	-11	7
510742	248	-15	7
510758	238	-21	7
510774	230	-18	7
510790	216	-9	7
510795	212	-4	7
510810	212	-2	7
510825	212	2	7
510840	212	8	7
510855	212	12	7
510870	216	6	7
510885	220	-10	7
510890	220	-35	7
510905	198	-48	7
510920	171	-40	7
510936	148	-23	7
510951	140	0	7
510966	140	18	7
510981	144	28	7
510986	158	23	7
511001	171	17	7
511016	180	18	7
511031	194	17	7
511046	202	7	7
511061	207	-6	7
511076	207	-14	7
511091	198	-17	7
511096	189	-24	7
511111	176	-40	7
511126	153	-36	7
511141	130	-26	7
511156	117	-4	7
511171	117	18	7
511186	122	28	7
511191	140	21	7
511206	148	15	7
511221	158	12	7
511236	166	7	7
511251	166	-6	7
511266	166	-9	7
511281	162	-8	7
511296	158	-16	7
511301	148	-27	7
511316	135	-29	7
511331	117	-33	7
511346	99	-48	7
511361	72	-65	7
511376	36	-70	7
511396	3596	-67	7
511401	3560	-59	7
511416	3528	-44	7
511431	3501	-27	7
511446	3488	-15	7
511461	3478	-17	7
511476	3470	-22	7
511491	3456	-18	7
511496	3447	-12	7
511511	3438	-6	7
511526	3438	-3	7
511541	3434	-4	7
511556	3434	-4	7
511571	3429	-3	7
511586	3429	-19	7
511602	3416	-50	7
511607	3388	-61	7
511622	3357	-54	7
511637	3326	-48	7
511652	3298	-57	7
511667	3267	-68	7
511682	3226	-62	7
511697	3190	-55	7
511702	3164	-51	7
511717	3132	-52	7
511732	3105	-42	7
511747	3078	-29	7
511762	3064	-21	7
511777	3051	-27	7
511792	3038	-38	7
511797	3015	-41	7
511812	2992	-36	7
511827	2970	-31	7
511842	2956	-30	7
511857	2938	-29	7
511872	2920	-25	7
511892	2907	-32	7
511907	2889	-47	7
511912	2862	-55	7
511927	2830	-49	7
511942	2804	-34	7
511957	2786	-24	7
511972	2772	-20	7
511987	2758	-17	7
512002	2750	-18	7
512007	2740	-28	7
512022	2727	-48	7
512038	2700	-63	7
512054	2664	-72	7
512070	2624	-71	7
512086	2583	-65	7
512102	2547	-52	7
512118	2516	-26	7
512123	2502	3	7
512138	2502	16	7
512153	2506	18	7
512168	2520	24	7
512183	2534	27	7
512198	2547	17	7
512213	2556	-3	7
512218	2556	-19	7
512233	2547	-22	7
512248	2538	-11	7
512263	2529	7	7
512278	2529	7	7
512293	2534	-7	7
512308	2534	-27	7
512314	2520	-40	7
512329	2498	-43	7
512344	2470	-41	7
512359	2448	-26	7
512374	2434	-8	7
512389	2430	-1	7
512404	2430	-7	7
512419	2426	-17	7
512424	2416	-30	7
512439	2398	-43	7
512454	2376	-54	7
512469	2344	-49	7
512484	2318	-34	7
512499	2300	-14	7
512514	2290	4	7
512519	2290	12	7
512534	2295	7	7
512549	2300	-3	7
512564	2300	-14	7
512579	2295	-18	7
512594	2282	-15	7
512609	2272	-3	7
512615	2272	2	7
512630	2272	-4	7
512645	2272	-14	7
512660	2264	-17	7
512675	2254	-11	7
512690	2250	-9	7
512705	2241	-13	7
512720	2236	-14	7
512725	2228	-9	7
512740	2223	-8	7
512755	2218	-8	7
512770	2214	-18	7
512785	2205	-29	7
512800	2187	-33	7
512820	2169	-29	7
512825	2151	-29	7
512840	2138	-25	7
512855	2124	-25	7
512870	2106	-11	7
512885	2102	-12	7
512900	2097	-22	7
512915	2084	-35	7
512930	2061	-28	7
512935	2048	-18	7
512950	2038	-13	7
512966	2030	-18	7
512981	2020	-20	7
512996	2007	-10	7
513011	2002	8	7
513026	2002	11	7
513031	2012	6	7
513046	2012	9	7
513061	2016	19	7
513076	2030	26	7
513091	2043	11	7
513107	2048	-2	7
513123	2048	-10	7
513128	2048	-18	7
513143	2038	-20	7
513158	2025	-19	7
513173	2016	-11	7
513188	2007	-3	7
513203	2007	-5	7
513218	2002	-16	7
513233	1994	-29	7
513238	1980	-25	7
513253	1966	-11	7
513269	1958	-1	7
513284	1958	1	7
513299	1958	-4	7
513314	1958	0	7
513329	1958	6	7
513334	1958	3	7
513349	1958	-10	7
513364	1958	-24	7
513379	1944	-39	7
513394	1922	-44	7
513409	1894	-30	7
513424	1876	-3	7
513439	1876	15	7
513444	1881	28	7
513459	1899	44	7
513474	1922	59	7
513489	1953	54	7
513504	1984	38	7
513520	2007	18	7
513536	2016	6	7
513541	2020	14	7
513556	2030	26	7
513571	2043	22	7
513586	2056	-3	7
513601	2056	-34	7
513616	2038	-62	7
513631	2002	-76	7
513636	1962	-74	7
513651	1917	-58	7
513666	1886	-48	7
513682	1858	-64	7
513697	1822	-87	7
513712	1773	-88	7
513727	1724	-73	7
513747	1683	-60	7
513752	1652	-61	7
513767	1616	-60	7
513782	1584	-56	7
513797	1552	-43	7
513812	1526	-30	7
513827	1508	-28	7
513842	1494	-39	7
513847	1472	-50	7
513862	1444	-53	7
513877	1413	-52	7
513892	1386	-47	7
513907	1359	-29	7
513922	1341	-1	7
513937	1341	15	7
513942	1346	11	7
513957	1350	-7	7
513972	1350	-28	7
513987	1336	-39	7
514002	1314	-33	7
514017	1296	-23	7
514032	1282	-27	7
514047	1269	-40	7
514053	1246	-55	7
514068	1215	-66	7
514083	1179	-75	7
514098	1134	-75	7
514113	1094	-72	7
514129	1053	-59	7
514144	1017	-53	7
514149	990	-45	7
514164	963	-35	7
514179	945	-27	7
514194	927	-28	7
514209	914	-32	7
514225	896	-32	7
514240	878	-34	7
514260	860	-30	7
514265	842	-25	7
514280	828	-27	7
514295	810	-33	7
514310	792	-34	7
514325	774	-32	7
514341	756	-28	7
514356	742	-23	7
514361	729	-8	7
514376	724	4	7
514391	724	-6	7
514406	720	-32	7
514421	702	-41	7
514436	680	-33	7
514451	662	-22	7
514456	648	-11	7
514471	644	-16	7
514486	634	-19	7
514502	626	-20	7
514517	612	-17	7
514532	603	-13	7
514547	594	-17	7
514562	585	-22	7
514567	576	-26	7
514582	558	-27	7
514597	544	-30	7
514612	526	-33	7
514627	508	-27	7
514642	495	-24	7
514657	482	-21	7
514663	468	-19	7
514678	459	-19	7
514693	446	-29	7
514708	432	-27	7
514723	414	-17	7
514738	405	-15	7
514753	396	-17	7
514768	387	-17	7
514773	378	-20	7
514788	369	-27	7
514803	351	-34	7
514818	333	-33	7
514833	315	-30	7
514848	297	-27	7
514864	284	-26	7
514870	266	-25	7
514886	252	-21	7
514901	243	-14	7
514916	234	-5	7
514931	230	-1	7
514946	230	-5	7
514961	230	-2	7
514966	225	2	7
514981	225	3	7
514996	225	-5	7
515011	225	-9	7
515026	220	-8	7
515041	216	3	7
515056	216	6	7
515071	216	4	7
515076	220	0	7
515091	220	-13	7
515106	216	-27	7
515121	202	-38	7
515136	180	-36	7
515151	162	-22	7
515171	148	5	7
515176	148	33	7
515191	166	39	7
515206	189	33	7
515221	207	23	7
515236	220	17	7
515251	230	12	7
515266	234	1	7
515271	234	-2	7
515286	234	0	7
515301	234	-1	7
515316	234	-10	7
515331	234	-33	7
515346	212	-62	7
515361	180	-80	7
515376	135	-79	7
515381	90	-72	7
515396	50	-61	7
515411	14	-50	7
515426	3586	-39	7
515441	3564	-31	7
515457	3546	-41	7
515473	3524	-50	7
515478	3496	-44	7
515493	3470	-29	7
515508	3456	-8	7
515523	3452	6	7
515538	3452	15	7
515553	3456	10	7
515568	3465	-8	7
515583	3465	-29	7
515588	3447	-48	7
515603	3420	-66	7
515618	3384	-76	7
515633	3339	-69	7
515648	3303	-46	7
515668	3276	-23	7
515683	3262	-8	7
515688	3258	-14	7
515704	3249	-32	7
515719	3231	-47	7
515734	3204	-58	7
515749	3172	-62	7
515764	3136	-60	7
515779	3105	-55	7
515784	3074	-55	7
515799	3042	-56	7
515814	3010	-62	7
515830	2974	-63	7
515845	2938	-62	7
515860	2907	-58	7
515875	2871	-49	7
515891	2844	-26	7
515896	2830	2	7
515911	2830	34	7
515926	2848	54	7
515941	2876	55	7
515956	2907	31	7
515971	2925	-4	7
515986	2925	-31	7
515991	2912	-37	7
516006	2889	-30	7
516021	2871	-13	7
516036	2866	-3	7
516051	2862	-11	7
516066	2858	-41	7
516081	2835	-77	7
516086	2790	-99	7
516101	2736	-91	7
516116	2682	-54	7
516131	2655	-15	7
516146	2646	12	7
516161	2646	23	7
516176	2660	25	7
516191	2673	23	7
516196	2686	19	7
516211	2700	18	7
516226	2709	18	7
516241	2718	8	7
516257	2722	1	7
516272	2722	-4	7
516287	2722	-4	7
516292	2722	-8	7
516307	2718	-11	7
516322	2714	-20	7
516337	2700	-34	7
516352	2682	-51	7
516368	2655	-61	7
516383	2619	-65	7
516403	2583	-62	7
516408	2547	-56	7
516423	2516	-35	7
516438	2498	-22	7
516453	2484	-20	7
516468	2475	-29	7
516483	2457	-31	7
516498	2439	-19	7
516503	2430	-6	7
516518	2426	2	7
516533	2426	4	7
516548	2426	0	7
516564	2426	-1	7
516580	2426	-2	7
516595	2426	-9	7
516600	2421	-19	7
516615	2412	-24	7
516630	2398	-21	7
516645	2385	-15	7
516660	2376	-15	7
516675	2367	-18	7
516690	2358	-25	7
516705	2344	-31	7
516710	2326	-34	7
516725	2308	-24	7
516740	2295	-13	7
516755	2286	-9	7
516770	2282	-13	7
516785	2277	-18	7
516801	2264	-14	7
516806	2259	-5	7
516821	2254	1	7
516836	2254	-9	7
516851	2250	-29	7
516866	2232	-40	7
516881	2210	-25	7
516896	2196	-15	7
516911	2187	-5	7
516916	2187	-6	7
516931	2182	-11	7
516946	2178	-26	7
516961	2160	-31	7
516976	2142	-24	7
516991	2128	-14	7
517011	2124	-8	7
517016	2120	-13	7
517031	2110	-25	7
517046	2097	-34	7
517061	2079	-31	7
517076	2061	-20	7
517091	2048	-5	7
517106	2048	-2	7
517111	2043	-9	7
517126	2038	-16	7
517141	2030	-18	7
517156	2020	-13	7
517171	2012	-8	7
517186	2007	2	7
517201	2007	4	7
517216	2007	1	7
517221	2007	-7	7
517236	2007	-17	7
517251	1998	-18	7
517266	1989	-11	7
517282	1984	2	7
517297	1984	13	7
517312	1989	29	7
517317	2002	52	7
517332	2034	69	7
517347	2070	71	7
517362	2110	60	7
517377	2146	48	7
517392	2174	38	7
517412	2196	35	7
517417	2214	35	7
517432	2232	26	7
517447	2250	10	7
517462	2254	-10	7
517477	2250	-29	7
517492	2236	-39	7
517507	2214	-41	7
517522	2192	-27	7
517527	2174	-14	7
517542	2169	11	7
517557	2169	46	7
517572	2196	76	7
517587	2236	92	7
517602	2290	89	7
517617	2340	74	7
517622	2380	52	7
517637	2412	31	7
517652	2430	18	7
517667	2439	23	7
517682	2452	53	7
517697	2480	82	7
517712	2529	93	7
517727	2578	80	7
517732	2624	50	7
517748	2655	24	7
517763	2668	-2	7
517778	2668	-20	7
517793	2660	-42	7
517808	2632	-47	7
517823	2610	-36	7
517828	2588	-26	7
517843	2574	-28	7
517858	2556	-40	7
517873	2534	-54	7
517888	2506	-69	7
517903	2466	-71	7
517923	2426	-58	7
517928	2394	-40	7
517943	2372	-22	7
517958	2358	-11	7
517973	2354	-8	7
517988	2349	-14	7
518003	2340	-30	7
518018	2322	-32	7
518033	2304	-29	7
518038	2290	-27	7
518053	2272	-27	7
518068	2259	-30	7
518083	2241	-27	7
518098	2228	-21	7
518113	2214	-23	7
518128	2200	-24	7
518133	2187	-25	7
518148	2174	-25	7
518163	2160	-29	7
518178	2142	-27	7
518193	2128	-28	7
518208	2110	-26	7
518223	2097	-25	7
518228	2084	-25	7
518243	2070	-26	7
518258	2056	-24	7
518273	2043	-19	7
518288	2030	-18	7
518303	2020	-17	7
518323	2012	-6	7
518338	2007	0	7
518343	2007	7	7
518359	2007	7	7
518374	2012	10	7
518389	2016	17	7
518404	2025	19	7
518419	2038	12	7
518434	2043	-1	7
518439	2043	-20	7
518454	2038	-26	7
518469	2020	-18	7
518484	2012	-9	7
518499	2007	-11	7
518514	2002	-17	7
518529	1989	-15	7
518544	1984	-4	7
518549	1980	9	7
518564	1980	30	7
518579	1998	51	7
518594	2025	67	7
518609	2066	69	7
518624	2102	59	7
518639	2138	41	7
518644	2160	26	7
518659	2174	22	7
518674	2187	22	7
518689	2200	11	7
518704	2205	-3	7
518724	2205	-16	7
518739	2200	-28	7
518744	2182	-42	7
518759	2160	-51	7
518774	2128	-63	7
518790	2097	-66	7
518805	2056	-69	7
518820	2020	-60	7
518835	1984	-44	7
518850	1962	-26	7
518855	1944	-15	7
518870	1940	-6	7
518885	1935	-10	7
518900	1930	-9	7
518915	1922	-10	7
518931	1917	-10	7
518947	1912	-12	7
518952	1904	-13	7
518967	1899	-16	7
518982	1890	-20	7
518998	1876	-36	7
519014	1858	-55	7
519029	1827	-58	7
519044	1796	-39	7
519059	1773	-22	7
519064	1760	-10	7
519079	1755	-5	7
519094	1750	-5	7
519109	1750	-14	7
519124	1742	-30	7
519139	1724	-40	7
519154	1701	-45	7
519159	1674	-35	7
519174	1656	-19	7
519189	1647	-12	7
519204	1638	-25	7
519219	1624	-45	7
519234	1598	-66	7
519249	1562	-93	7
519254	1512	-115	7
519269	1444	-122	7
519284	1377	-118	7
519299	1310	-114	7
519314	1246	-105	7
519329	1188	-84	7
519344	1138	-58	7
519359	1107	-32	7
519364	1089	-11	7
519380	1084	13	7
519395	1084	24	7
519410	1098	25	7
519425	1116	20	7
519440	1125	12	7
519455	1134	0	7
519460	1134	-3	7
519475	1134	-6	7
519490	1130	-5	7
519505	1130	-12	7
519520	1120	-21	7
519535	1112	-36	7
519556	1089	-50	7
519561	1062	-57	7
519576	1030	-57	7
519591	999	-47	7
519606	972	-44	7
519621	945	-42	7
519636	922	-40	7
519651	900	-34	7
519666	882	-29	7
519671	864	-18	7
519686	855	-8	7
519701	850	-8	7
519716	846	-8	7
519731	842	-11	7
519746	832	-11	7
519761	828	-15	7
519766	819	-27	7
519781	806	-32	7
519797	788	-28	7
519812	770	-21	7
519827	760	-11	7
519842	752	-4	7
519857	752	3	7
519872	752	4	7
519877	752	-7	7
519892	752	-21	7
519907	738	-24	7
519922	724	-19	7
519937	716	-14	7
519952	706	-13	7
519968	698	-19	7
519973	688	-15	7
519988	680	-11	7
520003	675	-7	7
520018	670	-10	7
520033	666	-8	7
520048	662	-11	7
520063	652	-11	7
520068	648	-14	7
520083	639	-14	7
520098	630	-11	7
520114	626	-12	7
520129	621	-17	7
520145	608	-26	7
520160	594	-33	7
520180	576	-28	7
520185	562	-11	7
520200	554	-10	7
520215	549	-19	7
520230	540	-24	7
520245	526	-23	7
520260	513	-20	7
520275	500	-14	7
520280	490	-16	7
520295	482	-18	7
520310	472	-18	7
520325	464	-13	7
520340	454	-13	7
520355	450	-18	7
520370	436	-18	7
520375	428	-17	7
520390	418	-13	7
520405	410	-13	7
520420	405	-13	7
520435	396	-14	7
520450	387	-22	7
520465	378	-33	7
520480	360	-30	7
520485	342	-26	7
520500	328	-27	7
520515	310	-30	7
520530	292	-30	7
520545	279	-28	7
520560	261	-31	7
520575	243	-30	7
520580	230	-29	7
520595	212	-23	7
520610	198	-21	7
520625	184	-17	7
520640	176	-22	7
520655	166	-32	7
520675	148	-31	7
520690	130	-24	7
520695	117	-14	7
520710	108	-13	7
520725	99	-10	7
520740	94	-9	7
520755	90	-16	7
520770	81	-20	7
520785	68	-20	7
520790	58	-21	7
520805	45	-23	7
520820	32	-21	7
520835	22	-16	7
520850	14	-3	7
520865	9	8	7
520880	14	24	7
520885	27	29	7
520900	40	23	7
520915	54	12	7
520930	63	4	7
520946	63	2	7
520961	63	1	7
520976	63	5	7
520991	68	12	7
520996	76	16	7
521011	86	7	7
521026	86	-7	7
521041	86	-14	7
521056	81	-12	7
521071	72	-4	7
521091	72	11	7
521096	72	14	7
521111	81	10	7
521126	86	2	7
521141	86	-5	7
521156	86	-10	7
521171	81	-13	7
521186	76	-8	7
521201	72	1	7
521206	72	3	7
521221	72	4	7
521236	72	-1	7
521251	72	-12	7
521266	68	-32	7
521281	50	-40	7
521296	27	-29	7
521301	14	2	7
521316	14	44	7
521331	32	82	7
521347	81	97	7
521362	135	90	7
521377	184	72	7
521392	225	49	7
521397	252	27	7
521413	270	14	7
521428	274	8	7
521443	279	0	7
521458	279	-15	7
521473	274	-34	7
521488	256	-44	7
521503	234	-42	7
521508	207	-36	7
521524	189	-22	7
521539	176	2	7
521554	176	33	7
521569	194	62	7
521584	225	74	7
521599	270	68	7
521604	306	45	7
521619	333	19	7
521634	342	1	7
521649	342	-18	7
521665	338	-38	7
521680	315	-43	7
521700	292	-40	7
521705	270	-35	7
521720	248	-33	7
521735	230	-35	7
521750	212	-34	7
521766	194	-22	7
521781	180	12	7
521796	180	43	7
521811	207	63	7
521816	243	75	7
521831	284	79	7
521846	328	76	7
521861	369	61	7
521876	405	48	7
521891	432	46	7
521906	459	46	7
521911	486	34	7
521926	504	15	7
521941	513	-1	7
521957	513	-10	7
521972	508	-15	7
521987	500	-24	7
522002	486	-40	7
522017	464	-46	7
522022	441	-21	7
522037	428	25	7
522052	436	62	7
522067	472	74	7
522082	513	64	7
522097	549	31	7
522112	567	-8	7
522117	567	-29	7
522133	549	-31	7
522148	531	-17	7
522163	522	13	7
522178	526	52	7
522193	558	81	7
522208	603	97	7
522213	657	90	7
522228	706	62	7
522243	742	30	7
522258	760	7	7
522273	760	5	7
522288	765	25	7
522303	778	53	7
522323	810	72	7
522328	850	68	7
522343	886	37	7
522358	909	-4	7
522374	909	-39	7
522389	886	-53	7
522404	860	-53	7
522419	828	-46	7
522424	801	-35	7
522440	783	-30	7
522455	765	-33	7
522470	747	-37	7
522485	729	-41	7
522500	702	-42	7
522515	680	-38	7
522520	657	-26	7
522535	644	-11	7
522550	639	-4	7
522565	634	-6	7
522580	634	-4	7
522595	630	0	7
522610	630	3	7
522625	630	-4	7
522630	630	-8	7
522645	626	-4	7
522660	621	6	7
522675	621	13	7
522690	630	10	7
522706	634	2	7
522721	634	-6	7
522726	634	-4	7
522741	634	-1	7
522757	634	-6	7
522772	630	-2	7
522787	630	1	7
522802	630	0	7
522818	630	-2	7
522833	630	-3	7
522838	626	-5	7
522853	626	-20	7
522868	612	-29	7
522883	598	-31	7
522898	580	-33	7
522913	562	-29	7
522928	544	-21	7
522933	531	-21	7
522948	522	-25	7
522963	508	-17	7
522978	500	-10	7
522993	490	-2	7
523008	490	-1	7
523023	490	5	7
523028	490	14	7
523043	495	17	7
523058	508	17	7
523073	518	18	7
523088	526	15	7
523103	536	6	7
523119	540	-10	7
523139	536	-19	7
523144	526	-24	7
523160	513	-23	7
523175	500	-17	7
523190	490	-8	7
523206	486	-13	7
523222	477	-15	7
523238	468	-15	7
523243	459	-18	7
523258	450	-19	7
523273	441	-12	7
523288	432	-3	7
523303	432	-3	7
523318	432	-5	7
523333	428	-7	7
523348	423	-13	7
523353	414	-19	7
523368	405	-19	7
523383	396	-11	7
523398	387	-12	7
523413	382	-13	7
523428	374	-16	7
523443	364	-20	7
523448	356	-23	7
523463	342	-24	7
523478	328	-18	7
523493	320	-17	7
523508	306	-19	7
523523	297	-14	7
523538	288	-14	7
523543	284	-17	7
523558	270	-13	7
523574	266	5	7
523589	266	21	7
523604	274	29	7
523619	292	26	7
523634	306	21	7
523649	320	5	7
523654	320	-6	7
523669	320	0	7
523684	320	3	7
523699	320	-5	7
523714	320	-13	7
523729	315	-15	7
523744	306	-26	7
523749	288	-38	7
523764	270	-43	7
523780	243	-35	7
523795	225	-33	7
523810	207	-34	7
523825	189	-36	7
523840	166	-33	7
523845	148	-28	7
523860	130	-28	7
523875	117	-28	7
523890	99	-20	7
523905	90	-4	7
523920	86	19	7
523935	94	18	7
523955	104	-6	7
523960	104	-28	7
523975	90	-27	7
523990	72	-14	7
524005	68	-4	7
524020	63	13	7
524035	68	24	7
524050	81	35	7
524055	99	40	7
524070	122	43	7
524086	148	40	7
524102	171	31	7
524117	189	26	7
524133	202	24	7
524148	216	15	7
524163	225	7	7
524168	230	-7	7
524183	230	-29	7
524198	212	-55	7
524213	180	-67	7
524228	144	-48	7
524243	117	-15	7
524258	108	25	7
524263	117	61	7
524278	153	74	7
524293	194	66	7
524308	230	37	7
524323	252	4	7
524338	252	-18	7
524353	248	-23	7
524358	234	-8	7
524373	230	5	7
524388	230	1	7
524403	230	-15	7
524418	225	-7	7
524434	220	15	7
524449	225	42	7
524464	248	70	7
524469	288	92	7
524484	342	96	7
524499	396	82	7
524514	441	67	7
524529	477	54	7
524544	508	43	7
524559	531	30	7
524565	549	2	7
524581	549	-22	7
524597	540	-37	7
524613	522	-29	7
524629	504	-12	7
524645	500	-6	7
524660	495	-7	7
524675	490	-12	7
524680	486	-11	7
524695	477	-16	7
524710	468	-28	7
524725	454	-30	7
524740	436	-22	7
524755	423	-5	7
524770	423	5	7
524775	423	5	7
524791	423	-5	7
524806	423	-11	7
524821	418	-4	7
524836	414	6	7
524852	414	10	7
524867	418	9	7
524872	428	8	7
524887	432	3	7
524902	432	4	7
524917	432	17	7
524932	446	32	7
524947	464	43	7
524962	486	50	7
524977	513	58	7
524982	544	61	7
524997	580	52	7
525012	612	36	7
525027	630	16	7
525042	639	2	7
525057	639	-5	7
525072	639	-6	7
525077	639	-7	7
525092	634	-13	7
525109	626	-18	7
525124	616	-15	7
525139	608	-13	7
525154	603	-26	7
525169	585	-36	7
525174	567	-31	7
525189	549	-30	7
525204	531	-22	7
525219	518	-10	7
525234	513	-2	7
525249	513	2	7
525264	513	15	7
525279	518	22	7
525284	531	21	7
525299	544	19	7
525314	554	15	7
525329	562	10	7
525344	567	-1	7
525359	567	-6	7
525379	567	2	7
525384	567	11	7
525399	572	12	7
525414	576	8	7
525429	580	0	7
525444	580	-7	7
525459	580	-15	7
525474	572	-20	7
525489	562	-25	7
525494	549	-38	7
525509	526	-42	7
525524	504	-34	7
525540	486	-32	7
525555	468	-31	7
525570	450	-23	7
525585	436	-11	7
525590	428	-5	7
525605	428	0	7
525620	428	11	7
525635	428	14	7
525650	436	12	7
525666	446	6	7
525681	446	1	7
525686	446	-5	7
525701	446	-11	7
525716	441	-7	7
525731	436	-4	7
525746	436	0	7
525761	436	9	7
525776	436	20	7
525791	450	20	7
525797	459	6	7
525812	464	-14	7
525827	459	-31	7
525842	441	-45	7
525857	418	-46	7
525872	392	-31	7
525887	374	-14	7
525892	364	-11	7
525907	360	-13	7
525922	351	-10	7
525937	346	-6	7
525952	342	-3	7
525967	342	5	7
525982	342	7	7
525987	342	5	7
526002	346	4	7
526017	351	10	7
526033	356	3	7
526048	356	-3	7
526063	356	-10	7
526078	351	-13	7
526098	346	-17	7
526103	338	-17	7
526118	328	-13	7
526133	320	-16	7
526148	310	-19	7
526163	302	-22	7
526178	288	-18	7
526193	279	-17	7
526198	266	-19	7
526213	256	-19	7
526228	248	-15	7
526243	238	-13	7
526258	230	-10	7
526273	225	-10	7
526288	220	-23	7
526303	207	-37	7
526308	184	-32	7
526323	166	-10	7
526338	162	3	7
526353	162	7	7
526368	162	4	7
526383	166	-3	7
526399	166	-6	7
526404	166	10	7
526419	166	25	7
526434	180	23	7
526449	194	5	7
526464	198	-7	7
526479	198	-15	7
526499	189	-26	7
526504	171	-28	7
526519	158	-17	7
526534	148	1	7
526549	148	15	7
526564	153	29	7
526579	171	37	7
526594	189	40	7
526609	212	43	7
526614	238	50	7
526629	266	49	7
526644	292	43	7
526659	315	33	7
526674	333	27	7
526689	351	14	7
526704	360	0	7
526709	360	2	7
526724	360	3	7
526740	360	-9	7
526755	360	-19	7
526770	351	-24	7
526785	338	-31	7
526800	320	-44	7
526815	292	-43	7
526820	270	-36	7
526835	248	-40	7
526850	225	-46	7
526865	202	-42	7
526880	176	-37	7
526895	158	-32	7
526915	140	-27	7
526920	122	-24	7
526935	108	-24	7
526950	94	-25	7
526965	81	-21	7
526980	72	-17	7
526995	58	-20	7
527010	50	-35	7
527015	32	-51	7
527030	0	-60	7
527045	3568	-66	7
527060	3528	-60	7
527075	3496	-52	7
527090	3465	-44	7
527105	3442	-44	7
527120	3416	-22	7
527125	3406	-3	7
527140	3402	-3	7
527155	3402	-8	7
527170	3398	-5	7
527185	3393	-12	7
527200	3388	-27	7
527215	3370	-37	7
527220	3352	-41	7
527235	3330	-48	7
527250	3303	-55	7
527265	3272	-52	7
527280	3240	-56	7
527295	3208	-61	7
527315	3177	-56	7
527320	3146	-54	7
527335	3114	-69	7
527350	3074	-90	7
527365	3024	-88	7
527381	2974	-71	7
527397	2934	-62	7
527412	2898	-54	7
527427	2871	-35	7
527432	2848	-14	7
527447	2844	-6	7
527462	2840	-4	7
527477	2835	-7	7
527492	2830	-22	7
527507	2822	-39	7
527522	2799	-39	7
527527	2776	-33	7
527542	2758	-33	7
527557	2740	-28	7
527572	2722	-18	7
527587	2714	-17	7
527603	2704	-14	7
527618	2696	0	7
527633	2696	6	7
527638	2696	-9	7
527653	2696	-25	7
527668	2682	-33	7
527684	2660	-34	7
527699	2642	-32	7
527714	2624	-23	7
527729	2610	-17	7
527734	2601	-12	7
527749	2596	-12	7
527764	2588	-8	7
527779	2583	-5	7
527794	2583	-9	7
527809	2574	-9	7
527824	2570	-9	7
527829	2565	-17	7
527844	2556	-28	7
527859	2542	-23	7
527874	2529	-5	7
527889	2524	-1	7
527904	2524	-6	7
527919	2520	3	7
527939	2520	7	7
527944	2524	-3	7
527959	2524	-7	7
527974	2520	-7	7
527989	2516	-10	7
528004	2511	-14	7
528019	2502	-9	7
528034	2498	2	7
528039	2498	1	7
528054	2498	-5	7
528069	2498	-9	7
528084	2493	-11	7
528099	2484	-7	7
528114	2484	3	7
528129	2484	11	7
528134	2484	10	7
528149	2493	2	7
528164	2493	8	7
528179	2498	5	7
528194	2502	-16	7
528209	2493	-33	7
528224	2475	-35	7
528240	2457	-27	7
528245	2444	-16	7
528260	2434	-9	7
528275	2426	-5	7
528290	2426	-14	7
528305	2416	-29	7
528320	2398	-31	7
528335	2385	-28	7
528340	2367	-28	7
528355	2354	-20	7
528370	2340	-5	7
528385	2336	-5	7
528400	2336	-5	7
528415	2331	-7	7
528436	2326	-10	7
528451	2322	-17	7
528456	2313	-15	7
528471	2304	-11	7
528486	2300	-8	7
528501	2295	-11	7
528516	2286	-9	7
528531	2282	-4	7
528546	2282	-10	7
528551	2272	-16	7
528566	2264	-11	7
528581	2259	-8	7
528596	2254	-16	7
528612	2246	-20	7
528627	2236	-24	7
528642	2223	-30	7
528647	2205	-37	7
528662	2182	-28	7
528677	2169	-17	7
528692	2160	-17	7
528707	2146	-25	7
528722	2133	-25	7
528737	2120	-25	7
528752	2106	-27	7
528757	2092	-25	7
528773	2079	-25	7
528789	2061	-28	7
528804	2048	-26	7
528819	2034	-12	7
528834	2025	-9	7
528849	2020	-22	7
528854	2007	-20	7
528869	1998	-3	7
528884	1994	4	7
528899	1994	4	7
528914	1998	12	7
528930	2002	18	7
528945	2012	10	7
528960	2020	-1	7
528965	2020	-1	7
528980	2020	6	7
528995	2020	10	7
529010	2025	12	7
529025	2034	10	7
529040	2038	-8	7
529055	2038	-10	7
529060	2034	6	7
529075	2034	20	7
529090	2043	11	7
529105	2048	-6	7
529120	2048	-11	7
529135	2043	-16	7
529150	2034	-19	7
529155	2025	-10	7
529170	2020	-1	7
529185	2016	1	7
529200	2016	-3	7
529215	2016	-5	7
529235	2016	-14	7
529250	2007	-30	7
529265	1989	-42	7
529270	1966	-37	7
529285	1944	-23	7
529300	1930	-1	7
529315	1930	37	7
529330	1948	66	7
529345	1984	77	7
529360	2030	83	7
529365	2074	84	7
529380	2124	72	7
529395	2164	43	7
529410	2187	22	7
529425	2200	16	7
529440	2210	10	7
529455	2214	-2	7
529460	2214	-5	7
529475	2214	-5	7
529490	2210	-14	7
529505	2205	-22	7
529520	2192	-32	7
529535	2174	-39	7
529555	2151	-37	7
529570	2128	-4	7
529575	2128	25	7
529590	2138	28	7
529605	2156	19	7
529620	2164	18	7
529635	2174	19	7
529650	2187	14	7
529665	2192	7	7
529670	2196	1	7
529685	2196	-12	7
529700	2196	-28	7
529715	2178	-32	7
529730	2160	-34	7
529745	2142	-38	7
529760	2120	-43	7
529775	2097	-44	7
529780	2070	-36	7
529795	2052	-12	7
529810	2043	27	7
529825	2056	59	7
529840	2088	67	7
529855	2128	62	7
529875	2160	59	7
529880	2196	52	7
529895	2223	36	7
529910	2246	18	7
529925	2254	5	7
529940	2259	-10	7
529955	2254	-23	7
529970	2241	-21	7
529975	2232	-16	7
529990	2223	-14	7
530005	2214	-4	7
530020	2214	24	7
530036	2223	51	7
530051	2250	78	7
530066	2295	104	7
530081	2354	119	7
530086	2421	116	7
530101	2484	103	7
530117	2542	93	7
530133	2596	80	7
530149	2642	67	7
530165	2678	72	7
530181	2718	81	7
530186	2763	79	7
530201	2808	76	7
530216	2853	78	7
530231	2894	76	7
530246	2938	61	7
530261	2970	39	7
530276	2992	16	7
530281	3002	-8	7
530296	3002	-33	7
530311	2984	-46	7
530326	2956	-45	7
530341	2934	-41	7
530356	2912	-37	7
530371	2889	-31	7
530386	2871	-24	7
530391	2858	-31	7
530406	2840	-33	7
530421	2822	-22	7
530436	2808	-12	7
530451	2804	0	7
530466	2804	8	7
530481	2804	6	7
530486	2808	-9	7
530501	2804	-26	7
530516	2790	-34	7
530531	2772	-38	7
530546	2750	-36	7
530562	2732	-13	7
530577	2722	10	7
530592	2722	20	7
530597	2736	11	7
530613	2740	-2	7
530628	2740	-17	7
530643	2736	-34	7
530658	2718	-35	7
530673	2696	-21	7
530688	2686	-5	7
530693	2682	-2	7
530708	2682	-2	7
530723	2678	2	7
530738	2678	-5	7
530753	2678	-20	7
530768	2668	-31	7
530783	2650	-43	7
530788	2624	-46	7
530803	2601	-42	7
530818	2574	-29	7
530834	2560	-26	7
530849	2542	-29	7
530864	2529	-22	7
530879	2516	-11	7
530899	2511	-7	7
530904	2506	-12	7
530919	2498	-16	7
530934	2488	-20	7
530949	2480	-27	7
530964	2462	-18	7
530979	2452	-5	7
530994	2452	-3	7
530999	2448	-11	7
531014	2444	-13	7
531029	2434	-9	7
531044	2430	-12	7
531059	2426	-17	7
531074	2412	-22	7
531089	2403	-28	7
531104	2385	-33	7
531109	2367	-29	7
531124	2349	-21	7
531141	2340	-26	7
531156	2326	-36	7
531171	2304	-37	7
531186	2282	-31	7
531201	2268	-32	7
531206	2250	-25	7
531221	2232	-14	7
531236	2228	-15	7
531251	2218	-15	7
531266	2210	-8	7
531281	2205	0	7
531296	2205	-5	7
531301	2200	-12	7
531316	2196	-20	7
531331	2182	-19	7
531346	2174	-15	7
531361	2164	-14	7
531376	2156	-13	7
531391	2151	-16	7
531411	2142	-21	7
531416	2128	-19	7
531431	2120	-16	7
531447	2110	-20	7
531462	2097	-20	7
531477	2088	-4	7
531493	2084	-3	7
531509	2084	-14	7
531514	2074	-20	7
531530	2066	-13	7
531546	2056	-9	7
531562	2052	-12	7
531577	2043	-14	7
531592	2038	-23	7
531607	2025	-26	7
531612	2007	-17	7
531627	1998	-13	7
531642	1994	-21	7
531657	1980	-26	7
531672	1966	-21	7
531687	1953	-7	7
531702	1948	13	7
531718	1953	35	7
531723	1971	54	7
531739	2002	57	7
531754	2034	46	7
531769	2061	30	7
531784	2079	21	7
531799	2088	15	7
531814	2097	3	7
531819	2102	-1	7
531834	2102	-4	7
531849	2102	-12	7
531864	2092	-25	7
531879	2079	-34	7
531894	2061	-52	7
531909	2034	-67	7
531924	1994	-65	7
531930	1958	-53	7
531945	1926	-43	7
531960	1904	-25	7
531975	1890	-3	7
531990	1890	7	7
532005	1890	4	7
532020	1890	-1	7
532025	1890	-1	7
532040	1890	-4	7
532055	1890	-1	7
532070	1890	-4	7
532085	1890	-7	7
532100	1886	-17	7
532115	1876	-33	7
532120	1854	-43	7
532135	1832	-45	7
532150	1804	-44	7
532165	1782	-41	7
532180	1760	-31	7
532196	1742	-33	7
532211	1724	-41	7
532226	1701	-38	7
532231	1678	-17	7
532247	1670	0	7
532262	1670	11	7
532277	1670	16	7
532292	1678	10	7
532307	1688	-5	7
532322	1688	-18	7
532327	1678	-29	7
532342	1660	-37	7
532357	1638	-30	7
532372	1624	-22	7
532387	1611	-28	7
532402	1593	-37	7
532417	1575	-25	7
532432	1562	-2	7
532437	1557	18	7
532452	1566	35	7
532468	1584	46	7
532483	1611	52	7
532498	1638	40	7
532513	1660	16	7
532528	1670	-3	7
532533	1670	-4	7
532548	1670	6	7
532563	1670	16	7
532578	1678	21	7
532593	1692	21	7
532608	1701	9	7
532624	1710	11	7
532629	1714	18	7
532644	1724	29	7
532659	1742	48	7
532674	1768	59	7
532690	1800	50	7
532705	1827	32	7
532720	1845	21	7
532735	1858	-3	7
532740	1858	-43	7
532755	1836	-71	7
532770	1796	-71	7
532785	1755	-45	7
532800	1732	-17	7
532815	1724	5	7
532831	1724	11	7
532836	1728	-4	7
532851	1728	-33	7
532866	1710	-53	7
532881	1678	-38	7
532896	1660	13	7
532911	1660	74	7
532927	1706	117	7
532933	1768	120	7
532949	1836	88	7
532965	1886	48	7
532981	1912	21	7
532996	1926	17	7
533011	1935	29	7
533026	1953	45	7
533041	1976	40	7
533047	1998	9	7
533063	2002	-28	7
533078	1994	-55	7
533093	1962	-79	7
533108	1917	-79	7
533123	1872	-49	7
533139	1845	-16	7
533144	1836	8	7
533159	1836	23	7
533174	1850	35	7
533189	1868	33	7
533204	1890	22	7
533219	1899	9	7
533234	1904	0	7
533249	1904	-1	7
533254	1904	-7	7
533269	1904	-18	7
533284	1894	-28	7
533299	1881	-41	7
533314	1854	-51	7
533329	1827	-60	7
533344	1796	-74	7
533349	1750	-80	7
533364	1706	-67	7
533379	1670	-44	7
533394	1642	-38	7
533409	1624	-47	7
533424	1598	-56	7
533439	1566	-67	7
533444	1526	-69	7
533459	1490	-64	7
533474	1454	-54	7
533489	1422	-45	7
533504	1395	-37	7
533519	1377	-21	7
533534	1364	-12	7
533554	1359	-10	7
533559	1350	-9	7
533574	1346	-11	7
533589	1341	-17	7
533604	1332	-24	7
533619	1318	-30	7
533634	1300	-40	7
533649	1278	-61	7
533654	1242	-79	7
533669	1202	-79	7
533684	1156	-65	7
533699	1120	-47	7
533714	1094	-37	7
533729	1071	-26	7
533744	1058	-26	7
533749	1044	-27	7
533764	1026	-18	7
533779	1017	-7	7
533794	1012	-1	7
533809	1012	-3	7
533824	1012	3	7
533839	1012	2	7
533859	1012	-5	7
533864	1012	-11	7
533879	1004	-16	7
533894	994	-26	7
533909	981	-37	7
533924	958	-32	7
533939	940	-27	7
533954	927	-38	7
533959	904	-43	7
533974	882	-45	7
533989	855	-41	7
534004	832	-37	7
534019	810	-35	7
534035	792	-27	7
534050	778	-24	7
534065	765	-28	7
534070	747	-26	7
534085	734	-29	7
534100	716	-32	7
534115	698	-28	7
534130	684	-16	7
534145	675	-18	7
534160	666	-28	7
534165	648	-27	7
534180	634	-23	7
534195	621	-20	7
534210	608	-19	7
534225	598	-24	7
534240	585	-31	7
534255	567	-43	7
534260	544	-41	7
534275	522	-31	7
534290	504	-24	7
534305	490	-21	7
534320	477	-17	7
534335	468	-12	7
534351	459	-14	7
534367	454	-13	7
534372	446	-10	7
534387	441	-10	7
534402	436	-22	7
534417	423	-36	7
534432	400	-35	7
534447	382	-32	7
534462	364	-26	7
534467	351	-25	7
534482	338	-30	7
534497	320	-40	7
534512	297	-40	7
534527	274	-23	7
534542	261	-17	7
534562	252	-24	7
534577	238	-27	7
534582	220	-20	7
534597	212	-21	7
534612	198	-29	7
534627	184	-28	7
534642	166	-23	7
534657	153	-20	7
534672	144	-15	7
534677	135	-17	7
534692	126	-18	7
534707	117	-18	7
534722	104	-11	7
534737	99	-4	7
534752	94	-7	7
534767	94	-10	7
534772	86	-8	7
534787	81	-14	7
534802	76	-21	7
534817	63	-15	7
534832	54	-1	7
534847	54	1	7
534862	54	-7	7
534882	50	-4	7
534887	50	-7	7
534902	45	-19	7
534917	32	-33	7
534932	14	-35	7
534947	3596	-28	7
534962	3578	-19	7
534977	3568	-9	7
534982	3564	0	7
534997	3564	-2	7
535012	3564	-5	7
535027	3560	-4	7
535042	3560	2	7
535057	3560	11	7
535072	3560	31	7
535077	3578	49	7
535092	4	49	7
535108	32	33	7
535123	54	20	7
535138	63	9	7
535153	68	-2	7
535168	68	-7	7
535183	68	-6	7
535188	63	-13	7
535203	58	-22	7
535218	45	-29	7
535233	27	-41	7
535248	4	-61	7
535263	3568	-77	7
535283	3528	-80	7
535288	3483	-72	7
535303	3442	-54	7
535318	3411	-15	7
535333	3402	28	7
535348	3416	51	7
535363	3442	47	7
535378	3470	35	7
535393	3488	24	7
535398	3501	10	7
535413	3510	5	7
535428	3510	5	7
535443	3514	3	7
535458	3514	-6	7
535473	3514	-11	7
535488	3510	-17	7
535493	3501	-28	7
535508	3483	-45	7
535524	3460	-64	7
535540	3424	-77	7
535555	3380	-72	7
535570	3339	-42	7
535586	3316	0	7
535591	3316	28	7
535606	3330	31	7
535621	3344	28	7
535636	3362	14	7
535651	3370	0	7
535666	3370	-3	7
535681	3370	-2	7
535696	3370	-7	7
535701	3366	-18	7
535717	3357	-31	7
535733	3339	-39	7
535749	3316	-56	7
535765	3285	-79	7
535781	3240	-92	7
535797	3190	-103	7
535802	3132	-112	7
535817	3069	-107	7
535832	3006	-88	7
535847	2956	-71	7
535862	2920	-66	7
535877	2880	-53	7
535892	2853	-43	7
535897	2826	-47	7
535912	2799	-54	7
535927	2772	-61	7
535942	2736	-59	7
535957	2704	-52	7
535973	2673	-31	7
535988	2655	-14	7
536003	2650	-10	7
536008	2642	-25	7
536023	2628	-33	7
536039	2610	-32	7
536054	2592	-29	7
536069	2574	-34	7
536084	2556	-35	7
536099	2538	-36	7
536104	2516	-38	7
536119	2498	-30	7
536134	2480	-20	7
536149	2466	-18	7
536164	2457	-15	7
536179	2448	-10	7
536194	2444	-5	7
536209	2439	-10	7
536214	2434	-15	7
536229	2426	-15	7
536244	2416	-21	7
536259	2408	-33	7
536274	2390	-41	7
536289	2362	-37	7
536304	2344	-33	7
536309	2326	-36	7
536324	2304	-41	7
536339	2282	-43	7
536354	2259	-41	7
536369	2236	-35	7
536384	2214	-23	7
536399	2200	-20	7
536404	2192	-24	7
536419	2178	-25	7
536434	2164	-26	7
536449	2146	-33	7
536464	2128	-27	7
536479	2115	-18	7
536494	2106	-17	7
536514	2097	-25	7
536519	2079	-24	7
536534	2066	-14	7
536549	2061	-14	7
536564	2052	-22	7
536580	2038	-19	7
536596	2030	-13	7
536611	2020	-18	7
536616	2012	-22	7
536631	1998	-21	7
536646	1989	-18	7
536661	1976	-15	7
536676	1966	-9	7
536691	1962	-5	7
536706	1962	-11	7
536721	1953	-10	7
536726	1948	-7	7
536741	1944	-6	7
536756	1940	-14	7
536771	1935	-17	7
536786	1926	-18	7
536801	1912	-20	7
536816	1904	-19	7
536821	1890	-6	7
536836	1890	5	7
536851	1890	5	7
536866	1890	5	7
536881	1894	6	7
536896	1894	2	7
536911	1899	-7	7
536916	1899	-12	7
536931	1890	-12	7
536946	1886	-5	7
536961	1881	2	7
536976	1881	8	7
536991	1881	1	7
537011	1886	-17	7
537026	1876	-34	7
537031	1858	-53	7
537046	1827	-67	7
537061	1791	-75	7
537077	1750	-57	7
537092	1719	-19	7
537107	1706	10	7
537122	1710	25	7
537127	1724	35	7
537142	1742	28	7
537158	1760	0	7
537173	1760	-29	7
537188	1746	-35	7
537203	1724	-31	7
537218	1710	-19	7
537223	1696	-6	7
537238	1692	-3	7
537253	1692	-19	7
537268	1683	-37	7
537283	1660	-58	7
537298	1629	-80	7
537313	1584	-82	7
537328	1539	-57	7
537333	1503	-20	7
537348	1494	0	7
537363	1494	-10	7
537378	1490	-39	7
537393	1467	-62	7
537408	1431	-78	7
537423	1386	-75	7
537428	1346	-62	7
537443	1310	-44	7
537458	1287	-33	7
537473	1269	-26	7
537488	1251	-25	7
537503	1238	-39	7
537518	1215	-65	7
537538	1179	-75	7
537543	1138	-71	7
537558	1098	-56	7
537573	1066	-31	7
537588	1048	-4	7
537603	1048	-5	7
537618	1044	-31	7
537633	1026	-57	7
537638	994	-71	7
537653	954	-71	7
537669	914	-59	7
537684	882	-46	7
537699	855	-39	7
537714	832	-30	7
537729	814	-31	7
537734	801	-34	7
537749	778	-42	7
537764	756	-50	7
537780	729	-50	7
537795	702	-47	7
537810	675	-44	7
537825	648	-49	7
537840	621	-45	7
537845	594	-40	7
537860	572	-43	7
537875	549	-38	7
537890	526	-30	7
537905	513	-29	7
537920	495	-33	7
537935	477	-36	7
537940	454	-39	7
537955	432	-50	7
537970	405	-51	7
537985	378	-47	7
538000	351	-49	7
538015	324	-43	7
538030	297	-36	7
538035	279	-38	7
538050	256	-49	7
538065	230	-53	7
538080	198	-44	7
538095	176	-34	7
538111	158	-30	7
538126	140	-29	7
538146	122	-28	7
538151	108	-36	7
538166	86	-49	7
538181	58	-61	7
538196	27	-57	7
538211	3591	-42	7
538226	3568	-27	7
538241	3555	-15	7
538246	3546	-9	7
538261	3542	-15	7
538276	3532	-18	7
538291	3524	-18	7
538306	3510	-26	7
538321	3496	-33	7
538336	3478	-29	7
538351	3460	-20	7
538356	3452	-31	7
538371	3434	-45	7
538386	3406	-49	7
538401	3380	-34	7
538416	3362	-4	7
538431	3362	22	7
538446	3366	27	7
538451	3384	17	7
538466	3393	10	7
538481	3398	3	7
538496	3402	-8	7
538511	3398	-21	7
538526	3388	-34	7
538546	3370	-32	7
538551	3352	-24	7
538566	3339	-28	7
538581	3321	-37	7
538596	3298	-41	7
538611	3276	-54	7
538626	3249	-89	7
538641	3195	-119	7
538656	3132	-143	7
538661	3051	-141	7
538676	2970	-94	7
538691	2916	-22	7
538706	2907	31	7
538721	2920	62	7
538736	2952	62	7
538751	2988	37	7
538756	3010	13	7
538771	3015	-2	7
538786	3015	-3	7
538802	3015	1	7
538817	3015	5	7
538832	3015	4	7
538848	3020	-7	7
538863	3020	-18	7
538868	3010	-27	7
538883	2992	-30	7
538899	2979	-33	7
538914	2956	-34	7
538929	2938	-36	7
538944	2920	-35	7
538959	2898	-39	7
538964	2876	-48	7
538979	2848	-49	7
538994	2822	-38	7
539009	2804	-31	7
539024	2786	-27	7
539039	2768	-24	7
539054	2754	-25	7
539059	2740	-31	7
539074	2722	-31	7
539089	2704	-22	7
539104	2696	-17	7
539119	2686	-19	7
539134	2673	-21	7
539154	2664	-25	7
539169	2646	-27	7
539174	2632	-23	7
539189	2619	-30	7
539204	2601	-44	7
539219	2578	-52	7
539234	2547	-40	7
539249	2524	-22	7
539264	2516	-14	7
539269	2506	-13	7
539284	2498	-14	7
539299	2493	-13	7
539314	2484	-15	7
539329	2475	-15	7
539344	2466	-13	7
539359	2462	-4	7
539364	2457	0	7
539379	2457	-5	7
539394	2452	-12	7
539409	2448	-20	7
539424	2434	-14	7
539439	2430	-5	7
539454	2426	-7	7
539474	2421	-21	7
539479	2412	-31	7
539494	2394	-28	7
539509	2376	-20	7
539524	2367	-15	7
539539	2358	-17	7
539554	2349	-25	7
539569	2336	-22	7
539574	2322	-13	7
539590	2313	-12	7
539605	2308	-23	7
539620	2295	-32	7
539635	2277	-34	7
539650	2259	-27	7
539665	2241	-29	7
539680	2228	-34	7
539685	2205	-37	7
539700	2187	-32	7
539716	2169	-37	7
539732	2146	-51	7
539747	2120	-54	7
539762	2088	-48	7
539777	2061	-48	7
539782	2034	-45	7
539797	2007	-40	7
539813	1984	-36	7
539828	1966	-32	7
539843	1948	-26	7
539858	1935	-20	7
539873	1922	-22	7
539878	1908	-24	7
539893	1894	-28	7
539909	1881	-29	7
539925	1863	-22	7
539940	1850	-3	7
539955	1850	9	7
539970	1850	11	7
539985	1858	9	7
539990	1863	7	7
540005	1868	7	7
540020	1872	3	7
540035	1872	-3	7
540051	1872	-14	7
540066	1868	-17	7
540081	1858	-16	7
540086	1850	-18	7
540101	1836	-22	7
540116	1827	-29	7
540131	1809	-32	7
540146	1791	-18	7
540161	1782	-10	7
540176	1773	-28	7
540191	1760	-46	7
540196	1732	-54	7
540211	1701	-54	7
540226	1674	-41	7
540241	1652	-19	7
540256	1638	-4	7
540271	1638	7	7
540286	1638	16	7
540291	1647	8	7
540306	1652	-17	7
540321	1642	-38	7
540336	1624	-34	7
540352	1602	-15	7
540367	1598	14	7
540382	1598	30	7
540387	1616	37	7
540402	1638	21	7
540417	1647	-26	7
540432	1638	-80	7
540447	1593	-106	7
540462	1534	-97	7
540482	1480	-66	7
540497	1440	-37	7
540502	1422	-19	7
540518	1408	-17	7
540533	1400	-18	7
540548	1390	-22	7
540563	1377	-42	7
540578	1354	-66	7
540593	1318	-59	7
540598	1282	-18	7
540613	1274	26	7
540628	1287	48	7
540643	1314	49	7
540658	1341	42	7
540673	1364	28	7
540688	1377	19	7
540693	1390	-2	7
540708	1390	-17	7
540723	1382	-17	7
540738	1372	-6	7
540753	1368	4	7
540768	1368	2	7
540784	1368	-10	7
540799	1368	-25	7
540804	1354	-52	7
540819	1323	-93	7
540834	1274	-121	7
540849	1206	-110	7
540864	1143	-72	7
540879	1102	-25	7
540894	1089	17	7
540899	1094	38	7
540914	1116	30	7
540929	1130	-5	7
540944	1130	-53	7
540959	1102	-92	7
540974	1053	-99	7
540994	994	-80	7
541009	950	-64	7
541014	914	-58	7
541029	882	-46	7
541044	855	-29	7
541059	842	-18	7
541074	828	-34	7
541089	810	-56	7
541104	778	-61	7
541109	742	-52	7
541124	716	-45	7
541139	688	-50	7
541154	662	-50	7
541169	634	-38	7
541184	612	-24	7
541199	598	-16	7
541204	590	-17	7
541220	580	-24	7
541235	567	-21	7
541250	554	-17	7
541265	544	-27	7
541280	531	-42	7
541295	508	-44	7
541311	482	-40	7
541316	459	-38	7
541331	436	-30	7
541346	423	-17	7
541361	410	-9	7
541376	405	-15	7
541391	396	-26	7
541407	382	-35	7
541412	364	-51	7
541428	333	-63	7
541443	302	-65	7
541458	261	-61	7
541473	230	-57	7
541488	198	-45	7
541503	171	-33	7
541508	153	-29	7
541523	135	-35	7
541538	117	-40	7
541553	94	-34	7
541568	76	-30	7
541583	58	-35	7
541599	40	-39	7
541614	18	-39	7
541619	3596	-33	7
541634	3578	-28	7
541649	3560	-35	7
541664	3542	-50	7
541679	3514	-51	7
541694	3483	-36	7
541714	3465	-22	7
541719	3452	-34	7
541734	3434	-46	7
541749	3406	-44	7
541764	3380	-31	7
541779	3366	-25	7
541794	3348	-25	7
541809	3334	-25	7
541824	3321	-25	7
541829	3308	-28	7
541844	3294	-36	7
541859	3272	-46	7
541874	3244	-54	7
541889	3218	-45	7
541904	3190	-35	7
541919	3172	-36	7
541924	3150	-38	7
541939	3128	-35	7
541954	3110	-35	7
541969	3092	-51	7
541984	3060	-69	7
541999	3024	-74	7
542014	2979	-61	7
542019	2948	-38	7
542034	2925	-18	7
542049	2916	3	7
542064	2916	9	7
542079	2916	4	7
542094	2920	-9	7
542115	2920	-36	7
542130	2898	-62	7
542135	2862	-68	7
542150	2826	-51	7
542165	2794	-48	7
542180	2768	-54	7
542195	2740	-52	7
542210	2709	-38	7
542225	2686	-38	7
542230	2668	-55	7
542245	2637	-58	7
542260	2606	-58	7
542275	2570	-50	7
542290	2542	-42	7
542305	2520	-44	7
542320	2493	-54	7
542335	2466	-63	7
542340	2430	-63	7
542355	2394	-59	7
542370	2358	-58	7
542385	2326	-45	7
542400	2304	-23	7
542415	2290	-20	7
542430	2277	-36	7
542435	2259	-36	7
542451	2236	-23	7
542466	2223	-20	7
542481	2214	-19	7
542496	2200	-14	7
542511	2196	-8	7
542526	2192	-13	7
542531	2182	-14	7
542546	2174	-21	7
542561	2164	-32	7
542576	2146	-32	7
542591	2128	-21	7
542606	2115	-8	7
542621	2110	-10	7
542641	2106	-20	7
542646	2092	-32	7
542661	2074	-47	7
542676	2048	-53	7
542692	2020	-44	7
542708	1994	-38	7
542724	1976	-43	7
542739	1948	-61	7
542744	1917	-58	7
542759	1881	-45	7
542774	1858	-36	7
542789	1836	-27	7
542804	1822	-15	7
542819	1814	-11	7
542834	1809	-11	7
542839	1800	-8	7
542854	1796	-15	7
542870	1786	-34	7
542885	1768	-47	7
542900	1742	-34	7
542915	1724	-10	7
542930	1719	11	7
542945	1719	25	7
542950	1732	26	7
542966	1750	11	7
542981	1755	-10	7
542996	1755	-29	7
543011	1737	-40	7
543026	1714	-36	7
543041	1692	-13	7
543046	1688	6	7
543061	1688	2	7
543076	1688	-23	7
543091	1678	-43	7
543106	1656	-50	7
543121	1624	-48	7
543136	1598	-38	7
543151	1580	-20	7
543156	1566	-3	7
543171	1566	10	7
543186	1566	21	7
543201	1580	32	7
543216	1598	30	7
543231	1611	18	7
543246	1624	9	7
543251	1629	-9	7
543266	1629	-41	7
543281	1602	-66	7
543296	1566	-63	7
543311	1530	-52	7
543326	1503	-40	7
543346	1480	-32	7
543351	1462	-33	7
543366	1444	-32	7
543381	1426	-17	7
543396	1418	19	7
543411	1422	59	7
543426	1454	87	7
543441	1503	95	7
543456	1557	80	7
543461	1602	48	7
543476	1629	12	7
543491	1638	-10	7
543506	1634	-13	7
543521	1629	-8	7
543536	1624	-3	7
543551	1620	4	7
543556	1620	-2	7
543571	1620	-18	7
543586	1611	-23	7
543601	1598	-17	7
543616	1588	-3	7
543631	1588	19	7
543646	1593	52	7
543651	1624	77	7
543666	1670	78	7
543681	1710	61	7
543696	1746	34	7
543711	1764	4	7
543727	1768	-22	7
543742	1760	-31	7
543762	1742	-37	7
543767	1719	-46	7
543782	1696	-55	7
543797	1665	-64	7
543812	1629	-65	7
543827	1593	-62	7
543842	1557	-53	7
543857	1526	-25	7
543862	1512	19	7
543877	1521	66	7
543892	1557	94	7
543907	1611	90	7
543922	1660	50	7
543937	1688	12	7
543952	1696	-2	7
543967	1696	-1	7
543972	1696	13	7
543987	1701	31	7
544002	1719	41	7
544017	1742	24	7
544032	1755	-7	7
544047	1755	-44	7
544062	1728	-72	7
544068	1688	-80	7
544083	1642	-50	7
544098	1616	-4	7
544113	1616	46	7
544128	1634	79	7
544143	1678	84	7
544158	1728	57	7
544164	1760	20	7
544179	1768	-4	7
544194	1768	-7	7
544209	1768	5	7
544224	1768	12	7
544239	1773	12	7
544254	1782	0	7
544274	1782	-22	7
544279	1773	-39	7
544294	1750	-35	7
544309	1732	-25	7
544324	1714	-21	7
544339	1706	-23	7
544354	1692	-18	7
544369	1683	-12	7
544374	1674	-4	7
544389	1674	14	7
544404	1678	23	7
544419	1688	16	7
544435	1696	10	7
544450	1706	14	7
544465	1710	12	7
544480	1719	10	7
544485	1724	8	7
544500	1728	9	7
544515	1732	8	7
544530	1737	1	7
544545	1737	-12	7
544560	1737	-37	7
544575	1714	-67	7
544581	1678	-74	7
544596	1638	-60	7
544611	1602	-24	7
544626	1588	22	7
544641	1598	64	7
544656	1634	78	7
544671	1678	59	7
544676	1710	34	7
544691	1728	23	7
544706	1742	13	7
544721	1750	-2	7
544736	1750	-16	7
544751	1742	-24	7
544766	1728	-42	7
544786	1706	-58	7
544791	1674	-61	7
544806	1638	-59	7
544821	1606	-56	7
544836	1575	-52	7
544851	1544	-58	7
544866	1512	-78	7
544881	1467	-87	7
544886	1422	-66	7
544901	1382	-34	7
544916	1364	-6	7
544931	1359	6	7
544946	1359	16	7
544961	1368	24	7
544976	1382	22	7
544981	1395	11	7
544996	1400	-4	7
545011	1400	-19	7
545026	1390	-26	7
545041	1377	-30	7
545056	1359	-28	7
545071	1346	-32	7
545086	1328	-35	7
545091	1305	-41	7
545106	1282	-51	7
545121	1256	-63	7
545136	1220	-57	7
545151	1188	-40	7
545166	1166	-20	7
545186	1152	4	7
545191	1152	21	7
545207	1166	21	7
545222	1174	7	7
545237	1179	-6	7
545253	1179	-15	7
545268	1170	-22	7
545283	1161	-23	7
545298	1148	-16	7
545303	1138	-12	7
545318	1130	-16	7
545333	1120	-20	7
545349	1112	-20	7
545364	1098	-24	7
545380	1084	-37	7
545396	1066	-44	7
545401	1040	-39	7
545416	1017	-41	7
545431	994	-51	7
545446	968	-50	7
545461	940	-44	7
545476	914	-42	7
545491	891	-37	7
545496	868	-40	7
545511	846	-47	7
545526	819	-52	7
545541	792	-42	7
545556	770	-35	7
545571	747	-40	7
545586	724	-49	7
545601	698	-39	7
545606	675	-32	7
545622	657	-38	7
545637	634	-38	7
545652	616	-35	7
545667	594	-34	7
545682	576	-34	7
545697	558	-28	7
545702	540	-24	7
545717	526	-26	7
545732	513	-34	7
545747	495	-38	7
545762	472	-41	7
545777	450	-41	7
545792	428	-38	7
545797	405	-34	7
545812	387	-43	7
545827	360	-49	7
545842	333	-41	7
545857	310	-34	7
545872	292	-42	7
545887	270	-48	7
545902	243	-37	7
545907	220	-33	7
545922	202	-35	7
545937	184	-30	7
545952	166	-32	7
545967	148	-39	7
545982	126	-41	7
546002	104	-36	7
546007	81	-37	7
546022	63	-43	7
546037	36	-41	7
546052	14	-34	7
546067	3596	-37	7
546082	3573	-38	7
546098	3555	-33	7
546113	3532	-33	7
546118	3514	-41	7
546133	3492	-50	7
546148	3465	-48	7
546163	3438	-39	7
546178	3416	-31	7
546193	3398	-28	7
546208	3384	-18	7
546213	3370	-8	7
546228	3366	-6	7
546243	3366	-5	7
546258	3362	-5	7
546273	3357	-8	7
546288	3352	-3	7
546303	3352	1	7
546308	3352	-7	7
546323	3348	-16	7
546338	3339	-14	7
546353	3334	-17	7
546369	3321	-29	7
546384	3308	-32	7
546399	3290	-26	7
546414	3276	-32	7
546419	3258	-45	7
546434	3231	-50	7
546449	3204	-30	7
546464	3186	5	7
546479	3186	39	7
546494	3208	59	7
546514	3240	48	7
546519	3267	21	7
546534	3280	1	7
546549	3280	-4	7
546564	3280	-9	7
546579	3276	-14	7
546594	3267	-16	7
546609	3258	-16	7
546624	3249	-23	7
546629	3236	-30	7
546644	3222	-32	7
546659	3204	-30	7
546674	3186	-30	7
546689	3168	-27	7
546704	3154	-23	7
546719	3141	-28	7
546724	3123	-32	7
546739	3105	-26	7
546754	3092	-24	7
546769	3078	-34	7
546785	3060	-40	7
546800	3038	-38	7
546815	3015	-33	7
546821	2997	-34	7
546836	2979	-35	7
546851	2956	-40	7
546866	2934	-48	7
546881	2907	-57	7
546896	2876	-63	7
546911	2840	-63	7
546926	2804	-59	7
546932	2772	-57	7
546947	2740	-52	7
546962	2709	-54	7
546977	2682	-53	7
546992	2650	-51	7
547007	2624	-40	7
547022	2601	-37	7
547027	2578	-32	7
547043	2560	-29	7
547058	2542	-34	7
547073	2524	-40	7
547088	2502	-29	7
547103	2488	-17	7
547118	2475	-19	7
547123	2466	-30	7
547138	2448	-37	7
547153	2430	-44	7
547168	2403	-47	7
547183	2376	-44	7
547198	2354	-44	7
547213	2326	-51	7
547233	2300	-55	7
547238	2268	-56	7
547253	2236	-59	7
547268	2205	-64	7
547283	2169	-64	7
547298	2133	-58	7
547313	2097	-49	7
547328	2070	-47	7
547333	2043	-52	7
547348	2016	-60	7
547363	1980	-60	7
547378	1948	-60	7
547393	1912	-54	7
547408	1886	-58	7
547423	1850	-61	7
547438	1818	-55	7
547443	1786	-45	7
547458	1760	-40	7
547473	1737	-42	7
547488	1714	-35	7
547503	1696	-33	7
547518	1678	-36	7
547538	1656	-40	7
547543	1634	-33	7
547558	1616	-32	7
547573	1598	-30	7
547588	1580	-33	7
547603	1562	-37	7
547618	1539	-41	7
547633	1516	-33	7
547638	1498	-25	7
547653	1485	-19	7
547668	1476	-19	7
547683	1462	-9	7
547698	1458	-2	7
547713	1458	-1	7
547728	1458	3	7
547743	1458	7	7
547748	1458	2	7
547764	1458	-14	7
547779	1458	-24	7
547794	1444	-29	7
547810	1426	-35	7
547825	1408	-46	7
547840	1382	-39	7
547845	1359	-25	7
547860	1346	-22	7
547875	1332	-32	7
547890	1314	-43	7
547905	1292	-66	7
547920	1251	-88	7
547935	1202	-97	7
547950	1148	-70	7
547955	1112	-15	7
547970	1102	49	7
547985	1125	90	7
548000	1174	91	7
548015	1228	50	7
548030	1256	3	7
548050	1256	-17	7
548055	1251	-23	7
548070	1238	-15	7
548085	1228	-8	7
548100	1224	-6	7
548115	1220	-17	7
548130	1210	-23	7
548145	1197	-19	7
548150	1188	-11	7
548165	1184	0	7
548180	1184	10	7
548195	1184	17	7
548210	1192	9	7
548225	1197	-10	7
548240	1197	-19	7
548255	1188	-17	7
548260	1174	-14	7
548276	1170	-9	7
548291	1166	-7	7
548306	1161	-13	7
548321	1152	-25	7
548336	1138	-27	7
548351	1125	-34	7
548356	1102	-51	7
548371	1076	-70	7
548386	1035	-68	7
548401	999	-52	7
548416	968	-39	7
548431	945	-22	7
548446	936	-7	7
548451	932	2	7
548466	932	-7	7
548481	927	-12	7
548496	922	-23	7
548511	909	-33	7
548526	891	-27	7
548541	873	-7	7
548561	868	2	7
548566	868	-4	7
548581	868	0	7
548596	868	6	7
548611	868	-4	7
548626	868	-17	7
548641	860	-24	7
548656	846	-20	7
548661	837	-12	7
548676	828	-10	7
548691	824	-7	7
548706	819	-15	7
548721	810	-19	7
548736	801	-8	7
548751	796	-7	7
548766	792	-25	7
548771	778	-51	7
548786	747	-55	7
548801	720	-42	7
548816	693	-32	7
548831	675	-13	7
548846	670	7	7
548866	670	16	7
548871	680	14	7
548886	684	14	7
548901	693	9	7
548916	698	-12	7
548931	698	-26	7
548946	680	-21	7
548961	670	-14	7
548966	662	-9	7
548981	657	-2	7
548996	657	0	7
549011	657	-7	7
549026	652	-17	7
549041	644	-16	7
549056	634	-25	7
549071	621	-44	7
549076	594	-54	7
549091	562	-46	7
549106	540	-29	7
549121	522	-15	7
549136	513	-6	7
549151	508	0	7
549166	508	-10	7
549171	504	-5	7
549186	500	7	7
549201	500	12	7
549216	508	1	7
549231	508	-9	7
549247	508	-5	7
549262	504	-4	7
549267	504	-8	7
549282	500	-5	7
549297	495	-5	7
549312	490	-16	7
549327	482	-17	7
549343	472	-4	7
549358	472	0	7
549378	472	-13	7
549383	464	-30	7
549398	446	-44	7
549413	423	-56	7
549428	392	-53	7
549443	360	-35	7
549458	342	-31	7
549473	324	-36	7
549478	306	-34	7
549493	284	-17	7
549508	274	-10	7
549523	270	-11	7
549538	266	-10	7
549553	256	-10	7
549568	252	-27	7
549584	238	-38	7
549589	216	-33	7
549604	198	-19	7
549620	184	-17	7
549636	176	-16	7
549652	166	-10	7
549668	162	-8	7
549683	158	0	7
549688	158	8	7
549703	158	3	7
549718	162	-11	7
549733	158	-17	7
549749	148	-9	7
549764	144	-1	7
549780	144	-1	7
549785	144	1	7
549800	144	-8	7
549815	140	-26	7
549830	122	-35	7
549846	104	-35	7
549861	86	-44	7
549876	58	-61	7
549891	27	-56	7
549896	3596	-21	7
549911	3582	17	7
549926	3586	42	7
549941	9	57	7
549956	45	55	7
549971	72	40	7
549986	94	18	7
549991	108	10	7
550006	112	10	7
550021	117	9	7
550036	122	8	7
550051	126	-2	7
550066	126	-17	7
550081	122	-32	7
550096	104	-43	7
550101	76	-62	7
550117	45	-80	7
550132	0	-77	7
550147	3555	-57	7
550162	3524	-40	7
550177	3501	-20	7
550192	3488	5	7
550197	3488	30	7
550212	3506	32	7
550227	3524	22	7
550242	3537	13	7
550257	3542	13	7
550273	3550	14	7
550288	3560	15	7
550293	3568	12	7
550308	3573	-1	7
550323	3573	-17	7
550338	3568	-34	7
550353	3546	-53	7
550368	3519	-67	7
550383	3478	-60	7
550398	3447	-43	7
550403	3424	-36	7
550418	3402	-33	7
550433	3384	-21	7
550448	3370	-15	7
550463	3362	-20	7
550478	3352	-31	7
550498	3334	-27	7
550503	3321	-18	7
550518	3308	-13	7
550533	3303	-25	7
550548	3290	-49	7
550563	3262	-73	7
550578	3218	-65	7
550593	3182	-30	7
550598	3168	12	7
550613	3168	36	7
550628	3190	38	7
550643	3208	34	7
550658	3231	20	7
550673	3240	4	7
550688	3244	-5	7
550703	3244	-15	7
550708	3236	-28	7
550723	3222	-41	7
550738	3195	-45	7
550753	3172	-51	7
550768	3141	-61	7
550783	3110	-68	7
550798	3069	-69	7
550803	3033	-71	7
550819	2992	-62	7
550834	2956	-39	7
550849	2934	-16	7
550864	2925	-7	7
550879	2920	3	7
550894	2920	6	7
550909	2925	1	7
550914	2925	-13	7
550929	2920	-14	7
550944	2912	-19	7
550959	2902	-44	7
550974	2876	-73	7
550990	2835	-90	7
551006	2786	-94	7
551012	2732	-83	7
551028	2686	-64	7
551044	2650	-32	7
551059	2632	-8	7
551074	2628	5	7
551089	2628	4	7
551104	2628	5	7
551109	2632	-2	7
551124	2632	-10	7
551139	2628	-11	7
551154	2624	-18	7
551169	2610	-29	7
551184	2596	-30	7
551199	2578	-23	7
551214	2565	-25	7
551219	2552	-26	7
551234	2538	-20	7
551249	2524	-13	7
551264	2520	-10	7
551279	2511	-8	7
551294	2506	1	7
551309	2506	-5	7
551314	2506	-21	7
551329	2493	-31	7
551344	2475	-36	7
551359	2457	-46	7
551374	2430	-61	7
551389	2398	-70	7
551409	2358	-77	7
551414	2313	-73	7
551429	2272	-55	7
551444	2241	-28	7
551459	2228	-1	7
551474	2228	12	7
551489	2228	24	7
551504	2241	19	7
551519	2254	5	7
551524	2254	-6	7
551539	2254	-17	7
551554	2246	-32	7
551569	2228	-32	7
551584	2210	-16	7
551599	2200	3	7
551614	2200	0	7
551619	2200	-18	7
551634	2192	-22	7
551649	2182	-20	7
551664	2169	-22	7
551679	2156	-21	7
551694	2146	-23	7
551709	2133	-35	7
551729	2110	-47	7
551734	2088	-50	7
551749	2056	-41	7
551764	2034	-23	7
551780	2020	-8	7
551795	2016	-2	7
551810	2016	-11	7
551825	2012	-19	7
551830	1998	-16	7
551845	1989	-15	7
551860	1980	-21	7
551875	1971	-28	7
551890	1953	-25	7
551905	1940	-19	7
551920	1930	-15	7
551925	1922	-19	7
551941	1912	-25	7
551956	1894	-36	7
551972	1876	-37	7
551987	1854	-27	7
552002	1840	-2	7
552017	1840	28	7
552032	1850	56	7
552037	1881	71	7
552052	1922	60	7
552067	1958	30	7
552082	1971	11	7
552097	1980	3	7
552112	1980	5	7
552127	1984	14	7
552132	1994	27	7
552147	2007	25	7
552163	2020	17	7
552178	2030	2	7
552193	2030	-13	7
552208	2030	-38	7
552223	2007	-46	7
552238	1980	-39	7
552243	1958	-16	7
552258	1948	9	7
552274	1953	26	7
552289	1966	26	7
552304	1980	6	7
552319	1984	-34	7
552334	1966	-63	7
552339	1935	-69	7
552354	1894	-61	7
552369	1858	-43	7
552384	1836	-20	7
552399	1822	5	7
552414	1822	16	7
552430	1832	8	7
552436	1836	-18	7
552451	1832	-52	7
552466	1800	-72	7
552481	1760	-65	7
552496	1724	-39	7
552511	1701	-15	7
552526	1692	0	7
552542	1692	1	7
552547	1692	-17	7
552562	1683	-51	7
552577	1656	-67	7
552592	1620	-64	7
552607	1584	-51	7
552622	1552	-37	7
552637	1534	-33	7
552642	1516	-40	7
552657	1494	-63	7
552672	1458	-84	7
552687	1408	-82	7
552702	1364	-67	7
552717	1328	-42	7
552737	1300	-2	7
552742	1300	44	7
552757	1323	79	7
552772	1368	89	7
552787	1418	73	7
552802	1458	42	7
552817	1480	0	7
552832	1480	-21	7
552847	1472	-8	7
552852	1467	22	7
552867	1476	41	7
552882	1498	45	7
552897	1526	42	7
552912	1548	43	7
552927	1575	51	7
552942	1602	59	7
552947	1634	54	7
552963	1665	46	7
552978	1692	56	7
552993	1724	75	7
553008	1764	82	7
553023	1809	80	7
553038	1854	75	7
553053	1899	64	7
553058	1935	39	7
553073	1958	5	7
553088	1958	-23	7
553103	1948	-60	7
553118	1917	-91	7
553133	1863	-96	7
553153	1809	-68	7
553158	1773	-22	7
553173	1760	14	7
553188	1764	28	7
553203	1782	22	7
553218	1791	0	7
553234	1791	-21	7
553249	1786	-30	7
553254	1768	-31	7
553269	1750	-6	7
553285	1746	30	7
553300	1760	47	7
553315	1786	26	7
553330	1800	-14	7
553345	1796	-46	7
553360	1773	-65	7
553365	1732	-64	7
553380	1696	-51	7
553395	1670	-27	7
553410	1656	-11	7
553425	1647	2	7
553440	1647	4	7
553455	1647	2	7
553460	1647	-5	7
553476	1647	1	7
553491	1647	23	7
553506	1660	42	7
553521	1683	42	7
553536	1706	25	7
553551	1719	1	7
553556	1724	-13	7
553571	1719	-16	7
553586	1710	-13	7
553601	1701	-22	7
553616	1688	-42	7
553631	1665	-60	7
553646	1634	-62	7
553666	1598	-53	7
553671	1566	-32	7
553686	1548	-17	7
553701	1539	-17	7
553716	1530	-34	7
553731	1512	-39	7
553746	1490	-20	7
553761	1476	0	7
553766	1476	6	7
553781	1476	-3	7
553796	1476	-17	7
553812	1472	-31	7
553827	1454	-36	7
553842	1431	-34	7
553857	1413	-29	7
553872	1395	-32	7
553877	1377	-41	7
553892	1354	-57	7
553907	1323	-70	7
553923	1282	-71	7
553938	1246	-57	7
553953	1210	-37	7
553969	1192	-30	7
553974	1174	-34	7
553989	1156	-32	7
554004	1138	-28	7
554019	1120	-27	7
554034	1107	-17	7
554049	1098	-5	7
554064	1094	-3	7
554069	1094	-9	7
554084	1089	-12	7
554099	1080	-19	7
554114	1071	-34	7
554129	1053	-45	7
554144	1026	-48	7
554159	999	-45	7
554174	972	-38	7
554179	954	-29	7
554194	936	-21	7
554209	922	-31	7
554224	904	-47	7
554239	882	-49	7
554254	850	-41	7
554269	828	-36	7
554274	810	-36	7
554289	788	-35	7
554304	770	-31	7
554319	752	-31	7
554334	734	-32	7
554349	716	-29	7
554369	702	-35	7
554384	680	-36	7
554389	662	-34	7
554404	639	-38	7
554419	621	-41	7
554434	598	-42	7
554449	572	-30	7
554464	558	-28	7
554479	540	-35	7
554484	522	-36	7
554499	500	-41	7
554514	477	-46	7
554529	450	-46	7
554544	428	-40	7
554559	405	-34	7
554574	382	-37	7
554580	364	-34	7
554595	342	-32	7
554610	324	-37	7
554625	306	-44	7
554640	279	-49	7
554655	252	-49	7
554670	225	-47	7
554685	198	-46	7
554690	171	-45	7
554705	148	-47	7
554720	122	-42	7
554735	99	-40	7
554750	76	-43	7
554765	50	-57	7
554785	18	-57	7
554790	3586	-47	7
554805	3560	-38	7
554820	3537	-39	7
554836	3519	-36	7
554851	3496	-33	7
554866	3478	-31	7
554881	3460	-34	7
554886	3442	-37	7
554901	3420	-37	7
554916	3402	-37	7
554931	3380	-32	7
554946	3362	-24	7
554961	3348	-14	7
554976	3339	-5	7
554991	3339	-1	7
554996	3334	-6	7
555011	3334	-10	7
555026	3326	-14	7
555041	3321	-21	7
555056	3308	-32	7
555071	3290	-43	7
555086	3267	-41	7
555091	3244	-31	7
555106	3226	-24	7
555121	3213	-27	7
555136	3195	-26	7
555151	3182	-19	7
555166	3172	-16	7
555182	3164	-21	7
555198	3150	-24	7
555204	3136	-26	7
555219	3123	-18	7
555234	3114	-8	7
555249	3110	-10	7
555264	3100	-19	7
555279	3092	-36	7
555294	3069	-47	7
555300	3046	-52	7
555316	3015	-47	7
555331	2988	-43	7
555346	2966	-43	7
555361	2938	-43	7
555376	2916	-41	7
555391	2894	-38	7
555396	2871	-38	7
555411	2848	-37	7
555426	2830	-38	7
555441	2808	-31	7
555456	2790	-30	7
555471	2772	-40	7
555486	2750	-44	7
555501	2727	-37	7
555506	2704	-33	7
555521	2686	-38	7
555536	2664	-38	7
555551	2646	-36	7
555566	2624	-32	7
555581	2606	-36	7
555602	2588	-44	7
555607	2560	-44	7
555622	2538	-47	7
555638	2511	-50	7
555653	2484	-57	7
555668	2448	-58	7
555683	2416	-47	7
555698	2390	-33	7
555703	2372	-22	7
555718	2358	-21	7
555733	2349	-20	7
555749	2336	-17	7
555764	2326	-19	7
555779	2318	-23	7
555794	2304	-22	7
555809	2290	-24	7
555814	2277	-24	7
555829	2264	-23	7
555844	2250	-24	7
555859	2236	-22	7
555874	2228	-21	7
555889	2214	-25	7
555904	2200	-31	7
555909	2182	-39	7
555924	2160	-39	7
555939	2138	-33	7
555954	2120	-29	7
555969	2102	-32	7
555984	2084	-36	7
555999	2066	-35	7
556014	2048	-40	7
556019	2025	-41	7
556034	1998	-42	7
556049	1976	-40	7
556064	1953	-40	7
556079	1930	-40	7
556094	1908	-33	7
556109	1890	-28	7
556114	1876	-25	7
556129	1858	-25	7
556144	1845	-29	7
556159	1832	-31	7
556174	1814	-31	7
556189	1796	-29	7
556209	1778	-25	7
556214	1764	-28	7
556230	1750	-32	7
556245	1732	-31	7
556260	1714	-27	7
556275	1696	-20	7
556290	1688	-8	7
556305	1683	14	7
556320	1688	38	7
556325	1710	50	7
556341	1737	50	7
556356	1764	45	7
556371	1791	33	7
556386	1809	24	7
556401	1822	22	7
556416	1836	24	7
556421	1850	21	7
556436	1858	14	7
556451	1868	8	7
556466	1872	0	7
556481	1872	-11	7
556496	1868	-30	7
556511	1854	-59	7
556526	1818	-80	7
556532	1773	-70	7
556547	1737	-32	7
556562	1719	9	7
556577	1719	39	7
556592	1742	53	7
556607	1768	48	7
556623	1796	28	7
556628	1814	8	7
556643	1818	-2	7
556658	1818	6	7
556674	1818	17	7
556689	1827	23	7
556704	1840	25	7
556719	1854	21	7
556724	1868	7	7
556739	1872	-14	7
556754	1868	-41	7
556769	1845	-66	7
556784	1809	-78	7
556799	1764	-73	7
556814	1724	-53	7
556829	1692	-33	7
556834	1674	-14	7
556849	1665	-4	7
556864	1665	-11	7
556880	1656	-20	7
556895	1647	-23	7
556911	1634	-21	7
556926	1620	-21	7
556931	1611	-22	7
556946	1598	-20	7
556961	1588	-17	7
556976	1575	-14	7
556991	1570	-19	7
557006	1557	-27	7
557021	1544	-38	7
557026	1521	-38	7
557041	1498	-29	7
557056	1485	-16	7
557071	1476	-4	7
557086	1472	4	7
557101	1472	6	7
557121	1476	4	7
557136	1476	-15	7
557141	1472	-40	7
557157	1449	-64	7
557173	1413	-74	7
557188	1372	-63	7
557203	1336	-37	7
557218	1314	-10	7
557233	1310	0	7
557238	1310	-6	7
557253	1305	-34	7
557268	1287	-72	7
557283	1246	-102	7
557298	1188	-102	7
557313	1134	-75	7
557328	1089	-28	7
557344	1076	16	7
557350	1080	39	7
557365	1102	29	7
557380	1116	-8	7
557395	1116	-44	7
557410	1094	-64	7
557425	1058	-65	7
557440	1022	-48	7
557445	994	-21	7
557460	981	0	7
557475	981	9	7
557490	981	2	7
557505	986	-8	7
557520	981	-21	7
557535	972	-30	7
557540	954	-35	7
557555	936	-41	7
557570	914	-43	7
557585	886	-39	7
557600	864	-29	7
557615	850	-26	7
557630	832	-28	7
557645	819	-38	7
557650	796	-43	7
557665	774	-54	7
557680	742	-53	7
557695	711	-43	7
557710	688	-25	7
557725	675	-9	7
557745	670	-5	7
557750	666	-11	7
557765	662	-15	7
557780	652	-13	7
557795	644	-15	7
557810	634	-23	7
557825	626	-25	7
557840	608	-17	7
557855	598	-16	7
557860	590	-18	7
557875	580	-31	7
557890	562	-35	7
557905	544	-27	7
557920	526	-24	7
557935	513	-28	7
557951	500	-25	7
557956	486	-20	7
557972	472	-23	7
557988	459	-25	7
558004	446	-25	7
558020	432	-28	7
558036	418	-33	7
558052	400	-41	7
558057	374	-47	7
558073	351	-43	7
558089	324	-27	7
558104	310	-18	7
558119	302	-20	7
558134	288	-27	7
558150	274	-27	7
558165	256	-21	7
558170	248	-20	7
558185	234	-27	7
558200	220	-34	7
558215	202	-30	7
558230	184	-23	7
558245	171	-18	7
558260	162	-21	7
558265	148	-30	7
558280	130	-31	7
558295	112	-20	7
558310	104	-15	7
558325	94	-25	7
558340	81	-27	7
558355	68	-13	7
558360	58	-6	7
558375	54	-19	7
558390	45	-34	7
558405	27	-34	7
558420	4	-31	7
558435	3586	-27	7
558450	3573	-18	7
558465	3564	8	7
558470	3564	38	7
558485	3586	47	7
558500	14	39	7
558515	32	21	7
558530	45	8	7
558546	50	1	7
558561	50	5	7
558566	54	5	7
558581	54	6	7
558596	58	8	7
558611	63	9	7
558626	68	-2	7
558641	68	-21	7
558656	58	-20	7
558671	50	-27	7
558676	32	-36	7
558691	14	-23	7
558706	0	17	7
558721	4	48	7
558736	32	60	7
558751	68	53	7
558766	94	35	7
558771	117	19	7
558786	126	13	7
558801	135	8	7
558816	140	-3	7
558831	140	-22	7
558846	130	-32	7
558861	112	-44	7
558866	86	-52	7
558881	58	-55	7
558896	27	-46	7
558912	0	-22	7
558927	3586	3	7
558942	3586	27	7
558957	0	58	7
558973	32	81	7
558978	76	89	7
558993	130	73	7
559008	171	42	7
559023	194	3	7
559039	194	-9	7
559054	194	0	7
559069	194	2	7
559074	194	-8	7
559089	189	-8	7
559104	184	-5	7
559119	184	-16	7
559134	176	-39	7
559149	153	-62	7
559169	117	-73	7
559174	76	-58	7
559189	45	-17	7
559204	36	34	7
559219	50	69	7
559234	90	72	7
559249	130	44	7
559264	153	-2	7
559279	153	-46	7
559284	130	-62	7
559299	94	-45	7
559314	72	-13	7
559329	63	7	7
559344	63	18	7
559359	72	18	7
559374	81	0	7
559379	81	-37	7
559394	68	-60	7
559409	32	-51	7
559424	4	-15	7
559439	3596	34	7
559454	9	76	7
559469	54	86	7
559489	104	83	7
559494	148	80	7
559509	194	69	7
559524	234	41	7
559539	256	17	7
559554	266	14	7
559569	274	15	7
559584	279	10	7
559589	288	5	7
559604	288	0	7
559619	288	-14	7
559634	284	-27	7
559649	270	-23	7
559664	256	8	7
559679	256	50	7
559684	288	78	7
559699	328	93	7
559714	382	92	7
559729	432	78	7
559744	477	64	7
559759	513	48	7
559774	540	27	7
559789	558	11	7
559794	562	14	7
559809	572	9	7
559824	576	-19	7
559839	567	-40	7
559854	544	-34	7
559869	526	-28	7
559889	513	-35	7
559894	490	-46	7
559909	464	-58	7
559924	432	-67	7
559939	396	-65	7
559954	360	-70	7
559969	320	-70	7
559984	279	-65	7
559999	243	-46	7
560004	216	-35	7
560019	198	-48	7
560034	171	-68	7
560049	130	-84	7
560064	86	-88	7
560079	36	-83	7
560094	3591	-62	7
560099	3555	-26	7
560114	3542	7	7
560129	3542	22	7
560144	3550	22	7
560159	3564	12	7
560174	3573	-14	7
560189	3568	-33	7
560194	3550	-33	7
560209	3528	-27	7
560224	3514	-23	7
560239	3501	-20	7
560254	3492	-21	7
560269	3478	-43	7
560289	3456	-62	7
560304	3420	-66	7
560309	3384	-60	7
560324	3348	-53	7
560339	3321	-39	7
560354	3298	-20	7
560370	3285	6	7
560385	3285	32	7
560400	3303	46	7
560405	3330	41	7
560420	3352	26	7
560435	3366	11	7
560450	3375	2	7
560465	3375	-1	7
560480	3375	-9	7
560495	3370	-13	7
560500	3366	-13	7
560515	3357	-20	7
560530	3348	-45	7
560545	3321	-58	7
560560	3290	-58	7
560575	3258	-69	7
560590	3218	-86	7
560605	3168	-83	7
560610	3123	-51	7
560625	3092	-8	7
560640	3087	30	7
560655	3100	40	7
560670	3123	25	7
560685	3136	3	7
560700	3141	-17	7
560705	3136	-41	7
560720	3110	-59	7
560735	3078	-53	7
560750	3046	-36	7
560765	3028	-34	7
560781	3010	-46	7
560796	2984	-52	7
560816	2952	-46	7
560821	2930	-50	7
560836	2898	-64	7
560852	2862	-71	7
560868	2826	-71	7
560883	2786	-72	7
560898	2745	-65	7
560913	2709	-61	7
560918	2673	-68	7
560933	2632	-72	7
560948	2592	-68	7
560963	2556	-62	7
560978	2520	-58	7
560993	2488	-57	7
561008	2457	-52	7
561013	2426	-54	7
561028	2398	-62	7
561043	2362	-56	7
561058	2331	-44	7
561073	2304	-37	7
561088	2286	-32	7
561103	2268	-29	7
561118	2250	-37	7
561123	2228	-46	7
561138	2205	-47	7
561153	2178	-42	7
561168	2156	-34	7
561183	2133	-35	7
561198	2115	-32	7
561213	2097	-31	7
561218	2079	-33	7
561233	2061	-42	7
561248	2038	-38	7
561263	2016	-34	7
561278	1998	-38	7
561293	1976	-36	7
561313	1953	-28	7
561318	1940	-23	7
561334	1926	-23	7
561349	1912	-22	7
561364	1899	-28	7
561380	1886	-38	7
561395	1863	-41	7
561410	1840	-33	7
561425	1822	-32	7
561430	1804	-31	7
561445	1786	-23	7
561460	1773	-19	7
561475	1764	-23	7
561490	1750	-25	7
561505	1737	-24	7
561520	1724	-32	7
561525	1706	-28	7
561540	1688	-24	7
561555	1674	-20	7
561570	1665	-14	7
561585	1656	-16	7
561600	1647	-19	7
561615	1638	-19	7
561630	1624	-16	7
561635	1616	-14	7
561650	1611	-14	7
561665	1602	-24	7
561680	1588	-43	7
561696	1562	-48	7
561711	1534	-34	7
561726	1516	-22	7
561731	1503	-19	7
561746	1494	-22	7
561761	1480	-28	7
561776	1467	-32	7
561791	1449	-20	7
561806	1436	4	7
561822	1436	22	7
561827	1449	42	7
561842	1472	53	7
561857	1503	50	7
561873	1530	30	7
561888	1548	17	7
561903	1557	11	7
561918	1562	-4	7
561933	1562	-21	7
561938	1552	-33	7
561953	1534	-32	7
561968	1516	-23	7
561983	1503	-20	7
561998	1490	-15	7
562013	1480	-12	7
562034	1476	-17	7
562039	1467	-29	7
562054	1449	-47	7
562069	1422	-64	7
562084	1386	-64	7
562099	1350	-40	7
562115	1328	-2	7
562131	1328	10	7
562146	1328	12	7
562152	1336	6	7
562168	1341	-8	7
562184	1341	-27	7
562199	1323	-33	7
562214	1305	-27	7
562229	1292	-23	7
562244	1278	-20	7
562249	1264	-19	7
562264	1256	-40	7
562280	1233	-69	7
562295	1192	-89	7
562311	1143	-88	7
562326	1094	-68	7
562341	1058	-40	7
562346	1035	-16	7
562362	1026	-2	7
562377	1022	-6	7
562392	1022	-27	7
562407	1004	-43	7
562422	981	-36	7
562437	958	-26	7
562452	945	-19	7
562457	936	-16	7
562472	927	-21	7
562487	914	-28	7
562502	900	-19	7
562518	886	-8	7
562533	882	-13	7
562548	878	-18	7
562553	864	-15	7
562568	860	-25	7
562583	842	-36	7
562598	824	-37	7
562613	801	-21	7
562628	792	-12	7
562643	783	-13	7
562648	778	-16	7
562663	770	-19	7
562678	756	-18	7
562693	747	-20	7
562708	734	-24	7
562723	720	-30	7
562739	706	-29	7
562754	688	-18	7
562759	680	-6	7
562774	675	-8	7
562789	670	-10	7
562804	666	-9	7
562819	662	-10	7
562835	652	-21	7
562850	644	-23	7
562855	630	-8	7
562870	626	-3	7
562885	626	-18	7
562900	612	-32	7
562915	594	-36	7
562930	576	-36	7
562945	554	-27	7
562960	540	-13	7
562965	531	-5	7
562980	531	-1	7
562995	531	5	7
563010	531	4	7
563025	531	-11	7
563040	526	-19	7
563055	518	-20	7
563060	504	-23	7
563075	495	-30	7
563090	477	-30	7
563105	459	-22	7
563120	446	-15	7
563135	436	-13	7
563150	432	-17	7
563155	423	-14	7
563170	414	-10	7
563185	410	-9	7
563200	405	-6	7
563215	400	-7	7
563230	396	-16	7
563245	387	-18	7
563265	378	-6	7
563270	374	-4	7
563285	369	-10	7
563300	364	-12	7
563315	360	-6	7
563330	356	-10	7
563345	351	-10	7
563360	342	-8	7
563365	338	-24	7
563380	324	-41	7
563395	302	-42	7
563410	279	-24	7
563425	266	-1	7
563440	266	30	7
563455	279	50	7
563460	306	52	7
563475	338	44	7
563491	360	36	7
563507	382	32	7
563522	400	27	7
563537	414	24	7
563552	428	35	7
563567	446	47	7
563572	472	46	7
563588	500	39	7
563603	522	37	7
563618	540	34	7
563633	562	6	7
563648	562	-29	7
563663	554	-46	7
563668	526	-54	7
563684	495	-42	7
563699	472	-6	7
563714	468	13	7
563730	472	15	7
563745	482	16	7
563760	490	21	7
563776	500	16	7
563781	508	5	7
563796	513	10	7
563811	518	12	7
563826	526	9	7
563841	531	9	7
563857	536	13	7
563872	544	14	7
563877	549	9	7
563892	558	-4	7
563907	558	-8	7
563922	554	-9	7
563937	549	-8	7
563952	544	1	7
563967	544	9	7
563972	544	10	7
563987	549	7	7
564002	554	11	7
564017	562	15	7
564032	572	14	7
564047	576	19	7
564062	590	21	7
564077	598	12	7
564082	608	-6	7
564097	608	-9	7
564112	603	-4	7
564127	598	-2	7
564142	598	11	7
564157	603	14	7
564177	608	-5	7
564182	608	-32	7
564197	594	-48	7
564212	567	-52	7
564227	536	-48	7
564242	508	-37	7
564257	486	-20	7
564272	477	-11	7
564287	472	-10	7
564292	464	-9	7
564307	459	0	7
564322	459	8	7
564337	459	16	7
564352	468	22	7
564367	482	13	7
564382	490	-6	7
564387	490	-28	7
564402	472	-39	7
564417	450	-37	7
564432	432	-34	7
564447	414	-14	7
564462	405	8	7
564477	405	12	7
564482	410	8	7
564497	414	16	7
564512	423	24	7
564527	436	10	7
564542	446	1	7
564558	446	-7	7
564573	446	-15	7
564593	436	-15	7
564598	428	-5	7
564613	423	15	7
564628	428	29	7
564643	446	47	7
564658	472	56	7
564673	504	45	7
564688	531	18	7
564693	540	-4	7
564708	540	-12	7
564723	536	-15	7
564738	526	-4	7
564753	522	16	7
564768	526	32	7
564783	544	31	7
564788	562	22	7
564803	576	13	7
564818	585	-2	7
564833	585	-24	7
564849	572	-34	7
564864	554	-43	7
564879	531	-53	7
564894	500	-48	7
564899	472	-28	7
564915	459	-20	7
564931	446	-24	7
564947	432	-14	7
564962	423	4	7
564977	423	14	7
564992	432	16	7
564997	441	12	7
565012	446	4	7
565027	450	8	7
565042	454	18	7
565057	464	30	7
565072	482	30	7
565087	495	21	7
565102	508	17	7
565107	518	14	7
565122	526	10	7
565138	531	15	7
565153	540	32	7
565168	558	33	7
565183	576	15	7
565198	585	-3	7
565203	585	-10	7
565218	580	-16	7
565233	572	-26	7
565248	558	-26	7
565263	544	-30	7
565278	526	-37	7
565293	504	-34	7
565298	486	-18	7
565313	477	-19	7
565328	468	-17	7
565343	454	0	7
565358	454	18	7
565373	464	26	7
565393	477	27	7
565408	490	33	7
565413	513	39	7
565428	531	34	7
565443	554	29	7
565458	567	29	7
565473	585	24	7
565488	598	12	7
565503	603	6	7
565508	608	7	7
565523	612	8	7
565538	616	13	7
565553	626	19	7
565568	634	14	7
565583	644	-5	7
565598	644	-15	7
565614	634	-18	7
565619	626	-28	7
565634	608	-34	7
565649	590	-35	7
565664	572	-32	7
565679	554	-41	7
565694	531	-40	7
565709	508	-27	7
565714	490	-16	7
565729	482	-12	7
565744	477	4	7
565759	477	12	7
565774	482	4	7
565789	482	-1	7
565809	482	3	7
565814	486	3	7
565829	486	2	7
565844	486	10	7
565859	495	16	7
565874	504	8	7
565889	508	-5	7
565904	508	-8	7
565919	504	-5	7
565924	500	-4	7
565940	500	-4	7
565956	495	-5	7
565971	495	-11	7
565986	486	-23	7
566001	472	-25	7
566016	459	-21	7
566021	450	-23	7
566036	436	-22	7
566051	423	-12	7
566066	414	-15	7
566081	410	-21	7
566096	396	-16	7
566111	387	-3	7
566116	387	-7	7
566131	382	-13	7
566146	374	-2	7
566161	374	6	7
566176	374	3	7
566191	374	2	7
566206	374	7	7
566221	378	9	7
566226	382	5	7
566241	387	8	7
566256	392	14	7
566272	400	22	7
566287	410	22	7
566302	423	23	7
566318	436	15	7
566323	446	-2	7
566338	446	-9	7
566353	441	-5	7
566368	441	-6	7
566383	436	-11	7
566398	432	-1	7
566413	432	11	7
566428	432	1	7
566433	432	-11	7
566448	432	-9	7
566463	428	-7	7
566478	423	2	7
566493	423	27	7
566508	432	52	7
566529	464	51	7
566534	490	44	7
566549	518	36	7
566564	536	21	7
566579	549	0	7
566594	549	-3	7
566609	549	16	7
566624	558	37	7
566629	576	46	7
566644	603	45	7
566659	630	33	7
566674	648	12	7
566689	652	-15	7
566704	648	-34	7
566719	630	-34	7
566734	612	-32	7
566739	594	-28	7
566755	576	-23	7
566770	562	-25	7
566785	549	-22	7
566800	536	-4	7
566815	536	4	7
566830	536	0	7
566835	536	-2	7
566850	536	16	7
566865	540	13	7
566881	549	-2	7
566896	549	-10	7
566911	544	-5	7
566926	544	-11	7
566931	536	-13	7
566946	531	-8	7
566961	526	-8	7
566976	522	-15	7
566991	513	-15	7
567007	504	-14	7
567022	495	-22	7
567037	482	-20	7
567042	472	-12	7
567057	464	-5	7
567072	464	-9	7
567087	459	-16	7
567102	450	-19	7
567117	436	-20	7
567137	428	-22	7
567142	414	-12	7
567157	410	4	7
567172	410	11	7
567187	414	1	7
567202	414	-7	7
567217	414	-13	7
567232	405	-27	7
567247	392	-29	7
567252	374	-17	7
567267	364	-18	7
567282	356	-18	7
567297	342	-7	7
567312	342	13	7
567327	342	18	7
567342	356	23	7
567347	364	35	7
567362	387	38	7
567377	410	31	7
567392	423	20	7
567407	436	10	7
567422	441	3	7
567437	446	2	7
567442	446	2	7
567457	446	1	7
567472	446	-7	7
567488	446	-3	7
567503	446	2	7
567518	446	-2	7
567533	446	-11	7
567553	436	-11	7
567558	432	-5	7
567573	428	-14	7
567588	423	-29	7
567603	405	-32	7
567618	387	-23	7
567633	374	-13	7
567648	369	1	7
567653	369	15	7
567668	374	25	7
567683	387	27	7
567698	400	22	7
567713	414	14	7
567728	423	4	7
567743	423	6	7
567758	428	12	7
567763	432	7	7
567778	436	-7	7
567793	436	-9	7
567808	432	-3	7
567823	432	6	7
567838	432	21	7
567853	441	38	7
567858	464	50	7
567873	490	48	7
567889	518	29	7
567904	536	16	7
567919	544	2	7
567934	544	-4	7
567949	544	2	7
567954	544	15	7
567969	554	23	7
567984	567	24	7
567999	580	24	7
568014	594	11	7
568029	598	-8	7
568044	598	-13	7
568064	590	-10	7
568069	585	-14	7
568084	576	-15	7
568099	567	-10	7
568114	562	-14	7
568129	554	-22	7
568144	544	-28	7
568159	526	-33	7
568164	508	-33	7
568179	490	-34	7
568195	472	-26	7
568210	454	-18	7
568225	446	-19	7
568240	436	-22	7
568256	423	-20	7
568261	414	-10	7
568276	405	-1	7
568291	405	5	7
568306	405	18	7
568322	414	20	7
568337	428	8	7
568352	432	-4	7
568367	432	-17	7
568372	423	-31	7
568387	405	-24	7
568402	392	-3	7
568417	392	13	7
568432	392	22	7
568447	405	29	7
568462	423	34	7
568467	441	28	7
568483	459	21	7
568498	468	25	7
568513	482	20	7
568528	495	9	7
568543	500	0	7
568558	500	-7	7
568574	500	-11	7
568579	495	-12	7
568594	486	-2	7
568609	486	10	7
568624	486	9	7
568639	490	5	7
568654	495	-1	7
568669	495	-3	7
568674	495	-5	7
568689	495	1	7
568704	495	11	7
568719	495	8	7
568735	500	-2	7
568750	500	-2	7
568765	500	-3	7
568770	500	-5	7
568785	500	-4	7
568800	495	1	7
568815	495	0	7
568830	495	0	7
568845	495	1	7
568866	495	1	7
568881	495	-1	7
568886	495	-3	7
568901	495	-4	7
568916	495	-11	7
568931	486	-25	7
568946	472	-29	7
568961	454	-23	7
568976	446	-13	7
568981	436	-9	7
568996	432	-10	7
569011	428	-7	7
569026	423	-2	7
569041	418	2	7
569056	418	10	7
569071	423	17	7
569076	432	15	7
569091	441	11	7
569107	446	13	7
569123	454	6	7
569139	459	4	7
569155	459	10	7
569171	468	6	7
569186	468	-4	7
569191	468	-4	7
569206	468	1	7
569222	468	2	7
569238	468	-4	7
569253	468	0	7
569269	468	2	7
569284	468	6	7
569289	468	4	7
569304	472	0	7
569319	472	-4	7
569334	472	-2	7
569349	472	5	7
569364	472	9	7
569379	477	7	7
569394	482	-1	7
569399	482	-6	7
569414	482	-15	7
569429	472	-21	7
569444	459	-25	7
569459	446	-25	7
569474	432	-24	7
569489	418	-30	7
569494	400	-28	7
569509	387	-21	7
569524	374	-23	7
569539	360	-25	7
569554	346	-16	7
569569	338	-7	7
569584	333	0	7
569589	333	7	7
569604	333	13	7
569619	342	11	7
569635	346	13	7
569650	356	20	7
569665	364	25	7
569680	378	26	7
569695	396	25	7
569700	410	13	7
569715	414	-3	7
569730	414	-14	7
569746	410	-10	7
569761	405	-1	7
569776	405	2	7
569791	405	3	7
569796	405	1	7
569811	405	-7	7
569826	405	-17	7
569842	392	-14	7
569857	387	6	7
569872	387	18	7
569887	396	22	7
569902	410	27	7
569907	423	32	7
569923	441	30	7
569938	459	31	7
569953	477	39	7
569968	495	44	7
569983	522	49	7
569998	549	55	7
570003	580	50	7
570018	608	39	7
570033	630	35	7
570048	648	32	7
570063	666	15	7
570078	675	-9	7
570093	675	-26	7
570098	662	-31	7
570114	644	-40	7
570129	621	-40	7
570144	598	-31	7
570159	580	-12	7
570174	576	2	7
570189	576	8	7
570209	576	8	7
570214	580	3	7
570229	580	-1	7
570244	580	0	7
570259	580	7	7
570274	585	12	7
570289	594	15	7
570304	598	21	7
570309	612	15	7
570324	621	1	7
570339	621	7	7
570354	626	15	7
570369	634	9	7
570384	639	0	7
570399	639	-9	7
570404	639	-19	7
570419	626	-25	7
570434	612	-21	7
570449	603	-12	7
570464	594	-9	7
570479	590	-9	7
570494	585	-4	7
570509	580	-11	7
570514	576	-17	7
570529	567	-18	7
570544	558	-10	7
570559	549	-4	7
570574	549	-11	7
570589	540	-12	7
570604	536	-10	7
570609	531	-6	7
570624	526	0	7
570639	526	14	7
570654	531	19	7
570669	540	11	7
570684	549	1	7
570704	549	-6	7
570719	549	-18	7
570724	540	-26	7
570739	522	-21	7
570754	513	-9	7
570769	508	-9	7
570784	500	-13	7
570799	495	-8	7
570814	490	-4	7
570819	486	-3	7
570834	486	-2	7
570849	486	5	7
570864	486	14	7
570879	490	23	7
570894	504	30	7
570910	522	28	7
570915	536	20	7
570930	549	21	7
570945	558	22	7
570960	572	23	7
570975	585	19	7
570990	594	21	7
571005	608	28	7
571020	626	16	7
571025	634	-3	7
571040	634	-10	7
571055	630	-13	7
571070	621	-16	7
571085	612	-23	7
571101	598	-20	7
571116	590	-22	7
571121	576	-22	7
571136	562	-15	7
571151	554	-11	7
571166	549	-18	7
571182	540	-23	7
571197	526	-17	7
571212	518	-13	7
571217	508	-12	7
571232	504	-2	7
571247	500	3	7
571262	500	1	7
571277	500	-3	7
571292	500	1	7
571312	500	9	7
571327	504	14	7
571332	513	16	7
571347	522	19	7
571363	531	15	7
571378	540	10	7
571393	544	10	7
571408	549	13	7
571423	558	1	7
571428	558	-12	7
571443	558	-5	7
571458	554	-3	7
571473	554	-4	7
571488	549	0	7
571503	549	14	7
571518	554	15	7
571533	562	7	7
571539	567	3	7
571554	567	2	7
571569	567	-5	7
571584	567	-6	7
571599	567	-5	7
571614	562	-3	7
571629	562	-4	7
571634	558	-5	7
571649	558	-13	7
571664	549	-21	7
571679	536	-27	7
571694	522	-21	7
571709	508	-19	7
571729	500	-21	7
571734	486	-20	7
571749	477	-9	7
571764	472	-10	7
571779	468	-22	7
571794	454	-20	7
571809	441	-10	7
571824	436	-9	7
571839	432	-2	7
571844	432	11	7
571859	432	20	7
571874	446	16	7
571889	454	17	7
571904	464	16	7
571919	472	11	7
571934	477	7	7
571939	482	8	7
571954	486	3	7
571969	486	-5	7
571984	486	-1	7
571999	486	4	7
572014	486	-1	7
572029	486	-1	7
572044	486	7	7
572049	490	7	7
572064	495	-9	7
572079	490	-20	7
572094	482	-17	7
572109	472	-9	7
572124	468	-14	7
572140	459	-18	7
572145	450	-13	7
572160	441	-18	7
572175	432	-33	7
572190	414	-36	7
572205	392	-29	7
572220	378	-25	7
572240	360	-18	7
572245	351	-12	7
572260	346	-22	7
572275	333	-25	7
572290	320	-7	7
572305	315	8	7
572320	315	6	7
572335	320	2	7
572350	320	10	7
572355	324	9	7
572370	328	2	7
572385	333	10	7
572400	338	20	7
572415	346	26	7
572430	364	23	7
572445	378	21	7
572450	387	22	7
572465	400	17	7
572480	410	4	7
572495	414	2	7
572510	414	10	7
572525	418	15	7
572540	428	22	7
572546	441	23	7
572561	454	17	7
572576	464	8	7
572591	468	8	7
572606	472	-3	7
572621	472	-19	7
572636	464	-20	7
572656	450	-12	7
572661	446	-21	7
572676	432	-29	7
572692	418	-20	7
572707	405	-13	7
572722	396	-22	7
572737	387	-28	7
572752	369	-22	7
572757	356	-15	7
572772	351	-16	7
572787	342	-11	7
572802	333	-5	7
572817	333	-7	7
572832	328	-5	7
572847	324	-1	7
572862	324	4	7
572867	324	8	7
572882	328	21	7
572897	338	39	7
572912	360	50	7
572927	387	54	7
572943	418	62	7
572958	454	65	7
572963	490	47	7
572978	518	28	7
572994	531	25	7
573009	544	23	7
573024	558	8	7
573039	562	7	7
573054	567	23	7
573059	580	23	7
573074	594	1	7
573089	594	-18	7
573104	590	-29	7
573119	572	-28	7
573134	558	-13	7
573149	549	6	7
573169	549	14	7
573174	558	22	7
573189	567	28	7
573204	585	20	7
573219	594	-6	7
573235	594	-14	7
573251	590	4	7
573267	590	22	7
573272	598	16	7
573288	608	5	7
573304	612	7	7
573320	616	2	7
573335	616	-11	7
573351	612	-12	7
573366	608	7	7
573371	608	19	7
573386	616	20	7
573402	630	20	7
573417	639	12	7
573432	648	7	7
573447	652	7	7
573462	652	6	7
573477	657	-9	7
573482	657	-20	7
573497	644	-11	7
573512	639	-2	7
573527	639	-5	7
573542	634	-5	7
573557	634	-7	7
573572	630	-15	7
573577	621	-26	7
573592	608	-27	7
573607	590	-19	7
573622	580	-14	7
573637	572	-14	7
573652	562	-7	7
573667	558	-10	7
573682	554	-19	7
573687	544	-23	7
573702	531	-14	7
573717	522	-7	7
573732	518	0	7
573747	518	17	7
573762	526	30	7
573777	540	22	7
573782	554	11	7
573797	558	12	7
573812	567	12	7
573827	572	4	7
573842	576	8	7
573857	580	12	7
573872	585	6	7
573877	590	-2	7
573892	590	3	7
573907	590	4	7
573922	594	1	7
573937	594	8	7
573952	598	14	7
573967	608	6	7
573982	608	-18	7
573987	603	-24	7
574002	590	-13	7
574017	580	-3	7
574032	580	-2	7
574047	580	-3	7
574062	576	-3	7
574077	576	-5	7
574082	572	-6	7
574097	572	-5	7
574112	567	-15	7
574127	558	-16	7
574142	549	0	7
574157	549	11	7
574173	554	6	7
574188	554	6	7
574193	558	18	7
574208	567	14	7
574223	576	4	7
574238	580	8	7
574253	585	24	7
574268	598	27	7
574288	612	14	7
574293	621	1	7
574308	621	-14	7
574323	616	-16	7
574338	608	-9	7
574353	603	-6	7
574368	598	-8	7
574383	594	-11	7
574388	590	-2	7
574403	590	-3	7
574418	585	-15	7
574434	576	-18	7
574449	567	-2	7
574464	567	9	7
574479	567	1	7
574494	567	-9	7
574499	567	-3	7
574514	567	-6	7
574529	562	-12	7
574544	554	-15	7
574559	544	-12	7
574574	540	-9	7
574589	536	2	7
574594	536	16	7
574609	540	14	7
574624	549	13	7
574639	558	21	7
574654	567	24	7
574669	580	9	7
574685	585	-4	7
574691	585	2	7
574707	585	13	7
574723	594	8	7
574739	598	6	7
574755	598	8	7
574771	603	11	7
574787	612	14	7
574802	621	17	7
574807	630	15	7
574822	639	7	7
574837	639	0	7
574852	639	2	7
574867	644	-4	7
574882	644	-13	7
574897	634	-11	7
574902	630	-9	7
574917	626	-24	7
574932	612	-32	7
574947	594	-24	7
574962	580	-14	7
574977	572	-16	7
574992	562	-18	7
575007	554	-17	7
575012	544	-16	7
575027	536	-16	7
575042	526	-12	7
575057	518	-10	7
575072	513	-15	7
575087	504	-10	7
575102	500	-1	7
575107	500	1	7
575122	500	-1	7
575137	500	8	7
575152	500	21	7
575167	513	24	7
575182	526	17	7
575197	536	9	7
575202	540	8	7
575217	544	0	7
575232	544	-11	7
575247	540	-10	7
575263	536	-11	7
575278	531	-7	7
575293	526	9	7
575308	526	18	7
575313	536	8	7
575329	540	4	7
575344	544	11	7
575359	549	13	7
575374	558	2	7
575389	558	0	7
575404	558	5	7
575409	562	1	7
575424	562	-5	7
575439	562	0	7
575454	562	4	7
575469	562	3	7
575485	562	-2	7
575500	562	-2	7
575520	562	-6	7
575525	562	-10	7
575540	554	-8	7
575555	549	-8	7
575570	544	-13	7
575585	540	-22	7
575601	526	-21	7
575616	513	-22	7
575621	504	-25	7
575636	490	-19	7
575651	477	-4	7
575667	477	0	7
575682	477	-6	7
575697	472	-2	7
575712	472	3	7
575717	472	-1	7
575732	472	-8	7
575747	468	3	7
575762	468	7	7
575777	468	8	7
575792	472	16	7
575807	482	13	7
575822	490	-4	7
575827	490	-21	7
575842	482	-19	7
575857	468	-13	7
575872	464	-13	7
575887	454	-16	7
575902	446	-14	7
575917	436	-14	7
575922	432	-17	7
575937	418	-21	7
575952	410	-17	7
575967	400	-13	7
575982	392	-7	7
575997	387	0	7
576012	387	1	7
576017	387	-8	7
576032	382	-5	7
576047	382	12	7
576062	382	22	7
576077	396	15	7
576093	405	15	7
576109	414	17	7
576125	423	9	7
576130	428	2	7
576145	428	6	7
576160	432	2	7
576175	432	-4	7
576190	432	-5	7
576206	432	-2	7
576221	432	0	7
576226	432	2	7
576241	432	12	7
576256	436	14	7
576271	441	6	7
576286	446	3	7
576301	450	-1	7
576316	450	-12	7
576336	446	-21	7
576341	432	-21	7
576356	423	-16	7
576372	414	-20	7
576387	400	-26	7
576402	387	-27	7
576417	369	-19	7
576432	360	-19	7
576437	351	-8	7
576452	346	1	7
576467	346	-7	7
576482	342	-16	7
576497	333	-14	7
576512	324	-20	7
576527	315	-37	7
576532	292	-45	7
576547	266	-34	7
576563	248	-23	7
576578	234	-18	7
576593	225	-8	7
576608	220	7	7
576623	220	18	7
576639	230	31	7
576644	248	39	7
576659	270	39	7
576674	292	35	7
576689	310	32	7
576704	328	26	7
576719	346	13	7
576734	351	13	7
576739	360	16	7
576754	369	10	7
576769	374	-11	7
576784	374	-31	7
576799	356	-32	7
576814	338	-27	7
576829	320	-25	7
576834	306	-17	7
576849	297	0	7
576864	297	4	7
576879	297	0	7
576894	297	-5	7
576909	297	-8	7
576924	292	-9	7
576944	288	5	7
576949	288	12	7
576964	292	4	7
576979	297	-9	7
576995	292	-13	7
577010	288	3	7
577025	288	24	7
577040	297	58	7
577045	328	100	7
577060	387	119	7
577075	454	104	7
577090	513	85	7
577105	558	69	7
577120	598	57	7
577135	630	42	7
577150	652	30	7
577155	670	18	7
577170	680	1	7
577185	684	-3	7
577200	684	3	7
577215	684	13	7
577230	688	23	7
577245	702	42	7
577250	724	57	7
577265	756	50	7
577280	788	40	7
577295	810	37	7
577310	828	30	7
577325	846	18	7
577340	855	7	7
577345	860	-6	7
577360	860	-22	7
577375	850	-28	7
577390	832	-18	7
577405	824	-6	7
577421	819	-1	7
577437	819	-1	7
577453	819	-4	7
577459	814	-17	7
577475	806	-28	7
577490	792	-24	7
577505	778	-2	7
577520	774	9	7
577535	778	9	7
577550	783	8	7
577555	788	4	7
577570	788	-1	7
577585	788	5	7
577600	792	21	7
577615	801	24	7
577630	814	17	7
577645	828	14	7
577660	832	9	7
577665	837	-4	7
577680	837	-12	7
577695	832	-13	7
577710	828	-16	7
577725	819	-20	7
577740	806	-14	7
577760	796	-8	7
577765	792	-11	7
577780	788	-18	7
577795	778	-23	7
577810	765	-31	7
577825	747	-36	7
577840	729	-37	7
577855	706	-29	7
577860	688	-13	7
577875	684	0	7
577890	684	14	7
577905	688	25	7
577920	702	23	7
577935	716	10	7
577950	720	8	7
577965	724	4	7
577970	724	8	7
577985	729	13	7
578000	738	13	7
578015	747	6	7
578030	747	-5	7
578045	747	-2	7
578060	747	-8	7
578065	742	-12	7
578080	738	-10	7
578095	734	-7	7
578110	729	-15	7
578125	720	-23	7
578140	706	-23	7
578160	693	-25	7
578165	680	-25	7
578180	666	-21	7
578195	652	-12	7
578210	648	-2	7
578225	644	3	7
578240	644	7	7
578255	648	9	7
578270	652	10	7
578275	657	6	7
578290	662	5	7
578305	666	6	7
578320	666	3	7
578335	670	3	7
578350	670	7	7
578365	675	1	7
578370	675	-3	7
578385	675	1	7
578400	675	5	7
578415	675	-1	7
578430	675	-6	7
578446	675	-1	7
578461	675	3	7
578476	675	-3	7
578481	675	-11	7
578496	670	-15	7
578511	662	-19	7
578526	652	-13	7
578541	644	-7	7
578556	639	-13	7
578576	634	-18	7
578581	621	-21	7
578596	612	-20	7
578611	598	-22	7
578626	585	-23	7
578641	576	-18	7
578656	562	-8	7
578672	558	-2	7
578677	558	2	7
578692	558	14	7
578707	562	19	7
578722	576	11	7
578737	580	2	7
578752	580	1	7
578767	580	5	7
578782	585	6	7
578787	590	8	7
578802	594	-1	7
578818	594	-14	7
578833	590	-12	7
578848	580	6	7
578863	580	18	7
578879	590	17	7
578884	598	12	7
578899	608	8	7
578914	612	0	7
578929	612	-8	7
578944	612	-14	7
578959	603	-18	7
578974	594	-24	7
578979	580	-22	7
578994	567	-16	7
579009	558	-10	7
579024	554	-10	7
579039	549	-9	7
579054	540	-4	7
579069	540	-3	7
579085	540	-6	7
579090	536	-4	7
579106	531	-3	7
579121	531	-5	7
579136	526	-1	7
579151	526	8	7
579166	526	0	7
579181	526	-6	7
579186	526	6	7
579201	526	17	7
579216	536	21	7
579231	549	21	7
579246	562	20	7
579261	572	18	7
579276	580	10	7
579297	590	1	7
579302	590	1	7
579317	590	3	7
579332	590	4	7
579347	594	2	7
579362	594	1	7
579377	594	-1	7
579392	594	-1	7
579397	594	3	7
579413	594	-3	7
579428	594	-15	7
579443	590	-13	7
579458	580	-9	7
579473	576	-14	7
579488	567	-21	7
579493	558	-20	7
579508	544	-16	7
579523	536	-14	7
579538	531	-6	7
579553	526	-4	7
579568	522	-15	7
579583	513	-27	7
579598	500	-22	7
579603	486	-13	7
579618	482	-8	7
579634	477	7	7
579649	477	14	7
579664	482	13	7
579679	490	7	7
579694	495	2	7
579699	495	2	7
579714	495	2	7
579729	500	0	7
579744	500	6	7
579759	500	9	7
579774	508	2	7
579789	508	-6	7
579804	508	-12	7
579809	500	-15	7
579824	495	-19	7
579839	482	-17	7
579854	472	-18	7
579869	464	-21	7
579884	450	-11	7
579904	446	-1	7
579909	446	-8	7
579924	441	-19	7
579939	428	-17	7
579955	418	-7	7
579970	414	1	7
579985	414	5	7
580001	414	16	7
580006	423	24	7
580021	436	17	7
580036	446	4	7
580051	450	-6	7
580067	450	-8	7
580082	446	-3	7
580097	446	4	7
580112	446	6	7
580117	446	2	7
580132	446	8	7
580147	450	13	7
580162	459	13	7
580178	464	-2	7
580194	464	-9	7
580210	464	-10	7
580215	459	-15	7
580231	450	-22	7
580247	436	-16	7
580263	428	-2	7
580280	428	2	7
580296	428	0	7
580311	428	-6	7
580316	423	-17	7
580332	414	-22	7
580338	400	-18	7
580353	392	-13	7
580368	387	-10	7
580384	378	-5	7
580399	378	4	7
580414	378	4	7
580419	378	-2	7
580434	378	-2	7
580449	378	6	7
580464	378	7	7
580480	382	3	7
580495	382	1	7
580510	382	0	7
580515	382	-12	7
580530	382	-16	7
580546	374	-5	7
580561	369	1	7
580576	369	3	7
580591	369	11	7
580606	374	14	7
580621	382	4	7
580626	382	-4	7
580641	382	-8	7
580656	382	-11	7
580671	374	-26	7
580686	360	-26	7
580701	346	-12	7
580716	338	-5	7
580721	338	-3	7
580736	333	14	7
580752	338	33	7
580767	356	42	7
580782	382	46	7
580797	405	49	7
580812	436	46	7
580817	459	33	7
580832	477	21	7
580847	490	16	7
580862	500	6	7
580877	504	-4	7
580893	504	-4	7
580908	504	-8	7
580928	500	-22	7
580933	486	-28	7
580948	468	-23	7
580963	459	-24	7
580978	446	-31	7
580993	428	-32	7
581008	410	-22	7
581023	396	-14	7
581028	387	-6	7
581043	382	9	7
581058	387	15	7
581073	396	12	7
581088	400	9	7
581103	405	15	7
581118	414	10	7
581123	418	5	7
581138	423	6	7
581153	428	3	7
581168	428	-7	7
581183	428	-11	7
581198	423	-13	7
581213	414	-19	7
581229	405	-29	7
581234	387	-36	7
581249	369	-39	7
581264	346	-43	7
581279	320	-39	7
581294	297	-25	7
581309	284	-16	7
581324	274	-18	7
581329	266	-20	7
581344	256	-10	7
581360	248	-16	7
581375	238	-31	7
581390	220	-39	7
581405	202	-32	7
581420	184	-21	7
581440	171	-6	7
581445	166	11	7
581460	171	15	7
581475	180	8	7
581490	184	15	7
581505	189	23	7
581520	202	23	7
581535	216	21	7
581540	230	24	7
581555	243	21	7
581570	252	7	7
581586	256	-1	7
581602	256	5	7
581618	261	11	7
581634	266	7	7
581639	270	1	7
581655	270	-18	7
581671	266	-51	7
581687	234	-77	7
581702	194	-81	7
581717	148	-69	7
581733	108	-62	7
581748	72	-49	7
581753	45	-36	7
581768	27	-35	7
581783	4	-45	7
581798	3582	-35	7
581813	3560	-16	7
581828	3550	-5	7
581843	3550	4	7
581848	3550	-2	7
581863	3550	-26	7
581878	3537	-49	7
581893	3510	-51	7
581908	3478	-34	7
581923	3460	-26	7
581938	3447	-20	7
581953	3434	-20	7
581958	3424	-27	7
581973	3406	-44	7
581989	3384	-40	7
582004	3362	-25	7
582020	3348	-16	7
582035	3339	-11	7
582050	3330	-6	7
582055	3330	-3	7
582070	3326	-8	7
582085	3321	-8	7
582100	3316	0	7
582115	3316	5	7
582130	3316	2	7
582145	3316	7	7
582150	3321	17	7
582165	3330	21	7
582180	3344	22	7
582196	3357	32	7
582212	3375	44	7
582227	3398	40	7
582242	3420	27	7
582257	3434	15	7
582262	3442	-6	7
582277	3442	-15	7
582292	3438	2	7
582307	3438	26	7
582322	3447	33	7
582337	3465	19	7
582352	3478	-5	7
582357	3478	-29	7
582372	3460	-42	7
582387	3438	-26	7
582402	3424	10	7
582418	3424	60	7
582433	3460	109	7
582448	3519	156	7
582453	9	184	7
582469	112	176	7
582484	212	141	7
582499	288	95	7
582514	342	56	7
582529	374	44	7
582544	400	64	7
582559	436	103	7
582564	495	117	7
582579	558	107	7
582594	621	88	7
582609	670	76	7
582624	711	73	7
582640	752	91	7
582655	806	116	7
582660	868	127	7
582675	940	117	7
582690	1008	108	7
582705	1066	102	7
582720	1125	92	7
582735	1174	80	7
582750	1220	68	7
582765	1260	51	7
582770	1287	42	7
582785	1314	48	7
582800	1341	54	7
582815	1368	42	7
582830	1395	15	7
582845	1400	-6	7
582860	1400	-18	7
582865	1390	-25	7
582880	1377	-7	7
582895	1372	19	7
582910	1382	32	7
582925	1400	20	7
582940	1408	-2	7
582956	1408	-22	7
582961	1400	-40	7
582976	1377	-50	7
582991	1350	-34	7
583006	1332	-2	7
583021	1328	34	7
583037	1346	69	7
583052	1382	88	7
583068	1431	84	7
583074	1480	72	7
583090	1521	63	7
583106	1557	42	7
583122	1580	13	7
583138	1588	2	7
583153	1588	12	7
583168	1593	23	7
583173	1606	13	7
583188	1616	1	7
583203	1616	8	7
583218	1620	30	7
583233	1638	59	7
583248	1670	77	7
583263	1714	61	7
583278	1746	31	7
583283	1764	17	7
583298	1773	26	7
583313	1791	34	7
583328	1809	38	7
583344	1832	42	7
583359	1854	40	7
583374	1876	23	7
583379	1890	5	7
583394	1890	0	7
583409	1890	-5	7
583424	1890	-11	7
583440	1886	-5	7
583455	1886	0	7
583470	1886	-6	7
583475	1881	-25	7
583490	1868	-39	7
583506	1845	-44	7
583521	1818	-30	7
583536	1804	-8	7
583551	1800	16	7
583566	1804	17	7
583581	1814	12	7
583586	1818	14	7
583601	1827	15	7
583616	1836	9	7
583631	1840	5	7
583646	1845	15	7
583661	1854	20	7
583676	1863	-5	7
583681	1863	-26	7
583696	1850	-29	7
583711	1836	-6	7
583726	1832	21	7
583741	1840	52	7
583756	1868	74	7
583776	1908	73	7
583781	1948	73	7
583796	1994	74	7
583811	2034	66	7
583826	2070	56	7
583841	2102	49	7
583856	2128	45	7
583872	2156	31	7
583888	2174	23	7
583893	2187	20	7
583908	2196	12	7
583923	2205	-9	7
583938	2200	-30	7
583953	2187	-31	7
583968	2169	-14	7
583983	2160	12	7
583988	2164	32	7
584003	2182	35	7
584018	2200	10	7
584033	2205	-1	7
584048	2205	7	7
584063	2210	21	7
584079	2223	18	7
584094	2232	14	7
584099	2241	17	7
584114	2250	5	7
584129	2250	-8	7
584144	2250	-5	7
584159	2250	3	7
584174	2250	5	7
584189	2250	1	7
584195	2250	-6	7
584210	2250	-16	7
584225	2241	-18	7
584240	2232	-5	7
584255	2228	17	7
584270	2232	31	7
584285	2250	37	7
584290	2272	44	7
584305	2295	42	7
584320	2322	18	7
584335	2331	-8	7
584350	2331	-5	7
584365	2326	3	7
584380	2326	9	7
584396	2331	19	7
584402	2340	36	7
584418	2362	41	7
584434	2385	39	7
584450	2408	58	7
584466	2439	70	7
584481	2480	75	7
584496	2520	81	7
584501	2565	83	7
584516	2610	66	7
584531	2650	49	7
584546	2678	45	7
584561	2700	39	7
584576	2722	22	7
584591	2736	14	7
584596	2745	11	7
584611	2750	2	7
584626	2750	-8	7
584641	2750	-5	7
584656	2750	1	7
584671	2750	0	7
584686	2750	-3	7
584701	2745	-3	7
584706	2745	-8	7
584722	2740	-25	7
584737	2727	-23	7
584752	2714	-10	7
584768	2709	-4	7
584784	2704	-14	7
584799	2700	-11	7
584805	2691	-3	7
584820	2691	-3	7
584835	2686	-5	7
584850	2686	-4	7
584865	2682	-1	7
584881	2682	0	7
584896	2682	0	7
584912	2682	-5	7
584917	2682	-15	7
584932	2673	-11	7
584947	2664	-1	7
584962	2664	3	7
584977	2664	-4	7
584992	2664	-5	7
585007	2660	2	7
585012	2660	-2	7
585027	2660	-11	7
585042	2655	-7	7
585057	2650	8	7
585072	2650	9	7
585087	2655	0	7
585102	2655	-2	7
585107	2655	-6	7
585122	2655	-8	7
585137	2650	0	7
585152	2650	10	7
585167	2655	9	7
585182	2660	4	7
585197	2660	5	7
585212	2664	3	7
585217	2664	-2	7
585232	2664	1	7
585247	2664	10	7
585262	2668	12	7
585277	2678	13	7
585292	2686	12	7
585312	2691	7	7
585317	2696	-3	7
585332	2696	-8	7
585347	2691	-3	7
585362	2691	-3	7
585377	2691	-10	7
585392	2682	-12	7
585407	2678	-11	7
585422	2673	-18	7
585427	2660	-22	7
585442	2650	-12	7
585457	2642	-1	7
585472	2642	-6	7
585487	2637	-7	7
585502	2632	3	7
585517	2632	1	7
585522	2632	-11	7
585537	2628	-12	7
585552	2624	-7	7
585567	2619	-7	7
585582	2614	-3	7
585597	2614	2	7
585612	2614	-2	7
585617	2614	-10	7
585632	2610	-12	7
585647	2601	-7	7
585662	2596	-11	7
585677	2592	-12	7
585692	2583	5	7
585712	2583	14	7
585727	2592	10	7
585732	2596	2	7
585747	2596	13	7
585762	2606	21	7
585778	2619	9	7
585794	2624	-3	7
585810	2624	-5	7
585826	2624	-4	7
585831	2619	1	7
585847	2619	4	7
585863	2619	5	7
585879	2619	-7	7
585895	2619	-8	7
585911	2614	-3	7
585926	2614	-11	7
585931	2610	-20	7
585946	2596	-12	7
585961	2592	-1	7
585976	2592	-2	7
585991	2588	-2	7
586006	2588	0	7
586021	2588	-7	7
586036	2583	-16	7
586041	2574	-15	7
586056	2565	-6	7
586072	2565	-2	7
586087	2560	-9	7
586102	2556	-8	7
586117	2552	-3	7
586132	2552	0	7
586137	2552	6	7
586152	2552	4	7
586167	2552	-9	7
586182	2552	-17	7
586197	2542	1	7
586212	2542	17	7
586227	2547	-2	7
586242	2547	-15	7
586247	2542	-1	7
586262	2542	21	7
586277	2552	18	7
586292	2560	5	7
586307	2560	4	7
586322	2565	5	7
586338	2570	0	7
586343	2570	-7	7
586358	2570	-10	7
586373	2560	-6	7
586388	2560	9	7
586403	2560	21	7
586418	2570	4	7
586433	2574	-11	7
586438	2570	-8	7
586453	2565	3	7
586468	2565	-11	7
586483	2560	-26	7
586498	2547	-20	7
586513	2538	-6	7
586528	2534	-10	7
586543	2529	-19	7
586548	2516	-13	7
586563	2511	-9	7
586578	2506	-11	7
586593	2498	-11	7
586608	2493	-15	7
586623	2484	-20	7
586638	2470	-8	7
586643	2466	10	7
586658	2470	6	7
586673	2475	-4	7
586688	2475	-1	7
586703	2475	10	7
586718	2475	2	7
586733	2475	-10	7
586738	2475	-10	7
586753	2470	4	7
586768	2470	12	7
586783	2475	14	7
586798	2484	20	7
586813	2493	20	7
586828	2506	13	7
586848	2511	10	7
586853	2520	10	7
586868	2524	4	7
586883	2524	7	7
586898	2529	14	7
586913	2538	8	7
586928	2542	-5	7
586943	2542	4	7
586948	2542	26	7
586963	2556	23	7
586978	2570	-6	7
586993	2570	-24	7
587008	2556	-25	7
587023	2542	-18	7
587038	2534	-6	7
587053	2529	3	7
587058	2529	-2	7
587073	2529	-8	7
587089	2524	-6	7
587104	2520	-8	7
587119	2516	-23	7
587134	2502	-23	7
587149	2493	-10	7
587154	2484	-6	7
587170	2484	-19	7
587186	2470	-18	7
587202	2462	-2	7
587218	2462	-1	7
587233	2462	-12	7
587248	2452	-13	7
587253	2444	1	7
587268	2444	10	7
587283	2448	8	7
587298	2452	0	7
587313	2452	-11	7
587328	2448	-13	7
587343	2444	-2	7
587358	2444	9	7
587363	2444	-2	7
587378	2444	0	7
587393	2444	21	7
587408	2452	34	7
587423	2470	16	7
587438	2480	3	7
587453	2484	10	7
587458	2488	23	7
587473	2502	24	7
587488	2516	19	7
587503	2524	11	7
587518	2534	7	7
587533	2538	7	7
587548	2538	8	7
587563	2542	7	7
587568	2547	7	7
587583	2552	13	7
587598	2560	13	7
587613	2565	4	7
587628	2570	-9	7
587643	2570	-6	7
587663	2565	-1	7
587668	2565	-17	7
587683	2556	-28	7
587698	2538	-21	7
587713	2529	-18	7
587728	2516	-23	7
587743	2502	-29	7
587758	2488	-23	7
587763	2475	-24	7
587778	2462	-21	7
587793	2448	-11	7
587808	2444	-2	7
587823	2444	2	7
587838	2444	11	7
587853	2444	18	7
587868	2457	14	7
587873	2462	4	7
587889	2466	8	7
587905	2470	9	7
587920	2475	12	7
587935	2484	16	7
587951	2493	20	7
587966	2502	20	7
587971	2516	15	7
587986	2520	18	7
588001	2534	25	7
588016	2547	23	7
588031	2560	19	7
588046	2570	19	7
588061	2578	24	7
588066	2592	17	7
588081	2606	14	7
588096	2610	18	7
588111	2624	7	7
588126	2624	-10	7
588141	2624	-9	7
588157	2619	-3	7
588172	2619	1	7
588177	2619	-2	7
588192	2614	2	7
588208	2614	0	7
588223	2614	-2	7
588238	2614	-2	7
588253	2614	0	7
588269	2614	-11	7
588274	2610	-17	7
588289	2601	-17	7
588304	2592	-19	7
588319	2578	-21	7
588334	2570	-8	7
588349	2565	10	7
588364	2565	8	7
588384	2570	-2	7
588389	2570	6	7
588404	2570	28	7
588419	2588	29	7
588434	2606	14	7
588449	2610	19	7
588464	2624	35	7
588479	2642	41	7
588484	2664	38	7
588499	2686	28	7
588514	2700	26	7
588530	2718	30	7
588546	2732	39	7
588561	2754	26	7
588576	2772	4	7
588581	2772	9	7
588596	2776	22	7
588611	2790	11	7
588626	2794	-10	7
588642	2794	-14	7
588658	2786	-3	7
588673	2786	-8	7
588688	2781	-23	7
588693	2768	-25	7
588708	2754	-14	7
588724	2745	-5	7
588739	2740	-13	7
588755	2736	-24	7
588770	2722	-32	7
588785	2704	-32	7
588790	2686	-21	7
588806	2673	-20	7
588821	2664	-21	7
588836	2650	-6	7
588851	2646	20	7
588866	2655	22	7
588881	2668	9	7
588886	2673	12	7
588901	2678	33	7
588916	2696	45	7
588931	2722	39	7
588946	2745	38	7
588962	2768	38	7
588977	2786	39	7
588992	2808	34	7
588997	2830	27	7
589012	2844	14	7
589027	2853	18	7
589042	2862	23	7
589057	2876	18	7
589072	2884	2	7
589087	2884	0	7
589092	2884	13	7
589107	2894	19	7
589122	2902	5	7
589137	2907	-6	7
589152	2907	-7	7
589167	2902	-11	7
589182	2898	-28	7
589197	2880	-33	7
589202	2862	-24	7
589217	2848	-9	7
589233	2844	6	7
589248	2844	6	7
589263	2848	-4	7
589278	2848	-17	7
589293	2840	-16	7
589298	2830	-14	7
589313	2822	-21	7
589329	2812	-16	7
589344	2804	5	7
589359	2804	22	7
589374	2812	15	7
589389	2822	11	7
589394	2826	17	7
589409	2835	22	7
589425	2848	23	7
589440	2862	24	7
589456	2876	22	7
589471	2889	21	7
589486	2898	28	7
589501	2916	30	7
589506	2934	16	7
589521	2943	1	7
589536	2943	2	7
589551	2943	7	7
589566	2948	-3	7
589581	2948	-14	7
589596	2943	-7	7
589601	2938	11	7
589616	2938	14	7
589632	2948	1	7
589647	2948	-7	7
589662	2948	-18	7
589677	2938	-22	7
589692	2925	-20	7
589712	2916	-23	7
589717	2902	-23	7
589732	2889	-12	7
589747	2880	4	7
589763	2880	-6	7
589778	2880	-20	7
589794	2871	-21	7
589809	2858	-13	7
589814	2848	-16	7
589830	2840	-23	7
589845	2830	-16	7
589860	2822	-1	7
589875	2817	17	7
589890	2826	19	7
589905	2835	26	7
589910	2848	26	7
589925	2866	30	7
589940	2880	31	7
589955	2898	37	7
589970	2920	30	7
589986	2938	32	7
590001	2956	41	7
590016	2979	32	7
590021	2997	10	7
590036	3002	3	7
590051	3002	17	7
590066	3010	17	7
590082	3024	5	7
590097	3024	1	7
590112	3024	1	7
590117	3024	0	7
590132	3024	-4	7
590147	3024	-5	7
590162	3024	-3	7
590177	3024	1	7
590192	3024	10	7
590207	3024	8	7
590212	3028	-7	7
590227	3028	-13	7
590242	3024	-7	7
590257	3020	-1	7
590272	3020	-8	7
590287	3015	-12	7
590302	3006	1	7
590317	3006	7	7
590322	3006	-2	7
590337	3006	-3	7
590352	3006	4	7
590368	3006	6	7
590383	3010	-4	7
590398	3010	-9	7
590413	3006	-18	7
590418	2997	-23	7
590433	2984	-14	7
590448	2974	0	7
590463	2974	-2	7
590478	2974	-3	7
590493	2974	11	7
590508	2974	24	7
590523	2988	23	7
590528	3002	17	7
590543	3010	22	7
590558	3024	24	7
590573	3038	18	7
590588	3046	8	7
590603	3051	4	7
590623	3056	3	7
590629	3056	9	7
590644	3060	20	7
590659	3074	13	7
590674	3078	3	7
590689	3082	-4	7
590704	3082	-3	7
590719	3082	-12	7
590724	3074	-26	7
590739	3060	-19	7
590754	3051	-2	7
590769	3046	-4	7
590785	3046	-10	7
590801	3042	-6	7
590816	3038	0	7
590831	3038	-7	7
590836	3033	-14	7
590851	3024	-20	7
590866	3015	-29	7
590881	2997	-20	7
590896	2988	-3	7
590911	2984	8	7
590926	2984	2	7
590931	2988	5	7
590946	2988	17	7
590961	2997	18	7
590976	3010	3	7
590991	3010	0	7
591006	3010	6	7
591021	3015	15	7
591036	3024	15	7
591041	3028	16	7
591057	3038	16	7
591072	3046	11	7
591087	3056	6	7
591102	3060	0	7
591117	3060	-10	7
591132	3056	-18	7
591137	3046	-2	7
591152	3046	8	7
591167	3046	5	7
591182	3046	6	7
591197	3051	13	7
591212	3060	1	7
591232	3060	-17	7
591237	3056	-20	7
591252	3042	-10	7
591268	3038	-12	7
591283	3028	-15	7
591298	3024	-7	7
591314	3020	-1	7
591330	3020	-3	7
591346	3015	-5	7
591351	3015	-7	7
591366	3010	-20	7
591381	2997	-27	7
591396	2984	-13	7
591411	2974	-4	7
591426	2974	-7	7
591442	2970	-7	7
591447	2966	7	7
591463	2966	16	7
591478	2974	9	7
591493	2979	5	7
591508	2984	13	7
591523	2988	13	7
591538	2997	10	7
591543	3002	12	7
591558	3010	14	7
591573	3015	13	7
591588	3024	18	7
591603	3033	23	7
591618	3046	11	7
591633	3056	-2	7
591648	3056	1	7
591653	3056	3	7
591668	3056	-10	7
591683	3051	-15	7
591698	3046	-5	7
591713	3042	3	7
591728	3042	-6	7
591743	3042	-17	7
591748	3028	-24	7
591763	3015	-23	7
591778	3006	-19	7
591793	2992	-8	7
591808	2988	-7	7
591823	2984	-14	7
591838	2979	-18	7
591853	2966	-12	7
591858	2961	-18	7
591873	2952	-24	7
591888	2938	-15	7
591903	2930	1	7
591918	2930	3	7
591933	2930	4	7
591948	2930	17	7
591953	2938	21	7
591968	2952	10	7
591983	2956	7	7
591998	2961	11	7
592013	2966	11	7
592028	2970	9	7
592043	2979	17	7
592048	2988	18	7
592063	2997	13	7
592078	3006	16	7
592093	3015	24	7
592108	3028	17	7
592123	3038	0	7
592139	3038	-9	7
592159	3033	-4	7
592164	3033	-3	7
592179	3033	-5	7
592194	3028	4	7
592209	3028	12	7
592224	3033	8	7
592239	3038	5	7
592254	3042	6	7
592259	3042	-2	7
592274	3042	-15	7
592289	3038	-11	7
592305	3033	-6	7
592320	3028	-14	7
592335	3020	-19	7
592350	3010	-6	7
592355	3006	1	7
592370	3006	-12	7
592385	3002	-18	7
592400	2992	-16	7
592415	2984	-20	7
592430	2970	-21	7
592445	2956	-9	7
592460	2952	0	7
592465	2952	3	7
592480	2952	8	7
592495	2956	16	7
592510	2966	15	7
592525	2974	9	7
592540	2979	21	7
592560	2988	31	7
592565	3006	27	7
592580	3024	15	7
592595	3033	18	7
592610	3042	22	7
592625	3056	11	7
592640	3060	1	7
592655	3060	5	7
592670	3064	2	7
592675	3064	-5	7
592691	3064	-4	7
592706	3064	-1	7
592722	3064	-9	7
592738	3056	-11	7
592754	3051	-5	7
592770	3046	-7	7
592775	3046	-21	7
592791	3033	-25	7
592807	3020	-28	7
592823	3002	-48	7
592838	2974	-68	7
592853	2938	-72	7
592868	2898	-63	7
592873	2862	-49	7
592889	2835	-28	7
592904	2817	5	7
592919	2817	24	7
592934	2830	39	7
592949	2853	49	7
592964	2880	55	7
592979	2912	48	7
592984	2938	47	7
592999	2966	57	7
593014	2997	56	7
593029	3028	46	7
593044	3056	49	7
593059	3082	57	7
593074	3114	47	7
593079	3141	26	7
593094	3154	21	7
593109	3168	20	7
593124	3177	8	7
593139	3182	1	7
593155	3182	3	7
593170	3186	0	7
593185	3186	-12	7
593190	3182	-7	7
593205	3177	-2	7
593220	3177	-11	7
593235	3172	-16	7
593250	3164	-9	7
593265	3154	-13	7
593280	3150	-28	7
593285	3132	-29	7
593301	3118	-18	7
593316	3105	-19	7
593331	3096	-19	7
593346	3087	-11	7
593361	3078	-4	7
593376	3078	1	7
593381	3078	6	7
593396	3078	17	7
593411	3087	14	7
593426	3096	6	7
593441	3096	5	7
593456	3100	13	7
593471	3110	14	7
593486	3114	8	7
593491	3118	17	7
593506	3132	20	7
593521	3141	6	7
593536	3146	0	7
593551	3146	2	7
593566	3146	2	7
593581	3146	1	7
593586	3146	9	7
593601	3154	11	7
593616	3159	-5	7
593631	3159	-17	7
593646	3150	-14	7
593661	3141	-13	7
593676	3136	-23	7
593681	3123	-23	7
593696	3110	-12	7
593711	3100	-13	7
593726	3096	-20	7
593741	3082	-18	7
593756	3074	-14	7
593771	3064	-24	7
593791	3051	-32	7
593796	3033	-23	7
593811	3020	-18	7
593826	3010	-14	7
593841	3002	-5	7
593856	3002	10	7
593871	3002	10	7
593886	3006	12	7
593891	3015	24	7
593906	3028	25	7
593921	3042	17	7
593936	3051	14	7
593951	3060	25	7
593966	3074	20	7
593981	3087	9	7
593996	3092	10	7
594001	3096	16	7
594016	3105	5	7
594031	3110	0	7
594046	3110	3	7
594061	3110	1	7
594076	3110	-1	7
594091	3110	0	7
594096	3110	3	7
594112	3110	-5	7
594127	3110	-13	7
594142	3105	-14	7
594157	3096	-15	7
594172	3087	-26	7
594187	3074	-27	7
594192	3060	-16	7
594207	3051	-20	7
594222	3038	-28	7
594237	3024	-27	7
594252	3006	-17	7
594268	2997	-22	7
594283	2984	-27	7
594303	2970	-17	7
594308	2961	-9	7
594323	2956	-9	7
594338	2952	-3	7
594353	2948	2	7
594368	2948	0	7
594384	2948	4	7
594399	2948	16	7
594404	2956	24	7
594419	2970	20	7
594435	2984	17	7
594450	2992	23	7
594465	3006	16	7
594480	3015	6	7
594495	3015	3	7
594500	3020	9	7
594515	3024	6	7
594530	3028	3	7
594545	3028	9	7
594560	3033	19	7
594575	3046	14	7
594590	3051	14	7
594606	3060	14	7
594611	3069	9	7
594626	3074	-2	7
594641	3074	0	7
594656	3074	1	7
594671	3074	-11	7
594686	3069	-18	7
594701	3060	-10	7
594706	3056	-5	7
594721	3051	-13	7
594736	3046	-9	7
594751	3038	-4	7
594766	3038	-9	7
594781	3033	-17	7
594796	3024	-20	7
594811	3010	-22	7
594816	2997	-31	7
594831	2984	-28	7
594846	2966	-20	7
594861	2956	-16	7
594876	2948	-15	7
594891	2938	-2	7
594911	2934	9	7
594916	2938	7	7
594931	2943	3	7
594946	2943	8	7
594961	2948	8	7
594976	2952	-1	7
594991	2952	0	7
595006	2952	12	7
595011	2956	13	7
595026	2966	7	7
595041	2970	14	7
595056	2979	14	7
595071	2984	7	7
595086	2988	6	7
595101	2992	10	7
595116	2997	5	7
595121	3002	-4	7
595136	3002	4	7
595151	3002	9	7
595166	3006	0	7
595181	3006	-5	7
595196	3006	3	7
595211	3006	6	7
595216	3006	-5	7
595231	3006	-17	7
595246	3002	-17	7
595261	2988	-17	7
595276	2979	-22	7
595291	2970	-15	7
595311	2961	-9	7
595326	2956	-19	7
595331	2943	-24	7
595346	2930	-14	7
595361	2920	-15	7
595376	2916	-24	7
595391	2902	-20	7
595406	2889	-2	7
595421	2889	-1	7
595426	2889	-3	7
595441	2884	2	7
595456	2884	12	7
595471	2889	6	7
595486	2894	8	7
595501	2898	11	7
595516	2902	1	7
595522	2902	-8	7
595538	2902	-3	7
595554	2902	4	7
595569	2902	1	7
595584	2902	3	7
595599	2902	8	7
595614	2907	10	7
595629	2912	-5	7
595634	2912	-12	7
595649	2907	-3	7
595664	2907	-5	7
595679	2902	-14	7
595694	2894	-10	7
595709	2889	4	7
595724	2889	2	7
595729	2889	-3	7
595744	2889	-4	7
595759	2889	-7	7
595774	2884	-19	7
595789	2876	-17	7
595804	2866	-9	7
595819	2858	-17	7
595824	2848	-22	7
595839	2840	-7	7
595854	2835	-2	7
595869	2830	-5	7
595884	2830	0	7
595899	2830	20	7
595919	2835	19	7
595934	2848	8	7
595939	2853	10	7
595954	2858	18	7
595969	2866	20	7
595984	2880	19	7
595999	2889	31	7
596014	2907	36	7
596029	2930	32	7
596034	2948	28	7
596049	2961	32	7
596064	2979	23	7
596079	2992	7	7
596095	2997	8	7
596110	3002	9	7
596125	3006	-8	7
596140	3006	-16	7
596145	2997	-4	7
596160	2992	-1	7
596175	2992	-12	7
596190	2988	-16	7
596206	2979	-10	7
596222	2970	-19	7
596237	2961	-26	7
596242	2948	-21	7
596257	2934	-15	7
596272	2925	-24	7
596287	2912	-22	7
596303	2902	-17	7
596318	2889	-22	7
596333	2880	-28	7
596338	2862	-17	7
596353	2853	-1	7
596368	2853	-2	7
596383	2853	-2	7
596398	2848	8	7
596413	2853	14	7
596428	2858	7	7
596443	2862	5	7
596448	2866	13	7
596463	2871	14	7
596478	2880	6	7
596493	2884	11	7
596508	2889	13	7
596523	2898	5	7
596539	2902	7	7
596544	2902	16	7
596559	2912	13	7
596574	2920	-4	7
596589	2920	2	7
596604	2920	14	7
596619	2930	4	7
596639	2930	-5	7
596644	2930	4	7
596659	2930	5	7
596674	2934	-2	7
596689	2934	-1	7
596705	2934	3	7
596720	2934	-5	7
596735	2934	-13	7
596750	2925	-8	7
596755	2920	-8	7
596770	2916	-21	7
596785	2907	-26	7
596800	2889	-14	7
596815	2884	-9	7
596830	2876	-21	7
596845	2866	-25	7
596850	2853	-21	7
596865	2840	-22	7
596881	2826	-28	7
596897	2812	-17	7
596913	2804	-12	7
596929	2794	-11	7
596945	2790	-4	7
596960	2786	5	7
596965	2786	7	7
596980	2790	6	7
596995	2794	19	7
597010	2804	26	7
597026	2817	11	7
597042	2826	6	7
597057	2826	24	7
597062	2840	25	7
597077	2858	17	7
597092	2866	19	7
597107	2876	35	7
597122	2894	35	7
597137	2916	30	7
597152	2934	34	7
597157	2952	32	7
597172	2970	20	7
597187	2979	12	7
597202	2988	8	7
597217	2992	-3	7
597232	2992	-17	7
597247	2984	-14	7
597262	2974	-5	7
597267	2974	-18	7
597282	2966	-30	7
597297	2948	-13	7
597312	2938	-9	7
597327	2934	-27	7
597342	2920	-29	7
597357	2902	-11	7
597363	2898	-8	7
597378	2894	-14	7
597393	2884	-15	7
597408	2876	-10	7
597423	2871	-12	7
597438	2862	-8	7
597453	2858	-3	7
597468	2858	-3	7
597473	2858	-5	7
597488	2853	13	7
597503	2858	35	7
597518	2876	36	7
597533	2898	33	7
597548	2916	45	7
597563	2938	52	7
597568	2970	37	7
597583	2988	29	7
597598	3006	35	7
597613	3024	35	7
597628	3046	25	7
597643	3060	31	7
597663	3078	36	7
597668	3096	28	7
597683	3114	16	7
597698	3123	19	7
597713	3132	6	7
597728	3136	-12	7
597743	3132	-13	7
597758	3128	-1	7
597773	3128	-5	7
597778	3123	-18	7
597793	3114	-17	7
597808	3105	-16	7
597823	3096	-25	7
597838	3078	-22	7
597853	3069	-8	7
597868	3064	-5	7
597873	3060	-12	7
597888	3056	-2	7
597903	3051	5	7
597918	3051	-4	7
597933	3051	-11	7
597948	3046	-2	7
597963	3046	6	7
597968	3046	-6	7
597983	3046	-4	7
597998	3042	17	7
598013	3051	26	7
598028	3064	21	7
598043	3074	30	7
598063	3092	30	7
598078	3110	23	7
598083	3123	14	7
598098	3132	18	7
598113	3141	11	7
598128	3146	-3	7
598143	3146	7	7
598158	3150	22	7
598173	3159	15	7
598179	3168	6	7
598194	3172	22	7
598209	3186	24	7
598224	3200	10	7
598239	3204	1	7
598255	3204	9	7
598270	3208	6	7
598285	3213	-8	7
598290	3213	-14	7
598305	3204	-13	7
598321	3200	-16	7
598337	3190	-17	7
598353	3177	-14	7
598369	3172	-18	7
598384	3159	-29	7
598389	3146	-19	7
598404	3132	-11	7
598419	3128	-21	7
598434	3114	-35	7
598449	3096	-23	7
598464	3082	-12	7
598480	3078	-26	7
598485	3060	-24	7
598500	3046	-2	7
598515	3046	7	7
598530	3046	-4	7
598545	3046	-4	7
598560	3046	8	7
598575	3046	9	7
598590	3051	11	7
598595	3060	19	7
598610	3069	27	7
598625	3082	25	7
598640	3100	29	7
598655	3114	39	7
598670	3136	25	7
598685	3150	12	7
598690	3159	22	7
598705	3168	27	7
598720	3186	5	7
598735	3186	-10	7
598750	3186	1	7
598765	3186	6	7
598780	3186	-2	7
598785	3186	-6	7
598800	3186	-1	7
598815	3186	0	7
598830	3186	-6	7
598845	3182	2	7
598860	3182	4	7
598875	3182	-9	7
598895	3182	-11	7
598900	3172	-4	7
598915	3172	-7	7
598930	3168	-18	7
598946	3159	-16	7
598961	3150	-6	7
598976	3146	-12	7
598991	3136	-17	7
598996	3128	-4	7
599011	3128	7	7
599026	3128	3	7
599041	3128	9	7
599056	3132	25	7
599071	3146	25	7
599086	3164	15	7
599102	3168	18	7
599107	3182	16	7
599122	3190	2	7
599137	3190	6	7
599152	3195	20	7
599167	3204	20	7
599182	3218	-1	7
599197	3218	-3	7
599202	3218	5	7
599217	3218	-5	7
599232	3218	-19	7
599247	3208	-12	7
599262	3200	-13	7
599277	3195	-21	7
599292	3182	-22	7
599297	3168	-4	7
599312	3168	3	7
599327	3168	9	7
599342	3168	27	7
599357	3186	41	7
599372	3208	37	7
599387	3226	38	7
599403	3249	51	7
599408	3280	49	7
599423	3308	31	7
599438	3326	27	7
599453	3339	36	7
599468	3357	34	7
599483	3380	21	7
599503	3388	29	7
599508	3406	38	7
599523	3429	29	7
599539	3442	26	7
599554	3460	28	7
599569	3474	17	7
599584	3483	-4	7
599599	3483	-12	7
599614	3478	-13	7
599619	3470	-23	7
599634	3460	-25	7
599650	3442	-7	7
599665	3442	-2	7
599681	3438	-14	7
599697	3434	-23	7
599713	3420	-12	7
599718	3411	-9	7
599734	3406	-10	7
599749	3402	6	7
599764	3402	24	7
599779	3416	18	7
599794	3424	2	7
599809	3424	-1	7
599814	3424	-7	7
599829	3424	-17	7
599844	3416	-8	7
599859	3411	6	7
599874	3411	7	7
599889	3416	10	7
599904	3420	26	7
599919	3434	32	7
599924	3452	10	7
599939	3456	-13	7
599954	3456	-7	7
599969	3452	-3	7
599984	3447	1	8
599999	3447	12	8
600014	3452	15	8
600019	3460	-4	8
600034	3460	-24	8
600049	3447	-22	8
600064	3438	-18	8
600079	3424	-17	8
600094	3416	-1	8
600109	3416	17	8
600114	3420	18	8
600129	3434	9	8
600144	3438	9	8
600159	3442	16	8
600174	3452	15	8
600189	3460	26	8
600204	3474	58	8
600219	3506	66	8
600224	3546	54	8
600239	3573	37	8
600254	3596	25	8
600269	9	5	8
600284	14	-6	8
600299	14	-1	8
600319	14	7	8
600324	14	-5	8
600339	14	-7	8
600354	9	1	8
600369	9	-3	8
600384	9	-21	8
600399	3596	-20	8
600414	3586	-20	8
600429	3573	-28	8
600434	3560	-31	8
600449	3542	-24	8
600465	3528	-19	8
600480	3514	-23	8
600495	3506	-21	8
600510	3492	-5	8
600525	3488	-4	8
600530	3488	-5	8
600545	3483	2	8
600560	3483	13	8
600575	3488	17	8
600590	3496	29	8
600606	3514	50	8
600621	3542	49	8
600626	3568	32	8
600641	3586	28	8
600656	4	36	8
600671	22	35	8
600686	45	36	8
600701	63	42	8
600716	86	44	8
600731	112	30	8
600736	130	15	8
600751	140	7	8
600766	140	-5	8
600781	140	-23	8
600796	130	-23	8
600811	117	-21	8
600831	104	-22	8
600836	94	-16	8
600851	86	-7	8
600866	81	-5	8
600881	76	-13	8
600896	68	-14	8
600911	63	-6	8
600926	58	-7	8
600941	54	-4	8
600946	54	7	8
600961	54	14	8
600976	58	1	8
600991	58	-10	8
601006	58	-5	8
601021	54	6	8
601036	54	17	8
601041	63	35	8
601057	86	49	8
601073	112	45	8
601089	140	39	8
601105	158	43	8
601121	184	36	8
601137	202	25	8
601142	216	28	8
601158	234	35	8
601173	252	27	8
601188	270	13	8
601203	274	2	8
601218	279	-3	8
601233	279	-11	8
601248	274	-8	8
601253	270	-1	8
601268	270	-6	8
601283	266	-21	8
601298	252	-27	8
601313	238	-22	8
601328	225	-27	8
601343	212	-28	8
601348	194	-19	8
601363	184	-12	8
601378	176	-23	8
601393	162	-28	8
601408	148	-19	8
601423	140	-19	8
601438	126	-24	8
601443	112	-23	8
601458	99	-12	8
601474	94	-10	8
601489	90	-5	8
601504	86	4	8
601519	86	15	8
601535	90	19	8
601550	104	27	8
601555	117	33	8
601570	135	32	8
601585	153	28	8
601600	171	32	8
601615	189	38	8
601630	212	35	8
601645	230	30	8
601650	248	28	8
601665	261	21	8
601680	274	8	8
601695	279	2	8
601710	279	5	8
601725	284	1	8
601740	284	-2	8
601755	284	1	8
601760	284	8	8
601775	288	-4	8
601790	288	-10	8
601805	284	-10	8
601820	279	-15	8
601835	270	-22	8
601855	256	-18	8
601860	248	-15	8
601875	238	-19	8
601890	225	-21	8
601905	216	-13	8
601920	207	-8	8
601935	202	-14	8
601950	194	-9	8
601955	189	-5	8
601970	189	-13	8
601985	180	-19	8
602000	171	-11	8
602015	162	6	8
602030	162	9	8
602046	166	13	8
602061	176	24	8
602066	189	33	8
602081	207	26	8
602096	220	18	8
602111	234	17	8
602126	243	15	8
602141	252	13	8
602156	256	19	8
602161	270	23	8
602176	279	22	8
602191	292	26	8
602206	306	32	8
602221	324	26	8
602236	342	11	8
602251	346	9	8
602256	351	4	8
602271	356	-14	8
602286	351	-33	8
602301	333	-25	8
602316	320	-19	8
602331	306	-22	8
602351	292	-19	8
602366	284	-6	8
602371	279	-4	8
602386	279	-7	8
602401	274	-4	8
602416	270	-3	8
602431	270	-6	8
602446	266	-7	8
602461	261	3	8
602466	261	5	8
602481	266	0	8
602497	266	1	8
602513	266	6	8
602529	266	1	8
602544	270	-6	8
602559	270	0	8
602574	270	6	8
602579	270	6	8
602594	270	9	8
602609	274	10	8
602625	284	7	8
602640	288	-4	8
602655	288	-6	8
602670	284	-2	8
602675	284	-7	8
602690	279	-8	8
602705	274	-1	8
602720	274	4	8
602735	274	-1	8
602750	274	1	8
602765	274	-1	8
602770	274	-11	8
602785	270	-21	8
602800	256	-17	8
602815	248	-10	8
602830	243	-12	8
602845	234	-11	8
602860	230	-3	8
602875	230	-6	8
602880	225	-12	8
602895	216	-3	8
602910	216	4	8
602925	216	1	8
602940	216	1	8
602955	216	14	8
602971	225	24	8
602976	238	20	8
602991	248	20	8
603006	261	26	8
603021	274	26	8
603036	288	17	8
603051	297	22	8
603071	310	28	8
603086	328	24	8
603091	342	20	8
603106	351	22	8
603121	364	21	8
603136	374	12	8
603151	382	9	8
603166	387	8	8
603181	392	-2	8
603186	392	-8	8
603201	392	-5	8
603216	387	0	8
603231	387	-9	8
603247	382	-13	8
603262	374	-11	8
603277	369	-15	8
603282	360	-27	8
603297	346	-22	8
603312	333	-17	8
603327	324	-21	8
603342	310	-26	8
603357	297	-17	8
603372	288	-13	8
603387	279	-14	8
603392	270	-8	8
603407	266	2	8
603422	266	1	8
603437	266	-5	8
603452	266	-6	8
603467	261	-11	8
603487	256	-17	8
603492	248	-15	8
603507	238	-4	8
603522	238	2	8
603537	238	5	8
603552	238	6	8
603567	238	8	8
603582	243	0	8
603587	243	-4	8
603602	243	5	8
603618	243	5	8
603633	248	-6	8
603648	248	-6	8
603663	243	-1	8
603678	243	-3	8
603693	243	-8	8
603698	238	-2	8
603713	238	12	8
603728	238	12	8
603743	248	7	8
603758	252	9	8
603773	256	8	8
603788	261	1	8
603793	261	1	8
603808	261	-2	8
603823	261	-6	8
603838	261	-8	8
603853	256	-3	8
603868	256	-3	8
603883	252	-1	8
603898	252	4	8
603903	252	13	8
603918	256	7	8
603933	261	-2	8
603948	261	-5	8
603963	261	-3	8
603978	261	-12	8
603998	252	-17	8
604003	243	-12	8
604018	238	-4	8
604033	234	-7	8
604048	230	-8	8
604063	225	-6	8
604078	225	-8	8
604093	220	-14	8
604098	212	-7	8
604113	207	2	8
604128	207	-7	8
604143	202	-9	8
604158	198	-1	8
604173	198	-4	8
604189	198	-11	8
604204	189	-10	8
604209	184	-1	8
604224	184	5	8
604240	184	12	8
604255	189	18	8
604270	198	20	8
604285	212	12	8
604300	216	16	8
604305	225	21	8
604320	238	15	8
604335	248	9	8
604350	252	18	8
604365	261	23	8
604380	274	16	8
604395	284	8	8
604400	288	9	8
604415	292	12	8
604430	302	4	8
604445	302	8	8
604460	306	13	8
604475	315	10	8
604495	320	1	8
604510	320	2	8
604515	320	-5	8
604531	320	-16	8
604546	315	-18	8
604561	302	-8	8
604576	297	-6	8
604591	297	-17	8
604606	288	-10	8
604611	279	-3	8
604626	279	-10	8
604641	274	-17	8
604656	266	-11	8
604671	256	-16	8
604686	248	-25	8
604701	234	-17	8
604716	225	-5	8
604721	220	-11	8
604736	216	-13	8
604751	207	-1	8
604766	207	10	8
604781	212	7	8
604796	212	5	8
604811	216	13	8
604816	225	17	8
604831	234	11	8
604846	238	8	8
604861	243	10	8
604876	248	5	8
604891	252	3	8
604911	252	12	8
604916	261	13	8
604931	270	1	8
604946	270	-4	8
604961	270	2	8
604976	270	-4	8
604991	270	-12	8
605006	261	-4	8
605021	261	7	8
605026	261	0	8
605041	261	-2	8
605056	261	3	8
605071	261	1	8
605086	261	-12	8
605101	256	-17	8
605116	248	-14	8
605121	243	-10	8
605136	234	-15	8
605151	225	-16	8
605166	216	-15	8
605181	212	-17	8
605196	198	-15	8
605211	194	-5	8
605226	189	-4	8
605231	184	-9	8
605246	180	1	8
605261	180	13	8
605276	184	7	8
605291	189	-2	8
605307	189	3	8
605323	189	9	8
605329	194	1	8
605344	194	-2	8
605359	194	4	8
605374	198	5	8
605389	198	-1	8
605404	198	2	8
605419	198	8	8
605424	202	8	8
605439	207	13	8
605454	216	18	8
605469	225	10	8
605484	234	-1	8
605499	234	-1	8
605515	234	5	8
605530	234	-3	8
605535	234	-10	8
605550	230	-7	8
605565	225	2	8
605580	225	-3	8
605595	225	-9	8
605610	220	-11	8
605630	216	-15	8
605635	207	-27	8
605650	189	-25	8
605665	176	-18	8
605680	166	-21	8
605695	153	-22	8
605710	144	-12	8
605725	135	-11	8
605730	130	-13	8
605746	122	-6	8
605761	117	3	8
605776	117	1	8
605791	117	-3	8
605806	117	3	8
605821	117	11	8
605836	122	-1	8
605841	122	-1	8
605856	122	11	8
605871	130	18	8
605886	140	7	8
605901	144	-1	8
605916	144	3	8
605931	144	0	8
605936	144	-6	8
605951	144	-4	8
605967	144	-2	8
605982	140	-3	8
605997	140	-1	8
606012	140	3	8
606027	140	0	8
606047	140	-6	8
606052	135	-2	8
606068	135	3	8
606083	135	-6	8
606099	135	-11	8
606114	126	-6	8
606129	126	-2	8
606144	122	-3	8
606149	122	5	8
606164	122	9	8
606179	126	-1	8
606194	126	-8	8
606209	126	-6	8
606224	122	-8	8
606239	117	-15	8
606244	108	-17	8
606259	99	-2	8
606274	99	4	8
606289	99	2	8
606304	99	3	8
606319	99	5	8
606335	104	4	8
606350	104	-2	8
606355	104	6	8
606370	108	11	8
606385	112	10	8
606400	117	10	8
606415	122	13	8
606430	130	11	8
606445	135	3	8
606450	140	9	8
606465	144	12	8
606480	148	6	8
606495	153	3	8
606510	158	12	8
606525	162	11	8
606540	166	2	8
606545	171	-1	8
606560	171	1	8
606575	171	-5	8
606590	171	-14	8
606605	162	-12	8
606620	158	-11	8
606635	148	-15	8
606651	140	-16	8
606657	130	-16	8
606673	122	-16	8
606689	112	-18	8
606705	104	-13	8
606720	99	-9	8
606735	90	-11	8
606750	86	-9	8
606755	81	-6	8
606770	76	-7	8
606786	72	-11	8
606801	68	-7	8
606816	63	5	8
606831	63	7	8
606846	68	8	8
606861	72	13	8
606866	76	17	8
606881	86	10	8
606896	94	6	8
606911	94	9	8
606926	104	9	8
606941	108	3	8
606956	108	6	8
606961	112	4	8
606976	112	-6	8
606991	112	-8	8
607006	108	4	8
607021	108	7	8
607036	112	3	8
607051	112	2	8
607056	117	5	8
607071	117	-3	8
607086	117	-14	8
607101	112	-23	8
607116	99	-20	8
607131	90	-24	8
607146	76	-22	8
607166	63	-5	8
607171	58	2	8
607186	58	-6	8
607201	58	-7	8
607216	54	-4	8
607231	50	-6	8
607246	50	-14	8
607261	40	-9	8
607266	36	-6	8
607281	32	-10	8
607296	27	-11	8
607311	18	-5	8
607326	18	-7	8
607341	14	-11	8
607356	4	1	8
607371	4	10	8
607376	9	10	8
607391	14	9	8
607406	18	17	8
607421	27	22	8
607436	40	19	8
607451	54	13	8
607466	58	15	8
607471	68	11	8
607486	72	7	8
607501	76	6	8
607516	81	4	8
607531	86	-3	8
607551	86	-1	8
607566	86	4	8
607571	86	1	8
607586	86	-4	8
607601	86	4	8
607616	86	11	8
607631	90	1	8
607646	90	-7	8
607661	90	-3	8
607676	90	0	8
607681	90	-7	8
607696	86	-9	8
607711	81	-4	8
607726	76	-4	8
607741	76	-9	8
607756	72	-8	8
607771	68	-4	8
607776	63	-6	8
607791	58	-7	8
607806	58	-1	8
607821	54	-5	8
607836	54	-10	8
607851	50	-6	8
607871	45	0	8
607876	45	-3	8
607891	40	-6	8
607906	40	2	8
607921	40	8	8
607936	40	4	8
607951	45	3	8
607966	45	9	8
607981	50	10	8
607986	54	1	8
608001	54	4	8
608016	58	4	8
608031	58	3	8
608046	63	11	8
608061	68	20	8
608076	81	23	8
608081	94	15	8
608097	99	15	8
608112	108	13	8
608127	117	4	8
608142	117	-2	8
608157	117	-5	8
608172	117	-4	8
608187	117	-10	8
608192	112	-7	8
608207	108	-1	8
608222	108	0	8
608237	108	-5	8
608253	104	-6	8
608268	99	-6	8
608283	99	-12	8
608288	90	-16	8
608303	81	-13	8
608318	72	-18	8
608333	63	-23	8
608348	50	-20	8
608363	40	-12	8
608379	32	-14	8
608384	27	-23	8
608399	14	-21	8
608414	0	-14	8
608429	3591	-14	8
608445	3586	-12	8
608460	3578	-6	8
608475	3573	-1	8
608490	3573	-1	8
608495	3573	2	8
608510	3573	2	8
608525	3573	-3	8
608540	3573	0	8
608555	3573	4	8
608570	3573	11	8
608590	3578	11	8
608595	3586	12	8
608610	3591	9	8
608625	3596	6	8
608640	0	8	8
608655	4	18	8
608670	14	21	8
608685	27	11	8
608700	32	4	8
608705	36	9	8
608720	40	7	8
608735	45	0	8
608751	45	1	8
608766	45	11	8
608781	50	14	8
608796	58	11	8
608801	63	11	8
608816	72	7	8
608831	76	-2	8
608846	76	-7	8
608862	72	-8	8
608877	68	-9	8
608892	63	-14	8
608897	54	-10	8
608912	50	-13	8
608927	45	-19	8
608942	32	-18	8
608957	22	-6	8
608972	18	-10	8
608987	14	-18	8
609003	4	-17	8
609008	3596	-12	8
609023	3586	-12	8
609038	3582	-9	8
609053	3573	4	8
609068	3573	11	8
609083	3578	14	8
609103	3586	14	8
609108	3596	19	8
609124	4	20	8
609139	18	15	8
609154	27	18	8
609169	36	20	8
609184	45	19	8
609199	58	17	8
609204	68	17	8
609219	76	10	8
609234	81	1	8
609249	81	4	8
609264	86	13	8
609279	94	13	8
609295	99	1	8
609310	99	-3	8
609315	99	-10	8
609330	99	-23	8
609345	86	-21	8
609360	72	-8	8
609375	68	-6	8
609390	63	-8	8
609405	58	-5	8
609410	58	2	8
609425	58	-3	8
609441	58	-10	8
609457	50	-11	8
609473	45	-11	8
609489	40	-17	8
609505	27	-21	8
609520	18	-13	8
609525	9	-9	8
609540	4	-5	8
609555	0	5	8
609570	0	6	8
609585	4	3	8
609600	4	8	8
609615	9	18	8
609620	22	17	8
609635	32	8	8
609650	36	10	8
609665	40	17	8
609680	50	9	8
609695	54	5	8
609710	58	6	8
609715	63	14	8
609730	68	11	8
609745	76	11	8
609760	81	17	8
609775	90	11	8
609790	99	4	8
609805	99	2	8
609820	99	2	8
609825	104	-13	8
609840	99	-16	8
609855	90	-3	8
609870	86	6	8
609885	86	-1	8
609900	86	-2	8
609915	86	1	8
609920	86	-3	8
609935	86	-10	8
609950	81	-5	8
609965	81	-3	8
609980	76	-8	8
609995	72	-7	8
610010	68	-6	8
610015	68	-5	8
610030	63	-5	8
610045	58	3	8
610060	58	15	8
610075	68	10	8
610090	72	6	8
610110	76	9	8
610125	81	13	8
610130	90	6	8
610145	90	-1	8
610160	90	9	8
610175	94	4	8
610190	99	-1	8
610205	99	-4	8
610220	99	-1	8
610225	99	-1	8
610240	99	-1	8
610255	99	0	8
610271	99	-8	8
610286	94	-14	8
610301	86	-8	8
610316	81	-3	8
610331	81	-14	8
610336	72	-20	8
610351	58	-9	8
610366	54	-1	8
610381	54	-6	8
610396	50	-12	8
610411	45	-8	8
610426	40	-11	8
610431	32	-17	8
610446	22	-18	8
610461	14	-16	8
610476	4	-12	8
610491	0	-6	8
610506	3596	2	8
610527	3596	1	8
610532	3596	-5	8
610548	3596	1	8
610563	3596	6	8
610578	3596	-4	8
610593	3596	-10	8
610608	3591	2	8
610623	3591	11	8
610638	3591	3	8
610643	3596	-6	8
610658	3596	4	8
610673	3596	13	8
610688	0	14	8
610703	9	17	8
610718	18	17	8
610733	27	17	8
610738	36	20	8
610753	50	16	8
610768	58	3	8
610783	58	-10	8
610798	58	-3	8
610813	54	5	8
610828	54	1	8
610843	54	-12	8
610849	54	-5	8
610865	50	-4	8
610881	50	-14	8
610896	40	-21	8
610911	27	-10	8
610926	22	-9	8
610941	18	-19	8
610946	4	-24	8
610961	3591	-24	8
610977	3578	-28	8
610992	3564	-25	8
611007	3550	-16	8
611022	3542	-15	8
611037	3532	-20	8
611042	3519	-11	8
611057	3514	2	8
611072	3514	1	8
611087	3514	-1	8
611102	3514	15	8
611118	3519	25	8
611133	3532	23	8
611148	3546	20	8
611153	3560	23	8
611168	3573	22	8
611183	3582	18	8
611198	3596	21	8
611213	4	26	8
611228	22	16	8
611243	32	9	8
611248	36	14	8
611263	40	16	8
611279	50	7	8
611294	54	2	8
611309	58	3	8
611324	58	-5	8
611339	58	-20	8
611344	50	-22	8
611359	36	-16	8
611374	27	-13	8
611389	18	-7	8
611405	14	0	8
611420	14	-3	8
611435	14	-12	8
611450	9	-10	8
611455	0	-9	8
611470	3596	-19	8
611485	3586	-24	8
611500	3573	-12	8
611515	3564	-8	8
611530	3560	-16	8
611550	3550	-17	8
611555	3542	-1	8
611570	3542	8	8
611585	3542	5	8
611601	3546	10	8
611616	3550	14	8
611631	3560	11	8
611646	3564	5	8
611661	3568	9	8
611666	3573	8	8
611681	3578	7	8
611696	3582	7	8
611711	3586	5	8
611726	3586	-8	8
611741	3586	-12	8
611756	3582	0	8
611761	3582	3	8
611776	3582	-5	8
611791	3578	-5	8
611806	3578	4	8
611821	3578	3	8
611836	3578	-10	8
611851	3573	-10	8
611856	3568	-5	8
611871	3568	-10	8
611886	3560	-13	8
611901	3555	-12	8
611916	3546	-10	8
611931	3542	-16	8
611946	3532	-7	8
611966	3528	9	8
611971	3528	9	8
611986	3532	2	8
612001	3537	4	8
612016	3537	16	8
612031	3546	10	8
612046	3550	0	8
612061	3550	1	8
612066	3555	3	8
612081	3555	5	8
612096	3560	13	8
612111	3564	21	8
612126	3578	15	8
612141	3586	9	8
612156	3591	14	8
612161	0	15	8
612177	4	6	8
612193	9	2	8
612208	9	6	8
612223	14	4	8
612238	18	-5	8
612253	18	-3	8
612268	18	-3	8
612273	14	-4	8
612288	14	-8	8
612303	9	-9	8
612318	4	-7	8
612333	0	-8	8
612348	3596	-7	8
612363	3591	-6	8
612368	3586	-16	8
612383	3578	-20	8
612398	3568	-12	8
612413	3560	-9	8
612428	3555	-14	8
612443	3546	-11	8
612458	3542	0	8
612478	3542	-3	8
612483	3537	-12	8
612498	3532	-7	8
612513	3528	2	8
612528	3528	1	8
612543	3528	0	8
612558	3528	8	8
612573	3532	15	8
612578	3537	13	8
612593	3546	18	8
612608	3555	24	8
612623	3568	26	8
612638	3586	26	8
612653	0	29	8
612668	14	22	8
612673	27	11	8
612688	36	5	8
612703	36	16	8
612718	45	21	8
612733	58	10	8
612748	63	3	8
612763	63	6	8
612778	68	3	8
612783	72	-1	8
612798	72	3	8
612813	72	5	8
612828	72	-5	8
612843	72	-7	8
612858	72	-6	8
612878	68	-10	8
612883	63	-17	8
612898	54	-10	8
612913	45	-5	8
612928	45	-15	8
612943	36	-17	8
612958	27	-9	8
612973	22	-6	8
612988	18	-17	8
612993	9	-19	8
613008	3596	-12	8
613023	3591	-11	8
613038	3586	-14	8
613053	3578	-7	8
613068	3573	-2	8
613083	3573	1	8
613088	3573	7	8
613103	3573	17	8
613118	3582	20	8
613134	3591	20	8
613149	4	26	8
613164	18	37	8
613180	40	27	8
613185	54	23	8
613200	68	26	8
613215	81	27	8
613230	99	23	8
613245	112	20	8
613260	122	24	8
613275	135	18	8
613290	144	11	8
613295	153	12	8
613310	158	12	8
613325	166	0	8
613340	166	-9	8
613355	162	-5	8
613370	162	-8	8
613390	158	-17	8
613395	148	-17	8
613410	140	-9	8
613425	130	-11	8
613440	126	-14	8
613455	117	-15	8
613470	108	-18	8
613485	99	-23	8
613490	86	-23	8
613505	72	-20	8
613521	63	-20	8
613536	50	-23	8
613551	40	-16	8
613566	32	-10	8
613581	22	-14	8
613596	18	-18	8
613601	4	-8	8
613617	0	-7	8
613633	3596	-12	8
613648	3591	-4	8
613663	3586	17	8
613678	3596	22	8
613693	4	17	8
613698	18	23	8
613713	27	22	8
613728	40	11	8
613743	50	0	8
613758	50	3	8
613773	50	2	8
613788	50	-6	8
613803	50	1	8
613808	50	11	8
613823	54	9	8
613838	58	10	8
613853	63	18	8
613868	76	19	8
613883	86	7	8
613898	90	4	8
613903	90	7	8
613918	94	5	8
613933	99	-7	8
613948	99	-4	8
613963	94	2	8
613978	94	-2	8
613998	94	-11	8
614003	90	-4	8
614018	86	2	8
614033	86	-5	8
614048	86	-4	8
614063	86	6	8
614078	86	2	8
614093	86	-6	8
614108	86	-8	8
614113	81	-8	8
614128	76	-19	8
614143	63	-17	8
614158	54	-7	8
614173	50	-6	8
614188	50	-11	8
614203	40	-2	8
614208	40	1	8
614223	40	-4	8
614238	40	-4	8
614253	36	9	8
614268	36	16	8
614283	45	1	8
614298	50	-2	8
614303	50	9	8
614318	50	7	8
614333	54	-3	8
614348	54	4	8
614363	54	13	8
614378	63	12	8
614398	72	7	8
614413	72	11	8
614418	81	12	8
614433	86	2	8
614448	90	0	8
614463	90	6	8
614478	90	1	8
614493	90	-5	8
614508	90	4	8
614513	90	6	8
614528	94	-9	8
614543	94	-13	8
614558	86	-2	8
614573	86	-3	8
614588	86	-11	8
614603	76	-12	8
614618	72	-15	8
614623	63	-21	8
614638	50	-28	8
614653	36	-23	8
614668	22	-20	8
614683	9	-24	8
614698	3596	-16	8
614718	3586	-8	8
614723	3582	-8	8
614738	3578	-13	8
614753	3573	-5	8
614768	3568	3	8
614783	3568	-3	8
614798	3568	-5	8
614813	3564	7	8
614818	3564	14	8
614833	3573	1	8
614848	3573	-5	8
614863	3573	3	8
614878	3573	6	8
614893	3578	7	8
614908	3582	15	8
614923	3591	14	8
614928	3596	10	8
614943	4	9	8
614958	9	10	8
614973	14	-1	8
614988	14	-10	8
615003	9	1	8
615018	9	13	8
615023	14	6	8
615038	18	-8	8
615053	18	-9	8
615068	14	-5	8
615084	9	-5	8
615099	9	-8	8
615114	4	3	8
615134	4	9	8
615139	4	0	8
615154	4	-9	8
615169	4	-13	8
615185	3596	-8	8
615200	3591	4	8
615215	3591	9	8
615230	3596	6	8
615235	0	-2	8
615250	0	7	8
615265	0	15	8
615280	9	1	8
615295	9	-13	8
615310	9	-1	8
615325	9	8	8
615330	9	7	8
615345	14	-1	8
615360	14	-1	8
615375	14	-1	8
615390	14	-4	8
615405	14	2	8
615420	14	5	8
615435	14	1	8
615440	14	0	8
615455	14	6	8
615470	14	4	8
615485	18	-11	8
615500	14	-8	8
615515	9	3	8
615530	9	1	8
615535	9	-10	8
615550	9	-8	8
615565	4	-3	8
615580	0	-12	8
615595	3596	-20	8
615610	3582	-16	8
615630	3573	-10	8
615635	3568	-11	8
615650	3564	-7	8
615665	3560	10	8
615680	3560	10	8
615695	3564	3	8
615710	3568	6	8
615725	3573	14	8
615740	3578	10	8
615745	3586	2	8
615760	3586	7	8
615775	3591	10	8
615790	3596	6	8
615805	0	5	8
615820	0	10	8
615835	9	6	8
615840	9	6	8
615855	14	13	8
615870	22	11	8
615885	27	3	8
615900	27	3	8
615915	32	5	8
615930	32	1	8
615950	36	-5	8
615955	36	-6	8
615970	32	-1	8
615985	32	-4	8
616000	27	-12	8
616015	22	-10	8
616030	18	-7	8
616045	14	-11	8
616050	4	-15	8
616065	0	-13	8
616080	3591	-14	8
616095	3582	-16	8
616110	3573	-17	8
616125	3564	-18	8
616140	3555	-27	8
616145	3537	-23	8
616161	3528	-9	8
616176	3519	-4	8
616191	3519	-7	8
616206	3514	-3	8
616221	3514	11	8
616236	3514	15	8
616251	3524	10	8
616256	3528	12	8
616271	3537	14	8
616286	3546	11	8
616301	3550	6	8
616316	3555	10	8
616331	3560	8	8
616346	3564	6	8
616352	3568	7	8
616368	3573	7	8
616384	3573	4	8
616400	3578	1	8
616416	3578	7	8
616431	3582	1	8
616446	3582	-10	8
616461	3582	-15	8
616466	3573	-9	8
616481	3568	-5	8
616496	3564	-10	8
616511	3560	-12	8
616526	3550	-8	8
616541	3546	-12	8
616556	3542	-16	8
616561	3532	-18	8
616576	3524	-18	8
616591	3510	-18	8
616606	3501	-12	8
616621	3496	-9	8
616636	3488	-11	8
616651	3483	-2	8
616656	3483	14	8
616671	3488	21	8
616686	3496	17	8
616701	3506	17	8
616716	3519	25	8
616731	3532	22	8
616746	3542	15	8
616766	3550	18	8
616771	3564	24	8
616786	3578	19	8
616801	3586	15	8
616816	3596	18	8
616831	4	21	8
616846	18	19	8
616861	27	16	8
616866	36	12	8
616881	45	-1	8
616896	45	-7	8
616911	40	-3	8
616926	40	-7	8
616941	36	-15	8
616956	27	-13	8
616961	22	-6	8
616976	18	-7	8
616991	14	-16	8
617006	4	-20	8
617021	3596	-20	8
617036	3582	-20	8
617051	3573	-16	8
617066	3564	-11	8
617071	3555	-11	8
617086	3550	-17	8
617101	3542	-12	8
617116	3532	-5	8
617131	3532	-5	8
617146	3528	-3	8
617166	3528	6	8
617171	3528	15	8
617186	3532	9	8
617201	3537	9	8
617216	3546	12	8
617231	3550	14	8
617246	3560	9	8
617261	3564	11	8
617277	3568	10	8
617282	3578	4	8
617297	3578	2	8
617312	3578	6	8
617327	3582	3	8
617342	3582	2	8
617358	3586	12	8
617373	3591	19	8
617378	4	18	8
617393	14	11	8
617408	18	10	8
617423	22	7	8
617438	27	2	8
617453	32	1	8
617468	32	4	8
617473	32	-5	8
617488	32	-17	8
617503	22	-19	8
617518	14	-16	8
617533	4	-23	8
617548	3591	-26	8
617563	3578	-19	8
617578	3564	-11	8
617583	3560	-14	8
617598	3550	-15	8
617613	3542	-20	8
617628	3532	-25	8
617643	3519	-24	8
617658	3506	-20	8
617678	3492	-19	8
617683	3483	-21	8
617698	3470	-16	8
617713	3460	-7	8
617728	3456	-5	8
617743	3456	-5	8
617758	3452	2	8
617773	3452	2	8
617778	3452	-2	8
617793	3452	0	8
617808	3452	9	8
617823	3456	15	8
617838	3465	12	8
617853	3470	22	8
617868	3483	34	8
617883	3501	34	8
617888	3519	28	8
617904	3537	25	8
617919	3550	26	8
617934	3564	18	8
617949	3573	10	8
617964	3582	10	8
617979	3586	10	8
617984	3591	9	8
617999	3596	17	8
618014	4	16	8
618029	14	5	8
618044	18	0	8
618059	18	3	8
618074	18	-1	8
618095	18	-12	8
618100	18	-13	8
618115	9	-5	8
618130	4	-13	8
618145	0	-24	8
618160	3586	-19	8
618175	3573	-12	8
618190	3568	-11	8
618195	3564	-10	8
618210	3555	-3	8
618225	3555	-6	8
618240	3550	-15	8
618255	3542	-13	8
618270	3537	-12	8
618285	3528	-15	8
618290	3519	-13	8
618305	3514	-6	8
618320	3510	1	8
618335	3510	6	8
618350	3510	9	8
618365	3514	12	8
618380	3524	7	8
618395	3524	1	8
618400	3528	7	8
618415	3528	13	8
618430	3537	4	8
618445	3542	-5	8
618460	3542	-4	8
618475	3537	-3	8
618490	3537	-4	8
618495	3532	0	8
618510	3532	6	8
618525	3532	4	8
618540	3537	-4	8
618556	3537	-5	8
618572	3537	-4	8
618588	3532	-9	8
618603	3528	-10	8
618608	3524	-4	8
618623	3519	-7	8
618638	3514	-12	8
618653	3510	-18	8
618668	3501	-17	8
618684	3488	-19	8
618699	3478	-20	8
618705	3470	-11	8
618720	3460	-7	8
618735	3456	-9	8
618750	3452	-7	8
618765	3447	-6	8
618780	3447	-8	8
618795	3442	-12	8
618800	3434	-5	8
618815	3429	3	8
618830	3429	0	8
618845	3429	1	8
618860	3429	5	8
618875	3434	11	8
618890	3438	5	8
618910	3442	9	8
618915	3447	17	8
618930	3456	17	8
618945	3465	14	8
618960	3474	17	8
618975	3483	20	8
618990	3492	11	8
619005	3501	7	8
619010	3506	10	8
619025	3510	6	8
619040	3514	0	8
619055	3514	3	8
619070	3514	8	8
619085	3519	5	8
619100	3524	2	8
619105	3524	5	8
619121	3528	3	8
619136	3528	-1	8
619152	3528	0	8
619168	3528	1	8
619184	3528	-8	8
619200	3528	-18	8
619216	3519	-18	8
619221	3506	-19	8
619237	3496	-24	8
619252	3483	-20	8
619267	3470	-10	8
619282	3465	-7	8
619297	3460	-9	8
619312	3456	-5	8
619317	3456	2	8
619333	3456	-4	8
619348	3452	-11	8
619363	3447	-10	8
619378	3442	-8	8
619393	3438	-6	8
619408	3434	-8	8
619423	3429	-1	8
619428	3429	-1	8
619443	3429	-5	8
619458	3424	0	8
619473	3424	6	8
619488	3424	4	8
619503	3424	2	8
619518	3429	5	8
619523	3429	6	8
619538	3434	0	8
619553	3434	4	8
619568	3438	9	8
619583	3442	6	8
619598	3442	7	8
619613	3447	12	8
619618	3456	14	8
619633	3465	3	8
619648	3465	-1	8
619663	3465	6	8
619678	3470	5	8
619693	3470	-2	8
619708	3470	1	8
619723	3470	4	8
619728	3474	3	8
619743	3474	6	8
619758	3478	13	8
619773	3483	13	8
619788	3492	8	8
619803	3496	5	8
619818	3501	6	8
619823	3501	2	8
619838	3506	-6	8
619853	3506	-3	8
619868	3501	-2	8
619883	3501	-10	8
619898	3496	-13	8
619918	3488	-6	8
619923	3483	-11	8
619938	3478	-21	8
619953	3465	-21	8
619968	3456	-14	8
619983	3447	-18	8
619998	3438	-23	8
620013	3424	-20	8
620028	3411	-15	8
620033	3406	-14	8
620048	3398	-9	8
620063	3393	-5	8
620078	3388	-6	8
620093	3384	-4	8
620108	3384	5	8
620123	3384	14	8
620128	3388	13	8
620143	3398	10	8
620158	3402	19	8
620173	3416	23	8
620188	3424	15	8
620203	3434	14	8
620218	3442	22	8
620238	3456	19	8
620243	3465	11	8
620258	3474	13	8
620273	3478	16	8
620288	3488	11	8
620303	3496	2	8
620318	3496	10	8
620333	3501	9	8
620338	3506	2	8
620353	3506	6	8
620368	3510	5	8
620383	3514	-5	8
620398	3514	-4	8
620413	3514	4	8
620429	3514	5	8
620434	3514	-4	8
620449	3514	-12	8
620464	3510	-9	8
620479	3506	-8	8
620494	3501	-9	8
620509	3492	-8	8
620524	3488	-3	8
620539	3488	-2	8
620544	3488	-6	8
620560	3483	-3	8
620576	3483	-5	8
620592	3478	-9	8
620608	3474	-12	8
620624	3465	-6	8
620639	3465	-4	8
620644	3460	-2	8
620659	3460	11	8
620674	3460	19	8
620689	3474	15	8
620704	3483	14	8
620719	3488	20	8
620734	3501	20	8
620749	3510	14	8
620754	3519	17	8
620769	3528	16	8
620784	3537	10	8
620799	3546	11	8
620814	3550	15	8
620829	3560	17	8
620844	3568	16	8
620849	3578	18	8
620864	3586	20	8
620879	0	10	8
620894	4	6	8
620909	9	10	8
620924	14	10	8
620939	18	0	8
620944	18	-1	8
620959	18	-5	8
620974	18	-11	8
620989	14	-17	8
621004	4	-13	8
621019	3596	-5	8
621034	3596	-8	8
621049	3591	-11	8
621054	3582	-7	8
621069	3578	-6	8
621084	3578	-15	8
621099	3568	-5	8
621114	3564	2	8
621134	3564	-3	8
621149	3564	-7	8
621154	3560	-1	8
621169	3560	2	8
621184	3560	-8	8
621199	3555	-7	8
621214	3550	-4	8
621229	3550	-3	8
621244	3546	-1	8
621249	3546	14	8
621264	3550	22	8
621280	3564	18	8
621295	3573	16	8
621310	3582	23	8
621325	3596	24	8
621340	9	15	8
621355	18	14	8
621360	27	20	8
621375	36	16	8
621390	45	10	8
621405	50	12	8
621420	58	5	8
621435	63	-7	8
621450	63	-7	8
621455	58	4	8
621470	58	-2	8
621485	58	-12	8
621500	50	-11	8
621515	45	-7	8
621530	40	-16	8
621550	32	-20	8
621565	22	-13	8
621570	14	-10	8
621585	9	-14	8
621600	0	-14	8
621616	3591	-7	8
621631	3586	-6	8
621646	3586	-10	8
621661	3578	-8	8
621666	3573	-4	8
621681	3573	1	8
621696	3573	2	8
621711	3573	10	8
621726	3578	10	8
621741	3582	3	8
621756	3582	7	8
621761	3586	17	8
621776	3596	15	8
621791	4	11	8
621806	14	20	8
621821	22	26	8
621836	36	18	8
621851	50	17	8
621866	58	25	8
621871	72	22	8
621886	86	16	8
621901	94	16	8
621916	104	12	8
621931	108	0	8
621946	108	-11	8
621962	108	-5	8
621968	104	-7	8
621984	99	-15	8
622000	90	-23	8
622016	76	-24	8
622031	63	-28	8
622046	50	-24	8
622061	36	-12	8
622066	27	-7	8
622081	22	-12	8
622096	18	-17	8
622111	9	-10	8
622126	4	-9	8
622141	3596	-12	8
622156	3591	-8	8
622171	3586	-3	8
622176	3586	-12	8
622191	3578	-21	8
622206	3564	-14	8
622221	3560	-8	8
622236	3555	-7	8
622251	3550	2	8
622266	3550	15	8
622271	3555	21	8
622286	3568	25	8
622301	3582	32	8
622317	0	26	8
622332	14	17	8
622347	22	17	8
622362	32	27	8
622377	50	27	8
622382	63	20	8
622397	76	21	8
622412	86	25	8
622428	99	18	8
622443	112	5	8
622458	112	11	8
622473	122	13	8
622478	126	5	8
622494	130	1	8
622509	130	4	8
622524	130	0	8
622539	130	-7	8
622554	130	-9	8
622574	126	-10	8
622579	122	-16	8
622594	112	-15	8
622609	104	-5	8
622625	104	-9	8
622640	94	-20	8
622655	86	-15	8
622670	76	-5	8
622685	72	-8	8
622690	68	-13	8
622705	63	-6	8
622720	58	0	8
622735	58	0	8
622750	58	2	8
622765	58	10	8
622780	63	9	8
622785	68	6	8
622800	72	14	8
622815	76	14	8
622830	86	8	8
622845	90	5	8
622860	94	12	8
622875	99	13	8
622890	108	3	8
622895	108	2	8
622910	108	13	8
622925	117	5	8
622940	122	-4	8
622956	122	1	8
622971	122	6	8
622986	122	-3	8
622991	122	-3	8
623006	122	5	8
623021	122	3	8
623036	122	-3	8
623051	122	1	8
623066	122	-2	8
623086	122	-15	8
623091	117	-20	8
623106	104	-14	8
623121	99	-11	8
623136	90	-21	8
623151	81	-20	8
623166	68	-11	8
623181	63	-9	8
623196	58	-11	8
623201	50	-13	8
623216	45	-10	8
623231	36	-17	8
623246	27	-16	8
623261	18	-6	8
623276	14	-8	8
623291	9	-12	8
623296	4	-10	8
623311	0	4	8
623326	0	10	8
623341	4	6	8
623356	4	10	8
623371	14	11	8
623386	18	6	8
623392	22	6	8
623408	22	15	8
623423	32	19	8
623438	45	16	8
623453	54	18	8
623468	63	15	8
623483	72	8	8
623498	76	6	8
623503	81	10	8
623518	86	6	8
623533	90	-2	8
623548	90	-2	8
623563	90	1	8
623578	90	-10	8
623593	86	-13	8
623598	76	-9	8
623613	72	2	8
623628	72	-2	8
623643	72	-10	8
623658	68	-6	8
623673	63	-4	8
623693	63	-11	8
623708	54	-11	8
623713	50	-9	8
623728	45	-16	8
623743	36	-19	8
623758	22	-12	8
623773	18	-14	8
623788	9	-19	8
623803	0	-12	8
623808	3591	2	8
623823	3591	2	8
623838	3591	1	8
623853	3591	12	8
623868	3596	19	8
623883	9	17	8
623898	18	13	8
623903	27	20	8
623918	36	20	8
623933	50	14	8
623948	54	18	8
623963	68	26	8
623978	81	24	8
623993	94	27	8
624013	108	31	8
624018	126	37	8
624033	148	19	8
624048	158	7	8
624063	162	6	8
624078	166	5	8
624093	166	-8	8
624108	166	-7	8
624113	162	-6	8
624128	162	-12	8
624143	153	-16	8
624158	144	-10	8
624173	140	-10	8
624188	135	-22	8
624203	122	-19	8
624208	108	-14	8
624223	104	-19	8
624239	90	-27	8
624254	76	-25	8
624269	63	-20	8
624284	50	-22	8
624299	40	-23	8
624314	27	-15	8
624319	18	-8	8
624334	14	-12	8
624349	4	-13	8
624364	0	-5	8
624379	3596	-5	8
624394	3591	-10	8
624414	3586	-9	8
624419	3582	-4	8
624434	3582	-9	8
624449	3573	-7	8
624464	3573	-2	8
624479	3568	3	8
624494	3568	3	8
624509	3568	14	8
624524	3578	25	8
624529	3591	16	8
624544	0	12	8
624560	9	18	8
624575	18	17	8
624590	27	5	8
624605	32	6	8
624620	32	12	8
624625	40	12	8
624640	45	3	8
624655	50	3	8
624670	50	2	8
624685	50	-1	8
624700	50	-2	8
624715	50	-2	8
624720	50	-4	8
624736	50	-3	8
624752	50	9	8
624768	50	11	8
624784	54	6	8
624800	58	-2	8
624816	58	1	8
624832	58	-1	8
624837	58	-11	8
624852	54	-17	8
624867	45	-10	8
624882	40	-8	8
624897	36	-12	8
624913	27	-12	8
624928	22	-12	8
624933	14	-20	8
624948	4	-21	8
624963	3591	-11	8
624978	3586	-12	8
624993	3578	-17	8
625008	3568	-11	8
625023	3564	-7	8
625038	3560	-11	8
625043	3555	-13	8
625058	3546	-7	8
625073	3542	1	8
625088	3542	-1	8
625103	3542	-1	8
625118	3542	4	8
625133	3542	8	8
625138	3546	7	8
625153	3550	8	8
625168	3555	10	8
625183	3560	7	8
625198	3564	5	8
625213	3564	10	8
625228	3573	7	8
625233	3573	-1	8
625248	3573	-1	8
625263	3573	5	8
625278	3578	-1	8
625293	3578	-8	8
625308	3578	1	8
625323	3578	11	8
625338	3578	8	8
625343	3582	0	8
625358	3582	4	8
625373	3586	2	8
625388	3586	-2	8
625403	3586	-6	8
625418	3586	-7	8
625433	3582	-9	8
625438	3578	-8	8
625454	3573	-4	8
625469	3568	-10	8
625484	3564	-17	8
625499	3555	-19	8
625514	3546	-16	8
625529	3537	-19	8
625534	3524	-24	8
625550	3510	-18	8
625566	3501	-9	8
625581	3496	-8	8
625596	3492	-14	8
625612	3483	-15	8
625627	3474	-7	8
625642	3470	-9	8
625647	3465	-3	8
625662	3465	7	8
625677	3465	4	8
625692	3465	8	8
625707	3470	20	8
625722	3483	29	8
625742	3496	26	8
625747	3514	28	8
625762	3528	36	8
625777	3550	32	8
625792	3568	27	8
625807	3582	30	8
625822	0	31	8
625837	18	26	8
625852	32	19	8
625857	40	12	8
625872	50	7	8
625887	54	0	8
625902	54	1	8
625917	54	-1	8
625933	54	-5	8
625948	54	-6	8
625953	50	-3	8
625968	50	-2	8
625983	50	-8	8
625998	45	-8	8
626013	40	-6	8
626028	36	-8	8
626043	32	-18	8
626048	22	-17	8
626063	9	-15	8
626078	4	-16	8
626093	3596	-17	8
626108	3582	-9	8
626123	3578	-5	8
626138	3578	-15	8
626154	3568	-12	8
626160	3560	-7	8
626176	3555	1	8
626192	3555	6	8
626208	3555	16	8
626224	3564	19	8
626239	3578	18	8
626254	3586	20	8
626259	0	24	8
626274	14	19	8
626289	22	10	8
626304	27	13	8
626319	36	24	8
626334	50	21	8
626349	58	17	8
626364	72	15	8
626369	76	21	8
626384	90	14	8
626399	99	10	8
626414	104	9	8
626429	108	6	8
626444	112	-6	8
626459	112	-3	8
626464	112	1	8
626479	112	-5	8
626494	108	-11	8
626509	104	-10	8
626524	99	-7	8
626539	94	-8	8
626554	90	-6	8
626559	86	-3	8
626574	86	-10	8
626589	76	-12	8
626604	72	-12	8
626619	63	-13	8
626634	58	-16	8
626649	50	-16	8
626669	40	-10	8
626674	32	-6	8
626689	32	-6	8
626704	27	-1	8
626719	27	8	8
626734	27	13	8
626749	36	19	8
626764	45	28	8
626769	58	31	8
626784	76	23	8
626799	90	20	8
626814	104	28	8
626829	117	30	8
626844	135	28	8
626859	148	32	8
626864	166	34	8
626879	189	31	8
626894	207	27	8
626909	220	26	8
626924	234	25	8
626939	248	14	8
626954	256	12	8
626969	266	12	8
626974	270	6	8
626989	274	2	8
627004	274	0	8
627019	274	-6	8
627034	274	-11	8
627049	270	-10	8
627069	266	1	8
627074	266	2	8
627089	266	-5	8
627104	261	-1	8
627119	261	4	8
627134	261	1	8
627149	261	-8	8
627164	261	-5	8
627179	256	-2	8
627184	256	-4	8
627199	252	-2	8
627214	252	8	8
627229	252	12	8
627244	261	7	8
627259	266	11	8
627274	270	15	8
627280	279	12	8
627295	284	9	8
627310	292	10	8
627325	297	11	8
627340	302	17	8
627355	310	29	8
627370	328	35	8
627375	346	25	8
627390	360	19	8
627405	374	20	8
627420	382	21	8
627435	396	8	8
627450	400	-1	8
627465	400	-2	8
627485	400	-5	8
627490	400	-19	8
627505	387	-27	8
627520	374	-25	8
627536	360	-19	8
627552	351	-17	8
627568	338	-14	8
627584	333	-10	8
627589	324	-15	8
627605	320	-13	8
627622	310	-7	8
627637	306	-10	8
627652	302	-16	8
627667	292	-13	8
627682	284	-11	8
627687	279	-21	8
627702	266	-20	8
627717	256	-9	8
627732	252	-1	8
627747	248	-1	8
627762	248	2	8
627777	248	2	8
627792	248	5	8
627797	252	6	8
627812	252	16	8
627827	261	19	8
627842	274	22	8
627857	284	20	8
627872	297	25	8
627887	310	26	8
627892	324	28	8
627907	342	31	8
627922	360	36	8
627937	378	31	8
627952	396	21	8
627967	410	24	8
627982	423	22	8
627997	432	11	8
628003	441	8	8
628018	446	9	8
628033	450	4	8
628048	450	-4	8
628063	450	-3	8
628078	450	0	8
628093	450	-6	8
628098	450	-2	8
628113	446	0	8
628128	446	-7	8
628143	446	-17	8
628158	432	-16	8
628173	423	-8	8
628188	418	-7	8
628193	418	-10	8
628208	410	-10	8
628223	405	-4	8
628238	405	-5	8
628253	400	-7	8
628268	396	-9	8
628283	392	-7	8
628298	387	-8	8
628303	382	-7	8
628318	378	3	8
628333	378	7	8
628348	382	10	8
628363	387	24	8
628378	400	29	8
628394	414	26	8
628399	432	28	8
628414	446	30	8
628429	464	27	8
628444	477	18	8
628459	490	18	8
628474	500	16	8
628489	508	14	8
628509	518	11	8
628514	522	21	8
628529	536	22	8
628544	544	17	8
628559	554	13	8
628574	562	7	8
628589	567	0	8
628604	567	-4	8
628609	567	-6	8
628624	567	-4	8
628639	562	-10	8
628654	558	-12	8
628669	549	-11	8
628684	544	-9	8
628699	540	-10	8
628704	536	-5	8
628719	531	1	8
628734	531	-5	8
628749	526	-12	8
628764	522	-7	8
628779	518	-7	8
628794	513	-12	8
628814	508	-9	8
628819	504	2	8
628834	504	0	8
628849	504	-1	8
628864	504	7	8
628880	504	15	8
628896	513	10	8
628911	518	11	8
628916	522	22	8
628931	536	23	8
628946	549	17	8
628961	558	17	8
628976	567	18	8
628991	576	18	8
629006	590	16	8
629011	598	12	8
629026	603	13	8
629041	612	8	8
629056	616	7	8
629071	621	9	8
629086	626	4	8
629101	626	-7	8
629116	626	-6	8
629121	621	-2	8
629136	621	-5	8
629151	621	-8	8
629166	616	4	8
629181	616	12	8
629196	621	5	8
629211	621	0	8
629216	621	0	8
629231	621	-5	8
629246	621	-7	8
629261	621	1	8
629276	621	3	8
629291	621	-5	8
629306	621	-7	8
629321	616	-4	8
629326	612	-4	8
629341	612	-9	8
629356	608	-3	8
629371	603	7	8
629386	603	9	8
629401	608	4	8
629422	612	7	8
629427	616	12	8
629442	621	7	8
629457	626	2	8
629472	626	5	8
629488	630	13	8
629503	639	13	8
629518	644	14	8
629523	652	8	8
629538	657	-5	8
629553	657	-4	8
629568	657	5	8
629583	657	6	8
629598	657	-4	8
629613	657	-4	8
629628	657	2	8
629633	657	1	8
629648	657	-7	8
629663	657	-7	8
629678	652	0	8
629693	652	0	8
629708	652	-4	8
629723	648	-4	8
629728	648	-6	8
629743	644	-12	8
629758	634	-6	8
629773	634	-5	8
629790	630	-6	8
629805	626	-10	8
629820	621	-1	8
629825	621	5	8
629840	621	1	8
629855	621	0	8
629870	621	6	8
629885	626	5	8
629900	626	3	8
629915	630	9	8
629931	634	11	8
629936	639	7	8
629951	644	1	8
629966	644	1	8
629981	644	4	8
629996	648	-2	8
630011	648	3	8
630026	648	10	8
630031	652	5	8
630046	657	0	8
630061	657	2	8
630076	657	10	8
630092	662	4	8
630107	666	2	8
630122	666	2	8
630142	666	4	8
630147	670	-2	8
630162	670	-7	8
630177	666	-7	8
630192	666	-12	8
630207	657	-15	8
630222	648	-17	8
630237	639	-14	8
630242	630	-19	8
630257	621	-17	8
630272	612	-11	8
630287	603	-14	8
630302	598	-22	8
630318	585	-19	8
630333	576	-13	8
630338	567	-16	8
630353	558	-19	8
630369	549	-6	8
630384	544	0	8
630400	544	-1	8
630416	544	-2	8
630432	540	4	8
630447	540	8	8
630452	544	11	8
630467	549	13	8
630482	558	12	8
630497	567	6	8
630512	567	3	8
630527	572	9	8
630542	576	3	8
630547	576	-11	8
630562	576	-12	8
630577	567	-4	8
630592	567	-3	8
630607	562	5	8
630622	562	19	8
630637	572	24	8
630652	585	17	8
630657	598	9	8
630672	603	10	8
630687	608	-4	8
630702	608	-17	8
630717	598	-17	8
630732	590	-8	8
630747	585	-7	8
630752	580	-8	8
630767	576	-2	8
630782	576	1	8
630797	576	0	8
630812	576	2	8
630827	576	4	8
630842	576	-3	8
630847	576	-8	8
630862	572	-3	8
630877	572	-1	8
630893	572	-3	8
630908	572	-2	8
630923	567	3	8
630938	567	1	8
630953	567	-3	8
630958	567	-1	8
630973	567	5	8
630988	567	-3	8
631003	567	-9	8
631018	562	-1	8
631033	562	8	8
631053	562	2	8
631058	567	1	8
631073	567	5	8
631088	567	0	8
631103	567	-6	8
631118	567	-4	8
631133	567	1	8
631148	567	-1	8
631153	567	1	8
631168	567	5	8
631183	567	1	8
631198	567	-3	8
631213	567	2	8
631228	567	3	8
631243	567	-2	8
631258	567	-6	8
631263	567	-4	8
631278	567	-6	8
631293	562	-13	8
631308	554	-15	8
631323	544	-10	8
631338	540	-5	8
631354	540	-11	8
631359	531	-10	8
631374	526	-5	8
631389	522	0	8
631405	522	1	8
631420	522	3	8
631435	522	3	8
631450	522	1	8
631465	522	5	8
631470	526	10	8
631485	531	5	8
631500	536	0	8
631516	536	0	8
631531	536	3	8
631546	536	-7	8
631561	536	-15	8
631566	526	-15	8
631581	522	-18	8
631596	508	-25	8
631611	495	-27	8
631626	482	-19	8
631641	468	-21	8
631661	459	-28	8
631666	441	-29	8
631681	428	-24	8
631696	414	-19	8
631711	400	-17	8
631726	392	-11	8
631741	387	-9	8
631756	382	-10	8
631771	374	2	8
631776	374	13	8
631791	378	13	8
631806	387	15	8
631821	396	25	8
631836	410	31	8
631851	428	21	8
631866	441	16	8
631871	450	23	8
631886	459	27	8
631901	477	27	8
631916	490	27	8
631931	508	25	8
631946	522	20	8
631961	531	19	8
631966	544	19	8
631981	554	12	8
631996	558	3	8
632011	562	3	8
632026	562	6	8
632041	567	-2	8
632061	567	-5	8
632076	567	9	8
632081	567	13	8
632096	576	3	8
632111	576	-8	8
632126	576	-3	8
632141	576	-4	8
632156	572	-11	8
632171	567	-14	8
632176	558	-21	8
632191	544	-24	8
632206	531	-26	8
632221	518	-18	8
632236	508	-16	8
632251	500	-21	8
632266	486	-17	8
632281	477	-11	8
632286	472	-9	8
632301	468	-11	8
632316	459	-4	8
632331	459	2	8
632346	459	-4	8
632362	459	0	8
632377	459	6	8
632382	459	4	8
632397	459	6	8
632412	464	15	8
632427	472	28	8
632442	486	31	8
632458	504	31	8
632473	522	39	8
632478	544	43	8
632493	567	32	8
632508	585	28	8
632523	603	27	8
632538	616	23	8
632554	630	17	8
632569	639	16	8
632589	648	20	8
632594	657	13	8
632609	666	1	8
632624	666	2	8
632639	666	4	8
632654	670	-1	8
632669	670	-1	8
632684	670	5	8
632689	670	4	8
632704	675	4	8
632719	675	9	8
632734	680	5	8
632749	684	-9	8
632764	684	-10	8
632779	680	-7	8
632794	675	-4	8
632799	670	-9	8
632814	666	-9	8
632829	662	-3	8
632844	662	-3	8
632859	657	-9	8
632874	652	-11	8
632889	648	-12	8
632894	639	-11	8
632909	634	-4	8
632924	630	0	8
632939	630	1	8
632954	630	0	8
632969	630	1	8
632989	630	8	8
632994	634	7	8
633009	639	9	8
633024	644	13	8
633039	648	13	8
633055	657	5	8
633071	662	12	8
633087	666	17	8
633102	675	11	8
633107	684	7	8
633122	684	7	8
633137	688	13	8
633152	698	6	8
633167	702	4	8
633182	702	5	8
633197	706	2	8
633202	706	-2	8
633217	706	0	8
633232	706	4	8
633247	706	2	8
633262	711	5	8
633278	711	8	8
633293	716	9	8
633298	720	4	8
633313	724	0	8
633329	724	2	8
633344	724	-1	8
633359	724	-7	8
633374	724	-6	8
633389	720	-1	8
633404	720	-3	8
633409	720	-4	8
633424	716	2	8
633439	716	1	8
633454	716	-4	8
633469	716	-6	8
633484	711	1	8
633500	711	-2	8
633505	711	-8	8
633520	706	-3	8
633535	706	2	8
633550	706	0	8
633565	706	-1	8
633580	706	2	8
633595	706	4	8
633610	706	6	8
633615	711	11	8
633630	716	19	8
633645	724	22	8
633660	738	28	8
633675	756	34	8
633690	774	40	8
633705	796	37	8
633710	814	37	8
633725	837	36	8
633740	860	30	8
633755	873	27	8
633770	891	35	8
633785	909	37	8
633805	932	28	8
633810	945	14	8
633825	954	9	8
633840	958	5	8
633855	963	2	8
633870	963	1	8
633885	963	0	8
633900	963	-5	8
633915	963	-6	8
633920	963	-3	8
633935	958	-5	8
633950	958	-8	8
633965	954	-6	8
633980	950	-6	8
633995	945	-8	8
634010	940	-9	8
634015	936	-12	8
634030	927	-11	8
634045	922	-9	8
634060	918	-7	8
634075	914	-2	8
634090	914	1	8
634105	914	-1	8
634125	914	-3	8
634130	909	1	8
634145	909	5	8
634160	909	13	8
634175	918	20	8
634190	927	26	8
634205	945	25	8
634220	958	24	8
634225	972	22	8
634240	986	19	8
634255	994	19	8
634270	1004	19	8
634285	1017	24	8
634301	1030	25	8
634316	1044	22	8
634321	1058	17	8
634336	1066	7	8
634351	1071	-2	8
634366	1071	-6	8
634381	1066	-6	8
634396	1066	-4	8
634411	1062	2	8
634426	1062	3	8
634431	1062	-2	8
634447	1062	-6	8
634463	1062	-9	8
634479	1058	-8	8
634495	1053	-12	8
634510	1044	-16	8
634525	1035	-17	8
634530	1026	-15	8
634545	1017	-12	8
634561	1012	-10	8
634576	1004	-10	8
634591	999	-4	8
634606	999	4	8
634621	999	10	8
634626	1004	14	8
634641	1008	9	8
634656	1012	4	8
634672	1017	4	8
634687	1017	4	8
634702	1022	11	8
634717	1026	16	8
634733	1035	19	8
634738	1048	23	8
634753	1062	29	8
634768	1076	30	8
634783	1094	21	8
634798	1107	18	8
634813	1116	15	8
634828	1125	8	8
634833	1130	4	8
634848	1130	2	8
634863	1130	6	8
634878	1134	7	8
634893	1138	3	8
634908	1138	4	8
634923	1143	0	8
634938	1143	-4	8
634943	1143	-8	8
634958	1138	-4	8
634973	1138	-2	8
634988	1138	-2	8
635003	1134	-5	8
635018	1134	-12	8
635033	1125	-17	8
635038	1116	-16	8
635053	1107	-12	8
635068	1102	-15	8
635083	1094	-19	8
635098	1080	-20	8
635113	1071	-15	8
635133	1062	-11	8
635138	1058	-6	8
635153	1053	-6	8
635168	1048	-7	8
635183	1044	-2	8
635198	1044	4	8
635213	1044	8	8
635228	1048	12	8
635243	1053	16	8
635248	1062	15	8
635263	1071	15	8
635278	1080	12	8
635293	1084	13	8
635308	1094	15	8
635323	1102	17	8
635338	1112	18	8
635343	1120	18	8
635358	1130	16	8
635373	1138	13	8
635388	1148	8	8
635403	1152	5	8
635418	1156	-2	8
635433	1156	-6	8
635438	1156	-9	8
635453	1148	-8	8
635468	1143	-3	8
635483	1143	0	8
635498	1143	5	8
635513	1143	6	8
635533	1148	0	8
635548	1148	-4	8
635553	1148	-7	8
635568	1143	-10	8
635583	1138	-16	8
635598	1130	-19	8
635613	1116	-22	8
635629	1107	-23	8
635644	1094	-27	8
635649	1076	-27	8
635664	1062	-25	8
635679	1048	-16	8
635695	1040	-14	8
635710	1030	-9	8
635725	1026	-5	8
635740	1022	4	8
635755	1022	7	8
635760	1026	7	8
635775	1030	8	8
635790	1035	11	8
635805	1040	10	8
635820	1044	10	8
635835	1053	8	8
635850	1058	12	8
635855	1062	18	8
635871	1071	15	8
635887	1080	16	8
635902	1089	16	8
635917	1098	16	8
635932	1107	10	8
635948	1116	5	8
635953	1116	4	8
635968	1120	-1	8
635983	1120	-3	8
635999	1120	-5	8
636014	1116	-6	8
636029	1116	-8	8
636044	1112	-9	8
636059	1107	-9	8
636064	1098	-4	8
636079	1098	0	8
636094	1098	0	8
636109	1098	-9	8
636124	1094	-17	8
636139	1084	-17	8
636154	1076	-7	8
636159	1071	-8	8
636174	1066	-5	8
636189	1062	1	8
636204	1062	3	8
636219	1062	3	8
636234	1062	-8	8
636249	1062	-10	8
636269	1058	-2	8
636274	1053	4	8
636289	1053	6	8
636304	1058	3	8
636319	1058	4	8
636334	1062	2	8
636350	1062	4	8
636365	1062	0	8
636370	1062	-2	8
636385	1062	0	8
636400	1062	8	8
636415	1066	7	8
636430	1071	0	8
636445	1071	0	8
636460	1071	2	8
636465	1071	2	8
636480	1076	-2	8
636495	1076	-3	8
636510	1076	-1	8
636525	1076	0	8
636540	1076	4	8
636555	1076	6	8
636570	1076	8	8
636575	1080	9	8
636590	1084	10	8
636605	1089	6	8
636620	1094	-3	8
636635	1094	-7	8
636650	1094	-5	8
636665	1089	-2	8
636670	1089	-5	8
636685	1084	-4	8
636700	1084	1	8
636715	1084	5	8
636730	1084	5	8
636745	1084	3	8
636765	1089	2	8
636770	1089	-2	8
636785	1089	-4	8
636800	1089	-3	8
636815	1089	-5	8
636830	1084	-10	8
636845	1080	-14	8
636860	1071	-13	8
636875	1062	-14	8
636880	1058	-14	8
636895	1048	-7	8
636910	1044	-5	8
636925	1040	-14	8
636940	1035	-20	8
636955	1022	-15	8
636970	1012	-9	8
636975	1008	-7	8
636990	1004	-12	8
637005	999	-15	8
637020	990	-15	8
637035	981	-9	8
637050	976	-6	8
637065	972	1	8
637085	972	4	8
637090	972	11	8
637105	976	19	8
637120	990	24	8
637135	1004	23	8
637150	1017	28	8
637165	1030	31	8
637180	1048	28	8
637185	1062	20	8
637200	1076	17	8
637215	1084	15	8
637231	1094	11	8
637247	1098	7	8
637263	1102	12	8
637279	1112	14	8
637284	1116	6	8
637300	1120	2	8
637315	1120	9	8
637330	1130	8	8
637345	1134	3	8
637361	1134	0	8
637376	1134	-4	8
637391	1134	-11	8
637396	1130	-17	8
637412	1120	-17	8
637427	1112	-17	8
637442	1102	-15	8
637457	1094	-5	8
637472	1089	-1	8
637487	1089	-4	8
637492	1084	-7	8
637507	1084	-6	8
637522	1080	-7	8
637537	1076	-6	8
637552	1071	-4	8
637567	1071	-1	8
637582	1071	-7	8
637587	1066	-8	8
637602	1062	-5	8
637617	1058	-1	8
637632	1058	2	8
637647	1058	2	8
637662	1058	5	8
637678	1058	2	8
637693	1058	2	8
637698	1062	6	8
637713	1062	7	8
637728	1066	5	8
637743	1071	4	8
637758	1071	8	8
637773	1076	11	8
637788	1084	4	8
637793	1084	3	8
637808	1089	11	8
637823	1094	12	8
637839	1102	8	8
637854	1107	6	8
637869	1107	7	8
637884	1112	5	8
637899	1116	6	8
637904	1120	9	8
637919	1125	4	8
637934	1125	-2	8
637949	1125	1	8
637964	1125	0	8
637979	1125	-8	8
637995	1125	-20	8
638000	1112	-25	8
638015	1098	-25	8
638030	1084	-24	8
638045	1071	-19	8
638060	1062	-11	8
638075	1053	-9	8
638090	1048	-14	8
638095	1044	-17	8
638110	1030	-19	8
638125	1022	-24	8
638140	1008	-27	8
638155	994	-23	8
638171	981	-22	8
638186	968	-21	8
638201	954	-19	8
638206	945	-6	8
638221	940	-6	8
638236	940	-9	8
638251	932	-1	8
638266	932	2	8
638281	932	4	8
638302	932	-1	8
638307	932	7	8
638322	936	10	8
638337	940	10	8
638353	945	14	8
638368	954	20	8
638383	968	24	8
638398	981	24	8
638413	994	28	8
638418	1008	33	8
638433	1026	32	8
638448	1044	27	8
638463	1062	28	8
638478	1076	25	8
638493	1089	13	8
638508	1098	4	8
638513	1098	3	8
638528	1102	-3	8
638543	1102	-11	8
638558	1098	-3	8
638573	1098	2	8
638588	1098	-2	8
638603	1098	-6	8
638608	1094	-5	8
638623	1089	-7	8
638639	1084	-13	8
638654	1080	-14	8
638669	1071	-12	8
638684	1062	-13	8
638699	1058	-19	8
638714	1044	-20	8
638719	1035	-21	8
638734	1022	-19	8
638749	1012	-16	8
638764	1004	-10	8
638779	999	-12	8
638794	990	-14	8
638809	981	-13	8
638814	976	-7	8
638829	972	-7	8
638844	968	-11	8
638859	963	-5	8
638874	958	0	8
638889	958	0	8
638904	958	4	8
638909	958	9	8
638924	963	6	8
638939	968	2	8
638954	968	4	8
638969	968	11	8
638984	976	7	8
639004	981	3	8
639019	981	6	8
639024	986	3	8
639039	986	4	8
639054	990	8	8
639069	994	15	8
639084	999	8	8
639099	1004	3	8
639114	1008	9	8
639119	1012	16	8
639134	1022	6	8
639149	1026	-3	8
639164	1026	-2	8
639179	1026	-3	8
639194	1026	-13	8
639209	1017	-15	8
639229	1008	-9	8
639234	1004	-11	8
639249	999	-16	8
639264	990	-14	8
639279	981	-13	8
639294	972	-19	8
639309	963	-22	8
639324	950	-21	8
639329	936	-19	8
639344	927	-19	8
639359	918	-15	8
639374	909	-17	8
639389	900	-29	8
639404	882	-30	8
639419	864	-23	8
639424	850	-24	8
639439	837	-23	8
639454	828	-13	8
639469	819	-3	8
639484	819	1	8
639499	819	2	8
639514	819	9	8
639529	819	16	8
639534	828	16	8
639549	837	17	8
639564	846	22	8
639579	860	22	8
639594	873	22	8
639609	886	23	8
639629	896	28	8
639634	914	28	8
639649	927	26	8
639664	945	27	8
639679	958	20	8
639694	972	9	8
639709	976	8	8
639724	981	9	8
639729	986	3	8
639744	986	-2	8
639759	986	-2	8
639774	986	-1	8
639789	986	-7	8
639804	986	-5	8
639819	981	5	8
639834	981	6	8
639839	981	7	8
639854	986	7	8
639869	990	3	8
639884	994	-5	8
639899	994	-6	8
639914	990	-5	8
639929	986	-6	8
639934	986	-9	8
639949	981	-4	8
639964	976	-1	8
639979	976	2	8
639994	976	3	8
640009	976	5	8
640025	976	2	8
640041	981	-2	8
640047	981	-3	8
640063	981	0	8
640079	981	-3	8
640094	976	-7	8
640109	976	-4	8
640124	972	-2	8
640139	972	-7	8
640144	968	-7	8
640159	963	-7	8
640174	958	-9	8
640189	954	-12	8
640204	950	-9	8
640219	940	-4	8
640234	940	-3	8
640239	940	-5	8
640254	936	4	8
640269	936	9	8
640284	940	9	8
640300	945	12	8
640315	950	14	8
640330	958	11	8
640345	963	14	8
640350	972	20	8
640365	986	23	8
640380	999	20	8
640395	1008	17	8
640410	1017	13	8
640425	1026	14	8
640440	1035	15	8
640445	1040	13	8
640460	1048	8	8
640475	1053	1	8
640490	1053	0	8
640505	1053	0	8
640520	1053	-4	8
640540	1053	-13	8
640555	1048	-12	8
640561	1040	-4	8
640576	1040	-2	8
640591	1040	-7	8
640606	1035	-7	8
640621	1030	-6	8
640636	1026	-8	8
640651	1022	-8	8
640656	1017	-9	8
640671	1012	-18	8
640686	1004	-23	8
640701	990	-21	8
640716	976	-14	8
640731	972	-10	8
640747	963	-11	8
640752	958	-4	8
640767	954	-3	8
640782	954	-1	8
640797	954	0	8
640812	954	2	8
640827	954	2	8
640842	954	7	8
640857	954	15	8
640862	963	23	8
640877	976	20	8
640892	990	13	8
640907	994	13	8
640922	1004	14	8
640937	1012	18	8
640957	1022	20	8
640962	1030	20	8
640977	1044	13	8
640992	1053	12	8
641007	1058	8	8
641022	1062	2	8
641037	1062	-7	8
641052	1062	-9	8
641057	1058	-3	8
641072	1058	2	8
641087	1058	3	8
641102	1058	1	8
641117	1058	3	8
641132	1058	1	8
641147	1058	-1	8
641162	1058	-2	8
641167	1058	-5	8
641182	1058	-8	8
641197	1053	-13	8
641212	1044	-15	8
641227	1040	-16	8
641242	1030	-19	8
641257	1017	-17	8
641262	1008	-14	8
641277	999	-12	8
641292	994	-9	8
641307	990	-3	8
641322	986	-5	8
641338	986	-7	8
641353	981	-9	8
641373	976	-11	8
641378	968	-13	8
641393	963	-12	8
641408	954	-4	8
641423	954	4	8
641439	954	6	8
641455	954	6	8
641471	958	6	8
641476	963	2	8
641492	963	2	8
641508	963	3	8
641524	963	2	8
641540	968	4	8
641556	968	5	8
641571	972	4	8
641576	972	6	8
641591	976	6	8
641606	981	2	8
641621	981	3	8
641636	981	7	8
641651	986	8	8
641666	990	12	8
641681	999	8	8
641686	1004	0	8
641701	1004	-2	8
641716	1004	8	8
641731	1008	14	8
641746	1012	11	8
641762	1022	13	8
641777	1026	14	8
641782	1035	6	8
641797	1040	-4	8
641812	1040	-9	8
641827	1035	-10	8
641842	1030	-14	8
641857	1022	-15	8
641872	1012	-15	8
641887	1004	-10	8
641892	999	-6	8
641907	994	-5	8
641922	994	-7	8
641937	990	-10	8
641952	986	-6	8
641967	981	-3	8
641982	976	-5	8
641987	976	-7	8
642002	972	3	8
642017	972	10	8
642032	976	11	8
642047	981	5	8
642062	986	6	8
642077	986	11	8
642082	994	11	8
642097	999	12	8
642112	1008	15	8
642127	1017	11	8
642142	1022	7	8
642157	1026	6	8
642172	1030	6	8
642187	1030	2	8
642192	1035	-2	8
642207	1035	1	8
642222	1035	0	8
642237	1035	-3	8
642252	1035	-5	8
642267	1030	-2	8
642282	1030	-3	8
642287	1030	-8	8
642302	1026	-12	8
642317	1017	-10	8
642332	1012	-8	8
642347	1008	-6	8
642362	1004	-3	8
642377	1004	-5	8
642382	999	-9	8
642397	994	-9	8
642412	990	-9	8
642427	986	-14	8
642442	976	-13	8
642457	968	-5	8
642477	968	-2	8
642492	968	-10	8
642497	958	-14	8
642512	954	-8	8
642527	950	-8	8
642542	945	-10	8
642557	936	-9	8
642572	932	4	8
642587	932	13	8
642592	936	19	8
642607	950	22	8
642622	963	21	8
642637	972	26	8
642652	986	28	8
642667	1004	27	8
642683	1017	27	8
642698	1035	28	8
642703	1048	32	8
642718	1066	32	8
642733	1084	25	8
642748	1098	18	8
642763	1112	17	8
642778	1120	14	8
642793	1125	0	8
642799	1125	-5	8
642814	1125	-5	8
642829	1125	-6	8
642844	1120	-4	8
642859	1120	-10	8
642874	1116	-13	8
642889	1107	-17	8
642894	1098	-16	8
642909	1089	-15	8
642924	1080	-18	8
642939	1071	-18	8
642954	1058	-11	8
642969	1053	-17	8
642984	1044	-26	8
643005	1030	-26	8
643010	1012	-20	8
643025	1004	-14	8
643040	994	-15	8
643055	986	-13	8
643070	981	-3	8
643085	976	-1	8
643100	976	-1	8
643105	976	-1	8
643120	976	8	8
643135	976	4	8
643150	981	0	8
643165	981	2	8
643180	981	1	8
643195	981	-2	8
643200	981	-2	8
643215	981	-1	8
643230	981	-6	8
643245	976	-8	8
643261	972	-12	8
643276	968	-18	8
643291	958	-17	8
643306	950	-10	8
643311	940	-5	8
643326	940	-7	8
643341	936	-9	8
643356	932	-12	8
643371	922	-14	8
643386	914	-17	8
643401	904	-13	8
643406	900	-8	8
643421	896	-9	8
643436	891	-12	8
643451	882	-5	8
643466	878	5	8
643481	878	3	8
643496	882	1	8
643516	882	1	8
643521	882	2	8
643536	882	1	8
643551	882	3	8
643567	886	9	8
643583	891	12	8
643598	896	18	8
643613	904	22	8
643618	918	27	8
643633	936	22	8
643648	945	15	8
643663	954	19	8
643678	968	16	8
643693	976	11	8
643708	981	3	8
643713	981	2	8
643728	986	-5	8
643743	986	-11	8
643758	976	-8	8
643773	972	-10	8
643788	968	-14	8
643803	958	-10	8
643818	954	-5	8
643823	954	-8	8
643838	950	-17	8
643853	936	-22	8
643868	927	-20	8
643883	914	-22	8
643898	900	-29	8
643913	886	-29	8
643918	868	-27	8
643933	855	-28	8
643948	837	-22	8
643963	828	-18	8
643978	814	-13	8
643993	810	-10	8
644013	801	0	8
644028	801	6	8
644033	801	-1	8
644048	801	1	8
644063	801	7	8
644078	806	7	8
644093	810	4	8
644108	814	13	8
644123	819	21	8
644128	832	16	8
644143	842	14	8
644158	850	17	8
644173	860	27	8
644188	873	27	8
644203	886	22	8
644218	900	18	8
644223	909	19	8
644239	922	16	8
644255	932	15	8
644271	940	12	8
644287	945	13	8
644303	954	13	8
644319	958	14	8
644335	968	5	8
644340	972	-12	8
644355	968	-21	8
644370	958	-18	8
644385	945	-15	8
644400	936	-9	8
644415	932	3	8
644430	932	9	8
644435	936	2	8
644450	936	-3	8
644465	936	1	8
644480	936	-6	8
644495	936	-14	8
644510	927	-13	8
644525	922	-6	8
644530	918	-7	8
644545	914	-9	8
644560	909	-13	8
644575	900	-8	8
644590	896	-4	8
644605	896	-1	8
644620	896	6	8
644635	896	9	8
644640	900	12	8
644655	904	22	8
644670	918	27	8
644685	932	21	8
644700	945	12	8
644715	950	14	8
644730	958	14	8
644735	968	11	8
644750	972	9	8
644766	976	14	8
644781	986	9	8
644796	990	-1	8
644811	990	6	8
644826	994	10	8
644841	999	2	8
644846	999	-3	8
644861	999	2	8
644876	999	3	8
644891	1004	-1	8
644906	1004	1	8
644922	1004	6	8
644937	1004	4	8
644942	1008	1	8
644957	1008	4	8
644972	1012	1	8
644987	1012	-5	8
645002	1012	-8	8
645017	1008	-5	8
645032	1004	-7	8
645037	999	-11	8
645052	994	-9	8
645067	990	-5	8
645082	986	-10	8
645097	981	-17	8
645112	972	-11	8
645132	968	-7	8
645147	963	-12	8
645152	954	-15	8
645167	945	-8	8
645182	940	-8	8
645197	936	-11	8
645212	932	-11	8
645227	927	-8	8
645242	922	-5	8
645247	918	-2	8
645262	918	4	8
645277	918	7	8
645292	918	11	8
645307	927	15	8
645322	932	20	8
645337	945	23	8
645342	958	25	8
645357	972	28	8
645372	986	29	8
645387	1004	32	8
645402	1022	36	8
645417	1044	36	8
645437	1062	30	8
645452	1080	18	8
645457	1089	22	8
645473	1102	23	8
645488	1116	13	8
645503	1120	6	8
645518	1125	8	8
645533	1130	8	8
645548	1134	-2	8
645553	1134	-6	8
645568	1134	-5	8
645583	1130	-5	8
645599	1130	-5	8
645615	1125	2	8
645631	1125	1	8
645647	1125	-7	8
645662	1125	-10	8
645667	1116	-13	8
645682	1112	-18	8
645697	1098	-23	8
645712	1089	-20	8
645727	1076	-16	8
645743	1066	-16	8
645758	1058	-15	8
645763	1048	-9	8
645778	1044	-8	8
645793	1040	-11	8
645808	1035	-8	8
645823	1030	0	8
645838	1030	-1	8
645853	1030	-3	8
645858	1026	2	8
645873	1026	8	8
645889	1030	7	8
645904	1030	8	8
645919	1035	10	8
645934	1044	11	8
645950	1048	12	8
645965	1058	22	8
645970	1066	25	8
645985	1080	22	8
646000	1094	21	8
646015	1107	21	8
646030	1116	14	8
646045	1125	5	8
646060	1130	2	8
646065	1130	5	8
646080	1134	3	8
646095	1134	3	8
646110	1134	9	8
646125	1143	10	8
646140	1148	3	8
646155	1148	-4	8
646170	1148	-4	8
646175	1148	-5	8
646190	1143	-14	8
646205	1138	-18	8
646220	1125	-19	8
646235	1116	-28	8
646250	1102	-36	8
646266	1080	-33	8
646271	1062	-29	8
646286	1044	-28	8
646301	1030	-21	8
646316	1017	-11	8
646331	1012	-7	8
646346	1008	-8	8
646361	1004	-5	8
646366	999	-4	8
646381	999	-5	8
646396	994	-3	8
646411	994	0	8
646426	994	3	8
646441	994	6	8
646456	994	21	8
646477	1008	32	8
646482	1026	32	8
646497	1044	26	8
646512	1058	28	8
646527	1071	26	8
646542	1089	19	8
646557	1098	14	8
646572	1107	16	8
646577	1116	16	8
646592	1125	7	8
646607	1130	1	8
646622	1130	1	8
646637	1130	-10	8
646653	1130	-13	8
646668	1120	-8	8
646673	1116	-4	8
646689	1112	-5	8
646705	1112	-2	8
646720	1112	0	8
646735	1112	-9	8
646750	1102	-13	8
646765	1098	-2	8
646780	1098	-2	8
646785	1094	-11	8
646800	1089	-16	8
646815	1080	-8	8
646830	1076	-4	8
646846	1071	-5	8
646861	1071	-6	8
646876	1066	-4	8
646881	1066	-3	8
646896	1062	-3	8
646911	1062	3	8
646926	1062	3	8
646941	1062	1	8
646956	1062	5	8
646971	1062	15	8
646986	1071	16	8
646991	1080	9	8
647006	1084	15	8
647021	1094	22	8
647036	1107	14	8
647051	1116	10	8
647066	1120	18	8
647081	1130	20	8
647086	1143	11	8
647101	1148	8	8
647116	1152	4	8
647131	1156	-3	8
647146	1156	-7	8
647161	1152	-2	8
647176	1152	1	8
647181	1152	-7	8
647196	1148	-13	8
647211	1143	-7	8
647226	1138	-5	8
647241	1134	-14	8
647256	1125	-18	8
647276	1116	-13	8
647291	1112	-15	8
647296	1102	-19	8
647311	1089	-18	8
647326	1080	-14	8
647341	1071	-18	8
647356	1062	-15	8
647371	1053	-8	8
647386	1048	-9	8
647391	1044	-12	8
647406	1040	-1	8
647421	1035	10	8
647436	1040	5	8
647451	1040	2	8
647466	1044	4	8
647481	1044	-1	8
647486	1044	-10	8
647501	1044	-14	8
647516	1035	-9	8
647531	1030	-11	8
647546	1022	-10	8
647561	1017	-6	8
647576	1012	-4	8
647596	1012	-8	8
647601	1008	-11	8
647616	1004	-7	8
647631	999	-1	8
647646	999	-3	8
647661	994	-3	8
647676	994	1	8
647691	994	-4	8
647696	990	-10	8
647711	986	-2	8
647726	986	5	8
647741	986	1	8
647756	986	3	8
647771	986	7	8
647786	990	6	8
647801	994	-4	8
647806	994	-6	8
647821	990	3	8
647836	990	4	8
647851	990	9	8
647866	999	13	8
647881	1004	7	8
647896	1008	-5	8
647901	1008	-1	8
647916	1008	9	8
647931	1008	8	8
647946	1012	5	8
647961	1017	7	8
647977	1022	5	8
647992	1026	-1	8
647997	1026	-1	8
648012	1026	2	8
648028	1026	-3	8
648043	1026	-12	8
648058	1022	-12	8
648073	1012	-4	8
648088	1012	-10	8
648108	1004	-22	8
648113	994	-14	8
648128	986	-7	8
648143	981	-9	8
648159	976	-11	8
648174	968	-8	8
648189	963	-8	8
648204	958	-8	8
648209	954	-5	8
648224	954	-6	8
648239	950	-13	8
648254	940	-12	8
648269	936	-1	8
648284	936	0	8
648299	936	-6	8
648314	932	4	8
648319	932	16	8
648334	940	16	8
648349	950	16	8
648364	958	20	8
648379	968	25	8
648394	981	17	8
648409	990	15	8
648414	999	20	8
648429	1012	20	8
648444	1022	18	8
648459	1035	15	8
648474	1040	15	8
648489	1048	8	8
648504	1053	2	8
648509	1058	3	8
648524	1058	2	8
648539	1058	-3	8
648554	1058	2	8
648569	1058	10	8
648584	1062	4	8
648604	1066	-3	8
648619	1066	3	8
648624	1066	5	8
648639	1066	-3	8
648654	1066	-11	8
648669	1066	-7	8
648684	1062	-8	8
648699	1058	-11	8
648714	1048	-11	8
648719	1044	-9	8
648734	1040	-14	8
648749	1030	-21	8
648764	1017	-18	8
648779	1008	-18	8
648794	999	-19	8
648809	990	-15	8
648814	981	-4	8
648829	976	0	8
648844	976	-4	8
648859	976	2	8
648874	976	16	8
648889	981	12	8
648904	990	3	8
648924	990	12	8
648929	994	23	8
648944	1008	26	8
648959	1026	26	8
648974	1040	28	8
648989	1053	26	8
649004	1071	29	8
649019	1084	34	8
649024	1102	33	8
649039	1125	29	8
649054	1138	32	8
649069	1156	37	8
649084	1179	30	8
649099	1197	17	8
649114	1206	20	8
649129	1215	24	8
649134	1228	18	8
649149	1238	5	8
649164	1242	11	8
649179	1246	12	8
649194	1256	3	8
649209	1256	-5	8
649224	1256	1	8
649229	1256	3	8
649244	1256	-1	8
649259	1256	0	8
649274	1256	2	8
649289	1256	1	8
649304	1256	1	8
649324	1260	0	8
649329	1260	-6	8
649344	1260	-14	8
649359	1251	-12	8
649374	1242	-2	8
649389	1242	-9	8
649404	1238	-15	8
649419	1228	-6	8
649434	1224	-3	8
649439	1224	-6	8
649454	1220	-13	8
649469	1215	-12	8
649484	1206	-7	8
649499	1202	-11	8
649514	1197	-8	8
649529	1192	1	8
649534	1192	7	8
649550	1192	11	8
649565	1197	20	8
649580	1210	23	8
649595	1224	21	8
649610	1233	27	8
649625	1251	37	8
649630	1269	30	8
649645	1287	23	8
649661	1300	29	8
649676	1318	34	8
649691	1336	28	8
649706	1350	25	8
649721	1368	30	8
649736	1382	27	8
649741	1400	15	8
649756	1408	11	8
649771	1413	9	8
649786	1418	0	8
649801	1418	-10	8
649817	1418	-6	8
649833	1413	-8	8
649839	1408	-25	8
649855	1395	-34	8
649871	1377	-27	8
649887	1359	-31	8
649903	1341	-40	8
649918	1318	-38	8
649933	1300	-25	8
649948	1282	-17	8
649953	1274	-15	8
649968	1264	-13	8
649983	1260	-10	8
649998	1256	-10	8
650013	1246	-5	8
650028	1246	0	8
650043	1246	1	8
650048	1246	2	8
650063	1246	16	8
650078	1251	24	8
650093	1264	15	8
650108	1274	11	8
650123	1278	20	8
650138	1292	24	8
650143	1305	23	8
650158	1318	25	8
650173	1332	29	8
650188	1350	18	8
650203	1359	-7	8
650218	1359	-35	8
650233	1336	-57	8
650248	1305	-66	8
650253	1269	-66	8
650268	1233	-56	8
650284	1202	-40	8
650299	1179	-31	8
650314	1161	-20	8
650329	1148	-22	8
650344	1138	-37	8
650349	1116	-38	8
650364	1094	-24	8
650379	1080	-21	8
650394	1071	-27	8
650409	1053	-25	8
650424	1040	-16	8
650444	1030	-12	8
650459	1026	-15	8
650464	1017	-7	8
650479	1012	6	8
650494	1012	4	8
650509	1012	2	8
650524	1017	5	8
650539	1017	9	8
650554	1022	5	8
650559	1026	9	8
650574	1030	20	8
650589	1044	24	8
650604	1058	27	8
650619	1071	26	8
650634	1084	24	8
650649	1098	15	8
650654	1107	14	8
650669	1116	15	8
650684	1125	11	8
650699	1130	10	8
650714	1134	8	8
650729	1138	8	8
650744	1143	-2	8
650764	1143	-10	8
650769	1143	-8	8
650784	1138	-3	8
650799	1134	-10	8
650814	1130	-10	8
650829	1125	-3	8
650844	1120	-5	8
650859	1120	-16	8
650864	1112	-22	8
650879	1098	-19	8
650894	1089	-18	8
650909	1076	-18	8
650924	1066	-19	8
650939	1058	-21	8
650954	1044	-21	8
650959	1035	-13	8
650974	1026	-9	8
650989	1022	-14	8
651004	1012	-13	8
651019	1004	-1	8
651034	1004	8	8
651049	1004	3	8
651064	1008	1	8
651069	1008	8	8
651084	1012	19	8
651099	1022	17	8
651114	1030	20	8
651129	1044	26	8
651144	1058	30	8
651160	1076	30	8
651167	1094	35	8
651182	1112	34	8
651197	1130	25	8
651212	1143	20	8
651227	1156	21	8
651242	1170	16	8
651257	1179	6	8
651273	1179	-2	8
651278	1179	-5	8
651293	1179	-12	8
651308	1174	-12	8
651323	1166	-6	8
651338	1166	-2	8
651353	1161	-7	8
651368	1156	-10	8
651373	1152	-11	8
651388	1148	-15	8
651403	1138	-13	8
651418	1130	-10	8
651433	1125	-13	8
651448	1116	-22	8
651468	1107	-25	8
651473	1094	-18	8
651488	1080	-19	8
651503	1071	-22	8
651518	1058	-21	8
651533	1048	-5	8
651548	1044	-2	8
651563	1044	-7	8
651579	1040	-6	8
651584	1035	1	8
651599	1035	4	8
651614	1035	1	8
651629	1035	4	8
651644	1035	-2	8
651659	1035	-2	8
651674	1035	6	8
651679	1040	14	8
651694	1044	15	8
651709	1053	20	8
651724	1066	26	8
651739	1080	24	8
651754	1094	17	8
651769	1102	15	8
651784	1112	17	8
651789	1120	12	8
651805	1130	7	8
651820	1134	7	8
651835	1134	9	8
651850	1143	5	8
651865	1143	4	8
651880	1148	6	8
651885	1148	3	8
651900	1152	-5	8
651915	1152	-5	8
651930	1148	-3	8
651945	1148	-8	8
651960	1143	-16	8
651980	1134	-10	8
651985	1130	-8	8
652000	1125	-13	8
652015	1116	-15	8
652030	1107	-12	8
652045	1102	-13	8
652060	1094	-20	8
652075	1084	-21	8
652090	1071	-20	8
652095	1062	-24	8
652110	1048	-20	8
652125	1035	-12	8
652140	1030	-7	8
652155	1026	-11	8
652170	1017	-8	8
652185	1012	-6	8
652190	1012	-6	8
652206	1008	-11	8
652221	999	-2	8
652236	999	1	8
652251	999	2	8
652266	999	1	8
652281	999	13	8
652286	1004	11	8
652301	1012	12	8
652316	1017	11	8
652331	1026	8	8
652346	1030	1	8
652361	1030	-2	8
652376	1030	0	8
652396	1030	5	8
652401	1030	4	8
652416	1035	2	8
652431	1035	4	8
652446	1035	1	8
652461	1040	-5	8
652476	1040	-9	8
652491	1035	-12	8
652496	1026	-15	8
652511	1017	-19	8
652526	1008	-20	8
652541	994	-15	8
652556	990	-17	8
652571	976	-22	8
652586	968	-28	8
652601	950	-35	8
652606	932	-32	8
652622	914	-23	8
652637	900	-15	8
652652	891	-16	8
652667	882	-19	8
652682	873	-14	8
652697	864	-12	8
652702	855	-17	8
652717	846	-20	8
652732	837	-14	8
652747	828	-5	8
652762	824	-2	8
652777	824	-3	8
652792	824	-3	8
652797	819	3	8
652812	819	10	8
652827	824	16	8
652842	832	17	8
652857	842	16	8
652872	850	21	8
652892	864	23	8
652907	878	23	8
652912	891	28	8
652927	904	32	8
652942	922	30	8
652957	940	22	8
652972	954	14	8
652987	958	16	8
653002	968	12	8
653007	976	6	8
653022	981	1	8
653037	981	-4	8
653052	981	-5	8
653067	981	-9	8
653082	972	-14	8
653097	968	-17	8
653102	958	-15	8
653117	950	-12	8
653132	940	-11	8
653147	936	-16	8
653162	927	-22	8
653177	914	-23	8
653192	900	-22	8
653212	886	-19	8
653217	878	-19	8
653232	868	-19	8
653247	855	-19	8
653262	846	-15	8
653277	837	-7	8
653292	832	-3	8
653307	832	-7	8
653312	828	-4	8
653327	824	4	8
653342	824	9	8
653357	828	1	8
653372	828	0	8
653387	828	3	8
653402	832	11	8
653417	837	9	8
653422	842	7	8
653437	846	14	8
653452	855	21	8
653467	864	17	8
653482	878	10	8
653497	882	4	8
653512	882	2	8
653517	886	2	8
653532	886	-3	8
653547	886	-11	8
653562	882	-12	8
653578	873	-8	8
653593	868	-9	8
653608	864	-15	8
653613	855	-14	8
653628	850	-5	8
653643	846	-5	8
653658	842	-14	8
653673	837	-19	8
653688	824	-12	8
653708	819	-7	8
653723	814	-10	8
653728	810	-19	8
653743	796	-25	8
653758	783	-22	8
653773	770	-18	8
653788	760	-18	8
653803	752	-17	8
653818	742	-11	8
653823	734	-1	8
653838	734	6	8
653853	734	5	8
653868	738	10	8
653883	742	12	8
653898	752	16	8
653913	760	15	8
653928	765	20	8
653934	778	21	8
653950	792	21	8
653966	801	22	8
653981	814	25	8
653996	828	23	8
654011	842	18	8
654026	850	13	8
654031	860	11	8
654046	864	6	8
654062	868	0	8
654077	868	-9	8
654092	868	-15	8
654107	860	-20	8
654122	846	-20	8
654127	837	-17	8
654142	828	-8	8
654157	824	-7	8
654172	819	-6	8
654188	814	-7	8
654203	810	-8	8
654218	806	-11	8
654233	801	-14	8
654238	792	-15	8
654253	783	-21	8
654268	774	-18	8
654283	760	-18	8
654298	752	-17	8
654313	742	-22	8
654328	729	-16	8
654333	720	-10	8
654348	716	-6	8
654363	711	-6	8
654378	706	-3	8
654393	706	2	8
654408	706	5	8
654428	706	-1	8
654434	706	-18	8
654449	702	-40	8
654464	680	-56	8
654479	648	-61	8
654494	612	-58	8
654509	580	-49	8
654524	554	-39	8
654539	531	-31	8
654544	513	-23	8
654559	500	-17	8
654574	490	-19	8
654589	477	-17	8
654604	468	-11	8
654619	464	-10	8
654634	459	-9	8
654639	454	-7	8
654654	450	-12	8
654669	441	-17	8
654684	432	-15	8
654699	423	-11	8
654714	418	-11	8
654729	410	-3	8
654745	410	1	8
654750	410	-1	8
654765	410	-2	8
654780	410	-1	8
654795	410	1	8
654810	410	0	8
654825	410	5	8
654840	410	13	8
654845	414	19	8
654860	428	25	8
654875	441	25	8
654890	454	22	8
654905	468	18	8
654920	477	20	8
654940	486	27	8
654945	504	32	8
654960	522	34	8
654975	540	35	8
654990	558	35	8
655005	580	28	8
655020	594	19	8
655035	608	11	8
655050	612	5	8
655055	616	4	8
655071	616	-1	8
655086	616	-3	8
655101	616	-11	8
655117	612	-12	8
655132	608	-15	8
655147	598	-14	8
655152	590	-18	8
655167	580	-24	8
655183	567	-31	8
655198	549	-36	8
655213	526	-36	8
655228	508	-31	8
655243	490	-27	8
655248	477	-26	8
655263	459	-22	8
655279	450	-19	8
655294	436	-15	8
655309	428	-16	8
655324	418	-18	8
655339	410	-18	8
655354	400	-19	8
655359	387	-14	8
655374	382	-12	8
655390	374	-6	8
655406	369	0	8
655422	369	4	8
655438	369	4	8
655454	374	6	8
655459	374	7	8
655475	378	6	8
655490	382	4	8
655505	382	6	8
655520	387	13	8
655535	396	15	8
655550	405	18	8
655565	414	16	8
655570	423	17	8
655585	432	18	8
655600	441	12	8
655615	450	8	8
655630	454	6	8
655645	459	4	8
655660	459	-2	8
655665	459	-11	8
655680	454	-18	8
655695	446	-17	8
655710	436	-16	8
655725	428	-13	8
655740	418	-10	8
655755	414	-8	8
655760	410	-6	8
655775	405	-9	8
655790	400	-16	8
655806	392	-20	8
655821	382	-17	8
655836	374	-12	8
655851	364	-10	8
655866	360	-8	8
655871	356	-7	8
655886	351	-7	8
655901	346	-10	8
655916	342	-7	8
655931	338	-4	8
655946	333	3	8
655961	333	6	8
655966	338	4	8
655981	338	3	8
655996	342	4	8
656011	342	8	8
656026	346	12	8
656041	356	11	8
656056	360	13	8
656076	369	11	8
656081	374	8	8
656096	378	2	8
656112	378	0	8
656127	378	-3	8
656142	378	-1	8
656157	378	-1	8
656172	378	-3	8
656177	378	-4	8
656192	378	-4	8
656207	374	-7	8
656222	369	-9	8
656238	364	-5	8
656253	360	-4	8
656268	360	-8	8
656273	356	-15	8
656288	346	-15	8
656303	338	-17	8
656318	328	-18	8
656333	320	-21	8
656348	306	-17	8
656363	297	-8	8
656378	292	-5	8
656383	288	-1	8
656398	288	1	8
656413	288	0	8
656428	288	3	8
656443	288	1	8
656458	288	2	8
656473	288	3	8
656478	292	5	8
656493	292	12	8
656508	302	21	8
656523	310	26	8
656538	328	30	8
656553	342	28	8
656568	360	28	8
656573	374	26	8
656588	392	23	8
656603	405	20	8
656618	414	14	8
656633	423	8	8
656648	428	4	8
656668	428	0	8
656683	428	-4	8
656688	428	-5	8
656703	428	-3	8
656718	428	-4	8
656734	423	-4	8
656750	423	-1	8
656766	423	3	8
656782	423	-3	8
656787	423	-11	8
656803	414	-13	8
656818	410	-10	8
656833	400	-13	8
656848	396	-14	8
656863	387	-10	8
656878	382	-4	8
656894	378	-1	8
656899	378	-3	8
656914	378	-2	8
656929	374	3	8
656944	374	12	8
656959	378	16	8
656974	387	9	8
656989	396	0	8
656994	396	3	8
657009	396	9	8
657024	400	18	8
657039	410	24	8
657054	423	32	8
657069	441	31	8
657084	459	28	8
657089	477	23	8
657104	490	25	8
657119	504	23	8
657134	518	19	8
657149	526	13	8
657164	536	9	8
657179	540	4	8
657195	540	1	8
657200	540	-2	8
657215	540	-1	8
657230	540	-1	8
657245	540	3	8
657261	540	9	8
657276	544	4	8
657291	549	1	8
657296	549	1	8
657311	549	-6	8
657326	549	-18	8
657341	540	-23	8
657356	526	-19	8
657371	518	-13	8
657386	508	-14	8
657391	500	-15	8
657406	490	-11	8
657421	486	-7	8
657436	482	-7	8
657451	477	-14	8
657466	472	-14	8
657481	464	-14	8
657496	454	-10	8
657501	450	-11	8
657516	441	-10	8
657531	436	-10	8
657546	432	2	8
657561	432	11	8
657576	436	10	8
657596	441	6	8
657601	446	12	8
657616	450	17	8
657631	459	8	8
657646	464	1	8
657661	464	5	8
657676	468	10	8
657691	472	15	8
657706	482	20	8
657711	495	21	8
657726	504	20	8
657741	518	21	8
657756	526	22	8
657771	540	19	8
657786	554	11	8
657801	558	8	8
657806	562	6	8
657821	567	-1	8
657836	567	-6	8
657851	567	-9	8
657866	562	-10	8
657881	554	-12	8
657896	549	-14	8
657901	540	-9	8
657916	536	-10	8
657931	531	-15	8
657946	522	-15	8
657961	513	-16	8
657976	504	-17	8
657996	495	-19	8
658011	482	-15	8
658016	477	-12	8
658031	468	-8	8
658046	464	-7	8
658061	459	-6	8
658076	454	-10	8
658091	450	-9	8
658106	446	-13	8
658111	436	-15	8
658126	432	-12	8
658142	423	-8	8
658158	418	-1	8
658174	418	3	8
658190	418	5	8
658206	418	10	8
658222	423	14	8
658227	432	16	8
658243	441	23	8
658259	454	31	8
658274	472	30	8
658289	490	16	8
658304	500	12	8
658319	504	16	8
658324	513	12	8
658339	522	5	8
658354	522	6	8
658369	526	15	8
658384	536	16	8
658399	544	9	8
658414	549	5	8
658419	554	8	8
658434	558	7	8
658449	558	4	8
658464	562	-1	8
658479	562	-2	8
658494	562	-3	8
658509	562	-1	8
658524	562	-2	8
658529	562	-3	8
658544	558	3	8
658559	558	2	8
658574	558	-4	8
658589	558	-15	8
658605	554	-17	8
658621	540	-13	8
658626	536	-16	8
658641	526	-20	8
658656	513	-15	8
658671	504	-12	8
658686	500	-12	8
658701	490	-12	8
658716	486	-11	8
658721	482	-10	8
658736	472	-10	8
658751	468	-9	8
658766	464	-7	8
658781	459	-4	8
658796	459	-6	8
658811	454	-4	8
658826	450	-4	8
658831	450	-5	8
658846	446	0	8
658861	446	7	8
658876	446	15	8
658891	454	20	8
658906	468	24	8
658921	482	22	8
658926	490	15	8
658941	500	16	8
658956	508	15	8
658971	518	9	8
658986	522	0	8
659001	522	-4	8
659016	522	3	8
659032	522	5	8
659037	526	7	8
659052	531	10	8
659067	536	8	8
659082	540	2	8
659097	540	-6	8
659112	540	-7	8
659132	536	-6	8
659137	536	-7	8
659152	531	-6	8
659167	526	-9	8
659182	522	-9	8
659197	518	-8	8
659212	513	-11	8
659227	504	-15	8
659232	495	-13	8
659247	490	-6	8
659262	486	-4	8
659277	486	-11	8
659293	477	-14	8
659308	468	-2	8
659323	468	5	8
659338	468	-6	8
659343	468	-11	8
659358	464	-5	8
659373	459	1	8
659388	459	0	8
659403	459	6	8
659418	459	13	8
659433	468	20	8
659438	477	22	8
659453	490	23	8
659468	504	15	8
659483	513	8	8
659498	518	10	8
659513	522	13	8
659528	531	9	8
659543	536	3	8
659548	536	0	8
659563	536	1	8
659578	536	-4	8
659593	536	-9	8
659609	531	-5	8
659624	531	-6	8
659639	526	-11	8
659644	522	-9	8
659659	518	-4	8
659674	513	-5	8
659689	508	-7	8
659704	508	-7	8
659719	504	-8	8
659739	500	-18	8
659744	486	-24	8
659759	472	-21	8
659774	464	-20	8
659789	450	-27	8
659804	436	-26	8
659819	423	-19	8
659834	410	-20	8
659849	400	-12	8
659854	392	-4	8
659869	392	2	8
659884	392	-4	8
659899	392	2	8
659914	392	0	8
659929	392	-4	8
659944	387	-5	8
659949	387	6	8
659964	387	11	8
659979	392	13	8
659994	400	13	8
660009	405	15	8
660024	414	11	8
660039	418	-3	8
660044	418	-5	8
660059	418	2	8
660074	418	1	8
660089	418	-6	8
660104	418	-7	8
660119	414	-5	8
660139	410	-7	8
660155	410	-6	8
660160	405	-2	8
660175	405	-4	8
660190	400	-3	8
660205	400	2	8
660221	400	5	8
660236	400	-2	8
660251	400	-5	8
660256	400	3	8
660272	400	4	8
660287	400	-7	8
660302	400	-15	8
660317	392	-11	8
660332	382	-10	8
660347	378	-7	8
660362	374	-7	8
660367	369	-9	8
660382	364	-10	8
660397	360	-9	8
660412	356	-1	8
660427	356	-3	8
660442	351	-7	8
660457	351	0	8
660462	351	7	8
660477	351	3	8
660492	351	-2	8
660507	351	-3	8
660522	351	-2	8
660538	351	-3	8
660553	351	-3	8
660558	346	5	8
660573	346	6	8
660588	351	5	8
660603	351	1	8
660618	351	-2	8
660633	351	-10	8
660648	351	-8	8
660668	346	-6	8
660673	342	-10	8
660688	338	-17	8
660704	328	-25	8
660719	315	-42	8
660734	288	-67	8
660749	252	-80	8
660764	207	-79	8
660769	162	-71	8
660784	122	-65	8
660799	86	-57	8
660814	54	-41	8
660829	32	-29	8
660844	14	-24	8
660859	0	-14	8
660864	3591	-10	8
660879	3586	-17	8
660894	3578	-13	8
660909	3568	0	8
660924	3568	4	8
660939	3568	-6	8
660954	3568	-2	8
660969	3568	10	8
660974	3568	11	8
660990	3578	7	8
661006	3582	12	8
661022	3586	20	8
661037	0	21	8
661052	9	20	8
661067	22	20	8
661072	32	18	8
661087	40	19	8
661102	54	25	8
661117	68	27	8
661133	81	23	8
661148	94	21	8
661163	108	21	8
661178	117	14	8
661183	126	-1	8
661198	126	-5	8
661213	126	1	8
661228	126	-1	8
661243	126	-8	8
661258	122	-11	8
661273	117	-5	8
661278	112	-1	8
661293	112	-4	8
661308	112	-2	8
661323	108	0	8
661338	108	-2	8
661353	108	-2	8
661368	108	-3	8
661373	108	-7	8
661388	104	-11	8
661404	94	-6	8
661419	94	-4	8
661434	90	-4	8
661449	90	-4	8
661464	86	1	8
661479	86	7	8
661484	86	8	8
661499	90	15	8
661514	99	24	8
661529	112	24	8
661545	126	26	8
661560	140	27	8
661575	158	24	8
661580	171	22	8
661595	180	22	8
661611	194	27	8
661626	212	22	8
661641	220	17	8
661656	230	19	8
661671	243	23	8
661691	256	19	8
661696	266	12	8
661711	274	11	8
661726	279	8	8
661741	284	-1	8
661756	284	-8	8
661771	284	-6	8
661786	279	-6	8
661791	274	-3	8
661806	274	-5	8
661821	270	-6	8
661836	266	-11	8
661851	261	-8	8
661866	256	-5	8
661881	252	-7	8
661886	252	-20	8
661901	238	-22	8
661916	225	-14	8
661931	220	-9	8
661946	212	-9	8
661961	207	-4	8
661976	207	0	8
661996	207	5	8
662001	207	10	8
662016	212	17	8
662031	220	14	8
662046	230	19	8
662061	238	33	8
662076	256	35	8
662091	279	30	8
662096	292	30	8
662111	310	39	8
662126	333	46	8
662141	360	35	8
662156	378	23	8
662171	392	18	8
662186	400	16	8
662191	410	10	8
662206	414	6	8
662221	418	1	8
662236	418	-2	8
662251	418	-1	8
662266	418	-2	8
662281	418	-6	8
662296	418	-4	8
662302	414	6	8
662317	414	9	8
662332	418	0	8
662347	418	-4	8
662362	418	1	8
662377	418	2	8
662392	418	-11	8
662397	418	-19	8
662412	405	-11	8
662427	400	-3	8
662442	400	-4	8
662457	396	-6	8
662472	392	-3	8
662487	392	-2	8
662507	392	0	8
662512	392	-2	8
662527	387	-6	8
662542	387	-5	8
662557	382	1	8
662572	382	3	8
662588	382	-3	8
662603	382	-1	8
662608	382	13	8
662623	387	22	8
662638	400	22	8
662653	410	24	8
662668	423	31	8
662683	441	29	8
662698	459	22	8
662703	472	22	8
662718	482	21	8
662733	495	16	8
662748	504	13	8
662763	513	15	8
662778	518	18	8
662793	531	15	8
662808	540	18	8
662813	549	19	8
662828	558	14	8
662844	567	4	8
662859	567	1	8
662874	572	0	8
662889	572	-2	8
662904	572	-7	8
662909	567	-10	8
662924	562	-18	8
662939	554	-24	8
662954	540	-28	8
662969	522	-25	8
662984	508	-28	8
663000	495	-24	8
663005	482	-13	8
663020	472	-1	8
663035	472	-3	8
663050	472	-1	8
663066	468	5	8
663081	468	4	8
663096	472	-3	8
663111	472	-2	8
663116	472	7	8
663131	472	12	8
663146	477	23	8
663161	490	33	8
663176	508	36	8
663191	531	33	8
663211	549	33	8
663216	567	33	8
663231	585	22	8
663246	598	20	8
663261	612	24	8
663276	626	21	8
663291	634	8	8
663306	639	1	8
663321	639	5	8
663326	644	-1	8
663341	644	-3	8
663356	644	-1	8
663371	644	5	8
663386	644	0	8
663401	644	-1	8
663416	644	-4	8
663421	644	-10	8
663436	639	-10	8
663451	634	-9	8
663466	630	-11	8
663481	621	-21	8
663496	612	-27	8
663516	594	-17	8
663521	585	-13	8
663536	576	-18	8
663551	567	-24	8
663566	554	-11	8
663581	549	-5	8
663596	544	-10	8
663611	540	-9	8
663626	536	-5	8
663631	531	-2	8
663646	531	-2	8
663662	531	3	8
663678	531	1	8
663694	531	-3	8
663710	531	4	8
663726	531	11	8
663731	536	7	8
663747	540	6	8
663763	540	10	8
663779	549	12	8
663795	554	5	8
663811	558	-1	8
663827	558	6	8
663842	558	8	8
663847	562	4	8
663862	567	-1	8
663877	567	0	8
663892	567	1	8
663907	567	-2	8
663922	567	-5	8
663937	567	-9	8
663942	562	-11	8
663957	554	-1	8
663972	554	7	8
663987	554	3	8
664002	558	-1	8
664017	558	3	8
664032	558	8	8
664037	562	-2	8
664052	562	-10	8
664067	558	-5	8
664082	558	-2	8
664097	554	1	8
664112	554	6	8
664128	554	8	8
664143	558	1	8
664148	562	1	8
664163	562	6	8
664178	562	4	8
664193	567	-2	8
664208	567	-8	8
664223	567	-8	8
664238	562	-6	8
664243	558	-7	8
664258	554	-6	8
664273	549	-3	8
664288	549	3	8
664303	549	5	8
664318	549	7	8
664333	554	5	8
664338	554	0	8
664354	554	3	8
664369	558	5	8
664384	558	2	8
664399	562	-4	8
664414	562	0	8
664429	562	0	8
664444	562	0	8
664449	562	3	8
664464	562	9	8
664479	567	10	8
664494	572	7	8
664509	576	8	8
664524	580	4	8
664539	580	3	8
664545	585	4	8
664560	585	-1	8
664575	585	-17	8
664590	580	-21	8
664605	567	-16	8
664620	558	-14	8
664635	549	-20	8
664650	540	-22	8
664655	526	-16	8
664671	518	-13	8
664686	513	-25	8
664701	495	-31	8
664716	482	-26	8
664731	464	-19	8
664746	454	-16	8
664751	446	-11	8
664766	441	-11	8
664781	432	-18	8
664796	423	-19	8
664811	414	-11	8
664826	405	-14	8
664841	396	-13	8
664846	392	-2	8
664861	392	9	8
664876	392	8	8
664891	396	7	8
664906	400	16	8
664921	410	22	8
664936	418	23	8
664956	432	25	8
664961	446	30	8
664976	464	30	8
664991	482	29	8
665006	500	28	8
665021	513	29	8
665037	531	23	8
665052	544	22	8
665057	554	17	8
665072	562	11	8
665087	572	7	8
665102	576	6	8
665117	576	7	8
665132	580	3	8
665147	585	0	8
665152	585	2	8
665167	585	6	8
665182	590	6	8
665197	590	13	8
665212	598	18	8
665227	608	12	8
665242	616	-3	8
665257	616	-2	8
665262	616	-4	8
665277	616	-12	8
665292	608	-18	8
665307	598	-17	8
665322	590	-7	8
665337	585	-5	8
665352	580	-5	8
665357	580	-8	8
665372	576	-12	8
665387	567	-15	8
665402	558	-15	8
665417	549	-17	8
665432	540	-20	8
665447	531	-23	8
665467	518	-21	8
665472	504	-21	8
665487	495	-25	8
665502	477	-23	8
665517	468	-15	8
665532	459	-13	8
665547	450	-13	8
665562	441	0	8
665567	441	11	8
665583	446	9	8
665598	450	10	8
665613	454	16	8
665628	464	18	8
665643	477	17	8
665658	486	15	8
665663	495	17	8
665678	504	16	8
665693	513	19	8
665708	522	15	8
665723	531	6	8
665738	536	1	8
665753	536	0	8
665768	536	-2	8
665773	536	-8	8
665788	531	-11	8
665803	526	0	8
665818	526	3	8
665833	526	-1	8
665848	526	-6	8
665863	526	-2	8
665868	522	0	8
665883	522	-9	8
665898	518	-8	8
665913	513	0	8
665928	513	5	8
665943	513	3	8
665963	513	0	8
665978	513	5	8
665983	518	3	8
665998	518	9	8
666013	522	15	8
666028	531	12	8
666043	540	9	8
666058	544	14	8
666073	554	19	8
666078	562	17	8
666093	572	15	8
666108	580	18	8
666123	590	24	8
666138	603	18	8
666153	616	11	8
666168	621	8	8
666173	626	7	8
666188	630	4	8
666203	630	0	8
666219	630	-1	8
666234	630	-5	8
666249	630	-2	8
666264	630	11	8
666284	634	22	8
666289	644	27	8
666304	662	38	8
666319	684	48	8
666334	711	43	8
666349	734	33	8
666364	752	31	8
666379	770	28	8
666384	783	20	8
666399	796	20	8
666414	806	21	8
666429	819	14	8
666444	828	16	8
666459	837	18	8
666474	846	17	8
666479	855	4	8
666494	860	-1	8
666510	860	1	8
666526	860	-9	8
666542	855	-22	8
666558	846	-29	8
666574	828	-22	8
666590	814	-22	8
666595	806	-29	8
666611	788	-34	8
666626	770	-31	8
666641	752	-32	8
666656	734	-31	8
666671	716	-22	8
666686	702	-19	8
666691	693	-16	8
666706	684	-10	8
666721	680	0	8
666736	680	-10	8
666751	670	-15	8
666766	662	-7	8
666781	662	1	8
666796	662	1	8
666801	662	4	8
666816	662	20	8
666831	670	31	8
666846	688	33	8
666861	706	28	8
666876	720	24	8
666891	734	24	8
666896	747	21	8
666911	760	21	8
666926	774	21	8
666941	783	21	8
666956	796	22	8
666971	810	19	8
666986	819	8	8
666991	824	1	8
667006	824	9	8
667021	828	13	8
667036	837	3	8
667051	837	-3	8
667066	837	-1	8
667082	837	-1	8
667097	837	-15	8
667102	832	-25	8
667117	819	-26	8
667132	801	-28	8
667147	788	-32	8
667162	770	-30	8
667177	752	-24	8
667192	738	-24	8
667197	724	-21	8
667212	711	-18	8
667227	702	-18	8
667242	693	-23	8
667257	680	-14	8
667272	670	-10	8
667287	666	-15	8
667307	657	-18	8
667312	648	-12	8
667327	639	-4	8
667342	639	-1	8
667357	639	7	8
667372	639	16	8
667387	648	17	8
667402	657	18	8
667407	666	21	8
667422	680	26	8
667437	693	23	8
667452	706	23	8
667467	720	29	8
667482	734	27	8
667497	752	22	8
667502	765	24	8
667517	778	27	8
667532	792	26	8
667547	806	16	8
667562	814	13	8
667577	824	6	8
667592	828	-3	8
667607	828	-4	8
667612	828	-7	8
667627	824	-16	8
667642	814	-20	8
667657	801	-17	8
667672	792	-14	8
667687	783	-15	8
667707	774	-14	8
667712	770	-5	8
667727	765	-2	8
667742	765	-1	8
667757	765	-3	8
667772	760	-4	8
667788	760	-7	8
667803	756	-8	8
667808	752	-2	8
667823	752	-1	8
667838	752	0	8
667854	752	5	8
667870	752	13	8
667886	756	18	8
667902	765	18	8
667918	774	24	8
667923	788	27	8
667939	806	25	8
667954	819	26	8
667969	832	28	8
667984	850	22	8
667999	860	12	8
668014	868	7	8
668019	873	5	8
668034	873	2	8
668049	878	-1	8
668064	878	-10	8
668079	873	-17	8
668094	864	-25	8
668109	850	-21	8
668124	837	-17	8
668129	828	-17	8
668144	819	-20	8
668159	810	-23	8
668174	796	-24	8
668189	783	-30	8
668204	765	-27	8
668219	752	-17	8
668224	738	-15	8
668239	734	-12	8
668254	724	-9	8
668269	720	-9	8
668284	716	-11	8
668299	706	-6	8
668314	706	5	8
668319	706	6	8
668334	706	6	8
668349	711	14	8
668364	720	19	8
668379	729	11	8
668394	734	4	8
668409	738	9	8
668424	742	17	8
668429	752	22	8
668444	765	29	8
668459	783	33	8
668474	801	29	8
668489	814	20	8
668504	828	18	8
668519	837	17	8
668524	846	13	8
668539	855	5	8
668554	855	4	8
668569	860	0	8
668584	860	-8	8
668599	860	-12	8
668619	850	-12	8
668624	846	-15	8
668639	837	-19	8
668654	828	-15	8
668669	819	-9	8
668684	814	-9	8
668700	806	-7	8
668715	806	-8	8
668730	801	-13	8
668735	792	-19	8
668750	783	-16	8
668765	774	-6	8
668780	770	-7	8
668795	765	-14	8
668810	756	-12	8
668825	752	-7	8
668830	747	-7	8
668845	742	-5	8
668860	738	-3	8
668875	738	3	8
668890	738	7	8
668905	738	10	8
668920	747	12	8
668935	752	9	8
668940	756	7	8
668955	760	6	8
668971	765	5	8
668986	765	8	8
669001	770	15	8
669016	778	21	8
669031	792	28	8
669036	806	35	8
669051	828	42	8
669066	850	35	8
669081	868	15	8
669096	878	0	8
669111	878	0	8
669131	878	5	8
669136	882	-1	8
669151	882	-12	8
669166	878	-18	8
669182	868	-18	8
669197	860	-24	8
669213	846	-34	8
669229	824	-50	8
669246	796	-61	8
669251	765	-64	8
669267	729	-68	8
669282	688	-74	8
669297	648	-72	8
669312	608	-57	8
669327	576	-37	8
669342	554	-26	8
669347	540	-19	8
669363	526	-14	8
669379	522	-13	8
669395	513	-16	8
669410	504	-21	8
669425	490	-16	8
669440	482	-6	8
669455	482	-4	8
669460	477	-8	8
669475	472	-4	8
669490	472	-1	8
669505	472	6	8
669520	472	15	8
669535	477	18	8
669550	490	17	8
669555	500	20	8
669570	508	24	8
669585	522	16	8
669600	531	13	8
669615	540	18	8
669630	549	25	8
669645	562	16	8
669650	572	11	8
669665	580	7	8
669680	580	2	8
669695	585	-5	8
669710	585	-8	8
669725	580	-10	8
669740	576	-10	8
669755	567	-11	8
669761	562	-14	8
669776	554	-13	8
669791	549	-13	8
669806	540	-12	8
669822	536	-9	8
669837	526	-14	8
669852	522	-18	8
669857	508	-16	8
669872	500	-8	8
669887	495	-4	8
669902	495	-2	8
669917	495	6	8
669933	495	15	8
669949	500	13	8
669954	508	6	8
669969	513	2	8
669984	513	2	8
669999	513	5	8
670014	518	15	8
670029	526	20	8
670044	536	18	8
670059	549	15	8
670064	554	19	8
670079	567	20	8
670094	576	20	8
670109	590	21	8
670124	598	24	8
670139	612	19	8
670155	626	6	8
670160	630	-3	8
670175	630	-6	8
670190	626	-10	8
670205	621	-17	8
670220	612	-18	8
670235	603	-18	8
670250	590	-22	8
670265	580	-20	8
670270	567	-14	8
670285	558	-9	8
670300	554	-10	8
670315	549	-11	8
670330	544	-13	8
670345	536	-17	8
670360	526	-16	8
670365	518	-13	8
670380	508	-9	8
670395	504	-12	8
670410	500	-12	8
670425	490	-8	8
670440	486	-2	8
670455	486	4	8
670460	486	3	8
670475	486	-2	8
670490	486	-2	8
670505	486	5	8
670520	486	11	8
670535	490	16	8
670555	500	20	8
670570	513	28	8
670575	526	36	8
670590	549	30	8
670605	567	21	8
670621	576	20	8
670637	590	20	8
670653	598	13	8
670669	608	7	8
670674	612	5	8
670690	612	5	8
670705	616	3	8
670720	616	-2	8
670735	616	-7	8
670750	616	-8	8
670765	612	-8	8
670770	608	-8	8
670785	603	-11	8
670800	598	-14	8
670815	590	-10	8
670830	585	-6	8
670845	580	-11	8
670860	576	-14	8
670875	567	-8	8
670880	562	-2	8
670895	562	-4	8
670910	558	-5	8
670925	558	2	8
670940	558	13	8
670955	562	15	8
670970	567	13	8
670975	576	11	8
670990	580	10	8
671005	590	12	8
671020	594	15	8
671035	603	13	8
671051	612	16	8
671066	621	17	8
671081	630	15	8
671086	639	13	8
671101	644	9	8
671116	648	5	8
671131	652	-1	8
671146	652	-12	8
671161	648	-21	8
671176	639	-19	8
671181	626	-16	8
671196	616	-24	8
671211	603	-28	8
671226	590	-24	8
671241	576	-22	8
671256	562	-29	8
671271	544	-32	8
671276	526	-29	8
671291	513	-22	8
671306	500	-24	8
671321	486	-24	8
671336	472	-24	8
671351	459	-25	8
671372	446	-23	8
671388	432	-19	8
671393	423	-14	8
671408	414	-17	8
671423	405	-14	8
671438	396	-13	8
671453	387	-9	8
671468	382	-8	8
671483	378	-2	8
671488	378	2	8
671503	378	3	8
671518	378	5	8
671533	378	9	8
671548	387	6	8
671563	387	2	8
671578	392	8	8
671594	396	14	8
671599	400	16	8
671614	410	10	8
671629	418	6	8
671644	418	12	8
671659	428	6	8
671674	432	2	8
671689	432	0	8
671694	432	1	8
671709	432	-5	8
671724	432	-9	8
671739	428	-11	8
671754	423	-12	8
671769	414	-8	8
671784	410	-4	8
671789	410	-7	8
671804	405	-12	8
671819	396	-8	8
671834	392	-4	8
671850	392	-15	8
671866	382	-23	8
671881	369	-25	8
671896	356	-20	8
671901	342	-23	8
671916	333	-25	8
671931	315	-22	8
671946	306	-18	8
671961	292	-13	8
671976	288	-13	8
671991	279	-8	8
671997	274	-4	8
672013	274	3	8
672029	274	9	8
672045	274	11	8
672061	284	11	8
672076	288	15	8
672091	297	18	8
672096	306	18	8
672111	315	19	8
672127	328	20	8
672142	338	19	8
672157	351	15	8
672172	360	10	8
672187	364	13	8
672202	369	13	8
672207	378	8	8
672222	382	4	8
672238	387	-2	8
672253	387	-9	8
672268	382	-13	8
672283	374	-18	8
672298	364	-14	8
672303	356	-16	8
672318	346	-13	8
672333	342	-12	8
672348	333	-15	8
672363	324	-21	8
672379	315	-27	8
672394	297	-26	8
672409	284	-27	8
672414	270	-39	8
672429	248	-46	8
672444	220	-51	8
672459	194	-59	8
672474	158	-61	8
672489	126	-59	8
672504	90	-57	8
672509	58	-52	8
672524	32	-47	8
672539	4	-35	8
672554	3586	-30	8
672569	3568	-26	8
672584	3555	-23	8
672599	3542	-22	8
672604	3528	-26	8
672619	3514	-22	8
672635	3501	-17	8
672650	3492	-10	8
672665	3488	-10	8
672680	3478	-10	8
672695	3474	-8	8
672715	3470	-11	8
672720	3465	-10	8
672735	3456	-6	8
672750	3456	-3	8
672765	3452	-1	8
672780	3452	0	8
672795	3452	4	8
672810	3452	5	8
672815	3452	0	8
672830	3452	1	8
672845	3456	3	8
672861	3456	3	8
672876	3456	4	8
672891	3460	10	8
672906	3465	11	8
672911	3470	8	8
672927	3474	9	8
672942	3483	10	8
672957	3488	14	8
672972	3496	14	8
672988	3501	11	8
673003	3510	4	8
673018	3510	-6	8
673023	3510	-12	8
673038	3506	-11	8
673053	3496	-11	8
673068	3492	-5	8
673083	3488	-2	8
673099	3488	-1	8
673114	3488	-4	8
673119	3488	-8	8
673134	3483	-13	8
673149	3474	-16	8
673164	3465	-20	8
673179	3452	-21	8
673194	3442	-16	8
673209	3434	-16	8
673224	3424	-16	8
673229	3416	-13	8
673244	3406	-10	8
673259	3402	-6	8
673274	3398	-9	8
673289	3393	-9	8
673304	3388	-9	8
673319	3384	-9	8
673324	3380	-6	8
673339	3375	-7	8
673354	3370	-9	8
673369	3366	-4	8
673384	3362	0	8
673399	3362	-1	8
673415	3362	-1	8
673420	3362	4	8
673435	3362	8	8
673450	3366	9	8
673465	3370	8	8
673480	3375	10	8
673495	3380	12	8
673510	3388	9	8
673530	3393	-2	8
673535	3393	-5	8
673550	3393	-4	8
673565	3388	0	8
673580	3388	5	8
673595	3388	8	8
673610	3393	7	8
673625	3398	8	8
673630	3402	5	8
673645	3406	-1	8
673660	3406	-10	8
673675	3402	-12	8
673690	3398	-9	8
673705	3388	-14	8
673721	3384	-18	8
673737	3370	-18	8
673742	3362	-15	8
673757	3352	-18	8
673773	3344	-20	8
673788	3334	-18	8
673803	3321	-18	8
673818	3312	-16	8
673834	3303	-15	8
673839	3294	-9	8
673854	3290	-3	8
673869	3290	1	8
673884	3290	3	8
673899	3290	6	8
673914	3290	7	8
673929	3294	5	8
673934	3298	5	8
673950	3298	7	8
673966	3303	12	8
673981	3312	14	8
673996	3316	12	8
674011	3326	4	8
674026	3326	-3	8
674041	3326	-4	8
674046	3326	-3	8
674061	3326	1	8
674076	3326	6	8
674091	3326	5	8
674106	3330	0	8
674122	3330	-2	8
674137	3330	0	8
674142	3330	-7	8
674157	3326	-12	8
674172	3321	-15	8
674187	3312	-19	8
674202	3303	-19	8
674217	3290	-17	8
674233	3280	-17	8
674238	3272	-13	8
674253	3262	-4	8
674268	3262	-1	8
674283	3262	-4	8
674298	3258	-13	8
674313	3254	-15	8
674328	3244	-14	8
674343	3236	-11	8
674348	3231	-15	8
674363	3222	-20	8
674378	3208	-19	8
674393	3200	-18	8
674408	3190	-23	8
674423	3177	-29	8
674443	3159	-42	8
674448	3136	-56	8
674463	3105	-61	8
674478	3069	-58	8
674493	3038	-52	8
674508	3006	-45	8
674523	2984	-34	8
674538	2966	-27	8
674553	2948	-27	8
674558	2934	-23	8
674573	2920	-14	8
674588	2912	-7	8
674604	2907	-6	8
674619	2907	2	8
674634	2907	8	8
674649	2907	7	8
674654	2912	9	8
674669	2916	9	8
674684	2920	13	8
674699	2930	9	8
674714	2934	7	8
674729	2938	5	8
674745	2938	11	8
674750	2948	15	8
674765	2956	12	8
674781	2961	13	8
674797	2970	14	8
674813	2974	17	8
674828	2988	19	8
674843	2997	14	8
674858	3006	7	8
674863	3010	2	8
674878	3010	0	8
674893	3010	-7	8
674908	3010	-14	8
674923	3002	-14	8
674938	2992	-15	8
674953	2984	-19	8
674958	2974	-15	8
674973	2966	-10	8
674988	2961	-12	8
675003	2952	-13	8
675018	2948	-11	8
675033	2938	-13	8
675048	2934	-15	8
675053	2925	-13	8
675068	2916	-9	8
675083	2912	-9	8
675098	2907	-12	8
675113	2902	-6	8
675128	2898	1	8
675143	2898	7	8
675158	2898	7	8
675163	2902	11	8
675178	2907	16	8
675193	2916	12	8
675208	2925	12	8
675223	2930	17	8
675238	2938	19	8
675258	2952	15	8
675263	2961	11	8
675278	2966	8	8
675293	2970	4	8
675308	2970	0	8
675323	2970	2	8
675338	2974	-3	8
675354	2974	-10	8
675369	2970	-5	8
675374	2966	1	8
675389	2966	0	8
675405	2966	-4	8
675420	2966	0	8
675435	2966	-2	8
675450	2966	-9	8
675465	2961	-10	8
675470	2952	-7	8
675485	2948	-7	8
675500	2948	-10	8
675515	2938	-11	8
675530	2934	-11	8
675545	2930	-13	8
675560	2920	-18	8
675565	2912	-10	8
675580	2902	2	8
675595	2902	6	8
675610	2907	9	8
675625	2912	11	8
675640	2916	7	8
675655	2920	0	8
675671	2920	4	8
675676	2920	6	8
675691	2925	1	8
675706	2925	3	8
675721	2930	10	8
675736	2934	14	8
675751	2943	8	8
675771	2948	9	8
675776	2952	10	8
675791	2956	5	8
675806	2961	3	8
675821	2961	2	8
675836	2961	-8	8
675851	2961	-13	8
675866	2956	-17	8
675882	2943	-16	8
675887	2934	-16	8
675902	2925	-16	8
675917	2916	-16	8
675932	2907	-15	8
675947	2902	-17	8
675962	2889	-19	8
675977	2880	-15	8
675982	2871	-5	8
675997	2871	-3	8
676012	2866	1	8
676027	2866	2	8
676042	2866	8	8
676057	2871	10	8
676072	2876	17	8
676077	2884	23	8
676092	2898	24	8
676107	2912	21	8
676122	2925	20	8
676137	2934	12	8
676152	2943	10	8
676167	2948	16	8
676182	2956	19	8
676187	2966	13	8
676202	2974	7	8
676217	2979	12	8
676232	2984	9	8
676247	2988	3	8
676262	2992	-3	8
676282	2992	-3	8
676287	2992	-8	8
676302	2988	-12	8
676317	2979	-14	8
676332	2974	-17	8
676347	2961	-24	8
676362	2948	-26	8
676377	2934	-25	8
676382	2920	-27	8
676397	2907	-28	8
676412	2889	-25	8
676427	2876	-20	8
676442	2866	-18	8
676457	2853	-20	8
676472	2844	-16	8
676487	2835	-12	8
676492	2826	-9	8
676507	2822	-7	8
676522	2817	2	8
676537	2817	2	8
676552	2817	0	8
676567	2817	4	8
676582	2817	11	8
676587	2826	5	8
676602	2826	7	8
676617	2830	13	8
676633	2840	17	8
676648	2848	14	8
676663	2858	16	8
676678	2866	17	8
676698	2876	14	8
676703	2884	10	8
676718	2889	3	8
676733	2889	1	8
676748	2889	-2	8
676763	2889	-7	8
676778	2889	-8	8
676793	2884	-8	8
676798	2880	-10	8
676813	2876	-4	8
676828	2871	6	8
676844	2871	0	8
676859	2871	-6	8
676874	2871	-2	8
676889	2871	0	8
676895	2871	-5	8
676910	2871	-11	8
676925	2862	-10	8
676940	2858	-8	8
676955	2853	-8	8
676971	2848	-7	8
676986	2844	-8	8
677001	2840	-9	8
677006	2835	-6	8
677021	2830	1	8
677036	2830	-3	8
677051	2830	-7	8
677066	2826	-6	8
677081	2822	-5	8
677096	2822	-4	8
677101	2817	-3	8
677116	2817	2	8
677131	2817	10	8
677146	2817	15	8
677161	2826	8	8
677176	2830	6	8
677191	2835	7	8
677211	2840	7	8
677216	2844	4	8
677231	2844	1	8
677246	2844	-2	8
677261	2844	-1	8
677276	2844	5	8
677291	2848	6	8
677306	2848	2	8
677311	2853	5	8
677327	2853	11	8
677342	2862	6	8
677357	2862	-3	8
677372	2862	-1	8
677387	2862	3	8
677402	2862	3	8
677407	2866	0	8
677422	2866	-1	8
677437	2866	-1	8
677452	2866	5	8
677467	2866	3	8
677483	2866	3	8
677498	2871	2	8
677513	2871	5	8
677518	2876	8	8
677533	2880	6	8
677548	2880	2	8
677563	2884	-7	8
677578	2884	-10	8
677594	2876	-13	8
677609	2871	-17	8
677614	2862	-16	8
677630	2853	-10	8
677645	2844	-14	8
677660	2840	-19	8
677675	2826	-15	8
677690	2817	-15	8
677705	2812	-17	8
677710	2799	-19	8
677725	2790	-19	8
677740	2781	-19	8
677755	2768	-21	8
677770	2758	-18	8
677785	2745	-14	8
677800	2740	-4	8
677815	2736	3	8
677820	2736	7	8
677835	2740	6	8
677850	2740	7	8
677865	2745	10	8
677880	2750	15	8
677895	2758	20	8
677910	2772	21	8
677915	2781	19	8
677930	2794	15	8
677945	2804	19	8
677960	2812	19	8
677975	2822	22	8
677990	2835	19	8
678010	2848	16	8
678025	2858	20	8
678030	2866	28	8
678045	2884	27	8
678060	2898	17	8
678075	2907	10	8
678090	2912	5	8
678105	2916	-7	8
678120	2916	-7	8
678125	2912	-6	8
678140	2907	-7	8
678155	2902	-9	8
678170	2898	-11	8
678185	2894	-11	8
678200	2889	-8	8
678215	2884	-7	8
678220	2880	-7	8
678235	2876	-13	8
678250	2866	-12	8
678265	2862	-10	8
678280	2853	-10	8
678295	2848	-15	8
678315	2840	-16	8
678330	2830	-7	8
678335	2826	3	8
678350	2826	4	8
678366	2826	-8	8
678381	2826	-2	8
678396	2826	3	8
678411	2826	3	8
678426	2826	2	8
678431	2826	3	8
678446	2830	7	8
678461	2830	11	8
678476	2840	14	8
678491	2848	12	8
678506	2853	7	8
678521	2858	11	8
678526	2862	7	8
678541	2866	3	8
678556	2871	-2	8
678571	2871	-3	8
678586	2871	0	8
678601	2871	4	8
678616	2871	6	8
678631	2871	8	8
678636	2876	14	8
678651	2884	14	8
678666	2894	8	8
678681	2898	7	8
678696	2902	8	8
678711	2907	10	8
678731	2912	6	8
678736	2916	3	8
678751	2916	-6	8
678766	2916	-16	8
678782	2907	-22	8
678797	2894	-22	8
678812	2884	-17	8
678827	2871	-16	8
678842	2862	-10	8
678847	2858	-10	8
678862	2853	-14	8
678877	2844	-17	8
678892	2835	-20	8
678907	2826	-18	8
678922	2812	-12	8
678937	2808	-13	8
678942	2799	-10	8
678957	2794	-12	8
678973	2786	-8	8
678989	2781	-4	8
679005	2781	0	8
679021	2781	4	8
679037	2781	6	8
679042	2781	16	8
679058	2790	26	8
679074	2808	26	8
679089	2822	21	8
679105	2830	23	8
679120	2844	20	8
679135	2858	17	8
679150	2866	20	8
679155	2876	19	8
679170	2889	14	8
679185	2898	4	8
679200	2898	3	8
679216	2898	10	8
679231	2907	13	8
679246	2912	7	8
679251	2916	4	8
679266	2920	3	8
679281	2920	4	8
679296	2925	6	8
679311	2925	1	8
679326	2925	-4	8
679341	2925	-8	8
679356	2925	-8	8
679361	2920	-9	8
679376	2916	-19	8
679391	2902	-20	8
679406	2894	-6	8
679421	2889	-3	8
679437	2889	-5	8
679452	2884	-6	8
679457	2880	-6	8
679472	2880	-12	8
679487	2871	-13	8
679502	2862	-13	8
679517	2858	-14	8
679532	2848	-15	8
679547	2840	-8	8
679552	2835	0	8
679567	2835	4	8
679582	2835	10	8
679597	2840	19	8
679612	2848	21	8
679627	2862	19	8
679642	2871	22	8
679657	2884	26	8
679662	2898	29	8
679677	2916	21	8
679692	2930	13	8
679707	2934	13	8
679722	2943	18	8
679737	2952	19	8
679752	2966	20	8
679757	2974	17	8
679772	2984	10	8
679787	2988	10	8
679802	2997	7	8
679817	3002	1	8
679832	3002	-5	8
679847	3002	-2	8
679852	3002	-2	8
679867	2997	-14	8
679882	2992	-20	8
679897	2979	-17	8
679912	2970	-18	8
679927	2961	-24	8
679947	2948	-20	8
679962	2934	-14	8
679967	2930	-10	8
679982	2920	-8	8
679997	2916	-11	8
680012	2912	-6	8
680027	2907	-1	8
680042	2907	-2	8
680057	2907	-3	8
680062	2902	-6	8
680077	2902	-1	8
680092	2902	4	8
680107	2902	10	8
680122	2902	9	8
680137	2912	10	8
680152	2916	14	8
680167	2925	18	8
680172	2934	13	8
680187	2938	10	8
680202	2948	15	8
680217	2956	14	8
680232	2961	12	8
680247	2970	19	8
680267	2979	15	8
680272	2988	5	8
680287	2992	1	8
680303	2992	6	8
680318	2997	1	8
680333	2997	-11	8
680349	2992	-17	8
680364	2984	-15	8
680369	2974	-10	8
680384	2970	-7	8
680400	2966	-11	8
680415	2961	-9	8
680430	2956	-4	8
680445	2952	-1	8
680461	2952	-6	8
680476	2948	-11	8
680481	2943	-12	8
680496	2934	-9	8
680511	2930	-6	8
680526	2925	-13	8
680541	2920	-21	8
680556	2907	-13	8
680571	2902	-3	8
680576	2898	-7	8
680591	2894	-8	8
680606	2889	1	8
680621	2889	3	8
680636	2889	4	8
680651	2889	7	8
680666	2894	11	8
680671	2902	11	8
680686	2907	13	8
680701	2916	20	8
680716	2925	24	8
680731	2938	26	8
680746	2952	33	8
680761	2974	31	8
680777	2988	27	8
680782	3006	25	8
680798	3020	30	8
680813	3038	30	8
680828	3051	20	8
680843	3064	12	8
680858	3069	10	8
680873	3078	6	8
680878	3078	2	8
680893	3082	-1	8
680908	3082	0	8
680923	3082	-7	8
680938	3082	-11	8
680953	3074	-10	8
680968	3069	-8	8
680983	3064	-4	8
680988	3060	-2	8
681003	3060	2	8
681018	3060	-1	8
681033	3060	1	8
681048	3060	10	8
681063	3064	10	8
681078	3069	4	8
681083	3074	10	8
681098	3078	17	8
681113	3087	16	8
681128	3096	16	8
681143	3105	23	8
681158	3118	27	8
681178	3132	27	8
681183	3150	25	8
681199	3164	30	8
681214	3177	30	8
681229	3195	22	8
681244	3208	13	8
681259	3218	7	8
681274	3218	-3	8
681289	3218	-11	8
681294	3218	-11	8
681309	3208	-14	8
681324	3200	-22	8
681339	3190	-31	8
681354	3172	-29	8
681369	3154	-27	8
681384	3141	-28	8
681389	3123	-27	8
681404	3110	-28	8
681419	3092	-31	8
681434	3078	-31	8
681449	3060	-26	8
681464	3042	-21	8
681479	3033	-21	8
681499	3020	-12	8
681504	3015	-1	8
681519	3015	-2	8
681534	3010	-1	8
681549	3010	2	8
681564	3010	9	8
681579	3015	11	8
681594	3020	11	8
681599	3024	17	8
681615	3038	23	8
681630	3046	26	8
681645	3064	28	8
681660	3078	37	8
681675	3100	38	8
681690	3123	33	8
681695	3141	35	8
681710	3159	35	8
681725	3177	23	8
681741	3190	8	8
681757	3195	1	8
681773	3195	-6	8
681789	3195	-11	8
681805	3190	-7	8
681810	3186	-1	8
681826	3186	1	8
681841	3186	0	8
681856	3186	1	8
681871	3186	-4	8
681886	3186	-12	8
681901	3177	-10	8
681906	3172	-6	8
681922	3168	-7	8
681937	3168	-13	8
681952	3159	-17	8
681967	3150	-11	8
681982	3141	-7	8
681997	3141	-7	8
682002	3136	-5	8
682017	3132	3	8
682032	3132	8	8
682047	3136	11	8
682062	3141	12	8
682077	3146	10	8
682092	3154	3	8
682107	3154	7	8
682112	3159	15	8
682127	3168	21	8
682142	3177	26	8
682157	3195	32	8
682172	3213	30	8
682187	3226	26	8
682202	3244	24	8
682207	3258	23	8
682222	3272	17	8
682237	3280	16	8
682252	3290	15	8
682267	3298	11	8
682282	3303	1	8
682297	3303	-4	8
682312	3303	-11	8
682317	3298	-14	8
682332	3290	-6	8
682347	3290	12	8
682362	3290	30	8
682377	3308	44	8
682392	3330	52	8
682407	3362	63	8
682412	3398	71	8
682427	3438	68	8
682442	3474	61	8
682457	3510	55	8
682472	3542	47	8
682487	3568	34	8
682502	3586	21	8
682507	3596	10	8
682522	4	2	8
682537	4	4	8
682552	4	1	8
682567	9	-9	8
682582	4	-21	8
682602	3596	-16	8
682617	3586	-13	8
682622	3578	-18	8
682637	3568	-21	8
682652	3555	-13	8
682667	3550	-10	8
682682	3542	-12	8
682698	3537	-12	8
682713	3528	-14	8
682718	3524	-20	8
682733	3510	-18	8
682748	3501	-14	8
682763	3492	-12	8
682778	3488	-12	8
682793	3478	-5	8
682808	3474	3	8
682813	3474	4	8
682828	3474	0	8
682843	3474	7	8
682858	3478	18	8
682873	3492	18	8
682888	3501	15	8
682903	3510	19	8
682923	3519	26	8
682928	3532	25	8
682943	3546	22	8
682958	3560	21	8
682973	3573	15	8
682988	3582	9	8
683003	3586	9	8
683018	3591	4	8
683023	3591	-6	8
683038	3591	-11	8
683053	3586	-9	8
683068	3582	-12	8
683083	3578	-17	8
683098	3564	-17	8
683113	3555	-13	8
683128	3550	-10	8
683133	3542	-9	8
683148	3537	-13	8
683163	3532	-16	8
683178	3524	-13	8
683193	3514	-12	8
683208	3510	-10	8
683223	3501	-9	8
683228	3496	-7	8
683243	3492	1	8
683258	3492	5	8
683273	3492	3	8
683288	3496	1	8
683303	3496	5	8
683318	3496	8	8
683323	3501	10	8
683338	3510	19	8
683353	3519	29	8
683368	3537	30	8
683383	3550	26	8
683398	3568	24	8
683418	3582	23	8
683433	3591	14	8
683438	0	13	8
683453	9	18	8
683468	18	16	8
683483	27	15	8
683498	36	15	8
683513	45	19	8
683528	54	11	8
683533	63	-2	8
683548	63	-5	8
683563	63	-8	8
683578	58	-9	8
683593	50	-14	8
683608	45	-12	8
683623	36	-15	8
683638	27	-20	8
683643	18	-14	8
683658	9	-8	8
683673	4	-7	8
683688	0	-6	8
683703	3596	1	8
683718	3596	3	8
683738	3596	0	8
683743	3596	-2	8
683758	3596	6	8
683774	0	8	8
683789	4	9	8
683804	9	14	8
683819	14	16	8
683834	22	17	8
683839	36	11	8
683854	40	16	8
683869	50	20	8
683884	58	20	8
683899	72	16	8
683914	81	12	8
683929	86	9	8
683944	94	7	8
683949	94	0	8
683964	94	-4	8
683979	94	-4	8
683994	94	-1	8
684009	94	6	8
684024	94	7	8
684039	99	4	8
684044	99	-1	8
684059	99	-5	8
684074	99	-13	8
684089	94	-25	8
684104	81	-30	8
684119	63	-36	8
684134	45	-34	8
684139	22	-29	8
684154	9	-22	8
684169	3596	-22	8
684184	3582	-21	8
684199	3573	-19	8
684214	3560	-23	8
684234	3546	-23	8
684249	3532	-18	8
684254	3524	-9	8
684269	3519	-7	8
684284	3514	-8	8
684300	3510	-11	8
684315	3506	-5	8
684330	3501	3	8
684345	3501	9	8
684350	3506	14	8
684365	3514	24	8
684380	3528	32	8
684395	3546	35	8
684411	3564	39	8
684426	3586	35	8
684441	4	28	8
684456	22	22	8
684461	32	13	8
684476	40	2	8
684491	40	-3	8
684506	40	1	8
684522	40	12	8
684537	50	13	8
684552	54	14	8
684557	63	13	8
684573	72	12	8
684589	76	7	8
684605	81	-3	8
684621	81	-15	8
684636	76	-16	8
684651	68	-15	8
684656	58	-14	8
684671	50	-14	8
684687	40	-17	8
684702	32	-16	8
684717	22	-5	8
684732	18	3	8
684747	18	4	8
684762	18	5	8
684767	22	8	8
684782	27	11	8
684797	32	9	8
684813	40	6	8
684828	40	6	8
684843	45	4	8
684858	50	6	8
684863	50	11	8
684878	58	18	8
684894	68	19	8
684909	76	20	8
684924	90	13	8
684939	94	5	8
684954	99	2	8
684969	99	1	8
684974	99	-1	8
684989	99	-8	8
685004	99	-13	8
685019	94	-19	8
685034	81	-15	8
685049	72	-9	8
685064	68	-8	8
685069	63	-8	8
685084	58	-5	8
685099	58	-7	8
685114	54	-8	8
685129	50	-10	8
685144	40	-11	8
685160	36	-13	8
685165	27	-9	8
685180	22	-9	8
685195	18	-12	8
685210	14	-11	8
685225	4	-3	8
685240	4	-1	8
685255	4	1	8
685271	4	5	8
685276	4	2	8
685291	4	8	8
685306	9	10	8
685321	14	12	8
685336	22	16	8
685351	32	16	8
685366	40	16	8
685371	50	13	8
685386	54	9	8
685401	58	9	8
685416	68	15	8
685431	72	18	8
685446	86	15	8
685466	94	10	8
685471	99	13	8
685486	104	10	8
685501	112	1	8
685516	112	-4	8
685531	112	-6	8
685546	108	-3	8
685561	108	-7	8
685576	104	-15	8
685581	94	-20	8
685596	86	-19	8
685611	72	-9	8
685626	68	-11	8
685641	63	-13	8
685656	54	-14	8
685671	50	-4	8
685676	45	-4	8
685691	45	-8	8
685706	40	-11	8
685721	32	-12	8
685736	27	-11	8
685751	18	-13	8
685766	14	-13	8
685786	4	-12	8
685791	0	-9	8
685806	3591	-4	8
685821	3591	4	8
685836	3591	15	8
685851	3596	19	8
685866	9	16	8
685881	18	22	8
685886	32	23	8
685901	40	17	8
685917	54	12	8
685933	58	13	8
685948	68	13	8
685963	72	13	8
685978	81	12	8
685983	86	5	8
685998	90	-2	8
686013	90	-1	8
686028	90	-2	8
686043	90	-7	8
686058	86	-11	8
686073	81	-11	8
686088	76	-11	8
686093	68	-11	8
686108	63	-18	8
686123	54	-19	8
686138	40	-20	8
686153	32	-20	8
686168	18	-19	8
686183	9	-15	8
686188	0	-15	8
686203	3591	-17	8
686218	3582	-13	8
686233	3573	-12	8
686248	3568	-12	8
686263	3560	-17	8
686278	3550	-17	8
686283	3542	-17	8
686298	3532	-14	8
686313	3524	-5	8
686328	3524	4	8
686343	3524	9	8
686358	3524	21	8
686378	3537	24	8
686394	3550	19	8
686399	3560	10	8
686415	3568	6	8
686430	3568	8	8
686445	3573	1	8
686460	3578	-5	8
686476	3578	-1	8
686491	3578	8	8
686496	3578	7	8
686511	3582	1	8
686526	3582	-1	8
686541	3582	-1	8
686556	3582	-3	8
686571	3582	-6	8
686586	3578	-3	8
686601	3578	-6	8
686606	3573	-8	8
686621	3568	-6	8
686636	3564	-9	8
686651	3560	-13	8
686666	3555	-11	8
686681	3546	-9	8
686696	3542	-10	8
686701	3537	-13	8
686716	3528	-11	8
686731	3524	-15	8
686746	3514	-18	8
686761	3506	-12	8
686776	3496	-1	8
686791	3496	2	8
686796	3496	0	8
686811	3496	5	8
686826	3496	15	8
686841	3506	15	8
686856	3514	15	8
686871	3524	17	8
686886	3532	26	8
686906	3546	30	8
686911	3564	33	8
686926	3582	27	8
686941	3596	21	8
686956	9	19	8
686971	18	19	8
686986	32	20	8
687001	40	19	8
687006	54	15	8
687021	63	16	8
687036	72	11	8
687051	76	2	8
687066	76	1	8
687081	76	0	8
687096	76	-7	8
687111	76	-14	8
687116	72	-23	8
687131	58	-24	8
687146	45	-27	8
687161	27	-25	8
687176	14	-17	8
687191	4	-8	8
687206	0	-2	8
687211	0	2	8
687226	0	3	8
687241	0	2	8
687256	0	0	8
687271	0	1	8
687286	0	5	8
687301	4	6	8
687306	4	5	8
687321	9	9	8
687336	14	14	8
687351	22	15	8
687367	32	22	8
687383	40	25	8
687399	58	27	8
687415	72	24	8
687420	86	25	8
687435	99	16	8
687450	108	9	8
687465	112	8	8
687480	117	7	8
687495	122	-5	8
687511	122	-17	8
687516	112	-17	8
687531	104	-15	8
687546	94	-22	8
687561	81	-27	8
687576	68	-23	8
687591	54	-17	8
687606	45	-14	8
687611	36	-12	8
687627	32	-13	8
687642	22	-13	8
687657	18	-16	8
687672	9	-20	8
687687	3596	-22	8
687702	3582	-24	8
687722	3568	-22	8
687727	3560	-17	8
687742	3546	-18	8
687757	3537	-16	8
687773	3528	-14	8
687788	3519	-11	8
687803	3514	-13	8
687818	3506	-11	8
687823	3501	-3	8
687839	3501	4	8
687854	3501	-1	8
687869	3501	-10	8
687884	3496	-8	8
687899	3492	-1	8
687914	3492	2	8
687929	3492	15	8
687934	3496	25	8
687950	3510	28	8
687965	3528	26	8
687980	3542	24	8
687995	3555	19	8
688010	3564	18	8
688025	3573	17	8
688030	3586	14	8
688045	3591	8	8
688060	3596	4	8
688075	0	6	8
688090	4	1	8
688105	4	-1	8
688120	4	3	8
688125	4	5	8
688140	9	8	8
688155	14	4	8
688170	14	6	8
688185	18	10	8
688200	22	10	8
688215	27	0	8
688230	27	-5	8
688235	27	-4	8
688250	27	-13	8
688265	18	-18	8
688280	9	-21	8
688295	0	-21	8
688310	3586	-15	8
688330	3578	-11	8
688335	3573	-15	8
688350	3564	-17	8
688365	3555	-18	8
688380	3542	-14	8
688395	3537	-15	8
688411	3528	-16	8
688426	3519	-18	8
688431	3510	-17	8
688446	3496	-11	8
688461	3492	-4	8
688476	3492	2	8
688491	3492	13	8
688506	3496	26	8
688521	3510	35	8
688536	3528	36	8
688541	3550	34	8
688556	3568	32	8
688571	3586	29	8
688586	4	22	8
688601	14	14	8
688617	22	7	8
688632	27	8	8
688637	32	5	8
688652	36	1	8
688667	36	-2	8
688682	36	0	8
688697	36	-6	8
688712	36	-11	8
688727	27	-8	8
688743	22	-2	8
688748	22	-1	8
688763	22	-5	8
688778	18	-12	8
688793	14	-12	8
688808	4	-18	8
688823	3596	-22	8
688838	3582	-31	8
688843	3564	-31	8
688858	3546	-31	8
688873	3532	-29	8
688888	3514	-23	8
688903	3501	-23	8
688918	3488	-20	8
688938	3478	-12	8
688943	3470	-2	8
688958	3470	-1	8
688973	3470	2	8
688988	3470	3	8
689003	3470	3	8
689018	3470	-1	8
689033	3470	0	8
689048	3470	1	8
689053	3470	2	8
689068	3470	5	8
689083	3474	7	8
689098	3478	6	8
689113	3478	8	8
689128	3483	12	8
689143	3492	13	8
689148	3501	13	8
689163	3506	18	8
689178	3514	17	8
689194	3528	15	8
689209	3532	9	8
689224	3542	6	8
689239	3542	2	8
689254	3546	-4	8
689259	3546	-8	8
689274	3542	-11	8
689289	3537	-11	8
689304	3528	-9	8
689319	3524	-5	8
689334	3519	4	8
689354	3519	9	8
689359	3524	4	8
689374	3528	6	8
689389	3528	11	8
689404	3537	5	8
689419	3537	-5	8
689434	3537	-5	8
689449	3537	-4	8
689454	3537	-7	8
689469	3532	-10	8
689484	3524	-11	8
689499	3519	-11	8
689514	3514	-13	8
689529	3506	-14	8
689544	3496	-17	8
689560	3488	-17	8
689565	3478	-11	8
689580	3474	-3	8
689595	3470	-4	8
689610	3470	-10	8
689625	3465	-13	8
689640	3456	-9	8
689655	3452	-8	8
689660	3447	-10	8
689675	3442	-4	8
689690	3438	5	8
689705	3438	7	8
689720	3442	10	8
689735	3447	18	8
689750	3456	20	8
689755	3470	17	8
689770	3478	18	8
689785	3488	21	8
689800	3501	17	8
689815	3510	17	8
689830	3519	21	8
689850	3532	24	8
689865	3546	20	8
689870	3555	20	8
689885	3568	23	8
689900	3578	23	8
689915	3591	24	8
689930	4	25	8
689945	18	30	8
689960	36	27	8
689965	54	19	8
689980	63	10	8
689995	68	9	8
690010	72	10	8
690025	81	20	8
690040	90	27	8
690055	104	21	8
690070	117	9	8
690075	122	0	8
690090	122	-4	8
690105	122	-17	8
690120	112	-23	8
690135	104	-21	8
690150	90	-24	8
690166	76	-36	8
690171	54	-38	8
690186	36	-34	8
690201	14	-38	8
690216	3596	-39	8
690231	3573	-29	8
690246	3555	-20	8
690261	3546	-17	8
690266	3537	-12	8
690281	3528	-14	8
690296	3519	-15	8
690311	3510	-14	8
690327	3506	-11	8
690342	3496	-8	8
690363	3492	-4	8
690378	3492	-4	8
690383	3488	6	8
690398	3488	13	8
690413	3496	16	8
690428	3506	12	8
690443	3510	7	8
690458	3514	3	8
690473	3519	2	8
690478	3519	8	8
690493	3524	15	8
690508	3532	11	8
690523	3537	10	8
690538	3542	12	8
690553	3550	6	8
690568	3555	-2	8
690573	3555	-3	8
690588	3555	-1	8
690603	3555	-4	8
690618	3550	-7	8
690633	3546	-8	8
690648	3542	-6	8
690663	3542	-4	8
690678	3537	-5	8
690683	3532	-5	8
690698	3532	-10	8
690713	3528	-16	8
690728	3519	-20	8
690743	3506	-19	8
690758	3496	-21	8
690778	3483	-18	8
690783	3474	-11	8
690798	3465	-11	8
690813	3460	-17	8
690828	3452	-21	8
690844	3438	-15	8
690859	3429	-19	8
690874	3420	-19	8
690889	3411	-13	8
690895	3402	-1	8
690910	3402	9	8
690925	3402	13	8
690940	3411	13	8
690955	3416	8	8
690970	3420	10	8
690985	3429	16	8
690990	3438	20	8
691005	3447	17	8
691020	3456	15	8
691035	3465	17	8
691050	3474	13	8
691065	3483	2	8
691080	3483	-5	8
691085	3483	2	8
691100	3483	8	8
691115	3488	8	8
691130	3492	10	8
691145	3496	9	8
691160	3501	4	8
691175	3506	-3	8
691190	3506	-8	8
691195	3501	-12	8
691210	3496	-21	8
691225	3483	-21	8
691240	3470	-16	8
691255	3460	-18	8
691270	3452	-18	8
691290	3442	-13	8
691295	3434	-9	8
691310	3429	-11	8
691325	3424	-11	8
691340	3416	-9	8
691355	3411	-9	8
691370	3406	-10	8
691385	3402	-5	8
691400	3398	0	8
691405	3398	0	8
691421	3398	2	8
691436	3398	7	8
691451	3402	5	8
691466	3402	1	8
691481	3402	2	8
691496	3406	6	8
691501	3406	4	8
691516	3411	3	8
691532	3411	5	8
691548	3416	11	8
691564	3420	5	8
691580	3424	-1	8
691596	3424	8	8
691601	3429	8	8
691616	3434	-1	8
691631	3434	-6	8
691647	3434	-10	8
691662	3424	-14	8
691677	3420	-18	8
691692	3406	-13	8
691707	3402	-5	8
691712	3398	2	8
691727	3398	7	8
691742	3398	8	8
691757	3402	1	8
691772	3406	0	8
691787	3406	-1	8
691802	3406	3	8
691807	3406	4	8
691822	3406	10	8
691837	3416	26	8
691852	3429	36	8
691867	3447	43	8
691882	3474	42	8
691897	3496	49	8
691902	3524	54	8
691917	3555	58	8
691932	3586	57	8
691947	18	56	8
691962	50	49	8
691977	76	42	8
691992	104	40	8
692007	126	36	8
692012	144	30	8
692027	162	28	8
692042	176	27	8
692057	194	23	8
692072	207	19	8
692087	216	14	8
692102	225	6	8
692107	225	-9	8
692122	225	-8	8
692137	220	-7	8
692152	216	-7	8
692167	212	-8	8
692182	207	-9	8
692202	202	-12	8
692217	198	-17	8
692222	189	-14	8
692237	180	-10	8
692252	176	-5	8
692267	171	-2	8
692282	171	-3	8
692297	166	1	8
692312	166	0	8
692317	166	-2	8
692332	166	-2	8
692347	166	-1	8
692362	166	-2	8
692377	166	3	8
692392	166	8	8
692407	166	12	8
692412	176	16	8
692427	184	26	8
692442	198	26	8
692457	212	15	8
692472	220	13	8
692487	230	21	8
692502	238	20	8
692522	252	15	8
692527	261	13	8
692542	266	15	8
692557	274	14	8
692572	284	8	8
692587	288	5	8
692602	292	2	8
692617	292	3	8
692622	292	4	8
692637	297	-2	8
692652	297	-9	8
692667	292	-9	8
692682	288	-4	8
692697	288	-2	8
692713	284	-8	8
692718	279	-10	8
692733	274	-6	8
692749	270	-11	8
692764	266	-24	8
692779	252	-29	8
692794	234	-25	8
692809	220	-31	8
692824	202	-34	8
692829	184	-24	8
692844	171	-8	8
692859	166	-4	8
692874	166	3	8
692889	166	10	8
692904	166	11	8
692919	176	15	8
692924	184	25	8
692939	198	31	8
692954	216	32	8
692969	234	35	8
692984	252	42	8
692999	274	45	8
693014	302	43	8
693029	324	46	8
693034	351	49	8
693049	378	45	8
693064	405	42	8
693079	428	46	8
693095	454	46	8
693110	477	35	8
693125	500	24	8
693130	513	23	8
693145	526	18	8
693160	536	10	8
693175	540	7	8
693190	544	12	8
693205	554	2	8
693225	554	-10	8
693230	549	-13	8
693245	544	-15	8
693260	536	-17	8
693275	526	-6	8
693290	522	4	8
693305	522	4	8
693321	522	-1	8
693336	522	-5	8
693341	522	-8	8
693356	518	-15	8
693371	508	-10	8
693386	504	0	8
693401	504	1	8
693416	504	-3	8
693431	504	6	8
693436	504	19	8
693451	513	21	8
693466	526	17	8
693482	536	21	8
693497	549	25	8
693512	562	23	8
693527	576	24	8
693542	590	32	8
693547	608	32	8
693562	626	25	8
693578	639	23	8
693593	652	22	8
693608	662	13	8
693623	670	8	8
693638	675	6	8
693643	680	3	8
693658	680	-5	8
693673	680	-1	8
693689	680	0	8
693704	680	-7	8
693719	675	-16	8
693734	666	-17	8
693739	657	-17	8
693754	648	-20	8
693769	639	-20	8
693784	626	-14	8
693799	616	-11	8
693814	612	-17	8
693834	603	-17	8
693850	594	-9	8
693855	590	-7	8
693870	585	-6	8
693885	580	-5	8
693900	576	-1	8
693915	576	-2	8
693930	576	0	8
693945	576	4	8
693950	576	1	8
693965	576	0	8
693980	576	9	8
693995	580	21	8
694011	590	23	8
694026	603	27	8
694041	621	39	8
694046	644	38	8
694061	662	32	8
694077	680	24	8
694092	693	27	8
694107	711	26	8
694122	724	21	8
694137	738	18	8
694152	747	15	8
694157	756	5	8
694173	756	-2	8
694188	756	-7	8
694203	756	-5	8
694218	752	-12	8
694233	747	-10	8
694248	742	-4	8
694253	738	-1	8
694268	738	-2	8
694284	738	0	8
694300	738	0	8
694316	738	-9	8
694332	734	-14	8
694348	724	-5	8
694364	720	-6	8
694369	720	-17	8
694385	706	-16	8
694400	698	-11	8
694415	693	-13	8
694430	684	-17	8
694445	675	-13	8
694460	670	-11	8
694465	662	-15	8
694480	652	-14	8
694495	648	-9	8
694510	644	-7	8
694525	639	-6	8
694540	634	4	8
694555	634	14	8
694560	639	14	8
694575	648	17	8
694590	657	24	8
694605	670	23	8
694620	684	18	8
694635	693	26	8
694650	711	39	8
694665	729	36	8
694670	752	24	8
694685	765	27	8
694700	778	33	8
694715	796	28	8
694730	814	19	8
694745	824	21	8
694760	837	15	8
694765	846	0	8
694780	846	-5	8
694795	846	-9	8
694810	842	-18	8
694825	832	-23	8
694840	819	-19	8
694855	806	-19	8
694870	796	-28	8
694875	783	-30	8
694890	765	-28	8
694905	747	-28	8
694920	734	-29	8
694935	716	-21	8
694950	706	-10	8
694970	698	-10	8
694975	693	-5	8
694990	688	6	8
695005	688	9	8
695020	693	0	8
695035	693	-4	8
695050	693	2	8
695065	693	0	8
695070	693	3	8
695085	698	13	8
695100	702	22	8
695115	716	17	8
695130	724	19	8
695145	734	28	8
695160	752	21	8
695175	765	10	8
695180	770	13	8
695195	774	14	8
695210	783	1	8
695225	783	-10	8
695240	783	-7	8
695255	778	-7	8
695270	774	-12	8
695275	770	-8	8
695290	765	-2	8
695305	760	-8	8
695320	756	-20	8
695335	747	-21	8
695350	734	-21	8
695371	724	-28	8
695376	706	-34	8
695391	688	-31	8
695406	670	-27	8
695421	657	-26	8
695436	639	-12	8
695451	634	4	8
695466	634	5	8
695481	634	2	8
695486	634	12	8
695501	644	17	8
695516	652	14	8
695531	662	15	8
695546	670	20	8
695561	680	11	8
695577	688	2	8
695582	688	4	8
695597	688	12	8
695612	698	9	8
695627	702	6	8
695642	706	9	8
695657	711	11	8
695672	716	5	8
695687	720	4	8
695692	720	4	8
695708	724	-1	8
695723	724	-12	8
695738	720	-12	8
695753	716	-6	8
695768	711	-6	8
695783	706	-2	8
695788	706	10	8
695804	706	14	8
695819	716	6	8
695834	720	5	8
695849	720	7	8
695864	724	0	8
695879	724	-3	8
695884	724	0	8
695899	724	0	8
695914	724	-7	8
695929	724	-7	8
695944	720	4	8
695959	720	3	8
695974	720	-5	8
695989	720	-3	8
695994	720	2	8
696009	720	3	8
696024	720	2	8
696039	720	1	8
696054	720	-2	8
696069	720	-9	8
696089	716	-15	8
696094	711	-23	8
696109	698	-28	8
696124	680	-25	8
696139	666	-14	8
696154	657	-9	8
696169	652	-10	8
696184	648	-5	8
696189	644	6	8
696204	644	2	8
696219	644	-7	8
696234	644	-3	8
696249	644	5	8
696264	644	0	8
696279	644	-8	8
696294	644	-9	8
696299	639	-9	8
696314	630	-14	8
696329	626	-16	8
696344	616	-10	8
696359	608	-7	8
696374	608	-4	8
696394	603	3	8
696399	603	8	8
696414	608	6	8
696429	608	8	8
696444	612	17	8
696460	621	15	8
696475	630	6	8
696490	634	9	8
696505	639	13	8
696510	648	4	8
696525	648	-6	8
696540	648	3	8
696555	648	16	8
696570	657	13	8
696585	666	10	8
696600	670	16	8
696605	680	13	8
696620	684	1	8
696635	688	-7	8
696651	688	-9	8
696666	680	-12	8
696681	675	-11	8
696696	670	-6	8
696701	666	-11	8
696716	657	-21	8
696731	648	-24	8
696746	634	-21	8
696761	621	-24	8
696776	608	-24	8
696791	594	-21	8
696806	585	-16	8
696811	576	-11	8
696826	567	-7	8
696841	562	0	8
696856	562	5	8
696871	562	-1	8
696886	562	5	8
696906	567	11	8
696911	572	8	8
696926	576	3	8
696941	576	4	8
696956	580	5	8
696971	580	3	8
696986	585	5	8
697001	585	11	8
697016	594	8	8
697021	598	5	8
697037	598	13	8
697052	608	23	8
697068	621	20	8
697084	630	13	8
697100	639	8	8
697115	644	-1	8
697120	644	-13	8
697135	639	-16	8
697150	630	-11	8
697166	626	-10	8
697181	621	-8	8
697196	616	3	8
697211	616	9	8
697216	616	-2	8
697231	616	-7	8
697246	616	-11	8
697261	612	-13	8
697276	603	-13	8
697291	594	-13	8
697306	590	-10	8
697321	580	-15	8
697326	576	-21	8
697341	562	-17	8
697356	554	-12	8
697372	544	-19	8
697387	536	-17	8
697402	526	-6	8
697417	522	-5	8
697422	518	-8	8
697437	513	-5	8
697452	513	-1	8
697467	513	-5	8
697482	508	-11	8
697497	504	-4	8
697512	500	-3	8
697517	500	-9	8
697532	495	-5	8
697547	490	5	8
697562	490	5	8
697577	490	5	8
697592	495	7	8
697607	500	14	8
697622	508	13	8
697627	513	13	8
697642	522	15	8
697657	531	12	8
697672	536	1	8
697687	536	0	8
697702	536	5	8
697717	540	1	8
697722	540	-2	8
697737	540	10	8
697752	544	19	8
697767	558	11	8
697782	562	6	8
697797	567	11	8
697817	572	8	8
697832	576	-8	8
697837	576	-10	8
697852	572	-9	8
697867	567	-10	8
697882	558	-11	8
697897	554	-4	8
697912	549	-3	8
697928	549	-11	8
697933	544	-8	8
697948	540	-8	8
697963	536	-17	8
697978	526	-19	8
697993	513	-11	8
698008	508	-6	8
698023	504	-12	8
698028	500	-18	8
698043	486	-5	8
698058	486	5	8
698073	486	6	8
698088	486	12	8
698104	495	19	8
698119	504	20	8
698134	518	15	8
698139	522	15	8
698154	531	16	8
698169	540	12	8
698184	549	10	8
698199	554	17	8
698214	562	14	8
698234	572	10	8
698239	576	9	8
698254	580	2	8
698269	585	-8	8
698284	580	-13	8
698299	576	-9	8
698314	572	-6	8
698329	567	-10	8
698334	562	-9	8
698350	558	-3	8
698365	554	-6	8
698380	549	-17	8
698395	540	-16	8
698410	531	-15	8
698425	522	-17	8
698440	513	-18	8
698445	504	-11	8
698460	500	-10	8
698476	490	-16	8
698491	482	-16	8
698506	472	-6	8
698521	472	-5	8
698536	468	-6	8
698541	464	0	8
698556	464	7	8
698571	464	6	8
698586	468	17	8
698601	477	23	8
698616	490	23	8
698631	504	14	8
698646	513	16	8
698651	522	19	8
698666	531	16	8
698681	540	19	8
698696	549	24	8
698711	562	22	8
698726	576	15	8
698741	585	17	8
698746	594	24	8
698761	608	24	8
698776	621	11	8
698791	630	8	8
698806	634	9	8
698821	639	4	8
698841	639	-1	8
698846	639	-8	8
698861	639	-18	8
698876	630	-23	8
698891	616	-14	8
698906	608	-8	8
698921	603	-8	8
698936	598	-8	8
698951	594	1	8
698956	594	3	8
698971	594	-2	8
698986	594	-7	8
699001	590	-5	8
699016	590	-12	8
699031	580	-16	8
699046	572	-7	8
699051	567	-3	8
699066	567	3	8
699081	567	11	8
699096	572	23	8
699111	585	35	8
699126	603	41	8
699141	626	40	8
699161	648	36	8
699166	670	28	8
699181	684	24	8
699196	698	29	8
699211	716	28	8
699226	729	15	8
699241	738	12	8
699256	747	14	8
699261	756	11	8
699276	760	0	8
699291	760	-4	8
699306	760	-3	8
699321	760	-7	8
699336	756	-9	8
699351	752	-13	8
699356	742	-18	8
699371	734	-27	8
699387	720	-26	8
699402	702	-24	8
699417	688	-28	8
699432	675	-22	8
699447	662	-17	8
699462	652	-11	8
699467	648	-12	8
699482	639	-9	8
699497	634	-3	8
699512	634	1	8
699527	634	0	8
699542	634	-1	8
699562	634	5	8
699567	634	5	8
699582	634	7	8
699597	639	11	8
699612	644	10	8
699628	652	4	8
699644	652	3	8
699659	652	12	8
699664	662	10	8
699679	666	10	8
699694	670	15	8
699709	680	24	8
699724	693	19	8
699739	706	11	8
699754	711	14	8
699769	720	17	8
699774	729	12	8
699789	734	10	8
699804	742	5	8
699819	742	-2	8
699834	742	-3	8
699849	742	-2	8
699865	742	-7	8
699870	738	-19	8
699885	729	-17	8
699900	720	-5	8
699916	716	3	8
699932	716	3	8
699948	716	4	8
699964	720	2	8
699980	720	-12	8
699985	716	-27	8
700001	702	-29	8
700016	684	-31	8
700031	666	-32	8
700046	648	-22	8
700062	639	-7	8
700077	634	-2	8
700082	634	-1	8
700097	630	2	8
700112	630	6	8
700127	634	0	8
700142	634	-3	8
700157	634	1	8
700172	634	3	8
700177	634	3	8
700192	634	6	8
700207	639	11	8
700222	644	7	8
700237	648	2	8
700252	648	-1	8
700267	648	0	8
700282	648	-4	8
700287	648	3	8
700302	648	2	8
700317	648	-1	8
700332	648	-3	8
700348	648	6	8
700363	652	9	8
700378	657	-3	8
700383	657	-10	8
700398	652	-3	8
700413	652	-1	8
700428	648	-9	8
700443	644	-18	8
700458	634	-16	8
700473	626	-15	8
700478	616	-16	8
700493	608	-16	8
700508	598	-12	8
700523	594	-10	8
700538	585	-4	8
700553	585	-1	8
700568	585	-13	8
700583	576	-18	8
700588	567	-5	8
700603	562	4	8
700618	562	0	8
700633	562	-1	8
700648	562	13	8
700663	567	25	8
700678	585	24	8
700683	598	22	8
700698	608	24	8
700713	621	28	8
700728	639	27	8
700743	652	23	8
700758	666	14	8
700773	675	6	8
700793	680	5	8
700798	680	10	8
700813	684	5	8
700828	688	-5	8
700844	688	1	8
700859	688	7	8
700874	688	-1	8
700889	688	-10	8
700894	688	-6	8
700910	684	-3	8
700925	684	-8	8
700940	680	-13	8
700955	670	-11	8
700970	666	-5	8
700985	662	-6	8
700990	657	-1	8
701005	657	0	8
701020	657	-6	8
701035	657	0	8
701050	657	4	8
701065	657	2	8
701080	657	-4	8
701095	657	-2	8
701100	657	6	8
701115	657	2	8
701130	657	-5	8
701145	657	0	8
701160	657	10	8
701175	657	9	8
701190	662	7	8
701195	666	13	8
701210	675	15	8
701225	684	14	8
701240	693	12	8
701255	698	12	8
701270	706	6	8
701286	706	3	8
701302	711	13	8
701308	716	8	8
701323	720	-4	8
701338	720	-4	8
701353	720	3	8
701368	720	-2	8
701383	720	-9	8
701398	716	-10	8
701403	711	-2	8
701418	711	-8	8
701434	706	-17	8
701449	698	-14	8
701464	688	-12	8
701479	680	-11	8
701494	675	-12	8
701499	666	-16	8
701514	657	-20	8
701529	648	-27	8
701544	634	-26	8
701559	616	-27	8
701574	603	-34	8
701589	585	-29	8
701609	567	-11	8
701614	562	-5	8
701629	558	-9	8
701644	554	-9	8
701659	549	-4	8
701674	544	-5	8
701689	544	-12	8
701704	536	-15	8
701709	526	-17	8
701724	518	-15	8
701739	508	-7	8
701754	504	0	8
701769	504	-4	8
701784	504	-9	8
701799	500	-3	8
701804	495	2	8
701819	495	-1	8
701834	495	-2	8
701849	495	3	8
701864	495	4	8
701879	495	-5	8
701894	495	-6	8
701909	495	1	8
701914	495	5	8
701929	495	0	8
701944	495	1	8
701959	495	7	8
701974	500	4	8
701989	500	4	8
702009	504	5	8
702014	504	2	8
702029	508	2	8
702044	508	10	8
702059	513	18	8
702074	522	13	8
702089	531	10	8
702104	536	22	8
702119	549	29	8
702124	567	27	8
702139	580	25	8
702154	594	31	8
702169	612	30	8
702184	630	19	8
702199	639	11	8
702214	644	7	8
702219	648	4	8
702234	652	0	8
702249	652	1	8
702264	652	2	8
702279	652	-5	8
702294	652	-6	8
702309	652	-1	8
702314	652	1	8
702329	652	5	8
702344	652	24	8
702359	662	36	8
702374	684	40	8
702394	706	45	8
702409	734	54	8
702424	760	54	8
702429	792	42	8
702444	814	34	8
702459	837	29	8
702474	850	20	8
702489	864	12	8
702504	868	9	8
702519	873	3	8
702524	878	-8	8
702539	878	-6	8
702554	873	3	8
702569	873	2	8
702584	873	-6	8
702599	873	-12	8
702614	864	-14	8
702630	855	-19	8
702636	846	-21	8
702652	832	-19	8
702667	824	-22	8
702682	810	-23	8
702697	796	-16	8
702712	788	-7	8
702727	788	-13	8
702732	778	-12	8
702748	770	-3	8
702764	770	4	8
702780	770	-1	8
702795	770	1	8
702810	770	9	8
702825	774	10	8
702830	778	0	8
702845	778	-4	8
702860	778	2	8
702875	778	7	8
702891	783	12	8
702906	788	15	8
702921	796	19	8
702936	806	16	8
702941	814	15	8
702956	824	14	8
702971	832	8	8
702986	837	-2	8
703001	837	3	8
703016	837	6	8
703031	842	-7	8
703036	842	-20	8
703051	828	-20	8
703066	819	-20	8
703081	806	-27	8
703096	792	-23	8
703111	778	-18	8
703126	770	-14	8
703131	760	-13	8
703146	756	-15	8
703161	747	-19	8
703176	734	-20	8
703191	724	-17	8
703206	716	-15	8
703221	706	-19	8
703241	693	-23	8
703246	684	-19	8
703261	670	-11	8
703276	666	-11	8
703291	657	-10	8
703306	652	3	8
703321	652	17	8
703336	662	20	8
703341	670	17	8
703356	680	19	8
703371	693	22	8
703386	706	22	8
703401	716	24	8
703416	729	16	8
703431	738	11	8
703446	747	12	8
703451	752	18	8
703466	760	13	8
703481	770	0	8
703496	770	4	8
703511	774	12	8
703526	778	5	8
703541	783	-2	8
703546	783	5	8
703561	783	10	8
703576	788	8	8
703591	792	14	8
703606	801	16	8
703621	810	13	8
703641	819	2	8
703646	819	0	8
703661	819	-5	8
703676	819	-14	8
703691	810	-15	8
703706	806	-12	8
703721	796	-11	8
703736	792	-18	8
703751	778	-24	8
703756	765	-20	8
703771	756	-24	8
703786	742	-28	8
703801	724	-25	8
703816	711	-17	8
703831	702	-15	8
703846	693	-12	8
703851	688	-8	8
703866	684	-8	8
703881	680	-7	8
703896	675	2	8
703911	675	2	8
703926	675	-3	8
703946	675	1	8
703951	675	11	8
703966	680	18	8
703981	688	16	8
703996	698	23	8
704012	711	32	8
704027	729	32	8
704042	747	21	8
704057	756	14	8
704062	765	13	8
704077	774	15	8
704092	783	19	8
704107	792	23	8
704122	806	25	8
704137	819	24	8
704152	832	21	8
704157	846	18	8
704172	855	9	8
704188	860	6	8
704203	864	11	8
704218	868	7	8
704233	873	-9	8
704248	873	-19	8
704263	860	-14	8
704268	855	-17	8
704283	846	-20	8
704298	832	-17	8
704313	824	-9	8
704328	819	-6	8
704343	814	-15	8
704358	806	-17	8
704363	796	-17	8
704378	788	-10	8
704393	783	-2	8
704408	778	-1	8
704423	778	-9	8
704438	774	-9	8
704453	770	0	8
704458	770	9	8
704473	770	9	8
704488	774	12	8
704503	783	25	8
704518	796	29	8
704533	814	28	8
704553	828	28	8
704568	846	35	8
704573	864	40	8
704588	886	34	8
704603	904	28	8
704618	922	25	8
704633	936	20	8
704648	945	23	8
704663	958	27	8
704668	976	24	8
704683	990	12	8
704699	994	10	8
704714	999	5	8
704729	1004	-9	8
704744	1004	-16	8
704759	994	-16	8
704774	986	-14	8
704779	976	-18	8
704794	968	-27	8
704809	950	-32	8
704824	932	-38	8
704839	914	-32	8
704854	896	-17	8
704869	886	-9	8
704874	878	-14	8
704889	873	-11	8
704904	864	-8	8
704919	860	-12	8
704934	855	-18	8
704949	846	-14	8
704971	837	-5	8
704976	832	-6	8
704991	828	-12	8
705006	824	-8	8
705021	819	1	8
705036	819	0	8
705051	819	4	8
705066	819	18	8
705081	828	24	8
705086	842	24	8
705101	855	25	8
705116	868	23	8
705131	882	20	8
705146	891	22	8
705161	904	29	8
705177	922	29	8
705182	936	23	8
705197	950	22	8
705212	963	24	8
705227	976	16	8
705242	986	4	8
705257	990	-5	8
705272	990	-12	8
705277	981	-11	8
705292	976	-10	8
705307	972	-4	8
705322	968	-4	8
705337	968	-9	8
705352	963	-14	8
705368	954	-18	8
705383	945	-26	8
705388	927	-25	8
705404	914	-7	8
705420	909	1	8
705436	909	-5	8
705452	909	-6	8
705468	904	-4	8
705484	904	-8	8
705489	900	-11	8
705505	891	-5	8
705521	891	0	8
705537	891	6	8
705553	891	11	8
705569	896	21	8
705585	904	22	8
705600	918	29	8
705605	936	33	8
705620	954	30	8
705635	972	20	8
705650	981	13	8
705665	990	14	8
705680	999	15	8
705695	1004	13	8
705700	1012	13	8
705715	1022	16	8
705730	1030	17	8
705745	1040	12	8
705760	1044	7	8
705775	1048	1	8
705790	1048	-10	8
705795	1048	-17	8
705810	1040	-15	8
705825	1030	-13	8
705840	1022	-18	8
705855	1012	-15	8
705870	1004	-6	8
705885	999	-9	8
705900	994	-17	8
705905	986	-19	8
705920	976	-16	8
705935	968	-14	8
705950	958	-15	8
705965	950	-17	8
705980	940	-17	8
705995	932	-13	8
706000	922	-12	8
706015	918	-12	8
706030	909	-5	8
706045	909	1	8
706060	909	7	8
706075	909	11	8
706090	914	12	8
706095	922	17	8
706110	932	24	8
706125	945	22	8
706140	958	16	8
706155	968	17	8
706170	976	27	8
706185	990	26	8
706200	1004	23	8
706205	1017	20	8
706221	1030	21	8
706236	1040	27	8
706251	1058	24	8
706266	1071	11	8
706281	1076	3	8
706296	1076	-2	8
706301	1076	-2	8
706316	1076	-5	8
706331	1076	-9	8
706346	1071	-7	8
706361	1066	-8	8
706376	1062	-15	8
706391	1053	-23	8
706406	1040	-21	8
706411	1030	-18	8
706426	1022	-16	8
706441	1012	-15	8
706456	1004	-15	8
706471	994	-16	8
706486	986	-18	8
706501	976	-22	8
706506	963	-21	8
706521	950	-13	8
706536	945	-6	8
706551	940	2	8
706566	940	6	8
706581	940	4	8
706601	940	1	8
706606	945	5	8
706621	945	3	8
706637	950	6	8
706652	950	11	8
706667	958	15	8
706682	968	15	8
706697	972	16	8
706712	981	19	8
706717	994	13	8
706732	999	6	8
706747	1004	9	8
706762	1008	8	8
706777	1012	7	8
706792	1017	4	8
706807	1022	-3	8
706812	1022	-6	8
706827	1017	-11	8
706842	1012	-19	8
706857	1004	-25	8
706872	990	-24	8
706887	976	-26	8
706902	958	-24	8
706917	945	-20	8
706922	936	-15	8
706937	927	-13	8
706952	918	-9	8
706967	914	-13	8
706982	909	-19	8
706997	896	-22	8
707017	882	-23	8
707022	873	-23	8
707037	860	-18	8
707052	846	-8	8
707067	842	-5	8
707082	842	-11	8
707097	832	-18	8
707112	824	-20	8
707117	814	-19	8
707132	801	-15	8
707147	792	-7	8
707162	792	-1	8
707177	788	2	8
707192	788	7	8
707207	792	12	8
707222	796	12	8
707227	806	11	8
707242	810	17	8
707257	819	24	8
707272	832	33	8
707287	850	36	8
707302	873	33	8
707317	891	35	8
707322	909	33	8
707337	927	32	8
707352	945	38	8
707367	968	36	8
707382	990	30	8
707397	1004	31	8
707413	1022	24	8
707418	1035	13	8
707433	1044	1	8
707448	1044	8	8
707463	1048	13	8
707478	1058	13	8
707493	1062	11	8
707513	1071	9	8
707528	1076	8	8
707533	1080	5	8
707548	1080	-1	8
707563	1080	-2	8
707578	1080	-5	8
707593	1080	-10	8
707608	1076	-21	8
707623	1062	-31	8
707628	1048	-36	8
707643	1026	-36	8
707658	1008	-35	8
707673	986	-31	8
707688	968	-30	8
707703	954	-25	8
707718	936	-19	8
707733	927	-14	8
707738	918	-13	8
707753	914	-7	8
707768	909	-6	8
707783	904	2	8
707798	904	6	8
707813	904	4	8
707833	909	-3	8
707838	909	-1	8
707854	909	1	8
707869	909	1	8
707884	909	4	8
707899	909	6	8
707914	914	6	8
707929	914	4	8
707934	918	1	8
707949	918	2	8
707964	918	0	8
707979	918	-10	8
707994	918	-15	8
708009	909	-12	8
708024	904	-6	8
708039	900	-5	8
708044	896	-11	8
708060	891	-11	8
708075	882	-7	8
708090	882	-4	8
708105	878	-10	8
708120	873	-16	8
708135	864	-15	8
708140	855	-3	8
708155	855	3	8
708171	855	2	8
708186	855	-1	8
708201	855	1	8
708216	855	6	8
708231	855	0	8
708236	855	-4	8
708251	855	-3	8
708266	855	-4	8
708281	855	-5	8
708296	850	-10	8
708311	846	-17	8
708327	837	-14	8
708342	828	-10	8
708347	824	-4	8
708362	819	-5	8
708377	814	5	8
708393	814	13	8
708408	824	11	8
708423	828	7	8
708438	832	6	8
708444	837	11	8
708459	842	6	8
708474	846	4	8
708489	846	1	8
708504	850	3	8
708519	850	9	8
708534	855	8	8
708549	860	6	8
708554	864	8	8
708569	868	15	8
708584	878	13	8
708601	882	5	8
708616	886	-7	8
708631	886	-13	8
708646	878	-16	8
708651	868	-24	8
708666	855	-29	8
708681	842	-23	8
708696	828	-13	8
708711	819	-14	8
708726	810	-17	8
708741	801	-19	8
708746	792	-18	8
708761	783	-19	8
708776	770	-13	8
708791	765	-6	8
708806	760	-7	8
708821	756	-9	8
708837	752	-6	8
708857	747	-6	8
708862	742	-1	8
708877	742	7	8
708892	742	16	8
708907	752	23	8
708922	765	20	8
708937	778	21	8
708952	788	21	8
708957	801	20	8
708972	810	22	8
708987	824	19	8
709002	837	14	8
709017	842	10	8
709033	850	12	8
709048	855	19	8
709063	864	19	8
709068	878	11	8
709083	882	11	8
709098	891	11	8
709113	896	-1	8
709128	896	-16	8
709143	891	-22	8
709159	878	-22	8
709164	864	-22	8
709179	850	-24	8
709194	837	-19	8
709209	828	-14	8
709224	819	-13	8
709239	814	-19	8
709254	801	-23	8
709260	788	-24	8
709275	774	-18	8
709290	765	-12	8
709305	760	-13	8
709320	752	-12	8
709335	747	-2	8
709350	742	3	8
709365	742	0	8
709370	742	-10	8
709386	738	-5	8
709401	738	3	8
709416	738	5	8
709431	738	-1	8
709446	738	2	8
709461	738	5	8
709466	742	5	8
709481	742	9	8
709496	747	8	8
709511	752	1	8
709526	756	1	8
709541	756	6	8
709556	756	7	8
709561	760	0	8
709576	760	-5	8
709591	760	2	8
709606	760	-3	8
709621	760	-12	8
709636	756	-14	8
709656	747	-18	8
709671	738	-25	8
709676	724	-26	8
709691	711	-19	8
709706	698	-15	8
709721	688	-17	8
709736	680	-16	8
709751	670	-18	8
709766	662	-20	8
709771	648	-21	8
709786	639	-16	8
709801	630	-16	8
709816	621	-24	8
709831	608	-23	8
709846	594	-15	8
709861	585	-14	8
709876	576	-21	8
709881	567	-17	8
709896	558	-6	8
709911	554	-4	8
709926	549	-5	8
709941	549	-5	8
709961	544	-2	8
709976	544	-1	8
709981	544	4	8
709996	544	8	8
710011	544	6	8
710026	549	6	8
710041	554	17	8
710056	562	27	8
710071	576	24	8
710076	590	20	8
710091	603	23	8
710106	616	24	8
710121	630	24	8
710136	644	18	8
710151	652	16	8
710166	662	14	8
710181	670	8	8
710186	675	-2	8
710201	675	-9	8
710216	670	-14	8
710231	662	-12	8
710246	657	-4	8
710261	652	1	8
710281	652	6	8
710286	652	15	8
710301	662	20	8
710316	675	11	8
710332	680	-1	8
710347	680	-3	8
710362	680	-6	8
710377	680	-4	8
710392	675	-3	8
710397	675	-4	8
710412	670	-5	8
710427	670	-4	8
710442	666	-2	8
710458	666	3	8
710473	666	1	8
710488	666	9	8
710493	670	17	8
710508	680	17	8
710523	688	11	8
710538	693	9	8
710553	702	13	8
710568	706	13	8
710583	716	5	8
710588	716	5	8
710603	720	4	8
710618	724	-1	8
710633	724	-5	8
710648	724	-5	8
710663	720	-1	8
710678	720	-1	8
710693	720	2	8
710698	720	5	8
710713	720	4	8
710728	720	3	8
710743	724	0	8
710758	724	0	8
710773	724	-4	8
710793	724	-9	8
710798	720	-4	8
710813	716	-12	8
710828	711	-19	8
710843	702	-21	8
710858	688	-18	8
710873	680	-13	8
710888	670	-8	8
710893	666	0	8
710908	666	3	8
710923	666	-2	8
710938	666	-7	8
710953	662	-10	8
710968	657	-15	8
710983	648	-16	8
710998	639	-7	8
711003	634	-2	8
711019	634	1	8
711035	634	-1	8
711051	634	10	8
711067	634	17	8
711083	648	20	8
711099	657	22	8
711104	670	25	8
711120	684	25	8
711136	698	21	8
711151	711	19	8
711166	720	16	8
711181	729	19	8
711197	738	21	8
711212	752	21	8
711217	765	13	8
711232	770	6	8
711247	774	9	8
711262	778	8	8
711277	783	-6	8
711292	783	-16	8
711307	774	-8	8
711312	770	-1	8
711327	770	-5	8
711342	770	-15	8
711357	760	-18	8
711372	747	-20	8
711387	738	-17	8
711403	729	-15	8
711408	720	-12	8
711424	711	-14	8
711439	706	-6	8
711454	702	1	8
711469	702	-2	8
711484	702	-9	8
711500	698	-11	8
711515	688	-9	8
711520	684	-9	8
711535	680	-5	8
711550	675	5	8
711565	675	12	8
711580	684	12	8
711595	688	10	8
711610	693	15	8
711615	702	16	8
711630	711	9	8
711645	716	7	8
711660	720	5	8
711675	724	-2	8
711690	724	-3	8
711705	724	4	8
711711	724	0	8
711726	724	-7	8
711741	724	-10	8
711756	720	-2	8
711771	716	-1	8
711787	716	-3	8
711802	716	-4	8
711817	711	1	8
711822	711	4	8
711837	711	2	8
711852	711	2	8
711867	716	-1	8
711882	716	0	8
711897	716	0	8
711912	716	1	8
711917	716	-2	8
711932	716	-2	8
711947	716	5	8
711962	716	3	8
711977	716	-4	8
711992	716	-10	8
712007	711	-7	8
712022	706	-8	8
712028	702	-15	8
712043	693	-21	8
712058	684	-15	8
712073	675	-10	8
712088	670	-6	8
712103	666	0	8
712118	666	6	8
712123	666	18	8
712138	675	32	8
712153	693	41	8
712168	716	38	8
712183	738	42	8
712198	760	52	8
712213	792	53	8
712218	819	47	8
712233	846	38	8
712248	868	32	8
712263	886	25	8
712278	900	17	8
712293	909	10	8
712313	914	4	8
712328	918	3	8
712333	918	6	8
712348	922	11	8
712363	927	10	8
712379	936	-1	8
712394	936	-9	8
712409	932	-11	8
712424	927	-19	8
712429	918	-23	8
712444	904	-18	8
712460	891	-11	8
712475	886	-7	8
712491	882	-8	8
712506	878	-4	8
712521	878	-3	8
712536	873	-2	8
712541	873	-3	8
712556	873	-5	8
712571	868	-10	8
712586	864	-11	8
712601	855	-12	8
712616	850	-16	8
712631	842	-14	8
712636	832	-4	8
712651	832	9	8
712666	832	14	8
712681	842	15	8
712696	850	21	8
712711	860	27	8
712726	878	25	8
712731	891	19	8
712746	900	16	8
712761	909	19	8
712776	918	18	8
712791	932	18	8
712806	940	18	8
712821	950	17	8
712836	958	18	8
712841	972	20	8
712856	981	19	8
712871	990	9	8
712886	999	10	8
712901	1004	12	8
712917	1008	4	8
712937	1012	-7	8
712942	1012	-10	8
712957	1008	-4	8
712972	1004	-10	8
712987	999	-23	8
713002	986	-30	8
713017	968	-32	8
713032	950	-30	8
713037	932	-26	8
713052	918	-23	8
713067	904	-19	8
713082	896	-16	8
713097	886	-8	8
713112	882	-5	8
713128	878	-6	8
713143	878	-6	8
713148	873	3	8
713163	873	14	8
713178	878	10	8
713193	882	6	8
713209	886	11	8
713224	891	19	8
713239	904	20	8
713244	914	22	8
713259	927	28	8
713274	945	35	8
713289	963	38	8
713304	986	37	8
713319	1004	31	8
713334	1022	18	8
713349	1030	17	8
713354	1044	9	8
713369	1048	-4	8
713384	1048	-13	8
713399	1040	-10	8
713414	1035	-6	8
713429	1030	-15	8
713449	1026	-17	8
713454	1012	-10	8
713470	1008	-4	8
713485	1008	-5	8
713500	1004	-7	8
713515	999	-4	8
713530	999	-1	8
713545	999	-9	8
713550	990	-12	8
713565	986	-14	8
713580	976	-13	8
713595	972	-6	8
713611	968	8	8
713626	968	6	8
713641	972	1	8
713656	972	6	8
713661	976	10	8
713676	981	11	8
713692	986	9	8
713707	990	13	8
713722	999	19	8
713737	1008	12	8
713752	1017	5	8
713757	1017	3	8
713772	1022	0	8
713787	1022	1	8
713803	1022	3	8
713819	1022	3	8
713835	1026	1	8
713851	1026	3	8
713856	1026	1	8
713872	1026	-6	8
713888	1026	-7	8
713904	1026	-3	8
713920	1022	-1	8
713935	1022	-12	8
713950	1017	-29	8
713965	999	-33	8
713970	981	-24	8
713985	968	-20	8
714000	954	-11	8
714015	950	-6	8
714031	945	10	8
714046	950	28	8
714061	963	44	8
714066	990	46	8
714081	1012	41	8
714096	1035	46	8
714111	1062	61	8
714126	1098	65	8
714141	1134	61	8
714156	1170	66	8
714171	1206	67	8
714176	1242	56	8
714191	1274	36	8
714206	1296	20	8
714221	1305	14	8
714236	1314	14	8
714251	1323	14	8
714266	1328	10	8
714271	1336	5	8
714286	1336	-2	8
714301	1336	-2	8
714316	1336	-8	8
714331	1336	-20	8
714346	1323	-30	8
714361	1305	-23	8
714366	1296	-18	8
714381	1282	-22	8
714396	1274	-20	8
714411	1260	-8	8
714426	1256	-9	8
714441	1251	-14	8
714456	1242	-15	8
714471	1233	-13	8
714476	1228	-19	8
714491	1215	-16	8
714506	1206	-8	8
714521	1202	-9	8
714536	1197	-8	8
714551	1192	1	8
714566	1192	9	8
714571	1197	7	8
714586	1197	3	8
714601	1202	10	8
714616	1206	21	8
714632	1220	24	8
714647	1233	19	8
714662	1242	18	8
714677	1251	16	8
714682	1260	11	8
714697	1269	13	8
714712	1274	17	8
714727	1282	20	8
714742	1296	19	8
714757	1305	12	8
714777	1314	-2	8
714782	1314	-17	8
714797	1305	-18	8
714812	1296	-8	8
714827	1292	-10	8
714842	1287	-11	8
714857	1278	-3	8
714872	1278	0	8
714878	1278	-6	8
714893	1274	-15	8
714908	1264	-11	8
714923	1260	-11	8
714938	1256	-12	8
714954	1246	-15	8
714969	1238	-17	8
714984	1228	-14	8
714989	1220	-12	8
715004	1215	-4	8
715019	1210	-2	8
715034	1210	-5	8
715049	1210	-2	8
715064	1206	8	8
715079	1206	18	8
715084	1220	17	8
715099	1228	17	8
715114	1238	22	8
715129	1251	21	8
715144	1260	15	8
715160	1269	11	8
715175	1278	9	8
715180	1282	7	8
715195	1287	10	8
715210	1292	16	8
715225	1300	10	8
715240	1305	6	8
715255	1310	10	8
715270	1314	11	8
715285	1318	6	8
715290	1323	1	8
715305	1323	7	8
715320	1328	7	8
715335	1332	2	8
715350	1332	-2	8
715365	1332	0	8
715380	1332	-2	8
715385	1332	-3	8
715400	1332	-9	8
715415	1328	-6	8
715430	1323	-2	8
715445	1323	2	8
715461	1323	-1	8
715476	1323	-3	8
715496	1323	-8	8
715501	1318	-2	8
715516	1318	4	8
715531	1318	0	8
715546	1318	-3	8
715561	1318	-2	8
715577	1318	-1	8
715592	1314	3	8
715597	1314	8	8
715612	1318	13	8
715627	1328	12	8
715642	1332	7	8
715657	1336	14	8
715672	1346	17	8
715687	1354	15	8
715693	1364	15	8
715708	1372	16	8
715723	1382	21	8
715738	1390	24	8
715753	1404	21	8
715768	1418	14	8
715783	1426	9	8
715798	1431	1	8
715803	1431	-5	8
715818	1431	-13	8
715833	1422	-18	8
715848	1413	-18	8
715863	1404	-17	8
715878	1395	-21	8
715893	1382	-23	8
715898	1368	-19	8
715913	1359	-12	8
715929	1350	-9	8
715944	1346	-6	8
715959	1346	-5	8
715974	1341	-10	8
715989	1336	-15	8
715994	1328	-13	8
716010	1318	-12	8
716025	1314	-18	8
716040	1300	-16	8
716055	1292	-7	8
716070	1292	2	8
716085	1292	13	8
716105	1296	22	8
716111	1305	26	8
716126	1323	26	8
716141	1336	24	8
716156	1350	20	8
716171	1359	11	8
716187	1368	9	8
716202	1372	9	8
716207	1377	11	8
716222	1382	1	8
716237	1382	-14	8
716252	1382	-24	8
716267	1368	-26	8
716282	1350	-35	8
716297	1332	-34	8
716312	1314	-27	8
716317	1296	-15	8
716332	1287	-13	8
716347	1282	-14	8
716362	1274	-12	8
716377	1269	-16	8
716393	1260	-17	8
716408	1246	-18	8
716413	1238	-19	8
716428	1228	-18	8
716443	1220	-7	8
716458	1215	7	8
716474	1215	13	8
716489	1220	14	8
716504	1228	18	8
716509	1238	16	8
716524	1246	9	8
716539	1251	12	8
716554	1260	16	8
716569	1269	18	8
716584	1278	16	8
716599	1287	9	8
716614	1292	8	8
716619	1296	5	8
716635	1300	5	8
716651	1305	3	8
716667	1305	1	8
716683	1305	-2	8
716699	1305	-5	8
716715	1305	0	8
716720	1305	-5	8
716735	1300	-11	8
716750	1296	-9	8
716765	1292	-6	8
716780	1287	-6	8
716795	1282	-6	8
716810	1282	4	8
716825	1282	8	8
716830	1282	2	8
716845	1287	-3	8
716860	1287	-4	8
716875	1287	-8	8
716890	1282	-7	8
716905	1278	0	8
716920	1278	7	8
716925	1278	13	8
716940	1282	19	8
716955	1296	24	8
716971	1310	22	8
716986	1318	21	8
717001	1332	24	8
717016	1346	24	8
717021	1359	18	8
717036	1368	15	8
717051	1377	15	8
717066	1386	12	8
717081	1395	3	8
717096	1395	-3	8
717111	1395	0	8
717127	1395	-3	8
717132	1395	-3	8
717148	1395	1	8
717163	1395	6	8
717178	1395	5	8
717193	1395	5	8
717208	1400	8	8
717223	1404	14	8
717228	1413	6	8
717243	1413	3	8
717258	1418	-4	8
717273	1418	-10	8
717288	1413	-14	8
717303	1404	-10	8
717318	1400	-11	8
717323	1395	-11	8
717338	1386	-2	8
717353	1386	5	8
717368	1386	7	8
717383	1390	1	8
717398	1390	-4	8
717413	1390	-8	8
717428	1386	-14	8
717433	1377	-16	8
717448	1368	-11	8
717463	1364	-4	8
717478	1359	-3	8
717493	1359	-2	8
717514	1359	5	8
717529	1359	9	8
717534	1364	11	8
717549	1368	12	8
717564	1377	17	8
717579	1386	18	8
717594	1395	13	8
717609	1404	12	8
717624	1408	9	8
717639	1413	13	8
717644	1422	17	8
717659	1431	17	8
717674	1440	11	8
717689	1444	5	8
717704	1449	9	8
717719	1454	14	8
717734	1462	10	8
717739	1467	5	8
717754	1472	5	8
717769	1472	5	8
717784	1476	3	8
717799	1476	-2	8
717814	1476	-5	8
717829	1476	-8	8
717834	1472	-18	8
717849	1462	-20	8
717864	1454	-20	8
717879	1440	-26	8
717894	1426	-30	8
717909	1408	-29	8
717925	1395	-27	8
717941	1377	-25	8
717947	1364	-25	8
717963	1350	-23	8
717979	1336	-27	8
717994	1323	-33	8
718009	1305	-26	8
718024	1287	-28	8
718039	1274	-27	8
718044	1256	-23	8
718059	1246	-18	8
718074	1233	-13	8
718089	1228	-11	8
718104	1220	-10	8
718119	1215	-4	8
718134	1215	1	8
718139	1215	12	8
718154	1215	22	8
718169	1228	24	8
718184	1242	17	8
718199	1251	10	8
718215	1256	8	8
718230	1260	8	8
718245	1264	6	8
718250	1269	-2	8
718265	1269	-5	8
718280	1269	-4	8
718295	1269	-4	8
718310	1264	-2	8
718325	1264	-2	8
718340	1264	5	8
718345	1264	7	8
718360	1264	4	8
718375	1269	-6	8
718390	1269	-8	8
718405	1264	-5	8
718420	1260	-5	8
718436	1260	-12	8
718456	1251	-12	8
718461	1246	-6	8
718476	1242	-2	8
718491	1242	-6	8
718507	1238	-10	8
718522	1233	-8	8
718537	1228	-5	8
718552	1224	-13	8
718557	1215	-21	8
718572	1206	-16	8
718587	1197	-8	8
718602	1192	0	8
718617	1192	-2	8
718632	1192	-8	8
718648	1188	-6	8
718653	1184	3	8
718668	1184	2	8
718683	1184	-4	8
718698	1184	-2	8
718713	1184	8	8
718728	1184	13	8
718743	1188	9	8
718758	1197	4	8
718763	1197	8	8
718778	1202	11	8
718794	1206	10	8
718809	1215	10	8
718824	1220	14	8
718839	1228	13	8
718854	1233	10	8
718859	1242	8	8
718874	1246	8	8
718889	1251	10	8
718904	1256	7	8
718919	1260	2	8
718934	1260	-4	8
718949	1260	-7	8
718970	1256	-3	8
718975	1256	-2	8
718990	1256	-9	8
719005	1251	-11	8
719020	1242	-10	8
719035	1238	-12	8
719050	1233	-16	8
719065	1224	-15	8
719070	1215	-20	8
719085	1202	-25	8
719100	1188	-23	8
719115	1174	-18	8
719130	1166	-14	8
719145	1156	-15	8
719160	1148	-17	8
719165	1138	-15	8
719180	1130	-19	8
719195	1120	-21	8
719210	1107	-17	8
719225	1098	-11	8
719240	1094	-11	8
719255	1084	-13	8
719270	1080	-12	8
719275	1071	-6	8
719290	1071	-2	8
719305	1066	0	8
719320	1066	3	8
719335	1066	10	8
719350	1071	20	8
719365	1084	21	8
719371	1094	16	8
719387	1102	14	8
719403	1112	13	8
719419	1120	11	8
719435	1125	5	8
719451	1130	-1	8
719467	1130	6	8
719473	1130	10	8
719488	1134	13	8
719504	1143	9	8
719519	1148	10	8
719534	1152	8	8
719549	1156	1	8
719564	1161	-4	8
719579	1161	-7	8
719584	1156	-9	8
719599	1152	-9	8
719614	1148	-9	8
719629	1143	-8	8
719644	1138	-8	8
719659	1134	-10	8
719674	1125	-12	8
719679	1120	-10	8
719694	1116	-7	8
719709	1112	-9	8
719724	1107	-8	8
719739	1102	-11	8
719754	1094	-13	8
719769	1089	-8	8
719784	1084	-3	8
719789	1080	-1	8
719804	1080	-5	8
719819	1080	-7	8
719834	1076	-8	8
719849	1071	-7	8
719864	1066	-4	8
719879	1062	-1	8
719884	1062	-1	8
719899	1062	-1	8
719914	1062	1	8
719929	1062	2	8
719944	1062	-2	8
719959	1062	-11	8
719974	1058	-16	8
719979	1048	-12	9
719994	1040	-8	9
720009	1035	-8	9
720024	1030	-7	9
720039	1026	-14	9
720054	1022	-24	9
720069	1008	-37	9
720084	986	-52	9
720089	954	-67	9
720104	918	-78	9
720119	873	-84	9
720134	828	-80	9
720149	783	-67	9
720164	742	-46	9
720184	720	-31	9
720189	702	-29	9
720204	684	-24	9
720219	670	-18	9
720234	662	-21	9
720249	648	-22	9
720264	639	-17	9
720279	626	-9	9
720294	621	-7	9
720299	616	-11	9
720315	612	-17	9
720330	603	-16	9
720345	594	-10	9
720360	590	-2	9
720375	585	11	9
720390	590	16	9
720395	598	13	9
720410	608	11	9
720425	612	8	9
720440	616	4	9
720455	616	8	9
720470	621	10	9
720485	630	14	9
720490	634	8	9
720505	639	5	9
720520	644	5	9
720535	648	2	9
720550	648	1	9
720565	648	2	9
720585	648	-1	9
720600	648	-7	9
720605	648	-8	9
720620	644	-13	9
720635	639	-17	9
720650	626	-18	9
720665	616	-10	9
720680	612	-10	9
720695	608	-18	9
720700	594	-30	9
720715	580	-29	9
720731	562	-29	9
720747	544	-28	9
720763	531	-27	9
720779	518	-17	9
720795	504	-8	9
720800	500	-2	9
720815	500	4	9
720830	500	8	9
720845	504	9	9
720860	508	3	9
720875	508	6	9
720890	513	11	9
720905	518	7	9
720910	522	5	9
720925	526	4	9
720940	526	9	9
720955	536	10	9
720970	540	13	9
720985	544	14	9
721000	554	7	9
721005	558	3	9
721020	558	-1	9
721035	558	-7	9
721050	558	-9	9
721066	554	-9	9
721081	549	-9	9
721096	544	-15	9
721111	536	-19	9
721116	526	-21	9
721131	513	-20	9
721146	504	-19	9
721161	490	-18	9
721176	482	-16	9
721191	472	-15	9
721206	464	-15	9
721211	454	-10	9
721226	450	-7	9
721241	446	-5	9
721256	441	-2	9
721271	441	-2	9
721286	441	-2	9
721301	441	-2	9
721306	436	4	9
721321	436	8	9
721337	441	11	9
721352	446	10	9
721367	454	4	9
721382	454	-13	9
721397	450	-43	9
721412	428	-66	9
721417	392	-77	9
721432	346	-78	9
721447	302	-75	9
721462	261	-56	9
721477	230	-37	9
721492	207	-25	9
721512	194	-21	9
721517	184	-21	9
721532	171	-21	9
721547	158	-17	9
721562	148	-15	9
721577	140	-11	9
721592	135	-7	9
721607	130	-7	9
721612	126	-2	9
721627	126	-2	9
721642	126	-2	9
721659	126	-2	9
721674	122	7	9
721689	122	15	9
721704	130	20	9
721719	144	20	9
721724	153	18	9
721739	162	16	9
721754	171	18	9
721769	184	19	9
721784	194	20	9
721799	207	24	9
721815	220	26	9
721820	234	25	9
721835	248	29	9
721850	266	34	9
721865	284	39	9
721880	306	35	9
721895	324	25	9
721910	338	20	9
721925	351	17	9
721930	360	8	9
721945	364	0	9
721960	364	-15	9
721975	360	-25	9
721990	346	-28	9
722005	328	-32	9
722025	310	-28	9
722030	297	-20	9
722045	284	-12	9
722060	279	-5	9
722075	274	2	9
722091	274	23	9
722106	284	55	9
722121	315	82	9
722127	360	92	9
722142	414	90	9
722157	464	76	9
722172	508	61	9
722188	540	47	9
722203	567	39	9
722219	590	36	9
722235	612	32	9
722240	630	23	9
722255	639	16	9
722270	648	5	9
722285	652	-1	9
722300	652	-1	9
722315	652	5	9
722330	652	15	9
722335	662	27	9
722350	680	40	9
722365	702	45	9
722380	724	52	9
722395	756	42	9
722410	778	28	9
722425	796	24	9
722440	810	25	9
722445	824	33	9
722460	842	38	9
722475	864	37	9
722490	882	34	9
722505	900	33	9
722520	922	25	9
722535	936	11	9
722540	940	-4	9
722555	940	-9	9
722570	936	-11	9
722585	932	-12	9
722600	922	-19	9
722615	914	-26	9
722630	900	-23	9
722635	886	-19	9
722650	878	-18	9
722665	864	-25	9
722680	850	-18	9
722695	842	-10	9
722710	837	-6	9
722725	832	-9	9
722740	828	-7	9
722745	824	-4	9
722760	819	2	9
722775	819	8	9
722790	824	11	9
722805	828	12	9
722820	837	15	9
722836	846	16	9
722841	855	15	9
722856	860	15	9
722871	868	17	9
722886	878	20	9
722901	891	18	9
722916	900	10	9
722936	904	5	9
722941	909	6	9
722956	914	4	9
722971	914	-3	9
722986	914	-5	9
723001	914	0	9
723016	914	6	9
723031	914	10	9
723046	918	7	9
723051	922	0	9
723066	922	-3	9
723081	922	-8	9
723096	922	-12	9
723111	914	-16	9
723126	904	-15	9
723141	896	-7	9
723146	891	-3	9
723161	891	0	9
723176	891	3	9
723191	891	0	9
723206	891	-3	9
723221	891	-7	9
723236	886	-5	9
723256	886	2	9
723261	886	12	9
723276	886	19	9
723291	900	20	9
723307	909	19	9
723322	922	20	9
723337	932	24	9
723352	945	27	9
723357	963	21	9
723372	972	18	9
723387	981	19	9
723402	994	16	9
723417	1004	5	9
723432	1004	1	9
723447	1008	4	9
723452	1008	6	9
723468	1012	4	9
723483	1012	-4	9
723498	1012	-11	9
723513	1008	-7	9
723528	1004	6	9
723543	1004	23	9
723558	1017	34	9
723563	1035	37	9
723579	1058	42	9
723594	1080	39	9
723609	1102	23	9
723624	1116	14	9
723639	1125	13	9
723654	1130	14	9
723659	1138	9	9
723674	1143	3	9
723689	1148	1	9
723704	1148	4	9
723719	1148	11	9
723734	1156	8	9
723749	1161	-6	9
723754	1161	-13	9
723769	1152	-15	9
723784	1143	-17	9
723799	1134	-17	9
723814	1125	-20	9
723829	1116	-18	9
723844	1102	-13	9
723864	1098	-15	9
723869	1089	-16	9
723884	1080	-13	9
723899	1071	-7	9
723914	1066	-3	9
723929	1066	-7	9
723944	1062	-8	9
723959	1058	-7	9
723964	1053	-3	9
723979	1053	2	9
723994	1053	5	9
724010	1053	12	9
724025	1058	21	9
724040	1071	28	9
724055	1084	30	9
724070	1102	31	9
724075	1120	30	9
724090	1138	25	9
724105	1152	14	9
724120	1161	4	9
724135	1161	2	9
724150	1161	7	9
724166	1166	12	9
724171	1174	13	9
724186	1179	12	9
724201	1188	13	9
724216	1197	12	9
724232	1202	2	9
724247	1202	-8	9
724262	1202	-15	9
724267	1192	-15	9
724282	1184	-11	9
724297	1179	-7	9
724312	1174	-9	9
724327	1170	-6	9
724342	1166	-1	9
724357	1166	1	9
724372	1166	1	9
724377	1166	-5	9
724392	1166	-15	9
724407	1156	-20	9
724422	1143	-24	9
724437	1130	-18	9
724452	1120	-11	9
724472	1116	-3	9
724477	1112	2	9
724492	1112	8	9
724507	1116	15	9
724522	1125	20	9
724537	1134	19	9
724552	1148	17	9
724567	1156	15	9
724582	1166	13	9
724587	1170	15	9
724602	1179	18	9
724617	1188	25	9
724632	1202	29	9
724647	1220	29	9
724662	1238	29	9
724677	1251	29	9
724682	1269	31	9
724697	1287	29	9
724712	1300	25	9
724727	1318	19	9
724742	1328	8	9
724757	1332	2	9
724772	1332	-5	9
724777	1332	-10	9
724792	1328	-12	9
724807	1323	-7	9
724822	1318	-3	9
724837	1314	-3	9
724852	1314	-7	9
724872	1310	-3	9
724887	1310	-4	9
724892	1305	-5	9
724907	1305	-10	9
724922	1296	-15	9
724937	1292	-13	9
724952	1282	-10	9
724967	1278	-4	9
724982	1274	3	9
724987	1274	10	9
725002	1278	16	9
725017	1287	16	9
725032	1296	15	9
725047	1305	19	9
725062	1314	24	9
725077	1328	29	9
725082	1346	28	9
725097	1359	22	9
725112	1372	11	9
725127	1377	2	9
725142	1382	-1	9
725157	1382	0	9
725172	1382	-4	9
725188	1382	-2	9
725193	1382	-2	9
725208	1377	-2	9
725223	1377	-4	9
725238	1377	-2	9
725254	1372	-6	9
725269	1372	-10	9
725284	1364	-16	9
725289	1354	-14	9
725304	1350	-7	9
725319	1346	-2	9
725334	1346	-2	9
725349	1341	1	9
725364	1341	6	9
725384	1341	6	9
725399	1346	6	9
725404	1350	8	9
725419	1354	11	9
725434	1359	12	9
725449	1368	15	9
725464	1377	9	9
725479	1382	5	9
725494	1382	7	9
725499	1386	13	9
725515	1395	13	9
725530	1400	9	9
725545	1408	6	9
725560	1408	4	9
725575	1413	0	9
725590	1413	-3	9
725595	1413	-1	9
725611	1413	7	9
725626	1413	15	9
725641	1422	16	9
725656	1431	17	9
725671	1440	13	9
725686	1449	8	9
725701	1454	4	9
725706	1454	4	9
725721	1458	-1	9
725736	1458	-8	9
725751	1458	-7	9
725766	1454	-2	9
725781	1449	-2	9
725796	1449	4	9
725801	1449	14	9
725816	1458	19	9
725831	1467	33	9
725846	1485	45	9
725861	1512	48	9
725876	1539	38	9
725896	1557	31	9
725901	1575	34	9
725916	1598	34	9
725931	1616	27	9
725946	1629	17	9
725961	1638	16	9
725976	1647	12	9
725992	1656	8	9
726007	1660	3	9
726012	1660	-1	9
726027	1660	-2	9
726042	1660	3	9
726057	1660	10	9
726072	1665	9	9
726087	1674	5	9
726102	1674	-2	9
726107	1674	-9	9
726122	1674	-20	9
726137	1660	-30	9
726153	1642	-34	9
726168	1624	-34	9
726183	1606	-33	9
726199	1588	-29	9
726214	1570	-18	9
726219	1562	-22	9
726234	1548	-26	9
726249	1534	-23	9
726264	1521	-20	9
726279	1512	-14	9
726294	1503	-2	9
726310	1503	24	9
726315	1512	60	9
726330	1544	81	9
726346	1588	82	9
726362	1638	71	9
726377	1674	53	9
726392	1706	37	9
726407	1728	29	9
726412	1742	24	9
726427	1755	22	9
726442	1768	24	9
726457	1782	25	9
726473	1796	26	9
726488	1809	20	9
726503	1822	17	9
726518	1832	13	9
726523	1840	4	9
726538	1840	2	9
726553	1840	14	9
726568	1850	41	9
726583	1872	63	9
726598	1908	72	9
726613	1948	62	9
726618	1984	43	9
726633	2007	28	9
726648	2025	23	9
726663	2038	22	9
726678	2048	18	9
726694	2061	13	9
726709	2066	9	9
726724	2070	-1	9
726729	2070	-9	9
726744	2070	-18	9
726759	2061	-23	9
726774	2048	-19	9
726789	2038	-6	9
726804	2034	21	9
726824	2043	50	9
726829	2070	81	9
726844	2115	94	9
726859	2169	90	9
726874	2218	77	9
726889	2264	56	9
726904	2295	43	9
726919	2318	32	9
726924	2336	21	9
726939	2349	18	9
726954	2358	13	9
726969	2362	2	9
726984	2367	-8	9
726999	2367	-13	9
727015	2358	-9	9
727030	2354	2	9
727035	2354	14	9
727050	2358	20	9
727065	2367	8	9
727080	2372	-7	9
727095	2372	-14	9
727111	2367	-15	9
727126	2358	-15	9
727131	2349	-13	9
727146	2340	-4	9
727161	2340	1	9
727176	2340	-2	9
727191	2340	-11	9
727206	2331	-16	9
727221	2322	-23	9
727226	2308	-25	9
727241	2295	-24	9
727256	2282	-15	9
727271	2272	-6	9
727286	2272	4	9
727301	2272	20	9
727316	2282	29	9
727336	2295	25	9
727341	2313	19	9
727356	2322	23	9
727371	2336	21	9
727386	2344	16	9
727401	2354	17	9
727416	2367	24	9
727431	2380	25	9
727436	2394	26	9
727451	2408	21	9
727466	2421	17	9
727481	2430	18	9
727496	2439	19	9
727511	2448	18	9
727526	2462	16	9
727541	2470	10	9
727546	2475	10	9
727561	2480	6	9
727576	2484	5	9
727591	2484	18	9
727606	2498	38	9
727621	2516	51	9
727636	2547	52	9
727641	2574	48	9
727656	2601	50	9
727671	2632	45	9
727686	2655	31	9
727701	2673	23	9
727717	2686	18	9
727732	2696	14	9
727737	2704	3	9
727752	2704	-7	9
727767	2704	-14	9
727782	2700	-15	9
727797	2691	-10	9
727813	2682	-11	9
727828	2678	-12	9
727843	2673	-15	9
727848	2664	-18	9
727863	2650	-21	9
727878	2642	-25	9
727893	2628	-24	9
727908	2614	-13	9
727923	2606	1	9
727943	2606	8	9
727948	2606	10	9
727963	2614	11	9
727979	2619	10	9
727994	2624	11	9
728009	2632	15	9
728024	2637	20	9
728039	2650	23	9
728054	2664	28	9
728059	2678	38	9
728074	2700	39	9
728089	2722	39	9
728104	2745	37	9
728119	2763	35	9
728134	2786	26	9
728149	2799	18	9
728154	2808	12	9
728169	2817	4	9
728184	2817	1	9
728199	2817	2	9
728214	2822	-1	9
728229	2822	-8	9
728244	2817	-16	9
728249	2808	-24	9
728264	2794	-35	9
728279	2776	-38	9
728294	2754	-29	9
728309	2740	-15	9
728324	2732	-7	9
728344	2727	-15	9
728359	2718	-28	9
728364	2704	-31	9
728379	2686	-23	9
728394	2673	-19	9
728409	2660	-11	9
728424	2655	1	9
728439	2655	0	9
728454	2655	-2	9
728460	2655	-1	9
728475	2655	-2	9
728490	2655	3	9
728505	2655	16	9
728520	2660	25	9
728535	2673	30	9
728550	2691	39	9
728555	2714	48	9
728571	2740	45	9
728586	2763	35	9
728601	2786	32	9
728616	2804	32	9
728631	2822	33	9
728646	2840	31	9
728661	2858	23	9
728666	2871	14	9
728682	2876	7	9
728697	2880	-8	9
728712	2880	-12	9
728727	2876	-14	9
728742	2866	-7	9
728757	2862	-4	9
728762	2862	-2	9
728777	2858	-6	9
728792	2858	-12	9
728807	2848	-11	9
728822	2844	-12	9
728837	2835	-12	9
728852	2830	-6	9
728872	2826	16	9
728877	2830	34	9
728892	2848	43	9
728907	2876	44	9
728922	2898	41	9
728937	2920	36	9
728953	2943	31	9
728968	2961	30	9
728973	2974	29	9
728988	2992	28	9
729003	3010	32	9
729018	3028	25	9
729033	3042	13	9
729048	3046	5	9
729063	3051	6	9
729068	3056	2	9
729083	3056	-3	9
729098	3056	-12	9
729113	3051	-14	9
729128	3042	-16	9
729143	3033	-17	9
729158	3024	-17	9
729173	3015	-18	9
729178	3006	-23	9
729193	2992	-30	9
729209	2974	-27	9
729224	2961	-22	9
729239	2948	-18	9
729254	2938	-9	9
729270	2934	4	9
729275	2934	7	9
729290	2934	4	9
729305	2938	2	9
729320	2938	4	9
729335	2938	7	9
729350	2943	5	9
729365	2948	5	9
729370	2948	5	9
729385	2952	9	9
729400	2956	19	9
729415	2970	28	9
729431	2984	27	9
729447	2997	17	9
729462	3010	8	9
729478	3015	-2	9
729483	3015	-9	9
729498	3010	-12	9
729514	3006	0	9
729529	3006	4	9
729544	3006	1	9
729559	3006	-2	9
729574	3006	4	9
729579	3006	2	9
729594	3006	-2	9
729609	3006	-13	9
729624	3002	-12	9
729639	2992	-12	9
729654	2988	-12	9
729669	2979	-11	9
729684	2974	-14	9
729690	2966	-17	9
729705	2956	-11	9
729720	2952	-9	9
729735	2948	-14	9
729750	2938	-17	9
729765	2930	-12	9
729780	2920	-2	9
729785	2920	4	9
729800	2920	12	9
729815	2925	17	9
729830	2934	23	9
729845	2948	27	9
729860	2961	27	9
729880	2979	34	9
729885	2997	40	9
729900	3020	38	9
729915	3042	35	9
729930	3060	35	9
729945	3082	30	9
729960	3096	23	9
729975	3110	15	9
729990	3118	5	9
729995	3123	1	9
730010	3123	4	9
730025	3123	5	9
730040	3128	-2	9
730055	3128	3	9
730071	3128	6	9
730087	3132	8	9
730092	3136	3	9
730107	3136	-4	9
730122	3136	-10	9
730137	3132	-15	9
730152	3123	-17	9
730167	3114	-15	9
730182	3105	-7	9
730197	3105	1	9
730202	3105	7	9
730217	3105	5	9
730232	3105	7	9
730247	3110	1	9
730262	3110	-6	9
730277	3110	-7	9
730292	3110	-6	9
730297	3105	0	9
730312	3105	9	9
730327	3105	17	9
730342	3114	19	9
730357	3128	24	9
730372	3141	27	9
730392	3154	18	9
730397	3164	7	9
730412	3168	11	9
730427	3172	12	9
730442	3182	7	9
730458	3186	5	9
730474	3186	8	9
730489	3190	12	9
730504	3200	7	9
730509	3204	2	9
730524	3204	-1	9
730539	3204	-5	9
730554	3204	-3	9
730570	3204	0	9
730586	3204	6	9
730601	3204	8	9
730606	3208	8	9
730621	3213	9	9
730636	3218	8	9
730651	3222	1	9
730666	3222	2	9
730681	3222	4	9
730696	3226	11	9
730701	3231	24	9
730716	3244	40	9
730731	3267	46	9
730746	3294	40	9
730761	3316	42	9
730776	3339	48	9
730791	3366	42	9
730806	3388	30	9
730811	3406	27	9
730826	3420	23	9
730841	3434	16	9
730856	3442	5	9
730871	3447	1	9
730886	3447	-10	9
730901	3447	-21	9
730906	3434	-27	9
730921	3420	-31	9
730936	3402	-32	9
730951	3384	-28	9
730966	3366	-22	9
730981	3357	-17	9
730996	3344	-14	9
731016	3339	-17	9
731021	3330	-29	9
731036	3312	-57	9
731051	3280	-99	9
731066	3222	-126	9
731081	3154	-118	9
731096	3087	-92	9
731111	3033	-60	9
731116	3002	-27	9
731131	2988	-12	9
731146	2979	-14	9
731161	2970	-16	9
731176	2961	-18	9
731191	2952	-19	9
731206	2943	-20	9
731211	2930	-12	9
731226	2925	-7	9
731241	2920	-5	9
731256	2916	0	9
731271	2916	2	9
731286	2916	8	9
731301	2920	21	9
731316	2930	29	9
731321	2948	32	9
731336	2966	28	9
731351	2979	25	9
731366	2992	18	9
731381	3006	8	9
731396	3010	3	9
731416	3010	10	9
731421	3015	19	9
731436	3028	24	9
731451	3042	13	9
731466	3046	5	9
731481	3051	2	9
731496	3051	-11	9
731511	3051	-19	9
731516	3038	-17	9
731531	3028	-11	9
731546	3024	-13	9
731561	3015	-13	9
731576	3010	-15	9
731591	3002	-20	9
731606	2988	-24	9
731621	2974	-20	9
731626	2966	-23	9
731641	2952	-24	9
731656	2938	-18	9
731671	2930	-8	9
731686	2925	-3	9
731701	2920	0	9
731716	2920	4	9
731721	2920	18	9
731737	2930	26	9
731752	2943	29	9
731767	2961	24	9
731782	2974	17	9
731797	2984	10	9
731812	2988	6	9
731827	2992	18	9
731832	3002	23	9
731847	3015	22	9
731862	3028	22	9
731877	3042	16	9
731892	3051	-6	9
731907	3051	-22	9
731927	3038	-26	9
731932	3024	-28	9
731947	3006	-24	9
731962	2992	-15	9
731977	2984	-5	9
731992	2984	-9	9
732007	2979	-13	9
732022	2970	-18	9
732027	2961	-20	9
732042	2948	-21	9
732057	2938	-19	9
732072	2925	-13	9
732087	2920	-10	9
732102	2912	-5	9
732117	2912	-6	9
732132	2907	-2	9
732137	2907	1	9
732152	2907	1	9
732167	2907	1	9
732182	2907	2	9
732197	2907	2	9
732212	2907	7	9
732227	2912	7	9
732232	2916	4	9
732247	2916	3	9
732262	2916	4	9
732277	2920	6	9
732292	2925	-1	9
732307	2925	-7	9
732327	2925	-1	9
732342	2920	3	9
732347	2920	-2	9
732362	2920	-4	9
732377	2920	0	9
732392	2920	2	9
732407	2920	-2	9
732422	2920	-12	9
732437	2916	-17	9
732442	2902	-15	9
732457	2898	-7	9
732472	2894	-10	9
732487	2884	-14	9
732502	2880	-15	9
732517	2871	-12	9
732533	2862	-13	9
732538	2858	-20	9
732554	2844	-22	9
732569	2830	-18	9
732584	2822	-11	9
732599	2817	-13	9
732614	2808	-13	9
732629	2804	0	9
732644	2804	12	9
732649	2804	9	9
732664	2808	2	9
732679	2812	-1	9
732694	2812	-6	9
732709	2812	-3	9
732724	2808	6	9
732744	2808	8	9
732749	2812	5	9
732764	2817	4	9
732779	2817	-1	9
732794	2817	-10	9
732809	2817	-13	9
732824	2808	-5	9
732839	2804	-1	9
732844	2804	2	9
732859	2804	4	9
732874	2804	0	9
732889	2804	-4	9
732905	2804	-11	9
732920	2799	-10	9
732935	2794	-2	9
732950	2794	-3	9
732955	2790	-6	9
732970	2790	-1	9
732985	2786	-2	9
733000	2786	-6	9
733015	2781	-4	9
733030	2781	0	9
733045	2781	-3	9
733050	2781	-13	9
733065	2772	-16	9
733080	2763	-3	9
733095	2763	-1	9
733111	2758	0	9
733126	2758	0	9
733141	2758	2	9
733156	2758	11	9
733161	2763	18	9
733176	2772	19	9
733191	2786	9	9
733206	2790	11	9
733221	2794	17	9
733236	2804	24	9
733252	2817	17	9
733258	2830	11	9
733274	2835	13	9
733290	2844	17	9
733306	2853	13	9
733322	2858	14	9
733338	2866	26	9
733354	2880	34	9
733359	2902	27	9
733375	2916	21	9
733390	2930	11	9
733405	2934	-1	9
733420	2934	-9	9
733435	2934	-12	9
733450	2925	-24	9
733465	2912	-33	9
733470	2894	-28	9
733485	2876	-21	9
733500	2866	-26	9
733515	2853	-34	9
733530	2830	-34	9
733545	2812	-31	9
733560	2794	-35	9
733565	2776	-37	9
733580	2754	-36	9
733595	2736	-24	9
733610	2722	-14	9
733625	2714	-10	9
733640	2709	-8	9
733655	2704	-3	9
733660	2700	-1	9
733675	2700	4	9
733690	2700	10	9
733705	2704	13	9
733720	2714	22	9
733735	2722	30	9
733750	2740	29	9
733765	2758	22	9
733770	2772	25	9
733785	2786	29	9
733800	2799	23	9
733815	2812	28	9
733830	2830	35	9
733845	2848	37	9
733860	2871	30	9
733865	2884	21	9
733881	2898	10	9
733896	2902	-1	9
733911	2902	-6	9
733926	2902	-16	9
733941	2894	-23	9
733956	2880	-30	9
733971	2866	-28	9
733977	2848	-19	9
733992	2840	-14	9
734008	2830	-17	9
734023	2822	-14	9
734038	2812	-10	9
734053	2808	-12	9
734068	2799	-20	9
734073	2790	-27	9
734088	2776	-24	9
734103	2763	-24	9
734118	2750	-19	9
734133	2736	-13	9
734148	2732	-3	9
734164	2727	2	9
734169	2727	14	9
734184	2732	19	9
734199	2745	17	9
734214	2754	13	9
734229	2758	12	9
734244	2768	5	9
734264	2772	3	9
734279	2772	10	9
734284	2776	19	9
734299	2790	17	9
734314	2799	15	9
734329	2808	13	9
734344	2812	14	9
734359	2822	9	9
734374	2826	4	9
734379	2830	-3	9
734394	2830	-7	9
734410	2826	-10	9
734425	2822	-5	9
734440	2817	-1	9
734455	2817	-3	9
734470	2817	-8	9
734485	2812	-6	9
734490	2808	-7	9
734506	2804	-16	9
734521	2794	-23	9
734536	2781	-25	9
734551	2768	-24	9
734566	2754	-23	9
734581	2740	-17	9
734586	2732	-15	9
734601	2722	-12	9
734616	2718	-6	9
734631	2714	4	9
734646	2714	4	9
734661	2714	3	9
734676	2718	8	9
734681	2722	14	9
734696	2727	13	9
734711	2736	8	9
734726	2740	12	9
734741	2745	14	9
734756	2754	3	9
734771	2758	-2	9
734792	2758	-2	9
734797	2758	3	9
734812	2758	2	9
734827	2758	5	9
734843	2758	4	9
734858	2763	-3	9
734873	2763	2	9
734888	2763	9	9
734893	2768	4	9
734908	2768	-9	9
734923	2768	-4	9
734938	2768	4	9
734953	2768	3	9
734968	2768	5	9
734983	2768	12	9
734988	2776	20	9
735004	2786	13	9
735019	2794	6	9
735034	2799	3	9
735049	2799	0	9
735064	2799	-7	9
735079	2799	-11	9
735094	2794	-16	9
735099	2786	-21	9
735114	2772	-21	9
735129	2758	-16	9
735144	2750	-23	9
735159	2736	-27	9
735174	2722	-20	9
735189	2714	-8	9
735194	2709	-9	9
735209	2700	-21	9
735224	2691	-19	9
735239	2678	-13	9
735254	2673	-18	9
735269	2664	-26	9
735284	2646	-19	9
735299	2637	-13	9
735304	2628	-12	9
735319	2624	-11	9
735334	2614	-5	9
735349	2614	-3	9
735364	2610	6	9
735379	2610	19	9
735399	2624	23	9
735404	2637	27	9
735419	2650	28	9
735434	2664	35	9
735449	2686	36	9
735464	2704	36	9
735479	2727	45	9
735494	2750	58	9
735499	2786	60	9
735514	2817	52	9
735529	2848	45	9
735544	2871	34	9
735559	2894	25	9
735574	2907	13	9
735589	2912	8	9
735604	2916	0	9
735609	2916	-9	9
735624	2916	-10	9
735639	2912	-13	9
735654	2902	-22	9
735669	2889	-25	9
735684	2876	-12	9
735704	2871	-2	9
735709	2871	-6	9
735724	2866	-9	9
735739	2862	-16	9
735754	2853	-23	9
735769	2840	-29	9
735784	2822	-25	9
735799	2808	-17	9
735815	2799	-12	9
735820	2790	1	9
735835	2790	7	9
735850	2794	-3	9
735865	2794	-8	9
735880	2790	-5	9
735895	2786	4	9
735910	2786	8	9
735915	2790	10	9
735930	2794	12	9
735945	2804	12	9
735960	2808	10	9
735975	2817	9	9
735990	2822	16	9
736005	2830	23	9
736010	2844	17	9
736026	2853	14	9
736042	2858	13	9
736058	2866	12	9
736074	2876	12	9
736089	2880	14	9
736104	2889	5	9
736119	2889	-4	9
736124	2889	-4	9
736139	2889	-4	9
736154	2889	-5	9
736169	2884	-7	9
736184	2880	-4	9
736199	2880	0	9
736214	2880	-3	9
736219	2876	-4	9
736234	2876	-8	9
736249	2871	-17	9
736264	2862	-24	9
736279	2848	-25	9
736294	2835	-26	9
736309	2817	-25	9
736314	2804	-21	9
736329	2794	-10	9
736344	2786	0	9
736359	2786	-3	9
736374	2786	-3	9
736389	2786	7	9
736404	2786	7	9
736419	2790	6	9
736424	2790	12	9
736439	2799	22	9
736454	2812	23	9
736469	2822	27	9
736484	2840	32	9
736499	2858	29	9
736519	2871	26	9
736524	2889	30	9
736539	2902	27	9
736554	2920	15	9
736569	2930	2	9
736584	2930	3	9
736599	2930	3	9
736614	2934	0	9
736629	2934	-4	9
736634	2934	0	9
736649	2934	-2	9
736664	2934	-6	9
736679	2930	-10	9
736694	2925	-10	9
736710	2920	-16	9
736725	2912	-20	9
736730	2898	-19	9
736745	2889	-13	9
736760	2880	-9	9
736776	2876	-1	9
736791	2876	7	9
736806	2876	6	9
736821	2880	3	9
736826	2880	7	9
736841	2884	10	9
736856	2889	-2	9
736871	2889	-9	9
736886	2889	-8	9
736901	2884	-4	9
736916	2880	0	9
736931	2880	9	9
736936	2880	20	9
736951	2894	25	9
736966	2907	24	9
736981	2920	19	9
736996	2930	9	9
737011	2934	-3	9
737031	2934	-5	9
737036	2934	-2	9
737051	2934	-2	9
737066	2934	-8	9
737081	2930	-6	9
737096	2925	-4	9
737111	2925	-1	9
737126	2920	-5	9
737131	2920	-1	9
737146	2920	4	9
737161	2920	0	9
737176	2920	-7	9
737191	2916	-12	9
737206	2912	-15	9
737221	2902	-15	9
737236	2894	-11	9
737241	2889	-13	9
737256	2880	-14	9
737271	2871	-9	9
737286	2866	-5	9
737301	2866	-15	9
737316	2858	-22	9
737336	2844	-18	9
737341	2835	-7	9
737356	2830	-10	9
737371	2826	-10	9
737387	2817	-5	9
737402	2817	0	9
737417	2817	-2	9
737432	2812	0	9
737447	2812	9	9
737452	2817	18	9
737467	2826	17	9
737482	2835	15	9
737498	2844	10	9
737513	2848	4	9
737528	2853	-2	9
737543	2853	-1	9
737548	2853	-2	9
737563	2853	-5	9
737578	2848	4	9
737593	2848	6	9
737608	2853	0	9
737623	2853	-2	9
737638	2853	5	9
737643	2853	10	9
737658	2858	2	9
737673	2862	-4	9
737688	2862	-1	9
737703	2862	-4	9
737718	2858	-11	9
737733	2853	-10	9
737748	2848	-3	9
737753	2844	1	9
737768	2844	-2	9
737783	2844	1	9
737798	2844	2	9
737813	2844	-2	9
737828	2844	-6	9
737843	2844	-7	9
737848	2840	-12	9
737863	2830	-18	9
737878	2822	-20	9
737893	2808	-17	9
737908	2799	-17	9
737923	2790	-16	9
737943	2781	-5	9
737958	2781	3	9
737963	2781	8	9
737978	2781	15	9
737993	2790	18	9
738009	2799	12	9
738024	2808	8	9
738039	2812	11	9
738054	2817	10	9
738059	2822	1	9
738074	2822	-3	9
738089	2822	0	9
738104	2822	0	9
738119	2822	-9	9
738134	2822	-11	9
738149	2812	-13	9
738154	2808	-7	9
738169	2804	-11	9
738184	2799	-9	9
738199	2790	-16	9
738214	2781	-14	9
738229	2776	-8	9
738244	2772	-5	9
738259	2768	-3	9
738264	2768	-3	9
738279	2763	2	9
738294	2763	7	9
738309	2768	4	9
738324	2768	4	9
738339	2772	6	9
738360	2772	1	9
738365	2772	-7	9
738380	2772	-2	9
738395	2772	5	9
738410	2772	10	9
738425	2776	5	9
738440	2781	5	9
738455	2781	4	9
738460	2786	-2	9
738475	2786	-6	9
738490	2786	-5	9
738505	2781	-5	9
738521	2781	-7	9
738536	2776	-3	9
738551	2772	5	9
738566	2772	10	9
738571	2776	10	9
738586	2786	8	9
738601	2790	7	9
738616	2790	3	9
738631	2794	3	9
738646	2794	-3	9
738661	2794	-9	9
738666	2794	-11	9
738681	2786	-9	9
738696	2781	-7	9
738711	2776	-18	9
738726	2768	-17	9
738741	2758	-13	9
738757	2750	-18	9
738772	2740	-24	9
738778	2727	-20	9
738794	2714	-11	9
738810	2709	-11	9
738826	2704	-15	9
738842	2696	-11	9
738857	2686	-13	9
738872	2682	-9	9
738877	2678	1	9
738892	2678	12	9
738907	2678	30	9
738922	2696	43	9
738938	2722	52	9
738954	2750	55	9
738969	2781	47	9
738974	2808	42	9
738989	2830	38	9
739004	2853	31	9
739019	2871	23	9
739034	2884	30	9
739049	2898	40	9
739064	2920	39	9
739079	2943	26	9
739084	2956	19	9
739099	2970	11	9
739114	2974	-6	9
739129	2974	-16	9
739144	2966	-15	9
739159	2956	-13	9
739174	2952	-13	9
739179	2943	-13	9
739194	2938	-13	9
739209	2930	-18	9
739224	2920	-21	9
739239	2907	-16	9
739254	2898	-19	9
739269	2889	-23	9
739274	2876	-20	9
739289	2862	-12	9
739304	2858	-8	9
739319	2853	-7	9
739334	2848	-1	9
739349	2848	6	9
739364	2848	5	9
739379	2848	6	9
739384	2853	9	9
739399	2858	6	9
739414	2862	0	9
739429	2862	5	9
739444	2866	10	9
739459	2871	6	9
739479	2876	0	9
739484	2876	-2	9
739499	2876	-2	9
739514	2876	-10	9
739529	2871	-16	9
739544	2862	-12	9
739559	2853	-11	9
739574	2848	-14	9
739589	2840	-13	9
739594	2830	-11	9
739609	2826	-12	9
739624	2822	-14	9
739639	2812	-14	9
739654	2804	-20	9
739670	2794	-25	9
739685	2776	-19	9
739690	2768	-8	9
739705	2763	-5	9
739720	2758	-2	9
739736	2758	8	9
739751	2758	17	9
739766	2768	18	9
739781	2781	14	9
739786	2786	15	9
739801	2794	16	9
739816	2804	12	9
739831	2812	10	9
739846	2817	17	9
739861	2826	19	9
739876	2840	15	9
739891	2844	18	9
739896	2858	14	9
739911	2862	2	9
739926	2866	-4	9
739942	2866	-3	9
739957	2866	-10	9
739972	2858	-17	9
739987	2848	-11	9
739992	2844	-10	9
740008	2840	-17	9
740023	2830	-18	9
740038	2817	-15	9
740053	2808	-14	9
740068	2804	-14	9
740088	2794	-15	9
740104	2786	-12	9
740109	2781	-13	9
740124	2772	-14	9
740139	2763	-10	9
740154	2758	-9	9
740169	2754	-11	9
740184	2745	-2	9
740199	2745	14	9
740204	2750	17	9
740219	2758	16	9
740234	2768	14	9
740250	2776	20	9
740266	2786	18	9
740281	2799	5	9
740296	2799	4	9
740301	2804	9	9
740316	2808	14	9
740331	2817	14	9
740346	2822	13	9
740361	2830	7	9
740376	2835	2	9
740391	2835	8	9
740406	2840	10	9
740411	2844	4	9
740426	2848	-2	9
740441	2848	2	9
740456	2848	-4	9
740471	2848	-11	9
740486	2844	-12	9
740501	2835	2	9
740506	2835	6	9
740521	2840	0	9
740536	2840	-2	9
740551	2840	1	9
740566	2840	1	9
740581	2840	-6	9
740596	2840	-8	9
740601	2835	-11	9
740616	2826	-11	9
740631	2822	-8	9
740646	2817	-9	9
740661	2812	-20	9
740676	2799	-32	9
740691	2781	-24	9
740711	2768	-12	9
740716	2763	-12	9
740731	2754	-12	9
740746	2750	-6	9
740761	2745	-10	9
740776	2740	-17	9
740791	2732	-16	9
740806	2722	-14	9
740811	2714	-6	9
740826	2709	3	9
740841	2709	13	9
740856	2714	12	9
740871	2722	3	9
740886	2722	4	9
740901	2727	7	9
740916	2732	1	9
740921	2732	-2	9
740936	2732	10	9
740951	2736	15	9
740966	2745	3	9
740981	2745	-4	9
740996	2745	1	9
741011	2745	11	9
741016	2750	3	9
741032	2750	2	9
741047	2754	4	9
741063	2754	-1	9
741078	2754	-10	9
741093	2754	-11	9
741108	2745	-15	9
741113	2736	-18	9
741128	2727	-12	9
741143	2722	-8	9
741158	2718	-11	9
741173	2709	-19	9
741188	2700	-16	9
741203	2691	-15	9
741223	2682	-25	9
741228	2668	-25	9
741243	2655	-14	9
741258	2646	-6	9
741273	2642	-8	9
741288	2637	-1	9
741303	2637	13	9
741318	2642	16	9
741323	2650	10	9
741338	2655	9	9
741353	2660	13	9
741368	2668	8	9
741383	2673	13	9
741398	2678	24	9
741413	2691	26	9
741418	2709	16	9
741433	2718	13	9
741449	2722	16	9
741464	2732	12	9
741479	2740	0	9
741494	2740	0	9
741509	2740	1	9
741524	2740	-4	9
741529	2740	-4	9
741544	2740	-1	9
741559	2740	-6	9
741574	2736	-11	9
741589	2732	-6	9
741604	2727	2	9
741620	2727	-5	9
741626	2722	-11	9
741642	2718	-9	9
741657	2714	-4	9
741672	2709	-9	9
741687	2704	-7	9
741702	2700	1	9
741717	2700	3	9
741732	2700	-1	9
741738	2700	4	9
741753	2700	13	9
741768	2709	10	9
741784	2714	7	9
741799	2718	16	9
741814	2727	19	9
741829	2740	7	9
741834	2740	5	9
741849	2745	4	9
741864	2750	-6	9
741879	2750	-13	9
741894	2740	-3	9
741909	2740	4	9
741924	2740	1	9
741929	2740	1	9
741944	2740	4	9
741959	2740	0	9
741974	2740	-10	9
741989	2740	-9	9
742004	2736	-12	9
742019	2727	-17	9
742039	2718	-21	9
742044	2704	-11	9
742059	2700	-4	9
742074	2696	-5	9
742089	2696	0	9
742104	2696	13	9
742119	2700	18	9
742134	2709	13	9
742139	2714	18	9
742154	2727	20	9
742169	2736	16	9
742184	2745	11	9
742199	2754	23	9
742214	2763	23	9
742229	2776	10	9
742244	2786	3	9
742249	2786	6	9
742264	2790	1	9
742279	2790	-8	9
742294	2790	-9	9
742309	2786	-6	9
742324	2781	-12	9
742339	2772	-11	9
742344	2768	-8	9
742359	2763	-13	9
742374	2754	-21	9
742389	2745	-18	9
742404	2732	-7	9
742419	2732	-12	9
742439	2722	-15	9
742444	2714	-9	9
742459	2709	-4	9
742474	2709	-9	9
742489	2700	-11	9
742504	2696	3	9
742520	2696	8	9
742535	2700	8	9
742550	2704	14	9
742555	2709	18	9
742570	2722	14	9
742585	2727	8	9
742600	2732	15	9
742615	2740	14	9
742631	2750	5	9
742646	2754	16	9
742651	2763	24	9
742666	2776	14	9
742681	2781	8	9
742696	2786	13	9
742711	2794	12	9
742726	2799	6	9
742741	2804	4	9
742746	2808	9	9
742761	2812	7	9
742777	2817	-7	9
742793	2817	-13	9
742808	2808	-12	9
742823	2804	-21	9
742838	2790	-28	9
742853	2772	-22	9
742858	2763	-14	9
742873	2754	-16	9
742888	2745	-15	9
742903	2736	-15	9
742918	2727	-22	9
742933	2714	-32	9
742948	2696	-32	9
742953	2678	-19	9
742968	2668	-19	9
742983	2660	-16	9
742998	2650	-7	9
743013	2646	-3	9
743028	2642	-6	9
743044	2642	0	9
743060	2642	10	9
743066	2642	3	9
743081	2642	2	9
743096	2646	11	9
743111	2650	14	9
743126	2660	11	9
743141	2664	12	9
743156	2673	19	9
743161	2682	15	9
743176	2691	9	9
743191	2696	14	9
743206	2704	26	9
743221	2718	28	9
743236	2736	24	9
743251	2750	21	9
743256	2758	17	9
743271	2768	-1	9
743286	2768	-6	9
743301	2768	-3	9
743316	2768	-6	9
743331	2763	-9	9
743351	2758	3	9
743366	2758	7	9
743371	2758	-2	9
743386	2758	-8	9
743401	2758	1	9
743416	2758	-2	9
743431	2758	-19	9
743446	2750	-18	9
743461	2736	-13	9
743466	2732	-19	9
743481	2718	-20	9
743496	2709	-7	9
743511	2704	-4	9
743526	2700	-4	9
743541	2700	-4	9
743556	2696	5	9
743561	2696	6	9
743576	2700	0	9
743591	2700	2	9
743606	2700	6	9
743621	2704	8	9
743637	2709	9	9
743653	2714	12	9
743668	2722	11	9
743673	2727	5	9
743688	2732	8	9
743703	2736	15	9
743718	2740	8	9
743733	2745	0	9
743748	2745	6	9
743763	2750	15	9
743768	2758	5	9
743783	2763	2	9
743798	2763	10	9
743813	2768	7	9
743828	2772	-5	9
743843	2772	-5	9
743864	2772	0	9
743879	2772	-7	9
743884	2768	-13	9
743899	2758	-18	9
743914	2750	-15	9
743929	2740	-21	9
743944	2727	-20	9
743960	2718	-15	9
743975	2709	-14	9
743980	2700	-15	9
743995	2691	-8	9
744010	2686	5	9
744025	2686	3	9
744040	2691	-4	9
744055	2691	1	9
744070	2691	1	9
744076	2691	-10	9
744091	2686	-17	9
744106	2678	-11	9
744121	2668	-9	9
744136	2664	-14	9
744151	2660	-1	9
744166	2655	8	9
744181	2660	1	9
744186	2660	-1	9
744201	2660	6	9
744216	2660	7	9
744232	2664	4	9
744247	2668	12	9
744263	2673	22	9
744279	2686	19	9
744284	2696	7	9
744299	2700	5	9
744314	2704	11	9
744329	2709	5	9
744345	2714	4	9
744361	2714	15	9
744377	2722	21	9
744392	2736	17	9
744397	2745	14	9
744412	2754	7	9
744427	2758	-2	9
744443	2758	-10	9
744458	2754	-5	9
744473	2750	-8	9
744488	2745	-21	9
744494	2736	-18	9
744510	2722	-4	9
744525	2722	-6	9
744540	2718	-19	9
744555	2709	-12	9
744570	2700	-5	9
744585	2700	-6	9
744590	2696	-5	9
744605	2691	2	9
744620	2691	-1	9
744635	2691	-12	9
744650	2686	-21	9
744665	2673	-18	9
744680	2664	-23	9
744695	2650	-32	9
744700	2632	-30	9
744716	2614	-21	9
744732	2606	-19	9
744747	2592	-18	9
744762	2583	-8	9
744777	2578	-7	9
744792	2574	-10	9
744797	2570	-5	9
744812	2565	6	9
744827	2565	1	9
744842	2565	-8	9
744857	2565	-1	9
744872	2565	8	9
744887	2565	10	9
744892	2574	19	9
744907	2583	35	9
744922	2601	37	9
744937	2624	33	9
744952	2642	41	9
744967	2664	43	9
744982	2691	33	9
744997	2709	22	9
745002	2718	21	9
745017	2732	22	9
745032	2745	14	9
745048	2754	13	9
745063	2758	14	9
745078	2768	11	9
745093	2772	7	9
745098	2776	9	9
745113	2781	-2	9
745128	2781	-19	9
745143	2776	-28	9
745158	2758	-23	9
745173	2745	-23	9
745188	2732	-28	9
745204	2718	-23	9
745209	2704	-20	9
745224	2691	-27	9
745239	2678	-43	9
745254	2655	-33	9
745269	2637	-24	9
745284	2624	-26	9
745299	2606	-29	9
745304	2592	-29	9
745320	2574	-29	9
745335	2556	-32	9
745350	2538	-28	9
745365	2524	-30	9
745380	2506	-36	9
745395	2488	-27	9
745400	2470	-15	9
745415	2462	-15	9
745430	2457	-20	9
745445	2444	-15	9
745460	2434	2	9
745476	2434	5	9
745491	2434	7	9
745511	2439	15	9
745516	2448	25	9
745531	2462	25	9
745546	2475	24	9
745561	2488	28	9
745576	2506	33	9
745591	2524	30	9
745606	2542	33	9
745611	2560	36	9
745627	2578	29	9
745642	2596	20	9
745657	2606	22	9
745672	2619	19	9
745687	2628	9	9
745702	2637	8	9
745717	2642	12	9
745722	2646	-7	9
745737	2646	-25	9
745753	2632	-27	9
745769	2619	-28	9
745785	2601	-33	9
745800	2583	-29	9
745815	2565	-21	9
745820	2556	-21	9
745835	2542	-31	9
745850	2524	-28	9
745865	2511	-20	9
745880	2498	-23	9
745895	2484	-25	9
745910	2470	-14	9
745915	2462	-2	9
745930	2462	-1	9
745945	2462	1	9
745960	2462	4	9
745975	2462	1	9
745990	2462	-4	9
746005	2462	4	9
746020	2462	16	9
746025	2470	21	9
746040	2484	30	9
746055	2498	39	9
746070	2520	37	9
746085	2542	28	9
746100	2556	30	9
746115	2574	29	9
746120	2592	17	9
746135	2601	14	9
746150	2610	22	9
746166	2619	22	9
746181	2632	12	9
746196	2642	9	9
746211	2646	9	9
746216	2650	3	9
746231	2650	-2	9
746246	2650	-5	9
746261	2650	0	9
746277	2650	-4	9
746292	2650	-10	9
746307	2642	-12	9
746327	2637	-16	9
746332	2628	-28	9
746347	2610	-25	9
746362	2596	-14	9
746377	2592	-10	9
746392	2583	-8	9
746407	2578	-6	9
746422	2578	-6	9
746427	2574	-14	9
746442	2565	-6	9
746457	2560	4	9
746472	2560	6	9
746488	2565	1	9
746504	2565	7	9
746519	2570	12	9
746534	2574	10	9
746539	2578	16	9
746554	2588	27	9
746569	2606	31	9
746584	2624	24	9
746599	2637	19	9
746614	2646	22	9
746629	2660	15	9
746634	2668	7	9
746649	2673	7	9
746664	2673	8	9
746679	2678	0	9
746694	2678	-7	9
746709	2678	-7	9
746724	2678	-14	9
746729	2668	-20	9
746744	2655	-17	9
746759	2646	-9	9
746774	2642	-9	9
746789	2637	-10	9
746804	2632	-4	9
746819	2628	-1	9
746839	2628	-11	9
746844	2624	-11	9
746859	2614	-5	9
746874	2614	-2	9
746889	2610	-2	9
746904	2610	12	9
746919	2614	22	9
746934	2628	24	9
746939	2642	27	9
746954	2655	38	9
746970	2678	44	9
746985	2700	45	9
747000	2727	45	9
747015	2750	46	9
747030	2776	41	9
747035	2799	28	9
747050	2817	22	9
747065	2830	14	9
747080	2835	0	9
747095	2835	-9	9
747110	2835	-9	9
747126	2830	-14	9
747141	2822	-25	9
747146	2808	-25	9
747161	2794	-21	9
747177	2781	-24	9
747193	2768	-31	9
747208	2750	-25	9
747223	2736	-19	9
747238	2727	-20	9
747243	2714	-16	9
747258	2704	-4	9
747273	2704	-3	9
747288	2704	-9	9
747303	2696	-9	9
747318	2691	-9	9
747333	2686	-14	9
747348	2678	-10	9
747353	2673	-2	9
747368	2673	10	9
747383	2673	14	9
747399	2682	15	9
747414	2691	20	9
747429	2700	18	9
747444	2714	16	9
747449	2722	19	9
747464	2732	21	9
747479	2745	13	9
747495	2750	4	9
747510	2754	5	9
747525	2754	9	9
747540	2763	7	9
747545	2763	12	9
747560	2772	19	9
747575	2781	16	9
747590	2790	10	9
747605	2799	4	9
747620	2799	-6	9
747635	2799	-15	9
747655	2790	-13	9
747660	2786	-7	9
747675	2781	-16	9
747690	2772	-24	9
747705	2758	-21	9
747720	2745	-12	9
747735	2740	-6	9
747750	2736	-4	9
747755	2732	-1	9
747770	2732	2	9
747786	2732	-3	9
747801	2732	-6	9
747816	2727	-1	9
747831	2727	-1	9
747846	2727	1	9
747861	2727	5	9
747866	2727	5	9
747881	2732	5	9
747896	2732	9	9
747911	2736	14	9
747926	2745	13	9
747941	2754	9	9
747956	2758	19	9
747961	2768	22	9
747976	2781	7	9
747991	2786	0	9
748006	2786	4	9
748021	2786	7	9
748036	2790	0	9
748051	2790	-8	9
748056	2790	-11	9
748071	2786	-15	9
748086	2776	-20	9
748101	2763	-17	9
748116	2754	-13	9
748131	2750	-12	9
748151	2740	-12	9
748166	2736	-9	9
748171	2732	-11	9
748186	2722	-14	9
748201	2714	-15	9
748216	2709	-14	9
748231	2700	-14	9
748246	2691	-13	9
748261	2682	-9	9
748266	2678	-7	9
748281	2673	-7	9
748296	2673	-3	9
748311	2668	9	9
748326	2668	16	9
748341	2678	10	9
748356	2686	8	9
748361	2691	12	9
748376	2696	11	9
748391	2704	13	9
748406	2709	16	9
748421	2718	16	9
748436	2727	12	9
748451	2736	11	9
748471	2740	15	9
748476	2750	11	9
748491	2754	12	9
748506	2763	17	9
748521	2772	16	9
748537	2781	7	9
748553	2786	10	9
748569	2790	11	9
748574	2794	6	9
748590	2799	-5	9
748606	2799	-8	9
748621	2794	-4	9
748637	2794	-9	9
748652	2790	-20	9
748667	2776	-22	9
748682	2768	-20	9
748687	2754	-15	9
748702	2745	-9	9
748717	2740	2	9
748732	2740	4	9
748747	2740	-2	9
748762	2740	-2	9
748777	2740	-2	9
748782	2740	-5	9
748797	2736	-7	9
748812	2736	-3	9
748827	2732	-7	9
748842	2727	-16	9
748857	2718	-15	9
748872	2709	-15	9
748877	2704	-20	9
748892	2691	-25	9
748907	2678	-19	9
748922	2668	-10	9
748937	2660	1	9
748952	2660	13	9
748967	2664	25	9
748982	2678	20	9
748987	2691	16	9
749003	2700	23	9
749018	2714	34	9
749033	2732	32	9
749048	2750	28	9
749063	2763	38	9
749078	2786	43	9
749083	2812	39	9
749098	2830	28	9
749113	2848	28	9
749128	2862	31	9
749143	2880	27	9
749158	2898	25	9
749173	2912	17	9
749178	2920	3	9
749193	2920	-5	9
749209	2920	-8	9
749224	2920	-15	9
749239	2912	-23	9
749254	2898	-21	9
749269	2884	-15	9
749284	2876	-26	9
749289	2862	-39	9
749304	2840	-35	9
749319	2822	-26	9
749334	2808	-21	9
749349	2794	-18	9
749364	2786	-10	9
749379	2776	-3	9
749384	2776	-7	9
749399	2772	-3	9
749414	2772	2	9
749429	2772	4	9
749444	2772	6	9
749459	2772	16	9
749479	2781	22	9
749494	2794	19	9
749499	2808	20	9
749514	2817	32	9
749529	2835	32	9
749544	2853	29	9
749559	2871	27	9
749574	2884	27	9
749589	2898	21	9
749594	2912	13	9
749609	2920	9	9
749624	2925	5	9
749639	2925	-1	9
749654	2925	0	9
749669	2925	3	9
749684	2930	-2	9
749689	2930	-6	9
749704	2930	-4	9
749719	2925	-7	9
749734	2920	-12	9
749749	2916	-9	9
749764	2912	-5	9
749779	2907	-9	9
749799	2902	-19	9
749804	2889	-17	9
749819	2880	-12	9
749834	2876	-14	9
749849	2866	-16	9
749864	2858	-7	9
749879	2853	-1	9
749894	2853	-7	9
749899	2848	-9	9
749914	2844	-3	9
749929	2844	4	9
749945	2844	1	9
749961	2844	5	9
749976	2844	8	9
749991	2848	4	9
750006	2853	6	9
750011	2853	13	9
750026	2862	15	9
750041	2871	15	9
750057	2880	23	9
750073	2894	28	9
750088	2907	28	9
750103	2925	19	9
750108	2934	19	9
750123	2943	23	9
750138	2956	22	9
750153	2970	22	9
750168	2984	21	9
750183	2992	8	9
750198	2997	-6	9
750203	2997	-14	9
750218	2992	-16	9
750233	2984	-23	9
750248	2970	-33	9
750263	2952	-23	9
750278	2938	-9	9
750293	2934	1	9
750308	2934	15	9
750313	2938	39	9
750328	2961	49	9
750343	2988	50	9
750358	3015	55	9
750373	3046	48	9
750388	3074	27	9
750403	3087	18	9
750408	3100	13	9
750423	3105	6	9
750438	3110	-4	9
750453	3110	-3	9
750469	3110	1	9
750484	3110	-2	9
750499	3110	-8	9
750504	3105	-5	9
750519	3100	-7	9
750534	3096	-19	9
750549	3087	-28	9
750564	3069	-30	9
750579	3056	-35	9
750599	3033	-40	9
750615	3010	-37	9
750620	2992	-25	9
750635	2979	-22	9
750650	2966	-23	9
750665	2952	-13	9
750680	2943	-5	9
750695	2943	-9	9
750710	2938	-7	9
750715	2934	0	9
750731	2934	0	9
750746	2934	0	9
750761	2934	8	9
750777	2934	17	9
750792	2943	20	9
750807	2952	23	9
750822	2966	34	9
750827	2988	35	9
750843	3006	29	9
750859	3024	27	9
750874	3038	31	9
750889	3056	30	9
750904	3074	25	9
750919	3087	23	9
750924	3100	15	9
750939	3105	6	9
750954	3110	1	9
750969	3110	4	9
750984	3114	-3	9
750999	3114	-16	9
751014	3105	-14	9
751019	3100	-8	9
751034	3096	-9	9
751049	3087	-14	9
751064	3082	-13	9
751079	3074	-15	9
751094	3064	-26	9
751109	3051	-28	9
751124	3033	-24	9
751129	3020	-32	9
751144	3002	-36	9
751159	2984	-24	9
751174	2970	-10	9
751189	2966	-6	9
751204	2961	-4	9
751219	2956	6	9
751224	2956	10	9
751239	2966	7	9
751254	2966	17	9
751269	2979	35	9
751284	2997	35	9
751299	3015	29	9
751314	3033	32	9
751319	3051	36	9
751334	3069	33	9
751349	3092	32	9
751364	3110	34	9
751379	3128	26	9
751394	3141	17	9
751414	3150	22	9
751429	3164	28	9
751434	3177	21	9
751449	3190	6	9
751464	3195	0	9
751479	3195	-11	9
751494	3190	-29	9
751509	3177	-32	9
751524	3159	-21	9
751529	3146	-19	9
751544	3136	-29	9
751559	3118	-25	9
751574	3105	-18	9
751589	3096	-21	9
751604	3082	-24	9
751619	3069	-18	9
751634	3060	-10	9
751639	3056	-10	9
751654	3046	-8	9
751669	3042	-4	9
751684	3042	-5	9
751699	3038	-7	9
751714	3033	4	9
751734	3033	14	9
751739	3042	7	9
751754	3046	10	9
751769	3051	23	9
751784	3064	32	9
751799	3082	26	9
751814	3096	27	9
751829	3110	34	9
751834	3132	31	9
751849	3146	29	9
751864	3164	34	9
751879	3182	42	9
751894	3208	36	9
751909	3226	33	9
751924	3244	32	9
751939	3262	24	9
751944	3276	14	9
751959	3285	8	9
751974	3290	1	9
751989	3290	-22	9
752004	3280	-36	9
752019	3262	-31	9
752034	3244	-26	9
752039	3231	-35	9
752054	3208	-34	9
752069	3190	-20	9
752084	3177	-22	9
752099	3168	-25	9
752119	3154	-25	9
752134	3136	-18	9
752149	3128	-24	9
752154	3114	-17	9
752169	3105	-4	9
752184	3105	-8	9
752199	3100	-17	9
752214	3087	-11	9
752229	3082	-3	9
752244	3082	-5	9
752249	3078	-6	9
752264	3074	10	9
752279	3078	14	9
752294	3082	3	9
752309	3087	-1	9
752324	3087	7	9
752339	3092	15	9
752344	3096	8	9
752360	3100	13	9
752375	3110	26	9
752390	3123	33	9
752405	3141	45	9
752420	3168	62	9
752435	3204	73	9
752455	3244	70	9
752460	3285	67	9
752475	3321	62	9
752490	3357	48	9
752505	3384	25	9
752520	3398	18	9
752535	3406	16	9
752551	3416	3	9
752556	3420	-7	9
752571	3420	-4	9
752586	3416	-8	9
752601	3411	-17	9
752616	3402	-17	9
752631	3393	-9	9
752646	3388	-14	9
752651	3380	-19	9
752666	3370	-11	9
752681	3362	-9	9
752696	3357	-6	9
752711	3352	-6	9
752726	3352	1	9
752741	3352	-2	9
752756	3348	-6	9
752761	3348	-3	9
752777	3344	3	9
752793	3344	12	9
752808	3348	34	9
752823	3370	68	9
752838	3406	87	9
752853	3456	82	9
752858	3501	75	9
752873	3546	74	9
752888	3586	67	9
752903	22	47	9
752918	50	29	9
752933	68	23	9
752948	81	6	9
752963	81	-3	9
752968	81	-3	9
752983	81	0	9
752998	81	0	9
753013	81	6	9
753028	81	10	9
753043	90	3	9
753058	90	-9	9
753063	90	-4	9
753078	86	2	9
753093	86	8	9
753108	90	21	9
753123	99	40	9
753138	122	37	9
753158	144	26	9
753163	158	26	9
753178	171	28	9
753193	189	20	9
753208	198	7	9
753223	202	0	9
753238	202	-6	9
753253	202	-15	9
753268	194	-25	9
753273	180	-24	9
753288	166	-21	9
753303	158	-16	9
753318	148	-10	9
753333	140	-4	9
753348	140	-12	9
753364	130	-12	9
753369	126	-7	9
753384	122	-7	9
753399	117	-5	9
753414	117	19	9
753430	122	47	9
753445	148	57	9
753460	180	57	9
753475	212	51	9
753480	243	40	9
753495	266	19	9
753510	274	3	9
753525	274	-4	9
753540	274	-3	9
753555	274	1	9
753570	274	7	9
753575	274	5	9
753590	279	-7	9
753605	279	-16	9
753620	270	-17	9
753635	261	-20	9
753655	248	-21	9
753671	238	-17	9
753676	230	-12	9
753691	220	-18	9
753706	212	-27	9
753721	198	-23	9
753736	184	-12	9
753751	176	-15	9
753766	166	-17	9
753781	158	-9	9
753786	153	-5	9
753801	148	-1	9
753816	148	28	9
753831	162	81	9
753846	207	115	9
753861	270	117	9
753876	338	100	9
753881	396	68	9
753896	432	34	9
753911	450	17	9
753926	459	12	9
753942	468	4	9
753957	468	2	9
753972	472	17	9
753977	482	32	9
753992	500	42	9
754007	522	47	9
754022	549	52	9
754037	576	47	9
754053	603	32	9
754068	621	22	9
754083	634	19	9
754088	644	9	9
754103	652	-10	9
754118	648	-13	9
754133	644	-13	9
754148	634	-22	9
754164	621	-28	9
754179	608	-16	9
754185	598	-10	9
754200	590	-10	9
754215	585	-11	9
754230	580	-16	9
754245	572	-24	9
754260	558	-27	9
754276	540	-18	9
754291	531	-12	9
754296	526	-4	9
754311	522	5	9
754326	522	15	9
754341	531	17	9
754356	540	12	9
754371	544	12	9
754386	554	16	9
754391	562	10	9
754406	567	3	9
754421	572	7	9
754436	572	13	9
754451	580	10	9
754466	585	9	9
754486	590	12	9
754491	598	12	9
754506	603	10	9
754521	612	19	9
754536	621	25	9
754553	634	12	9
754568	644	6	9
754583	644	9	9
754598	652	8	9
754603	657	13	9
754618	662	22	9
754633	675	32	9
754648	693	29	9
754663	711	21	9
754678	720	9	9
754693	724	-8	9
754698	724	-25	9
754713	711	-19	9
754728	702	-1	9
754743	702	17	9
754758	706	28	9
754773	720	41	9
754788	742	47	9
754793	770	39	9
754808	792	24	9
754823	806	18	9
754838	814	11	9
754853	824	5	9
754868	824	12	9
754883	832	28	9
754898	846	33	9
754903	868	23	9
754918	878	16	9
754933	886	5	9
754948	891	-7	9
754963	891	-12	9
754978	886	-6	9
754998	882	-14	9
755003	873	-24	9
755018	860	-22	9
755033	846	-27	9
755048	832	-36	9
755064	810	-38	9
755079	792	-26	9
755094	774	-21	9
755109	765	-28	9
755114	747	-20	9
755129	738	-10	9
755144	734	2	9
755159	734	0	9
755174	734	6	9
755189	734	16	9
755204	742	19	9
755209	752	27	9
755224	765	40	9
755239	788	42	9
755254	814	26	9
755269	828	18	9
755284	837	17	9
755299	846	4	9
755304	850	-2	9
755319	850	6	9
755334	850	14	9
755349	860	11	9
755364	864	10	9
755379	873	15	9
755399	882	5	9
755414	882	-6	9
755419	882	-7	9
755434	878	-9	9
755449	873	-22	9
755464	864	-28	9
755479	846	-29	9
755494	828	-23	9
755509	819	-19	9
755514	806	-20	9
755530	796	-21	9
755545	783	-17	9
755560	774	-17	9
755575	765	-11	9
755590	756	-11	9
755605	752	-15	9
755620	742	-15	9
755625	734	-4	9
755640	734	6	9
755655	734	10	9
755670	738	20	9
755685	747	30	9
755700	765	25	9
755715	778	22	9
755720	792	29	9
755735	810	32	9
755750	828	28	9
755765	842	32	9
755780	860	35	9
755795	882	25	9
755810	896	8	9
755815	900	2	9
755830	900	1	9
755845	900	-4	9
755860	900	-5	9
755875	900	-2	9
755890	900	-6	9
755910	896	-9	9
755925	891	-16	9
755930	882	-20	9
755945	868	-27	9
755960	855	-30	9
755975	837	-26	9
755990	824	-26	9
756005	810	-32	9
756020	792	-27	9
756025	774	-11	9
756040	770	-5	9
756055	765	-8	9
756070	760	-3	9
756086	760	9	9
756102	760	11	9
756117	765	10	9
756122	774	17	9
756137	783	24	9
756153	796	28	9
756168	810	32	9
756183	828	34	9
756198	850	25	9
756213	864	22	9
756228	873	17	9
756233	886	13	9
756248	891	5	9
756265	896	3	9
756280	896	3	9
756295	900	-6	9
756310	900	-19	9
756325	886	-23	9
756330	873	-22	9
756345	864	-22	9
756360	850	-22	9
756375	837	-16	9
756390	828	0	9
756405	828	3	9
756420	828	-1	9
756435	828	-6	9
756440	828	-11	9
756455	819	-18	9
756470	810	-12	9
756485	806	-4	9
756500	801	2	9
756515	801	12	9
756530	806	26	9
756535	819	33	9
756550	837	28	9
756565	855	29	9
756580	868	25	9
756596	886	20	9
756611	896	15	9
756631	904	13	9
756636	914	20	9
756651	922	25	9
756666	936	26	9
756682	950	23	9
756697	963	20	9
756712	976	15	9
756727	986	16	9
756743	994	13	9
756748	999	4	9
756763	1004	-5	9
756778	1004	-7	9
756793	999	-5	9
756809	999	-13	9
756824	990	-17	9
756839	981	-18	9
756844	972	-20	9
756859	958	-31	9
756874	940	-33	9
756889	922	-35	9
756905	904	-42	9
756920	878	-39	9
756935	860	-30	9
756940	842	-24	9
756955	828	-20	9
756970	814	-12	9
756985	810	-9	9
757000	806	-10	9
757015	796	-10	9
757030	792	-7	9
757045	788	-3	9
757050	788	-3	9
757065	788	0	9
757080	788	14	9
757095	788	31	9
757110	806	39	9
757125	828	37	9
757140	850	39	9
757145	873	34	9
757160	891	27	9
757175	904	25	9
757190	918	31	9
757205	936	30	9
757220	954	28	9
757235	972	28	9
757250	986	23	9
757255	999	15	9
757270	1008	13	9
757286	1012	18	9
757301	1026	15	9
757316	1035	10	9
757331	1040	5	9
757346	1040	-1	9
757351	1040	-5	9
757366	1040	-14	9
757381	1035	-16	9
757396	1026	-10	9
757411	1022	-8	9
757426	1017	-8	9
757446	1012	-17	9
757451	999	-27	9
757466	986	-30	9
757481	968	-34	9
757496	950	-29	9
757511	932	-36	9
757526	914	-34	9
757541	896	-20	9
757556	882	-11	9
757561	878	-11	9
757576	868	-9	9
757592	864	3	9
757607	864	5	9
757622	864	7	9
757637	868	11	9
757653	878	14	9
757658	882	17	9
757673	896	22	9
757688	904	24	9
757703	918	20	9
757718	932	17	9
757733	940	15	9
757748	950	6	9
757763	954	-3	9
757768	954	-9	9
757783	950	0	9
757798	950	9	9
757813	950	13	9
757828	958	10	9
757843	963	12	9
757858	972	11	9
757863	976	2	9
757878	976	-8	9
757893	976	-14	9
757908	968	-17	9
757923	958	-19	9
757939	950	-13	9
757954	940	-4	9
757959	940	-2	9
757974	936	-1	9
757989	936	1	9
758004	936	0	9
758019	936	-2	9
758034	936	-3	9
758054	936	-5	9
758069	932	-7	9
758075	927	-7	9
758090	922	-1	9
758105	922	8	9
758121	922	12	9
758136	932	10	9
758151	936	8	9
758166	940	5	9
758171	945	6	9
758187	950	8	9
758202	954	9	9
758217	958	4	9
758232	958	-1	9
758247	958	0	9
758262	958	7	9
758267	963	5	9
758282	968	6	9
758298	968	13	9
758314	976	14	9
758329	986	8	9
758345	990	-3	9
758361	990	-11	9
758376	986	-19	9
758381	972	-16	9
758396	963	-15	9
758411	958	-11	9
758426	950	-9	9
758442	945	1	9
758457	945	2	9
758472	945	-4	9
758477	945	-10	9
758492	940	-12	9
758507	932	-18	9
758522	922	-23	9
758537	909	-22	9
758553	896	-12	9
758569	891	-6	9
758584	886	-9	9
758589	882	-13	9
758604	873	1	9
758620	873	14	9
758635	878	28	9
758650	896	34	9
758665	914	32	9
758680	932	35	9
758685	950	38	9
758700	972	35	9
758715	994	23	9
758730	1004	15	9
758745	1012	22	9
758760	1026	23	9
758776	1040	21	9
758781	1053	23	9
758796	1062	23	9
758811	1076	17	9
758826	1084	14	9
758841	1094	6	9
758856	1098	0	9
758871	1098	-6	9
758886	1098	-11	9
758891	1094	-14	9
758906	1084	-13	9
758921	1076	-17	9
758937	1066	-17	9
758952	1058	-13	9
758967	1048	-10	9
758982	1044	-6	9
758987	1040	-3	9
759003	1040	-5	9
759018	1035	-10	9
759033	1030	-14	9
759048	1022	-9	9
759063	1017	-8	9
759078	1012	-7	9
759083	1008	3	9
759098	1008	10	9
759114	1012	13	9
759129	1022	13	9
759144	1026	21	9
759159	1040	24	9
759174	1053	24	9
759189	1066	26	9
759194	1080	25	9
759209	1094	21	9
759224	1107	15	9
759239	1116	11	9
759254	1120	4	9
759269	1125	-5	9
759284	1125	-7	9
759289	1120	-9	9
759304	1116	-9	9
759319	1112	-10	9
759334	1107	-13	9
759349	1098	-16	9
759364	1089	-16	9
759379	1080	-12	9
759394	1076	-13	9
759399	1066	-10	9
759414	1062	-15	9
759429	1053	-10	9
759444	1048	-3	9
759459	1044	0	9
759474	1044	-4	9
759494	1044	-2	9
759499	1040	4	9
759514	1040	10	9
759530	1044	14	9
759545	1053	20	9
759560	1066	12	9
759575	1071	8	9
759590	1076	7	9
759595	1080	6	9
759610	1084	5	9
759625	1084	10	9
759642	1094	17	9
759657	1102	19	9
759673	1112	16	9
759689	1120	14	9
759705	1130	12	9
759710	1134	11	9
759725	1143	5	9
759740	1143	0	9
759755	1143	-3	9
759770	1143	0	9
759785	1143	-6	9
759800	1143	-15	9
759805	1134	-20	9
759820	1125	-15	9
759835	1116	-6	9
759850	1112	1	9
759865	1112	-3	9
759880	1112	-6	9
759895	1107	-8	9
759910	1102	-12	9
759915	1098	-21	9
759930	1084	-23	9
759945	1071	-23	9
759960	1058	-22	9
759975	1044	-20	9
759990	1035	-15	9
760005	1026	-8	9
760010	1022	-5	9
760025	1017	2	9
760040	1017	8	9
760055	1022	19	9
760070	1030	26	9
760085	1044	33	9
760100	1066	33	9
760105	1084	37	9
760120	1102	41	9
760135	1125	44	9
760150	1152	41	9
760165	1174	35	9
760180	1192	29	9
760195	1210	28	9
760210	1228	26	9
760215	1242	23	9
760230	1256	19	9
760245	1264	13	9
760260	1274	-3	9
760275	1274	-17	9
760290	1264	-18	9
760310	1256	-11	9
760315	1246	-12	9
760331	1242	-16	9
760346	1233	-21	9
760361	1220	-28	9
760376	1206	-37	9
760391	1184	-35	9
760406	1166	-27	9
760411	1148	-15	9
760426	1143	-8	9
760441	1138	-5	9
760456	1134	-5	9
760471	1130	-3	9
760487	1130	-2	9
760502	1130	-6	9
760517	1125	-2	9
760522	1125	7	9
760537	1125	14	9
760553	1130	15	9
760568	1138	9	9
760583	1143	11	9
760598	1152	21	9
760613	1161	33	9
760618	1184	26	9
760633	1197	23	9
760648	1210	28	9
760663	1224	35	9
760678	1246	29	9
760693	1260	22	9
760708	1274	15	9
760723	1282	17	9
760728	1292	17	9
760743	1300	12	9
760759	1310	4	9
760774	1310	5	9
760789	1314	5	9
760804	1314	-5	9
760819	1314	-14	9
760824	1310	-8	9
760839	1305	0	9
760854	1305	-5	9
760869	1300	-10	9
760884	1296	-17	9
760899	1287	-14	9
760914	1278	-11	9
760919	1274	-12	9
760934	1264	-17	9
760949	1256	-16	9
760964	1246	-9	9
760979	1242	-8	9
760994	1238	-8	9
761014	1233	-6	9
761029	1228	-1	9
761034	1228	1	9
761049	1228	5	9
761064	1228	7	9
761079	1233	11	9
761094	1238	19	9
761109	1251	21	9
761124	1260	23	9
761129	1274	26	9
761144	1287	31	9
761159	1305	28	9
761174	1323	27	9
761189	1336	23	9
761204	1350	20	9
761219	1359	15	9
761234	1368	14	9
761239	1377	10	9
761254	1382	6	9
761269	1386	6	9
761284	1390	2	9
761299	1390	-7	9
761314	1390	-19	9
761334	1382	-29	9
761339	1364	-29	9
761354	1346	-23	9
761369	1336	-19	9
761384	1323	-19	9
761399	1314	-10	9
761414	1310	5	9
761429	1310	7	9
761434	1310	-2	9
761449	1310	-7	9
761465	1310	-8	9
761480	1305	-8	9
761495	1300	-6	9
761510	1296	-9	9
761525	1292	-11	9
761540	1287	-5	9
761545	1282	1	9
761560	1282	-1	9
761575	1282	1	9
761590	1282	5	9
761605	1282	9	9
761620	1287	6	9
761635	1292	5	9
761640	1292	9	9
761655	1300	20	9
761670	1310	22	9
761685	1323	16	9
761700	1332	9	9
761715	1336	10	9
761730	1341	11	9
761735	1350	12	9
761750	1354	10	9
761765	1359	2	9
761780	1364	-3	9
761795	1364	-5	9
761810	1359	-5	9
761830	1359	-4	9
761845	1354	-5	9
761850	1354	-1	9
761865	1354	-3	9
761880	1350	-7	9
761895	1346	-7	9
761910	1341	-9	9
761925	1336	-5	9
761940	1336	-3	9
761945	1332	0	9
761960	1332	2	9
761975	1332	2	9
761990	1332	3	9
762005	1332	4	9
762020	1336	10	9
762035	1341	15	9
762050	1350	24	9
762055	1364	27	9
762070	1377	19	9
762085	1390	4	9
762100	1390	-1	9
762115	1390	1	9
762130	1390	5	9
762150	1395	3	9
762155	1395	6	9
762170	1400	6	9
762185	1404	6	9
762200	1404	3	9
762215	1408	3	9
762230	1408	-1	9
762245	1408	0	9
762250	1408	-3	9
762265	1408	-9	9
762280	1404	-16	9
762295	1395	-21	9
762310	1386	-25	9
762325	1372	-29	9
762340	1354	-26	9
762355	1341	-23	9
762360	1328	-18	9
762375	1318	-14	9
762390	1310	-16	9
762405	1300	-11	9
762420	1296	-6	9
762435	1292	0	9
762450	1292	8	9
762456	1292	29	9
762472	1310	51	9
762488	1336	55	9
762504	1368	52	9
762520	1395	44	9
762536	1422	33	9
762551	1440	22	9
762556	1454	16	9
762571	1462	9	9
762586	1467	3	9
762601	1467	2	9
762616	1467	2	9
762631	1472	-1	9
762646	1472	-3	9
762661	1472	-6	9
762666	1467	-2	9
762682	1467	0	9
762697	1467	3	9
762712	1467	0	9
762727	1467	-1	9
762742	1467	-4	9
762757	1467	-11	9
762762	1458	-20	9
762777	1449	-16	9
762792	1440	-8	9
762807	1436	4	9
762822	1436	17	9
762837	1444	19	9
762852	1454	13	9
762867	1462	9	9
762872	1467	3	9
762887	1467	-9	9
762902	1467	-18	9
762917	1458	-15	9
762932	1449	-5	9
762948	1444	9	9
762964	1444	22	9
762969	1458	23	9
762984	1472	15	9
762999	1480	4	9
763014	1480	-13	9
763029	1480	-26	9
763044	1462	-29	9
763059	1449	-26	9
763064	1436	-13	9
763079	1426	-6	9
763094	1422	-4	9
763109	1422	-5	9
763124	1418	-11	9
763139	1413	-20	9
763154	1400	-26	9
763174	1386	-34	9
763179	1368	-39	9
763194	1346	-55	9
763209	1314	-75	9
763224	1274	-83	9
763239	1224	-83	9
763254	1179	-70	9
763269	1138	-44	9
763274	1116	-23	9
763289	1102	-12	9
763304	1094	-1	9
763319	1094	-1	9
763334	1094	-11	9
763349	1089	-19	9
763364	1076	-20	9
763379	1066	-14	9
763384	1058	-2	9
763399	1058	13	9
763414	1058	22	9
763429	1071	20	9
763444	1084	11	9
763459	1089	5	9
763474	1094	0	9
763479	1094	-1	9
763494	1094	2	9
763510	1094	11	9
763525	1098	15	9
763540	1107	15	9
763555	1116	12	9
763570	1120	8	9
763575	1125	0	9
763590	1125	-14	9
763605	1125	-26	9
763620	1107	-26	9
763635	1094	-30	9
763650	1076	-27	9
763670	1062	-19	9
763685	1053	-23	9
763690	1040	-31	9
763705	1022	-32	9
763720	1004	-31	9
763735	986	-31	9
763750	968	-25	9
763765	954	-13	9
763780	945	-7	9
763785	940	-5	9
763800	940	-2	9
763815	940	7	9
763830	940	15	9
763845	945	20	9
763860	958	23	9
763875	972	19	9
763880	981	16	9
763895	990	11	9
763910	999	14	9
763925	1004	17	9
763940	1012	14	9
763955	1022	15	9
763970	1030	16	9
763985	1040	15	9
763990	1048	5	9
764005	1053	-1	9
764020	1053	-2	9
764035	1053	-10	9
764050	1048	-20	9
764065	1035	-25	9
764085	1022	-25	9
764090	1008	-26	9
764105	994	-22	9
764120	981	-23	9
764135	968	-28	9
764150	954	-34	9
764165	932	-42	9
764180	909	-43	9
764195	886	-35	9
764200	864	-19	9
764215	855	-5	9
764230	850	0	9
764245	850	1	9
764260	850	0	9
764276	850	-3	9
764291	850	1	9
764296	850	9	9
764311	855	18	9
764326	864	30	9
764341	882	31	9
764356	896	21	9
764371	909	14	9
764386	918	6	9
764391	922	8	9
764406	927	12	9
764421	932	15	9
764436	940	20	9
764451	950	27	9
764466	968	22	9
764486	981	9	9
764501	986	-3	9
764506	986	-10	9
764521	981	-13	9
764536	972	-19	9
764551	963	-22	9
764566	950	-26	9
764581	936	-25	9
764596	922	-18	9
764601	914	-16	9
764616	904	-16	9
764631	896	-16	9
764646	886	-15	9
764661	878	-16	9
764676	868	-22	9
764691	855	-21	9
764696	842	-19	9
764711	832	-11	9
764726	828	-3	9
764741	824	2	9
764756	824	4	9
764771	824	9	9
764787	828	14	9
764802	837	9	9
764807	842	3	9
764822	842	6	9
764837	846	12	9
764852	855	12	9
764867	860	7	9
764882	864	4	9
764903	868	3	9
764908	868	2	9
764923	868	-4	9
764938	868	-13	9
764953	864	-17	9
764968	855	-15	9
764983	846	-11	9
764998	842	-10	9
765013	832	-16	9
765018	824	-13	9
765033	819	-5	9
765048	814	-5	9
765064	810	-11	9
765079	806	-14	9
765094	796	-13	9
765109	792	-11	9
765114	783	-13	9
765129	778	-11	9
765144	770	-6	9
765159	770	-3	9
765174	765	3	9
765189	765	-1	9
765204	765	-8	9
765209	760	-6	9
765224	760	3	9
765240	760	9	9
765256	760	9	9
765271	765	14	9
765286	774	22	9
765302	788	23	9
765317	801	15	9
765322	810	-5	9
765337	810	-5	9
765352	806	2	9
765367	806	13	9
765382	810	18	9
765397	824	25	9
765412	837	31	9
765417	855	32	9
765432	873	26	9
765447	886	13	9
765462	891	-1	9
765478	891	-12	9
765493	891	-18	9
765508	878	-24	9
765523	864	-27	9
765528	850	-22	9
765543	837	-19	9
765558	828	-19	9
765573	819	-24	9
765588	806	-35	9
765603	783	-38	9
765618	760	-40	9
765624	738	-45	9
765639	716	-43	9
765654	688	-31	9
765669	675	-11	9
765684	666	-8	9
765699	662	-12	9
765714	657	-15	9
765719	648	-14	9
765734	639	-11	9
765749	634	-12	9
765764	626	-11	9
765779	621	-1	9
765794	621	15	9
765814	626	21	9
765829	634	22	9
765834	648	25	9
765849	662	26	9
765864	675	29	9
765879	693	26	9
765894	706	19	9
765909	720	8	9
765924	724	3	9
765929	724	-1	9
765944	724	-6	9
765959	724	-14	9
765974	716	-12	9
765989	711	-4	9
766004	706	-1	9
766019	706	-1	9
766024	706	-1	9
766039	706	-3	9
766054	706	-15	9
766069	698	-26	9
766084	680	-33	9
766099	662	-26	9
766114	648	-21	9
766134	634	-19	9
766139	626	-17	9
766154	616	-16	9
766169	608	-18	9
766184	598	-16	9
766199	590	-18	9
766214	576	-21	9
766229	567	-16	9
766234	558	-1	9
766249	558	6	9
766264	558	8	9
766279	562	9	9
766294	567	9	9
766309	572	6	9
766325	576	9	9
766340	580	5	9
766345	580	2	9
766360	585	-2	9
766375	585	-5	9
766390	585	-10	9
766405	576	-12	9
766420	572	-14	9
766435	562	-11	9
766440	558	-9	9
766455	554	-7	9
766470	549	-6	9
766485	544	-8	9
766500	540	-12	9
766515	531	-18	9
766530	522	-23	9
766535	508	-23	9
766550	495	-24	9
766565	482	-19	9
766580	472	-10	9
766595	468	-4	9
766610	464	-4	9
766625	464	-1	9
766645	464	4	9
766650	464	4	9
766665	464	-1	9
766680	464	-2	9
766695	464	-8	9
766710	459	-16	9
766725	450	-19	9
766740	441	-18	9
766745	432	-14	9
766760	423	-10	9
766776	418	-5	9
766791	414	-6	9
766806	410	-6	9
766821	410	-5	9
766836	405	-6	9
766841	400	-16	9
766856	392	-23	9
766871	378	-17	9
766886	369	-7	9
766901	364	-2	9
766916	364	-1	9
766931	364	-2	9
766946	364	4	9
766951	364	-2	9
766966	364	-14	9
766981	356	-16	9
766996	346	-17	9
767011	338	-23	9
767026	324	-34	9
767041	306	-52	9
767046	274	-67	9
767061	238	-73	9
767076	198	-63	9
767092	162	-54	9
767107	130	-37	9
767122	112	-14	9
767137	104	17	9
767157	108	40	9
767162	130	69	9
767177	171	87	9
767193	220	92	9
767208	270	78	9
767223	315	56	9
767238	346	38	9
767253	369	26	9
767258	382	18	9
767273	392	17	9
767288	400	11	9
767303	410	8	9
767318	414	3	9
767333	414	2	9
767348	414	2	9
767353	418	-3	9
767370	418	-2	9
767385	418	4	9
767400	418	5	9
767415	418	3	9
767430	418	9	9
767445	428	25	9
767460	441	45	9
767465	464	54	9
767480	495	56	9
767495	526	48	9
767510	554	43	9
767525	576	35	9
767540	598	27	9
767555	612	16	9
767560	621	7	9
767575	626	1	9
767590	626	-11	9
767605	626	-28	9
767620	608	-32	9
767635	590	-26	9
767650	576	-20	9
767670	562	-21	9
767675	554	-17	9
767691	544	-9	9
767706	540	-7	9
767721	536	-17	9
767737	526	-28	9
767752	508	-35	9
767767	490	-31	9
767772	472	-14	9
767787	464	4	9
767802	464	17	9
767817	472	18	9
767832	482	17	9
767847	490	13	9
767862	500	6	9
767867	504	5	9
767882	504	6	9
767897	508	9	9
767912	513	9	9
767927	518	11	9
767943	526	18	9
767958	536	20	9
767973	544	18	9
767978	558	16	9
767993	567	14	9
768008	572	12	9
768024	580	9	9
768040	585	3	9
768056	585	-8	9
768072	585	-20	9
768077	576	-26	9
768093	558	-23	9
768108	549	-18	9
768123	536	-17	9
768138	526	-4	9
768153	526	17	9
768169	531	27	9
768174	544	35	9
768189	567	44	9
768204	590	52	9
768219	621	52	9
768234	648	56	9
768249	680	52	9
768264	711	38	9
768279	729	27	9
768284	747	23	9
768299	760	17	9
768314	770	8	9
768330	774	3	9
768345	774	2	9
768360	774	-6	9
768375	774	-13	9
768380	770	-10	9
768395	765	-2	9
768410	760	0	9
768425	760	-7	9
768440	760	-8	9
768455	756	-5	9
768470	752	-14	9
768486	742	-21	9
768491	734	-12	9
768506	724	-5	9
768521	720	-1	9
768536	720	1	9
768551	720	4	9
768566	720	-1	9
768581	720	2	9
768586	720	17	9
768601	729	21	9
768616	742	20	9
768631	752	18	9
768646	765	19	9
768661	774	11	9
768677	778	0	9
768682	778	-4	9
768697	778	-5	9
768712	778	-9	9
768727	774	-4	9
768742	774	5	9
768757	774	13	9
768772	778	15	9
768788	788	12	9
768793	792	9	9
768808	796	-2	9
768823	796	-12	9
768838	796	-15	9
768853	788	-17	9
768869	778	-23	9
768884	765	-23	9
768889	752	-13	9
768904	742	-6	9
768919	738	-14	9
768934	734	-23	9
768949	720	-25	9
768964	706	-31	9
768979	688	-32	9
768984	670	-25	9
768999	657	-23	9
769014	644	-21	9
769029	630	-8	9
769044	626	5	9
769059	626	4	9
769074	626	-1	9
769094	626	-1	9
769099	626	1	9
769114	626	-1	9
769129	626	2	9
769144	626	11	9
769159	634	21	9
769174	644	25	9
769189	662	24	9
769194	675	23	9
769209	684	22	9
769224	698	14	9
769239	706	10	9
769254	711	4	9
769269	716	-2	9
769284	716	-3	9
769299	716	4	9
769304	716	0	9
769319	716	-2	9
769334	716	5	9
769349	716	6	9
769364	720	0	9
769379	720	-11	9
769394	716	-16	9
769400	706	-20	9
769416	698	-26	9
769432	680	-25	9
769448	666	-22	9
769464	657	-20	9
769480	644	-13	9
769496	634	-7	9
769501	634	-5	9
769517	630	-11	9
769533	626	-7	9
769549	621	2	9
769564	621	6	9
769579	621	2	9
769594	621	2	9
769609	621	9	9
769614	626	11	9
769629	634	8	9
769644	639	7	9
769659	644	10	9
769674	648	12	9
769689	652	14	9
769704	662	11	9
769709	670	9	9
769724	675	8	9
769739	680	14	9
769754	684	12	9
769769	693	-4	9
769784	693	-2	9
769799	693	13	9
769814	698	20	9
769819	706	20	9
769835	720	25	9
769850	734	35	9
769865	752	43	9
769881	778	41	9
769896	801	41	9
769911	824	34	9
769916	842	22	9
769931	855	15	9
769947	864	12	9
769962	868	1	9
769977	868	-5	9
769992	868	-1	9
770007	868	5	9
770012	868	-1	9
770027	868	-16	9
770042	864	-18	9
770057	855	-27	9
770072	837	-38	9
770087	819	-41	9
770102	796	-31	9
770117	778	-25	9
770122	765	-21	9
770137	752	-11	9
770152	747	-3	9
770167	742	-3	9
770182	742	2	9
770198	742	8	9
770213	742	4	9
770218	747	0	9
770233	747	2	9
770249	747	9	9
770264	752	18	9
770279	760	20	9
770294	774	23	9
770309	788	20	9
770314	796	21	9
770329	810	25	9
770344	824	22	9
770359	837	13	9
770374	842	-1	9
770389	842	-9	9
770404	842	-10	9
770419	837	-15	9
770424	828	-17	9
770439	819	-12	9
770454	810	-5	9
770469	810	-7	9
770484	806	-6	9
770499	801	-4	9
770514	796	-12	9
770519	792	-19	9
770534	783	-16	9
770549	774	-14	9
770564	765	-22	9
770579	752	-23	9
770594	738	-19	9
770614	729	-15	9
770629	720	-10	9
770634	716	-1	9
770649	716	10	9
770664	716	17	9
770679	724	24	9
770694	738	25	9
770709	752	23	9
770724	765	20	9
770729	778	14	9
770744	783	19	9
770760	796	23	9
770775	810	28	9
770790	824	32	9
770805	842	34	9
770820	860	26	9
770825	878	14	9
770840	882	10	9
770856	891	5	9
770871	891	-3	9
770886	891	-5	9
770901	891	-6	9
770916	886	-16	9
770931	878	-23	9
770936	864	-16	9
770951	855	-11	9
770967	850	-10	9
770982	846	-4	9
770997	842	1	9
771012	842	-1	9
771027	842	-9	9
771032	837	-8	9
771047	832	-4	9
771062	832	1	9
771077	832	7	9
771092	832	13	9
771108	837	17	9
771123	850	19	9
771138	860	20	9
771143	868	25	9
771158	886	29	9
771173	900	22	9
771188	914	24	9
771203	927	30	9
771218	945	23	9
771233	958	15	9
771238	963	17	9
771253	976	17	9
771268	986	10	9
771283	990	7	9
771298	994	13	9
771313	999	9	9
771333	1008	6	9
771338	1008	10	9
771353	1017	13	9
771368	1022	13	9
771383	1030	19	9
771398	1040	19	9
771413	1053	20	9
771428	1062	17	9
771443	1071	18	9
771448	1080	17	9
771463	1094	9	9
771478	1098	2	9
771493	1098	-5	9
771508	1098	-16	9
771523	1089	-29	9
771538	1076	-31	9
771543	1058	-22	9
771558	1044	-20	9
771573	1030	-27	9
771588	1017	-28	9
771603	1004	-28	9
771618	986	-31	9
771633	968	-31	9
771638	950	-24	9
771653	936	-22	9
771668	927	-28	9
771683	909	-28	9
771698	896	-17	9
771718	882	-20	9
771733	873	-22	9
771748	860	-14	9
771753	850	-9	9
771769	846	-5	9
771784	846	1	9
771799	846	8	9
771814	846	10	9
771829	850	17	9
771844	860	33	9
771849	878	43	9
771864	904	50	9
771879	932	58	9
771894	963	66	9
771909	1004	64	9
771924	1040	51	9
771939	1066	36	9
771954	1084	29	9
771959	1102	18	9
771974	1112	1	9
771989	1112	-3	9
772004	1112	-1	9
772019	1112	-12	9
772034	1107	-23	9
772054	1094	-17	9
772059	1084	-7	9
772074	1080	-9	9
772089	1076	-1	9
772104	1076	0	9
772119	1076	-15	9
772134	1066	-24	9
772149	1053	-20	9
772154	1044	-19	9
772169	1030	-23	9
772184	1022	-15	9
772200	1012	-2	9
772216	1008	2	9
772232	1008	6	9
772248	1012	7	9
772264	1012	16	9
772269	1022	16	9
772284	1030	12	9
772299	1040	15	9
772314	1048	21	9
772329	1058	19	9
772344	1071	19	9
772359	1080	24	9
772364	1094	24	9
772379	1107	22	9
772394	1120	24	9
772410	1134	24	9
772425	1148	12	9
772440	1152	6	9
772455	1156	6	9
772460	1161	-2	9
772475	1161	-9	9
772490	1156	-10	9
772505	1152	-1	9
772520	1152	1	9
772535	1152	1	9
772550	1152	6	9
772565	1152	0	9
772570	1152	-12	9
772585	1152	-17	9
772600	1138	-14	9
772615	1134	-19	9
772630	1120	-25	9
772645	1107	-20	9
772660	1098	-17	9
772665	1089	-18	9
772680	1076	-18	9
772695	1066	-14	9
772710	1058	-13	9
772725	1053	-15	9
772740	1044	-11	9
772755	1035	3	9
772770	1035	12	9
772775	1040	16	9
772790	1048	22	9
772805	1062	22	9
772820	1076	16	9
772835	1084	12	9
772850	1089	23	9
772865	1102	22	9
772870	1116	17	9
772885	1125	30	9
772900	1143	41	9
772915	1166	41	9
772930	1188	34	9
772945	1206	34	9
772965	1228	27	9
772970	1242	22	9
772985	1256	17	9
773000	1264	12	9
773015	1269	-1	9
773030	1269	-14	9
773045	1264	-16	9
773060	1256	-18	9
773075	1246	-30	9
773080	1228	-40	9
773095	1206	-32	9
773110	1188	-25	9
773125	1174	-20	9
773140	1166	-12	9
773155	1156	3	9
773171	1156	-3	9
773176	1156	-21	9
773191	1148	-23	9
773206	1134	-16	9
773221	1125	-16	9
773236	1116	-8	9
773251	1112	2	9
773266	1112	6	9
773286	1112	6	9
773291	1116	19	9
773306	1125	26	9
773321	1138	16	9
773336	1148	12	9
773351	1156	20	9
773366	1166	27	9
773381	1184	17	9
773386	1192	17	9
773401	1202	20	9
773416	1210	20	9
773431	1224	17	9
773446	1233	15	9
773461	1242	16	9
773476	1251	5	9
773481	1256	-12	9
773496	1251	-14	9
773511	1242	-15	9
773526	1233	-16	9
773541	1224	-11	9
773556	1220	-2	9
773571	1220	-6	9
773587	1215	-8	9
773592	1210	4	9
773607	1210	12	9
773622	1215	8	9
773637	1220	17	9
773652	1228	30	9
773667	1246	26	9
773682	1260	13	9
773687	1269	14	9
773703	1278	20	9
773718	1287	11	9
773733	1292	4	9
773748	1296	5	9
773763	1300	-3	9
773778	1300	-19	9
773783	1292	-26	9
773798	1274	-21	9
773813	1264	-16	9
773828	1256	-21	9
773843	1242	-19	9
773858	1233	-14	9
773873	1224	-18	9
773893	1215	-21	9
773898	1202	-20	9
773913	1192	-24	9
773928	1179	-28	9
773943	1161	-20	9
773958	1152	-14	9
773973	1143	-20	9
773988	1130	-17	9
773993	1120	2	9
774009	1120	15	9
774024	1130	14	9
774039	1134	21	9
774054	1148	32	9
774069	1166	30	9
774084	1184	18	9
774099	1192	28	9
774104	1206	40	9
774119	1228	41	9
774134	1256	31	9
774149	1269	22	9
774164	1282	15	9
774179	1292	10	9
774194	1296	13	9
774199	1305	13	9
774214	1314	8	9
774230	1318	-1	9
774245	1318	-3	9
774260	1318	-5	9
774275	1314	-11	9
774290	1310	-7	9
774295	1305	11	9
774310	1310	20	9
774325	1318	12	9
774340	1328	11	9
774355	1332	12	9
774370	1336	-1	9
774385	1336	-12	9
774405	1336	-6	9
774410	1332	-1	9
774425	1332	-4	9
774440	1328	-2	9
774455	1328	5	9
774470	1328	-2	9
774485	1328	-8	9
774500	1323	-8	9
774505	1318	-9	9
774520	1314	-17	9
774535	1305	-15	9
774550	1296	-3	9
774565	1296	-5	9
774580	1292	-11	9
774595	1287	-7	9
774600	1282	2	9
774615	1282	0	9
774630	1282	-11	9
774645	1278	-10	9
774660	1274	-10	9
774675	1264	-17	9
774690	1256	-17	9
774710	1246	-2	9
774715	1246	9	9
774730	1246	3	9
774745	1251	7	9
774760	1251	11	9
774775	1260	5	9
774790	1260	0	9
774805	1260	8	9
774810	1264	12	9
774826	1274	-2	9
774841	1274	-8	9
774856	1274	-1	9
774871	1269	-2	9
774887	1269	-6	9
774902	1264	-3	9
774917	1264	0	9
774922	1264	-8	9
774937	1260	-8	9
774952	1256	-3	9
774968	1256	-6	9
774984	1251	-16	9
775000	1242	-12	9
775016	1233	4	9
775021	1233	5	9
775037	1238	-7	9
775053	1238	-2	9
775069	1233	1	9
775085	1233	-9	9
775101	1228	-15	9
775117	1224	-6	9
775122	1220	-2	9
775138	1220	-2	9
775143	1215	4	9
775158	1215	8	9
775173	1220	2	9
775188	1220	-1	9
775203	1220	2	9
775218	1220	-1	9
775223	1220	-10	9
775238	1220	-3	9
775253	1215	13	9
775268	1220	9	9
775283	1224	1	9
775298	1224	10	9
775313	1233	9	9
775318	1238	4	9
775333	1238	-1	9
775348	1238	4	9
775363	1242	1	9
775378	1242	-8	9
775393	1242	-6	9
775414	1238	2	9
775429	1238	1	9
775434	1238	-9	9
775449	1233	-2	9
775464	1233	9	9
775480	1233	7	9
775495	1238	8	9
775510	1242	14	9
775525	1251	11	9
775530	1256	-3	9
775545	1256	-9	9
775560	1256	-9	9
775575	1246	-16	9
775590	1238	-17	9
775605	1228	0	9
775620	1228	4	9
775626	1228	-5	9
775641	1228	-7	9
775656	1224	-6	9
775671	1224	-14	9
775687	1215	-24	9
775702	1202	-19	9
775717	1188	-16	9
775732	1179	-25	9
775737	1166	-24	9
775753	1152	-12	9
775768	1148	0	9
775783	1148	3	9
775798	1148	11	9
775814	1152	22	9
775829	1161	19	9
775834	1174	21	9
775849	1184	32	9
775864	1202	37	9
775879	1224	29	9
775894	1242	24	9
775909	1256	31	9
775924	1274	26	9
775929	1287	19	9
775944	1296	19	9
775959	1310	21	9
775974	1318	3	9
775989	1323	-7	9
776004	1323	-3	9
776020	1318	-7	9
776035	1314	-21	9
776040	1305	-20	9
776055	1292	-7	9
776070	1287	-8	9
776085	1282	-15	9
776100	1274	-11	9
776115	1269	-15	9
776130	1260	-24	9
776135	1246	-22	9
776150	1233	-11	9
776166	1228	-3	9
776181	1228	0	9
776196	1228	17	9
776211	1233	29	9
776227	1251	28	9
776242	1264	23	9
776247	1278	25	9
776262	1292	20	9
776277	1305	8	9
776292	1310	16	9
776307	1318	33	9
776322	1336	35	9
776337	1354	28	9
776342	1372	31	9
776357	1386	30	9
776372	1404	19	9
776387	1418	8	9
776402	1422	9	9
776418	1426	2	9
776434	1426	-7	9
776440	1426	-12	9
776455	1418	-13	9
776470	1413	-23	9
776485	1400	-26	9
776500	1386	-25	9
776515	1372	-27	9
776530	1354	-37	9
776545	1336	-30	9
776550	1318	-14	9
776565	1310	-14	9
776580	1300	-24	9
776595	1287	-19	9
776610	1278	-13	9
776625	1269	-18	9
776645	1260	-27	9
776650	1246	-22	9
776665	1233	-14	9
776680	1224	-11	9
776695	1220	0	9
776710	1220	14	9
776725	1224	16	9
776740	1233	9	9
776745	1238	13	9
776760	1242	14	9
776775	1251	10	9
776790	1256	11	9
776805	1264	24	9
776820	1278	22	9
776835	1292	10	9
776850	1296	13	9
776855	1300	16	9
776870	1310	3	9
776885	1314	-10	9
776900	1310	-7	9
776915	1310	-1	9
776930	1305	-7	9
776945	1305	-7	9
776950	1300	5	9
776965	1300	10	9
776980	1305	5	9
776995	1305	6	9
777010	1310	6	9
777025	1314	-4	9
777045	1314	-11	9
777060	1310	-1	9
777065	1310	2	9
777080	1310	-5	9
777095	1305	-7	9
777110	1300	-2	9
777125	1300	-8	9
777140	1296	-16	9
777155	1287	-11	9
777160	1282	0	9
777175	1282	-8	9
777190	1278	-9	9
777205	1274	-4	9
777220	1269	1	9
777235	1269	2	9
777250	1269	11	9
777255	1274	17	9
777270	1282	12	9
777285	1292	2	9
777300	1292	5	9
777315	1296	10	9
777330	1300	5	9
777345	1300	4	9
777365	1305	13	9
777370	1314	17	9
777385	1323	13	9
777400	1328	13	9
777415	1336	19	9
777430	1346	12	9
777445	1354	5	9
777460	1354	14	9
777465	1364	18	9
777480	1372	6	9
777495	1377	1	9
777510	1377	5	9
777525	1382	-3	9
777540	1382	-13	9
777555	1377	-8	9
777570	1372	0	9
777575	1372	-7	9
777590	1368	-12	9
777605	1359	-11	9
777620	1354	-16	9
777635	1346	-25	9
777650	1332	-25	9
777665	1318	-19	9
777670	1305	-17	9
777685	1296	-15	9
777700	1287	-1	9
777715	1287	5	9
777730	1287	0	9
777745	1287	2	9
777765	1287	14	9
777770	1296	12	9
777786	1305	2	9
777801	1305	-1	9
777816	1305	6	9
777832	1305	-3	9
777847	1305	-11	9
777862	1305	-7	9
777877	1300	-1	9
777882	1300	-5	9
777897	1296	-3	9
777912	1296	4	9
777928	1296	9	9
777943	1296	7	9
777959	1300	18	9
777974	1310	19	9
777979	1323	11	9
777994	1328	5	9
778009	1332	7	9
778025	1336	3	9
778040	1336	-2	9
778055	1336	8	9
778070	1341	26	9
778075	1354	25	9
778090	1368	18	9
778106	1377	14	9
778122	1386	12	9
778137	1395	1	9
778152	1395	-6	9
778167	1395	-3	9
778182	1395	-3	9
778187	1390	-10	9
778202	1386	-9	9
778217	1382	-1	9
778232	1382	-4	9
778248	1377	-2	9
778264	1377	7	9
778279	1377	13	9
778284	1386	10	9
778299	1390	14	9
778314	1400	16	9
778329	1408	6	9
778344	1408	-5	9
778359	1408	-7	9
778374	1408	-13	9
778389	1400	-27	9
778394	1386	-38	9
778409	1364	-38	9
778424	1341	-36	9
778439	1323	-36	9
778454	1300	-24	9
778469	1287	-8	9
778484	1282	-2	9
778489	1282	1	9
778504	1282	14	9
778519	1287	26	9
778534	1300	30	9
778549	1318	32	9
778564	1336	39	9
778579	1359	45	9
778584	1382	47	9
778599	1408	52	9
778614	1440	50	9
778630	1467	28	9
778645	1485	10	9
778660	1490	6	9
778675	1494	-4	9
778690	1494	-20	9
778695	1480	-25	9
778710	1467	-18	9
778725	1458	-16	9
778740	1449	-13	9
778755	1440	-3	9
778770	1440	5	9
778785	1440	1	9
778790	1440	2	9
778805	1440	7	9
778820	1444	8	9
778835	1449	-2	9
778850	1449	-6	9
778865	1449	-5	9
778885	1444	-9	9
778900	1440	-6	9
778905	1436	1	9
778920	1436	5	9
778935	1436	3	9
778950	1440	15	9
778965	1449	30	9
778980	1462	26	9
778995	1480	18	9
779000	1490	22	9
779015	1503	37	9
779030	1521	39	9
779045	1544	41	9
779060	1566	48	9
779075	1593	47	9
779090	1620	31	9
779095	1638	23	9
779110	1652	18	9
779125	1660	7	9
779140	1665	-1	9
779155	1665	6	9
779170	1670	6	9
779185	1670	3	9
779205	1674	4	9
779210	1674	8	9
779225	1678	5	9
779240	1683	-10	9
779255	1678	-13	9
779270	1674	-13	9
779285	1665	-20	9
779300	1656	-22	9
779305	1642	-16	9
779320	1634	-16	9
779336	1624	-22	9
779351	1611	-20	9
779366	1602	-14	9
779381	1593	-12	9
779396	1584	-19	9
779401	1575	-4	9
779416	1575	11	9
779431	1575	22	9
779446	1588	48	9
779461	1616	77	9
779476	1656	90	9
779491	1710	89	9
779506	1760	85	9
779511	1804	72	9
779526	1845	47	9
779541	1872	22	9
779556	1886	17	9
779571	1894	12	9
779586	1904	5	9
779601	1904	-1	9
779606	1904	-4	9
779621	1904	-12	9
779636	1899	-22	9
779653	1886	-21	9
779668	1876	-14	9
779683	1868	-14	9
779698	1858	-14	9
779713	1850	-15	9
779718	1845	-19	9
779733	1832	-17	9
779748	1822	15	9
779764	1827	61	9
779780	1863	84	9
779795	1908	84	9
779810	1958	77	9
779815	1998	63	9
779830	2034	42	9
779845	2056	30	9
779860	2074	28	9
779875	2092	14	9
779890	2097	-1	9
779905	2097	-5	9
779910	2097	-6	9
779925	2097	-4	9
779940	2092	15	9
779955	2097	47	9
779970	2124	74	9
779985	2164	75	9
780005	2210	59	9
780020	2241	37	9
780025	2264	13	9
780040	2268	4	9
780055	2272	7	9
780070	2277	10	9
780085	2282	7	9
780100	2286	2	9
780115	2286	7	9
780120	2290	13	9
780135	2300	15	9
780150	2308	22	9
780165	2318	25	9
780180	2331	3	9
780195	2336	-16	9
780210	2331	-13	9
780215	2322	-4	9
780230	2322	-11	9
780245	2313	-17	9
780260	2304	-14	9
780275	2295	-19	9
780290	2286	-31	9
780305	2268	-34	9
780325	2250	-35	9
780330	2228	-34	9
780345	2210	-29	9
780360	2196	-22	9
780375	2182	-13	9
780390	2174	-13	9
780405	2169	-10	9
780420	2160	-8	9
780425	2156	-12	9
780440	2151	-15	9
780455	2142	-7	9
780470	2138	-5	9
780485	2133	-12	9
780500	2128	-8	9
780515	2124	11	9
780530	2124	24	9
780535	2138	25	9
780551	2156	30	9
780567	2169	38	9
780583	2192	39	9
780599	2214	41	9
780614	2236	50	9
780629	2264	48	9
780634	2290	31	9
780649	2308	24	9
780664	2322	33	9
780679	2340	31	9
780694	2358	36	9
780710	2380	43	9
780725	2403	42	9
780730	2426	16	9
780745	2434	-13	9
780760	2434	-30	9
780775	2416	-33	9
780790	2398	-25	9
780805	2385	0	9
780820	2385	11	9
780836	2385	15	9
780841	2394	2	9
780856	2394	-7	9
780871	2394	-17	9
780886	2385	-37	9
780901	2362	-45	9
780916	2340	-26	9
780931	2326	-4	9
780936	2322	3	9
780951	2322	15	9
780966	2326	18	9
780981	2340	7	9
780996	2344	-4	9
781011	2344	-4	9
781026	2340	2	9
781041	2340	5	9
781046	2340	8	9
781061	2344	12	9
781076	2354	11	9
781092	2358	16	9
781107	2367	23	9
781122	2380	19	9
781137	2394	-5	9
781142	2394	-15	9
781157	2385	-1	9
781172	2385	17	9
781187	2390	20	9
781203	2403	22	9
781218	2412	18	9
781233	2426	6	9
781238	2426	-7	9
781253	2426	-8	9
781268	2421	-9	9
781283	2416	-13	9
781298	2412	-9	9
781314	2403	0	9
781330	2403	6	9
781345	2403	9	9
781350	2408	15	9
781365	2416	15	9
781380	2426	14	9
781395	2434	23	9
781410	2448	40	9
781425	2470	41	9
781445	2493	28	9
781450	2506	28	9
781465	2524	34	9
781481	2542	31	9
781496	2560	21	9
781511	2574	18	9
781526	2583	8	9
781541	2588	-8	9
781546	2588	-21	9
781561	2574	-23	9
781576	2560	-18	9
781591	2552	-11	9
781606	2547	1	9
781621	2547	3	9
781636	2547	-6	9
781651	2542	-14	9
781656	2538	-14	9
781671	2529	-16	9
781686	2520	-18	9
781701	2511	-8	9
781716	2506	16	9
781731	2511	30	9
781746	2529	20	9
781751	2538	17	9
781766	2547	12	9
781781	2556	3	9
781796	2556	3	9
781811	2556	12	9
781826	2565	18	9
781841	2574	16	9
781861	2583	22	9
781866	2596	21	9
781881	2610	4	9
781896	2610	-11	9
781911	2610	-19	9
781926	2596	-12	9
781941	2592	-7	9
781956	2588	7	9
781961	2588	24	9
781976	2601	22	9
781991	2614	7	9
782007	2614	3	9
782022	2619	1	9
782037	2619	-7	9
782052	2619	-12	9
782058	2610	-4	9
782073	2610	1	9
782088	2610	-3	9
782103	2610	-3	9
782119	2606	1	9
782134	2606	0	9
782149	2606	-5	9
782164	2606	5	9
782169	2606	13	9
782184	2610	12	9
782199	2619	11	9
782215	2624	13	9
782230	2632	3	9
782245	2632	-7	9
782260	2632	-6	9
782265	2628	9	9
782280	2632	17	9
782295	2642	19	9
782310	2650	22	9
782326	2664	13	9
782341	2668	1	9
782356	2673	-8	9
782361	2668	-7	9
782376	2668	-13	9
782391	2660	-24	9
782407	2646	-16	9
782422	2637	1	9
782437	2637	2	9
782452	2637	-8	9
782467	2632	-12	9
782472	2628	-13	9
782487	2619	-17	9
782502	2610	-11	9
782517	2606	0	9
782532	2606	5	9
782547	2606	11	9
782562	2610	26	9
782567	2624	29	9
782582	2642	23	9
782597	2655	21	9
782613	2664	27	9
782628	2682	21	9
782643	2691	3	9
782659	2696	-2	9
782674	2696	-1	9
782679	2696	-3	9
782694	2696	-12	9
782709	2686	-16	9
782724	2678	-11	9
782739	2673	-7	9
782754	2668	-7	9
782770	2664	-6	9
782775	2660	-11	9
782790	2655	-17	9
782805	2646	-15	9
782820	2637	-15	9
782835	2628	-22	9
782850	2614	-29	9
782865	2601	-14	9
782870	2592	-4	9
782885	2588	-4	9
782900	2588	-1	9
782915	2588	14	9
782930	2592	17	9
782945	2601	13	9
782965	2606	15	9
782980	2614	12	9
782985	2624	-1	9
783000	2624	-4	9
783015	2624	2	9
783030	2624	8	9
783045	2624	10	9
783060	2632	18	9
783076	2642	19	9
783081	2650	10	9
783096	2660	-3	9
783111	2660	-3	9
783126	2660	-2	9
783141	2655	-10	9
783156	2650	-11	9
783171	2646	-1	9
783186	2646	8	9
783191	2646	0	9
783206	2646	-6	9
783221	2646	-6	9
783236	2642	-16	9
783251	2632	-25	9
783266	2619	-28	9
783281	2606	-27	9
783286	2588	-20	9
783301	2578	0	9
783316	2578	20	9
783331	2583	17	9
783346	2592	11	9
783361	2601	19	9
783377	2610	24	9
783383	2624	13	9
783399	2632	6	9
783415	2637	16	9
783431	2646	23	9
783447	2655	21	9
783463	2668	15	9
783478	2678	12	9
783493	2682	9	9
783498	2691	4	9
783513	2691	-1	9
783528	2691	-3	9
783543	2691	-12	9
783558	2686	-7	9
783573	2682	-1	9
783588	2682	-3	9
783593	2682	-11	9
783608	2673	-12	9
783623	2668	-6	9
783638	2664	-11	9
783653	2660	-8	9
783668	2655	11	9
783683	2655	25	9
783688	2668	23	9
783703	2682	19	9
783718	2691	25	9
783733	2709	19	9
783748	2718	13	9
783764	2727	11	9
783779	2732	11	9
783794	2736	4	9
783799	2740	9	9
783814	2745	15	9
783829	2754	12	9
783844	2758	6	9
783859	2763	7	9
783874	2768	10	9
783889	2772	3	9
783894	2776	-9	9
783909	2772	-8	9
783924	2768	-12	9
783939	2763	-18	9
783954	2754	-21	9
783969	2740	-18	9
783989	2732	-12	9
784004	2722	-11	9
784009	2718	-9	9
784024	2714	-8	9
784039	2709	-14	9
784054	2700	-20	9
784069	2686	-15	9
784084	2682	-11	9
784099	2673	-12	9
784104	2668	-11	9
784119	2660	-4	9
784134	2660	-4	9
784149	2655	-6	9
784164	2655	6	9
784179	2655	16	9
784194	2660	17	9
784199	2673	12	9
784214	2678	11	9
784229	2682	9	9
784244	2691	13	9
784259	2696	24	9
784274	2709	33	9
784289	2727	32	9
784309	2745	23	9
784314	2758	20	9
784329	2772	12	9
784344	2776	-3	9
784359	2776	-11	9
784374	2772	-8	9
784389	2768	1	9
784404	2768	6	9
784409	2768	8	9
784424	2772	12	9
784439	2781	5	9
784454	2781	-6	9
784469	2781	-10	9
784485	2776	-19	9
784500	2768	-24	9
784505	2754	-21	9
784520	2740	-13	9
784535	2736	-9	9
784550	2732	-5	9
784565	2727	3	9
784581	2727	4	9
784596	2727	-5	9
784611	2727	-14	9
784616	2718	-16	9
784631	2709	-21	9
784647	2700	-23	9
784662	2686	-13	9
784677	2678	3	9
784692	2678	13	9
784707	2682	25	9
784712	2700	28	9
784727	2714	23	9
784743	2727	12	9
784759	2732	6	9
784774	2736	10	9
784789	2740	12	9
784804	2750	12	9
784819	2754	18	9
784824	2768	20	9
784839	2776	9	9
784854	2781	10	9
784869	2790	19	9
784884	2799	16	9
784899	2808	3	9
784914	2808	-4	9
784919	2808	-1	9
784934	2808	-6	9
784949	2808	-10	9
784964	2804	-11	9
784979	2794	-13	9
784994	2790	-21	9
785009	2776	-21	9
785014	2763	-19	9
785030	2754	-15	9
785045	2745	-13	9
785060	2736	-9	9
785075	2732	-5	9
785090	2732	-11	9
785105	2722	-7	9
785120	2718	-1	9
785125	2718	1	9
785140	2718	-4	9
785155	2718	0	9
785170	2718	14	9
785186	2722	14	9
785202	2732	6	9
785217	2732	13	9
785222	2740	21	9
785237	2754	19	9
785252	2763	3	9
785267	2763	6	9
785282	2768	11	9
785297	2772	3	9
785317	2776	-4	9
785332	2776	-5	9
785337	2776	-5	9
785352	2772	-3	9
785367	2772	-4	9
785382	2768	-2	9
785397	2768	-5	9
785412	2763	-2	9
785427	2763	0	9
785432	2763	-10	9
785447	2758	-11	9
785462	2750	0	9
785477	2750	8	9
785493	2750	2	9
785508	2754	-7	9
785523	2754	-3	9
785528	2750	3	9
785543	2750	2	9
785558	2750	-1	9
785573	2750	6	9
785588	2754	13	9
785603	2758	10	9
785618	2768	11	9
785633	2772	8	9
785638	2776	-2	9
785653	2776	-9	9
785668	2772	-4	9
785683	2772	1	9
785698	2772	4	9
785713	2772	8	9
785733	2776	8	9
785738	2781	0	9
785753	2781	-8	9
785768	2781	-10	9
785783	2772	-11	9
785798	2768	-20	9
785814	2754	-22	9
785829	2745	-11	9
785834	2736	-3	9
785849	2736	-1	9
785864	2736	3	9
785879	2736	0	9
785894	2736	-9	9
785910	2732	-19	9
785925	2722	-19	9
785940	2709	-18	9
785945	2700	-20	9
785960	2691	-18	9
785975	2678	-12	9
785990	2673	-11	9
786005	2664	-6	9
786020	2664	8	9
786035	2664	17	9
786040	2673	14	9
786055	2682	13	9
786070	2686	13	9
786085	2696	12	9
786100	2700	9	9
786115	2709	10	9
786130	2714	19	9
786145	2722	26	9
786151	2736	28	9
786166	2754	32	9
786181	2772	27	9
786196	2786	17	9
786211	2794	5	9
786226	2799	-1	9
786241	2799	-5	9
786246	2799	-6	9
786261	2794	4	9
786276	2794	12	9
786291	2804	11	9
786306	2808	8	9
786321	2812	11	9
786336	2817	9	9
786341	2822	-8	9
786356	2822	-20	9
786371	2812	-19	9
786386	2799	-16	9
786401	2790	-16	9
786416	2781	-14	9
786436	2776	-10	9
786451	2768	-8	9
786456	2763	3	9
786471	2763	6	9
786486	2768	-1	9
786501	2768	-11	9
786516	2763	-14	9
786531	2754	-16	9
786546	2745	-20	9
786551	2736	-13	9
786566	2727	-1	9
786581	2727	7	9
786596	2727	6	9
786611	2732	8	9
786626	2736	19	9
786641	2745	27	9
786656	2763	25	9
786661	2776	22	9
786676	2786	26	9
786691	2804	29	9
786706	2817	28	9
786721	2835	29	9
786741	2848	23	9
786756	2862	14	9
786761	2871	12	9
786776	2880	9	9
786791	2884	-3	9
786806	2884	-11	9
786821	2880	-10	9
786836	2876	-17	9
786851	2862	-23	9
786856	2853	-27	9
786871	2835	-26	9
786886	2822	-31	9
786901	2804	-35	9
786916	2786	-27	9
786931	2768	-17	9
786947	2758	-17	9
786962	2750	-16	9
786967	2740	-12	9
786982	2736	-15	9
786997	2727	-16	9
787012	2718	-16	9
787027	2709	-15	9
787042	2700	-15	9
787057	2691	-15	9
787062	2682	-4	9
787077	2682	2	9
787092	2682	5	9
787107	2682	5	9
787122	2682	8	9
787137	2686	16	9
787153	2696	15	9
787158	2704	19	9
787173	2714	24	9
787188	2727	19	9
787203	2740	11	9
787218	2745	11	9
787233	2754	10	9
787253	2758	5	9
787268	2758	8	9
787273	2763	12	9
787288	2772	10	9
787303	2776	3	9
787318	2781	9	9
787333	2786	9	9
787349	2790	7	9
787364	2794	10	9
787369	2799	17	9
787384	2808	16	9
787399	2817	4	9
787414	2822	-7	9
787430	2822	-12	9
787445	2812	-19	9
787460	2804	-26	9
787475	2786	-25	9
787480	2772	-22	9
787495	2763	-27	9
787510	2745	-29	9
787525	2732	-20	9
787540	2718	-14	9
787555	2709	-12	9
787570	2704	-14	9
787575	2696	-12	9
787591	2691	-16	9
787606	2682	-18	9
787621	2668	-9	9
787636	2664	-5	9
787651	2664	-3	9
787666	2660	8	9
787671	2660	24	9
787686	2673	32	9
787701	2691	29	9
787716	2709	33	9
787731	2727	32	9
787747	2745	21	9
787762	2758	12	9
787777	2763	9	9
787782	2768	13	9
787797	2776	18	9
787812	2786	18	9
787827	2794	21	9
787842	2808	18	9
787857	2817	15	9
787872	2826	15	9
787877	2835	14	9
787892	2844	8	9
787908	2848	3	9
787923	2848	-1	9
787938	2848	-9	9
787953	2848	-17	9
787968	2840	-8	9
787973	2835	0	9
787988	2835	-6	9
788003	2830	-12	9
788018	2822	-3	9
788033	2822	-3	9
788048	2822	-16	9
788068	2812	-22	9
788083	2799	-24	9
788088	2786	-24	9
788103	2772	-31	9
788118	2754	-30	9
788133	2736	-21	9
788148	2727	-11	9
788163	2718	-2	9
788178	2718	4	9
788183	2718	11	9
788198	2722	15	9
788213	2732	20	9
788228	2740	23	9
788243	2754	21	9
788258	2768	10	9
788273	2772	3	9
788293	2776	2	9
788298	2776	1	9
788313	2776	5	9
788328	2781	19	9
788344	2790	20	9
788359	2799	15	9
788374	2808	18	9
788389	2822	19	9
788394	2830	9	9
788409	2835	-3	9
788424	2835	-12	9
788439	2830	-13	9
788454	2822	-18	9
788469	2812	-20	9
788484	2804	-17	9
788489	2794	-9	9
788504	2786	-5	9
788519	2786	-6	9
788534	2781	-7	9
788549	2776	-2	9
788564	2776	-1	9
788579	2776	-6	9
788594	2772	-11	9
788599	2768	-21	9
788614	2754	-22	9
788629	2740	-20	9
788644	2732	-24	9
788659	2718	-27	9
788674	2700	-16	9
788689	2691	-4	9
788694	2691	8	9
788709	2691	14	9
788724	2700	17	9
788739	2709	15	9
788754	2718	6	9
788769	2722	2	9
788789	2722	2	9
788804	2722	4	9
788809	2727	6	9
788824	2727	8	9
788839	2732	5	9
788854	2736	2	9
788869	2736	6	9
788885	2740	3	9
788900	2740	-2	9
788905	2740	-1	9
788920	2740	-3	9
788935	2740	-5	9
788950	2740	-6	9
788965	2736	-8	9
788980	2732	2	9
788995	2732	5	9
789000	2732	0	9
789015	2732	0	9
789031	2732	6	9
789047	2736	1	9
789062	2736	-8	9
789077	2736	-17	9
789092	2727	-18	9
789107	2714	-15	9
789112	2709	-17	9
789128	2696	-9	9
789143	2691	-8	9
789158	2686	-2	9
789173	2686	0	9
789188	2686	2	9
789203	2686	1	9
789208	2686	0	9
789223	2686	5	9
789238	2686	7	9
789253	2691	11	9
789268	2696	12	9
789283	2704	18	9
789298	2714	22	9
789303	2727	20	9
789318	2736	17	9
789333	2750	14	9
789348	2754	9	9
789364	2758	2	9
789379	2763	2	9
789394	2763	1	9
789409	2763	2	9
789414	2763	5	9
789429	2768	13	9
789444	2776	15	9
789459	2781	12	9
789474	2790	16	9
789489	2799	13	9
789504	2808	4	9
789509	2808	4	9
789525	2812	6	9
789540	2812	4	9
789555	2817	-7	9
789570	2817	-16	9
789585	2808	-17	9
789600	2799	-19	9
789620	2786	-20	9
789625	2776	-19	9
789640	2763	-15	9
789655	2758	-18	9
789670	2745	-17	9
789685	2736	-16	9
789700	2727	-20	9
789715	2718	-27	9
789720	2700	-31	9
789735	2682	-30	9
789750	2668	-30	9
789765	2650	-30	9
789780	2632	-16	9
789795	2624	-5	9
789810	2624	-1	9
789815	2619	1	9
789830	2619	3	9
789845	2619	6	9
789860	2624	8	9
789875	2628	16	9
789890	2637	27	9
789905	2650	32	9
789925	2668	31	9
789930	2686	34	9
789945	2704	31	9
789960	2722	20	9
789975	2736	16	9
789990	2745	12	9
790005	2750	9	9
790020	2754	5	9
790025	2758	-1	9
790040	2758	-5	9
790055	2758	-6	9
790070	2754	-10	9
790085	2750	-11	9
790100	2745	-20	9
790115	2732	-26	9
790120	2718	-23	9
790135	2704	-16	9
790150	2696	-19	9
790165	2686	-27	9
790180	2668	-24	9
790195	2655	-17	9
790210	2646	-14	9
790225	2637	-12	9
790230	2632	-3	9
790245	2632	3	9
790260	2632	-1	9
790275	2632	0	9
790290	2632	5	9
790305	2632	3	9
790321	2632	3	9
790327	2632	5	9
790343	2637	6	9
790358	2642	2	9
790373	2642	-2	9
790388	2642	1	9
790403	2642	3	9
790418	2642	5	9
790433	2646	7	9
790438	2650	13	9
790453	2655	13	9
790468	2664	4	9
790483	2664	-1	9
790499	2664	-8	9
790514	2664	-11	9
790530	2660	-8	9
790535	2655	-4	9
790550	2650	-5	9
790565	2650	-11	9
790580	2642	-5	9
790595	2642	4	9
790610	2642	7	9
790625	2642	6	9
790630	2646	7	9
790645	2650	6	9
790660	2655	-1	9
790675	2655	-5	9
790690	2655	-6	9
790705	2650	-6	9
790720	2646	-4	9
790740	2646	1	9
790745	2646	8	9
790760	2646	7	9
790775	2650	7	9
790790	2655	4	9
790805	2655	1	9
790820	2655	-7	9
790835	2655	-9	9
790840	2650	-10	9
790855	2646	-14	9
790870	2637	-14	9
790885	2628	-5	9
790900	2628	4	9
790915	2628	2	9
790930	2628	0	9
790945	2628	8	9
790950	2632	6	9
790965	2632	-3	9
790980	2632	-10	9
790995	2632	-6	9
791010	2628	-7	9
791025	2624	-9	9
791040	2619	-10	9
791045	2614	-12	9
791060	2606	-9	9
791075	2601	2	9
791090	2601	15	9
791105	2606	15	9
791120	2614	12	9
791140	2624	12	9
791145	2628	12	9
791160	2637	10	9
791175	2642	4	9
791190	2642	8	9
791205	2646	16	9
791220	2655	18	9
791236	2668	24	9
791251	2682	26	9
791256	2696	22	9
791271	2709	9	9
791287	2714	4	9
791302	2714	-2	9
791317	2714	-5	9
791332	2714	-10	9
791347	2709	-16	9
791352	2700	-17	9
791367	2691	-13	9
791382	2682	-10	9
791398	2678	-16	9
791413	2668	-28	9
791428	2655	-26	9
791443	2637	-12	9
791448	2632	-3	9
791463	2628	-2	9
791478	2628	2	9
791493	2628	13	9
791508	2632	15	9
791523	2642	11	9
791538	2646	12	9
791553	2655	16	9
791559	2664	21	9
791574	2678	16	9
791589	2686	7	9
791604	2686	-6	9
791619	2686	-14	9
791634	2682	-17	9
791649	2673	-15	9
791655	2664	-13	9
791671	2655	-7	9
791687	2650	0	9
791703	2650	8	9
791719	2650	4	9
791735	2655	6	9
791751	2660	13	9
791767	2664	10	9
791772	2673	2	9
791788	2673	0	9
791804	2673	0	9
791820	2673	-1	9
791835	2673	5	9
791850	2673	11	9
791865	2682	10	9
791870	2686	-1	9
791885	2686	-5	9
791900	2686	-10	9
791915	2682	-14	9
791930	2673	-11	9
791945	2668	-12	9
791960	2660	-13	9
791965	2655	-15	9
791980	2646	-13	9
791995	2637	-5	9
792010	2632	-1	9
792025	2632	-4	9
792040	2632	-6	9
792055	2628	-1	9
792070	2628	-3	9
792075	2628	-3	9
792090	2624	-2	9
792105	2624	1	9
792120	2624	-2	9
792135	2624	0	9
792150	2624	8	9
792165	2624	13	9
792170	2632	7	9
792185	2632	10	9
792200	2642	10	9
792215	2646	2	9
792230	2646	-5	9
792245	2646	-6	9
792260	2646	-9	9
792265	2642	-12	9
792280	2632	-12	9
792295	2628	-11	9
792310	2619	-8	9
792325	2614	-3	9
792340	2614	3	9
792355	2614	-1	9
792370	2614	-5	9
792375	2610	1	9
792390	2610	12	9
792405	2614	14	9
792420	2624	5	9
792435	2628	4	9
792450	2628	17	9
792465	2637	18	9
792470	2646	10	9
792485	2655	1	9
792500	2655	3	9
792515	2655	9	9
792530	2660	15	9
792545	2668	10	9
792560	2673	-1	9
792581	2673	-4	9
792586	2673	3	9
792601	2673	-6	9
792616	2673	-27	9
792631	2660	-27	9
792646	2646	-15	9
792661	2637	-15	9
792676	2628	-26	9
792681	2614	-26	9
792696	2596	-17	9
792711	2588	-10	9
792726	2583	-9	9
792741	2578	-16	9
792756	2570	-24	9
792771	2556	-29	9
792777	2538	-30	9
792792	2520	-26	9
792807	2506	-26	9
792822	2493	-24	9
792837	2480	-14	9
792852	2470	4	9
792867	2470	9	9
792882	2475	12	9
792887	2480	22	9
792902	2493	23	9
792917	2506	16	9
792932	2516	16	9
792947	2524	24	9
792962	2538	27	9
792977	2552	29	9
792982	2570	31	9
792997	2588	29	9
793012	2606	20	9
793027	2614	20	9
793042	2628	12	9
793057	2632	-7	9
793072	2632	-21	9
793092	2619	-21	9
793097	2610	-20	9
793112	2596	-24	9
793127	2583	-25	9
793143	2570	-21	9
793158	2560	-16	9
793173	2552	-16	9
793188	2542	-22	9
793193	2529	-25	9
793208	2516	-25	9
793224	2502	-23	9
793239	2488	-24	9
793254	2475	-26	9
793269	2457	-26	9
793284	2444	-21	9
793289	2434	-11	9
793304	2426	-13	9
793319	2421	-19	9
793334	2408	-11	9
793349	2403	2	9
793364	2403	1	9
793379	2403	-6	9
793394	2398	2	9
793399	2398	4	9
793414	2398	3	9
793429	2403	6	9
793444	2403	6	9
793459	2408	4	9
793474	2412	5	9
793489	2412	12	9
793494	2421	11	9
793509	2426	5	9
793524	2430	4	9
793539	2430	1	9
793554	2430	-1	9
793569	2430	-10	9
793584	2430	-8	9
793589	2426	-1	9
793604	2426	-1	9
793620	2426	-11	9
793635	2416	-10	9
793650	2412	-3	9
793665	2412	0	9
793680	2412	4	9
793700	2412	13	9
793706	2416	14	9
793721	2426	5	9
793736	2426	7	9
793751	2430	11	9
793766	2439	4	9
793781	2439	1	9
793796	2439	5	9
793801	2444	-1	9
793816	2444	-8	9
793831	2444	-4	9
793846	2439	3	9
793861	2439	4	9
793876	2439	0	9
793891	2439	-3	9
793906	2439	-6	9
793911	2439	-10	9
793926	2434	-15	9
793941	2426	-14	9
793956	2416	-15	9
793971	2408	-10	9
793986	2403	-6	9
794001	2398	1	9
794006	2398	1	9
794021	2398	3	9
794036	2398	11	9
794051	2403	17	9
794066	2412	11	9
794081	2421	8	9
794096	2426	16	9
794101	2434	18	9
794116	2444	13	9
794131	2452	13	9
794146	2457	10	9
794161	2462	2	9
794176	2466	-4	9
794196	2466	-1	9
794211	2466	5	9
794216	2466	11	9
794231	2470	20	9
794248	2484	22	9
794263	2493	8	9
794278	2498	-2	9
794293	2498	-5	9
794308	2498	-7	9
794313	2493	-13	9
794328	2488	-20	9
794343	2475	-24	9
794358	2462	-23	9
794373	2448	-22	9
794388	2439	-16	9
794403	2430	-15	9
794409	2421	-16	9
794424	2412	-25	9
794439	2398	-18	9
794455	2385	-14	9
794471	2380	-24	9
794487	2367	-26	9
794502	2349	-20	9
794517	2340	-17	9
794522	2331	-21	9
794537	2318	-15	9
794552	2308	-7	9
794567	2304	-6	9
794583	2304	-8	9
794599	2300	-3	9
794614	2295	10	9
794619	2300	20	9
794634	2308	25	9
794649	2322	27	9
794664	2340	22	9
794679	2349	21	9
794694	2362	12	9
794709	2372	6	9
794724	2372	1	9
794729	2372	2	9
794744	2376	11	9
794760	2380	11	9
794775	2385	7	9
794790	2390	4	9
794805	2394	2	9
794820	2394	-3	9
794826	2394	-8	9
794841	2394	-10	9
794856	2385	-10	9
794871	2380	-18	9
794886	2372	-21	9
794901	2358	-20	9
794916	2349	-25	9
794921	2336	-18	9
794936	2322	-6	9
794951	2322	0	9
794966	2322	0	9
794981	2322	4	9
794996	2322	8	9
795011	2322	6	9
795026	2326	1	9
795031	2326	-2	9
795046	2326	-6	9
795061	2326	-10	9
795076	2322	-16	9
795091	2313	-19	9
795106	2300	-13	9
795121	2295	-8	9
795126	2290	-4	9
795141	2286	0	9
795156	2286	3	9
795171	2286	0	9
795186	2286	-2	9
795201	2286	4	9
795216	2286	1	9
795236	2286	-3	9
795241	2286	-6	9
795256	2286	-3	9
795272	2282	1	9
795287	2282	10	9
795302	2286	19	9
795317	2295	19	9
795332	2308	22	9
795337	2318	26	9
795352	2336	27	9
795367	2349	23	9
795382	2362	19	9
795397	2372	14	9
795412	2380	6	9
795427	2385	4	9
795432	2385	8	9
795447	2390	10	9
795462	2398	6	9
795477	2398	-2	9
795492	2398	-11	9
795507	2398	-9	9
795522	2390	-6	9
795537	2390	-4	9
795542	2385	-3	9
795557	2385	-7	9
795572	2380	-10	9
795587	2376	-13	9
795602	2367	-14	9
795617	2358	-17	9
795632	2349	-13	9
795637	2344	4	9
795652	2344	14	9
795667	2349	8	9
795682	2354	4	9
795697	2354	2	9
795712	2358	-3	9
795732	2358	-8	9
795737	2354	-5	9
795752	2354	-2	9
795767	2349	0	9
795782	2349	1	9
795797	2349	4	9
795812	2349	-3	9
795827	2349	-10	9
795842	2344	-13	9
795847	2340	-16	9
795863	2331	-14	9
795879	2322	-11	9
795895	2318	-2	9
795911	2313	7	9
795927	2313	8	9
795942	2318	1	9
795947	2318	0	9
795962	2318	3	9
795977	2322	10	9
795992	2326	9	9
796007	2331	6	9
796022	2336	-3	9
796037	2336	0	9
796052	2336	9	9
796057	2340	8	9
796072	2344	5	9
796087	2344	14	9
796102	2354	24	9
796117	2367	18	9
796132	2376	8	9
796147	2380	8	9
796152	2385	11	9
796167	2394	5	9
796182	2394	-2	9
796197	2394	-9	9
796212	2394	-9	9
796227	2390	-8	9
796242	2385	-8	9
796247	2380	-12	9
796262	2372	-12	9
796277	2367	-2	9
796293	2362	5	9
796308	2362	3	9
796323	2367	-5	9
796338	2367	-9	9
796353	2362	-9	9
796358	2358	-17	9
796373	2344	-31	9
796388	2331	-32	9
796403	2313	-22	9
796418	2300	-20	9
796433	2286	-19	9
796448	2277	-15	9
796453	2268	-10	9
796468	2264	-5	9
796483	2259	-5	9
796498	2259	-2	9
796513	2254	-2	9
796528	2254	-1	9
796548	2254	-1	9
796563	2254	-7	9
796568	2250	-10	9
796583	2246	-4	9
796598	2241	2	9
796613	2241	5	9
796629	2241	5	9
796644	2246	7	9
796659	2250	9	9
796664	2254	7	9
796679	2259	3	9
796694	2259	7	9
796709	2264	8	9
796724	2268	9	9
796739	2272	2	9
796754	2272	3	9
796759	2277	3	9
796774	2277	2	9
796789	2277	0	9
796804	2277	-3	9
796819	2277	-3	9
796834	2277	4	9
796849	2277	9	9
796864	2282	3	9
796869	2286	0	9
796884	2286	2	9
796899	2286	5	9
796914	2286	3	9
796930	2290	2	9
796945	2290	-1	9
796960	2290	-4	9
796965	2290	-5	9
796980	2290	-7	9
796995	2286	-6	9
797010	2282	-9	9
797025	2277	-7	9
797040	2272	-3	9
797060	2272	-2	9
797065	2268	-8	9
797080	2264	-14	9
797095	2259	-12	9
797110	2250	-7	9
797125	2246	-9	9
797140	2241	-15	9
797155	2232	-18	9
797170	2223	-16	9
797175	2214	-18	9
797190	2205	-16	9
797205	2196	-14	9
797220	2187	-15	9
797235	2178	-12	9
797251	2174	-5	9
797266	2169	-3	9
797272	2169	1	9
797287	2169	4	9
797303	2169	6	9
797318	2169	8	9
797333	2174	14	9
797348	2182	21	9
797364	2196	24	9
797379	2210	27	9
797384	2223	32	9
797399	2241	32	9
797414	2259	29	9
797429	2277	20	9
797444	2286	13	9
797459	2295	4	9
797474	2295	2	9
797479	2295	5	9
797494	2300	10	9
797509	2304	8	9
797524	2308	1	9
797539	2308	-3	9
797554	2308	-1	9
797569	2308	-7	9
797574	2308	-7	9
797589	2304	-3	9
797604	2304	6	9
797619	2304	14	9
797634	2308	32	9
797649	2326	49	9
797665	2354	61	9
797681	2390	64	9
797686	2426	60	9
797701	2462	38	9
797717	2480	21	9
797732	2493	17	9
797747	2502	16	9
797762	2511	10	9
797777	2516	-1	9
797783	2516	-6	9
797798	2516	-9	9
797813	2511	-9	9
797828	2506	-4	9
797843	2506	-2	9
797858	2502	3	9
797873	2502	1	9
797878	2502	-4	9
797893	2502	-10	9
797908	2498	-21	9
797923	2484	-36	9
797938	2466	-39	9
797953	2444	-37	9
797968	2421	-34	9
797988	2403	-27	9
797993	2390	-14	9
798008	2380	-17	9
798023	2372	-23	9
798038	2358	-16	9
798053	2349	4	9
798068	2349	4	9
798083	2349	-6	9
798088	2349	-12	9
798103	2344	5	9
798118	2344	16	9
798133	2354	5	9
798148	2354	-3	9
798163	2354	2	9
798178	2354	11	9
798193	2358	10	9
798198	2367	5	9
798213	2367	5	9
798228	2372	4	9
798243	2372	3	9
798258	2376	-1	9
798273	2376	-4	9
798288	2376	-8	9
798293	2372	-5	9
798308	2367	-5	9
798323	2367	-11	9
798338	2358	-9	9
798353	2354	0	9
798368	2354	3	9
798388	2354	-6	9
798393	2354	-10	9
798408	2349	-7	9
798423	2344	-1	9
798438	2344	-11	9
798453	2336	-12	9
798468	2331	-2	9
798483	2331	5	9
798498	2331	5	9
798503	2331	6	9
798518	2336	4	9
798533	2336	4	9
798548	2340	6	9
798563	2340	5	9
798578	2344	2	9
798593	2344	-1	9
798598	2344	1	9
798614	2344	7	9
798629	2349	3	9
798644	2354	4	9
798659	2354	9	9
798674	2358	14	9
798689	2367	7	9
798704	2372	7	9
798709	2376	5	9
798724	2376	5	9
798739	2380	3	9
798754	2380	-6	9
798769	2380	-14	9
798784	2376	-21	9
798804	2362	-13	9
798809	2354	-4	9
798824	2354	5	9
798839	2354	4	9
798854	2354	0	9
798869	2354	-3	9
798884	2354	-8	9
798899	2354	-15	9
798904	2344	-22	9
798919	2331	-22	9
798934	2318	-23	9
798949	2304	-23	9
798964	2295	-23	9
798979	2282	-32	9
798994	2264	-33	9
799009	2246	-20	9
799014	2232	-4	9
799029	2232	6	9
799044	2232	16	9
799060	2236	26	9
799075	2254	19	9
799090	2264	5	9
799105	2268	0	9
799110	2268	2	9
799125	2268	-1	9
799140	2268	-3	9
799155	2268	-6	9
799170	2268	-9	9
799185	2259	-9	9
799200	2254	-7	9
799205	2250	-8	9
799220	2246	-9	9
799235	2241	-7	9
799250	2236	2	9
799265	2236	2	9
799280	2236	-8	9
799300	2236	-19	9
799315	2228	-12	9
799320	2218	2	9
799336	2218	1	9
799351	2218	6	9
799366	2218	19	9
799381	2232	30	9
799396	2246	33	9
799411	2268	35	9
799416	2286	36	9
799431	2304	34	9
799446	2326	30	9
799461	2340	25	9
799476	2358	19	9
799491	2367	16	9
799506	2376	21	9
799521	2390	14	9
799526	2394	5	9
799541	2398	7	9
799557	2403	16	9
799572	2412	13	9
799588	2416	-2	9
799603	2416	-17	9
799618	2412	-19	9
799623	2403	-20	9
799638	2390	-22	9
799653	2376	-24	9
799668	2362	-13	9
799683	2358	-1	9
799698	2358	5	9
799713	2358	6	9
799718	2358	4	9
799733	2362	-4	9
799748	2362	-7	9
799763	2358	-5	9
799778	2354	-4	9
799793	2354	0	9
799808	2354	12	9
799828	2358	16	9
799833	2367	10	9
799848	2372	3	9
799863	2372	5	9
799878	2376	2	9
799893	2376	-3	9
799908	2376	-4	9
799923	2376	-1	9
799928	2376	1	9
799943	2376	7	9
799958	2376	7	9
799973	2380	1	9
799988	2380	-3	9
800003	2380	-4	9
800018	2380	-3	9
800023	2380	-4	9
800038	2376	-3	9
800054	2376	3	9
800070	2376	10	9
800086	2380	2	9
800101	2380	-1	9
800116	2380	9	9
800131	2385	13	9
800136	2390	5	9
800151	2394	-2	9
800166	2394	-9	9
800181	2394	-12	9
800196	2385	-8	9
800211	2380	6	9
800226	2380	7	9
800231	2385	-11	9
800246	2380	-18	9
800261	2372	-7	9
800276	2367	-6	9
800291	2362	-8	9
800306	2358	2	9
800321	2358	19	9
800336	2367	29	9
800341	2385	30	9
800356	2403	21	9
800372	2412	19	9
800387	2426	16	9
800402	2434	20	9
800417	2444	9	9
800432	2448	-9	9
800437	2448	-19	9
800452	2439	-13	9
800467	2430	-12	9
800482	2421	-19	9
800497	2412	-21	9
800512	2398	-4	9
800532	2398	3	9
800537	2398	-9	9
800552	2394	-20	9
800567	2385	-11	9
800582	2376	-8	9
800597	2372	-16	9
800612	2362	-20	9
800627	2354	-20	9
800642	2340	-11	9
800647	2336	3	9
800662	2336	12	9
800677	2340	11	9
800692	2344	18	9
800707	2358	32	9
800723	2376	31	9
800738	2390	17	9
800743	2403	3	9
800758	2403	7	9
800773	2408	9	9
800788	2412	0	9
800803	2412	-6	9
800818	2412	1	9
800833	2412	6	9
800848	2412	0	9
800853	2412	-6	9
800868	2412	-6	9
800883	2408	2	9
800898	2408	12	9
800913	2412	18	9
800928	2426	9	9
800948	2430	-2	9
800953	2430	9	9
800968	2434	18	9
800983	2444	9	9
800998	2448	-3	9
801013	2448	1	9
801028	2448	5	9
801043	2448	-7	9
801048	2448	-13	9
801063	2444	-9	9
801078	2439	-6	9
801093	2434	-4	9
801108	2430	-4	9
801123	2430	-3	9
801138	2426	0	9
801153	2426	1	9
801158	2426	1	9
801173	2426	-8	9
801188	2426	-16	9
801203	2416	-20	9
801219	2403	-13	9
801234	2398	-10	9
801249	2390	-13	9
801254	2385	-2	9
801269	2380	9	9
801284	2385	4	9
801299	2385	-2	9
801314	2385	0	9
801329	2385	5	9
801344	2390	4	9
801349	2390	4	9
801364	2394	3	9
801379	2394	-4	9
801394	2394	-2	9
801409	2394	3	9
801425	2394	2	9
801440	2394	-8	9
801456	2394	-7	9
801461	2390	-2	9
801476	2390	-10	9
801491	2380	-14	9
801506	2376	-9	9
801521	2367	0	9
801536	2367	3	9
801551	2367	-1	9
801556	2367	4	9
801571	2367	15	9
801586	2376	19	9
801602	2390	22	9
801617	2398	19	9
801632	2412	15	9
801647	2421	10	9
801667	2426	15	9
801672	2434	14	9
801687	2439	-6	9
801702	2439	-12	9
801717	2434	6	9
801733	2434	17	9
801748	2444	9	9
801763	2448	4	9
801768	2452	8	9
801783	2457	4	9
801798	2457	3	9
801814	2462	0	9
801829	2462	-6	9
801844	2462	-8	9
801859	2457	-1	9
801864	2457	-3	9
801879	2452	-16	9
801894	2444	-29	9
801909	2430	-28	9
801924	2412	-34	9
801939	2394	-39	9
801954	2372	-44	9
801969	2344	-34	9
801974	2326	-24	9
801989	2313	-24	9
802004	2300	-26	9
802019	2286	-16	9
802034	2277	-13	9
802049	2268	-18	9
802064	2259	-19	9
802069	2250	-15	9
802084	2241	-12	9
802099	2232	-12	9
802114	2228	-7	9
802130	2223	-14	9
802145	2214	-17	9
802160	2205	-5	9
802165	2200	5	9
802180	2200	2	9
802195	2200	4	9
802210	2205	11	9
802225	2210	10	9
802240	2218	0	9
802260	2218	-5	9
802275	2218	-2	9
802280	2218	2	9
802295	2218	4	9
802310	2218	5	9
802326	2218	5	9
802342	2223	9	9
802357	2228	21	9
802373	2236	31	9
802378	2254	27	9
802393	2272	15	9
802408	2282	16	9
802423	2290	16	9
802438	2300	8	9
802453	2304	-5	9
802468	2304	-5	9
802483	2300	5	9
802488	2300	1	9
802503	2300	-3	9
802518	2300	-1	9
802533	2300	7	9
802548	2300	10	9
802563	2308	13	9
802578	2313	5	9
802583	2318	-3	9
802598	2318	-2	9
802613	2318	1	9
802628	2318	-9	9
802644	2313	-10	9
802659	2308	9	9
802675	2308	29	9
802680	2326	25	9
802695	2340	7	9
802710	2344	11	9
802725	2349	26	9
802740	2362	27	9
802755	2380	18	9
802770	2390	15	9
802785	2398	17	9
802790	2408	20	9
802806	2421	23	9
802821	2430	18	9
802836	2444	10	9
802851	2448	7	9
802866	2452	12	9
802881	2457	4	9
802886	2462	-16	9
802901	2457	-27	9
802917	2439	-19	9
802932	2430	-18	9
802947	2421	-22	9
802963	2408	-14	9
802978	2398	-4	9
802993	2398	2	9
802998	2398	0	9
803013	2398	-7	9
803028	2394	-10	9
803044	2390	-5	9
803059	2385	2	9
803074	2385	-4	9
803089	2385	-15	9
803094	2376	-12	9
803109	2372	0	9
803124	2372	1	9
803139	2372	-11	9
803154	2362	-7	9
803169	2358	15	9
803184	2362	21	9
803189	2376	4	9
803204	2380	-9	9
803219	2376	1	9
803234	2376	8	9
803249	2380	7	9
803264	2380	-4	9
803279	2380	-5	9
803299	2380	2	9
803304	2380	16	9
803319	2390	16	9
803334	2398	8	9
803349	2403	10	9
803364	2408	24	9
803379	2421	24	9
803394	2434	0	9
803399	2434	-11	9
803414	2430	2	9
803429	2430	9	9
803444	2434	0	9
803459	2434	-15	9
803474	2430	-17	9
803489	2421	-6	9
803494	2416	-4	9
803510	2412	-9	9
803525	2408	-20	9
803540	2398	-19	9
803555	2385	-8	9
803570	2380	-1	9
803585	2380	-13	9
803600	2376	-26	9
803605	2358	-19	9
803620	2349	-7	9
803635	2344	-11	9
803650	2340	-17	9
803665	2331	-2	9
803680	2326	19	9
803700	2336	21	9
803705	2349	8	9
803720	2354	-3	9
803737	2354	4	9
803752	2354	16	9
803767	2362	18	9
803783	2372	8	9
803798	2376	3	9
803813	2376	21	9
803818	2390	34	9
803833	2408	23	9
803848	2421	10	9
803863	2426	17	9
803878	2434	33	9
803893	2457	19	9
803909	2466	-3	9
803914	2466	-6	9
803929	2466	4	9
803944	2466	12	9
803959	2470	-1	9
803974	2470	-4	9
803989	2470	6	9
804004	2470	21	9
804009	2484	25	9
804024	2498	20	9
804039	2506	11	9
804054	2516	17	9
804069	2524	27	9
804084	2538	12	9
804099	2547	-8	9
804114	2542	-6	9
804119	2542	9	9
804134	2542	3	9
804149	2542	-20	9
804164	2538	-27	9
804179	2520	-16	9
804194	2511	-10	9
804209	2506	-18	9
804214	2498	-26	9
804230	2484	-24	9
804246	2470	-9	9
804262	2462	1	9
804278	2462	-3	9
804293	2462	-19	9
804308	2452	-19	9
804323	2439	-3	9
804328	2439	-1	9
804343	2439	-16	9
804358	2430	-15	9
804373	2421	5	9
804388	2421	16	9
804403	2430	9	9
804418	2434	4	9
804423	2434	11	9
804438	2444	17	9
804453	2452	23	9
804468	2466	22	9
804483	2480	22	9
804498	2488	23	9
804513	2502	36	9
804518	2524	37	9
804533	2542	18	9
804548	2556	10	9
804563	2560	22	9
804578	2574	28	9
804593	2588	15	9
804608	2596	6	9
804623	2601	19	9
804628	2610	22	9
804643	2624	12	9
804658	2628	-9	9
804673	2628	-17	9
804688	2619	-23	9
804703	2606	-27	9
804723	2592	-34	9
804728	2570	-45	9
804743	2547	-49	9
804759	2520	-36	9
804774	2498	-20	9
804790	2488	-24	9
804805	2475	-29	9
804820	2457	-13	9
804826	2448	2	9
804841	2448	-4	9
804856	2448	-18	9
804871	2439	-14	9
804886	2430	-3	9
804901	2430	-5	9
804916	2426	-12	9
804931	2421	-18	9
804936	2408	-13	9
804951	2403	2	9
804966	2403	15	9
804981	2408	10	9
804996	2412	10	9
805011	2421	25	9
805026	2434	40	9
805031	2457	29	9
805046	2470	9	9
805061	2475	3	9
805076	2480	14	9
805091	2488	15	9
805106	2493	8	9
805121	2498	9	9
805136	2506	16	9
805141	2516	17	9
805156	2524	5	9
805171	2524	-2	9
805186	2524	-6	9
805202	2524	-2	9
805217	2524	5	9
805232	2524	-3	9
805237	2524	-21	9
805252	2516	-16	9
805267	2506	6	9
805282	2506	8	9
805297	2506	-6	9
805312	2506	-6	9
805332	2506	7	9
805337	2506	8	9
805352	2511	-1	9
805367	2511	-6	9
805382	2511	-6	9
805397	2506	-2	9
805412	2506	-4	9
805427	2502	-11	9
805442	2498	-18	9
805447	2488	-12	9
805462	2480	3	9
805477	2480	11	9
805492	2484	6	9
805507	2488	5	9
805522	2488	18	9
805537	2502	21	9
805543	2511	9	9
805558	2516	3	9
805574	2520	9	9
805590	2524	11	9
805606	2529	10	9
805622	2538	13	9
805638	2542	24	9
805643	2556	23	9
805658	2570	21	9
805673	2583	15	9
805688	2592	4	9
805703	2592	0	9
805718	2592	6	9
805733	2596	13	9
805748	2601	0	9
805753	2601	-20	9
805768	2596	-23	9
805783	2583	-13	9
805798	2574	-5	9
805813	2574	-1	9
805828	2574	4	9
805843	2574	7	9
805848	2574	6	9
805863	2578	-3	9
805878	2578	-19	9
805893	2570	-29	9
805909	2552	-34	9
805924	2534	-30	9
805939	2516	-37	9
805954	2498	-41	9
805959	2475	-30	9
805974	2457	-14	9
805989	2448	-14	9
806004	2439	-18	9
806019	2430	-13	9
806034	2421	-1	9
806049	2421	-2	9
806054	2421	-10	9
806069	2416	-10	9
806084	2412	2	9
806099	2412	10	9
806114	2412	15	9
806129	2421	14	9
806144	2430	15	9
806149	2439	25	9
806164	2452	32	9
806179	2470	28	9
806194	2484	14	9
806209	2493	13	9
806224	2502	24	9
806239	2516	23	9
806259	2529	7	9
806264	2529	11	9
806279	2538	23	9
806295	2552	17	9
806310	2560	4	9
806325	2560	-2	9
806340	2560	0	9
806355	2560	3	9
806360	2560	5	9
806375	2565	3	9
806390	2565	-8	9
806405	2565	-10	9
806420	2560	-2	9
806435	2560	5	9
806450	2560	-5	9
806465	2560	-7	9
806470	2556	-1	9
806485	2556	-4	9
806500	2552	-18	9
806515	2542	-30	9
806530	2524	-32	9
806545	2506	-33	9
806560	2488	-34	9
806565	2470	-28	9
806580	2452	-22	9
806595	2444	-21	9
806610	2430	-11	9
806625	2426	-6	9
806640	2421	-5	9
806660	2416	-5	9
806665	2416	6	9
806680	2416	13	9
806695	2421	3	9
806710	2426	3	9
806725	2426	15	9
806740	2434	25	9
806755	2448	16	9
806770	2457	15	9
806775	2466	16	9
806790	2475	16	9
806805	2484	11	9
806820	2488	15	9
806835	2498	16	9
806850	2506	10	9
806865	2511	6	9
806870	2516	4	9
806885	2520	-9	9
806900	2516	-19	9
806915	2506	-15	9
806930	2498	-7	9
806945	2493	-6	9
806960	2488	-8	9
806966	2484	-1	9
806981	2484	5	9
806996	2484	0	9
807011	2484	-3	9
807026	2484	-4	9
807041	2484	-8	9
807056	2480	-14	9
807072	2470	-13	9
807078	2466	-15	9
807093	2457	-16	9
807108	2448	-10	9
807123	2444	2	9
807138	2444	2	9
807153	2444	-12	9
807168	2439	-5	9
807173	2434	6	9
807188	2434	5	9
807203	2434	-1	9
807218	2434	3	9
807233	2439	3	9
807248	2439	-2	9
807263	2439	-7	9
807283	2439	-7	9
807288	2434	-7	9
807303	2430	-1	9
807318	2430	7	9
807333	2430	9	9
807348	2434	9	9
807363	2439	11	9
807378	2448	13	9
807383	2452	12	9
807398	2462	5	9
807413	2462	8	9
807428	2466	16	9
807443	2475	16	9
807458	2484	8	9
807473	2488	14	9
807478	2498	28	9
807493	2516	33	9
807508	2534	34	9
807524	2552	35	9
807539	2570	31	9
807554	2588	26	9
807569	2601	32	9
807584	2619	30	9
807589	2637	15	9
807604	2646	1	9
807619	2646	1	9
807634	2646	-2	9
807649	2646	-14	9
807664	2642	-20	9
807679	2632	-22	9
807684	2619	-34	9
807699	2601	-48	9
807714	2574	-49	9
807729	2547	-43	9
807744	2520	-42	9
807759	2498	-40	9
807779	2475	-29	9
807784	2457	-26	9
807799	2444	-34	9
807814	2426	-31	9
807829	2408	-19	9
807844	2398	-18	9
807859	2385	-21	9
807874	2376	-17	9
807889	2367	-5	9
807894	2362	-4	9
807909	2358	4	9
807924	2358	13	9
807939	2367	10	9
807954	2372	8	9
807970	2376	14	9
807985	2385	16	9
807990	2394	2	9
808005	2394	-7	9
808020	2394	-3	9
808035	2394	-2	9
808050	2390	-9	9
808065	2385	-7	9
808080	2380	2	9
808100	2380	0	9
808105	2380	-4	9
808120	2380	2	9
808135	2380	8	9
808150	2380	-1	9
808165	2380	-7	9
808180	2380	2	9
808195	2380	3	9
808200	2380	-3	9
808215	2380	-1	9
808230	2380	13	9
808245	2385	11	9
808260	2394	6	9
808275	2394	10	9
808290	2403	16	9
808295	2412	0	9
808310	2412	-1	9
808325	2412	16	9
808340	2416	17	9
808355	2430	1	9
808370	2430	4	9
808385	2430	9	9
808400	2434	1	9
808406	2434	-11	9
808422	2434	-10	9
808437	2430	-7	9
808452	2426	-13	9
808468	2416	-13	9
808483	2412	-11	9
808498	2403	-15	9
808503	2394	-21	9
808518	2385	-14	9
808534	2376	-7	9
808549	2372	-14	9
808564	2362	-21	9
808579	2354	-8	9
808594	2349	3	9
808609	2349	-4	9
808614	2349	-8	9
808630	2344	-1	9
808645	2340	-2	9
808661	2340	-8	9
808676	2336	-2	9
808691	2336	0	9
808706	2336	-6	9
808711	2331	-10	9
808726	2326	1	9
808741	2326	-3	9
808756	2326	-12	9
808771	2318	-5	9
808786	2318	5	9
808801	2318	0	9
808806	2318	-3	9
808821	2318	6	9
808836	2318	13	9
808851	2322	6	9
808866	2326	6	9
808881	2331	16	9
808896	2340	21	9
808911	2349	17	9
808916	2362	20	9
808931	2372	21	9
808946	2385	13	9
808961	2390	0	9
808976	2390	5	9
808991	2394	5	9
809011	2398	-9	9
809016	2394	-9	9
809031	2390	0	9
809046	2390	-3	9
809061	2390	-11	9
809076	2380	-4	9
809092	2380	2	9
809107	2380	-7	9
809112	2376	-10	9
809127	2372	-1	9
809142	2372	-1	9
809157	2372	-5	9
809172	2367	6	9
809187	2367	19	9
809202	2376	13	9
809218	2385	10	9
809223	2390	16	9
809238	2398	16	9
809253	2408	4	9
809268	2412	2	9
809283	2412	13	9
809298	2421	13	9
809313	2426	4	9
809318	2430	1	9
809333	2430	5	9
809348	2434	-4	9
809364	2434	-18	9
809379	2426	-17	9
809394	2416	-16	9
809410	2408	-7	9
809425	2403	2	9
809430	2403	9	9
809445	2403	-3	9
809460	2403	-11	9
809475	2398	-3	9
809490	2398	-7	9
809505	2394	-24	9
809520	2380	-27	9
809525	2367	-16	9
809540	2358	-15	9
809555	2349	-23	9
809570	2336	-16	9
809586	2326	0	9
809601	2326	7	9
809616	2326	8	9
809621	2331	10	9
809636	2336	9	9
809651	2340	8	9
809666	2344	9	9
809681	2349	14	9
809697	2358	4	9
809712	2362	-1	9
809727	2362	6	9
809732	2362	11	9
809747	2372	-5	9
809762	2372	-21	9
809778	2358	-17	9
809793	2349	-12	9
809808	2344	-16	9
809824	2336	-8	9
809830	2331	11	9
809845	2331	12	9
809860	2340	6	9
809875	2340	9	9
809890	2349	9	9
809905	2354	-3	9
809920	2354	-3	9
809925	2354	5	9
809940	2354	-2	9
809955	2354	-11	9
809970	2349	0	9
809985	2349	10	9
810000	2349	2	9
810015	2349	0	9
810035	2349	7	9
810040	2354	13	9
810055	2362	1	9
810070	2362	2	9
810085	2362	7	9
810100	2367	3	9
810115	2372	-6	9
810130	2372	0	9
810135	2372	8	9
810150	2372	1	9
810165	2372	-1	9
810180	2372	6	9
810195	2376	2	9
810210	2376	-4	9
810225	2376	2	9
810240	2376	16	9
810245	2385	8	9
810260	2390	-5	9
810275	2390	2	9
810290	2390	5	9
810305	2390	-8	9
810320	2390	-18	9
810335	2376	-12	9
810340	2372	-10	9
810355	2367	-14	9
810370	2358	-10	9
810385	2354	-13	9
810400	2344	-21	9
810415	2331	-26	9
810435	2318	-16	9
810440	2308	-12	9
810455	2304	-18	9
810470	2290	-14	9
810485	2286	-10	9
810500	2277	-19	9
810515	2268	-29	9
810530	2250	-23	9
810545	2241	-18	9
810550	2228	-21	9
810565	2218	-20	9
810580	2205	-6	9
810595	2200	6	9
810610	2200	4	9
810625	2205	13	9
810640	2210	27	9
810645	2228	22	9
810660	2241	16	9
810675	2250	29	9
810690	2264	35	9
810705	2286	30	9
810720	2300	30	9
810735	2318	32	9
810755	2336	27	9
810760	2349	15	9
810775	2358	10	9
810790	2367	10	9
810805	2372	3	9
810821	2372	4	9
810836	2376	15	9
810851	2385	17	9
810856	2394	8	9
810871	2398	7	9
810886	2403	13	9
810901	2408	6	9
810916	2412	-7	9
810931	2412	0	9
810946	2412	10	9
810951	2412	6	9
810967	2416	9	9
810982	2421	33	9
810997	2439	43	9
811012	2466	36	9
811027	2484	39	9
811042	2506	50	9
811057	2534	45	9
811062	2560	36	9
811077	2578	33	9
811092	2601	25	9
811107	2614	8	9
811122	2619	4	9
811137	2619	8	9
811152	2624	0	9
811157	2624	-12	9
811172	2624	-12	9
811187	2614	-14	9
811202	2606	-28	9
811217	2592	-31	9
811232	2574	-21	9
811247	2560	-23	9
811252	2547	-43	9
811267	2524	-48	9
811282	2498	-39	9
811297	2475	-34	9
811312	2457	-32	9
811327	2439	-19	9
811347	2430	-10	9
811362	2421	-13	9
811367	2416	-14	9
811382	2408	-1	9
811397	2408	0	9
811413	2408	-9	9
811428	2403	-3	9
811443	2398	9	9
811458	2403	6	9
811463	2403	6	9
811478	2408	21	9
811493	2421	27	9
811509	2434	21	9
811524	2448	20	9
811539	2457	31	9
811554	2475	30	9
811569	2493	27	9
811574	2506	35	9
811589	2529	41	9
811604	2552	30	9
811619	2565	18	9
811634	2578	21	9
811649	2588	14	9
811664	2596	-2	9
811670	2596	-7	9
811685	2596	-4	9
811700	2592	-8	9
811715	2588	-9	9
811730	2583	6	9
811745	2583	17	9
811760	2592	5	9
811765	2596	-7	9
811780	2596	-5	9
811795	2592	-12	9
811810	2588	-32	9
811826	2570	-31	9
811841	2552	-25	9
811856	2538	-28	9
811871	2520	-28	9
811876	2506	-16	9
811891	2498	-15	9
811906	2488	-21	9
811921	2475	-14	9
811936	2466	-1	9
811951	2466	0	9
811971	2466	-5	9
811976	2466	2	9
811991	2466	12	9
812006	2470	8	9
812021	2475	1	9
812036	2475	13	9
812051	2480	20	9
812066	2493	16	9
812071	2502	23	9
812086	2516	41	9
812101	2538	44	9
812116	2560	32	9
812131	2578	35	9
812146	2601	35	9
812161	2619	29	9
812176	2637	20	9
812181	2646	16	9
812196	2655	3	9
812211	2660	-12	9
812226	2655	-9	9
812241	2650	-6	9
812256	2646	-15	9
812271	2637	-18	9
812276	2628	-5	9
812291	2624	-4	9
812306	2624	-15	9
812321	2614	-16	9
812336	2606	-10	9
812356	2601	-17	9
812371	2592	-31	9
812386	2574	-22	9
812391	2560	-12	9
812406	2552	-14	9
812421	2547	-18	9
812437	2534	-8	9
812452	2529	6	9
812467	2529	1	9
812482	2529	4	9
812487	2534	10	9
812502	2538	8	9
812517	2542	8	9
812532	2547	17	9
812547	2556	23	9
812563	2570	17	9
812578	2578	18	9
812583	2592	26	9
812599	2606	17	9
812614	2614	2	9
812629	2614	4	9
812644	2619	13	9
812659	2624	4	9
812674	2628	-2	9
812689	2628	2	9
812694	2628	3	9
812709	2628	-3	9
812724	2628	-5	9
812739	2628	-4	9
812754	2628	-12	9
812769	2619	-19	9
812784	2610	-16	9
812789	2601	-12	9
812804	2592	-21	9
812819	2583	-26	9
812834	2565	-19	9
812849	2556	-16	9
812864	2547	-20	9
812879	2534	-9	9
812899	2529	8	9
812904	2529	11	9
812919	2538	7	9
812934	2542	12	9
812949	2547	12	9
812964	2556	1	9
812979	2556	0	9
812994	2556	7	9
812999	2560	2	9
813014	2560	-7	9
813030	2560	0	9
813045	2560	10	9
813060	2560	5	9
813075	2565	2	9
813090	2565	5	9
813095	2570	10	9
813110	2574	5	9
813125	2578	-3	9
813140	2578	0	9
813155	2578	-8	9
813170	2574	-16	9
813185	2565	-18	9
813200	2556	-13	9
813205	2547	-16	9
813220	2538	-10	9
813235	2534	2	9
813250	2534	-2	9
813265	2534	-10	9
813280	2529	-2	9
813295	2529	6	9
813300	2529	-4	9
813315	2529	-10	9
813330	2524	-2	9
813345	2520	6	9
813360	2520	-6	9
813375	2520	-4	9
813395	2520	6	9
813400	2520	12	9
813415	2524	13	9
813430	2534	19	9
813445	2542	20	9
813460	2556	11	9
813475	2560	9	9
813490	2565	19	9
813505	2578	12	9
813510	2583	-6	9
813525	2583	-13	9
813540	2578	-8	9
813555	2574	-10	9
813570	2565	-15	9
813585	2556	-5	9
813600	2556	9	9
813605	2556	16	9
813620	2565	16	9
813635	2574	13	9
813650	2583	3	9
813665	2583	-6	9
813680	2583	-5	9
813695	2583	-1	9
813715	2578	-12	9
813720	2574	-19	9
813735	2565	-2	9
813750	2560	7	9
813765	2560	1	9
813780	2560	3	9
813795	2565	13	9
813810	2570	16	9
813816	2578	6	9
813831	2583	2	9
813846	2583	3	9
813861	2588	-1	9
813876	2588	-2	9
813891	2588	1	9
813906	2588	-1	9
813911	2588	-10	9
813926	2583	-13	9
813941	2574	-10	9
813956	2570	-20	9
813971	2560	-23	9
813986	2547	-10	9
814001	2542	-2	9
814016	2538	-6	9
814022	2538	-8	9
814037	2534	6	9
814052	2534	6	9
814067	2534	-8	9
814082	2534	-14	9
814097	2524	-11	9
814113	2520	-11	9
814118	2516	-17	9
814133	2502	-13	9
814148	2498	-11	9
814164	2488	-6	9
814179	2488	4	9
814194	2488	19	9
814209	2498	13	9
814224	2502	8	9
814229	2506	16	9
814244	2516	22	9
814259	2529	12	9
814274	2538	7	9
814289	2538	15	9
814304	2547	17	9
814319	2556	9	9
814324	2565	7	9
814339	2565	19	9
814354	2578	20	9
814369	2588	16	9
814384	2596	17	9
814399	2606	13	9
814419	2614	0	9
814424	2614	-3	9
814439	2614	3	9
814454	2614	-5	9
814469	2614	-22	9
814485	2606	-26	9
814500	2588	-21	9
814515	2578	-29	9
814530	2560	-35	9
814535	2542	-28	9
814551	2524	-19	9
814566	2516	-20	9
814581	2502	-13	9
814596	2498	-4	9
814611	2493	-6	9
814626	2488	-5	9
814631	2488	2	9
814646	2488	7	9
814661	2488	-3	9
814676	2488	-5	9
814691	2488	8	9
814707	2488	13	9
814722	2498	7	9
814727	2502	4	9
814742	2502	9	9
814757	2506	6	9
814772	2511	0	9
814787	2511	5	9
814802	2516	12	9
814817	2520	11	9
814832	2524	14	9
814837	2534	25	9
814852	2547	21	9
814868	2560	11	9
814883	2565	9	9
814898	2570	15	9
814913	2578	2	9
814928	2583	-1	9
814933	2583	12	9
814948	2588	22	9
814963	2601	14	9
814978	2606	12	9
814993	2614	17	9
815008	2624	14	9
815023	2632	3	9
815043	2632	-1	9
815048	2632	2	9
815063	2632	-4	9
815078	2632	-14	9
815093	2628	-18	9
815108	2619	-20	9
815123	2606	-25	9
815138	2592	-24	9
815143	2578	-22	9
815158	2565	-31	9
815173	2547	-34	9
815188	2529	-18	9
815203	2520	-11	9
815218	2516	-19	9
815233	2502	-23	9
815238	2488	-12	9
815253	2484	-14	9
815268	2475	-26	9
815283	2462	-22	9
815298	2448	-8	9
815313	2444	-4	9
815328	2444	-2	9
815343	2439	5	9
815348	2439	14	9
815363	2448	16	9
815378	2457	21	9
815393	2466	24	9
815408	2480	15	9
815423	2488	2	9
815443	2493	5	9
815448	2493	8	9
815463	2498	4	9
815478	2502	4	9
815493	2502	5	9
815508	2506	5	9
815523	2506	2	9
815538	2511	7	9
815543	2516	14	9
815558	2520	10	9
815573	2529	-3	9
815588	2529	-2	9
815603	2529	-8	9
815618	2524	-24	9
815633	2511	-33	9
815648	2493	-24	9
815654	2480	-17	9
815669	2470	-25	9
815684	2452	-23	9
815699	2444	-17	9
815714	2430	-20	9
815729	2421	-30	9
815744	2403	-21	9
815749	2394	-19	9
815764	2380	-23	9
815779	2367	-18	9
815794	2358	-10	9
815809	2354	-6	9
815824	2349	-10	9
815839	2344	-4	9
815859	2340	2	9
815864	2340	-4	9
815880	2340	-9	9
815895	2336	2	9
815910	2336	10	9
815926	2340	8	9
815941	2344	6	9
815956	2344	10	9
815961	2354	8	9
815976	2358	-2	9
815991	2358	2	9
816006	2358	5	9
816021	2358	-2	9
816036	2358	-4	9
816051	2358	1	9
816056	2358	2	9
816071	2358	-5	9
816086	2358	-6	9
816101	2354	3	9
816116	2354	-2	9
816131	2354	2	9
816147	2354	10	9
816162	2358	8	9
816167	2362	1	9
816182	2362	-1	9
816197	2362	-2	9
816212	2362	-8	9
816227	2362	-18	9
816242	2349	-17	9
816257	2340	-17	9
816262	2331	-25	9
816277	2318	-29	9
816292	2300	-25	9
816308	2286	-16	9
816323	2277	-9	9
816338	2272	-3	9
816353	2272	8	9
816368	2272	8	9
816373	2277	3	9
816388	2277	5	9
816403	2282	10	9
816419	2286	1	9
816434	2286	-3	9
816449	2286	3	9
816464	2286	2	9
816469	2290	-7	9
816484	2290	-8	9
816499	2286	0	9
816514	2286	0	9
816529	2286	5	9
816544	2286	7	9
816559	2286	5	9
816564	2290	-4	9
816579	2290	-3	9
816594	2290	2	9
816609	2290	5	9
816624	2290	2	9
816639	2290	2	9
816659	2290	4	9
816675	2295	4	9
816680	2295	0	9
816695	2295	1	9
816710	2295	3	9
816725	2300	-6	9
816740	2300	-7	9
816755	2295	-3	9
816770	2295	1	9
816775	2295	2	9
816790	2295	15	9
816805	2300	24	9
816820	2313	20	9
816835	2326	14	9
816850	2331	13	9
816865	2340	7	9
816870	2344	0	9
816885	2344	-2	9
816900	2344	0	9
816915	2344	-3	9
816930	2344	-7	9
816945	2340	-7	9
816960	2336	-12	9
816975	2331	-24	9
816980	2318	-28	9
816995	2300	-21	9
817010	2290	-22	9
817025	2277	-21	9
817040	2264	-12	9
817055	2259	-3	9
817075	2254	-6	9
817080	2254	-11	9
817095	2246	-11	9
817110	2241	-14	9
817125	2232	-18	9
817140	2223	-12	9
817155	2214	-1	9
817170	2214	2	9
817185	2214	2	9
817190	2214	11	9
817205	2218	19	9
817220	2232	19	9
817235	2241	18	9
817250	2250	19	9
817265	2264	17	9
817280	2272	9	9
817285	2277	7	9
817300	2282	11	9
817315	2286	13	9
817330	2295	9	9
817345	2300	7	9
817360	2304	8	9
817376	2308	5	9
817381	2308	10	9
817396	2318	12	9
817411	2322	2	9
817426	2322	-7	9
817441	2322	-8	9
817457	2318	-7	9
817472	2318	-10	9
817487	2308	-13	9
817492	2304	-3	9
817507	2300	1	9
817522	2300	-2	9
817537	2300	-6	9
817552	2295	-1	9
817567	2295	3	9
817587	2295	2	9
817592	2295	2	9
817607	2295	3	9
817622	2300	0	9
817637	2300	-1	9
817652	2300	0	9
817667	2300	-1	9
817682	2300	-5	9
817687	2300	5	9
817703	2300	16	9
817718	2304	18	9
817733	2318	14	9
817748	2322	18	9
817763	2336	20	9
817778	2344	17	9
817793	2354	8	9
817798	2358	7	9
817813	2362	5	9
817828	2367	0	9
817843	2367	0	9
817858	2367	6	9
817874	2372	3	9
817889	2372	1	9
817894	2372	0	9
817909	2372	-4	9
817924	2372	-10	9
817939	2367	-11	9
817954	2362	-12	9
817969	2354	-14	9
817984	2349	-14	9
817999	2340	-12	9
818004	2331	-4	9
818019	2331	0	9
818034	2331	11	9
818049	2331	28	9
818064	2349	41	9
818079	2372	47	9
818095	2398	51	9
818100	2426	56	9
818115	2457	46	9
818130	2484	33	9
818145	2502	27	9
818160	2516	21	9
818175	2529	18	9
818191	2538	15	9
818196	2547	16	9
818211	2556	11	9
818226	2565	4	9
818241	2565	2	9
818256	2565	3	9
818271	2570	-5	9
818286	2570	-8	9
818306	2565	-4	9
818311	2560	-4	9
818326	2560	-9	9
818341	2556	-5	9
818356	2552	1	9
818371	2552	1	9
818386	2552	-3	9
818401	2552	-6	9
818406	2547	-4	9
818421	2547	-3	9
818436	2542	-1	9
818451	2542	-4	9
818466	2542	-10	9
818481	2538	-14	9
818497	2529	-17	9
818512	2520	-17	9
818517	2511	-19	9
818532	2498	-14	9
818547	2488	3	9
818562	2488	6	9
818577	2493	3	9
818592	2493	1	9
818607	2493	13	9
818612	2502	17	9
818627	2511	20	9
818642	2520	24	9
818657	2534	23	9
818673	2547	20	9
818688	2560	18	9
818703	2570	20	9
818708	2583	20	9
818723	2592	21	9
818738	2606	28	9
818753	2619	28	9
818768	2637	19	9
818783	2646	5	9
818803	2650	0	9
818818	2650	-6	9
818823	2650	-12	9
818838	2642	-11	9
818853	2637	-5	9
818868	2632	-8	9
818883	2628	-13	9
818898	2624	-14	9
818913	2614	-20	9
818918	2601	-25	9
818933	2588	-23	9
818948	2574	-17	9
818963	2565	-16	9
818978	2556	-18	9
818993	2547	-13	9
819008	2538	-8	9
819013	2534	-3	9
819028	2534	-5	9
819043	2529	2	9
819058	2529	3	9
819073	2529	0	9
819088	2529	0	9
819103	2529	11	9
819123	2538	20	9
819128	2547	23	9
819143	2560	25	9
819158	2574	28	9
819173	2592	27	9
819188	2606	22	9
819203	2619	21	9
819218	2628	13	9
819223	2637	11	9
819238	2642	18	9
819253	2655	21	9
819268	2664	12	9
819283	2673	-4	9
819298	2673	-9	9
819313	2668	-14	9
819328	2660	-23	9
819333	2646	-20	9
819348	2637	-10	9
819363	2632	-7	9
819378	2628	-10	9
819393	2619	-9	9
819408	2614	-6	9
819423	2614	-12	9
819428	2606	-14	9
819443	2596	-16	9
819458	2588	-17	9
819473	2578	-14	9
819488	2570	-10	9
819503	2565	-5	9
819518	2565	-1	9
819523	2560	-2	9
819538	2560	2	9
819553	2560	4	9
819568	2560	6	9
819583	2565	12	9
819599	2570	22	9
819616	2583	19	9
819631	2592	16	9
819636	2601	18	9
819651	2614	25	9
819666	2628	22	9
819681	2642	24	9
819696	2655	34	9
819711	2673	38	9
819727	2696	29	9
819732	2709	20	9
819747	2722	22	9
819762	2732	20	9
819777	2745	8	9
819792	2750	-5	9
819807	2750	-12	9
819822	2745	-19	9
819827	2732	-26	9
819842	2718	-35	9
819857	2700	-41	9
819872	2678	-36	9
819887	2655	-26	9
819904	2642	-21	9
819919	2628	-25	9
819939	2614	-21	9
819944	2601	-14	9
819959	2596	-7	9
819974	2592	-11	9
819989	2583	-15	9
820004	2578	-10	9
820019	2570	-10	9
820034	2565	-18	9
820039	2556	-27	9
820054	2538	-25	9
820069	2524	-23	9
820084	2511	-22	9
820099	2502	-15	9
820114	2493	-6	9
820129	2488	1	9
820144	2488	6	9
820149	2488	6	9
820164	2493	7	9
820179	2498	18	9
820194	2506	30	9
820209	2524	28	9
820224	2538	22	9
820239	2552	24	9
820244	2565	31	9
820259	2583	31	9
820274	2601	26	9
820289	2614	29	9
820304	2632	35	9
820319	2650	32	9
820335	2668	25	9
820340	2682	25	9
820355	2696	26	9
820370	2709	18	9
820385	2722	7	9
820400	2727	-2	9
820415	2727	-13	9
820435	2722	-27	9
820450	2704	-35	9
820455	2686	-36	9
820470	2664	-36	9
820485	2646	-38	9
820500	2624	-33	9
820515	2606	-34	9
820530	2588	-38	9
820545	2565	-37	9
820550	2542	-28	9
820565	2529	-18	9
820580	2520	-16	9
820595	2511	-9	9
820610	2502	-7	9
820625	2502	-11	9
820640	2493	-11	9
820655	2488	-7	9
820660	2484	-4	9
820675	2480	-7	9
820690	2480	-9	9
820705	2470	-2	9
820720	2470	1	9
820735	2470	-3	9
820756	2470	-4	9
820761	2466	-2	9
820776	2466	5	9
820791	2466	5	9
820806	2470	12	9
820821	2475	15	9
820836	2484	10	9
820852	2488	10	9
820857	2493	10	9
820872	2502	3	9
820887	2502	-1	9
820902	2502	1	9
820917	2502	2	9
820933	2502	0	9
820949	2502	0	9
820965	2502	5	9
820970	2506	2	9
820985	2506	-6	9
821000	2506	-9	9
821015	2502	-6	9
821030	2498	-9	9
821045	2493	-9	9
821060	2488	-6	9
821065	2484	-9	9
821080	2480	-15	9
821095	2470	-17	9
821110	2462	-12	9
821125	2457	-7	9
821140	2452	-5	9
821155	2448	-3	9
821160	2448	-1	9
821175	2448	-2	9
821190	2448	2	9
821205	2448	13	9
821220	2452	23	9
821236	2462	25	9
821251	2480	27	9
821266	2493	24	9
821271	2506	18	9
821286	2516	12	9
821301	2524	9	9
821316	2529	6	9
821331	2534	1	9
821346	2534	3	9
821362	2534	12	9
821367	2542	8	9
821382	2547	-3	9
821397	2547	-7	9
821412	2542	-1	9
821427	2542	-2	9
821442	2542	-10	9
821457	2538	-7	9
821472	2534	-7	9
821477	2529	-16	9
821492	2520	-25	9
821507	2506	-29	9
821522	2488	-30	9
821537	2470	-22	9
821552	2462	-12	9
821567	2452	-3	9
821572	2452	-7	9
821587	2448	-8	9
821602	2444	0	9
821617	2444	-3	9
821632	2439	-10	9
821647	2434	-3	9
821667	2434	4	9
821672	2434	2	9
821687	2434	-11	9
821702	2430	-17	9
821717	2421	-15	9
821732	2412	-7	9
821747	2408	-3	9
821763	2408	0	9
821778	2408	-1	9
821783	2408	-4	9
821798	2403	-1	9
821813	2403	1	9
821828	2403	-4	9
821843	2403	-5	9
821858	2398	-3	9
821873	2398	-2	9
821878	2398	-11	9
821893	2390	-16	9
821908	2380	-8	9
821923	2376	-5	9
821938	2376	-8	9
821953	2372	0	9
821968	2372	14	9
821983	2372	18	9
821988	2385	14	9
822003	2390	14	9
822018	2398	11	9
822033	2408	7	9
822048	2408	7	9
822063	2412	1	9
822083	2412	-7	9
822088	2412	-11	9
822103	2408	-1	9
822118	2408	0	9
822133	2408	-13	9
822148	2398	-21	9
822163	2390	-12	9
822178	2380	-11	9
822183	2376	-23	9
822198	2362	-31	9
822213	2344	-27	9
822228	2331	-26	9
822243	2313	-37	9
822258	2295	-55	9
822273	2264	-75	9
822288	2223	-76	9
822293	2178	-64	9
822308	2142	-57	9
822323	2110	-57	9
822338	2079	-53	9
822353	2048	-34	9
822368	2030	-18	9
822383	2020	-24	9
822389	2007	-29	9
822405	1989	-26	9
822420	1976	-19	9
822435	1962	-24	9
822450	1948	-24	9
822465	1935	-21	9
822480	1926	-18	9
822485	1917	-15	9
822500	1908	-8	9
822515	1904	-9	9
822530	1899	-12	9
822545	1890	-5	9
822560	1886	9	9
822575	1890	16	9
822590	1899	16	9
822595	1908	22	9
822610	1917	26	9
822625	1935	22	9
822640	1944	16	9
822655	1953	20	9
822670	1966	32	9
822690	1984	37	9
822695	2007	37	9
822710	2025	36	9
822725	2048	28	9
822740	2061	23	9
822755	2074	23	9
822770	2088	22	9
822785	2102	14	9
822800	2106	12	9
822805	2115	4	9
822820	2115	-11	9
822835	2115	-25	9
822851	2102	-25	9
822866	2088	-24	9
822881	2074	-33	9
822896	2056	-35	9
822901	2034	-24	9
822916	2020	-6	9
822931	2016	18	9
822946	2025	45	9
822961	2048	67	9
822976	2088	74	9
822992	2128	64	9
822997	2164	53	9
823014	2196	40	9
823029	2218	28	9
823044	2232	29	9
823059	2250	41	9
823074	2272	38	9
823089	2295	25	9
823104	2308	13	9
823109	2313	8	9
823124	2318	1	9
823139	2322	-10	9
823154	2318	-14	9
823169	2308	-19	9
823184	2300	-19	9
823199	2290	-11	9
823204	2282	4	9
823219	2282	2	9
823234	2282	-4	9
823249	2282	0	9
823264	2282	12	9
823279	2286	17	9
823299	2295	18	9
823304	2308	30	9
823319	2322	47	9
823334	2349	45	9
823349	2376	28	9
823364	2390	19	9
823379	2403	20	9
823394	2412	24	9
823409	2426	17	9
823414	2434	0	9
823429	2434	-3	9
823444	2434	0	9
823459	2434	2	9
823475	2434	-10	9
823490	2434	-18	9
823505	2426	-6	9
823510	2421	7	9
823526	2421	2	9
823541	2421	-12	9
823556	2416	-12	9
823571	2412	1	9
823586	2412	4	9
823601	2412	0	9
823616	2412	2	9
823621	2412	2	9
823636	2412	6	9
823651	2416	10	9
823666	2421	9	9
823681	2426	8	9
823697	2430	17	9
823713	2439	28	9
823718	2457	22	9
823733	2470	14	9
823749	2475	14	9
823765	2484	20	9
823780	2498	16	9
823796	2506	6	9
823811	2506	5	9
823816	2511	12	9
823831	2520	14	9
823846	2524	20	9
823861	2538	36	9
823876	2556	56	9
823891	2588	68	9
823906	2628	72	9
823921	2668	63	9
823926	2704	49	9
823941	2732	44	9
823956	2754	43	9
823971	2781	34	9
823986	2799	15	9
824001	2808	4	9
824016	2808	3	9
824021	2812	0	9
824036	2812	-8	9
824051	2812	-11	9
824066	2804	-14	9
824081	2794	-16	9
824096	2786	-24	9
824111	2772	-28	9
824126	2758	-26	9
824131	2745	-16	9
824146	2736	-7	9
824161	2732	-1	9
824176	2732	-14	9
824191	2722	-23	9
824206	2709	-18	9
824226	2700	-9	9
824231	2696	-9	9
824246	2691	-10	9
824261	2682	-1	9
824276	2682	0	9
824291	2682	-8	9
824306	2678	-6	9
824321	2673	6	9
824326	2673	20	9
824341	2686	21	9
824356	2696	27	9
824371	2714	29	9
824386	2727	31	9
824401	2745	32	9
824416	2763	37	9
824431	2786	30	9
824436	2804	22	9
824451	2812	21	9
824466	2826	36	9
824481	2848	34	9
824496	2866	24	9
824511	2880	17	9
824531	2889	15	9
824536	2898	4	9
824551	2898	-7	9
824566	2898	-14	9
824581	2894	-14	9
824596	2884	-12	9
824611	2876	-10	9
824626	2871	-10	9
824631	2866	-16	9
824646	2858	-16	9
824661	2848	-10	9
824676	2844	-14	9
824692	2835	-23	9
824707	2822	-22	9
824722	2808	-11	9
824737	2804	-11	9
824742	2794	-15	9
824757	2790	-9	9
824772	2781	2	9
824787	2781	8	9
824802	2786	17	9
824817	2794	21	9
824832	2808	24	9
824837	2822	30	9
824852	2835	41	9
824867	2858	51	9
824882	2889	47	9
824897	2916	45	9
824912	2938	48	9
824927	2966	47	9
824947	2992	31	9
824952	3010	19	9
824967	3020	22	9
824982	3033	16	9
824997	3042	6	9
825012	3046	-1	9
825027	3046	-4	9
825042	3046	-8	9
825047	3042	-15	9
825062	3033	-19	9
825077	3024	-19	9
825093	3015	-18	9
825109	3002	-10	9
825125	2997	-8	9
825141	2992	-13	9
825146	2984	-14	9
825162	2979	-6	9
825178	2974	-3	9
825194	2974	-8	9
825210	2970	-5	9
825225	2966	7	9
825240	2966	15	9
825255	2974	14	9
825260	2984	11	9
825275	2988	10	9
825290	2992	14	9
825305	3002	21	9
825320	3015	28	9
825335	3028	30	9
825350	3046	32	9
825355	3064	42	9
825370	3087	49	9
825385	3114	38	9
825400	3136	26	9
825415	3150	29	9
825430	3168	29	9
825445	3182	19	9
825450	3195	8	9
825465	3200	8	9
825480	3204	10	9
825495	3208	0	9
825510	3208	-11	9
825525	3208	-15	9
825540	3200	-12	9
825555	3190	-13	9
825560	3186	-10	9
825575	3177	-14	9
825590	3172	-19	9
825605	3159	-15	9
825620	3150	-3	9
825635	3150	-4	9
825650	3146	-12	9
825655	3141	-11	9
825670	3136	-4	9
825685	3132	-6	9
825700	3128	-11	9
825715	3123	-8	9
825730	3118	-1	9
825745	3118	-1	9
825760	3118	-2	9
825765	3114	2	9
825780	3114	12	9
825795	3118	21	9
825810	3132	28	9
825825	3146	32	9
825841	3164	27	9
825856	3182	31	9
825861	3200	38	9
825876	3218	36	9
825891	3240	25	9
825906	3254	23	9
825921	3267	28	9
825936	3280	25	9
825952	3298	20	9
825957	3308	22	9
825972	3321	22	9
825987	3334	15	9
826002	3339	8	9
826017	3344	-1	9
826032	3344	-14	9
826047	3339	-17	9
826067	3330	-17	9
826072	3321	-18	9
826087	3312	-24	9
826102	3298	-21	9
826118	3285	-4	9
826133	3285	4	9
826149	3285	0	9
826164	3285	1	9
826169	3285	15	9
826184	3290	24	9
826199	3303	27	9
826214	3321	30	9
826229	3339	36	9
826244	3357	48	9
826259	3384	60	9
826274	3420	67	9
826279	3456	68	9
826294	3492	63	9
826309	3528	54	9
826325	3560	39	9
826340	3582	20	9
826355	3591	6	9
826370	3596	12	9
826375	4	17	9
826390	14	11	9
826405	18	7	9
826420	22	9	9
826435	27	4	9
826450	32	-12	9
826465	27	-22	9
826470	14	-26	9
826485	0	-35	9
826500	3582	-41	9
826515	3560	-36	9
826530	3537	-30	9
826546	3519	-20	9
826561	3510	-13	9
826576	3501	-14	9
826581	3492	-22	9
826596	3483	-30	9
826611	3465	-27	9
826626	3452	-26	9
826642	3434	-29	9
826657	3420	-23	9
826672	3406	-8	9
826677	3402	-2	9
826692	3402	-11	9
826707	3393	-19	9
826722	3384	-17	9
826737	3375	-17	9
826752	3366	-3	9
826767	3362	19	9
826772	3370	37	9
826787	3388	45	9
826802	3416	50	9
826817	3442	54	9
826832	3474	43	9
826847	3496	36	9
826863	3519	41	9
826878	3542	42	9
826883	3564	36	9
826898	3586	33	9
826913	4	49	9
826928	32	59	9
826943	63	64	9
826958	99	62	9
826978	135	62	9
826983	171	57	9
826998	202	44	9
827013	225	42	9
827028	252	42	9
827043	274	32	9
827058	292	25	9
827073	306	23	9
827088	320	15	9
827093	328	2	9
827108	328	-8	9
827123	328	-15	9
827138	320	-20	9
827153	310	-24	9
827168	297	-17	9
827183	284	-7	9
827188	284	8	9
827203	284	35	9
827218	302	63	9
827233	338	84	9
827248	382	92	9
827263	436	94	9
827278	490	88	9
827283	540	72	9
827298	580	43	9
827313	603	14	9
827328	612	-7	9
827343	612	-26	9
827358	598	-24	9
827379	585	-8	9
827394	580	4	9
827399	580	12	9
827414	585	23	9
827429	598	30	9
827444	612	18	9
827459	626	7	9
827474	626	17	9
827489	639	39	9
827494	657	45	9
827509	684	35	9
827524	702	24	9
827539	716	8	9
827554	720	-10	9
827569	720	-23	9
827584	706	-29	9
827589	693	-25	9
827604	675	-18	9
827620	666	-9	9
827636	662	-8	9
827651	657	-16	9
827666	648	-16	9
827681	639	-11	9
827696	634	-11	9
827701	626	-13	9
827716	621	-12	9
827731	612	-7	9
827746	608	-9	9
827761	603	-3	9
827776	603	7	9
827791	603	19	9
827796	612	18	9
827811	621	12	9
827826	630	10	9
827841	634	5	9
827856	639	4	9
827871	639	11	9
827887	648	19	9
827903	657	24	9
827909	670	32	9
827924	688	38	9
827939	711	32	9
827954	729	16	9
827969	738	9	9
827984	742	6	9
827999	747	1	9
828005	747	-4	9
828021	747	3	9
828036	747	3	9
828051	747	-2	9
828066	747	-10	9
828081	742	-9	9
828097	738	-14	9
828103	734	-15	9
828118	724	-1	9
828133	724	23	9
828148	734	38	9
828163	752	40	9
828178	774	46	9
828193	801	45	9
828208	828	34	9
828213	846	27	9
828228	860	30	9
828243	878	32	9
828258	896	25	9
828273	909	17	9
828288	918	13	9
828303	927	9	9
828308	932	3	9
828323	932	-6	9
828338	932	-18	9
828353	922	-32	9
828368	904	-27	9
828383	891	-18	9
828398	882	-22	9
828418	868	-30	9
828423	850	-28	9
828438	837	-16	9
828453	828	-17	9
828469	819	-24	9
828484	806	-18	9
828499	792	-17	9
828514	783	-16	9
828519	774	-14	9
828534	765	-4	9
828549	765	-6	9
828564	760	-2	9
828579	760	7	9
828594	760	18	9
828609	770	22	9
828614	783	33	9
828629	801	43	9
828644	824	38	9
828659	846	25	9
828674	860	23	9
828689	873	27	9
828704	891	31	9
828719	904	27	9
828724	922	24	9
828739	936	21	9
828754	945	7	9
828769	950	0	9
828784	950	4	9
828799	954	4	9
828814	954	-6	9
828819	954	-22	9
828834	945	-27	9
828849	927	-31	9
828864	909	-31	9
828880	896	-29	9
828895	878	-23	9
828915	864	-19	9
828920	855	-14	9
828935	846	-13	9
828950	837	-25	9
828965	824	-29	9
828980	810	-20	9
828995	796	-9	9
829010	792	-8	9
829025	788	-11	9
829030	783	-5	9
829045	778	1	9
829060	778	4	9
829075	778	8	9
829090	783	15	9
829105	792	26	9
829120	806	31	9
829126	824	29	9
829141	837	23	9
829156	850	21	9
829171	864	26	9
829186	878	26	9
829201	891	20	9
829216	904	13	9
829231	909	20	9
829237	922	16	9
829253	932	3	9
829269	932	-3	9
829285	932	0	9
829301	932	1	9
829316	932	-14	9
829331	927	-19	9
829336	918	-14	9
829351	909	-16	9
829366	900	-23	9
829381	886	-27	9
829396	873	-24	9
829411	860	-25	9
829426	846	-25	9
829431	832	-22	9
829446	819	-18	9
829461	810	-12	9
829476	801	0	9
829491	801	4	9
829506	801	1	9
829521	801	-3	9
829536	801	9	9
829541	806	23	9
829556	814	24	9
829571	828	25	9
829586	846	27	9
829603	860	22	9
829618	873	10	9
829633	878	13	9
829638	886	19	9
829653	896	14	9
829668	904	-1	9
829683	904	0	9
829698	904	15	9
829713	909	11	9
829728	918	-1	9
829743	918	-3	9
829748	918	3	9
829764	918	2	9
829779	918	-4	9
829794	918	-7	9
829809	914	-12	9
829824	909	-14	9
829839	900	-14	9
829844	891	-17	9
829859	882	-20	9
829874	873	-20	9
829889	860	-14	9
829904	855	-12	9
829919	846	-20	9
829935	837	-24	9
829940	824	-13	9
829955	814	-4	9
829970	810	-3	9
829985	810	-4	9
830000	810	-2	9
830015	806	4	9
830030	806	8	9
830050	810	10	9
830055	814	11	9
830070	824	15	9
830085	828	27	9
830100	846	39	9
830115	868	37	9
830130	886	29	9
830146	904	24	9
830151	918	27	9
830166	932	21	9
830181	945	18	9
830196	954	12	9
830211	963	13	9
830226	968	14	9
830241	976	17	9
830246	986	24	9
830261	999	29	9
830276	1017	31	9
830291	1035	28	9
830306	1048	23	9
830321	1062	12	9
830336	1071	7	9
830351	1071	6	9
830356	1076	-1	9
830371	1076	-11	9
830386	1076	-12	9
830402	1066	-8	9
830417	1062	-12	9
830432	1058	-15	9
830447	1048	-10	9
830453	1040	-7	9
830468	1040	-12	9
830483	1030	-14	9
830498	1022	-10	9
830513	1017	-7	9
830528	1012	-4	9
830543	1012	-3	9
830563	1008	-3	9
830568	1008	-2	9
830583	1008	4	9
830598	1008	5	9
830613	1008	7	9
830629	1012	4	9
830644	1012	9	9
830659	1017	14	9
830664	1026	13	9
830679	1035	2	9
830694	1035	-1	9
830709	1035	1	9
830724	1035	2	9
830739	1035	-2	9
830754	1035	-6	9
830759	1035	-7	9
830774	1030	-2	9
830789	1030	4	9
830804	1030	8	9
830819	1035	1	9
830834	1035	3	9
830849	1035	6	9
830864	1040	3	9
830870	1040	-15	9
830886	1035	-23	9
830901	1022	-15	9
830916	1017	-10	9
830931	1008	-14	9
830946	1004	-14	9
830961	994	-9	9
830966	990	-5	9
830981	986	-7	9
830997	981	-16	9
831012	972	-20	9
831027	963	-11	9
831043	954	4	9
831058	954	12	9
831063	958	16	9
831078	968	24	9
831093	981	33	9
831108	1004	33	9
831123	1022	23	9
831138	1035	22	9
831153	1044	29	9
831168	1062	31	9
831173	1080	14	9
831188	1089	7	9
831203	1089	11	9
831218	1098	9	9
831233	1102	9	9
831248	1107	11	9
831263	1112	19	9
831268	1125	28	9
831283	1138	31	9
831298	1156	30	9
831313	1174	23	9
831329	1188	22	9
831344	1202	19	9
831360	1210	14	9
831375	1220	2	9
831380	1220	2	9
831395	1220	4	9
831410	1224	2	9
831425	1224	-6	9
831441	1224	-9	9
831456	1220	-6	9
831471	1215	-7	9
831476	1210	-13	9
831492	1206	-12	9
831507	1197	-12	9
831522	1192	-16	9
831537	1184	-24	9
831552	1170	-27	9
831567	1152	-26	9
831573	1138	-27	9
831588	1125	-21	9
831603	1112	-16	9
831618	1102	-13	9
831633	1094	-9	9
831648	1089	-3	9
831663	1089	-1	9
831678	1089	-6	9
831683	1084	-5	9
831698	1080	5	9
831713	1080	13	9
831729	1089	12	9
831744	1094	16	9
831759	1102	18	9
831774	1116	21	9
831779	1125	25	9
831794	1138	34	9
831809	1161	34	9
831824	1179	26	9
831839	1192	23	9
831854	1206	25	9
831874	1220	20	9
831889	1233	5	9
831894	1233	-4	9
831909	1233	-6	9
831924	1233	-11	9
831939	1224	-14	9
831954	1220	-13	9
831969	1210	-16	9
831984	1202	-24	9
831989	1188	-24	9
832005	1174	-21	9
832021	1161	-24	9
832037	1148	-26	9
832053	1134	-18	9
832068	1125	-6	9
832083	1120	-6	9
832088	1116	-7	9
832103	1116	-6	9
832118	1112	-6	9
832133	1107	-7	9
832148	1102	-2	9
832163	1102	6	9
832178	1102	13	9
832193	1107	15	9
832198	1116	25	9
832213	1130	26	9
832228	1148	23	9
832243	1161	24	9
832258	1174	27	9
832273	1188	25	9
832288	1202	15	9
832293	1210	10	9
832308	1215	11	9
832323	1224	6	9
832338	1224	8	9
832353	1228	10	9
832368	1238	4	9
832383	1238	-5	9
832388	1238	-12	9
832403	1233	-10	9
832418	1228	-13	9
832433	1220	-22	9
832448	1206	-20	9
832463	1197	-13	9
832478	1188	-6	9
832498	1184	-3	9
832503	1184	5	9
832518	1184	9	9
832533	1188	7	9
832548	1192	9	9
832563	1197	12	9
832578	1202	7	9
832593	1206	7	9
832598	1210	10	9
832614	1215	14	9
832629	1224	9	9
832644	1228	0	9
832659	1228	-1	9
832674	1228	0	9
832689	1228	3	9
832704	1228	7	9
832709	1233	13	9
832724	1242	11	9
832740	1246	8	9
832755	1251	10	9
832770	1260	6	9
832785	1260	1	9
832800	1260	2	9
832805	1264	10	9
832820	1269	14	9
832835	1278	14	9
832850	1282	12	9
832865	1292	9	9
832880	1296	2	9
832895	1296	-1	9
832900	1296	2	9
832915	1296	-4	9
832930	1296	-12	9
832945	1292	-16	9
832960	1282	-19	9
832975	1274	-24	9
832990	1260	-31	9
833010	1242	-26	9
833015	1228	-21	9
833030	1215	-26	9
833045	1202	-28	9
833060	1184	-20	9
833075	1174	-8	9
833090	1170	-11	9
833105	1166	-8	9
833110	1161	-7	9
833125	1156	-7	9
833140	1152	-11	9
833155	1143	-8	9
833170	1138	-2	9
833185	1138	3	9
833200	1138	11	9
833205	1143	25	9
833220	1156	34	9
833235	1174	42	9
833250	1202	49	9
833265	1228	42	9
833280	1251	26	9
833295	1264	20	9
833310	1278	21	9
833315	1287	20	9
833330	1300	6	9
833345	1305	5	9
833360	1305	16	9
833375	1314	17	9
833390	1323	6	9
833410	1328	0	9
833415	1328	0	9
833430	1328	-3	9
833445	1328	-12	9
833461	1323	-15	9
833476	1314	-15	9
833491	1305	-14	9
833506	1300	-7	9
833521	1296	-4	9
833526	1292	-6	9
833541	1292	-7	9
833557	1287	-1	9
833572	1287	-3	9
833587	1282	-19	9
833602	1274	-26	9
833617	1260	-20	9
833622	1246	-17	9
833637	1238	-21	9
833652	1224	-20	9
833667	1215	-8	9
833682	1210	4	9
833697	1210	12	9
833712	1215	18	9
833717	1224	25	9
833732	1238	24	9
833747	1251	18	9
833762	1264	20	9
833777	1274	14	9
833792	1282	9	9
833807	1287	13	9
833822	1296	22	9
833827	1305	23	9
833842	1318	16	9
833857	1328	18	9
833873	1336	24	9
833888	1350	29	9
833903	1368	31	9
833918	1386	39	9
833923	1408	44	9
833938	1431	40	9
833953	1454	33	9
833968	1472	22	9
833983	1485	14	9
833998	1494	10	9
834018	1498	17	9
834033	1508	18	9
834038	1521	12	9
834053	1526	4	9
834068	1530	0	9
834083	1530	-13	9
834098	1526	-27	9
834113	1508	-28	9
834128	1494	-23	9
834133	1480	-28	9
834148	1467	-30	9
834163	1449	-21	9
834178	1436	-8	9
834193	1431	-4	9
834208	1431	-4	9
834223	1426	1	9
834228	1426	2	9
834243	1426	0	9
834258	1426	0	9
834273	1426	-6	9
834288	1426	-6	9
834303	1422	0	9
834319	1422	15	9
834334	1426	16	9
834339	1436	7	9
834354	1440	13	9
834369	1449	26	9
834385	1462	35	9
834400	1480	31	9
834415	1498	28	9
834430	1516	27	9
834435	1530	18	9
834450	1539	6	9
834465	1544	-2	9
834480	1544	-15	9
834496	1539	-29	9
834512	1521	-36	9
834527	1503	-29	9
834532	1485	-15	9
834547	1476	0	9
834562	1476	19	9
834577	1485	27	9
834592	1498	16	9
834607	1508	7	9
834622	1512	5	9
834642	1512	7	9
834647	1516	10	9
834662	1526	14	9
834677	1530	15	9
834693	1539	15	9
834709	1548	25	9
834724	1562	33	9
834739	1580	25	9
834744	1593	9	9
834759	1602	2	9
834774	1602	1	9
834789	1602	-1	9
834804	1602	3	9
834820	1602	19	9
834835	1616	36	9
834850	1634	44	9
834855	1660	51	9
834870	1688	57	9
834885	1719	61	9
834900	1755	49	9
834915	1782	32	9
834930	1800	17	9
834945	1809	5	9
834950	1814	2	9
834965	1814	5	9
834981	1814	0	9
834996	1814	-4	9
835011	1814	-3	9
835026	1814	0	9
835041	1814	-2	9
835046	1814	-7	9
835061	1809	4	9
835076	1809	24	9
835091	1822	32	9
835106	1840	36	9
835121	1858	47	9
835136	1886	47	9
835151	1912	33	9
835156	1930	17	9
835171	1940	-3	9
835186	1940	-9	9
835201	1940	-11	9
835216	1930	-4	9
835231	1930	3	9
835246	1930	1	9
835251	1930	-3	9
835266	1930	-9	9
835281	1926	-20	9
835296	1912	-15	9
835311	1908	8	9
835326	1908	48	9
835346	1935	70	9
835351	1971	73	9
835366	2016	68	9
835381	2052	57	9
835396	2084	31	9
835411	2102	14	9
835426	2110	7	9
835441	2115	5	9
835456	2115	-1	9
835461	2115	0	9
835476	2115	0	9
835491	2115	-10	9
835506	2115	-18	9
835521	2106	-23	9
835536	2092	-15	9
835553	2084	16	9
835558	2088	52	9
835573	2115	80	9
835588	2160	86	9
835603	2210	79	9
835618	2254	62	9
835633	2290	42	9
835648	2313	22	9
835663	2326	16	9
835668	2336	7	9
835683	2340	-4	9
835698	2340	-11	9
835713	2336	-2	9
835728	2331	5	9
835743	2331	1	9
835758	2331	-4	9
835763	2331	1	9
835778	2331	8	9
835793	2336	2	9
835808	2336	-11	9
835825	2336	-23	9
835840	2322	-31	9
835855	2304	-24	9
835860	2290	-14	9
835875	2282	-6	9
835890	2277	-8	9
835905	2272	-10	9
835920	2268	-18	9
835935	2259	-30	9
835950	2241	-32	9
835970	2223	-21	9
835975	2214	-7	9
835990	2210	-2	9
836005	2205	1	9
836020	2205	9	9
836035	2210	16	9
836050	2218	14	9
836065	2228	12	9
836070	2232	10	9
836085	2236	11	9
836100	2246	5	9
836115	2246	2	9
836130	2250	2	9
836146	2250	14	9
836161	2259	28	9
836176	2272	27	9
836181	2286	10	9
836196	2295	-3	9
836212	2295	-1	9
836228	2295	9	9
836244	2295	8	9
836260	2300	8	9
836276	2304	19	9
836281	2318	28	9
836297	2331	21	9
836313	2344	8	9
836328	2349	10	9
836343	2354	15	9
836358	2362	20	9
836373	2372	23	9
836378	2385	21	9
836393	2398	8	9
836408	2403	0	9
836423	2403	-7	9
836438	2403	-10	9
836453	2398	-13	9
836468	2390	-5	9
836483	2385	4	9
836488	2385	2	9
836503	2385	-5	9
836518	2385	-13	9
836533	2380	-14	9
836548	2372	-14	9
836564	2362	-10	9
836580	2358	-5	9
836585	2358	-8	9
836600	2354	-8	9
836615	2349	0	9
836630	2349	2	9
836645	2349	-1	9
836660	2349	4	9
836675	2349	12	9
836680	2354	16	9
836695	2362	9	9
836710	2367	11	9
836725	2372	16	9
836740	2380	19	9
836755	2394	16	9
836770	2403	16	9
836785	2412	11	9
836790	2416	5	9
836805	2421	-1	9
836820	2421	-9	9
836835	2416	-9	9
836851	2412	-5	9
836866	2412	1	9
836881	2412	1	9
836886	2412	-8	9
836901	2408	-8	9
836916	2403	-4	9
836931	2398	-3	9
836947	2398	-10	9
836962	2394	-11	9
836977	2385	-7	9
836992	2380	-8	9
836997	2376	-11	9
837012	2372	-10	9
837027	2367	-1	9
837042	2367	5	9
837057	2367	7	9
837072	2367	11	9
837087	2376	17	9
837092	2385	22	9
837107	2398	24	9
837122	2412	21	9
837137	2421	15	9
837152	2430	16	9
837167	2439	21	9
837182	2452	20	9
837187	2462	16	9
837202	2470	14	9
837217	2480	13	9
837232	2488	11	9
837247	2493	2	9
837263	2493	2	9
837278	2493	3	9
837298	2498	4	9
837303	2498	5	9
837318	2502	2	9
837334	2502	-5	9
837349	2502	-10	9
837364	2498	-13	9
837380	2493	-21	9
837395	2480	-24	9
837400	2466	-20	9
837415	2452	-3	9
837430	2452	4	9
837445	2452	1	9
837460	2452	-9	9
837475	2452	-9	9
837491	2444	-8	9
837496	2439	-7	9
837511	2439	-5	9
837526	2434	3	9
837541	2434	7	9
837556	2434	11	9
837572	2444	11	9
837588	2448	7	9
837604	2452	7	9
837609	2457	19	9
837625	2466	23	9
837641	2480	20	9
837657	2493	18	9
837673	2502	26	9
837688	2516	25	9
837703	2529	12	9
837708	2538	8	9
837724	2542	11	9
837739	2547	16	9
837754	2556	18	9
837769	2565	18	9
837784	2578	20	9
837799	2588	15	9
837814	2596	7	9
837819	2601	-3	9
837834	2601	-10	9
837849	2596	-12	9
837864	2592	-14	9
837879	2583	-19	9
837894	2570	-23	9
837909	2560	-23	9
837914	2547	-16	9
837929	2538	-17	9
837944	2529	-23	9
837959	2516	-20	9
837974	2502	-6	9
837989	2498	4	9
838004	2498	2	9
838009	2498	0	9
838024	2498	-4	9
838039	2498	-5	9
838054	2498	2	9
838069	2498	16	9
838084	2502	26	9
838099	2520	31	9
838114	2538	32	9
838119	2556	30	9
838134	2570	20	9
838149	2583	5	9
838164	2583	1	9
838179	2588	0	9
838194	2588	-1	9
838209	2588	-4	9
838214	2588	-1	9
838229	2588	1	9
838244	2588	1	9
838259	2588	3	9
838274	2588	5	9
838289	2588	-2	9
838304	2588	-1	9
838319	2588	1	9
838324	2588	-2	9
838339	2588	-6	9
838354	2588	-6	9
838369	2583	-2	9
838384	2583	0	9
838399	2583	-6	9
838414	2578	-7	9
838419	2574	-5	9
838434	2570	-3	9
838449	2570	-5	9
838464	2565	-1	9
838479	2565	11	9
838494	2570	18	9
838514	2578	19	9
838519	2588	17	9
838534	2601	12	9
838549	2606	3	9
838564	2606	-1	9
838579	2606	-9	9
838594	2606	-10	9
838609	2601	0	9
838624	2601	17	9
838629	2606	23	9
838644	2619	21	9
838659	2632	22	9
838674	2642	21	9
838689	2655	15	9
838704	2664	4	9
838719	2664	-6	9
838724	2664	-8	9
838739	2660	-4	9
838754	2660	-3	9
838769	2660	-5	9
838784	2655	-9	9
838799	2650	-12	9
838814	2642	-13	9
838819	2637	-19	9
838834	2624	-27	9
838849	2610	-22	9
838864	2596	-13	9
838879	2592	-8	9
838894	2588	-13	9
838914	2578	-10	9
838929	2574	-4	9
838934	2570	1	9
838949	2570	3	9
838964	2570	6	9
838980	2574	11	9
838996	2578	18	9
839012	2588	27	9
839027	2606	27	9
839032	2619	23	9
839047	2632	19	9
839062	2642	21	9
839077	2655	11	9
839092	2660	-3	9
839108	2660	-10	9
839123	2655	-2	9
839138	2655	2	9
839143	2655	5	9
839158	2655	3	9
839173	2660	1	9
839188	2660	-4	9
839203	2660	-7	9
839218	2655	-10	9
839233	2650	-11	9
839238	2646	-12	9
839253	2637	-10	9
839268	2632	-16	9
839283	2624	-18	9
839298	2614	-18	9
839313	2601	-12	9
839328	2596	-8	9
839333	2592	-16	9
839348	2583	-21	9
839363	2570	-15	9
839378	2560	-6	9
839393	2560	-3	9
839409	2556	0	9
839425	2556	12	9
839440	2560	20	9
839445	2570	30	9
839460	2588	36	9
839475	2610	34	9
839490	2628	29	9
839505	2642	28	9
839520	2660	29	9
839535	2678	22	9
839540	2686	15	9
839555	2696	17	9
839570	2704	19	9
839585	2718	13	9
839600	2722	10	9
839615	2732	9	9
839630	2736	4	9
839650	2736	-15	9
839655	2732	-33	9
839670	2714	-30	9
839685	2696	-21	9
839700	2686	-13	9
839715	2678	-9	9
839730	2673	-4	9
839745	2668	-4	9
839750	2668	-12	9
839765	2660	-20	9
839780	2650	-25	9
839796	2637	-19	9
839811	2624	-10	9
839826	2619	-2	9
839841	2619	0	9
839846	2619	4	9
839861	2619	6	9
839876	2619	1	9
839891	2619	-2	9
839906	2619	4	9
839921	2624	13	9
839936	2628	21	9
839951	2642	19	9
839956	2650	19	9
839971	2664	24	9
839986	2678	27	10
840001	2691	19	10
840016	2700	7	10
840032	2704	-3	10
840047	2704	-8	10
840052	2704	-13	10
840067	2696	-24	10
840082	2682	-30	10
840097	2664	-29	10
840113	2650	-25	10
840128	2637	-16	10
840143	2628	-14	10
840148	2619	-9	10
840163	2614	0	10
840178	2614	0	10
840193	2614	-3	10
840208	2610	-9	10
840223	2606	-14	10
840238	2601	-16	10
840259	2592	-11	10
840264	2583	-2	10
840279	2583	6	10
840294	2583	9	10
840309	2588	12	10
840324	2592	11	10
840339	2601	6	10
840354	2606	5	10
840359	2606	8	10
840374	2610	6	10
840389	2614	5	10
840404	2619	0	10
840420	2619	2	10
840436	2619	1	10
840453	2619	-6	10
840468	2619	-14	10
840473	2610	-15	10
840488	2601	-11	10
840503	2596	-13	10
840518	2588	-13	10
840533	2583	-11	10
840548	2574	-12	10
840563	2570	-10	10
840568	2565	-6	10
840583	2560	-9	10
840598	2556	-15	10
840613	2547	-11	10
840628	2542	-1	10
840643	2538	5	10
840658	2538	12	10
840663	2547	15	10
840678	2556	20	10
840693	2565	21	10
840708	2578	28	10
840723	2592	32	10
840738	2610	27	10
840753	2628	19	10
840769	2637	15	10
840774	2646	14	10
840789	2655	12	10
840804	2660	9	10
840819	2664	6	10
840834	2668	3	10
840849	2668	-7	10
840864	2668	-18	10
840869	2660	-21	10
840884	2646	-17	10
840899	2637	-10	10
840914	2632	-2	10
840929	2632	3	10
840944	2632	0	10
840959	2632	-3	10
840964	2632	-3	10
840979	2628	-8	10
840994	2624	-13	10
841009	2619	-12	10
841025	2610	-4	10
841040	2610	-6	10
841055	2606	-7	10
841070	2601	1	10
841076	2601	6	10
841091	2601	7	10
841106	2606	8	10
841121	2610	10	10
841136	2614	10	10
841151	2624	7	10
841166	2624	6	10
841171	2628	-2	10
841186	2628	-3	10
841201	2628	0	10
841216	2628	9	10
841231	2632	12	10
841246	2637	5	10
841266	2642	0	10
841281	2642	3	10
841286	2642	7	10
841301	2646	-2	10
841316	2646	-11	10
841331	2642	-7	10
841346	2637	-6	10
841361	2637	-2	10
841376	2632	1	10
841381	2632	7	10
841396	2637	10	10
841411	2642	16	10
841426	2650	19	10
841441	2660	12	10
841456	2668	7	10
841471	2673	6	10
841476	2673	5	10
841491	2678	3	10
841506	2678	-5	10
841521	2678	-2	10
841536	2678	0	10
841551	2678	1	10
841566	2678	0	10
841586	2678	-3	10
841591	2678	-3	10
841606	2678	-4	10
841621	2673	-4	10
841636	2673	1	10
841651	2673	6	10
841666	2673	12	10
841681	2678	22	10
841686	2691	24	10
841701	2704	19	10
841716	2714	13	10
841731	2722	19	10
841746	2732	24	10
841761	2745	20	10
841776	2758	17	10
841792	2768	14	10
841797	2776	9	10
841812	2781	1	10
841827	2781	-14	10
841842	2776	-23	10
841857	2763	-26	10
841872	2750	-25	10
841887	2736	-29	10
841892	2718	-35	10
841908	2700	-32	10
841923	2682	-23	10
841938	2668	-26	10
841953	2655	-33	10
841968	2637	-36	10
841983	2614	-28	10
841988	2601	-25	10
842003	2583	-23	10
842018	2574	-20	10
842033	2560	-7	10
842048	2556	0	10
842063	2556	-1	10
842078	2556	-6	10
842093	2552	-11	10
842098	2547	-6	10
842113	2542	-4	10
842128	2542	8	10
842143	2542	14	10
842158	2552	24	10
842173	2565	34	10
842193	2583	34	10
842198	2601	25	10
842213	2614	13	10
842228	2624	13	10
842243	2628	12	10
842258	2637	19	10
842273	2646	21	10
842288	2660	18	10
842293	2668	13	10
842308	2678	12	10
842323	2682	10	10
842338	2691	-4	10
842353	2691	-19	10
842368	2682	-16	10
842383	2673	-9	10
842398	2664	-8	10
842403	2660	-17	10
842418	2650	-18	10
842433	2642	-17	10
842448	2632	-17	10
842463	2624	-25	10
842478	2610	-29	10
842498	2592	-19	10
842503	2583	-12	10
842518	2574	-9	10
842533	2570	-14	10
842548	2560	-15	10
842563	2552	-6	10
842578	2552	7	10
842593	2552	0	10
842608	2552	-4	10
842613	2552	1	10
842628	2552	14	10
842643	2556	17	10
842658	2565	8	10
842673	2570	10	10
842689	2574	20	10
842704	2588	25	10
842709	2601	18	10
842724	2610	10	10
842739	2619	8	10
842754	2624	19	10
842769	2632	28	10
842784	2646	19	10
842799	2660	-4	10
842804	2660	-15	10
842819	2650	-6	10
842834	2650	-2	10
842849	2646	-5	10
842864	2646	-6	10
842879	2642	3	10
842894	2642	10	10
842914	2646	3	10
842919	2646	-8	10
842934	2646	-14	10
842949	2637	-19	10
842964	2628	-25	10
842979	2614	-24	10
842994	2601	-18	10
843009	2588	-4	10
843014	2588	7	10
843029	2588	9	10
843044	2592	-7	10
843059	2592	-14	10
843074	2583	-1	10
843089	2583	9	10
843104	2583	-4	10
843109	2583	-17	10
843124	2578	-16	10
843140	2570	-13	10
843156	2560	-17	10
843172	2552	-24	10
843188	2538	-24	10
843204	2524	-15	10
843220	2516	-6	10
843225	2511	-8	10
843240	2506	-12	10
843255	2502	-5	10
843270	2498	9	10
843285	2498	21	10
843300	2511	20	10
843315	2524	15	10
843320	2529	19	10
843335	2542	26	10
843350	2556	26	10
843365	2570	18	10
843380	2583	16	10
843395	2592	19	10
843410	2601	18	10
843425	2610	12	10
843430	2619	6	10
843445	2619	7	10
843460	2624	5	10
843475	2628	9	10
843490	2632	2	10
843505	2632	-12	10
843520	2632	-18	10
843525	2619	-12	10
843540	2614	-17	10
843555	2606	-26	10
843570	2592	-24	10
843585	2578	-16	10
843600	2570	-7	10
843615	2565	-15	10
843620	2556	-30	10
843635	2538	-30	10
843650	2520	-22	10
843665	2511	-22	10
843680	2498	-27	10
843695	2480	-29	10
843710	2466	-15	10
843725	2457	2	10
843730	2457	12	10
843745	2462	2	10
843760	2462	-1	10
843775	2462	10	10
843790	2466	17	10
843805	2475	8	10
843825	2480	4	10
843830	2484	8	10
843845	2488	16	10
843860	2498	20	10
843875	2506	17	10
843890	2516	6	10
843905	2520	1	10
843920	2520	1	10
843935	2520	-2	10
843940	2520	-9	10
843955	2520	-12	10
843970	2511	-9	10
843985	2506	-7	10
844000	2502	-12	10
844015	2498	-11	10
844030	2493	-6	10
844035	2488	3	10
844050	2488	2	10
844065	2488	-5	10
844080	2488	-5	10
844095	2484	-6	10
844110	2480	-7	10
844130	2480	-7	10
844135	2475	-8	10
844150	2470	-10	10
844165	2462	-7	10
844180	2462	-1	10
844196	2457	-6	10
844211	2457	-16	10
844226	2448	-13	10
844241	2439	-9	10
844246	2434	-6	10
844261	2430	-6	10
844276	2426	4	10
844291	2426	12	10
844306	2434	14	10
844321	2439	10	10
844336	2448	7	10
844341	2448	9	10
844356	2457	14	10
844371	2462	13	10
844386	2470	3	10
844401	2470	6	10
844416	2475	19	10
844431	2484	29	10
844436	2502	30	10
844451	2520	25	10
844466	2534	23	10
844481	2547	18	10
844496	2556	6	10
844511	2560	-11	10
844526	2556	-16	10
844542	2547	-15	10
844548	2538	-14	10
844563	2534	-9	10
844578	2529	1	10
844593	2529	8	10
844608	2529	11	10
844623	2534	8	10
844638	2538	0	10
844643	2538	-17	10
844658	2534	-19	10
844674	2524	-19	10
844689	2511	-21	10
844704	2502	-22	10
844719	2488	-19	10
844734	2475	-14	10
844749	2470	-14	10
844754	2462	-12	10
844769	2452	0	10
844784	2452	6	10
844799	2452	4	10
844814	2457	0	10
844830	2457	1	10
844845	2457	2	10
844850	2457	-2	10
844865	2457	-6	10
844880	2457	-5	10
844896	2452	-8	10
844911	2448	-6	10
844926	2448	6	10
844941	2448	13	10
844946	2452	10	10
844961	2457	10	10
844976	2466	18	10
844992	2475	16	10
845007	2484	7	10
845022	2488	4	10
845037	2488	2	10
845057	2493	-1	10
845062	2493	0	10
845077	2493	5	10
845092	2493	8	10
845108	2498	10	10
845123	2502	16	10
845138	2511	15	10
845153	2520	8	10
845158	2524	3	10
845173	2529	0	10
845188	2529	3	10
845203	2529	3	10
845218	2529	-1	10
845233	2529	7	10
845248	2534	20	10
845253	2547	18	10
845268	2556	9	10
845283	2560	3	10
845298	2560	3	10
845313	2565	0	10
845328	2565	-5	10
845343	2565	-12	10
845358	2556	-21	10
845363	2547	-22	10
845378	2534	-27	10
845393	2520	-35	10
845408	2498	-41	10
845424	2475	-30	10
845439	2457	-20	10
845454	2448	-20	10
845459	2434	-23	10
845475	2426	-17	10
845490	2412	-5	10
845505	2412	-1	10
845520	2412	-9	10
845535	2408	-13	10
845550	2398	-16	10
845570	2390	-13	10
845575	2380	-9	10
845590	2376	1	10
845605	2376	8	10
845620	2376	16	10
845635	2385	25	10
845651	2403	32	10
845666	2421	30	10
845671	2434	33	10
845686	2452	38	10
845701	2475	36	10
845716	2498	25	10
845731	2511	19	10
845747	2520	18	10
845762	2529	11	10
845767	2538	4	10
845782	2538	8	10
845797	2542	7	10
845812	2547	14	10
845827	2556	19	10
845842	2565	19	10
845857	2578	10	10
845872	2583	8	10
845877	2588	16	10
845892	2596	13	10
845908	2606	2	10
845923	2606	-5	10
845938	2606	2	10
845953	2606	17	10
845968	2614	26	10
845973	2628	32	10
845988	2646	46	10
846003	2673	60	10
846018	2704	55	10
846033	2736	41	10
846048	2758	29	10
846063	2776	17	10
846078	2786	4	10
846083	2786	-11	10
846098	2786	-27	10
846113	2768	-42	10
846128	2745	-38	10
846143	2722	-34	10
846158	2704	-36	10
846173	2686	-40	10
846178	2664	-34	10
846193	2642	-25	10
846208	2628	-22	10
846223	2619	-24	10
846238	2606	-26	10
846254	2588	-19	10
846269	2578	-12	10
846274	2570	-12	10
846289	2565	-9	10
846304	2560	-7	10
846319	2556	-1	10
846334	2556	4	10
846349	2556	5	10
846369	2556	1	10
846384	2556	1	10
846389	2556	11	10
846404	2565	18	10
846419	2574	11	10
846434	2578	10	10
846449	2588	20	10
846464	2596	26	10
846479	2610	18	10
846484	2624	10	10
846499	2628	3	10
846514	2628	6	10
846529	2632	14	10
846544	2642	19	10
846559	2650	15	10
846574	2660	14	10
846579	2668	13	10
846594	2673	4	10
846609	2678	-4	10
846624	2678	-12	10
846639	2673	-13	10
846654	2664	-18	10
846669	2655	-27	10
846685	2637	-29	10
846690	2624	-24	10
846705	2610	-13	10
846720	2601	-9	10
846735	2596	-11	10
846750	2592	-11	10
846765	2583	-16	10
846785	2574	-17	10
846790	2565	-13	10
846805	2560	-13	10
846820	2552	-18	10
846835	2542	-8	10
846850	2538	2	10
846865	2538	0	10
846880	2538	0	10
846895	2538	11	10
846900	2538	25	10
846915	2556	28	10
846930	2570	29	10
846945	2588	32	10
846960	2606	28	10
846975	2619	24	10
846990	2632	21	10
846995	2646	19	10
847010	2655	17	10
847025	2664	21	10
847040	2678	22	10
847055	2691	23	10
847070	2704	19	10
847090	2714	15	10
847095	2722	15	10
847110	2732	0	10
847125	2732	-12	10
847140	2727	-22	10
847155	2714	-23	10
847170	2700	-32	10
847185	2682	-39	10
847200	2664	-35	10
847205	2642	-27	10
847220	2628	-16	10
847235	2619	-8	10
847250	2614	-6	10
847265	2610	-11	10
847280	2606	-11	10
847295	2596	-1	10
847300	2596	0	10
847316	2596	-3	10
847332	2596	-3	10
847348	2592	5	10
847364	2592	1	10
847380	2592	0	10
847396	2592	9	10
847411	2596	19	10
847416	2610	14	10
847431	2619	10	10
847446	2624	19	10
847461	2632	25	10
847476	2646	20	10
847491	2660	5	10
847506	2660	-3	10
847511	2660	-1	10
847526	2660	4	10
847541	2660	6	10
847556	2664	8	10
847571	2668	4	10
847586	2673	4	10
847601	2673	9	10
847606	2678	8	10
847621	2682	-6	10
847636	2682	-13	10
847651	2678	-15	10
847666	2668	-17	10
847681	2660	-14	10
847696	2650	-6	10
847711	2646	-2	10
847716	2646	2	10
847731	2646	14	10
847746	2650	22	10
847761	2664	13	10
847776	2673	7	10
847791	2673	6	10
847806	2678	8	10
847811	2682	8	10
847826	2686	6	10
847841	2691	12	10
847856	2696	17	10
847871	2709	14	10
847886	2714	10	10
847901	2722	8	10
847906	2727	5	10
847921	2727	-3	10
847936	2727	-6	10
847951	2727	-12	10
847966	2718	-25	10
847981	2704	-35	10
848002	2686	-33	10
848017	2668	-37	10
848023	2646	-43	10
848038	2624	-37	10
848053	2601	-24	10
848069	2588	-15	10
848084	2578	-10	10
848099	2574	-1	10
848114	2574	-2	10
848119	2574	-7	10
848135	2570	-5	10
848150	2565	0	10
848165	2565	-1	10
848180	2565	-5	10
848195	2560	-1	10
848210	2560	5	10
848225	2560	11	10
848230	2565	13	10
848245	2574	17	10
848260	2583	17	10
848275	2592	16	10
848290	2601	12	10
848305	2610	11	10
848320	2614	15	10
848325	2624	13	10
848340	2632	15	10
848355	2642	13	10
848370	2646	8	10
848385	2650	1	10
848400	2650	-1	10
848415	2650	-4	10
848420	2650	-7	10
848435	2650	-5	10
848450	2646	-4	10
848465	2646	-11	10
848481	2637	-15	10
848496	2628	-9	10
848511	2624	-12	10
848526	2619	-18	10
848531	2606	-18	10
848547	2596	-24	10
848562	2583	-30	10
848577	2565	-34	10
848592	2547	-32	10
848607	2529	-16	10
848622	2520	-5	10
848627	2520	-2	10
848642	2516	-4	10
848657	2516	-8	10
848672	2511	-8	10
848687	2506	-5	10
848702	2502	4	10
848717	2502	3	10
848722	2502	10	10
848737	2506	16	10
848752	2516	19	10
848767	2529	15	10
848782	2538	12	10
848798	2542	20	10
848813	2556	21	10
848833	2565	21	10
848838	2578	25	10
848853	2592	26	10
848868	2606	20	10
848883	2619	15	10
848898	2628	12	10
848913	2632	6	10
848928	2637	-2	10
848933	2637	0	10
848948	2637	5	10
848963	2637	6	10
848978	2642	5	10
848993	2646	-4	10
849008	2646	-10	10
849023	2642	-4	10
849038	2637	0	10
849043	2637	-1	10
849058	2637	-12	10
849074	2632	-19	10
849089	2619	-20	10
849104	2610	-12	10
849119	2601	-17	10
849134	2592	-22	10
849139	2578	-20	10
849154	2570	-16	10
849169	2560	-22	10
849185	2547	-18	10
849200	2538	-14	10
849216	2529	-19	10
849231	2520	-30	10
849236	2502	-29	10
849251	2484	-17	10
849266	2475	-17	10
849281	2466	-15	10
849297	2457	-4	10
849312	2457	6	10
849327	2457	13	10
849342	2462	7	10
849347	2466	6	10
849362	2470	14	10
849377	2480	18	10
849392	2488	16	10
849407	2498	9	10
849422	2502	5	10
849437	2506	9	10
849442	2511	10	10
849457	2516	6	10
849472	2520	2	10
849487	2520	1	10
849503	2520	4	10
849518	2524	-7	10
849533	2524	-21	10
849553	2511	-22	10
849558	2498	-18	10
849573	2488	-17	10
849588	2480	-18	10
849603	2470	-20	10
849618	2457	-17	10
849633	2448	-16	10
849648	2439	-7	10
849653	2434	-7	10
849668	2430	-10	10
849684	2426	-8	10
849699	2421	-14	10
849714	2412	-12	10
849729	2408	-3	10
849744	2403	8	10
849749	2408	6	10
849764	2408	-3	10
849779	2408	-8	10
849794	2408	-4	10
849809	2403	-4	10
849824	2403	-8	10
849839	2398	-11	10
849854	2390	-5	10
849859	2390	-1	10
849874	2390	-7	10
849889	2385	-11	10
849904	2376	-8	10
849919	2372	-5	10
849935	2372	-2	10
849950	2372	1	10
849955	2372	2	10
849970	2372	-3	10
849985	2372	-2	10
850000	2367	-6	10
850015	2367	-11	10
850030	2358	-10	10
850051	2354	-8	10
850056	2349	-2	10
850071	2349	-4	10
850086	2344	-6	10
850101	2340	-3	10
850116	2340	-2	10
850132	2340	4	10
850148	2340	2	10
850164	2340	-6	10
850169	2340	-11	10
850185	2331	-11	10
850201	2326	-6	10
850217	2322	-6	10
850233	2322	-12	10
850249	2313	-14	10
850264	2304	-12	10
850269	2300	-14	10
850284	2290	-17	10
850299	2282	-20	10
850314	2268	-11	10
850329	2264	-8	10
850344	2259	-7	10
850359	2254	-7	10
850374	2250	-6	10
850379	2250	-9	10
850394	2241	-9	10
850410	2236	-7	10
850426	2232	-9	10
850441	2228	-10	10
850456	2223	-4	10
850471	2223	-2	10
850476	2218	-6	10
850491	2218	-4	10
850506	2214	1	10
850521	2214	0	10
850536	2214	-5	10
850551	2214	-4	10
850566	2210	-2	10
850571	2210	1	10
850586	2210	-3	10
850601	2210	-5	10
850616	2205	1	10
850631	2205	2	10
850646	2205	-1	10
850661	2205	-9	10
850676	2200	-7	10
850681	2196	-9	10
850696	2192	-3	10
850711	2192	1	10
850726	2192	-5	10
850741	2187	-1	10
850756	2187	16	10
850771	2192	23	10
850776	2205	18	10
850791	2214	13	10
850806	2223	13	10
850821	2232	9	10
850836	2236	2	10
850852	2236	1	10
850867	2236	5	10
850872	2241	15	10
850887	2250	20	10
850902	2259	20	10
850917	2272	14	10
850932	2277	11	10
850947	2286	12	10
850962	2290	7	10
850977	2295	-6	10
850982	2295	-10	10
850997	2290	-11	10
851013	2286	-8	10
851028	2282	-11	10
851043	2272	-9	10
851058	2268	0	10
851073	2268	15	10
851078	2272	13	10
851093	2282	13	10
851108	2286	17	10
851123	2295	16	10
851138	2304	21	10
851153	2318	29	10
851168	2336	38	10
851184	2354	37	10
851189	2376	39	10
851204	2398	39	10
851219	2421	28	10
851234	2434	16	10
851249	2444	11	10
851264	2452	4	10
851279	2452	-4	10
851284	2452	-16	10
851299	2448	-31	10
851314	2430	-39	10
851329	2408	-38	10
851344	2385	-29	10
851359	2367	-19	10
851374	2358	-11	10
851379	2354	-6	10
851395	2349	-13	10
851410	2340	-19	10
851425	2331	-25	10
851440	2318	-24	10
851455	2304	-19	10
851470	2290	-21	10
851486	2282	-28	10
851492	2264	-21	10
851507	2254	-9	10
851522	2250	-4	10
851537	2246	-3	10
851552	2246	2	10
851567	2246	6	10
851582	2246	1	10
851587	2246	1	10
851602	2246	0	10
851617	2246	-3	10
851633	2246	-4	10
851648	2246	-5	10
851663	2241	-12	10
851678	2236	-11	10
851694	2232	0	10
851699	2232	10	10
851714	2232	14	10
851729	2241	10	10
851744	2246	13	10
851759	2254	22	10
851774	2264	28	10
851789	2282	19	10
851794	2290	13	10
851809	2300	7	10
851825	2304	-6	10
851840	2304	-17	10
851855	2295	-16	10
851870	2286	-8	10
851885	2282	-1	10
851890	2282	8	10
851905	2282	10	10
851920	2286	7	10
851935	2290	2	10
851950	2290	2	10
851965	2290	-7	10
851985	2290	-13	10
852000	2286	-8	10
852005	2282	-1	10
852020	2282	-3	10
852035	2277	-2	10
852050	2277	0	10
852065	2277	2	10
852080	2277	4	10
852095	2277	4	10
852100	2277	6	10
852115	2282	7	10
852130	2286	11	10
852146	2290	13	10
852161	2300	17	10
852176	2308	15	10
852191	2318	12	10
852196	2322	16	10
852211	2331	19	10
852226	2344	15	10
852241	2354	6	10
852256	2354	6	10
852271	2358	-1	10
852286	2358	-12	10
852301	2354	-11	10
852306	2349	-4	10
852321	2349	1	10
852336	2349	4	10
852351	2349	8	10
852366	2349	6	10
852381	2354	0	10
852401	2354	-5	10
852406	2354	-10	10
852421	2349	-14	10
852436	2340	-14	10
852451	2336	-4	10
852466	2331	5	10
852481	2331	11	10
852496	2336	12	10
852512	2344	18	10
852517	2354	25	10
852532	2367	23	10
852547	2380	14	10
852562	2390	10	10
852577	2394	-1	10
852592	2394	-10	10
852607	2390	-13	10
852612	2385	-5	10
852627	2380	0	10
852642	2380	4	10
852657	2380	8	10
852672	2385	-4	10
852687	2385	-17	10
852702	2376	-14	10
852708	2367	-10	10
852724	2362	-13	10
852740	2354	-10	10
852755	2349	-1	10
852770	2349	4	10
852785	2349	-2	10
852800	2349	-2	10
852815	2349	-4	10
852820	2349	-7	10
852835	2344	-9	10
852850	2340	-8	10
852865	2336	-1	10
852880	2331	6	10
852895	2331	10	10
852910	2340	7	10
852915	2340	9	10
852931	2349	9	10
852947	2354	8	10
852963	2358	8	10
852978	2362	4	10
852994	2362	-4	10
853009	2362	-4	10
853014	2362	7	10
853029	2362	10	10
853044	2367	18	10
853059	2380	27	10
853074	2394	20	10
853089	2403	15	10
853104	2412	13	10
853119	2421	7	10
853124	2426	0	10
853139	2426	-8	10
853154	2426	-9	10
853169	2421	-13	10
853184	2412	-17	10
853199	2403	-17	10
853214	2394	-15	10
853220	2385	-10	10
853236	2380	-9	10
853251	2372	-8	10
853266	2367	-5	10
853281	2367	-5	10
853296	2362	-9	10
853311	2358	-12	10
853326	2354	-12	10
853331	2344	-12	10
853347	2340	-12	10
853362	2331	-1	10
853377	2331	5	10
853392	2331	3	10
853407	2331	5	10
853422	2336	17	10
853427	2344	24	10
853442	2358	22	10
853457	2372	18	10
853472	2380	12	10
853487	2385	11	10
853502	2394	13	10
853517	2398	10	10
853522	2408	3	10
853537	2408	0	10
853552	2408	1	10
853567	2408	-2	10
853582	2408	2	10
853597	2408	4	10
853618	2412	8	10
853633	2416	10	10
853638	2421	8	10
853653	2426	0	10
853668	2426	1	10
853683	2426	4	10
853698	2426	2	10
853713	2430	1	10
853728	2430	-1	10
853733	2430	-1	10
853748	2430	0	10
853763	2430	2	10
853778	2430	0	10
853793	2430	-8	10
853808	2430	-8	10
853823	2426	-6	10
853838	2421	-10	10
853843	2416	-9	10
853858	2412	-6	10
853873	2408	-7	10
853888	2403	-8	10
853903	2398	-4	10
853919	2394	-1	10
853934	2394	0	10
853939	2394	7	10
853954	2394	13	10
853969	2403	11	10
853984	2408	5	10
853999	2412	7	10
854014	2416	10	10
854029	2421	10	10
854034	2426	4	10
854049	2430	-8	10
854064	2430	-7	10
854079	2426	-5	10
854094	2421	-9	10
854109	2416	-10	10
854129	2412	-10	10
854144	2408	-7	10
854149	2403	-6	10
854164	2398	0	10
854179	2398	1	10
854194	2398	2	10
854209	2398	4	10
854224	2398	-1	10
854239	2398	-10	10
854244	2394	-6	10
854259	2394	4	10
854275	2394	6	10
854291	2394	0	10
854306	2394	2	10
854321	2394	2	10
854336	2398	0	10
854341	2398	-5	10
854356	2398	-6	10
854371	2394	-4	10
854386	2394	6	10
854401	2394	11	10
854416	2398	10	10
854431	2403	6	10
854446	2408	6	10
854451	2412	7	10
854466	2412	9	10
854482	2421	9	10
854497	2426	7	10
854513	2430	6	10
854528	2430	9	10
854543	2434	4	10
854548	2439	0	10
854563	2439	2	10
854578	2439	9	10
854593	2444	17	10
854608	2452	23	10
854623	2466	21	10
854638	2480	11	10
854653	2484	5	10
854658	2488	-3	10
854673	2488	-12	10
854688	2484	-11	10
854703	2480	-10	10
854718	2470	-8	10
854733	2466	-13	10
854753	2462	-18	10
854758	2448	-23	10
854773	2439	-27	10
854788	2421	-26	10
854803	2408	-21	10
854818	2394	-17	10
854833	2385	-10	10
854848	2380	-4	10
854853	2376	-5	10
854868	2376	-7	10
854883	2372	-8	10
854898	2367	-3	10
854913	2367	5	10
854928	2367	9	10
854943	2367	10	10
854958	2376	9	10
854963	2380	11	10
854979	2385	10	10
854994	2390	7	10
855009	2394	14	10
855025	2403	18	10
855040	2412	14	10
855055	2421	9	10
855060	2426	3	10
855075	2430	1	10
855090	2430	-3	10
855105	2430	-2	10
855120	2430	-8	10
855135	2426	-2	10
855150	2426	8	10
855165	2426	15	10
855170	2434	12	10
855185	2439	6	10
855201	2444	1	10
855216	2444	-4	10
855231	2444	-6	10
855246	2444	-14	10
855261	2434	-19	10
855266	2426	-15	10
855281	2416	-11	10
855297	2408	-8	10
855312	2403	-3	10
855327	2403	3	10
855342	2403	1	10
855357	2403	-4	10
855363	2403	-11	10
855379	2398	-11	10
855394	2390	-6	10
855409	2385	9	10
855424	2390	16	10
855439	2398	15	10
855454	2408	21	10
855469	2416	25	10
855474	2430	21	10
855489	2444	20	10
855504	2452	19	10
855519	2466	15	10
855534	2475	11	10
855549	2480	6	10
855569	2484	-6	10
855574	2484	-12	10
855589	2475	-9	10
855604	2470	-3	10
855619	2470	-1	10
855634	2470	7	10
855649	2470	13	10
855664	2475	12	10
855669	2484	8	10
855684	2488	1	10
855699	2488	-7	10
855715	2488	-11	10
855731	2484	-13	10
855747	2475	-18	10
855763	2466	-19	10
855779	2452	-18	10
855784	2444	-13	10
855800	2439	-10	10
855817	2430	-8	10
855832	2426	-10	10
855847	2421	-8	10
855862	2416	-1	10
855877	2416	-4	10
855882	2412	-8	10
855897	2408	-8	10
855912	2403	-4	10
855927	2403	-1	10
855943	2403	-3	10
855958	2398	-3	10
855973	2398	-5	10
855988	2394	-4	10
855994	2394	-4	10
856009	2390	-9	10
856024	2385	-11	10
856039	2380	-8	10
856054	2376	-3	10
856069	2376	1	10
856084	2376	10	10
856089	2376	14	10
856104	2385	22	10
856119	2398	18	10
856134	2408	13	10
856149	2412	9	10
856164	2421	19	10
856179	2430	32	10
856184	2448	35	10
856199	2466	34	10
856214	2488	30	10
856229	2502	22	10
856244	2516	19	10
856259	2524	14	10
856274	2534	10	10
856289	2538	-1	10
856294	2538	-2	10
856309	2538	-5	10
856324	2538	-11	10
856339	2534	-10	10
856354	2529	1	10
856369	2529	11	10
856384	2529	15	10
856389	2538	12	10
856404	2547	5	10
856419	2547	2	10
856434	2552	-4	10
856449	2552	-11	10
856464	2547	-20	10
856480	2534	-19	10
856485	2524	-6	10
856500	2520	0	10
856515	2520	4	10
856530	2520	5	10
856545	2520	6	10
856560	2524	9	10
856575	2529	-3	10
856590	2529	-13	10
856595	2524	-17	10
856610	2516	-16	10
856625	2506	-20	10
856640	2493	-24	10
856655	2480	-19	10
856670	2470	-10	10
856685	2466	-4	10
856690	2462	2	10
856705	2462	3	10
856720	2462	4	10
856735	2462	15	10
856750	2470	24	10
856765	2484	17	10
856785	2493	4	10
856800	2498	1	10
856805	2498	5	10
856820	2502	6	10
856835	2502	1	10
856850	2506	-2	10
856865	2506	4	10
856880	2506	3	10
856895	2506	-4	10
856900	2506	-3	10
856915	2506	1	10
856930	2506	-3	10
856945	2506	-6	10
856960	2502	2	10
856975	2502	10	10
856990	2506	13	10
856995	2511	15	10
857010	2520	16	10
857025	2529	7	10
857040	2534	7	10
857055	2538	13	10
857070	2547	5	10
857085	2547	-7	10
857101	2547	-10	10
857106	2542	-4	10
857121	2542	-6	10
857136	2538	-3	10
857151	2534	-1	10
857166	2534	-4	10
857181	2534	-8	10
857196	2529	-8	10
857201	2524	-5	10
857216	2520	-5	10
857231	2520	0	10
857246	2520	4	10
857261	2520	4	10
857276	2520	-4	10
857296	2520	-7	10
857313	2516	2	10
857318	2516	4	10
857333	2516	-1	10
857348	2516	-4	10
857364	2516	8	10
857379	2516	11	10
857395	2524	7	10
857410	2529	5	10
857415	2529	7	10
857430	2534	-4	10
857445	2534	-7	10
857460	2534	-7	10
857475	2529	-8	10
857490	2524	-8	10
857505	2520	-3	10
857510	2516	-1	10
857525	2516	-4	10
857540	2516	-4	10
857555	2511	3	10
857570	2511	7	10
857585	2516	7	10
857600	2520	3	10
857615	2520	0	10
857620	2520	2	10
857635	2520	0	10
857650	2520	2	10
857665	2520	7	10
857680	2524	3	10
857696	2529	2	10
857711	2529	5	10
857716	2534	11	10
857731	2538	5	10
857746	2542	2	10
857761	2542	8	10
857776	2547	5	10
857791	2547	-3	10
857806	2547	-4	10
857811	2547	0	10
857826	2547	-2	10
857841	2547	-4	10
857856	2547	-2	10
857871	2542	2	10
857886	2542	2	10
857901	2542	0	10
857921	2542	-10	10
857926	2542	-20	10
857941	2529	-26	10
857956	2516	-30	10
857971	2498	-36	10
857986	2480	-43	10
858001	2452	-35	10
858016	2434	-23	10
858021	2421	-15	10
858036	2412	-17	10
858051	2403	-18	10
858066	2394	-11	10
858081	2385	-4	10
858096	2385	-8	10
858111	2380	-5	10
858126	2376	4	10
858131	2376	10	10
858146	2380	8	10
858161	2385	6	10
858176	2390	1	10
858191	2390	-2	10
858206	2390	5	10
858221	2390	4	10
858226	2394	2	10
858241	2394	3	10
858256	2398	14	10
858271	2403	19	10
858286	2416	14	10
858301	2421	12	10
858321	2430	15	10
858326	2439	12	10
858341	2444	-1	10
858356	2444	-12	10
858371	2444	-16	10
858386	2434	-17	10
858401	2421	-15	10
858417	2416	-14	10
858432	2408	-11	10
858437	2398	-7	10
858452	2398	-4	10
858467	2394	3	10
858483	2394	5	10
858499	2394	2	10
858515	2394	2	10
858531	2398	2	10
858536	2398	-10	10
858552	2398	-20	10
858568	2385	-22	10
858584	2372	-19	10
858600	2362	-19	10
858615	2354	-15	10
858630	2344	-6	10
858635	2340	-6	10
858650	2336	-5	10
858665	2336	0	10
858680	2336	1	10
858695	2336	-3	10
858710	2331	-6	10
858725	2331	-6	10
858740	2326	-8	10
858745	2322	-12	10
858760	2313	-13	10
858775	2308	-7	10
858790	2304	-3	10
858805	2300	0	10
858820	2300	9	10
858835	2304	17	10
858840	2313	14	10
858855	2322	9	10
858870	2326	5	10
858885	2326	-2	10
858900	2326	-7	10
858915	2326	-4	10
858930	2326	-1	10
858945	2322	-3	10
858950	2322	-1	10
858965	2322	6	10
858980	2322	14	10
858995	2331	11	10
859010	2336	3	10
859025	2336	0	10
859040	2336	1	10
859045	2336	-4	10
859060	2336	-4	10
859075	2336	-7	10
859090	2331	-11	10
859105	2326	-14	10
859120	2318	-14	10
859135	2313	-13	10
859140	2304	-6	10
859155	2300	-1	10
859170	2300	5	10
859185	2300	4	10
859200	2300	-3	10
859215	2300	-5	10
859230	2300	-6	10
859245	2295	-13	10
859250	2290	-25	10
859265	2277	-19	10
859280	2264	-12	10
859295	2259	-10	10
859310	2254	-6	10
859325	2250	1	10
859345	2250	6	10
859350	2250	9	10
859365	2254	6	10
859380	2259	0	10
859395	2259	-2	10
859410	2259	3	10
859425	2259	8	10
859440	2264	8	10
859455	2268	8	10
859460	2272	9	10
859475	2277	11	10
859490	2282	6	10
859505	2286	-5	10
859520	2286	-7	10
859535	2282	-3	10
859550	2282	-1	10
859555	2282	0	10
859570	2282	2	10
859585	2282	5	10
859600	2282	-1	10
859615	2282	-8	10
859630	2282	-13	10
859646	2272	-19	10
859651	2264	-20	10
859666	2250	-16	10
859681	2241	-15	10
859697	2232	-17	10
859712	2223	-14	10
859727	2214	-13	10
859742	2210	-15	10
859757	2200	-22	10
859762	2187	-17	10
859777	2178	-11	10
859792	2174	-11	10
859807	2164	-13	10
859822	2160	-5	10
859837	2156	3	10
859853	2156	6	10
859858	2156	11	10
859873	2164	18	10
859888	2174	20	10
859903	2182	19	10
859918	2196	12	10
859934	2200	11	10
859949	2210	11	10
859954	2214	14	10
859969	2223	24	10
859984	2236	28	10
859999	2250	28	10
860014	2268	26	10
860029	2282	27	10
860044	2295	22	10
860064	2308	21	10
860069	2322	26	10
860084	2336	30	10
860099	2354	32	10
860114	2372	43	10
860129	2394	55	10
860144	2426	59	10
860159	2457	59	10
860164	2493	57	10
860179	2524	56	10
860194	2556	52	10
860209	2583	47	10
860224	2610	43	10
860239	2637	38	10
860254	2655	26	10
860269	2673	13	10
860275	2678	5	10
860291	2682	2	10
860306	2682	3	10
860321	2686	-1	10
860336	2686	-13	10
860351	2682	-21	10
860366	2668	-29	10
860371	2650	-37	10
860386	2632	-40	10
860401	2610	-44	10
860416	2583	-36	10
860431	2565	-26	10
860446	2552	-26	10
860461	2534	-26	10
860466	2520	-24	10
860481	2506	-23	10
860496	2493	-23	10
860511	2480	-18	10
860526	2470	-15	10
860542	2462	-13	10
860557	2457	-6	10
860577	2452	5	10
860582	2452	12	10
860597	2457	19	10
860612	2466	24	10
860627	2480	25	10
860642	2498	18	10
860657	2506	26	10
860672	2520	38	10
860677	2542	37	10
860692	2560	28	10
860707	2578	19	10
860722	2588	14	10
860737	2596	7	10
860752	2601	-4	10
860768	2601	-18	10
860773	2592	-24	10
860788	2578	-25	10
860803	2565	-30	10
860819	2547	-31	10
860834	2529	-31	10
860849	2511	-29	10
860864	2498	-27	10
860879	2480	-27	10
860884	2466	-29	10
860899	2448	-30	10
860914	2434	-24	10
860929	2421	-20	10
860944	2408	-20	10
860959	2398	-13	10
860974	2390	-7	10
860979	2385	-9	10
860994	2380	-8	10
861009	2376	-2	10
861024	2376	2	10
861039	2376	-3	10
861054	2376	-5	10
861069	2372	-1	10
861089	2372	8	10
861094	2372	13	10
861109	2380	16	10
861124	2390	23	10
861139	2403	25	10
861154	2416	17	10
861169	2426	1	10
861184	2426	-12	10
861189	2421	-13	10
861204	2416	-6	10
861219	2412	0	10
861235	2412	2	10
861251	2412	4	10
861267	2412	4	10
861283	2412	-1	10
861288	2412	-13	10
861304	2408	-18	10
861320	2398	-15	10
861336	2390	-14	10
861352	2385	-16	10
861368	2376	-6	10
861384	2372	11	10
861399	2372	16	10
861404	2380	7	10
861419	2385	2	10
861434	2385	2	10
861449	2390	6	10
861464	2390	5	10
861479	2394	0	10
861495	2394	1	10
861500	2394	3	10
861515	2398	-2	10
861530	2398	-4	10
861545	2398	-4	10
861560	2394	-1	10
861575	2394	-2	10
861590	2394	-3	10
861605	2390	-3	10
861610	2390	-3	10
861625	2390	4	10
861640	2390	-1	10
861655	2390	-11	10
861670	2385	-18	10
861686	2372	-13	10
861701	2367	-9	10
861706	2362	-5	10
861721	2358	3	10
861737	2358	5	10
861752	2358	7	10
861767	2362	4	10
861783	2367	-1	10
861798	2367	-4	10
861803	2367	-5	10
861818	2362	-1	10
861833	2362	3	10
861848	2362	9	10
861863	2367	11	10
861878	2372	18	10
861893	2380	19	10
861908	2394	15	10
861913	2403	17	10
861928	2412	18	10
861943	2421	15	10
861958	2430	3	10
861973	2430	-4	10
861988	2430	-5	10
862003	2430	-2	10
862008	2430	-6	10
862023	2426	-1	10
862038	2426	5	10
862053	2426	3	10
862069	2426	5	10
862084	2430	7	10
862099	2430	-3	10
862104	2430	-14	10
862119	2426	-18	10
862134	2416	-14	10
862149	2408	-18	10
862164	2398	-14	10
862179	2390	-5	10
862194	2390	0	10
862209	2390	5	10
862214	2390	5	10
862229	2390	7	10
862244	2394	5	10
862259	2394	7	10
862274	2398	7	10
862289	2403	-1	10
862304	2403	-12	10
862309	2398	-13	10
862324	2394	-10	10
862339	2390	-8	10
862354	2385	-12	10
862369	2376	-7	10
862384	2372	6	10
862399	2372	9	10
862414	2376	6	10
862419	2380	8	10
862435	2385	11	10
862450	2390	6	10
862465	2394	4	10
862480	2398	4	10
862496	2398	0	10
862511	2398	2	10
862516	2398	3	10
862531	2403	3	10
862546	2403	4	10
862561	2408	5	10
862576	2408	3	10
862591	2412	-2	10
862606	2412	-8	10
862611	2408	-3	10
862627	2408	-1	10
862642	2408	4	10
862657	2408	3	10
862673	2408	1	10
862688	2408	3	10
862703	2408	0	10
862718	2408	1	10
862723	2408	7	10
862738	2412	5	10
862753	2416	-3	10
862768	2416	-4	10
862783	2416	1	10
862798	2416	-4	10
862813	2412	-11	10
862818	2408	-17	10
862833	2398	-20	10
862848	2385	-21	10
862863	2376	-16	10
862880	2367	-9	10
862895	2362	-7	10
862910	2358	-2	10
862915	2358	1	10
862930	2358	0	10
862946	2358	-5	10
862961	2354	-1	10
862976	2354	0	10
862991	2354	-2	10
863006	2354	-5	10
863021	2349	-1	10
863026	2349	4	10
863041	2349	5	10
863056	2349	3	10
863071	2354	7	10
863086	2354	13	10
863101	2362	14	10
863116	2372	13	10
863121	2376	18	10
863136	2390	20	10
863151	2398	23	10
863166	2412	29	10
863181	2430	27	10
863196	2444	19	10
863216	2452	18	10
863231	2466	26	10
863237	2480	22	10
863252	2493	16	10
863267	2502	21	10
863282	2511	23	10
863297	2524	16	10
863312	2534	0	10
863327	2534	-11	10
863332	2534	-9	10
863347	2529	-7	10
863362	2524	-8	10
863377	2520	-7	10
863392	2516	-6	10
863407	2511	-10	10
863422	2506	-11	10
863427	2498	-14	10
863442	2493	-20	10
863457	2480	-20	10
863472	2470	-11	10
863487	2462	-5	10
863502	2462	-5	10
863517	2457	-4	10
863537	2457	-6	10
863542	2452	-10	10
863557	2448	-17	10
863572	2434	-14	10
863587	2430	-4	10
863602	2426	-1	10
863617	2426	5	10
863632	2426	16	10
863637	2434	24	10
863652	2448	22	10
863667	2462	20	10
863682	2470	22	10
863697	2484	18	10
863712	2493	13	10
863727	2502	11	10
863742	2506	10	10
863747	2511	3	10
863762	2516	5	10
863777	2516	5	10
863792	2520	1	10
863807	2520	-6	10
863822	2520	-5	10
863837	2520	-7	10
863842	2516	-13	10
863857	2506	-10	10
863872	2502	-3	10
863887	2498	1	10
863902	2498	-2	10
863917	2498	-3	10
863937	2498	-1	10
863942	2498	-10	10
863957	2493	-17	10
863973	2480	-12	10
863988	2475	-1	10
864003	2475	-1	10
864018	2475	-7	10
864033	2470	-5	10
864048	2466	-1	10
864053	2466	-2	10
864068	2466	-5	10
864083	2462	-7	10
864098	2457	-12	10
864113	2452	-14	10
864128	2444	-10	10
864143	2439	-7	10
864148	2434	-5	10
864163	2430	-3	10
864178	2430	8	10
864193	2430	5	10
864208	2434	3	10
864223	2434	5	10
864238	2439	12	10
864243	2444	13	10
864258	2452	6	10
864273	2457	2	10
864288	2457	3	10
864304	2457	4	10
864319	2462	5	10
864334	2462	6	10
864349	2466	7	10
864354	2470	7	10
864369	2475	9	10
864384	2480	10	10
864399	2484	6	10
864414	2488	2	10
864429	2488	5	10
864444	2493	5	10
864449	2493	6	10
864464	2498	9	10
864479	2502	4	10
864494	2506	-7	10
864509	2506	-11	10
864525	2498	-6	10
864540	2498	-3	10
864560	2493	-1	10
864565	2493	-3	10
864580	2493	-2	10
864595	2493	-4	10
864610	2488	-8	10
864625	2484	-12	10
864640	2480	-15	10
864655	2470	-20	10
864660	2457	-26	10
864675	2444	-27	10
864690	2430	-19	10
864705	2416	-17	10
864720	2408	-15	10
864735	2398	-7	10
864750	2394	-3	10
864755	2394	-1	10
864771	2394	-1	10
864786	2394	5	10
864801	2394	5	10
864816	2394	4	10
864831	2398	6	10
864846	2398	2	10
864861	2403	-6	10
864866	2403	-7	10
864881	2398	-4	10
864896	2394	-5	10
864911	2394	-6	10
864926	2390	4	10
864941	2390	8	10
864956	2394	7	10
864961	2394	2	10
864976	2398	-1	10
864991	2398	-1	10
865006	2398	-2	10
865021	2398	-3	10
865041	2398	-2	10
865056	2394	-4	10
865071	2394	-4	10
865076	2390	2	10
865091	2390	6	10
865106	2394	6	10
865121	2394	8	10
865136	2398	7	10
865151	2403	9	10
865166	2408	11	10
865171	2416	20	10
865186	2426	21	10
865201	2439	11	10
865216	2444	7	10
865231	2448	10	10
865246	2452	12	10
865261	2462	7	10
865266	2466	11	10
865281	2470	19	10
865296	2480	9	10
865311	2488	-5	10
865326	2488	-4	10
865341	2484	-3	10
865361	2484	-11	10
865376	2480	-16	10
865381	2470	-14	10
865397	2462	-15	10
865412	2452	-25	10
865427	2439	-25	10
865442	2426	-23	10
865457	2412	-22	10
865472	2398	-14	10
865477	2390	-7	10
865492	2385	-4	10
865507	2385	-8	10
865522	2380	-9	10
865537	2376	-8	10
865552	2372	-15	10
865568	2362	-24	10
865573	2349	-19	10
865588	2340	-11	10
865603	2331	-14	10
865618	2322	-17	10
865633	2313	-11	10
865648	2308	-6	10
865663	2304	-5	10
865678	2304	-2	10
865683	2300	9	10
865698	2304	7	10
865713	2304	3	10
865728	2308	2	10
865743	2308	3	10
865758	2308	-3	10
865773	2308	-1	10
865778	2308	11	10
865793	2313	15	10
865808	2322	14	10
865823	2331	23	10
865838	2344	26	10
865854	2358	22	10
865869	2372	15	10
865884	2380	15	10
865889	2390	6	10
865904	2390	-8	10
865919	2390	-12	10
865934	2385	-8	10
865949	2380	-8	10
865964	2376	-10	10
865984	2367	-4	10
865989	2367	-2	10
866004	2367	-14	10
866019	2358	-25	10
866034	2344	-17	10
866049	2336	-14	10
866064	2326	-26	10
866079	2313	-32	10
866084	2295	-30	10
866099	2277	-27	10
866114	2264	-23	10
866129	2250	-9	10
866144	2246	-3	10
866159	2241	-5	10
866174	2241	-2	10
866189	2236	0	10
866194	2236	-3	10
866209	2236	-7	10
866224	2232	-1	10
866240	2232	6	10
866255	2232	0	10
866270	2232	-9	10
866285	2232	-1	10
866291	2228	6	10
866306	2228	3	10
866321	2232	4	10
866336	2232	10	10
866351	2236	16	10
866367	2246	13	10
866382	2254	15	10
866387	2264	18	10
866402	2272	13	10
866417	2282	10	10
866432	2286	16	10
866447	2295	14	10
866462	2304	7	10
866477	2308	5	10
866492	2308	8	10
866497	2313	-2	10
866512	2313	-9	10
866527	2313	-8	10
866542	2308	-5	10
866558	2304	-15	10
866573	2295	-22	10
866593	2286	-13	10
866598	2277	-9	10
866613	2272	-11	10
866628	2264	-18	10
866643	2254	-17	10
866659	2246	-16	10
866674	2236	-15	10
866689	2228	-6	10
866704	2223	-9	10
866709	2218	-11	10
866724	2214	-5	10
866739	2210	8	10
866754	2210	11	10
866770	2218	2	10
866785	2218	5	10
866800	2223	11	10
866805	2228	6	10
866820	2232	-2	10
866835	2232	-4	10
866851	2232	-6	10
866867	2228	-10	10
866883	2223	-6	10
866899	2218	-5	10
866904	2218	0	10
866920	2218	6	10
866936	2218	13	10
866952	2223	14	10
866967	2232	2	10
866983	2232	-8	10
866998	2232	-5	10
867013	2228	-2	10
867018	2228	-6	10
867033	2223	-8	10
867048	2218	1	10
867063	2218	5	10
867078	2218	-1	10
867093	2218	1	10
867109	2218	9	10
867114	2223	14	10
867129	2232	19	10
867144	2241	29	10
867159	2259	31	10
867174	2277	34	10
867189	2295	41	10
867204	2318	44	10
867219	2344	32	10
867225	2362	22	10
867240	2376	28	10
867255	2390	31	10
867270	2408	23	10
867285	2421	12	10
867300	2426	14	10
867316	2434	14	10
867321	2444	6	10
867336	2448	3	10
867351	2448	5	10
867366	2452	6	10
867381	2452	-1	10
867396	2452	-5	10
867411	2452	-8	10
867416	2448	-11	10
867431	2444	-15	10
867446	2434	-16	10
867461	2426	-21	10
867476	2416	-22	10
867491	2403	-17	10
867506	2394	-16	10
867521	2385	-20	10
867526	2372	-22	10
867541	2358	-15	10
867556	2354	-11	10
867571	2344	-12	10
867587	2340	-4	10
867602	2336	1	10
867617	2336	1	10
867622	2336	-2	10
867637	2336	3	10
867652	2336	0	10
867667	2336	0	10
867682	2336	5	10
867697	2336	14	10
867713	2344	14	10
867718	2354	8	10
867733	2358	8	10
867748	2362	10	10
867763	2367	7	10
867778	2372	7	10
867793	2376	12	10
867808	2380	15	10
867823	2390	13	10
867828	2398	10	10
867843	2403	5	10
867858	2408	-4	10
867873	2408	-2	10
867888	2408	2	10
867903	2408	6	10
867918	2408	4	10
867923	2408	8	10
867938	2412	19	10
867953	2426	23	10
867968	2439	13	10
867983	2444	8	10
867998	2448	7	10
868013	2452	2	10
868028	2452	-6	10
868033	2452	-6	10
868049	2452	3	10
868064	2452	12	10
868079	2457	16	10
868094	2466	15	10
868109	2475	9	10
868129	2480	6	10
868134	2484	-3	10
868149	2484	-14	10
868164	2475	-28	10
868179	2462	-33	10
868195	2444	-26	10
868210	2426	-21	10
868225	2416	-17	10
868230	2408	-6	10
868245	2403	2	10
868260	2403	0	10
868275	2403	-10	10
868290	2398	-16	10
868305	2390	-13	10
868320	2380	-15	10
868335	2372	-12	10
868340	2367	0	10
868355	2367	12	10
868370	2372	20	10
868385	2380	26	10
868400	2394	19	10
868415	2408	8	10
868430	2412	9	10
868435	2416	15	10
868451	2426	13	10
868466	2430	6	10
868481	2434	10	10
868496	2439	17	10
868511	2448	20	10
868526	2462	15	10
868531	2470	13	10
868546	2475	18	10
868561	2488	13	10
868576	2493	12	10
868591	2502	16	10
868606	2511	12	10
868621	2516	3	10
868636	2520	-5	10
868641	2520	-14	10
868657	2511	-27	10
868672	2498	-27	10
868687	2480	-17	10
868702	2470	-7	10
868717	2466	-5	10
868733	2466	-1	10
868738	2466	7	10
868753	2466	11	10
868768	2470	9	10
868783	2475	4	10
868798	2480	-2	10
868813	2480	-11	10
868829	2475	-16	10
868844	2466	-16	10
868849	2457	-20	10
868864	2444	-27	10
868879	2430	-20	10
868894	2421	-9	10
868909	2412	-7	10
868924	2412	-9	10
868944	2403	3	10
868949	2403	12	10
868964	2408	12	10
868980	2416	13	10
868995	2426	20	10
869010	2434	22	10
869025	2448	19	10
869040	2457	18	10
869045	2466	17	10
869060	2480	14	10
869075	2484	9	10
869090	2488	18	10
869105	2502	17	10
869120	2511	8	10
869136	2516	4	10
869151	2516	6	10
869156	2520	1	10
869171	2520	-8	10
869186	2520	-9	10
869201	2516	4	10
869216	2516	7	10
869231	2516	5	10
869247	2520	10	10
869252	2524	17	10
869267	2534	16	10
869282	2542	14	10
869297	2552	9	10
869312	2556	6	10
869327	2560	1	10
869342	2560	-3	10
869357	2560	-11	10
869362	2556	-20	10
869377	2547	-15	10
869392	2538	-8	10
869407	2534	-8	10
869422	2529	-16	10
869437	2520	-21	10
869452	2506	-12	10
869457	2502	-17	10
869472	2493	-26	10
869487	2475	-31	10
869503	2462	-29	10
869518	2444	-28	10
869533	2426	-21	10
869549	2416	-10	10
869554	2412	-8	10
869569	2408	-7	10
869584	2403	-1	10
869599	2403	2	10
869614	2403	2	10
869629	2403	5	10
869644	2403	19	10
869664	2412	24	10
869669	2426	16	10
869684	2434	15	10
869699	2444	22	10
869714	2457	26	10
869729	2470	24	10
869744	2484	22	10
869759	2498	18	10
869764	2506	11	10
869779	2511	9	10
869794	2520	8	10
869809	2524	4	10
869824	2524	-4	10
869839	2524	-4	10
869854	2524	2	10
869859	2524	-2	10
869874	2524	-7	10
869889	2520	-6	10
869904	2516	-3	10
869919	2516	-6	10
869935	2511	-6	10
869951	2506	-6	10
869966	2506	-11	10
869971	2498	-16	10
869986	2488	-14	10
870002	2484	-10	10
870017	2475	-17	10
870033	2466	-17	10
870048	2457	-5	10
870063	2452	-1	10
870069	2452	-7	10
870085	2448	-3	10
870100	2448	7	10
870115	2448	5	10
870130	2452	4	10
870145	2452	15	10
870160	2462	24	10
870175	2475	21	10
870180	2488	25	10
870195	2502	26	10
870210	2516	22	10
870225	2529	20	10
870240	2538	19	10
870255	2552	19	10
870270	2560	13	10
870275	2570	10	10
870290	2574	19	10
870305	2583	15	10
870320	2592	-3	10
870335	2592	-11	10
870350	2588	-9	10
870366	2583	-16	10
870371	2574	-25	10
870386	2560	-20	10
870401	2552	-4	10
870416	2547	0	10
870431	2547	-6	10
870446	2542	-3	10
870462	2542	-5	10
870477	2538	-10	10
870482	2534	-15	10
870497	2524	-19	10
870512	2516	-31	10
870527	2498	-32	10
870542	2480	-23	10
870557	2466	-18	10
870573	2457	-19	10
870578	2444	-11	10
870593	2439	2	10
870608	2439	7	10
870624	2439	-1	10
870639	2439	2	10
870654	2439	15	10
870669	2448	18	10
870674	2462	17	10
870689	2470	18	10
870704	2480	20	10
870719	2488	15	10
870734	2498	11	10
870749	2506	8	10
870764	2511	3	10
870784	2511	-2	10
870789	2511	3	10
870804	2511	7	10
870819	2516	-3	10
870834	2516	-6	10
870849	2516	1	10
870864	2516	4	10
870879	2516	-6	10
870885	2516	-12	10
870900	2506	-4	10
870915	2506	-6	10
870930	2502	-15	10
870945	2493	-17	10
870960	2484	-15	10
870975	2475	-19	10
870990	2466	-22	10
870995	2452	-20	10
871010	2439	-23	10
871025	2430	-20	10
871040	2416	-10	10
871055	2412	2	10
871070	2412	3	10
871085	2412	2	10
871090	2412	13	10
871105	2416	21	10
871120	2430	18	10
871135	2439	19	10
871150	2452	22	10
871165	2462	18	10
871180	2475	8	10
871185	2480	6	10
871201	2480	14	10
871216	2488	11	10
871231	2498	7	10
871246	2498	7	10
871261	2502	1	10
871276	2502	-9	10
871296	2502	-9	10
871301	2498	-3	10
871316	2498	-6	10
871331	2493	-9	10
871346	2488	2	10
871361	2488	11	10
871376	2493	7	10
871391	2493	-3	10
871396	2493	-1	10
871411	2493	-4	10
871426	2493	-10	10
871441	2488	-10	10
871456	2484	-4	10
871471	2480	-6	10
871486	2480	-13	10
871501	2470	-4	10
871506	2466	3	10
871521	2466	-5	10
871536	2466	0	10
871551	2466	13	10
871566	2470	17	10
871581	2480	11	10
871596	2484	3	10
871601	2488	5	10
871617	2488	8	10
871632	2493	3	10
871647	2498	4	10
871662	2498	8	10
871677	2502	8	10
871692	2506	10	10
871697	2516	11	10
871712	2520	-2	10
871728	2520	-7	10
871743	2520	-6	10
871758	2516	0	10
871773	2516	-4	10
871788	2511	-8	10
871808	2506	3	10
871813	2506	6	10
871828	2511	-2	10
871843	2511	-2	10
871858	2511	7	10
871874	2511	1	10
871889	2511	-13	10
871904	2506	-16	10
871909	2498	-12	10
871924	2493	-14	10
871939	2484	-11	10
871954	2480	-8	10
871969	2475	-9	10
871985	2470	-13	10
872000	2462	-7	10
872005	2457	4	10
872020	2457	4	10
872035	2457	1	10
872050	2457	7	10
872065	2462	9	10
872080	2466	-4	10
872095	2466	-7	10
872110	2466	3	10
872115	2466	4	10
872130	2466	-1	10
872145	2466	4	10
872160	2466	11	10
872175	2475	7	10
872190	2480	0	10
872205	2480	0	10
872210	2480	4	10
872225	2480	-7	10
872240	2480	-12	10
872255	2475	-5	10
872270	2470	2	10
872285	2470	5	10
872301	2470	14	10
872317	2480	21	10
872322	2488	20	10
872338	2502	18	10
872354	2511	17	10
872369	2520	13	10
872384	2529	6	10
872399	2534	12	10
872414	2538	15	10
872419	2547	9	10
872434	2552	0	10
872449	2552	1	10
872464	2552	2	10
872479	2552	-2	10
872494	2552	-4	10
872509	2552	7	10
872514	2556	11	10
872529	2560	1	10
872544	2560	-3	10
872559	2560	1	10
872574	2560	2	10
872589	2560	-10	10
872604	2560	-17	10
872624	2552	-18	10
872629	2538	-21	10
872644	2529	-24	10
872659	2516	-21	10
872674	2502	-23	10
872689	2488	-20	10
872704	2480	-9	10
872719	2475	-7	10
872724	2470	-16	10
872739	2462	-23	10
872754	2448	-19	10
872769	2434	-21	10
872784	2426	-24	10
872799	2412	-23	10
872814	2398	-17	10
872829	2390	-11	10
872834	2380	-11	10
872849	2376	-5	10
872864	2372	8	10
872879	2376	16	10
872894	2385	19	10
872909	2394	25	10
872925	2408	19	10
872930	2416	11	10
872946	2426	6	10
872961	2430	8	10
872976	2434	6	10
872992	2434	5	10
873008	2439	9	10
873023	2444	18	10
873028	2452	21	10
873043	2466	20	10
873058	2475	14	10
873073	2484	1	10
873088	2484	-7	10
873103	2484	-11	10
873118	2480	-19	10
873133	2470	-31	10
873138	2452	-30	10
873153	2434	-21	10
873168	2421	-20	10
873183	2412	-24	10
873198	2398	-14	10
873213	2390	0	10
873228	2390	4	10
873233	2390	-5	10
873248	2390	-10	10
873263	2385	-7	10
873278	2380	-5	10
873293	2376	-4	10
873308	2376	-3	10
873328	2372	7	10
873333	2372	9	10
873348	2376	13	10
873363	2385	11	10
873378	2390	2	10
873393	2394	0	10
873408	2394	6	10
873423	2394	5	10
873438	2398	-6	10
873443	2398	-10	10
873458	2394	-8	10
873473	2390	-14	10
873488	2380	-18	10
873503	2372	-14	10
873518	2362	-3	10
873533	2362	0	10
873538	2362	1	10
873553	2362	5	10
873568	2362	3	10
873583	2362	0	10
873598	2362	-5	10
873613	2362	-11	10
873628	2358	-15	10
873648	2349	-14	10
873653	2340	-6	10
873668	2340	3	10
873683	2340	5	10
873698	2340	2	10
873713	2340	3	10
873728	2340	3	10
873743	2344	2	10
873748	2344	-4	10
873763	2344	0	10
873778	2344	3	10
873794	2344	4	10
873810	2344	3	10
873825	2349	-3	10
873840	2349	-11	10
873845	2344	-8	10
873860	2340	1	10
873875	2340	2	10
873890	2340	-3	10
873906	2340	-7	10
873921	2336	2	10
873936	2336	0	10
873951	2336	6	10
873957	2336	12	10
873972	2344	18	10
873987	2354	19	10
874002	2362	17	10
874018	2372	14	10
874033	2380	13	10
874048	2390	8	10
874053	2394	6	10
874068	2394	8	10
874084	2398	10	10
874099	2408	11	10
874114	2412	15	10
874129	2421	14	10
874144	2430	4	10
874149	2430	0	10
874164	2430	-1	10
874179	2430	-10	10
874194	2430	-18	10
874209	2416	-18	10
874225	2408	-8	10
874240	2403	-7	10
874255	2398	-12	10
874260	2394	-8	10
874275	2390	-8	10
874290	2385	-8	10
874305	2380	-5	10
874320	2376	0	10
874335	2376	-1	10
874350	2376	-3	10
874355	2376	-4	10
874370	2372	0	10
874385	2372	3	10
874400	2372	4	10
874415	2372	6	10
874430	2376	10	10
874445	2380	8	10
874460	2385	6	10
874465	2390	7	10
874480	2394	7	10
874496	2398	3	10
874511	2398	5	10
874526	2403	1	10
874541	2403	-4	10
874557	2403	-6	10
874562	2398	2	10
874577	2398	1	10
874592	2398	-3	10
874608	2398	6	10
874623	2398	12	10
874638	2408	9	10
874653	2412	-3	10
874658	2412	-11	10
874674	2408	-12	10
874689	2403	-14	10
874704	2394	-7	10
874719	2390	0	10
874734	2390	10	10
874749	2390	15	10
874764	2398	19	10
874769	2412	20	10
874784	2421	21	10
874799	2434	22	10
874814	2444	28	10
874829	2462	30	10
874844	2480	24	10
874864	2493	23	10
874869	2506	27	10
874884	2520	24	10
874899	2534	16	10
874914	2542	17	10
874929	2552	17	10
874944	2560	18	10
874959	2570	16	10
874975	2578	14	10
874980	2588	5	10
874995	2592	-8	10
875010	2592	-9	10
875025	2588	-14	10
875040	2578	-24	10
875055	2565	-29	10
875070	2547	-21	10
875075	2538	-17	10
875090	2524	-22	10
875105	2516	-27	10
875120	2498	-27	10
875136	2484	-24	10
875151	2470	-27	10
875166	2457	-27	10
875171	2439	-19	10
875186	2430	-10	10
875201	2426	-9	10
875216	2416	-7	10
875231	2416	1	10
875246	2416	6	10
875261	2416	15	10
875276	2421	20	10
875282	2434	17	10
875297	2444	12	10
875312	2452	17	10
875327	2462	25	10
875342	2475	15	10
875357	2484	6	10
875372	2484	2	10
875377	2488	-5	10
875392	2488	-9	10
875407	2484	-12	10
875422	2475	-11	10
875438	2470	-12	10
875453	2462	-13	10
875468	2457	-12	10
875473	2448	-15	10
875488	2439	-18	10
875503	2430	-21	10
875518	2421	-25	10
875533	2403	-26	10
875548	2390	-23	10
875563	2376	-16	10
875583	2367	-9	10
875588	2362	-9	10
875604	2358	-14	10
875619	2349	-6	10
875634	2349	5	10
875649	2349	11	10
875664	2354	10	10
875679	2358	14	10
875684	2367	17	10
875699	2376	21	10
875714	2385	26	10
875729	2403	31	10
875744	2421	36	10
875759	2439	39	10
875775	2462	41	10
875790	2484	34	10
875795	2502	16	10
875810	2511	13	10
875825	2520	10	10
875840	2524	8	10
875855	2529	5	10
875870	2534	6	10
875885	2538	9	10
875890	2542	2	10
875905	2542	-6	10
875920	2542	-19	10
875935	2534	-24	10
875950	2520	-32	10
875965	2502	-33	10
875980	2484	-26	10
875985	2466	-23	10
876000	2452	-26	10
876015	2439	-22	10
876030	2426	-22	10
876045	2416	-24	10
876060	2403	-21	10
876080	2390	-13	10
876096	2380	-15	10
876101	2376	-15	10
876116	2367	-3	10
876131	2362	8	10
876146	2362	9	10
876161	2372	13	10
876176	2376	17	10
876191	2385	16	10
876196	2394	15	10
876211	2403	16	10
876226	2412	13	10
876241	2421	16	10
876256	2430	19	10
876271	2439	21	10
876286	2452	19	10
876291	2462	18	10
876306	2470	16	10
876321	2480	16	10
876336	2488	6	10
876351	2493	-3	10
876366	2493	-8	10
876381	2493	-2	10
876396	2488	-3	10
876401	2488	-8	10
876416	2484	-6	10
876431	2480	-8	10
876446	2475	-13	10
876461	2470	-16	10
876476	2462	-13	10
876496	2452	-14	10
876501	2444	-12	10
876516	2439	-5	10
876531	2434	-4	10
876546	2434	-6	10
876562	2430	-3	10
876578	2430	2	10
876594	2430	1	10
876610	2430	-2	10
876615	2430	4	10
876631	2430	12	10
876646	2434	13	10
876662	2439	12	10
876677	2448	11	10
876692	2452	15	10
876707	2462	12	10
876712	2470	7	10
876727	2475	2	10
876743	2475	7	10
876758	2480	7	10
876773	2484	7	10
876788	2484	8	10
876803	2488	3	10
876808	2493	-4	10
876823	2493	1	10
876838	2493	8	10
876853	2493	8	10
876868	2498	8	10
876883	2502	12	10
876898	2511	14	10
876913	2520	6	10
876918	2520	2	10
876933	2524	0	10
876948	2524	-2	10
876963	2524	-2	10
876978	2524	-4	10
876993	2524	-10	10
877008	2516	-19	10
877013	2506	-27	10
877028	2493	-29	10
877043	2475	-29	10
877058	2457	-22	10
877073	2448	-14	10
877088	2439	-8	10
877103	2434	-7	10
877118	2430	-11	10
877123	2426	-8	10
877138	2421	-4	10
877153	2416	-9	10
877168	2412	-11	10
877183	2408	-8	10
877198	2403	-4	10
877213	2398	-3	10
877218	2398	5	10
877233	2398	9	10
877248	2403	5	10
877263	2403	3	10
877278	2408	2	10
877293	2408	-1	10
877308	2408	-2	10
877313	2408	4	10
877328	2408	5	10
877343	2412	-1	10
877358	2412	2	10
877373	2412	5	10
877388	2412	6	10
877408	2416	0	10
877423	2416	2	10
877428	2416	3	10
877443	2421	5	10
877458	2421	3	10
877473	2426	5	10
877488	2426	9	10
877503	2430	7	10
877518	2434	1	10
877523	2434	1	10
877538	2439	3	10
877553	2439	-2	10
877568	2439	2	10
877583	2439	9	10
877598	2444	13	10
877613	2452	12	10
877618	2457	13	10
877633	2466	14	10
877648	2475	10	10
877663	2480	3	10
877679	2480	-1	10
877694	2480	-4	10
877709	2480	-13	10
877724	2475	-16	10
877729	2466	-24	10
877744	2452	-32	10
877759	2434	-30	10
877774	2416	-16	10
877789	2408	-7	10
877804	2403	-10	10
877825	2398	-12	10
877830	2390	-8	10
877845	2385	7	10
877860	2385	13	10
877875	2394	14	10
877890	2403	25	10
877906	2416	28	10
877922	2430	24	10
877937	2444	22	10
877942	2457	19	10
877957	2470	11	10
877972	2475	9	10
877987	2480	5	10
878002	2484	1	10
878017	2484	0	10
878032	2484	7	10
878037	2488	14	10
878052	2493	6	10
878067	2498	0	10
878082	2498	-1	10
878097	2498	-9	10
878112	2498	-19	10
878127	2484	-18	10
878132	2475	-12	10
878147	2470	-10	10
878162	2462	-7	10
878177	2462	-2	10
878192	2457	0	10
878207	2457	-4	10
878222	2457	-13	10
878237	2448	-21	10
878242	2439	-23	10
878257	2426	-19	10
878272	2412	-17	10
878287	2403	-13	10
878302	2398	-13	10
878317	2390	-13	10
878332	2380	-5	10
878337	2380	3	10
878352	2380	3	10
878367	2380	10	10
878382	2385	15	10
878397	2394	11	10
878412	2398	6	10
878427	2403	9	10
878432	2408	13	10
878447	2416	8	10
878462	2421	10	10
878477	2426	14	10
878492	2434	20	10
878507	2444	17	10
878527	2452	17	10
878542	2462	16	10
878547	2470	15	10
878562	2480	13	10
878578	2488	11	10
878593	2493	6	10
878608	2498	-2	10
878623	2498	-4	10
878638	2498	-2	10
878643	2498	0	10
878658	2498	0	10
878674	2498	2	10
878689	2498	9	10
878704	2498	7	10
878719	2502	0	10
878734	2502	6	10
878749	2506	9	10
878754	2511	-3	10
878769	2511	-11	10
878784	2506	-11	10
878800	2502	-10	10
878815	2498	-8	10
878830	2493	1	10
878846	2493	5	10
878851	2493	1	10
878866	2493	-6	10
878881	2493	-10	10
878896	2484	-11	10
878911	2480	-12	10
878926	2475	-16	10
878941	2466	-16	10
878946	2457	-12	10
878962	2448	-9	10
878977	2444	-10	10
878992	2439	-6	10
879007	2434	-2	10
879022	2434	1	10
879037	2434	6	10
879052	2434	12	10
879057	2439	8	10
879072	2444	5	10
879087	2448	4	10
879102	2448	-3	10
879117	2448	-11	10
879132	2444	-8	10
879152	2439	1	10
879158	2439	3	10
879173	2439	-1	10
879188	2439	-2	10
879203	2439	4	10
879218	2439	3	10
879233	2444	7	10
879248	2444	7	10
879263	2448	6	10
879268	2452	13	10
879283	2462	14	10
879298	2466	11	10
879314	2475	12	10
879330	2480	18	10
879346	2493	23	10
879362	2502	25	10
879367	2520	27	10
879382	2534	27	10
879397	2547	30	10
879412	2565	31	10
879428	2583	21	10
879443	2596	18	10
879458	2606	20	10
879463	2614	16	10
879479	2624	2	10
879494	2628	-8	10
879509	2624	-14	10
879524	2619	-23	10
879539	2606	-32	10
879554	2588	-43	10
879569	2560	-57	10
879574	2529	-57	10
879590	2498	-43	10
879605	2475	-30	10
879620	2457	-21	10
879635	2444	-8	10
879650	2439	-5	10
879665	2439	-12	10
879670	2430	-12	10
879685	2426	-14	10
879700	2416	-8	10
879715	2412	0	10
879730	2412	-1	10
879745	2412	0	10
879760	2412	7	10
879765	2412	10	10
879780	2416	17	10
879795	2426	19	10
879810	2439	17	10
879825	2448	12	10
879840	2452	8	10
879855	2457	5	10
879870	2462	0	10
879875	2462	-1	10
879890	2462	7	10
879905	2466	6	10
879920	2466	2	10
879935	2470	4	10
879950	2470	10	10
879965	2475	2	10
879970	2480	-2	10
879985	2480	-1	10
880000	2480	3	10
880015	2480	5	10
880030	2480	14	10
880045	2488	16	10
880061	2498	5	10
880076	2502	-3	10
880081	2502	-4	10
880096	2502	-3	10
880111	2498	-4	10
880126	2498	-7	10
880141	2493	-4	10
880156	2488	3	10
880176	2488	-4	10
880181	2488	-9	10
880196	2484	-8	10
880211	2480	-5	10
880226	2480	-7	10
880241	2475	-11	10
880256	2466	-7	10
880271	2462	-9	10
880276	2457	-4	10
880291	2457	5	10
880306	2457	10	10
880321	2462	14	10
880336	2470	20	10
880351	2480	19	10
880366	2488	8	10
880381	2493	0	10
880386	2493	7	10
880402	2498	13	10
880417	2506	16	10
880432	2516	14	10
880447	2524	8	10
880462	2529	8	10
880477	2534	8	10
880482	2538	4	10
880497	2538	13	10
880512	2547	17	10
880527	2556	17	10
880543	2565	16	10
880558	2574	10	10
880573	2578	-1	10
880588	2578	-1	10
880593	2578	1	10
880608	2578	-3	10
880623	2578	-18	10
880638	2570	-18	10
880653	2560	-15	10
880668	2552	-25	10
880683	2538	-29	10
880688	2524	-17	10
880703	2511	-13	10
880718	2506	-25	10
880734	2493	-30	10
880749	2475	-33	10
880764	2457	-34	10
880779	2439	-31	10
880784	2421	-27	10
880799	2403	-25	10
880814	2390	-25	10
880829	2376	-18	10
880844	2367	-11	10
880859	2358	-6	10
880879	2358	-3	10
880895	2354	4	10
880900	2354	12	10
880915	2358	16	10
880930	2367	11	10
880945	2376	13	10
880960	2380	24	10
880975	2394	27	10
880990	2412	23	10
880995	2426	23	10
881010	2439	18	10
881025	2448	8	10
881040	2452	11	10
881055	2457	15	10
881070	2466	5	10
881085	2470	5	10
881090	2470	9	10
881105	2475	11	10
881120	2484	0	10
881135	2484	-4	10
881150	2484	-7	10
881165	2480	-14	10
881180	2475	-13	10
881195	2466	-2	10
881200	2466	7	10
881215	2466	13	10
881230	2470	12	10
881245	2480	15	10
881260	2488	16	10
881275	2498	8	10
881295	2502	3	10
881300	2502	8	10
881315	2506	3	10
881330	2506	-6	10
881345	2506	-2	10
881360	2506	9	10
881375	2511	7	10
881390	2511	6	10
881405	2516	12	10
881410	2524	12	10
881425	2529	10	10
881440	2534	16	10
881455	2542	21	10
881470	2556	14	10
881485	2565	6	10
881500	2570	3	10
881505	2570	-4	10
881520	2570	-14	10
881535	2565	-12	10
881550	2556	-3	10
881565	2556	-8	10
881580	2552	-11	10
881596	2542	-9	10
881601	2538	-8	10
881616	2534	-17	10
881631	2524	-29	10
881646	2506	-33	10
881661	2488	-33	10
881676	2470	-38	10
881696	2448	-38	10
881711	2430	-31	10
881716	2412	-27	10
881731	2394	-26	10
881746	2380	-14	10
881761	2372	-2	10
881776	2372	-2	10
881791	2372	0	10
881806	2372	10	10
881811	2372	18	10
881826	2385	12	10
881841	2390	12	10
881857	2398	12	10
881872	2403	1	10
881887	2403	-6	10
881902	2403	3	10
881908	2403	4	10
881923	2403	0	10
881938	2403	4	10
881953	2408	7	10
881968	2412	0	10
881983	2412	0	10
881998	2412	5	10
882013	2412	7	10
882018	2416	0	10
882033	2416	-5	10
882048	2416	-1	10
882063	2416	9	10
882078	2421	3	10
882093	2421	-7	10
882108	2421	-9	10
882114	2416	-9	10
882130	2412	-6	10
882146	2408	-3	10
882162	2408	3	10
882177	2408	-5	10
882192	2403	-2	10
882207	2403	3	10
882223	2403	3	10
882228	2403	-2	10
882243	2403	1	10
882258	2403	7	10
882275	2408	3	10
882290	2408	1	10
882305	2408	4	10
882320	2412	7	10
882325	2416	1	10
882341	2416	-3	10
882356	2416	1	10
882371	2416	1	10
882386	2416	-3	10
882401	2416	3	10
882416	2416	12	10
882421	2421	14	10
882436	2430	10	10
882451	2434	13	10
882466	2444	14	10
882481	2448	7	10
882496	2452	5	10
882511	2457	10	10
882526	2462	11	10
882531	2470	6	10
882546	2470	7	10
882562	2475	9	10
882577	2480	0	10
882593	2480	-11	10
882608	2480	-3	10
882623	2475	-1	10
882628	2475	-3	10
882643	2475	-2	10
882658	2475	-2	10
882673	2470	-10	10
882688	2466	-19	10
882703	2457	-16	10
882718	2448	-12	10
882733	2439	-10	10
882738	2434	-1	10
882753	2434	12	10
882768	2439	14	10
882783	2444	2	10
882798	2448	-2	10
882814	2448	-2	10
882829	2448	-1	10
882834	2448	-1	10
882849	2448	-1	10
882864	2448	6	10
882879	2448	8	10
882894	2448	11	10
882909	2457	16	10
882924	2466	15	10
882929	2475	9	10
882944	2480	14	10
882959	2488	18	10
882974	2498	5	10
882990	2498	-1	10
883005	2498	11	10
883020	2506	18	10
883036	2516	15	10
883041	2524	15	10
883056	2534	22	10
883071	2542	21	10
883086	2556	19	10
883101	2565	24	10
883116	2578	29	10
883136	2596	31	10
883141	2614	35	10
883156	2632	48	10
883171	2660	53	10
883187	2691	51	10
883202	2718	52	10
883217	2750	53	10
883232	2776	46	10
883237	2804	28	10
883252	2822	20	10
883268	2830	14	10
883283	2840	5	10
883298	2844	-10	10
883313	2840	-16	10
883328	2830	-19	10
883343	2822	-28	10
883348	2804	-32	10
883364	2786	-28	10
883380	2772	-27	10
883395	2754	-28	10
883410	2740	-16	10
883425	2732	-20	10
883440	2718	-27	10
883445	2704	-31	10
883460	2686	-31	10
883475	2668	-27	10
883490	2655	-30	10
883506	2637	-29	10
883522	2624	-22	10
883538	2610	-22	10
883554	2596	-21	10
883559	2583	-22	10
883575	2574	-17	10
883591	2565	-7	10
883607	2560	4	10
883624	2560	13	10
883639	2565	14	10
883654	2574	11	10
883659	2578	20	10
883674	2592	25	10
883689	2606	16	10
883704	2614	4	10
883719	2614	10	10
883734	2619	21	10
883749	2632	20	10
883754	2646	21	10
883769	2655	24	10
883784	2668	13	10
883799	2678	-2	10
883815	2678	-6	10
883830	2678	-8	10
883845	2673	-17	10
883860	2664	-26	10
883865	2646	-25	10
883880	2632	-28	10
883895	2619	-31	10
883910	2601	-31	10
883925	2583	-26	10
883940	2570	-22	10
883955	2556	-22	10
883960	2542	-21	10
883975	2534	-21	10
883990	2520	-25	10
884005	2506	-23	10
884020	2493	-12	10
884035	2484	0	10
884050	2484	2	10
884055	2484	10	10
884070	2488	17	10
884085	2498	16	10
884100	2506	11	10
884115	2516	17	10
884130	2524	16	10
884145	2534	7	10
884160	2538	4	10
884165	2538	10	10
884180	2542	4	10
884195	2547	-4	10
884210	2547	-2	10
884225	2547	3	10
884240	2547	2	10
884255	2547	-6	10
884260	2547	-8	10
884275	2542	-9	10
884290	2538	-9	10
884305	2534	-5	10
884320	2529	-10	10
884335	2524	-21	10
884350	2511	-25	10
884365	2498	-18	10
884370	2488	-10	10
884385	2480	-16	10
884400	2470	-17	10
884415	2462	-5	10
884430	2462	3	10
884445	2462	-2	10
884460	2462	-6	10
884465	2457	2	10
884480	2457	-2	10
884495	2457	-6	10
884510	2452	-11	10
884525	2448	-14	10
884540	2439	-19	10
884555	2430	-15	10
884560	2421	-7	10
884575	2416	-8	10
884590	2412	-4	10
884605	2412	7	10
884620	2412	20	10
884641	2421	15	10
884656	2430	15	10
884671	2439	14	10
884676	2448	9	10
884691	2452	2	10
884706	2452	-3	10
884721	2452	3	10
884736	2452	4	10
884751	2452	2	10
884766	2457	-1	10
884771	2457	-1	10
884786	2457	-7	10
884801	2452	-6	10
884817	2452	0	10
884832	2452	0	10
884847	2452	-2	10
884862	2448	4	10
884877	2448	17	10
884882	2457	15	10
884898	2466	7	10
884914	2470	14	10
884930	2480	15	10
884946	2488	13	10
884962	2493	15	10
884977	2502	15	10
884982	2511	12	10
884997	2516	14	10
885012	2524	16	10
885027	2534	8	10
885042	2538	-6	10
885057	2538	-11	10
885072	2534	-10	10
885077	2529	-18	10
885092	2516	-29	10
885108	2502	-32	10
885123	2484	-28	10
885138	2466	-29	10
885153	2452	-29	10
885168	2434	-25	10
885183	2421	-18	10
885188	2412	-17	10
885203	2403	-22	10
885219	2390	-21	10
885234	2376	-20	10
885249	2367	-22	10
885264	2354	-21	10
885279	2340	-13	10
885284	2336	-13	10
885300	2326	-7	10
885315	2322	9	10
885330	2322	17	10
885345	2336	13	10
885361	2340	16	10
885376	2349	27	10
885381	2367	27	10
885396	2380	22	10
885412	2394	26	10
885427	2408	24	10
885442	2421	19	10
885457	2430	16	10
885472	2439	19	10
885487	2452	20	10
885492	2462	16	10
885508	2470	8	10
885523	2475	4	10
885538	2480	2	10
885553	2480	-7	10
885568	2480	-7	10
885583	2475	-3	10
885588	2475	-3	10
885603	2470	-5	10
885618	2470	4	10
885633	2470	6	10
885648	2470	2	10
885663	2470	-5	10
885678	2470	-6	10
885693	2470	-13	10
885698	2462	-15	10
885713	2452	-6	10
885729	2452	-1	10
885744	2448	4	10
885759	2448	5	10
885774	2452	9	10
885789	2457	12	10
885794	2462	14	10
885809	2470	21	10
885824	2484	27	10
885839	2498	26	10
885854	2511	21	10
885869	2524	19	10
885884	2534	11	10
885889	2542	10	10
885904	2547	11	10
885919	2552	10	10
885934	2560	9	10
885950	2565	4	10
885965	2565	9	10
885980	2570	14	10
885995	2578	7	10
886000	2583	-3	10
886015	2583	2	10
886030	2583	2	10
886045	2583	-7	10
886060	2583	-20	10
886075	2574	-20	10
886095	2560	-20	10
886100	2552	-24	10
886115	2538	-24	10
886130	2524	-20	10
886145	2511	-24	10
886160	2498	-20	10
886175	2488	-16	10
886191	2480	-12	10
886196	2470	-7	10
886211	2466	-4	10
886226	2466	-8	10
886241	2462	-14	10
886256	2452	-14	10
886271	2444	1	10
886286	2444	13	10
886301	2448	15	10
886306	2457	13	10
886322	2466	21	10
886338	2475	26	10
886354	2488	16	10
886369	2498	10	10
886384	2506	19	10
886399	2516	20	10
886404	2529	13	10
886419	2534	11	10
886434	2542	12	10
886449	2547	9	10
886464	2552	9	10
886479	2556	14	10
886494	2565	15	10
886509	2574	14	10
886514	2583	18	10
886529	2592	14	10
886544	2601	3	10
886559	2601	-1	10
886574	2601	-2	10
886589	2601	1	10
886604	2601	-4	10
886609	2601	-13	10
886624	2596	-18	10
886639	2583	-19	10
886654	2574	-17	10
886669	2565	-15	10
886684	2556	-7	10
886699	2552	-10	10
886704	2547	-14	10
886719	2538	-15	10
886734	2529	-16	10
886749	2520	-23	10
886764	2506	-32	10
886779	2488	-32	10
886800	2470	-29	10
886815	2457	-20	10
886820	2444	-13	10
886835	2439	-12	10
886850	2430	-11	10
886865	2426	-1	10
886880	2426	11	10
886896	2426	13	10
886912	2434	16	10
886917	2444	24	10
886932	2457	25	10
886947	2470	21	10
886962	2480	19	10
886977	2493	23	10
886992	2506	25	10
887007	2520	22	10
887022	2534	20	10
887027	2542	20	10
887042	2556	17	10
887057	2565	13	10
887072	2570	16	10
887087	2578	23	10
887102	2592	19	10
887117	2606	9	10
887122	2610	11	10
887137	2614	12	10
887153	2624	3	10
887168	2624	-6	10
887183	2624	-9	10
887198	2619	-15	10
887213	2610	-14	10
887218	2601	-8	10
887233	2596	-9	10
887248	2592	-18	10
887263	2583	-18	10
887279	2574	-13	10
887294	2565	-17	10
887309	2556	-19	10
887324	2547	-15	10
887329	2538	-19	10
887344	2524	-31	10
887359	2506	-38	10
887374	2488	-34	10
887389	2466	-30	10
887404	2452	-23	10
887419	2439	-20	10
887424	2426	-9	10
887440	2421	-7	10
887455	2416	-7	10
887470	2412	-2	10
887485	2412	7	10
887500	2412	10	10
887515	2416	12	10
887520	2426	18	10
887535	2434	19	10
887550	2448	10	10
887565	2452	6	10
887580	2457	6	10
887595	2457	5	10
887615	2462	8	10
887630	2466	17	10
887635	2475	18	10
887650	2484	13	10
887666	2493	9	10
887682	2498	3	10
887698	2498	-9	10
887714	2498	-14	10
887729	2488	-10	10
887734	2484	-4	10
887749	2484	-5	10
887764	2480	-4	10
887779	2480	-6	10
887794	2475	-13	10
887810	2466	-17	10
887825	2457	-18	10
887840	2448	-9	10
887845	2444	1	10
887860	2444	3	10
887875	2444	8	10
887890	2444	13	10
887905	2452	12	10
887920	2457	11	10
887935	2466	17	10
887940	2475	20	10
887955	2484	15	10
887970	2493	15	10
887985	2502	13	10
888000	2511	5	10
888015	2511	-1	10
888030	2511	5	10
888036	2516	7	10
888051	2520	4	10
888066	2520	4	10
888081	2524	7	10
888096	2529	-1	10
888112	2529	-7	10
888127	2529	-8	10
888143	2524	-7	10
888148	2520	-13	10
888163	2511	-15	10
888178	2502	-8	10
888193	2498	3	10
888208	2498	2	10
888223	2498	-9	10
888238	2498	-10	10
888243	2488	-4	10
888258	2488	-3	10
888273	2488	-5	10
888289	2484	-3	10
888304	2484	-2	10
888319	2480	-1	10
888334	2480	6	10
888349	2480	6	10
888354	2484	5	10
888369	2484	12	10
888384	2493	16	10
888399	2502	11	10
888414	2506	9	10
888429	2511	18	10
888444	2524	14	10
888449	2529	9	10
888464	2538	4	10
888479	2538	4	10
888494	2542	-1	10
888509	2542	-9	10
888525	2538	-10	10
888540	2534	-12	10
888545	2524	-8	10
888560	2520	-6	10
888575	2520	-5	10
888590	2516	-4	10
888605	2516	-4	10
888620	2511	-3	10
888635	2511	-3	10
888655	2506	-3	10
888660	2506	-10	10
888675	2502	-9	10
888690	2498	-1	10
888705	2493	4	10
888720	2493	11	10
888735	2498	20	10
888750	2511	26	10
888755	2524	23	10
888770	2538	22	10
888785	2552	17	10
888800	2560	5	10
888815	2565	5	10
888830	2565	10	10
888845	2570	6	10
888850	2574	-6	10
888865	2574	-6	10
888880	2574	-2	10
888895	2570	2	10
888910	2570	-2	10
888925	2570	-3	10
888941	2570	-1	10
888956	2570	1	10
888961	2570	-7	10
888976	2565	-14	10
888992	2556	-19	10
889007	2547	-21	10
889023	2534	-20	10
889038	2524	-17	10
889053	2516	-11	10
889058	2506	-6	10
889073	2506	1	10
889088	2506	-1	10
889103	2506	-4	10
889118	2502	-6	10
889133	2498	6	10
889148	2498	8	10
889164	2502	2	10
889169	2502	3	10
889184	2506	13	10
889199	2511	17	10
889214	2524	13	10
889229	2529	7	10
889244	2534	2	10
889259	2534	1	10
889264	2534	3	10
889279	2538	4	10
889294	2538	5	10
889309	2542	9	10
889324	2547	12	10
889339	2556	6	10
889359	2556	-3	10
889364	2556	-6	10
889379	2556	6	10
889394	2556	14	10
889409	2565	14	10
889424	2570	13	10
889439	2578	18	10
889454	2588	15	10
889469	2596	9	10
889474	2601	4	10
889489	2606	1	10
889504	2606	-9	10
889519	2606	-11	10
889534	2596	-10	10
889549	2592	-16	10
889564	2583	-16	10
889569	2574	-10	10
889585	2570	-6	10
889600	2565	-14	10
889615	2556	-21	10
889630	2547	-22	10
889646	2534	-16	10
889661	2524	-20	10
889666	2511	-27	10
889681	2498	-34	10
889697	2480	-34	10
889712	2462	-26	10
889727	2444	-24	10
889742	2430	-21	10
889757	2421	-15	10
889772	2412	-6	10
889777	2408	-2	10
889792	2408	-2	10
889807	2408	-2	10
889822	2403	6	10
889837	2403	17	10
889853	2412	14	10
889868	2421	10	10
889873	2426	15	10
889888	2434	30	10
889903	2452	29	10
889918	2470	21	10
889933	2480	24	10
889948	2493	30	10
889963	2511	30	10
889983	2529	25	10
889988	2542	15	10
890004	2552	11	10
890019	2556	10	10
890034	2560	13	10
890049	2570	4	10
890064	2570	-1	10
890079	2570	7	10
890084	2574	16	10
890099	2583	18	10
890114	2592	5	10
890129	2596	2	10
890145	2596	16	10
890160	2606	20	10
890175	2619	8	10
890180	2624	-7	10
890195	2624	-9	10
890210	2619	-10	10
890225	2610	-17	10
890240	2601	-25	10
890255	2588	-26	10
890270	2574	-28	10
890285	2556	-23	10
890290	2547	-24	10
890305	2534	-29	10
890320	2516	-26	10
890335	2502	-20	10
890350	2488	-23	10
890365	2475	-35	10
890380	2457	-34	10
890385	2439	-29	10
890400	2421	-20	10
890415	2412	-20	10
890430	2398	-14	10
890445	2390	-1	10
890460	2390	15	10
890475	2394	27	10
890491	2412	31	10
890497	2426	33	10
890513	2448	32	10
890528	2466	32	10
890543	2484	26	10
890558	2498	12	10
890573	2502	2	10
890588	2506	9	10
890593	2511	17	10
890609	2520	7	10
890624	2524	-5	10
890639	2524	-10	10
890654	2520	-6	10
890669	2516	-14	10
890684	2506	-25	10
890689	2493	-30	10
890704	2475	-27	10
890719	2462	-15	10
890734	2452	-4	10
890749	2452	-8	10
890764	2448	-8	10
890780	2444	0	10
890795	2444	8	10
890800	2444	6	10
890815	2444	0	10
890830	2444	3	10
890845	2448	11	10
890860	2452	9	10
890875	2457	-1	10
890895	2457	-3	10
890900	2457	4	10
890915	2457	7	10
890930	2462	4	10
890945	2466	1	10
890960	2466	2	10
890975	2466	6	10
890990	2470	8	10
890995	2475	-2	10
891010	2475	-8	10
891025	2470	0	10
891040	2470	9	10
891055	2475	4	10
891070	2475	-10	10
891085	2475	-8	10
891100	2470	7	10
891105	2470	11	10
891120	2475	0	10
891135	2475	-10	10
891150	2475	-7	10
891165	2470	6	10
891180	2470	13	10
891195	2475	-3	10
891200	2475	-18	10
891215	2470	-17	10
891230	2462	-4	10
891245	2457	-3	10
891260	2457	-10	10
891275	2448	-12	10
891295	2444	-1	10
891310	2444	6	10
891315	2444	1	10
891330	2444	-5	10
891345	2444	2	10
891360	2444	14	10
891375	2448	13	10
891391	2457	8	10
891407	2462	8	10
891412	2466	20	10
891427	2475	24	10
891443	2488	24	10
891458	2502	13	10
891473	2511	8	10
891488	2516	16	10
891503	2524	18	10
891508	2534	10	10
891523	2538	5	10
891538	2542	7	10
891553	2547	7	10
891568	2552	0	10
891583	2552	-8	10
891598	2552	-11	10
891613	2542	-9	10
891618	2538	-7	10
891633	2534	-6	10
891648	2534	-7	10
891663	2529	-9	10
891678	2524	2	10
891693	2524	4	10
891708	2524	-5	10
891713	2524	-15	10
891728	2516	-14	10
891743	2506	-6	10
891758	2502	-9	10
891773	2498	-12	10
891788	2493	-7	10
891803	2488	2	10
891808	2488	4	10
891823	2488	1	10
891838	2488	-3	10
891853	2488	-3	10
891868	2488	-2	10
891883	2488	4	10
891899	2488	5	10
891915	2488	5	10
891921	2493	16	10
891937	2502	18	10
891953	2511	9	10
891969	2516	-1	10
891984	2516	6	10
891999	2520	15	10
892014	2524	15	10
892019	2534	3	10
892034	2538	-6	10
892049	2538	-6	10
892064	2534	-5	10
892079	2529	-6	10
892094	2529	-8	10
892109	2524	-5	10
892124	2520	5	10
892129	2520	17	10
892144	2529	15	10
892159	2538	5	10
892174	2538	2	10
892189	2542	10	10
892204	2547	4	10
892220	2547	-5	10
892225	2547	-4	10
892240	2547	-4	10
892255	2547	-8	10
892270	2542	-9	10
892285	2538	-6	10
892300	2534	-10	10
892315	2529	-13	10
892320	2520	-12	10
892335	2511	-10	10
892350	2506	-15	10
892365	2498	-17	10
892380	2488	-11	10
892395	2484	-12	10
892415	2475	-16	10
892430	2466	-15	10
892435	2457	-4	10
892450	2457	7	10
892465	2457	7	10
892480	2462	6	10
892495	2466	7	10
892510	2466	1	10
892525	2470	-8	10
892530	2466	-11	10
892546	2462	-7	10
892561	2457	-5	10
892576	2457	1	10
892591	2457	5	10
892606	2457	1	10
892621	2457	1	10
892636	2457	2	10
892641	2457	0	10
892656	2457	-6	10
892671	2457	-7	10
892686	2452	-1	10
892701	2452	0	10
892716	2452	-1	10
892731	2452	6	10
892736	2452	21	10
892751	2462	25	10
892767	2480	23	10
892782	2488	19	10
892797	2502	23	10
892812	2516	19	10
892827	2524	16	10
892832	2534	15	10
892847	2542	12	10
892862	2547	9	10
892877	2556	5	10
892892	2556	6	10
892907	2560	3	10
892927	2560	-2	10
892942	2560	1	10
892947	2560	3	10
892962	2565	-2	10
892977	2565	-3	10
892992	2565	-2	10
893007	2565	-3	10
893022	2560	-9	10
893037	2556	-14	10
893042	2547	-17	10
893057	2538	-27	10
893073	2524	-32	10
893088	2506	-28	10
893103	2488	-26	10
893118	2475	-25	10
893133	2462	-19	10
893138	2452	-9	10
893153	2444	-4	10
893168	2444	-6	10
893183	2439	-7	10
893198	2434	-4	10
893213	2434	-3	10
893229	2430	-11	10
893244	2426	-15	10
893250	2416	-16	10
893265	2408	-14	10
893280	2398	-17	10
893295	2390	-15	10
893310	2380	-11	10
893325	2376	-7	10
893340	2372	1	10
893345	2372	6	10
893360	2372	3	10
893375	2376	5	10
893390	2376	14	10
893405	2385	10	10
893420	2390	0	10
893435	2390	1	10
893450	2390	11	10
893455	2398	20	10
893470	2408	25	10
893485	2421	25	10
893500	2434	28	10
893515	2452	22	10
893530	2466	14	10
893550	2470	6	10
893555	2475	2	10
893570	2475	0	10
893585	2475	-6	10
893600	2475	-14	10
893616	2470	-19	10
893631	2457	-18	10
893646	2448	-6	10
893651	2444	2	10
893666	2444	-1	10
893681	2444	-1	10
893696	2444	8	10
893711	2448	15	10
893726	2452	7	10
893741	2457	1	10
893756	2457	-9	10
893761	2457	-14	10
893776	2448	-13	10
893791	2444	-8	10
893806	2439	-11	10
893821	2430	-11	10
893836	2426	-4	10
893851	2426	7	10
893856	2426	3	10
893871	2426	1	10
893886	2426	1	10
893901	2426	3	10
893916	2430	0	10
893931	2430	-4	10
893951	2430	-9	10
893956	2426	-8	10
893971	2421	-5	10
893986	2416	-3	10
894001	2416	-2	10
894016	2416	2	10
894031	2416	4	10
894046	2416	6	10
894061	2416	2	10
894066	2416	0	10
894081	2416	-1	10
894097	2416	4	10
894112	2421	0	10
894127	2421	-4	10
894142	2421	-2	10
894157	2421	-1	10
894162	2421	-4	10
894177	2416	-3	10
894192	2416	7	10
894207	2416	14	10
894222	2426	13	10
894237	2430	12	10
894252	2439	14	10
894267	2448	12	10
894272	2452	11	10
894287	2457	18	10
894302	2470	19	10
894317	2480	17	10
894332	2488	15	10
894347	2498	20	10
894367	2511	19	10
894372	2520	11	10
894387	2524	7	10
894402	2529	9	10
894417	2534	11	10
894432	2542	11	10
894447	2547	14	10
894462	2556	18	10
894467	2565	19	10
894482	2574	18	10
894497	2588	18	10
894512	2596	15	10
894527	2606	10	10
894542	2610	15	10
894557	2619	18	10
894572	2628	5	10
894577	2632	-4	10
894592	2632	-2	10
894607	2632	1	10
894622	2632	-5	10
894637	2628	-17	10
894652	2619	-20	10
894667	2610	-21	10
894672	2596	-20	10
894687	2588	-21	10
894702	2574	-20	10
894717	2565	-16	10
894732	2556	-10	10
894747	2547	-3	10
894763	2547	-7	10
894779	2542	-11	10
894784	2538	-8	10
894799	2534	6	10
894814	2534	13	10
894829	2538	12	10
894845	2547	16	10
894860	2556	15	10
894875	2565	5	10
894880	2565	-3	10
894895	2565	-2	10
894910	2565	-1	10
894925	2565	-3	10
894940	2565	3	10
894955	2565	10	10
894970	2570	6	10
894975	2570	1	10
894990	2574	4	10
895005	2574	6	10
895020	2578	0	10
895035	2578	-9	10
895050	2578	-14	10
895070	2570	-12	10
895085	2560	-12	10
895091	2556	-12	10
895107	2547	-6	10
895122	2547	-5	10
895137	2542	-2	10
895153	2542	3	10
895168	2542	5	10
895183	2542	3	10
895188	2542	0	10
895203	2542	-2	10
895218	2542	-11	10
895233	2538	-15	10
895248	2534	-5	10
895263	2529	8	10
895278	2529	7	10
895284	2534	6	10
895299	2538	12	10
895314	2542	16	10
895330	2552	13	10
895345	2560	10	10
895360	2565	17	10
895375	2574	22	10
895390	2588	18	10
895395	2596	12	10
895410	2606	3	10
895426	2606	-2	10
895441	2606	-7	10
895456	2606	-1	10
895471	2606	0	10
895486	2606	-5	10
895491	2601	-6	10
895507	2596	-9	10
895522	2592	-18	10
895538	2583	-20	10
895553	2570	-9	10
895568	2565	2	10
895583	2565	-5	10
895598	2565	-14	10
895603	2556	-16	10
895618	2547	-10	10
895633	2542	-12	10
895648	2534	-16	10
895663	2524	-16	10
895678	2516	-12	10
895693	2511	-4	10
895698	2506	4	10
895713	2506	4	10
895728	2511	10	10
895743	2516	22	10
895758	2529	31	10
895773	2542	30	10
895788	2560	21	10
895793	2574	19	10
895808	2583	22	10
895823	2596	17	10
895838	2606	14	10
895853	2614	18	10
895868	2624	23	10
895883	2637	21	10
895903	2650	19	10
895908	2660	20	10
895923	2668	17	10
895938	2682	12	10
895953	2686	10	10
895968	2691	9	10
895984	2696	1	10
895999	2700	-6	10
896004	2700	-4	10
896019	2696	-7	10
896034	2691	-13	10
896049	2686	-17	10
896065	2678	-23	10
896081	2664	-24	10
896097	2650	-29	10
896102	2632	-26	10
896117	2619	-28	10
896132	2601	-31	10
896147	2583	-32	10
896162	2565	-29	10
896177	2552	-21	10
896192	2538	-18	10
896207	2529	-9	10
896212	2524	0	10
896227	2524	1	10
896242	2524	-3	10
896257	2524	9	10
896272	2524	20	10
896287	2534	20	10
896302	2547	11	10
896307	2552	12	10
896322	2560	13	10
896337	2565	9	10
896353	2570	1	10
896368	2574	-5	10
896383	2574	0	10
896398	2574	10	10
896413	2574	21	10
896418	2588	13	10
896433	2592	-1	10
896448	2592	0	10
896463	2592	-3	10
896478	2592	-12	10
896493	2588	-22	10
896508	2578	-17	10
896513	2565	-10	10
896528	2560	-7	10
896543	2556	-10	10
896558	2552	-5	10
896573	2547	1	10
896588	2547	2	10
896603	2547	3	10
896608	2547	3	10
896623	2552	2	10
896638	2552	6	10
896653	2556	7	10
896668	2560	3	10
896683	2560	-1	10
896703	2560	10	10
896718	2565	23	10
896723	2578	20	10
896738	2588	14	10
896753	2596	14	10
896768	2606	23	10
896784	2619	26	10
896799	2632	22	10
896814	2646	18	10
896819	2655	11	10
896835	2660	1	10
896850	2664	-8	10
896865	2660	-15	10
896880	2655	-18	10
896895	2642	-15	10
896910	2632	-7	10
896925	2632	-6	10
896930	2628	-11	10
896945	2619	-13	10
896960	2614	-12	10
896975	2606	-20	10
896990	2596	-30	10
897005	2578	-36	10
897020	2560	-36	10
897025	2538	-37	10
897040	2516	-34	10
897055	2498	-21	10
897070	2488	-8	10
897085	2484	-4	10
897100	2480	5	10
897115	2480	12	10
897120	2484	14	10
897135	2493	15	10
897150	2502	20	10
897165	2511	19	10
897180	2524	7	10
897195	2529	3	10
897215	2529	6	10
897230	2534	7	10
897235	2538	9	10
897250	2542	14	10
897265	2552	19	10
897280	2560	20	10
897295	2570	18	10
897310	2583	18	10
897325	2592	16	10
897330	2601	8	10
897345	2606	4	10
897360	2606	3	10
897375	2610	-3	10
897390	2610	-7	10
897405	2606	2	10
897420	2606	8	10
897425	2610	7	10
897441	2614	3	10
897456	2614	8	10
897471	2619	7	10
897486	2624	-4	10
897501	2624	-12	10
897516	2619	-14	10
897531	2610	-14	10
897536	2601	-16	10
897551	2592	-16	10
897566	2583	-14	10
897581	2578	-15	10
897596	2570	-13	10
897611	2560	-7	10
897626	2556	-17	10
897631	2547	-28	10
897646	2534	-25	10
897661	2516	-12	10
897676	2511	-9	10
897691	2506	-12	10
897706	2498	-9	10
897726	2493	-4	10
897741	2493	-2	10
897746	2488	0	10
897761	2488	9	10
897776	2493	14	10
897791	2498	11	10
897806	2506	11	10
897821	2511	10	10
897836	2516	8	10
897841	2520	11	10
897856	2529	17	10
897871	2538	12	10
897886	2542	1	10
897901	2547	10	10
897916	2552	23	10
897931	2565	19	10
897936	2574	13	10
897951	2583	21	10
897967	2592	27	10
897982	2610	19	10
897997	2619	7	10
898012	2624	6	10
898027	2628	10	10
898042	2632	11	10
898047	2637	14	10
898062	2646	18	10
898077	2655	16	10
898092	2664	13	10
898107	2673	17	10
898123	2682	12	10
898138	2691	2	10
898143	2691	1	10
898158	2691	0	10
898174	2691	-12	10
898189	2686	-32	10
898204	2668	-35	10
898219	2650	-34	10
898239	2632	-43	10
898254	2606	-55	10
898259	2574	-50	10
898274	2547	-44	10
898289	2524	-44	10
898304	2498	-45	10
898319	2475	-38	10
898334	2452	-42	10
898349	2430	-50	10
898354	2398	-49	10
898369	2372	-43	10
898384	2349	-43	10
898399	2322	-37	10
898414	2304	-21	10
898429	2290	-11	10
898444	2286	-6	10
898449	2282	-3	10
898464	2282	6	10
898479	2282	11	10
898494	2286	13	10
898509	2295	20	10
898524	2304	23	10
898540	2318	15	10
898555	2326	16	10
898560	2336	24	10
898575	2349	21	10
898590	2358	19	10
898605	2372	24	10
898620	2385	29	10
898635	2398	19	10
898655	2412	7	10
898660	2416	5	10
898675	2416	3	10
898690	2421	-8	10
898705	2421	-11	10
898720	2412	-5	10
898735	2412	-15	10
898750	2403	-31	10
898755	2385	-38	10
898770	2362	-36	10
898785	2344	-39	10
898800	2322	-38	10
898815	2300	-24	10
898830	2286	-11	10
898845	2282	0	10
898860	2282	17	10
898865	2286	34	10
898880	2304	36	10
898895	2326	34	10
898910	2344	39	10
898925	2367	40	10
898940	2390	30	10
898955	2403	21	10
898960	2416	23	10
898975	2430	18	10
898990	2439	4	10
899005	2444	-6	10
899020	2444	-7	10
899035	2439	-18	10
899050	2430	-24	10
899070	2416	-17	10
899075	2408	-8	10
899090	2403	-8	10
899105	2398	-10	10
899120	2390	-7	10
899135	2385	-9	10
899150	2380	-15	10
899165	2372	-16	10
899170	2362	-12	10
899185	2358	-16	10
899200	2349	-17	10
899215	2340	-8	10
899230	2336	-2	10
899245	2336	-1	10
899260	2331	1	10
899265	2331	4	10
899280	2331	1	10
899295	2331	1	10
899310	2331	15	10
899325	2340	23	10
899340	2354	19	10
899355	2367	14	10
899370	2372	18	10
899375	2385	14	10
899390	2390	11	10
899405	2398	15	10
899420	2408	27	10
899435	2421	27	10
899450	2434	20	10
899470	2448	19	10
899475	2457	20	10
899490	2470	19	10
899506	2480	12	10
899521	2488	9	10
899536	2493	-2	10
899551	2493	-7	10
899567	2488	-3	10
899572	2488	-4	10
899587	2488	-9	10
899602	2480	-10	10
899617	2475	-5	10
899632	2475	-7	10
899647	2470	-8	10
899662	2466	5	10
899677	2466	15	10
899682	2470	10	10
899697	2480	0	10
899712	2480	-1	10
899727	2480	6	10
899742	2480	2	10
899757	2480	4	10
899772	2484	5	10
899777	2488	1	10
899792	2488	-4	10
899807	2488	-2	10
899822	2488	5	10
899837	2488	-2	10
899852	2488	-9	10
899867	2484	-8	10
899887	2480	-2	10
899892	2480	-4	10
899907	2475	-4	10
899922	2475	-1	10
899937	2475	-1	10
899952	2475	-1	10
899967	2470	3	10
899982	2470	12	10
899987	2475	7	10
900002	2480	6	10
900017	2484	7	10
900033	2488	4	10
900048	2488	-3	10
900063	2488	0	10
900078	2488	12	10
900083	2498	12	10
900098	2502	0	10
900113	2502	4	10
900128	2506	13	10
900143	2511	8	10
900158	2516	4	10
900173	2520	7	10
900188	2524	13	10
900193	2529	16	10
900209	2538	6	10
900225	2542	1	10
900240	2542	-4	10
900255	2542	-6	10
900270	2542	2	10
900285	2542	6	10
900290	2542	7	10
900305	2547	7	10
900321	2552	8	10
900337	2556	-2	10
900352	2556	-6	10
900367	2552	2	10
900382	2552	12	10
900397	2556	5	10
900402	2560	-11	10
900418	2556	-15	10
900433	2552	-16	10
900448	2542	-24	10
900463	2529	-26	10
900478	2511	-21	10
900493	2502	-16	10
900498	2493	-16	10
900513	2484	-9	10
900528	2480	-3	10
900543	2475	-6	10
900558	2470	-5	10
900573	2470	-1	10
900588	2470	1	10
900593	2470	-1	10
900608	2470	2	10
900623	2470	6	10
900638	2470	8	10
900653	2475	5	10
900668	2475	10	10
900683	2484	18	10
900698	2493	16	10
900703	2502	17	10
900718	2511	19	10
900733	2520	24	10
900748	2534	19	10
900763	2547	17	10
900778	2556	20	10
900798	2565	12	10
900803	2574	1	10
900818	2574	5	10
900833	2578	18	10
900848	2588	19	10
900863	2596	20	10
900878	2610	25	10
900893	2624	29	10
900898	2642	27	10
900913	2655	23	10
900928	2668	17	10
900943	2678	9	10
900958	2682	-3	10
900974	2682	-9	10
900989	2678	-18	10
901004	2668	-26	10
901009	2655	-38	10
901024	2632	-36	10
901040	2614	-30	10
901055	2596	-32	10
901070	2578	-26	10
901085	2565	-20	10
901101	2552	-19	10
901106	2542	-19	10
901121	2529	-19	10
901136	2520	-22	10
901151	2506	-29	10
901166	2493	-27	10
901181	2475	-13	10
901196	2470	-8	10
901211	2466	-7	10
901216	2462	8	10
901231	2462	21	10
901246	2475	23	10
901261	2484	21	10
901276	2498	21	10
901291	2511	20	10
901311	2520	18	10
901316	2529	17	10
901331	2542	16	10
901346	2552	9	10
901361	2556	8	10
901376	2560	10	10
901391	2565	9	10
901406	2570	11	10
901411	2574	6	10
901426	2578	7	10
901441	2583	7	10
901456	2588	3	10
901471	2588	3	10
901486	2592	1	10
901501	2592	-5	10
901516	2592	-8	10
901521	2588	2	10
901536	2588	7	10
901551	2588	-4	10
901566	2588	-4	10
901581	2588	1	10
901596	2588	-1	10
901612	2588	-15	10
901617	2578	-20	10
901633	2570	-20	10
901649	2556	-23	10
901664	2542	-25	10
901679	2529	-15	10
901694	2520	-8	10
901709	2516	-12	10
901714	2511	-15	10
901730	2502	-18	10
901745	2493	-18	10
901760	2484	-14	10
901775	2475	-3	10
901790	2470	5	10
901805	2470	4	10
901820	2475	2	10
901825	2475	7	10
901840	2480	10	10
901856	2484	5	10
901871	2488	5	10
901886	2488	8	10
901901	2493	4	10
901916	2498	-4	10
901921	2498	-4	10
901936	2498	-6	10
901951	2493	-6	10
901966	2488	4	10
901981	2488	21	10
901996	2498	28	10
902011	2516	28	10
902026	2529	29	10
902031	2547	32	10
902046	2565	23	10
902062	2578	17	10
902077	2588	20	10
902092	2601	23	10
902107	2610	26	10
902122	2628	29	10
902127	2642	30	10
902142	2660	23	10
902157	2673	16	10
902172	2682	15	10
902187	2691	14	10
902202	2700	2	10
902222	2700	-8	10
902227	2700	-12	10
902242	2691	-20	10
902257	2682	-30	10
902272	2664	-31	10
902287	2646	-31	10
902302	2628	-33	10
902317	2610	-36	10
902332	2592	-25	10
902337	2574	-17	10
902352	2565	-20	10
902367	2556	-19	10
902382	2542	-11	10
902397	2538	-9	10
902412	2534	-15	10
902427	2524	-15	10
902432	2516	-13	10
902447	2511	-18	10
902462	2498	-22	10
902477	2488	-21	10
902492	2475	-16	10
902507	2466	-7	10
902522	2462	2	10
902542	2462	10	10
902547	2466	13	10
902562	2470	11	10
902578	2480	17	10
902593	2488	23	10
902608	2502	21	10
902623	2511	16	10
902638	2520	18	10
902643	2534	17	10
902658	2542	9	10
902674	2547	9	10
902689	2552	16	10
902704	2560	16	10
902719	2570	15	10
902734	2578	22	10
902739	2592	27	10
902754	2606	21	10
902769	2619	15	10
902784	2624	12	10
902799	2632	8	10
902814	2637	2	10
902829	2637	-1	10
902844	2637	-9	10
902849	2637	-14	10
902864	2628	-15	10
902879	2619	-9	10
902894	2614	-6	10
902909	2610	-8	10
902924	2606	-9	10
902940	2601	-3	10
902945	2601	-8	10
902961	2596	-16	10
902977	2588	-19	10
902993	2574	-19	10
903009	2565	-30	10
903025	2547	-33	10
903041	2529	-28	10
903046	2516	-18	10
903062	2502	-15	10
903078	2498	-10	10
903094	2488	3	10
903110	2488	11	10
903126	2493	11	10
903141	2502	18	10
903157	2511	26	10
903162	2524	22	10
903177	2538	17	10
903192	2547	12	10
903207	2552	9	10
903222	2560	5	10
903237	2560	10	10
903252	2565	16	10
903258	2574	18	10
903273	2588	20	10
903288	2596	21	10
903303	2610	20	10
903318	2619	16	10
903334	2628	13	10
903349	2637	17	10
903365	2646	17	10
903370	2655	7	10
903385	2660	-4	10
903400	2660	-6	10
903415	2660	-14	10
903430	2650	-14	10
903445	2642	-6	10
903460	2637	1	10
903465	2637	4	10
903480	2637	2	10
903495	2637	1	10
903510	2642	-5	10
903525	2642	-11	10
903540	2632	-20	10
903555	2624	-28	10
903560	2606	-39	10
903575	2588	-43	10
903590	2560	-34	10
903605	2542	-24	10
903620	2529	-12	10
903635	2520	-6	10
903650	2520	1	10
903665	2520	1	10
903670	2520	-3	10
903685	2520	-2	10
903700	2516	1	10
903715	2516	2	10
903730	2516	5	10
903745	2516	15	10
903760	2524	21	10
903765	2538	28	10
903780	2552	30	10
903795	2570	30	10
903810	2588	24	10
903825	2601	17	10
903841	2610	27	10
903856	2624	30	10
903861	2642	23	10
903876	2655	16	10
903891	2664	23	10
903906	2678	24	10
903921	2691	23	10
903936	2704	21	10
903951	2714	18	10
903966	2727	13	10
903971	2732	12	10
903986	2740	14	10
904001	2750	13	10
904016	2754	13	10
904031	2763	11	10
904046	2768	3	10
904061	2772	-18	10
904066	2763	-30	10
904081	2745	-27	10
904096	2732	-22	10
904111	2718	-23	10
904126	2704	-25	10
904141	2691	-23	10
904156	2678	-25	10
904171	2664	-33	10
904177	2646	-33	10
904192	2628	-29	10
904207	2610	-31	10
904222	2596	-35	10
904237	2574	-35	10
904252	2556	-37	10
904267	2534	-38	10
904272	2511	-35	10
904287	2493	-25	10
904302	2480	-20	10
904317	2466	-19	10
904332	2457	-11	10
904347	2452	-5	10
904364	2448	-3	10
904369	2448	3	10
904385	2448	18	10
904401	2452	24	10
904417	2466	15	10
904433	2475	10	10
904448	2484	12	10
904464	2488	13	10
904479	2498	9	10
904484	2502	16	10
904499	2511	29	10
904514	2524	28	10
904529	2542	21	10
904544	2556	21	10
904559	2565	17	10
904574	2574	5	10
904579	2578	-2	10
904594	2578	-7	10
904609	2578	-6	10
904624	2574	-1	10
904639	2574	5	10
904654	2574	7	10
904669	2574	0	10
904684	2574	-2	10
904689	2574	1	10
904704	2574	-4	10
904719	2574	-16	10
904734	2570	-23	10
904749	2556	-22	10
904764	2542	-18	10
904779	2534	-16	10
904784	2524	-9	10
904799	2520	-4	10
904814	2516	-4	10
904829	2516	-7	10
904844	2511	-9	10
904859	2506	-15	10
904874	2498	-15	10
904879	2488	-6	10
904895	2484	3	10
904910	2484	1	10
904925	2484	-2	10
904940	2484	2	10
904955	2484	7	10
904970	2488	11	10
904990	2493	12	10
904995	2502	17	10
905010	2511	20	10
905025	2520	16	10
905040	2529	13	10
905055	2538	8	10
905070	2542	-3	10
905085	2542	-7	10
905091	2538	-5	10
905106	2538	-5	10
905121	2534	-4	10
905136	2534	0	10
905151	2534	7	10
905166	2534	8	10
905181	2538	11	10
905186	2542	18	10
905201	2552	21	10
905216	2565	15	10
905231	2574	8	10
905246	2578	13	10
905261	2583	14	10
905276	2592	7	10
905291	2596	5	10
905296	2601	12	10
905311	2606	10	10
905326	2610	1	10
905341	2614	-5	10
905356	2614	-4	10
905371	2610	2	10
905386	2610	6	10
905391	2610	12	10
905406	2619	12	10
905421	2624	15	10
905436	2632	23	10
905451	2646	28	10
905467	2664	23	10
905483	2678	16	10
905498	2686	28	10
905503	2700	37	10
905518	2722	31	10
905533	2740	22	10
905548	2750	21	10
905563	2763	15	10
905578	2772	3	10
905598	2772	-5	10
905603	2772	-13	10
905618	2768	-22	10
905633	2754	-29	10
905648	2736	-24	10
905663	2722	-15	10
905678	2718	-8	10
905693	2714	-10	10
905698	2704	-10	10
905713	2700	-21	10
905728	2686	-28	10
905743	2673	-24	10
905758	2660	-20	10
905773	2646	-21	10
905788	2637	-22	10
905803	2624	-14	10
905808	2614	-14	10
905823	2610	-15	10
905838	2601	-6	10
905853	2596	9	10
905868	2596	11	10
905883	2606	10	10
905898	2610	14	10
905903	2619	19	10
905918	2628	18	10
905933	2637	16	10
905948	2646	21	10
905963	2660	18	10
905978	2668	15	10
905998	2678	16	10
906013	2686	24	10
906018	2700	21	10
906033	2714	15	10
906048	2718	15	10
906063	2727	20	10
906078	2740	15	10
906093	2750	11	10
906108	2754	11	10
906113	2758	14	10
906128	2768	15	10
906143	2776	10	10
906158	2781	-5	10
906173	2781	-24	10
906188	2772	-27	10
906203	2754	-17	10
906208	2745	-16	10
906223	2736	-23	10
906238	2722	-21	10
906253	2714	-13	10
906269	2704	-15	10
906284	2696	-28	10
906299	2682	-28	10
906314	2664	-20	10
906319	2655	-18	10
906334	2642	-21	10
906349	2632	-24	10
906364	2619	-25	10
906380	2606	-18	10
906395	2592	-10	10
906410	2588	-1	10
906415	2588	-3	10
906430	2588	-1	10
906445	2583	9	10
906460	2588	15	10
906475	2596	12	10
906490	2601	12	10
906510	2610	20	10
906515	2619	20	10
906530	2632	15	10
906545	2637	17	10
906560	2650	25	10
906575	2664	20	10
906590	2673	18	10
906605	2682	29	10
906620	2700	29	10
906625	2718	24	10
906640	2732	19	10
906655	2740	26	10
906670	2754	22	10
906685	2768	7	10
906701	2772	-8	10
906716	2772	-10	10
906721	2768	-20	10
906736	2754	-26	10
906751	2740	-26	10
906766	2727	-19	10
906781	2714	-14	10
906796	2704	-10	10
906812	2700	-3	10
906827	2700	-2	10
906832	2700	-4	10
906847	2696	0	10
906862	2696	-3	10
906877	2696	-12	10
906892	2686	-15	10
906907	2678	-4	10
906922	2678	-2	10
906927	2678	-1	10
906942	2673	10	10
906957	2678	26	10
906972	2691	20	10
906987	2704	13	10
907002	2709	21	10
907022	2722	26	10
907027	2736	26	10
907042	2750	18	10
907057	2763	16	10
907072	2772	10	10
907087	2776	1	10
907102	2776	1	10
907117	2776	1	10
907132	2776	1	10
907137	2776	2	10
907152	2781	4	10
907168	2781	0	10
907184	2781	-15	10
907199	2776	-14	10
907214	2768	-6	10
907229	2768	-5	10
907234	2763	-13	10
907249	2754	-16	10
907264	2745	-10	10
907279	2740	-20	10
907294	2732	-25	10
907309	2714	-22	10
907324	2704	-14	10
907329	2696	-16	10
907344	2686	-2	10
907359	2686	14	10
907374	2691	10	10
907389	2696	1	10
907404	2696	3	10
907419	2696	12	10
907434	2704	16	10
907439	2714	17	10
907454	2722	22	10
907469	2736	29	10
907484	2750	30	10
907499	2768	34	10
907514	2786	34	10
907534	2808	27	10
907539	2822	19	10
907554	2830	25	10
907569	2844	24	10
907584	2858	14	10
907599	2866	13	10
907614	2876	21	10
907629	2884	14	10
907644	2894	-1	10
907649	2894	-7	10
907664	2894	-5	10
907679	2889	-9	10
907694	2884	-9	10
907709	2880	-8	10
907724	2876	-17	10
907739	2866	-32	10
907744	2848	-36	10
907759	2830	-39	10
907774	2808	-45	10
907789	2781	-45	10
907804	2754	-37	10
907819	2736	-29	10
907834	2718	-33	10
907839	2700	-40	10
907854	2678	-32	10
907869	2660	-28	10
907884	2646	-31	10
907899	2628	-24	10
907914	2614	-17	10
907934	2606	-14	10
907949	2596	-10	10
907954	2592	-7	10
907969	2588	-6	10
907984	2583	-4	10
907999	2578	6	10
908014	2578	15	10
908029	2588	17	10
908045	2596	14	10
908050	2606	24	10
908065	2619	37	10
908080	2642	32	10
908095	2660	25	10
908110	2673	27	10
908125	2686	26	10
908140	2700	17	10
908155	2714	14	10
908160	2718	19	10
908175	2732	16	10
908190	2740	12	10
908207	2745	14	10
908222	2754	16	10
908237	2763	7	10
908252	2768	0	10
908257	2768	-2	10
908272	2768	-11	10
908287	2763	-29	10
908302	2745	-28	10
908317	2732	-21	10
908332	2718	-23	10
908347	2704	-27	10
908352	2691	-26	10
908367	2678	-22	10
908382	2664	-22	10
908397	2650	-22	10
908412	2642	-17	10
908427	2628	-18	10
908442	2619	-16	10
908462	2610	-5	10
908467	2610	0	10
908482	2610	-4	10
908497	2606	-13	10
908512	2596	-6	10
908528	2596	-2	10
908544	2592	-9	10
908560	2588	-9	10
908565	2583	9	10
908581	2583	17	10
908597	2596	13	10
908612	2601	13	10
908627	2610	19	10
908642	2619	21	10
908657	2632	23	10
908662	2646	21	10
908677	2655	21	10
908693	2668	16	10
908708	2678	13	10
908723	2686	7	10
908738	2686	-1	10
908753	2686	-2	10
908768	2686	6	10
908773	2691	11	10
908788	2696	4	10
908803	2700	1	10
908818	2700	2	10
908833	2700	-1	10
908848	2700	-16	10
908863	2696	-25	10
908868	2682	-30	10
908883	2664	-31	10
908898	2646	-33	10
908913	2628	-25	10
908928	2614	-15	10
908943	2606	-14	10
908958	2596	-12	10
908973	2592	-7	10
908978	2588	-8	10
908993	2583	-16	10
909008	2574	-15	10
909023	2565	-10	10
909038	2560	-18	10
909053	2547	-25	10
909068	2534	-22	10
909073	2524	-15	10
909088	2516	-15	10
909103	2506	-12	10
909118	2498	-1	10
909133	2498	4	10
909148	2498	7	10
909163	2502	11	10
909168	2506	15	10
909183	2516	12	10
909198	2520	17	10
909213	2534	19	10
909228	2542	20	10
909243	2552	12	10
909258	2560	18	10
909278	2570	32	10
909283	2588	37	10
909298	2610	25	10
909313	2624	22	10
909328	2637	25	10
909343	2650	20	10
909358	2660	15	10
909373	2668	13	10
909378	2678	11	10
909393	2682	7	10
909408	2686	0	10
909423	2686	-6	10
909438	2686	-17	10
909453	2678	-27	10
909468	2664	-21	10
909473	2650	-20	10
909488	2642	-28	10
909503	2624	-28	10
909518	2610	-26	10
909533	2592	-33	10
909548	2574	-43	10
909563	2552	-40	10
909578	2529	-30	10
909583	2511	-22	10
909598	2498	-24	10
909613	2484	-20	10
909628	2475	-18	10
909643	2466	-21	10
909658	2452	-20	10
909678	2439	-17	10
909683	2430	-18	10
909698	2421	-16	10
909713	2412	-8	10
909728	2408	5	10
909743	2408	9	10
909758	2412	10	10
909773	2416	18	10
909788	2426	20	10
909793	2439	8	10
909808	2444	4	10
909823	2444	8	10
909838	2448	7	10
909853	2452	1	10
909868	2452	0	10
909883	2452	-1	10
909888	2452	-1	10
909904	2452	0	10
909919	2452	3	10
909934	2457	-1	10
909949	2457	-10	10
909964	2452	-17	10
909979	2444	-19	10
909984	2434	-24	10
909999	2421	-25	10
910014	2403	-16	10
910029	2394	-5	10
910044	2394	-4	10
910059	2390	-7	10
910074	2385	-6	10
910090	2385	-9	10
910095	2380	-10	10
910110	2372	-7	10
910125	2367	1	10
910140	2367	7	10
910155	2372	14	10
910170	2376	26	10
910185	2394	23	10
910190	2403	9	10
910205	2412	-2	10
910220	2412	10	10
910235	2416	10	10
910250	2421	-3	10
910270	2421	-4	10
910285	2421	-1	10
910300	2421	7	10
910305	2421	6	10
910320	2421	3	10
910335	2426	-8	10
910350	2426	-14	10
910365	2416	-8	10
910380	2412	-10	10
910396	2408	-15	10
910401	2398	-14	10
910416	2390	-3	10
910431	2390	4	10
910446	2390	-4	10
910461	2390	-8	10
910476	2385	1	10
910491	2385	3	10
910496	2385	-4	10
910511	2385	-18	10
910526	2372	-21	10
910541	2362	-16	10
910557	2354	-13	10
910572	2344	-7	10
910587	2340	-4	10
910602	2340	-5	10
910608	2336	3	10
910623	2336	8	10
910638	2340	6	10
910653	2340	4	10
910668	2344	11	10
910683	2349	15	10
910698	2358	7	10
910703	2362	-3	10
910718	2362	4	10
910733	2362	7	10
910748	2367	0	10
910763	2367	-6	10
910778	2367	-3	10
910798	2367	2	10
910803	2367	-3	10
910818	2367	-12	10
910834	2358	-17	10
910849	2349	-15	10
910864	2340	1	10
910879	2340	14	10
910894	2344	9	10
910909	2349	-2	10
910914	2349	6	10
910929	2354	18	10
910944	2362	20	10
910959	2376	12	10
910974	2380	14	10
910989	2390	23	10
911004	2403	18	10
911009	2412	-1	10
911024	2412	-13	10
911039	2408	-15	10
911054	2398	-11	10
911069	2394	-4	10
911084	2390	-6	10
911100	2390	-11	10
911115	2380	-4	10
911120	2380	8	10
911135	2380	9	10
911151	2385	-7	10
911166	2385	-10	10
911181	2380	-2	10
911196	2376	-5	10
911212	2376	-18	10
911217	2367	-23	10
911232	2354	-19	10
911247	2340	-17	10
911262	2331	-21	10
911277	2322	-22	10
911292	2308	-14	10
911307	2300	5	10
911312	2300	17	10
911327	2308	12	10
911342	2313	6	10
911357	2318	11	10
911372	2326	21	10
911387	2336	12	10
911402	2344	-7	10
911417	2344	-9	10
911422	2340	9	10
911438	2340	12	10
911453	2344	-3	10
911468	2344	-17	10
911483	2340	-11	10
911498	2331	2	10
911514	2331	2	10
911519	2331	-3	10
911534	2331	-6	10
911549	2331	6	10
911564	2331	20	10
911579	2340	23	10
911594	2354	14	10
911609	2362	8	10
911614	2367	16	10
911629	2376	14	10
911645	2380	3	10
911660	2385	-4	10
911675	2385	4	10
911690	2385	14	10
911705	2394	6	10
911725	2394	3	10
911730	2398	6	10
911746	2398	13	10
911761	2408	12	10
911776	2416	3	10
911791	2416	-6	10
911807	2416	-8	10
911822	2412	-6	10
911828	2408	0	10
911843	2408	-3	10
911858	2408	-7	10
911874	2403	-5	10
911889	2398	-5	10
911904	2398	-17	10
911919	2390	-19	10
911934	2376	-9	10
911939	2372	-4	10
911954	2372	-12	10
911969	2362	-23	10
911984	2349	-21	10
911999	2340	-14	10
912014	2331	-9	10
912029	2326	-8	10
912034	2322	-8	10
912049	2318	2	10
912064	2318	12	10
912079	2322	15	10
912094	2331	6	10
912109	2331	-5	10
912124	2331	-2	10
912129	2331	2	10
912144	2331	-8	10
912160	2331	-20	10
912175	2318	-17	10
912190	2308	-3	10
912205	2308	-1	10
912220	2304	-7	10
912235	2304	-3	10
912240	2300	5	10
912255	2300	12	10
912270	2304	9	10
912285	2313	2	10
912301	2313	-5	10
912316	2313	1	10
912331	2313	11	10
912336	2318	9	10
912351	2322	10	10
912366	2326	21	10
912381	2340	28	10
912396	2354	19	10
912411	2367	4	10
912426	2367	10	10
912446	2372	18	10
912452	2385	15	10
912467	2390	4	10
912483	2394	1	10
912498	2394	8	10
912513	2398	9	10
912528	2403	-1	10
912543	2403	-11	10
912548	2403	-12	10
912563	2394	-2	10
912578	2394	2	10
912593	2394	-8	10
912608	2390	-25	10
912623	2376	-22	10
912638	2362	-17	10
912643	2354	-19	10
912658	2344	-36	10
912673	2322	-37	10
912688	2304	-23	10
912703	2290	-12	10
912718	2282	-11	10
912733	2277	-13	10
912748	2268	-15	10
912753	2259	-14	10
912768	2254	-8	10
912784	2250	-6	10
912799	2246	-8	10
912814	2241	-10	10
912829	2236	-5	10
912844	2232	-9	10
912849	2228	-12	10
912864	2218	-6	10
912879	2218	8	10
912894	2218	14	10
912909	2223	11	10
912924	2232	10	10
912939	2236	19	10
912944	2246	18	10
912959	2259	12	10
912974	2264	3	10
912989	2268	2	10
913004	2268	7	10
913019	2272	9	10
913034	2277	2	10
913049	2277	-7	10
913054	2277	-9	10
913069	2272	0	10
913084	2272	8	10
913099	2272	0	10
913115	2272	-3	10
913130	2272	6	10
913145	2272	12	10
913150	2282	4	10
913165	2282	-2	10
913180	2282	5	10
913195	2286	7	10
913211	2290	-3	10
913226	2290	-21	10
913246	2282	-30	10
913261	2264	-25	10
913266	2250	-10	10
913281	2241	-5	10
913296	2241	-8	10
913311	2236	-16	10
913326	2228	-11	10
913341	2218	-8	10
913356	2214	-17	10
913361	2205	-22	10
913376	2196	-18	10
913391	2182	-13	10
913406	2178	-18	10
913421	2164	-25	10
913436	2151	-19	10
913451	2142	-5	10
913457	2138	2	10
913472	2138	6	10
913487	2138	11	10
913502	2146	19	10
913517	2156	25	10
913532	2169	29	10
913547	2187	22	10
913562	2200	19	10
913567	2210	28	10
913582	2228	41	10
913597	2250	36	10
913612	2268	23	10
913627	2282	25	10
913642	2295	41	10
913663	2318	46	10
913668	2344	38	10
913683	2367	35	10
913698	2385	39	10
913713	2408	39	10
913728	2430	28	10
913743	2444	22	10
913758	2457	18	10
913763	2466	22	10
913778	2480	19	10
913793	2493	10	10
913808	2498	-4	10
913823	2498	-7	10
913838	2493	2	10
913853	2493	-2	10
913868	2493	-11	10
913873	2488	-12	10
913888	2480	-3	10
913903	2480	3	10
913918	2480	-5	10
913933	2480	-10	10
913948	2475	-13	10
913963	2466	-14	10
913968	2457	-21	10
913983	2448	-27	10
913998	2430	-27	10
914013	2416	-19	10
914028	2403	-8	10
914043	2398	-7	10
914058	2398	-9	10
914073	2390	-1	10
914078	2390	13	10
914093	2394	22	10
914108	2408	10	10
914123	2412	-2	10
914138	2412	0	10
914154	2412	5	10
914169	2412	6	10
914174	2416	9	10
914189	2421	5	10
914204	2426	7	10
914219	2430	10	10
914234	2434	9	10
914250	2439	-3	10
914265	2439	-10	10
914270	2434	-7	10
914285	2434	0	10
914300	2434	1	10
914315	2434	-3	10
914330	2430	1	10
914345	2430	5	10
914365	2430	2	10
914380	2430	-4	10
914385	2430	-7	10
914400	2430	-11	10
914415	2426	-14	10
914430	2416	-21	10
914445	2403	-23	10
914460	2390	-18	10
914475	2380	-5	10
914480	2376	7	10
914495	2376	8	10
914510	2380	5	10
914525	2385	8	10
914540	2390	13	10
914555	2398	11	10
914570	2403	7	10
914585	2408	9	10
914590	2412	11	10
914605	2416	8	10
914620	2421	-4	10
914635	2421	-10	10
914650	2421	-13	10
914665	2412	-9	10
914685	2408	-5	10
914690	2403	-1	10
914705	2403	5	10
914720	2403	12	10
914735	2408	12	10
914751	2416	4	10
914766	2416	-12	10
914781	2416	-21	10
914786	2403	-17	10
914801	2394	-11	10
914816	2390	-14	10
914831	2380	-11	10
914846	2372	3	10
914862	2372	7	10
914877	2376	4	10
914892	2376	0	10
914897	2376	-2	10
914913	2376	-6	10
914928	2376	-4	10
914943	2376	2	10
914958	2376	0	10
914973	2376	0	10
914988	2376	2	10
914993	2376	8	10
915008	2376	2	10
915023	2380	-1	10
915038	2380	1	10
915053	2380	6	10
915068	2380	7	10
915083	2385	9	10
915088	2390	12	10
915103	2398	13	10
915118	2403	13	10
915133	2412	9	10
915148	2416	8	10
915163	2421	9	10
915178	2426	14	10
915198	2434	30	10
915203	2452	41	10
915218	2475	38	10
915233	2498	33	10
915248	2516	22	10
915263	2529	12	10
915278	2534	5	10
915293	2538	10	10
915298	2542	22	10
915313	2556	21	10
915329	2565	16	10
915344	2574	10	10
915359	2583	9	10
915374	2588	10	10
915389	2592	13	10
915404	2601	16	10
915409	2610	15	10
915424	2614	24	10
915439	2628	36	10
915454	2650	41	10
915469	2673	34	10
915484	2691	28	10
915499	2709	28	10
915504	2722	25	10
915520	2736	20	10
915535	2750	15	10
915550	2758	16	10
915565	2768	15	10
915580	2776	6	10
915596	2776	4	10
915601	2781	5	10
915616	2786	0	10
915631	2786	-5	10
915646	2786	-13	10
915661	2776	-26	10
915676	2763	-32	10
915691	2745	-28	10
915706	2727	-25	10
915711	2714	-38	10
915726	2696	-34	10
915741	2673	-32	10
915756	2655	-26	10
915771	2642	-31	10
915786	2624	-32	10
915801	2606	-30	10
915806	2588	-20	10
915821	2578	-18	10
915836	2570	-13	10
915852	2560	-8	10
915867	2556	-7	10
915882	2552	-7	10
915898	2547	-3	10
915913	2547	5	10
915918	2547	12	10
915933	2552	24	10
915948	2565	40	10
915963	2588	43	10
915979	2614	42	10
915994	2637	49	10
916009	2664	55	10
916014	2696	48	10
916029	2722	39	10
916044	2745	43	10
916059	2768	41	10
916074	2790	34	10
916089	2808	26	10
916109	2826	22	10
916114	2835	16	10
916129	2844	10	10
916144	2853	5	10
916159	2853	1	10
916174	2853	-4	10
916189	2853	-5	10
916204	2853	-12	10
916219	2848	-24	10
916224	2835	-32	10
916239	2817	-31	10
916254	2799	-28	10
916269	2781	-28	10
916285	2768	-29	10
916300	2750	-24	10
916315	2736	-23	10
916320	2722	-26	10
916335	2709	-25	10
916350	2696	-25	10
916365	2682	-26	10
916380	2668	-31	10
916396	2650	-24	10
916411	2637	-13	10
916416	2628	-9	10
916431	2624	-2	10
916446	2624	17	10
916461	2628	30	10
916476	2646	38	10
916491	2664	44	10
916506	2691	49	10
916526	2718	47	10
916531	2745	46	10
916546	2772	48	10
916561	2799	48	10
916576	2826	46	10
916591	2848	43	10
916607	2876	40	10
916623	2898	29	10
916628	2912	25	10
916643	2930	27	10
916658	2943	27	10
916674	2956	14	10
916689	2966	-2	10
916704	2966	-5	10
916720	2966	-9	10
916735	2961	-21	10
916740	2948	-34	10
916755	2930	-36	10
916770	2912	-41	10
916785	2884	-43	10
916800	2862	-40	10
916815	2840	-47	10
916830	2812	-47	10
916835	2786	-36	10
916850	2768	-27	10
916865	2750	-30	10
916880	2736	-36	10
916895	2714	-30	10
916910	2696	-21	10
916925	2686	-24	10
916930	2673	-22	10
916945	2660	-16	10
916960	2650	-2	10
916975	2650	4	10
916990	2650	7	10
917005	2650	14	10
917020	2660	20	10
917035	2673	27	10
917040	2686	38	10
917055	2709	46	10
917070	2732	44	10
917085	2758	35	10
917100	2776	30	10
917116	2794	29	10
917131	2812	31	10
917136	2830	31	10
917151	2844	28	10
917167	2862	18	10
917183	2871	14	10
917198	2880	15	10
917213	2889	6	10
917228	2894	-13	10
917233	2889	-21	10
917248	2876	-19	10
917263	2866	-23	10
917278	2853	-31	10
917293	2835	-28	10
917308	2822	-24	10
917324	2808	-21	10
917339	2794	-15	10
917344	2786	-6	10
917359	2781	-6	10
917374	2781	-15	10
917389	2772	-18	10
917404	2758	-13	10
917419	2754	-6	10
917434	2750	-6	10
917439	2745	1	10
917454	2745	9	10
917469	2750	19	10
917484	2758	23	10
917499	2772	29	10
917515	2790	29	10
917530	2804	23	10
917545	2817	23	10
917550	2830	24	10
917565	2844	15	10
917580	2853	15	10
917595	2862	22	10
917610	2871	30	10
917625	2889	20	10
917645	2902	17	10
917650	2912	21	10
917666	2920	26	10
917681	2938	20	10
917696	2948	9	10
917711	2952	1	10
917726	2952	-10	10
917741	2952	-13	10
917746	2943	-22	10
917762	2934	-22	10
917777	2920	-9	10
917792	2916	13	10
917807	2920	33	10
917822	2938	46	10
917837	2961	58	10
917852	2997	61	10
917857	3028	50	10
917872	3060	26	10
917887	3074	17	10
917902	3082	16	10
917917	3092	18	10
917932	3100	11	10
917947	3110	6	10
917952	3110	10	10
917967	3118	7	10
917982	3118	-5	10
917997	3118	-16	10
918013	3114	-28	10
918028	3096	-29	10
918043	3082	-24	10
918058	3069	-25	10
918063	3051	-23	10
918078	3042	-22	10
918094	3028	-16	10
918109	3020	-11	10
918124	3010	-20	10
918139	3002	-25	10
918154	2988	-19	10
918159	2974	-16	10
918174	2966	-15	10
918189	2961	-15	10
918204	2952	-15	10
918219	2943	-18	10
918234	2934	-20	10
918249	2920	-15	10
918254	2912	-4	10
918269	2912	-1	10
918284	2912	-1	10
918300	2907	5	10
918315	2907	11	10
918330	2916	14	10
918345	2920	21	10
918365	2934	24	10
918370	2948	20	10
918385	2956	16	10
918400	2966	22	10
918416	2979	26	10
918432	2992	22	10
918447	3006	19	10
918462	3020	23	10
918467	3028	25	10
918482	3046	22	10
918497	3056	12	10
918512	3064	9	10
918527	3069	2	10
918542	3069	-4	10
918557	3069	-7	10
918562	3069	-9	10
918577	3064	-11	10
918592	3056	-11	10
918607	3051	-9	10
918622	3046	-13	10
918637	3038	-24	10
918653	3024	-32	10
918668	3006	-32	10
918674	2988	-29	10
918690	2970	-25	10
918706	2956	-20	10
918721	2948	-11	10
918737	2938	-8	10
918752	2934	-1	10
918767	2934	9	10
918773	2938	5	10
918789	2938	0	10
918804	2938	-1	10
918819	2938	8	10
918835	2943	9	10
918850	2948	10	10
918865	2952	14	10
918880	2961	21	10
918885	2974	22	10
918900	2988	23	10
918915	2997	19	10
918930	3010	15	10
918945	3020	15	10
918960	3028	15	10
918975	3033	10	10
918980	3042	2	10
918995	3042	-2	10
919010	3042	-6	10
919025	3042	-15	10
919040	3033	-28	10
919055	3015	-30	10
919070	3002	-17	10
919075	2992	-7	10
919090	2988	-5	10
919105	2984	-4	10
919120	2984	-4	10
919135	2979	-12	10
919150	2974	-22	10
919165	2961	-32	10
919180	2943	-35	10
919185	2920	-32	10
919200	2902	-25	10
919216	2889	-21	10
919231	2880	-21	10
919247	2866	-13	10
919262	2858	-4	10
919277	2858	-3	10
919282	2858	-2	10
919297	2853	6	10
919312	2853	18	10
919327	2862	23	10
919342	2876	26	10
919357	2894	35	10
919372	2912	43	10
919377	2934	47	10
919392	2961	48	10
919407	2988	52	10
919422	3020	54	10
919437	3046	53	10
919452	3078	39	10
919467	3100	30	10
919482	3118	25	10
919487	3132	19	10
919502	3141	14	10
919517	3150	11	10
919532	3154	8	10
919547	3159	8	10
919562	3164	9	10
919583	3168	1	10
919588	3172	-4	10
919603	3172	-2	10
919618	3172	-4	10
919633	3168	-18	10
919648	3159	-33	10
919664	3141	-34	10
919680	3123	-36	10
919696	3100	-35	10
919701	3082	-35	10
919717	3060	-25	10
919732	3046	-13	10
919747	3042	-11	10
919762	3033	-17	10
919777	3024	-21	10
919792	3010	-17	10
919797	3002	-8	10
919813	2997	-3	10
919828	2997	-1	10
919843	2997	6	10
919858	2997	22	10
919873	3006	33	10
919888	3028	32	10
919893	3046	30	10
919908	3060	38	10
919923	3082	40	10
919938	3105	37	10
919953	3128	34	10
919968	3146	36	10
919983	3164	37	10
919998	3186	33	10
920003	3204	28	10
920018	3222	25	10
920033	3236	25	10
920048	3249	26	10
920063	3262	22	10
920078	3276	14	10
920093	3285	11	10
920098	3290	9	10
920113	3294	8	10
920128	3298	-3	10
920143	3298	-11	10
920158	3294	-16	10
920173	3285	-17	10
920188	3276	-19	10
920203	3267	-18	10
920208	3258	-12	10
920223	3249	-10	10
920238	3244	-14	10
920253	3236	-15	10
920268	3226	-12	10
920283	3222	-13	10
920298	3213	-22	10
920303	3200	-23	10
920318	3186	-21	10
920333	3177	-12	10
920348	3168	2	10
920363	3168	11	10
920378	3172	11	10
920393	3177	10	10
920398	3186	12	10
920413	3190	18	10
920428	3200	26	10
920444	3218	37	10
920459	3236	34	10
920474	3258	25	10
920489	3272	21	10
920509	3280	14	10
920514	3290	3	10
920529	3290	-1	10
920545	3290	1	10
920560	3290	1	10
920575	3294	1	10
920590	3294	-3	10
920605	3294	-7	10
920610	3290	-1	10
920625	3290	4	10
920640	3290	2	10
920655	3290	7	10
920670	3294	20	10
920685	3303	26	10
920700	3321	32	10
920706	3339	36	10
920721	3357	38	10
920736	3380	41	10
920751	3402	49	10
920766	3429	46	10
920781	3456	31	10
920796	3474	19	10
920811	3483	10	10
920816	3488	-3	10
920831	3488	-11	10
920846	3488	-12	10
920861	3478	-8	10
920876	3474	-14	10
920891	3465	-10	10
920906	3460	-3	10
920911	3460	1	10
920926	3460	-3	10
920941	3456	-16	10
920956	3447	-30	10
920971	3434	-32	10
920986	3416	-23	10
921006	3402	-20	10
921021	3388	-15	10
921026	3380	-10	10
921041	3375	0	10
921056	3375	3	10
921072	3375	-3	10
921088	3375	-17	10
921104	3366	-19	10
921119	3357	-7	10
921124	3352	15	10
921139	3357	50	10
921154	3384	87	10
921169	3434	104	10
921184	3492	97	10
921199	3546	72	10
921214	3586	50	10
921219	14	25	10
921235	27	16	10
921250	36	26	10
921265	54	33	10
921280	72	26	10
921295	86	13	10
921310	94	10	10
921325	99	13	10
921330	108	15	10
921345	112	16	10
921360	122	10	10
921375	130	2	10
921390	130	-7	10
921405	130	-11	10
921420	126	-6	10
921425	122	-4	10
921440	117	-4	10
921455	117	3	10
921470	117	8	10
921485	117	5	10
921500	122	16	10
921515	130	39	10
921520	153	47	10
921535	180	47	10
921550	207	52	10
921565	234	50	10
921580	261	31	10
921595	279	13	10
921610	288	-1	10
921625	288	-4	10
921630	288	-3	10
921645	288	4	10
921660	288	23	10
921675	297	37	10
921690	320	51	10
921705	346	56	10
921725	378	48	10
921730	405	30	10
921745	423	21	10
921760	436	22	10
921775	446	24	10
921790	459	13	10
921805	468	3	10
921820	468	1	10
921835	468	3	10
921840	472	13	10
921855	477	46	10
921870	504	84	10
921885	554	95	10
921900	608	80	10
921915	652	55	10
921930	680	23	10
921935	693	9	10
921950	698	25	10
921965	716	40	10
921980	738	34	10
921995	756	16	10
922010	765	-3	10
922025	765	-24	10
922030	752	-28	10
922045	738	-17	10
922060	729	0	10
922075	729	3	10
922090	729	6	10
922105	729	-1	10
922125	729	-10	10
922140	724	-22	10
922145	716	-27	10
922160	698	-17	10
922175	688	-6	10
922190	684	-2	10
922206	684	3	10
922221	684	8	10
922236	688	5	10
922241	688	-14	10
922257	684	-23	10
922272	675	-23	10
922287	662	-22	10
922302	648	-17	10
922317	639	-2	10
922332	639	5	10
922347	639	-4	10
922352	639	-7	10
922368	634	-6	10
922383	630	-3	10
922399	630	9	10
922414	630	15	10
922429	639	7	10
922444	644	-3	10
922449	644	1	10
922464	644	11	10
922479	648	14	10
922494	657	11	10
922509	662	14	10
922524	670	24	10
922539	684	27	10
922545	698	21	10
922560	711	19	10
922575	720	22	10
922590	734	25	10
922605	747	31	10
922620	765	31	10
922635	783	13	10
922650	788	-9	10
922655	788	-15	10
922670	778	-11	10
922685	774	-8	10
922700	770	1	10
922715	770	20	10
922730	778	30	10
922745	792	31	10
922750	810	30	10
922765	828	28	10
922780	842	19	10
922795	855	20	10
922810	864	21	10
922825	878	23	10
922845	891	22	10
922850	904	25	10
922865	918	10	10
922880	922	-10	10
922896	922	-20	10
922911	909	-14	10
922926	900	-5	10
922941	900	-7	10
922956	896	-13	10
922961	886	-11	10
922976	882	-12	10
922991	873	-33	10
923006	855	-49	10
923021	828	-47	10
923036	801	-31	10
923051	783	-14	10
923057	778	7	10
923072	778	19	10
923087	788	17	10
923102	796	18	10
923117	806	21	10
923132	819	14	10
923147	828	14	10
923162	832	27	10
923167	850	35	10
923182	868	22	10
923197	882	20	10
923212	891	25	10
923228	909	32	10
923243	927	28	10
923258	940	21	10
923263	954	15	10
923278	963	9	10
923293	968	-1	10
923308	968	-15	10
923323	963	-30	10
923338	945	-37	10
923353	922	-39	10
923358	900	-32	10
923373	882	-26	10
923388	868	-23	10
923403	855	-9	10
923418	850	3	10
923434	850	-1	10
923449	850	-16	10
923469	842	-6	10
923474	842	11	10
923489	842	19	10
923504	850	27	10
923519	868	30	10
923534	886	32	10
923549	904	26	10
923564	918	22	10
923569	932	19	10
923584	940	20	10
923599	950	34	10
923614	972	48	10
923629	999	46	10
923644	1022	32	10
923659	1040	20	10
923674	1053	9	10
923679	1058	0	10
923694	1058	-6	10
923709	1058	-3	10
923724	1058	4	10
923739	1058	8	10
923754	1058	0	10
923774	1058	-2	10
923779	1058	-8	10
923794	1058	-21	10
923809	1044	-29	10
923824	1030	-29	10
923839	1012	-27	10
923854	999	-17	10
923869	990	-1	10
923874	990	6	10
923889	990	0	10
923904	990	3	10
923919	990	18	10
923935	999	19	10
923950	1008	15	10
923966	1017	25	10
923981	1030	39	10
923986	1053	41	10
924001	1076	34	10
924016	1098	23	10
924031	1112	14	10
924046	1116	13	10
924061	1125	10	10
924076	1130	8	10
924081	1134	12	10
924096	1143	18	10
924113	1152	24	10
924128	1166	25	10
924143	1179	15	10
924158	1188	4	10
924173	1188	1	10
924178	1192	-2	10
924193	1192	-16	10
924208	1184	-16	10
924223	1174	-7	10
924238	1170	-7	10
924253	1166	-8	10
924269	1161	-2	10
924284	1161	-8	10
924289	1156	-19	10
924304	1148	-21	10
924319	1134	-20	10
924334	1125	-26	10
924349	1107	-28	10
924364	1094	-14	10
924379	1084	1	10
924384	1084	6	10
924399	1084	9	10
924414	1089	10	10
924429	1098	13	10
924444	1102	19	10
924459	1116	17	10
924474	1125	21	10
924489	1134	23	10
924494	1148	20	10
924509	1161	18	10
924524	1170	12	10
924539	1174	10	10
924554	1184	5	10
924569	1184	10	10
924589	1192	9	10
924594	1197	4	10
924609	1197	6	10
924624	1202	17	10
924639	1210	15	10
924654	1220	6	10
924669	1224	12	10
924684	1228	14	10
924689	1238	1	10
924704	1238	-16	10
924719	1233	-25	10
924734	1220	-30	10
924749	1202	-25	10
924764	1188	-20	10
924779	1174	-17	10
924794	1166	-15	10
924799	1156	-11	10
924814	1152	-12	10
924829	1148	-21	10
924844	1134	-29	10
924859	1116	-35	10
924874	1098	-26	10
924889	1084	-13	10
924894	1076	-17	10
924909	1066	-15	10
924924	1058	2	10
924939	1058	11	10
924954	1062	11	10
924969	1066	22	10
924990	1080	33	10
924995	1098	35	10
925010	1116	39	10
925025	1138	40	10
925040	1161	31	10
925055	1179	17	10
925070	1188	16	10
925085	1197	15	10
925100	1206	4	10
925106	1210	2	10
925121	1210	5	10
925136	1215	9	10
925151	1220	10	10
925166	1224	5	10
925181	1228	1	10
925196	1228	-7	10
925201	1228	-18	10
925216	1215	-23	10
925231	1206	-14	10
925246	1197	-4	10
925261	1192	2	10
925276	1192	3	10
925291	1192	6	10
925307	1197	-2	10
925312	1197	-9	10
925327	1192	-5	10
925342	1192	2	10
925357	1192	-1	10
925372	1192	9	10
925387	1192	19	10
925402	1202	20	10
925407	1215	20	10
925423	1224	21	10
925438	1238	16	10
925453	1246	5	10
925468	1251	4	10
925483	1251	0	10
925498	1251	0	10
925503	1251	2	10
925518	1251	2	10
925534	1256	-2	10
925549	1256	-3	10
925564	1256	-9	10
925579	1251	-4	10
925594	1246	-2	10
925609	1246	2	10
925614	1246	2	10
925629	1246	9	10
925644	1251	9	10
925659	1256	-3	10
925674	1256	-8	10
925689	1251	-6	10
925709	1251	-4	10
925714	1246	3	10
925729	1246	10	10
925745	1251	16	10
925760	1260	10	10
925775	1264	8	10
925791	1269	6	10
925806	1274	-5	10
925821	1274	-15	10
925826	1264	-10	10
925841	1260	-5	10
925856	1256	-3	10
925871	1256	-1	10
925886	1256	-2	10
925901	1256	-8	10
925916	1251	-16	10
925921	1242	-20	10
925936	1228	-22	10
925951	1215	-18	10
925966	1206	-13	10
925981	1202	-8	10
925996	1197	0	10
926012	1197	3	10
926017	1197	1	10
926032	1197	3	10
926047	1197	0	10
926062	1197	-7	10
926077	1197	-2	10
926092	1192	9	10
926107	1197	10	10
926122	1202	10	10
926127	1206	26	10
926142	1220	31	10
926157	1238	23	10
926172	1251	17	10
926187	1260	17	10
926202	1269	3	10
926217	1274	-4	10
926222	1274	-10	10
926237	1269	-9	10
926252	1264	-2	10
926267	1260	11	10
926282	1264	16	10
926297	1274	12	10
926317	1278	7	10
926322	1282	-2	10
926337	1282	-11	10
926352	1282	-9	10
926367	1274	-5	10
926382	1274	5	10
926397	1274	18	10
926412	1282	15	10
926427	1292	1	10
926432	1292	-6	10
926447	1292	-9	10
926462	1287	-18	10
926477	1278	-22	10
926492	1264	-23	10
926507	1251	-19	10
926523	1242	-20	10
926528	1228	-12	10
926543	1224	-15	10
926558	1215	-16	10
926573	1206	-15	10
926588	1197	-14	10
926603	1188	-19	10
926618	1179	-22	10
926633	1166	-17	10
926638	1156	-11	10
926653	1148	-1	10
926668	1148	9	10
926683	1152	16	10
926698	1161	21	10
926713	1170	24	10
926728	1184	19	10
926733	1197	12	10
926748	1202	10	10
926763	1206	9	10
926778	1210	15	10
926793	1220	27	10
926813	1238	28	10
926829	1251	19	10
926834	1264	18	10
926849	1274	12	10
926864	1278	-2	10
926879	1278	-13	10
926894	1274	-11	10
926909	1269	-5	10
926924	1264	4	10
926939	1264	11	10
926944	1269	12	10
926959	1278	10	10
926974	1282	22	10
926989	1296	22	10
927004	1310	17	10
927019	1318	14	10
927035	1323	15	10
927040	1332	23	10
927055	1346	22	10
927070	1359	22	10
927085	1372	21	10
927100	1382	24	10
927115	1395	17	10
927130	1404	1	10
927135	1408	-10	10
927150	1404	-13	10
927165	1400	-22	10
927180	1386	-33	10
927195	1368	-31	10
927210	1350	-28	10
927225	1332	-27	10
927245	1318	-22	10
927250	1305	-21	10
927265	1296	-28	10
927280	1278	-24	10
927295	1264	-21	10
927310	1251	-28	10
927325	1238	-32	10
927341	1220	-21	10
927346	1206	-11	10
927361	1202	-17	10
927376	1192	-23	10
927391	1179	-24	10
927406	1166	-8	10
927421	1161	8	10
927436	1161	14	10
927451	1170	16	10
927456	1179	20	10
927471	1188	22	10
927486	1202	13	10
927501	1210	12	10
927517	1215	14	10
927533	1224	12	10
927548	1228	10	10
927553	1238	3	10
927568	1238	-7	10
927583	1238	-9	10
927598	1233	0	10
927614	1233	2	10
927629	1233	3	10
927644	1233	15	10
927649	1242	25	10
927664	1256	16	10
927679	1264	7	10
927694	1269	5	10
927709	1269	4	10
927724	1274	1	10
927739	1274	-1	10
927754	1274	-5	10
927759	1274	-6	10
927774	1269	-2	10
927789	1269	-8	10
927804	1264	-21	10
927819	1251	-23	10
927834	1238	-22	10
927849	1228	-16	10
927854	1220	-13	10
927869	1210	-21	10
927884	1197	-26	10
927899	1184	-20	10
927914	1174	-10	10
927929	1166	-12	10
927945	1161	-11	10
927960	1156	-11	10
927965	1148	-14	10
927980	1138	-11	10
927995	1134	-5	10
928010	1130	-2	10
928025	1130	-1	10
928040	1130	8	10
928060	1130	17	10
928065	1138	19	10
928080	1152	15	10
928095	1161	15	10
928110	1166	17	10
928125	1179	17	10
928140	1188	14	10
928155	1192	14	10
928160	1202	22	10
928175	1215	33	10
928190	1233	34	10
928206	1251	34	10
928221	1274	34	10
928236	1292	26	10
928251	1305	19	10
928266	1314	7	10
928271	1318	-3	10
928286	1318	-9	10
928301	1318	-6	10
928316	1314	-11	10
928331	1310	-16	10
928346	1300	-10	10
928361	1292	4	10
928366	1292	6	10
928381	1296	8	10
928396	1300	15	10
928412	1310	13	10
928427	1314	8	10
928442	1318	6	10
928457	1323	7	10
928462	1328	6	10
928477	1332	12	10
928492	1336	22	10
928507	1350	21	10
928522	1359	15	10
928537	1368	12	10
928557	1377	8	10
928572	1382	10	10
928577	1386	6	10
928592	1390	-3	10
928607	1390	-10	10
928622	1386	-8	10
928637	1382	-12	10
928652	1377	-12	10
928667	1368	-10	10
928672	1364	-9	10
928687	1359	-5	10
928702	1354	3	10
928717	1354	4	10
928732	1354	-1	10
928747	1354	0	10
928762	1354	-2	10
928777	1354	-8	10
928782	1354	-15	10
928797	1346	-12	10
928812	1336	-7	10
928827	1332	-6	10
928842	1332	-4	10
928857	1328	-3	10
928877	1328	-8	10
928882	1323	-5	10
928897	1318	-2	10
928912	1318	1	10
928927	1318	4	10
928942	1318	11	10
928957	1323	12	10
928972	1328	7	10
928977	1332	3	10
928992	1336	4	10
929007	1336	5	10
929022	1341	5	10
929037	1341	0	10
929052	1341	0	10
929067	1341	7	10
929083	1346	3	10
929088	1350	0	10
929103	1350	1	10
929118	1350	9	10
929133	1354	17	10
929148	1364	25	10
929163	1377	31	10
929178	1395	16	10
929183	1404	12	10
929198	1413	12	10
929213	1418	7	10
929228	1422	3	10
929243	1422	5	10
929258	1426	2	10
929273	1426	-9	10
929278	1426	-14	10
929293	1418	-11	10
929308	1413	-13	10
929323	1404	-13	10
929339	1400	-11	10
929354	1390	-13	10
929369	1386	-15	10
929384	1377	-17	10
929390	1368	-11	10
929405	1359	-8	10
929420	1354	-7	10
929435	1350	-10	10
929450	1346	-3	10
929465	1346	-4	10
929480	1341	-7	10
929485	1336	-6	10
929500	1336	8	10
929516	1336	15	10
929531	1346	19	10
929546	1354	23	10
929561	1368	23	10
929576	1382	17	10
929596	1390	18	10
929601	1400	22	10
929616	1413	10	10
929631	1418	-2	10
929646	1418	3	10
929662	1418	5	10
929677	1422	3	10
929692	1422	-3	10
929697	1422	-4	10
929712	1422	-4	10
929727	1422	-10	10
929742	1413	-17	10
929757	1404	-15	10
929773	1395	-9	10
929788	1390	-2	10
929793	1390	-2	10
929808	1390	-3	10
929823	1386	-16	10
929838	1377	-22	10
929853	1368	-13	10
929868	1359	-7	10
929883	1354	-11	10
929898	1350	-13	10
929903	1341	-9	10
929918	1336	-18	10
929934	1328	-27	10
929949	1310	-15	10
929964	1305	-5	10
929979	1300	-10	10
929994	1296	-7	10
929999	1292	11	10
930014	1292	20	10
930029	1305	9	10
930044	1310	3	10
930059	1310	4	10
930074	1314	5	10
930089	1314	11	10
930109	1323	13	10
930114	1328	11	10
930129	1336	16	10
930146	1346	20	10
930161	1354	19	10
930176	1368	0	10
930191	1368	-23	10
930206	1359	-19	10
930211	1346	-5	10
930226	1346	0	10
930241	1346	-13	10
930256	1336	-9	10
930271	1332	-2	10
930286	1332	-11	10
930301	1323	-14	10
930306	1318	-2	10
930321	1314	8	10
930337	1314	23	10
930352	1328	34	10
930367	1350	45	10
930382	1372	45	10
930397	1400	46	10
930413	1426	39	10
930418	1444	24	10
930433	1458	15	10
930448	1467	24	10
930463	1480	30	10
930479	1498	18	10
930494	1508	7	10
930509	1512	-1	10
930514	1512	-5	10
930529	1512	-14	10
930545	1508	-27	10
930560	1490	-25	10
930575	1476	-14	10
930590	1467	-16	10
930605	1458	-18	10
930610	1449	-12	10
930625	1444	-13	10
930640	1436	-20	10
930655	1422	-22	10
930670	1413	-20	10
930685	1400	-17	10
930700	1390	-6	10
930715	1386	10	10
930720	1390	12	10
930735	1395	17	10
930750	1404	30	10
930765	1422	35	10
930780	1440	23	10
930795	1454	16	10
930812	1462	17	10
930817	1472	18	10
930832	1485	21	10
930847	1494	22	10
930863	1508	16	10
930879	1516	12	10
930895	1526	6	10
930911	1526	2	10
930926	1530	-1	10
930931	1530	-3	10
930946	1530	-8	10
930962	1526	-8	10
930977	1521	-16	10
930992	1512	-27	10
931007	1498	-20	10
931022	1485	-8	10
931027	1480	2	10
931042	1480	10	10
931057	1485	38	10
931073	1503	54	10
931088	1534	65	10
931103	1570	79	10
931118	1616	81	10
931123	1660	62	10
931138	1696	38	10
931153	1719	23	10
931168	1732	16	10
931183	1742	12	10
931199	1746	17	10
931214	1755	22	10
931229	1768	21	10
931234	1782	13	10
931249	1786	-1	10
931264	1786	-7	10
931279	1786	-10	10
931295	1782	-3	10
931310	1782	-3	10
931325	1778	-3	10
931330	1778	-14	10
931346	1768	-19	10
931361	1760	-8	10
931376	1755	9	10
931392	1755	21	10
931407	1768	42	10
931422	1791	55	10
931437	1822	42	10
931442	1845	15	10
931457	1854	0	10
931472	1854	-6	10
931487	1854	-14	10
931502	1845	-7	10
931517	1840	5	10
931532	1840	13	10
931537	1850	29	10
931552	1863	48	10
931567	1890	51	10
931582	1922	44	10
931597	1944	33	10
931612	1962	25	10
931627	1976	16	10
931632	1984	4	10
931647	1989	-2	10
931662	1989	-10	10
931677	1984	-18	10
931692	1976	-23	10
931707	1962	-24	10
931722	1948	-21	10
931737	1940	-28	10
931742	1922	-28	10
931757	1908	-14	10
931772	1899	4	10
931787	1899	16	10
931802	1904	35	10
931817	1926	55	10
931837	1958	62	10
931842	1989	59	10
931857	2025	52	10
931872	2052	26	10
931887	2070	3	10
931902	2070	3	10
931917	2070	18	10
931932	2084	22	10
931937	2092	17	10
931952	2102	10	10
931967	2110	0	10
931982	2110	-10	10
931997	2106	-9	10
932012	2102	-1	10
932027	2102	14	10
932042	2106	32	10
932047	2124	40	10
932062	2146	43	10
932077	2169	39	10
932092	2192	34	10
932107	2210	30	10
932123	2228	23	10
932138	2241	5	10
932143	2246	-12	10
932158	2241	-15	10
932173	2232	-10	10
932188	2228	-9	10
932203	2223	-3	10
932218	2218	-4	10
932233	2218	-11	10
932248	2214	-14	10
932253	2205	-3	10
932268	2200	13	10
932283	2205	31	10
932299	2223	52	10
932314	2254	58	10
932329	2286	48	10
932345	2313	37	10
932350	2331	25	10
932365	2349	13	10
932380	2354	1	10
932395	2354	-5	10
932410	2354	-3	10
932425	2354	7	10
932440	2354	14	10
932445	2362	16	10
932460	2372	8	10
932475	2376	-7	10
932490	2376	-22	10
932506	2362	-23	10
932521	2349	-23	10
932536	2336	-21	10
932556	2326	-9	10
932561	2322	6	10
932576	2322	8	10
932591	2326	-8	10
932606	2322	-14	10
932621	2318	-11	10
932636	2308	-8	10
932651	2304	-1	10
932656	2304	6	10
932671	2304	9	10
932686	2308	2	10
932701	2308	-2	10
932717	2308	-7	10
932732	2308	-8	10
932747	2304	1	10
932752	2304	9	10
932767	2308	14	10
932783	2313	19	10
932798	2326	21	10
932813	2336	13	10
932828	2344	-8	10
932843	2344	-24	10
932858	2331	-16	10
932863	2322	7	10
932879	2322	17	10
932894	2331	14	10
932909	2340	6	10
932924	2340	6	10
932939	2344	3	10
932954	2349	3	10
932959	2349	5	10
932974	2354	-3	10
932989	2354	-9	10
933004	2349	-6	10
933019	2344	-4	10
933034	2344	-8	10
933049	2340	-1	10
933069	2340	12	10
933074	2340	9	10
933089	2344	-6	10
933104	2344	-14	10
933119	2340	-16	10
933134	2331	-17	10
933149	2322	-12	10
933164	2313	-3	10
933169	2313	2	10
933184	2313	6	10
933199	2313	4	10
933214	2313	3	10
933229	2318	-1	10
933244	2318	-3	10
933259	2318	4	10
933264	2318	10	10
933279	2322	12	10
933295	2326	18	10
933310	2340	21	10
933325	2349	21	10
933340	2362	4	10
933355	2362	0	10
933370	2362	3	10
933375	2367	-4	10
933390	2367	-4	10
933405	2367	7	10
933420	2367	12	10
933435	2372	2	10
933450	2372	-2	10
933465	2372	-1	10
933470	2372	-5	10
933485	2372	-9	10
933500	2367	-2	10
933515	2367	-5	10
933530	2362	-13	10
933545	2358	-17	10
933560	2349	-11	10
933580	2340	-4	10
933585	2340	-3	10
933600	2336	-2	10
933615	2336	3	10
933630	2336	6	10
933645	2336	5	10
933660	2340	4	10
933675	2340	1	10
933680	2344	5	10
933695	2344	8	10
933710	2349	17	10
933725	2358	17	10
933740	2367	10	10
933755	2376	16	10
933770	2385	25	10
933775	2398	21	10
933790	2408	6	10
933805	2412	5	10
933820	2416	11	10
933835	2421	8	10
933850	2426	5	10
933865	2430	8	10
933880	2434	8	10
933885	2439	4	10
933900	2439	4	10
933916	2444	-4	10
933931	2444	-13	10
933946	2439	-12	10
933961	2430	0	10
933976	2430	3	10
933981	2430	-4	10
933997	2430	-7	10
934013	2426	-6	10
934028	2421	-6	10
934043	2421	-19	10
934058	2408	-25	10
934073	2394	-17	10
934078	2385	-13	10
934093	2376	-13	10
934108	2372	-11	10
934123	2362	2	10
934138	2362	10	10
934153	2367	10	10
934168	2372	18	10
934188	2380	14	10
934193	2390	5	10
934208	2394	12	10
934223	2398	15	10
934238	2408	13	10
934253	2416	16	10
934268	2426	28	10
934283	2439	35	10
934288	2462	24	10
934303	2475	16	10
934318	2484	10	10
934333	2488	4	10
934348	2488	4	10
934363	2493	11	10
934378	2498	19	10
934393	2511	15	10
934398	2520	9	10
934413	2524	-1	10
934428	2524	-11	10
934443	2520	-19	10
934458	2511	-8	10
934474	2506	15	10
934489	2511	18	10
934494	2520	-2	10
934509	2520	-8	10
934524	2520	-10	10
934539	2511	-15	10
934554	2502	-19	10
934569	2493	-13	10
934590	2484	-7	10
934595	2484	-3	10
934610	2480	3	10
934625	2480	2	10
934640	2480	-6	10
934655	2480	-9	10
934670	2475	6	10
934685	2475	11	10
934700	2480	14	10
934706	2488	20	10
934721	2498	26	10
934736	2516	18	10
934751	2524	5	10
934767	2529	1	10
934782	2529	0	10
934797	2529	6	10
934802	2529	6	10
934817	2534	7	10
934832	2538	9	10
934847	2542	7	10
934862	2547	5	10
934877	2552	4	10
934892	2552	4	10
934897	2556	2	10
934912	2556	11	10
934927	2560	15	10
934942	2570	4	10
934957	2574	-5	10
934972	2574	2	10
934987	2574	0	10
935002	2574	-9	10
935007	2570	-15	10
935022	2560	-12	10
935037	2556	-9	10
935052	2552	-8	10
935067	2547	-7	10
935083	2542	-12	10
935098	2534	-13	10
935103	2529	-8	10
935119	2524	-6	10
935134	2520	-13	10
935149	2511	-20	10
935164	2502	-10	10
935179	2493	9	10
935194	2498	16	10
935209	2506	9	10
935214	2511	18	10
935229	2520	35	10
935245	2538	32	10
935260	2556	18	10
935275	2570	12	10
935290	2574	10	10
935305	2578	9	10
935310	2588	10	10
935325	2592	-1	10
935340	2592	-9	10
935356	2588	-8	10
935372	2583	7	10
935387	2583	5	10
935402	2588	-6	10
935407	2588	-3	10
935422	2588	6	10
935437	2588	2	10
935452	2588	-11	10
935467	2583	-12	10
935482	2578	-3	10
935497	2578	-3	10
935512	2574	-14	10
935517	2565	-20	10
935532	2556	-16	10
935547	2547	-16	10
935562	2538	-18	10
935577	2529	-11	10
935592	2520	-3	10
935612	2520	7	10
935617	2520	27	10
935632	2534	32	10
935647	2552	19	10
935662	2565	14	10
935677	2570	19	10
935692	2583	17	10
935707	2592	2	10
935722	2592	-1	10
935727	2592	6	10
935742	2596	11	10
935757	2601	11	10
935772	2610	12	10
935787	2614	11	10
935803	2619	6	10
935818	2624	2	10
935823	2624	-9	10
935838	2624	-14	10
935853	2614	-14	10
935868	2610	0	10
935883	2610	9	10
935898	2610	3	10
935913	2610	-3	10
935918	2610	-2	10
935934	2610	-7	10
935949	2610	-27	10
935964	2592	-36	10
935979	2574	-26	10
935994	2560	-14	10
936009	2552	-11	10
936029	2542	-2	10
936034	2542	7	10
936049	2542	11	10
936064	2552	11	10
936079	2556	14	10
936094	2565	17	10
936109	2574	20	10
936124	2583	35	10
936129	2606	48	10
936145	2632	42	10
936160	2655	26	10
936175	2668	16	10
936190	2678	12	10
936206	2686	5	10
936221	2686	0	10
936226	2686	-1	10
936241	2686	3	10
936257	2691	7	10
936272	2691	5	10
936287	2696	-4	10
936302	2696	-15	10
936317	2691	-23	10
936333	2678	-29	10
936338	2660	-27	10
936353	2646	-31	10
936369	2628	-24	10
936385	2614	-11	10
936400	2606	-9	10
936415	2601	-16	10
936430	2592	-18	10
936435	2583	-14	10
936450	2574	-15	10
936465	2565	-11	10
936480	2560	-1	10
936495	2560	3	10
936511	2560	7	10
936526	2560	12	10
936541	2570	12	10
936546	2574	4	10
936561	2578	5	10
936576	2578	20	10
936591	2592	34	10
936607	2610	34	10
936622	2628	36	10
936637	2650	38	10
936642	2673	33	10
936657	2691	19	10
936672	2700	0	10
936687	2700	-7	10
936702	2700	-7	10
936717	2696	-6	10
936732	2696	0	10
936738	2696	4	10
936753	2696	3	10
936768	2696	-1	10
936783	2696	-10	10
936798	2691	-22	10
936813	2678	-33	10
936828	2660	-27	10
936843	2646	-11	10
936848	2637	-8	10
936863	2632	-7	10
936878	2632	2	10
936893	2632	3	10
936908	2632	-6	10
936923	2628	-15	10
936938	2624	-14	10
936943	2614	-3	10
936958	2610	9	10
936973	2614	22	10
936988	2624	34	10
937003	2646	45	10
937018	2668	48	10
937033	2696	43	10
937038	2722	30	10
937053	2736	19	10
937068	2750	17	10
937083	2758	23	10
937098	2772	18	10
937113	2781	10	10
937128	2786	7	10
937148	2790	13	10
937153	2799	7	10
937168	2804	-4	10
937183	2804	-7	10
937198	2799	-16	10
937213	2790	-27	10
937228	2776	-28	10
937243	2758	-24	10
937248	2745	-19	10
937263	2736	-10	10
937278	2732	-3	10
937293	2727	-4	10
937308	2727	-14	10
937323	2718	-20	10
937338	2709	-18	10
937354	2696	-15	10
937359	2686	-10	10
937374	2682	-5	10
937389	2682	7	10
937404	2682	11	10
937419	2686	9	10
937434	2691	6	10
937449	2696	3	10
937454	2696	3	10
937469	2700	7	10
937484	2700	18	10
937500	2714	25	10
937515	2727	28	10
937530	2740	28	10
937545	2758	19	10
937550	2768	4	10
937565	2772	-7	10
937580	2772	1	10
937595	2772	6	10
937611	2772	-4	10
937626	2772	-11	10
937641	2768	-8	10
937661	2763	-11	10
937666	2754	-13	10
937681	2750	-16	10
937696	2740	-13	10
937711	2732	-16	10
937727	2722	-17	10
937742	2714	-22	10
937757	2700	-25	10
937762	2686	-24	10
937777	2673	-22	10
937792	2660	-24	10
937807	2646	-22	10
937822	2637	-23	10
937837	2624	-19	10
937852	2610	-19	10
937867	2601	-22	10
937873	2588	-18	10
937889	2578	-3	10
937904	2578	16	10
937919	2583	21	10
937934	2592	22	10
937949	2606	30	10
937964	2624	27	10
937969	2637	24	10
937984	2650	29	10
937999	2668	35	10
938014	2686	39	10
938029	2709	41	10
938044	2732	37	10
938059	2754	21	10
938064	2763	12	10
938079	2772	10	10
938095	2776	12	10
938110	2786	12	10
938125	2790	12	10
938140	2799	12	10
938155	2804	9	10
938170	2808	1	10
938175	2808	-13	10
938190	2808	-19	10
938205	2794	-20	10
938221	2786	-13	10
938236	2776	-5	10
938251	2776	4	10
938266	2776	5	10
938271	2776	-1	10
938286	2776	-3	10
938301	2776	-15	10
938316	2768	-27	10
938331	2754	-28	10
938346	2736	-22	10
938361	2727	-22	10
938366	2714	-31	10
938381	2696	-27	10
938396	2682	-17	10
938411	2673	-7	10
938426	2668	0	10
938441	2668	9	10
938456	2668	21	10
938476	2682	37	10
938481	2700	47	10
938497	2727	48	10
938512	2754	44	10
938527	2781	47	10
938542	2804	45	10
938557	2830	37	10
938572	2853	23	10
938577	2866	15	10
938592	2871	18	10
938607	2884	18	10
938622	2894	6	10
938637	2898	2	10
938652	2898	8	10
938667	2902	2	10
938682	2902	-13	10
938687	2898	-19	10
938703	2889	-15	10
938718	2880	-12	10
938733	2876	-15	10
938748	2866	-21	10
938763	2853	-30	10
938778	2835	-38	10
938783	2817	-41	10
938798	2794	-44	10
938813	2768	-39	10
938828	2745	-27	10
938843	2732	-19	10
938858	2718	-15	10
938874	2714	-13	10
938879	2704	-14	10
938895	2696	-14	10
938910	2686	-18	10
938925	2678	-24	10
938941	2664	-25	10
938956	2650	-20	10
938971	2642	-6	10
938986	2637	2	10
938991	2637	11	10
939006	2642	14	10
939021	2646	9	10
939036	2650	5	10
939051	2655	7	10
939066	2660	9	10
939081	2664	5	10
939086	2668	7	10
939101	2673	6	10
939116	2673	6	10
939131	2678	11	10
939146	2682	13	10
939161	2691	7	10
939176	2696	4	10
939181	2696	3	10
939196	2700	-4	10
939211	2700	-15	10
939226	2691	-26	10
939241	2678	-28	10
939256	2664	-19	10
939276	2650	-13	10
939291	2646	-4	10
939296	2642	4	10
939311	2642	7	10
939326	2646	2	10
939341	2646	-10	10
939356	2642	-19	10
939371	2632	-26	10
939386	2619	-26	10
939391	2606	-16	10
939406	2596	-6	10
939421	2592	-5	10
939436	2588	-2	10
939451	2588	4	10
939466	2588	-6	10
939481	2588	-14	10
939496	2578	-19	10
939501	2570	-18	10
939516	2556	-18	10
939531	2547	-14	10
939546	2538	-5	10
939561	2538	5	10
939576	2538	8	10
939596	2538	10	10
939601	2547	10	10
939616	2552	11	10
939631	2556	12	10
939646	2565	19	10
939662	2574	29	10
939677	2592	37	10
939692	2610	34	10
939697	2632	33	10
939712	2650	26	10
939727	2664	14	10
939743	2673	8	10
939758	2678	8	10
939773	2682	3	10
939788	2682	-9	10
939803	2682	-9	10
939808	2678	-11	10
939823	2668	-15	10
939838	2664	-19	10
939853	2650	-8	10
939868	2646	0	10
939885	2646	-5	10
939900	2646	-6	10
939905	2642	-13	10
939920	2632	-16	10
939935	2624	-18	10
939950	2614	-22	10
939966	2601	-18	10
939981	2592	-15	10
939996	2583	-7	10
940012	2578	2	10
940017	2578	2	10
940032	2578	-1	10
940047	2578	3	10
940062	2578	7	10
940078	2583	12	10
940093	2588	11	10
940108	2596	16	10
940113	2606	20	10
940128	2614	14	10
940144	2624	7	10
940159	2628	3	10
940174	2628	-4	10
940189	2628	-11	10
940204	2624	-11	10
940209	2619	-9	10
940224	2614	-13	10
940239	2606	-11	10
940254	2601	-7	10
940269	2596	-5	10
940284	2592	-8	10
940299	2588	-9	10
940314	2583	-13	10
940319	2578	-20	10
940334	2565	-25	10
940349	2552	-23	10
940364	2538	-22	10
940379	2524	-15	10
940394	2516	-6	10
940409	2516	8	10
940414	2516	12	10
940429	2520	11	10
940444	2529	14	10
940459	2534	12	10
940474	2542	6	10
940489	2547	-4	10
940505	2547	0	10
940511	2547	11	10
940526	2552	15	10
940541	2556	9	10
940556	2565	7	10
940571	2565	3	10
940586	2570	0	10
940601	2570	-2	10
940616	2570	-5	10
940621	2570	-8	10
940636	2565	-9	10
940651	2560	-15	10
940666	2552	-18	10
940681	2542	-16	10
940697	2534	-7	10
940712	2529	-7	10
940717	2524	-16	10
940732	2516	-18	10
940747	2506	-18	10
940762	2493	-16	10
940777	2484	-14	10
940793	2480	-11	10
940808	2470	-3	10
940828	2470	1	10
940833	2470	-2	10
940848	2470	-3	10
940863	2466	-5	10
940878	2466	-3	10
940893	2462	0	10
940908	2462	4	10
940923	2462	6	10
940928	2466	-1	10
940943	2466	3	10
940958	2466	9	10
940974	2470	5	10
940989	2475	0	10
941004	2475	4	10
941019	2475	8	10
941024	2480	4	10
941039	2484	2	10
941054	2484	4	10
941069	2484	-2	10
941084	2484	-6	10
941099	2484	-7	10
941114	2480	-12	10
941129	2475	-14	10
941135	2466	-16	10
941150	2457	-15	10
941165	2448	-13	10
941180	2444	-6	10
941195	2439	6	10
941211	2439	13	10
941226	2444	7	10
941231	2448	-12	10
941246	2448	-21	10
941261	2434	-18	10
941276	2426	-16	10
941291	2416	-14	10
941306	2408	-10	10
941321	2403	-10	10
941336	2398	-13	10
941341	2390	-16	10
941356	2380	-18	10
941371	2372	-15	10
941386	2362	-15	10
941402	2354	-5	10
941417	2349	-4	10
941432	2349	1	10
941437	2349	11	10
941452	2349	20	10
941467	2362	17	10
941482	2372	15	10
941497	2380	17	10
941513	2390	11	10
941528	2394	2	10
941533	2398	-7	10
941548	2398	-9	10
941563	2394	-1	10
941578	2390	7	10
941593	2390	12	10
941608	2398	12	10
941628	2403	5	10
941643	2408	-3	10
941648	2408	-7	10
941663	2408	-10	10
941679	2398	-16	10
941694	2390	-15	10
941709	2385	-12	10
941724	2376	-13	10
941739	2367	-14	10
941744	2362	-7	10
941759	2358	3	10
941774	2358	10	10
941789	2362	7	10
941804	2362	5	10
941819	2367	-4	10
941835	2367	-4	10
941840	2367	2	10
941855	2367	6	10
941870	2367	-3	10
941885	2367	-11	10
941900	2362	-5	10
941915	2362	-4	10
941930	2358	-6	10
941946	2354	-6	10
941951	2354	-1	10
941966	2349	8	10
941981	2354	11	10
941996	2358	5	10
942011	2362	-6	10
942026	2362	-13	10
942041	2354	-14	10
942047	2344	-15	10
942063	2336	-6	10
942078	2336	12	10
942093	2336	24	10
942108	2349	34	10
942123	2372	35	10
942138	2390	24	10
942154	2403	21	10
942159	2416	15	10
942174	2421	-2	10
942189	2421	-7	10
942204	2421	-1	10
942219	2421	0	10
942234	2421	-4	10
942249	2421	-4	10
942254	2416	-1	10
942269	2416	-8	10
942284	2412	-12	10
942299	2403	-14	10
942314	2398	-16	10
942329	2390	-17	10
942345	2380	-18	10
942350	2367	-16	10
942365	2358	-9	10
942380	2354	1	10
942395	2354	9	10
942410	2358	8	10
942425	2362	7	10
942440	2362	3	10
942460	2367	3	10
942465	2367	5	10
942480	2372	3	10
942495	2372	3	10
942510	2376	0	10
942525	2376	-4	10
942540	2376	-9	10
942555	2372	-2	10
942560	2372	1	10
942575	2372	-6	10
942590	2367	-5	10
942605	2362	-1	10
942620	2362	-1	10
942635	2362	-10	10
942650	2358	-12	10
942655	2349	-12	10
942670	2344	-12	10
942685	2336	-10	10
942700	2331	-10	10
942716	2326	-6	10
942732	2322	-4	10
942748	2322	6	10
942763	2322	10	10
942768	2326	10	10
942783	2331	13	10
942798	2340	16	10
942813	2349	16	10
942828	2358	11	10
942843	2362	2	10
942858	2362	-3	10
942863	2362	-6	10
942878	2362	-10	10
942893	2358	-12	10
942908	2349	-6	10
942923	2344	-2	10
942939	2344	-3	10
942954	2344	-7	10
942969	2340	-6	10
942974	2336	-3	10
942989	2336	-3	10
943004	2331	-2	10
943019	2331	-9	10
943034	2326	-11	10
943049	2322	-3	10
943064	2318	6	10
943069	2318	12	10
943084	2326	20	10
943099	2336	28	10
943114	2354	25	10
943129	2367	21	10
943144	2376	17	10
943164	2390	7	10
943169	2390	-2	10
943185	2390	-12	10
943200	2390	-17	10
943215	2376	-24	10
943230	2362	-20	10
943245	2354	-16	10
943260	2344	-6	10
943275	2340	0	10
943280	2340	6	10
943295	2340	16	10
943311	2349	27	10
943326	2362	26	10
943341	2380	14	10
943356	2385	4	10
943371	2390	-1	10
943376	2390	-4	10
943391	2390	-3	10
943406	2390	-4	10
943421	2385	-8	10
943436	2380	-7	10
943451	2376	-9	10
943466	2372	-13	10
943481	2367	-13	10
943486	2358	-13	10
943501	2349	-15	10
943517	2344	-18	10
943532	2331	-17	10
943547	2322	-19	10
943562	2313	-16	10
943577	2304	-15	10
943582	2295	-12	10
943597	2286	-17	10
943612	2277	-15	10
943627	2268	-12	10
943642	2264	-12	10
943657	2254	-19	10
943673	2246	-26	10
943678	2232	-31	10
943693	2214	-30	10
943708	2196	-19	10
943723	2187	-13	10
943738	2178	-9	10
943753	2174	3	10
943768	2174	3	10
943788	2174	4	10
943793	2174	9	10
943808	2182	13	10
943823	2187	13	10
943838	2196	19	10
943853	2205	24	10
943868	2218	28	10
943883	2236	34	10
943888	2254	41	10
943903	2277	39	10
943918	2300	27	10
943933	2313	17	10
943948	2322	7	10
943963	2326	-4	10
943978	2326	-11	10
943983	2322	-8	10
943998	2318	-4	10
944013	2318	0	10
944028	2318	1	10
944044	2318	-9	10
944059	2313	-12	10
944074	2304	-13	10
944089	2300	-13	10
944094	2290	-8	10
944109	2286	-3	10
944124	2286	3	10
944139	2286	6	10
944154	2286	5	10
944169	2290	1	10
944184	2290	-3	10
944189	2290	-3	10
944204	2290	3	10
944219	2290	1	10
944234	2290	4	10
944249	2290	6	10
944264	2295	4	10
944284	2295	0	10
944299	2295	-2	10
944304	2295	-1	10
944319	2295	-2	10
944334	2295	0	10
944349	2295	5	10
944365	2295	9	10
944380	2300	14	10
944395	2308	11	10
944400	2313	6	10
944415	2318	0	10
944430	2318	-1	10
944445	2318	1	10
944460	2318	1	10
944475	2318	6	10
944490	2322	11	10
944495	2326	16	10
944510	2336	17	10
944525	2349	15	10
944540	2354	8	10
944555	2358	-4	10
944570	2358	-11	10
944585	2354	-9	10
944600	2349	-7	10
944605	2344	-10	10
944620	2340	-18	10
944635	2331	-16	10
944650	2322	-15	10
944665	2313	-20	10
944680	2304	-26	10
944695	2286	-26	10
944700	2272	-22	10
944715	2259	-16	10
944730	2250	-13	10
944745	2246	-20	10
944760	2232	-29	10
944776	2218	-32	10
944792	2200	-26	10
944798	2182	-24	10
944814	2169	-16	10
944830	2160	-2	10
944845	2160	6	10
944860	2160	7	10
944875	2164	9	10
944890	2169	5	10
944905	2174	1	10
944910	2174	0	10
944925	2174	-3	10
944940	2174	-3	10
944955	2174	-2	10
944970	2174	-2	10
944985	2169	3	10
945000	2169	13	10
945006	2174	20	10
945021	2187	16	10
945036	2196	11	10
945051	2200	10	10
945066	2210	10	10
945081	2214	10	10
945096	2218	7	10
945116	2223	2	10
945121	2223	9	10
945136	2228	17	10
945151	2236	13	10
945166	2246	2	10
945181	2246	-2	10
945196	2246	-2	10
945211	2246	0	10
945216	2246	2	10
945231	2246	0	10
945246	2246	-1	10
945261	2246	2	10
945276	2246	6	10
945291	2250	2	10
945307	2250	-6	10
945312	2250	-11	10
945327	2246	-18	10
945342	2236	-20	10
945357	2223	-16	10
945372	2214	-6	10
945387	2210	7	10
945402	2210	25	10
945417	2228	38	10
945422	2246	48	10
945437	2272	54	10
945453	2304	52	10
945468	2336	52	10
945483	2362	67	10
945499	2398	73	10
945514	2444	59	10
945519	2475	41	10
945534	2498	29	10
945550	2516	16	10
945565	2524	12	10
945580	2529	11	10
945595	2538	9	10
945611	2542	8	10
945626	2547	8	10
945631	2552	-2	10
945646	2552	-16	10
945661	2542	-26	10
945676	2529	-16	10
945691	2520	-14	10
945706	2511	-16	10
945721	2502	-19	10
945726	2493	-26	10
945741	2480	-27	10
945756	2462	-21	10
945771	2452	-22	10
945786	2439	-19	10
945802	2430	-16	10
945817	2421	-13	10
945822	2412	-13	10
945837	2403	-7	10
945852	2398	-4	10
945868	2398	2	10
945883	2398	8	10
945898	2398	8	10
945913	2403	4	10
945928	2408	1	10
945933	2408	4	10
945948	2408	4	10
945963	2412	14	10
945978	2421	26	10
945993	2434	29	10
946008	2452	23	10
946028	2462	16	10
946033	2470	10	10
946048	2480	3	10
946063	2480	1	10
946078	2480	-5	10
946094	2480	-4	10
946109	2480	2	10
946124	2480	11	10
946129	2484	7	10
946144	2488	-2	10
946159	2488	-10	10
946174	2484	-12	10
946189	2475	-15	10
946204	2470	-26	10
946219	2452	-30	10
946234	2439	-26	10
946239	2421	-14	10
946254	2416	-12	10
946269	2408	-12	10
946284	2403	-10	10
946299	2394	-11	10
946314	2390	-12	10
946329	2380	-5	10
946334	2380	5	10
946349	2380	9	10
946364	2385	15	10
946379	2394	19	10
946395	2403	20	10
946410	2412	17	10
946425	2426	14	10
946440	2430	8	10
946445	2434	6	10
946461	2439	8	10
946476	2444	9	10
946491	2448	4	10
946506	2452	5	10
946521	2452	5	10
946536	2457	-2	10
946541	2457	-8	10
946556	2457	-10	10
946571	2448	-3	10
946586	2448	3	10
946601	2448	2	10
946616	2448	-7	10
946636	2448	-17	10
946641	2439	-21	10
946656	2426	-23	10
946671	2412	-23	10
946686	2398	-19	10
946701	2390	-14	10
946716	2380	-20	10
946731	2372	-15	10
946746	2362	-7	10
946751	2358	-3	10
946766	2354	1	10
946781	2354	8	10
946796	2358	7	10
946811	2362	10	10
946826	2367	21	10
946841	2376	27	10
946846	2394	27	10
946861	2408	25	10
946876	2421	20	10
946891	2434	12	10
946906	2439	7	10
946921	2444	4	10
946936	2448	-8	10
946941	2448	-12	10
946956	2439	-8	10
946971	2434	-5	10
946986	2430	-2	10
947001	2430	3	10
947016	2430	5	10
947036	2430	3	10
947051	2434	0	10
947056	2434	-8	10
947071	2434	-17	10
947086	2421	-17	10
947101	2412	-13	10
947116	2408	-13	10
947131	2398	-4	10
947146	2398	1	10
947151	2398	0	10
947166	2398	3	10
947181	2398	0	10
947196	2398	-7	10
947211	2394	-15	10
947226	2385	-9	10
947241	2380	-3	10
947256	2380	9	10
947261	2380	20	10
947276	2394	23	10
947291	2403	15	10
947306	2412	10	10
947321	2421	6	10
947336	2421	1	10
947356	2421	2	10
947361	2426	6	10
947376	2426	12	10
947391	2434	16	10
947406	2444	15	10
947421	2452	10	10
947436	2457	7	10
947451	2462	7	10
947456	2466	-5	10
947471	2466	-12	10
947486	2462	-6	10
947502	2457	-2	10
947518	2457	0	10
947534	2457	6	10
947550	2457	10	10
947566	2462	4	10
947571	2462	8	10
947587	2466	9	10
947602	2470	4	10
947617	2475	-2	10
947633	2475	-3	10
947648	2475	-6	10
947663	2470	-15	10
947668	2462	-17	10
947683	2452	-15	10
947698	2444	-13	10
947713	2439	-8	10
947728	2434	-3	10
947743	2430	-3	10
947758	2430	-4	10
947773	2430	-10	10
947778	2421	-12	10
947793	2416	-8	10
947808	2412	-6	10
947823	2408	-7	10
947838	2403	-4	10
947854	2403	8	10
947870	2403	7	10
947875	2408	11	10
947891	2412	15	10
947906	2421	11	10
947921	2426	8	10
947936	2430	8	10
947951	2434	4	10
947966	2439	-5	10
947971	2439	-6	10
947986	2434	4	10
948001	2434	3	10
948017	2434	2	10
948032	2439	5	10
948047	2439	0	10
948062	2439	-6	10
948078	2439	-12	10
948083	2434	-11	10
948098	2426	-1	10
948113	2426	6	10
948129	2426	16	10
948144	2434	22	10
948159	2448	26	10
948174	2462	20	10
948179	2475	13	10
948194	2480	2	10
948209	2484	-6	10
948224	2484	-6	10
948239	2480	0	10
948254	2480	12	10
948269	2484	15	10
948274	2488	24	10
948289	2502	35	10
948304	2524	40	10
948319	2547	35	10
948334	2565	29	10
948349	2583	27	10
948365	2596	21	10
948380	2610	23	10
948385	2624	30	10
948400	2637	33	10
948415	2660	24	10
948430	2673	10	10
948445	2678	-2	10
948460	2678	-13	10
948475	2673	-19	10
948480	2660	-32	10
948496	2642	-38	10
948511	2624	-35	10
948526	2601	-39	10
948541	2578	-38	10
948556	2560	-31	10
948571	2542	-27	10
948586	2524	-22	10
948591	2516	-15	10
948606	2506	-17	10
948621	2498	-16	10
948636	2488	-8	10
948651	2484	4	10
948667	2484	4	10
948682	2484	2	10
948687	2484	6	10
948702	2488	4	10
948717	2488	-1	10
948732	2488	0	10
948747	2488	3	10
948762	2493	2	10
948777	2493	5	10
948782	2493	12	10
948797	2502	22	10
948812	2516	22	10
948827	2524	14	10
948842	2534	6	10
948857	2538	7	10
948872	2542	7	10
948888	2547	0	10
948894	2547	-6	10
948910	2547	-9	10
948926	2542	-12	10
948942	2534	-17	10
948958	2524	-20	10
948973	2516	-24	10
948988	2502	-24	10
948993	2488	-15	10
949008	2480	-22	10
949023	2466	-34	10
949039	2448	-34	10
949054	2426	-26	10
949069	2412	-26	10
949084	2398	-22	10
949100	2385	-8	10
949105	2380	5	10
949120	2380	11	10
949135	2385	19	10
949150	2398	27	10
949165	2412	30	10
949180	2430	24	10
949195	2444	15	10
949200	2452	10	10
949215	2457	8	10
949230	2462	6	10
949245	2466	9	10
949260	2470	10	10
949275	2475	6	10
949290	2480	-1	10
949295	2480	-7	10
949310	2480	-19	10
949325	2466	-29	10
949340	2452	-32	10
949356	2434	-21	10
949371	2421	-22	10
949386	2408	-20	10
949401	2398	-15	10
949406	2390	-12	10
949421	2380	-19	10
949436	2372	-17	10
949451	2362	-9	10
949467	2358	-8	10
949482	2354	-6	10
949497	2349	0	10
949502	2349	-3	10
949517	2349	-9	10
949532	2344	-3	10
949547	2340	6	10
949562	2340	11	10
949577	2344	10	10
949592	2354	12	10
949597	2358	12	10
949612	2367	5	10
949628	2367	-6	10
949644	2367	-11	10
949659	2362	-12	10
949674	2358	-13	10
949689	2349	-12	10
949704	2340	-1	10
949709	2340	12	10
949724	2344	14	10
949739	2354	9	10
949754	2358	6	10
949769	2362	-6	10
949784	2362	-17	10
949804	2354	-12	10
949809	2344	-9	10
949824	2340	-12	10
949839	2331	-6	10
949854	2331	1	10
949869	2331	-3	10
949884	2326	-15	10
949899	2322	-18	10
949914	2308	-16	10
949919	2300	-10	10
949934	2295	-4	10
949949	2295	-1	10
949964	2290	2	10
949979	2290	7	10
949995	2295	5	10
950010	2295	3	10
950015	2300	-1	10
950030	2300	-5	10
950045	2300	-4	10
950060	2295	0	10
950075	2295	2	10
950090	2295	3	10
950106	2295	14	10
950111	2304	18	10
950126	2313	7	10
950141	2318	0	10
950156	2318	3	10
950171	2318	-2	10
950186	2318	-4	10
950201	2318	3	10
950216	2318	10	10
950221	2322	5	10
950236	2326	3	10
950251	2326	7	10
950266	2331	6	10
950281	2336	3	10
950296	2336	8	10
950311	2340	10	10
950316	2344	5	10
950331	2349	-2	10
950346	2349	-7	10
950361	2349	-9	10
950377	2344	-12	10
950393	2336	-21	10
950408	2326	-19	10
950413	2313	-17	10
950428	2304	-22	10
950443	2290	-24	10
950458	2277	-24	10
950473	2264	-23	10
950488	2250	-25	10
950503	2236	-19	10
950523	2228	-14	10
950528	2218	-20	10
950543	2210	-19	10
950558	2196	-18	10
950573	2187	-20	10
950589	2178	-13	10
950604	2169	2	10
950619	2169	16	10
950624	2174	18	10
950639	2187	22	10
950654	2196	24	10
950669	2210	16	10
950684	2218	11	10
950699	2228	10	10
950714	2232	8	10
950729	2236	7	10
950734	2241	12	10
950749	2246	16	10
950764	2254	19	10
950779	2268	12	10
950794	2272	5	10
950810	2277	4	10
950825	2277	4	10
950830	2282	-3	10
950845	2282	-8	10
950861	2277	-6	10
950876	2277	-8	10
950891	2272	-15	10
950906	2264	-15	10
950921	2254	-13	10
950926	2246	-11	10
950941	2241	2	10
950957	2241	8	10
950972	2241	10	10
950987	2246	8	10
951002	2250	12	10
951017	2259	18	10
951033	2268	13	10
951038	2277	15	10
951053	2286	17	10
951068	2295	20	10
951083	2304	21	10
951098	2318	23	10
951113	2331	27	10
951128	2344	26	10
951133	2358	21	10
951148	2372	14	10
951163	2380	13	10
951178	2385	12	10
951193	2394	6	10
951208	2398	2	10
951229	2398	-1	10
951244	2398	-8	10
951249	2398	-10	10
951264	2390	-3	10
951279	2390	-2	10
951294	2390	-2	10
951309	2390	-10	10
951324	2380	-12	10
951339	2376	-19	10
951344	2362	-17	10
951359	2354	-22	10
951374	2344	-32	10
951389	2326	-36	10
951404	2304	-21	10
951419	2290	-9	10
951434	2286	0	10
951440	2286	5	10
951456	2286	13	10
951471	2295	14	10
951486	2300	9	10
951501	2308	3	10
951516	2308	1	10
951531	2308	1	10
951546	2308	3	10
951551	2313	6	10
951566	2313	13	10
951581	2322	10	10
951596	2326	8	10
951611	2331	3	10
951626	2336	-6	10
951641	2336	-16	10
951646	2326	-19	10
951662	2313	-11	10
951677	2308	-6	10
951692	2304	-4	10
951707	2304	6	10
951722	2304	10	10
951737	2308	2	10
951742	2308	-2	10
951757	2308	2	10
951772	2308	3	10
951787	2308	-5	10
951802	2308	-3	10
951817	2308	3	10
951832	2308	5	10
951847	2308	6	10
951852	2313	4	10
951867	2318	4	10
951882	2318	-1	10
951897	2318	-9	10
951912	2318	-15	10
951927	2308	-14	10
951947	2300	-10	10
951953	2295	-7	10
951968	2290	-5	10
951983	2286	-7	10
951998	2286	-8	10
952013	2282	-5	10
952028	2277	-2	10
952044	2277	-6	10
952059	2272	-5	10
952064	2268	2	10
952079	2268	8	10
952095	2272	12	10
952110	2277	18	10
952125	2286	16	10
952140	2295	6	10
952155	2300	-2	10
952160	2300	0	10
952175	2300	-3	10
952190	2300	-9	10
952205	2295	-13	10
952220	2290	-17	10
952235	2282	-18	10
952250	2268	-11	10
952255	2264	-8	10
952270	2259	-7	10
952285	2254	-9	10
952300	2250	-6	10
952315	2246	2	10
952330	2246	2	10
952345	2246	1	10
952360	2246	6	10
952365	2250	16	10
952380	2259	19	10
952395	2268	21	10
952410	2282	24	10
952425	2295	27	10
952440	2308	20	10
952460	2322	9	10
952465	2326	12	10
952480	2331	10	10
952495	2336	6	10
952510	2340	7	10
952525	2344	2	10
952540	2344	-13	10
952555	2344	-23	10
952561	2331	-26	10
952577	2313	-25	10
952592	2300	-20	10
952607	2290	-9	10
952623	2286	2	10
952638	2286	4	10
952653	2286	2	10
952668	2286	1	10
952673	2286	-4	10
952688	2286	-9	10
952703	2282	-6	10
952718	2277	7	10
952733	2277	19	10
952748	2290	28	10
952763	2304	33	10
952768	2322	32	10
952783	2340	21	10
952798	2354	15	10
952813	2362	16	10
952828	2372	23	10
952844	2385	22	10
952859	2398	17	10
952874	2408	15	10
952879	2416	5	10
952895	2416	-4	10
952911	2416	-9	10
952926	2412	-11	10
952941	2408	-28	10
952957	2394	-33	10
952972	2372	-31	10
952977	2358	-26	10
952992	2340	-28	10
953007	2326	-24	10
953022	2313	-19	10
953038	2300	-14	10
953054	2295	-17	10
953070	2286	-18	10
953075	2272	-18	10
953091	2264	-15	10
953107	2254	-15	10
953123	2246	-8	10
953139	2241	3	10
953156	2241	13	10
953171	2246	24	10
953187	2259	32	10
953192	2277	26	10
953207	2295	12	10
953212	2300	1	10
953227	2300	-4	10
953242	2300	-10	10
953257	2295	-6	10
953272	2295	2	10
953277	2295	8	10
953292	2295	8	10
953307	2300	4	10
953322	2304	-2	10
953337	2304	-10	10
953352	2300	-17	10
953367	2290	-17	10
953383	2282	-19	10
953388	2268	-20	10
953403	2259	-9	10
953418	2254	-1	10
953433	2254	6	10
953448	2254	7	10
953463	2254	9	10
953483	2259	8	10
953488	2264	6	10
953503	2268	7	10
953518	2272	4	10
953533	2277	1	10
953549	2277	-1	10
953564	2277	-2	10
953579	2277	-7	10
953584	2272	-15	10
953599	2264	-19	10
953614	2254	-14	10
953629	2246	-4	10
953644	2246	-8	10
953659	2241	-9	10
953674	2236	-4	10
953689	2232	-1	10
953694	2232	-3	10
953709	2232	6	10
953724	2232	15	10
953739	2236	19	10
953754	2250	18	10
953770	2259	22	10
953785	2272	24	10
953790	2286	24	10
953805	2300	23	10
953820	2313	24	10
953835	2326	23	10
953850	2340	21	10
953865	2349	15	10
953880	2358	5	10
953885	2362	-2	10
953900	2362	-3	10
953915	2362	-2	10
953930	2362	-1	10
953945	2362	-3	10
953960	2358	0	10
953980	2358	9	10
953995	2358	12	10
954000	2367	7	10
954015	2372	5	10
954030	2372	7	10
954045	2376	-1	10
954060	2376	-4	10
954075	2376	-5	10
954090	2376	-7	10
954095	2372	-10	10
954110	2367	-10	10
954125	2362	-7	10
954140	2358	-3	10
954155	2354	0	10
954170	2354	4	10
954185	2354	-3	10
954200	2354	-6	10
954205	2354	-11	10
954220	2344	-13	10
954235	2340	-1	10
954250	2340	9	10
954265	2340	14	10
954281	2349	11	10
954296	2354	7	10
954301	2358	6	10
954317	2362	7	10
954332	2362	9	10
954347	2372	0	10
954363	2372	-8	10
954378	2367	-3	10
954393	2367	1	10
954398	2367	-3	10
954413	2367	-10	10
954428	2362	-4	10
954443	2358	7	10
954458	2358	9	10
954473	2362	16	10
954488	2372	12	10
954503	2380	14	10
954508	2385	12	10
954523	2394	1	10
954539	2394	-2	10
954554	2394	7	10
954569	2398	18	10
954584	2408	25	10
954599	2421	25	10
954604	2434	25	10
954619	2448	22	10
954634	2462	14	10
954649	2470	2	10
954664	2470	-13	10
954679	2466	-16	10
954699	2457	-14	10
954704	2452	-17	10
954720	2439	-21	10
954735	2430	-21	10
954750	2416	-20	10
954765	2408	-15	10
954780	2398	-11	10
954795	2390	-11	10
954810	2385	-11	10
954815	2380	-10	10
954830	2372	-5	10
954845	2372	-6	10
954861	2367	-11	10
954876	2362	-12	10
954893	2354	-9	10
954908	2349	-11	10
954913	2344	-10	10
954928	2336	-6	10
954944	2336	3	10
954959	2336	16	10
954974	2340	26	10
954989	2354	26	10
955004	2372	31	10
955019	2390	34	10
955024	2408	29	10
955039	2421	22	10
955054	2434	16	10
955069	2444	14	10
955084	2452	13	10
955099	2462	8	10
955114	2466	0	10
955119	2466	0	10
955134	2466	3	10
955149	2466	4	10
955164	2466	-3	10
955179	2466	-8	10
955194	2466	-12	10
955209	2457	-10	10
955214	2452	-10	10
955229	2448	-10	10
955244	2444	-10	10
955259	2434	3	10
955274	2434	16	10
955290	2444	15	10
955305	2452	12	10
955320	2457	13	10
955325	2466	7	10
955340	2470	-5	10
955355	2470	-14	10
955370	2462	-17	10
955385	2452	-18	10
955400	2444	-15	10
955420	2434	-10	10
955425	2430	-11	10
955440	2421	-11	10
955455	2416	-5	10
955470	2412	0	10
955485	2412	4	10
955500	2412	-1	10
955515	2412	-7	10
955530	2412	-8	10
955535	2408	-8	10
955550	2403	-10	10
955565	2398	-9	10
955580	2394	-5	10
955595	2390	-6	10
955610	2385	-7	10
955625	2380	-1	10
955630	2380	-1	10
955645	2380	-2	10
955660	2380	1	10
955675	2380	3	10
955690	2380	-2	10
955705	2380	-3	10
955720	2380	4	10
955725	2380	6	10
955741	2380	1	10
955756	2380	-1	10
955771	2380	-2	10
955786	2380	0	10
955801	2380	9	10
955816	2385	15	10
955831	2394	18	10
955836	2403	16	10
955851	2412	11	10
955866	2416	5	10
955881	2421	5	10
955896	2426	6	10
955912	2426	12	10
955928	2434	17	10
955934	2444	16	10
955950	2452	13	10
955966	2462	8	10
955982	2466	9	10
955998	2470	10	10
956014	2475	3	10
956029	2475	7	10
956034	2480	-2	10
956049	2480	-14	10
956064	2475	-21	10
956079	2466	-21	10
956094	2452	-21	10
956109	2439	-17	10
956124	2430	-14	10
956139	2421	-15	10
956144	2416	-15	10
956159	2408	-11	10
956174	2398	-9	10
956189	2394	-14	10
956204	2385	-19	10
956220	2376	-19	10
956235	2367	-12	10
956240	2358	-4	10
956255	2358	-1	10
956270	2358	4	10
956285	2358	11	10
956300	2362	9	10
956315	2367	5	10
956330	2367	6	10
956345	2372	5	10
956350	2376	-1	10
956365	2376	-7	10
956380	2376	-9	10
956395	2367	-16	10
956410	2358	-19	10
956425	2349	-12	10
956440	2344	-7	10
956445	2340	-10	10
956461	2331	-5	10
956476	2331	0	10
956491	2331	-4	10
956506	2326	-9	10
956521	2322	-7	10
956536	2318	-4	10
956541	2318	0	10
956556	2318	1	10
956571	2318	5	10
956586	2318	14	10
956601	2322	24	10
956616	2336	29	10
956631	2354	24	10
956651	2367	20	10
956656	2380	17	10
956671	2390	9	10
956686	2394	2	10
956701	2394	-4	10
956716	2394	-11	10
956731	2390	-3	10
956746	2390	-7	10
956751	2385	-12	10
956767	2376	-9	10
956782	2372	-1	10
956797	2372	5	10
956812	2372	-1	10
956827	2372	-2	10
956842	2372	-6	10
956857	2372	-6	10
956862	2367	-4	10
956877	2362	6	10
956893	2362	5	10
956908	2367	2	10
956923	2367	1	10
956938	2367	1	10
956953	2367	6	10
956958	2372	11	10
956973	2376	15	10
956988	2385	15	10
957003	2394	12	10
957018	2403	9	10
957034	2408	10	10
957049	2412	7	10
957054	2416	2	10
957069	2416	-2	10
957085	2416	1	10
957100	2416	9	10
957115	2421	10	10
957130	2426	13	10
957145	2434	10	10
957160	2439	8	10
957165	2444	1	10
957180	2444	2	10
957195	2448	-6	10
957210	2448	-11	10
957225	2439	-10	10
957240	2434	-10	10
957256	2430	-17	10
957262	2421	-16	10
957278	2412	-10	10
957294	2408	-5	10
957310	2403	-9	10
957325	2398	-13	10
957340	2390	-11	10
957355	2385	-2	10
957360	2385	6	10
957375	2385	10	10
957390	2390	9	10
957405	2394	12	10
957420	2398	18	10
957435	2412	18	10
957450	2421	13	10
957465	2426	5	10
957470	2430	4	10
957485	2434	5	10
957500	2434	1	10
957516	2434	-5	10
957531	2434	-3	10
957546	2434	-1	10
957562	2434	-9	10
957567	2430	-16	10
957582	2421	-18	10
957597	2412	-24	10
957612	2398	-32	10
957627	2380	-37	10
957642	2358	-33	10
957657	2340	-27	10
957672	2326	-19	10
957677	2313	-13	10
957692	2308	-19	10
957707	2295	-18	10
957722	2286	-12	10
957737	2277	-11	10
957752	2272	-10	10
957767	2268	-10	10
957772	2264	-6	10
957787	2259	-8	10
957802	2254	-14	10
957817	2246	-20	10
957833	2236	-18	10
957848	2223	-16	10
957863	2214	-19	10
957868	2205	-16	10
957883	2196	-10	10
957899	2192	-6	10
957914	2187	-4	10
957929	2182	1	10
957944	2182	2	10
957959	2182	2	10
957979	2182	12	10
957985	2192	25	10
958000	2205	27	10
958015	2218	19	10
958030	2232	21	10
958045	2241	29	10
958060	2259	29	10
958075	2272	27	10
958080	2290	24	10
958095	2304	15	10
958111	2313	10	10
958126	2318	14	10
958141	2326	12	10
958156	2331	3	10
958171	2336	0	10
958176	2336	1	10
958191	2336	1	10
958206	2336	-9	10
958221	2336	-14	10
958236	2326	-4	10
958251	2322	0	10
958266	2322	-7	10
958281	2318	-14	10
958286	2313	-5	10
958301	2308	-2	10
958316	2308	-11	10
958331	2300	-14	10
958346	2295	-14	10
958361	2286	-18	10
958376	2277	-15	10
958381	2268	-10	10
958396	2264	-10	10
958411	2254	-8	10
958426	2250	-3	10
958441	2250	-2	10
958456	2250	-13	10
958476	2241	-13	10
958491	2232	-8	10
958496	2228	-1	10
958511	2228	3	10
958526	2228	8	10
958541	2232	17	10
958556	2241	14	10
958571	2250	6	10
958586	2250	-5	10
958591	2250	-3	10
958606	2250	5	10
958621	2250	14	10
958636	2259	12	10
958651	2264	9	10
958666	2268	3	10
958681	2272	10	10
958686	2277	18	10
958701	2286	18	10
958716	2300	9	10
958731	2304	8	10
958746	2308	12	10
958761	2313	4	10
958776	2318	-3	10
958791	2318	1	10
958796	2318	5	10
958811	2318	3	10
958826	2318	4	10
958841	2322	7	10
958856	2326	10	10
958871	2331	15	10
958891	2340	13	10
958896	2349	2	10
958911	2349	-6	10
958926	2349	1	10
958941	2349	17	10
958956	2354	24	10
958971	2367	27	10
958986	2385	29	10
959001	2398	34	10
959006	2421	24	10
959021	2434	10	10
959036	2439	9	10
959051	2444	10	10
959066	2448	6	10
959081	2452	-5	10
959096	2452	-10	10
959101	2448	-13	10
959116	2439	-17	10
959131	2430	-13	10
959146	2426	-12	10
959162	2416	-12	10
959177	2412	-8	10
959192	2408	-2	10
959197	2403	-4	10
959212	2403	-8	10
959227	2398	-6	10
959242	2394	-2	10
959257	2394	-11	10
959272	2385	-20	10
959287	2376	-25	10
959307	2362	-18	10
959312	2354	-15	10
959327	2344	-15	10
959342	2336	-16	10
959357	2326	-12	10
959372	2318	-7	10
959387	2313	3	10
959402	2313	12	10
959407	2318	13	10
959422	2326	10	10
959437	2331	9	10
959452	2336	9	10
959467	2344	0	10
959482	2344	-7	10
959497	2344	2	10
959503	2344	9	10
959518	2344	11	10
959533	2349	11	10
959549	2358	14	10
959564	2367	13	10
959579	2372	9	10
959594	2376	4	10
959609	2380	-6	10
959614	2380	-8	10
959629	2376	-8	10
959644	2372	-7	10
959659	2367	-13	10
959674	2358	-7	10
959689	2358	5	10
959704	2358	17	10
959709	2362	19	10
959724	2376	17	10
959739	2385	20	10
959754	2394	24	10
959769	2408	13	10
959784	2416	1	10
959799	2416	-5	10
959819	2416	-5	10
959824	2416	-5	10
959839	2412	0	10
959854	2412	7	10
959869	2412	8	10
959884	2416	9	10
959900	2421	12	10
959915	2430	8	10
959920	2434	0	10
959935	2434	0	10
959950	2434	3	10
959965	2434	-5	10
959980	2434	-16	11
959995	2426	-20	11
960010	2416	-13	11
960015	2408	-6	11
960030	2408	2	11
960045	2408	9	11
960060	2408	16	11
960075	2416	15	11
960090	2426	1	11
960105	2426	-1	11
960120	2426	-2	11
960125	2426	-2	11
960140	2426	-3	11
960155	2426	-6	11
960170	2421	-12	11
960185	2416	-12	11
960200	2408	-7	11
960215	2403	-7	11
960220	2398	-7	11
960235	2398	-3	11
960250	2394	-1	11
960265	2394	-2	11
960280	2394	0	11
960295	2394	1	11
960316	2394	-2	11
960321	2394	-1	11
960336	2394	6	11
960351	2394	10	11
960366	2398	7	11
960381	2403	6	11
960396	2403	13	11
960411	2412	15	11
960426	2421	12	11
960431	2426	3	11
960446	2430	9	11
960461	2434	10	11
960476	2439	4	11
960491	2444	-2	11
960506	2444	-7	11
960521	2439	-10	11
960526	2434	-17	11
960541	2426	-21	11
960556	2412	-19	11
960571	2403	-7	11
960586	2398	6	11
960601	2398	10	11
960616	2403	13	11
960631	2412	14	11
960636	2421	13	11
960651	2426	10	11
960666	2430	2	11
960681	2434	-1	11
960696	2434	-4	11
960711	2434	-6	11
960731	2430	-8	11
960736	2426	-12	11
960751	2421	-14	11
960766	2412	-12	11
960781	2403	-5	11
960796	2403	-3	11
960811	2398	0	11
960828	2398	1	11
960833	2398	6	11
960849	2398	2	11
960864	2403	-3	11
960879	2403	-4	11
960894	2403	-8	11
960909	2398	-10	11
960924	2390	-10	11
960939	2385	-9	11
960944	2380	-8	11
960959	2376	-3	11
960974	2376	3	11
960989	2376	4	11
961004	2376	-3	11
961019	2376	-3	11
961034	2376	3	11
961039	2376	8	11
961054	2376	2	11
961069	2380	-8	11
961084	2376	-3	11
961099	2376	4	11
961114	2376	9	11
961129	2380	11	11
961145	2385	15	11
961150	2394	18	11
961165	2403	14	11
961180	2412	10	11
961195	2416	10	11
961210	2426	17	11
961225	2434	20	11
961240	2444	16	11
961245	2452	10	11
961260	2457	10	11
961275	2466	10	11
961290	2470	15	11
961305	2480	19	11
961320	2488	18	11
961335	2498	16	11
961340	2506	7	11
961355	2511	0	11
961370	2511	-6	11
961385	2511	-17	11
961400	2502	-23	11
961416	2488	-32	11
961431	2470	-37	11
961451	2452	-30	11
961456	2434	-19	11
961471	2426	-8	11
961486	2421	-5	11
961502	2416	1	11
961518	2416	5	11
961534	2416	5	11
961550	2421	-1	11
961555	2421	-5	11
961570	2421	-6	11
961585	2416	-6	11
961600	2412	-6	11
961615	2408	-10	11
961630	2403	-7	11
961645	2398	-2	11
961650	2398	4	11
961665	2398	7	11
961680	2403	5	11
961695	2403	8	11
961710	2408	13	11
961725	2416	9	11
961740	2421	-1	11
961756	2421	-5	11
961761	2421	-2	11
961776	2421	0	11
961791	2421	5	11
961806	2421	10	11
961821	2426	16	11
961836	2434	13	11
961851	2439	15	11
961856	2448	14	11
961871	2457	13	11
961886	2466	9	11
961901	2470	2	11
961916	2470	-8	11
961931	2470	-17	11
961946	2462	-18	11
961961	2452	-10	11
961966	2444	-4	11
961981	2444	-2	11
961997	2444	-6	11
962012	2439	-7	11
962027	2434	-14	11
962042	2426	-18	11
962057	2416	-15	11
962062	2408	-10	11
962078	2403	-9	11
962093	2398	-4	11
962108	2394	5	11
962123	2394	1	11
962138	2394	-6	11
962154	2394	-9	11
962159	2390	-6	11
962174	2385	-6	11
962189	2385	-3	11
962204	2380	3	11
962219	2380	6	11
962234	2380	8	11
962249	2385	8	11
962264	2390	9	11
962269	2398	2	11
962284	2398	2	11
962299	2398	13	11
962314	2408	7	11
962329	2412	-7	11
962344	2412	-15	11
962359	2403	-10	11
962364	2394	1	11
962379	2394	-3	11
962394	2394	2	11
962409	2394	9	11
962424	2398	9	11
962439	2403	3	11
962459	2403	2	11
962464	2403	1	11
962479	2408	1	11
962494	2408	3	11
962509	2408	6	11
962524	2412	9	11
962540	2416	15	11
962555	2426	28	11
962570	2439	34	11
962576	2462	35	11
962591	2480	37	11
962606	2502	41	11
962621	2524	39	11
962636	2547	20	11
962651	2556	8	11
962666	2560	7	11
962671	2565	-5	11
962686	2565	-21	11
962701	2556	-29	11
962716	2538	-31	11
962731	2520	-33	11
962746	2502	-35	11
962761	2484	-33	11
962776	2462	-34	11
962781	2444	-35	11
962797	2426	-26	11
962813	2412	-19	11
962829	2398	-26	11
962845	2385	-36	11
962861	2362	-28	11
962876	2349	-17	11
962881	2340	-22	11
962896	2326	-28	11
962911	2313	-17	11
962926	2300	-10	11
962941	2295	-12	11
962956	2290	-13	11
962971	2282	-6	11
962976	2277	-3	11
962991	2277	-1	11
963006	2277	4	11
963021	2277	4	11
963036	2277	2	11
963051	2277	7	11
963066	2282	13	11
963081	2290	4	11
963086	2290	-7	11
963101	2290	1	11
963117	2290	12	11
963132	2295	11	11
963147	2300	1	11
963162	2300	-2	11
963177	2300	5	11
963182	2304	6	11
963197	2308	5	11
963212	2308	6	11
963227	2313	8	11
963242	2318	1	11
963257	2318	-8	11
963272	2318	-18	11
963287	2308	-23	11
963292	2295	-21	11
963307	2282	-6	11
963322	2277	-3	11
963337	2277	-12	11
963353	2272	-9	11
963368	2264	2	11
963383	2264	0	11
963388	2264	-9	11
963403	2264	-6	11
963418	2259	1	11
963433	2259	-3	11
963448	2259	-12	11
963463	2250	-12	11
963483	2246	-12	11
963488	2236	-18	11
963503	2228	-17	11
963518	2218	-12	11
963533	2210	-10	11
963548	2205	-6	11
963563	2200	6	11
963578	2200	17	11
963593	2210	19	11
963598	2223	17	11
963613	2232	20	11
963628	2241	21	11
963643	2254	16	11
963658	2264	12	11
963673	2268	15	11
963688	2277	11	11
963693	2286	7	11
963708	2286	11	11
963723	2295	13	11
963738	2300	7	11
963753	2304	7	11
963768	2308	6	11
963783	2313	-2	11
963788	2313	-8	11
963803	2313	-2	11
963818	2308	-1	11
963833	2308	-16	11
963848	2300	-28	11
963863	2286	-24	11
963884	2272	-17	11
963899	2264	-18	11
963904	2250	-19	11
963919	2241	-8	11
963934	2236	-4	11
963949	2232	4	11
963964	2232	8	11
963979	2236	10	11
963994	2241	4	11
963999	2246	-1	11
964015	2246	4	11
964030	2246	-2	11
964045	2246	-10	11
964060	2246	-7	11
964075	2241	2	11
964090	2241	0	11
964105	2241	-6	11
964110	2236	3	11
964125	2236	14	11
964140	2241	9	11
964155	2250	2	11
964170	2250	4	11
964185	2250	7	11
964200	2254	7	11
964205	2259	6	11
964221	2264	5	11
964237	2264	-2	11
964253	2264	-5	11
964268	2264	3	11
964283	2264	6	11
964298	2268	2	11
964303	2268	3	11
964318	2268	11	11
964333	2277	10	11
964348	2282	0	11
964363	2282	-2	11
964378	2282	1	11
964393	2282	1	11
964408	2282	-6	11
964413	2282	-6	11
964429	2277	-8	11
964444	2272	-14	11
964459	2268	-13	11
964474	2259	-10	11
964489	2254	-19	11
964504	2241	-25	11
964509	2228	-13	11
964524	2223	-9	11
964539	2214	-23	11
964554	2205	-30	11
964569	2187	-18	11
964584	2178	-17	11
964599	2164	-27	11
964604	2151	-32	11
964619	2133	-24	11
964634	2120	-17	11
964649	2110	-15	11
964664	2102	-4	11
964679	2102	2	11
964695	2102	0	11
964715	2102	8	11
964720	2102	20	11
964735	2110	17	11
964750	2124	9	11
964765	2128	12	11
964780	2133	22	11
964795	2146	20	11
964810	2156	14	11
964815	2164	17	11
964830	2174	21	11
964846	2187	16	11
964861	2196	17	11
964876	2205	25	11
964891	2218	25	11
964906	2232	18	11
964921	2246	28	11
964926	2259	31	11
964941	2277	14	11
964956	2286	-2	11
964972	2286	-6	11
964987	2286	-12	11
965002	2277	-22	11
965017	2264	-16	11
965022	2254	1	11
965037	2254	-1	11
965052	2254	-13	11
965067	2250	-12	11
965082	2241	-10	11
965097	2236	-21	11
965112	2223	-25	11
965117	2210	-21	11
965132	2200	-25	11
965147	2182	-29	11
965162	2169	-22	11
965178	2156	-12	11
965193	2151	-14	11
965208	2142	-14	11
965223	2133	5	11
965228	2133	23	11
965244	2146	18	11
965259	2156	13	11
965274	2164	15	11
965289	2169	9	11
965304	2178	-7	11
965320	2178	-9	11
965325	2169	5	11
965340	2169	8	11
965355	2174	3	11
965370	2178	-2	11
965385	2178	-4	11
965400	2178	-13	11
965415	2169	-9	11
965435	2164	2	11
965440	2164	3	11
965455	2164	-1	11
965470	2164	12	11
965485	2169	22	11
965500	2182	18	11
965515	2192	11	11
965530	2196	12	11
965535	2205	5	11
965550	2210	-14	11
965565	2205	-21	11
965580	2192	-11	11
965595	2187	-9	11
965610	2182	-9	11
965625	2174	-4	11
965630	2174	0	11
965645	2174	-2	11
965660	2174	-8	11
965675	2169	-2	11
965690	2164	-8	11
965706	2160	-17	11
965721	2151	-16	11
965737	2142	-10	11
965742	2138	-12	11
965757	2133	-17	11
965772	2120	-10	11
965787	2115	1	11
965802	2115	6	11
965817	2115	11	11
965832	2124	16	11
965838	2133	15	11
965853	2138	7	11
965868	2142	8	11
965883	2146	11	11
965898	2156	5	11
965913	2156	6	11
965929	2160	11	11
965934	2164	8	11
965949	2169	-3	11
965964	2169	-6	11
965979	2169	7	11
965994	2169	7	11
966009	2174	-4	11
966024	2174	-7	11
966039	2174	-3	11
966045	2169	-10	11
966060	2164	-13	11
966075	2156	-8	11
966090	2151	-2	11
966105	2151	-10	11
966120	2146	-14	11
966135	2138	-9	11
966140	2133	-8	11
966155	2128	-8	11
966170	2124	0	11
966185	2124	-1	11
966200	2124	-9	11
966216	2120	-7	11
966231	2115	4	11
966251	2115	7	11
966256	2115	1	11
966271	2115	5	11
966286	2120	11	11
966301	2124	9	11
966316	2133	7	11
966331	2133	11	11
966346	2142	14	11
966351	2151	6	11
966366	2151	3	11
966381	2156	5	11
966396	2156	5	11
966412	2160	1	11
966427	2160	4	11
966442	2164	6	11
966447	2164	1	11
966462	2164	-7	11
966478	2164	-3	11
966493	2164	-3	11
966508	2164	-12	11
966523	2156	-13	11
966538	2151	-5	11
966554	2146	-7	11
966559	2142	-15	11
966574	2133	-12	11
966589	2128	-15	11
966604	2120	-21	11
966619	2106	-15	11
966634	2097	-10	11
966649	2092	-11	11
966654	2088	-19	11
966669	2074	-14	11
966684	2070	-9	11
966700	2061	-10	11
966715	2056	-11	11
966730	2052	0	11
966745	2052	14	11
966760	2056	14	11
966765	2061	11	11
966780	2070	15	11
966795	2079	16	11
966810	2088	10	11
966825	2092	12	11
966840	2097	14	11
966855	2106	7	11
966860	2110	-1	11
966875	2110	7	11
966890	2115	6	11
966905	2120	-5	11
966920	2120	-3	11
966935	2115	6	11
966950	2115	4	11
966955	2120	-2	11
966970	2120	0	11
966986	2120	4	11
967001	2120	0	11
967016	2120	-2	11
967031	2120	2	11
967046	2120	9	11
967066	2124	11	11
967071	2133	16	11
967087	2142	21	11
967103	2151	17	11
967118	2160	12	11
967134	2169	13	11
967149	2174	10	11
967164	2182	0	11
967169	2182	-8	11
967184	2182	-7	11
967199	2178	-15	11
967214	2169	-24	11
967229	2156	-17	11
967244	2146	-1	11
967259	2146	-2	11
967264	2142	-9	11
967279	2138	-6	11
967294	2133	-9	11
967309	2128	-22	11
967324	2120	-29	11
967339	2102	-22	11
967354	2088	-26	11
967369	2074	-27	11
967374	2061	-17	11
967389	2048	-10	11
967404	2043	-12	11
967419	2038	-9	11
967434	2034	6	11
967449	2034	13	11
967464	2038	7	11
967469	2043	6	11
967484	2048	15	11
967499	2056	17	11
967514	2066	19	11
967529	2074	30	11
967544	2092	42	11
967559	2115	35	11
967579	2133	31	11
967584	2151	39	11
967599	2174	36	11
967614	2196	22	11
967629	2205	13	11
967645	2214	18	11
967660	2223	12	11
967675	2232	2	11
967680	2232	5	11
967696	2236	8	11
967711	2241	-2	11
967726	2241	-3	11
967741	2241	4	11
967756	2241	4	11
967771	2241	-10	11
967776	2241	-18	11
967791	2228	-26	11
967806	2214	-28	11
967821	2200	-26	11
967836	2182	-10	11
967851	2178	-7	11
967866	2174	-15	11
967881	2164	-23	11
967886	2156	-22	11
967901	2142	-24	11
967916	2128	-35	11
967931	2106	-22	11
967946	2097	-4	11
967961	2092	-5	11
967976	2092	-8	11
967981	2088	4	11
967996	2088	10	11
968011	2088	6	11
968026	2092	2	11
968041	2092	9	11
968056	2102	11	11
968071	2106	10	11
968076	2110	16	11
968091	2120	24	11
968106	2133	13	11
968121	2142	11	11
968137	2146	19	11
968152	2160	15	11
968167	2164	5	11
968187	2169	-2	11
968192	2169	-4	11
968207	2169	-10	11
968223	2164	-16	11
968238	2156	-7	11
968253	2151	6	11
968268	2151	9	11
968283	2156	15	11
968288	2164	22	11
968303	2178	12	11
968318	2182	-2	11
968333	2182	-6	11
968348	2182	0	11
968363	2182	-3	11
968378	2182	-10	11
968393	2174	-2	11
968398	2174	3	11
968413	2174	-2	11
968429	2174	1	11
968445	2174	10	11
968460	2178	8	11
968475	2182	2	11
968490	2182	1	11
968495	2182	-6	11
968510	2182	-18	11
968525	2174	-20	11
968540	2164	-10	11
968555	2156	-7	11
968570	2151	-15	11
968585	2146	-12	11
968590	2138	-1	11
968605	2138	-6	11
968620	2133	-13	11
968635	2128	-8	11
968650	2124	5	11
968665	2124	5	11
968680	2124	-2	11
968695	2124	1	11
968700	2124	5	11
968715	2124	7	11
968730	2128	9	11
968745	2133	16	11
968760	2142	22	11
968775	2156	25	11
968790	2169	31	11
968795	2187	30	11
968811	2205	26	11
968826	2218	29	11
968841	2236	33	11
968856	2254	25	11
968871	2268	11	11
968886	2272	8	11
968906	2277	6	11
968911	2282	-8	11
968927	2282	-15	11
968943	2272	-4	11
968958	2272	9	11
968973	2272	10	11
968989	2277	9	11
969004	2282	9	11
969009	2286	6	11
969024	2290	-4	11
969040	2290	-9	11
969055	2286	-10	11
969070	2282	-16	11
969085	2272	-15	11
969100	2264	-11	11
969105	2259	-6	11
969120	2254	-6	11
969135	2250	2	11
969150	2250	8	11
969165	2254	4	11
969180	2254	-5	11
969195	2254	-2	11
969210	2254	-2	11
969215	2254	-9	11
969230	2250	-10	11
969245	2246	-8	11
969260	2241	-5	11
969275	2236	-8	11
969290	2232	-7	11
969305	2228	-5	11
969310	2228	-5	11
969325	2223	-5	11
969340	2218	5	11
969355	2218	17	11
969370	2228	12	11
969385	2236	11	11
969400	2241	16	11
969405	2250	17	11
969420	2259	13	11
969435	2268	8	11
969450	2272	6	11
969465	2277	2	11
969480	2277	4	11
969495	2277	6	11
969515	2282	6	11
969520	2286	3	11
969535	2286	4	11
969550	2290	10	11
969565	2295	11	11
969580	2300	13	11
969595	2308	18	11
969610	2318	22	11
969615	2331	15	11
969630	2340	1	11
969645	2340	-4	11
969660	2340	-6	11
969675	2340	-7	11
969690	2336	-4	11
969705	2331	0	11
969720	2331	-7	11
969725	2326	-14	11
969741	2322	-12	11
969757	2313	-17	11
969773	2304	-30	11
969789	2286	-37	11
969805	2268	-26	11
969821	2250	-20	11
969827	2241	-21	11
969842	2228	-22	11
969858	2214	-24	11
969874	2200	-24	11
969890	2187	-22	11
969905	2178	-14	11
969920	2169	-7	11
969925	2164	-4	11
969940	2164	0	11
969955	2164	4	11
969970	2164	0	11
969985	2164	-6	11
970000	2160	-3	11
970015	2160	-1	11
970030	2160	2	11
970035	2160	1	11
970050	2160	2	11
970066	2160	3	11
970081	2160	-3	11
970096	2160	-7	11
970111	2160	0	11
970126	2160	6	11
970131	2160	5	11
970146	2160	7	11
970161	2164	8	11
970177	2169	4	11
970193	2169	1	11
970208	2174	4	11
970223	2174	7	11
970228	2178	-2	11
970243	2178	-7	11
970258	2178	-8	11
970273	2174	-11	11
970288	2164	-6	11
970303	2164	5	11
970318	2164	12	11
970333	2169	5	11
970338	2169	-5	11
970353	2169	-8	11
970368	2169	-6	11
970383	2164	-11	11
970398	2160	-16	11
970413	2151	-16	11
970428	2142	-17	11
970433	2128	-22	11
970449	2120	-23	11
970464	2106	-19	11
970479	2092	-19	11
970494	2084	-17	11
970509	2074	-17	11
970524	2066	-16	11
970540	2056	-15	11
970545	2048	-14	11
970560	2038	-6	11
970575	2034	-6	11
970590	2034	-9	11
970605	2030	-5	11
970620	2025	-2	11
970635	2025	0	11
970640	2025	1	11
970656	2025	5	11
970671	2025	10	11
970686	2030	8	11
970701	2034	9	11
970716	2038	18	11
970731	2048	24	11
970736	2061	25	11
970751	2074	30	11
970766	2092	29	11
970781	2110	17	11
970796	2120	9	11
970812	2124	6	11
970827	2128	2	11
970843	2128	-7	11
970848	2128	-8	11
970863	2124	-8	11
970878	2120	-6	11
970893	2115	-7	11
970908	2110	-11	11
970923	2106	-14	11
970938	2097	-22	11
970943	2084	-22	11
970958	2074	-14	11
970973	2066	-10	11
970988	2061	-6	11
971003	2056	-6	11
971019	2052	-4	11
971034	2052	-2	11
971049	2048	4	11
971054	2048	10	11
971069	2052	15	11
971084	2061	9	11
971099	2066	5	11
971114	2070	2	11
971129	2070	-4	11
971144	2070	-10	11
971149	2066	-14	11
971165	2061	-12	11
971181	2052	-10	11
971197	2048	-10	11
971212	2043	-3	11
971227	2038	-1	11
971242	2038	-1	11
971247	2038	-1	11
971262	2038	2	11
971277	2038	0	11
971292	2038	-4	11
971307	2038	-3	11
971322	2034	-5	11
971337	2034	-9	11
971352	2025	-10	11
971357	2020	-9	11
971372	2016	-6	11
971387	2012	-8	11
971402	2007	-11	11
971417	2002	-7	11
971432	1998	-1	11
971447	1998	2	11
971452	1998	8	11
971468	1998	11	11
971483	2007	12	11
971498	2012	14	11
971513	2020	17	11
971528	2030	19	11
971543	2038	24	11
971548	2052	25	11
971563	2070	30	11
971578	2084	26	11
971593	2102	24	11
971608	2115	20	11
971623	2124	16	11
971638	2133	11	11
971658	2138	7	11
971663	2142	3	11
971678	2146	-8	11
971693	2146	-16	11
971708	2138	-20	11
971723	2124	-15	11
971738	2115	-19	11
971753	2106	-20	11
971758	2092	-13	11
971773	2088	-10	11
971788	2079	-11	11
971803	2074	-11	11
971818	2070	-4	11
971833	2066	-3	11
971848	2066	-10	11
971863	2061	-16	11
971868	2052	-14	11
971883	2043	-11	11
971898	2034	-12	11
971913	2030	-12	11
971928	2020	-11	11
971943	2016	-5	11
971963	2012	5	11
971968	2012	16	11
971983	2020	16	11
971998	2030	17	11
972013	2038	16	11
972028	2048	12	11
972043	2056	0	11
972058	2056	-8	11
972063	2056	-4	11
972079	2052	9	11
972094	2052	16	11
972109	2061	17	11
972124	2074	18	11
972140	2084	18	11
972156	2092	13	11
972171	2102	5	11
972176	2102	-5	11
972191	2102	-11	11
972206	2097	-8	11
972221	2092	-8	11
972236	2088	-10	11
972251	2084	-16	11
972266	2074	-15	11
972271	2066	-4	11
972286	2066	3	11
972301	2066	4	11
972316	2066	12	11
972331	2070	14	11
972346	2079	6	11
972361	2084	-8	11
972366	2079	-14	11
972381	2074	-13	11
972396	2066	-13	11
972411	2056	-10	11
972427	2052	-9	11
972443	2048	-10	11
972458	2043	-13	11
972473	2034	-14	11
972478	2025	-16	11
972493	2016	-17	11
972509	2007	-12	11
972524	2002	-4	11
972539	1998	3	11
972554	1998	7	11
972569	2002	11	11
972574	2007	13	11
972589	2016	14	11
972605	2020	11	11
972621	2030	10	11
972637	2034	9	11
972653	2038	6	11
972669	2043	10	11
972685	2048	17	11
972690	2056	14	11
972705	2066	10	11
972720	2070	10	11
972735	2079	8	11
972750	2084	-1	11
972765	2084	-4	11
972780	2084	-1	11
972785	2084	-7	11
972800	2079	-16	11
972815	2070	-20	11
972830	2056	-20	11
972846	2048	-19	11
972861	2034	-22	11
972876	2025	-19	11
972881	2012	-12	11
972896	2007	-8	11
972911	2002	-4	11
972926	1998	-4	11
972942	1998	-5	11
972957	1994	-12	11
972972	1989	-15	11
972987	1980	-11	11
972992	1971	-15	11
973008	1966	-14	11
973023	1958	-3	11
973038	1953	6	11
973053	1953	5	11
973068	1958	1	11
973083	1958	8	11
973088	1962	11	11
973103	1966	2	11
973118	1971	-1	11
973133	1971	-2	11
973148	1971	-3	11
973163	1971	-2	11
973178	1971	3	11
973193	1971	1	11
973198	1971	-8	11
973213	1966	2	11
973228	1966	10	11
973243	1971	10	11
973258	1976	5	11
973273	1980	2	11
973288	1980	1	11
973293	1980	3	11
973308	1980	0	11
973323	1980	-5	11
973338	1980	-9	11
973353	1976	-16	11
973368	1966	-16	11
973383	1958	-7	11
973388	1958	0	11
973403	1958	2	11
973418	1958	9	11
973433	1958	14	11
973448	1966	6	11
973464	1971	1	11
973479	1971	5	11
973499	1971	5	11
973504	1976	-8	11
973519	1976	-17	11
973534	1966	-20	11
973549	1953	-20	11
973564	1944	-11	11
973579	1935	0	11
973594	1935	9	11
973599	1940	14	11
973614	1944	9	11
973629	1948	6	11
973645	1953	-4	11
973661	1953	-8	11
973676	1953	-6	11
973691	1948	-10	11
973696	1944	-21	11
973711	1930	-26	11
973726	1917	-22	11
973741	1904	-18	11
973756	1894	-19	11
973771	1881	-18	11
973786	1872	-6	11
973801	1868	3	11
973806	1868	3	11
973821	1868	1	11
973836	1868	0	11
973851	1868	1	11
973866	1868	0	11
973882	1868	2	11
973897	1872	3	11
973902	1872	7	11
973917	1876	19	11
973932	1886	24	11
973947	1899	16	11
973962	1908	-1	11
973977	1908	-14	11
973992	1904	-39	11
974007	1881	-69	11
974012	1845	-83	11
974028	1796	-77	11
974044	1755	-57	11
974059	1724	-44	11
974074	1696	-35	11
974090	1678	-28	11
974105	1660	-19	11
974110	1652	-14	11
974125	1642	-11	11
974140	1638	-6	11
974155	1634	-9	11
974170	1629	-11	11
974185	1624	-8	11
974200	1620	-5	11
974205	1616	-6	11
974220	1611	-1	11
974235	1611	7	11
974250	1611	8	11
974265	1616	13	11
974280	1624	26	11
974295	1638	32	11
974311	1656	23	11
974316	1670	22	11
974332	1683	15	11
974347	1688	1	11
974362	1692	-4	11
974377	1692	0	11
974392	1692	2	11
974407	1692	4	11
974412	1692	10	11
974428	1696	21	11
974443	1710	23	11
974458	1724	14	11
974473	1728	6	11
974488	1732	0	11
974503	1732	-9	11
974518	1732	-22	11
974523	1719	-33	11
974538	1701	-33	11
974553	1683	-37	11
974568	1660	-44	11
974583	1638	-42	11
974598	1611	-41	11
974618	1588	-41	11
974623	1566	-34	11
974638	1548	-30	11
974653	1530	-30	11
974668	1512	-29	11
974683	1498	-19	11
974698	1485	-20	11
974713	1476	-24	11
974718	1462	-21	11
974733	1449	-13	11
974748	1444	-13	11
974763	1436	-13	11
974778	1426	-11	11
974793	1422	1	11
974808	1422	7	11
974823	1422	14	11
974828	1431	17	11
974843	1440	21	11
974858	1454	24	11
974873	1467	23	11
974888	1480	15	11
974903	1485	7	11
974918	1490	5	11
974923	1494	12	11
974938	1498	23	11
974953	1512	25	11
974969	1526	17	11
974984	1539	18	11
975000	1548	15	11
975015	1557	4	11
975020	1557	0	11
975035	1557	-2	11
975050	1557	-9	11
975065	1557	-16	11
975080	1548	-17	11
975095	1539	-18	11
975115	1526	-22	11
975130	1516	-20	11
975135	1503	-15	11
975150	1494	-22	11
975165	1480	-30	11
975180	1467	-35	11
975195	1444	-33	11
975210	1426	-36	11
975225	1408	-33	11
975230	1390	-25	11
975246	1372	-23	11
975261	1364	-24	11
975276	1350	-27	11
975291	1332	-19	11
975306	1323	-12	11
975322	1314	-14	11
975337	1310	-10	11
975342	1300	1	11
975357	1300	4	11
975372	1300	-1	11
975387	1300	-1	11
975402	1300	4	11
975417	1300	4	11
975432	1305	6	11
975437	1310	12	11
975453	1314	13	11
975469	1323	16	11
975484	1332	28	11
975499	1346	34	11
975514	1364	28	11
975529	1382	18	11
975534	1390	12	11
975549	1400	4	11
975564	1400	-3	11
975579	1400	-7	11
975595	1400	-6	11
975610	1395	-10	11
975625	1390	-17	11
975640	1382	-24	11
975645	1368	-26	11
975660	1350	-31	11
975675	1336	-29	11
975690	1318	-18	11
975705	1310	-8	11
975720	1305	-14	11
975735	1296	-22	11
975740	1282	-21	11
975756	1274	-16	11
975771	1264	-7	11
975786	1260	-2	11
975801	1256	4	11
975816	1256	1	11
975831	1256	8	11
975836	1260	12	11
975851	1269	11	11
975866	1274	16	11
975881	1282	21	11
975896	1296	25	11
975911	1310	18	11
975926	1318	17	11
975946	1328	24	11
975951	1341	26	11
975966	1354	17	11
975981	1368	9	11
975996	1372	13	11
976011	1377	10	11
976026	1386	-3	11
976041	1386	-20	11
976046	1377	-24	11
976061	1364	-23	11
976076	1350	-24	11
976091	1336	-23	11
976106	1323	-18	11
976122	1314	-21	11
976137	1300	-26	11
976152	1287	-28	11
976157	1269	-37	11
976173	1251	-36	11
976188	1228	-28	11
976203	1215	-19	11
976218	1202	-23	11
976233	1188	-22	11
976248	1179	-13	11
976253	1170	-7	11
976268	1166	-12	11
976283	1161	-11	11
976299	1152	-3	11
976314	1152	0	11
976329	1152	0	11
976344	1152	2	11
976349	1152	11	11
976364	1156	19	11
976379	1166	14	11
976394	1174	13	11
976409	1179	12	11
976424	1188	13	11
976439	1192	16	11
976455	1202	24	11
976460	1215	20	11
976475	1228	14	11
976490	1238	14	11
976505	1242	16	11
976520	1251	9	11
976535	1260	3	11
976555	1260	4	11
976560	1260	1	11
976575	1264	-10	11
976590	1260	-14	11
976605	1251	-5	11
976620	1251	4	11
976635	1251	20	11
976650	1260	37	11
976665	1282	49	11
976670	1310	51	11
976685	1336	50	11
976701	1364	45	11
976717	1390	31	11
976732	1408	15	11
976747	1418	7	11
976762	1422	7	11
976767	1422	2	11
976782	1426	0	11
976798	1426	2	11
976814	1426	2	11
976829	1426	-7	11
976844	1426	-14	11
976859	1418	-15	11
976864	1413	-19	11
976879	1400	-23	11
976894	1386	-22	11
976909	1377	-21	11
976924	1364	-28	11
976939	1346	-25	11
976954	1332	-16	11
976969	1323	-18	11
976974	1314	-25	11
976989	1300	-17	11
977004	1292	-4	11
977019	1287	-3	11
977034	1287	-1	11
977049	1287	8	11
977064	1287	16	11
977069	1296	13	11
977085	1305	6	11
977100	1305	2	11
977115	1310	2	11
977130	1310	2	11
977145	1310	1	11
977160	1310	0	11
977165	1310	-3	11
977180	1310	-4	11
977195	1310	3	11
977210	1310	9	11
977225	1314	2	11
977240	1314	3	11
977255	1314	10	11
977270	1323	4	11
977275	1323	-7	11
977290	1323	-6	11
977305	1318	3	11
977320	1318	0	11
977335	1318	2	11
977350	1318	8	11
977366	1323	6	11
977371	1328	-2	11
977386	1328	-2	11
977401	1328	-1	11
977416	1328	-3	11
977431	1328	-4	11
977446	1323	-1	11
977466	1323	1	11
977481	1323	1	11
977486	1323	-3	11
977501	1323	1	11
977516	1323	0	11
977531	1323	-7	11
977546	1318	-8	11
977561	1314	-5	11
977576	1314	0	11
977581	1314	4	11
977596	1314	9	11
977611	1314	12	11
977626	1323	6	11
977641	1328	-1	11
977656	1328	0	11
977671	1328	-8	11
977676	1323	-19	11
977692	1314	-16	11
977707	1305	-6	11
977722	1300	-4	11
977737	1300	1	11
977752	1300	13	11
977767	1305	19	11
977782	1314	16	11
977787	1323	15	11
977802	1332	13	11
977817	1341	10	11
977832	1346	8	11
977847	1350	7	11
977862	1354	-1	11
977882	1354	-5	11
977887	1354	-3	11
977902	1350	3	11
977917	1350	2	11
977932	1350	-1	11
977947	1350	7	11
977962	1354	13	11
977977	1364	8	11
977982	1368	0	11
977997	1368	2	11
978012	1368	10	11
978027	1372	1	11
978042	1372	-5	11
978057	1372	-3	11
978072	1372	-7	11
978087	1368	-12	11
978092	1364	-7	11
978107	1359	1	11
978122	1359	-3	11
978137	1359	-4	11
978152	1354	4	11
978167	1354	3	11
978182	1354	-13	11
978187	1350	-21	11
978202	1341	-21	11
978217	1328	-24	11
978232	1314	-22	11
978247	1300	-15	11
978262	1292	-4	11
978282	1292	1	11
978297	1292	-1	11
978303	1292	7	11
978318	1292	10	11
978333	1296	12	11
978348	1305	10	11
978363	1310	11	11
978378	1314	13	11
978394	1323	9	11
978399	1328	8	11
978414	1332	6	11
978429	1336	4	11
978445	1336	12	11
978460	1346	20	11
978475	1354	11	11
978490	1364	1	11
978495	1364	7	11
978510	1368	15	11
978525	1377	8	11
978540	1382	2	11
978555	1382	7	11
978570	1386	11	11
978585	1390	5	11
978600	1395	-1	11
978605	1395	-3	11
978620	1395	-3	11
978635	1395	0	11
978650	1395	9	11
978665	1395	12	11
978680	1400	14	11
978695	1408	16	11
978700	1418	23	11
978715	1431	21	11
978730	1444	12	11
978745	1449	9	11
978760	1454	14	11
978775	1462	9	11
978790	1467	0	11
978810	1467	-4	11
978815	1467	-5	11
978830	1467	-16	11
978845	1458	-20	11
978860	1444	-16	11
978875	1436	-21	11
978890	1426	-20	11
978905	1413	-7	11
978910	1408	12	11
978925	1413	26	11
978940	1426	29	11
978955	1444	36	11
978970	1462	39	11
978985	1485	27	11
979000	1503	20	11
979005	1512	22	11
979020	1526	21	11
979035	1539	16	11
979050	1548	7	11
979065	1548	-1	11
979080	1548	-7	11
979095	1548	-10	11
979110	1544	-7	11
979115	1539	2	11
979130	1539	2	11
979145	1539	3	11
979160	1539	2	11
979176	1539	-2	11
979191	1539	-13	11
979206	1534	-12	11
979211	1530	-12	11
979226	1521	-20	11
979241	1512	-22	11
979256	1498	-14	11
979271	1490	-13	11
979286	1485	-11	11
979306	1476	-8	11
979311	1472	-1	11
979326	1472	2	11
979341	1472	3	11
979356	1472	10	11
979371	1476	10	11
979386	1485	9	11
979401	1490	8	11
979416	1494	6	11
979421	1494	5	11
979436	1498	5	11
979451	1503	6	11
979466	1503	5	11
979482	1508	-6	11
979497	1508	-13	11
979512	1503	-9	11
979517	1494	1	11
979532	1494	2	11
979547	1494	5	11
979562	1498	8	11
979577	1503	6	11
979592	1503	-2	11
979607	1503	-3	11
979622	1503	-5	11
979627	1503	-12	11
979642	1494	-14	11
979657	1490	-12	11
979672	1480	-16	11
979687	1472	-19	11
979702	1462	-9	11
979723	1458	1	11
979728	1458	4	11
979743	1458	-2	11
979758	1458	5	11
979773	1458	9	11
979788	1462	12	11
979804	1467	12	11
979819	1476	15	11
979824	1485	16	11
979839	1494	12	11
979854	1498	14	11
979869	1508	19	11
979884	1516	19	11
979899	1530	15	11
979914	1539	20	11
979929	1548	21	11
979934	1562	13	11
979949	1566	9	11
979964	1575	12	11
979979	1580	8	11
979994	1584	-5	11
980009	1584	-9	11
980024	1580	-9	11
980029	1575	-8	11
980044	1570	-6	11
980059	1566	3	11
980074	1566	7	11
980089	1570	9	11
980104	1575	5	11
980119	1575	-1	11
980124	1575	-8	11
980139	1575	-20	11
980154	1566	-24	11
980169	1552	-20	11
980184	1539	-18	11
980199	1530	-7	11
980214	1526	2	11
980234	1526	2	11
980239	1526	-4	11
980255	1526	-5	11
980270	1521	-1	11
980285	1521	-1	11
980300	1521	1	11
980316	1521	2	11
980331	1521	6	11
980336	1521	0	11
980351	1521	-10	11
980366	1521	-12	11
980381	1516	-14	11
980396	1508	-15	11
980412	1498	-11	11
980427	1494	-6	11
980442	1490	-2	11
980447	1490	7	11
980462	1490	16	11
980477	1498	14	11
980492	1503	3	11
980507	1508	2	11
980522	1508	4	11
980537	1508	5	11
980542	1512	1	11
980557	1512	4	11
980572	1516	7	11
980587	1521	2	11
980602	1521	7	11
980617	1526	16	11
980634	1534	21	11
980639	1544	17	11
980654	1552	19	11
980669	1566	23	11
980684	1580	18	11
980699	1588	7	11
980714	1593	5	11
980729	1593	5	11
980744	1598	4	11
980749	1602	4	11
980765	1602	14	11
980780	1611	14	11
980795	1620	7	11
980810	1620	5	11
980825	1624	1	11
980840	1624	-9	11
980845	1624	-20	11
980860	1611	-27	11
980876	1598	-37	11
980892	1575	-49	11
980908	1548	-52	11
980923	1521	-43	11
980938	1494	-34	11
980953	1476	-30	11
980958	1458	-24	11
980973	1444	-18	11
980988	1436	-21	11
981003	1426	-20	11
981018	1413	-13	11
981033	1404	-4	11
981048	1404	-8	11
981053	1400	-6	11
981068	1395	-5	11
981083	1395	1	11
981098	1395	1	11
981113	1395	8	11
981128	1395	18	11
981143	1404	20	11
981148	1418	22	11
981163	1426	33	11
981178	1449	35	11
981193	1467	25	11
981208	1480	19	11
981223	1490	21	11
981238	1503	13	11
981258	1512	3	11
981263	1512	-3	11
981278	1512	-6	11
981294	1512	-8	11
981309	1508	-10	11
981324	1503	-9	11
981339	1494	-9	11
981354	1490	-13	11
981359	1485	-9	11
981374	1480	-4	11
981389	1476	-10	11
981404	1472	-15	11
981419	1462	-12	11
981434	1454	-20	11
981449	1444	-31	11
981454	1426	-31	11
981469	1408	-15	11
981484	1400	-3	11
981499	1400	-3	11
981514	1400	-1	11
981529	1395	9	11
981544	1400	17	11
981559	1408	22	11
981564	1422	28	11
981579	1436	31	11
981594	1454	26	11
981609	1467	24	11
981624	1480	18	11
981639	1490	4	11
981654	1494	0	11
981659	1494	6	11
981674	1498	14	11
981690	1503	7	11
981705	1508	-1	11
981720	1508	2	11
981735	1508	-1	11
981751	1508	-10	11
981766	1508	-15	11
981771	1498	-8	11
981786	1494	-11	11
981801	1490	-23	11
981816	1476	-28	11
981831	1458	-32	11
981846	1440	-36	11
981866	1422	-39	11
981871	1400	-26	11
981886	1386	-13	11
981901	1377	-7	11
981916	1372	3	11
981931	1372	14	11
981946	1377	18	11
981961	1390	12	11
981966	1395	13	11
981982	1404	12	11
981997	1408	6	11
982012	1413	8	11
982027	1418	15	11
982042	1426	18	11
982057	1436	18	11
982073	1444	20	11
982078	1458	21	11
982093	1472	15	11
982108	1476	14	11
982123	1485	22	11
982138	1498	21	11
982153	1512	9	11
982169	1516	3	11
982174	1516	-2	11
982189	1516	-4	11
982204	1516	-8	11
982219	1512	2	11
982234	1512	11	11
982249	1516	12	11
982264	1521	10	11
982279	1530	11	11
982284	1534	8	11
982300	1539	5	11
982316	1544	10	11
982332	1548	11	11
982347	1552	5	11
982363	1557	4	11
982378	1557	7	11
982383	1562	8	11
982398	1566	6	11
982413	1570	5	11
982428	1575	15	11
982443	1584	16	11
982458	1593	8	11
982473	1598	5	11
982478	1598	0	11
982494	1598	-10	11
982509	1598	-19	11
982524	1584	-16	11
982540	1575	-9	11
982556	1570	-9	11
982571	1566	-5	11
982586	1566	4	11
982591	1566	-4	11
982606	1566	-16	11
982621	1557	-11	11
982636	1548	-7	11
982652	1544	-11	11
982667	1539	-20	11
982682	1526	-18	11
982687	1516	-16	11
982702	1508	-16	11
982717	1498	-13	11
982732	1494	-5	11
982747	1490	3	11
982762	1490	13	11
982777	1494	23	11
982782	1508	28	11
982797	1521	24	11
982812	1534	23	11
982827	1548	23	11
982842	1562	20	11
982857	1575	13	11
982872	1580	14	11
982887	1588	19	11
982892	1598	15	11
982907	1606	3	11
982922	1611	0	11
982937	1611	4	11
982952	1611	-5	11
982967	1611	-11	11
982982	1606	-13	11
982987	1598	-17	11
983002	1588	-16	11
983017	1580	-10	11
983032	1575	-5	11
983047	1570	-12	11
983062	1566	-9	11
983082	1562	-3	11
983098	1557	-1	11
983103	1557	-1	11
983118	1557	3	11
983133	1557	6	11
983148	1557	4	11
983163	1562	5	11
983178	1566	11	11
983193	1570	14	11
983198	1580	12	11
983213	1584	9	11
983228	1588	7	11
983243	1593	6	11
983258	1598	5	11
983273	1602	4	11
983288	1602	4	11
983293	1606	-4	11
983308	1606	-6	11
983323	1602	-3	11
983338	1602	-3	11
983354	1598	-5	11
983369	1598	2	11
983384	1598	15	11
983399	1602	18	11
983404	1611	12	11
983419	1620	9	11
983434	1624	7	11
983449	1629	2	11
983464	1629	-2	11
983479	1629	-5	11
983494	1629	-12	11
983499	1624	-17	11
983514	1611	-17	11
983529	1602	-16	11
983544	1593	-18	11
983559	1584	-16	11
983574	1575	-9	11
983594	1570	-4	11
983599	1566	-7	11
983614	1566	-11	11
983629	1557	-10	11
983644	1552	-8	11
983660	1548	-15	11
983676	1539	-19	11
983691	1530	-13	11
983706	1521	-6	11
983711	1516	-6	11
983726	1516	1	11
983741	1516	7	11
983756	1516	7	11
983771	1521	8	11
983786	1526	12	11
983802	1530	14	11
983807	1539	13	11
983822	1544	10	11
983838	1552	3	11
983853	1552	-9	11
983868	1552	-10	11
983883	1548	0	11
983898	1548	6	11
983913	1548	8	11
983918	1548	14	11
983933	1557	17	11
983948	1566	14	11
983963	1575	12	11
983978	1584	11	11
983995	1588	12	11
984010	1593	9	11
984015	1602	6	11
984031	1602	5	11
984046	1606	3	11
984061	1606	-2	11
984076	1606	3	11
984091	1606	13	11
984106	1616	17	11
984111	1624	16	11
984126	1634	15	11
984141	1642	12	11
984156	1652	3	11
984172	1652	-3	11
984187	1652	-12	11
984202	1647	-22	11
984217	1634	-26	11
984222	1620	-22	11
984237	1606	-18	11
984252	1598	-24	11
984268	1584	-21	11
984283	1570	-8	11
984299	1566	-7	11
984314	1562	-10	11
984319	1557	-17	11
984334	1548	-13	11
984349	1539	-13	11
984364	1534	-18	11
984379	1526	-20	11
984394	1512	-22	11
984409	1498	-24	11
984424	1485	-25	11
984429	1472	-25	11
984444	1458	-22	11
984459	1444	-16	11
984474	1436	-5	11
984489	1436	0	11
984504	1436	1	11
984519	1436	11	11
984524	1436	26	11
984539	1454	29	11
984554	1467	18	11
984570	1476	13	11
984585	1485	19	11
984600	1494	18	11
984616	1508	10	11
984621	1512	14	11
984636	1521	19	11
984651	1530	25	11
984666	1544	28	11
984681	1562	28	11
984696	1575	22	11
984711	1588	19	11
984726	1598	19	11
984731	1611	9	11
984747	1616	-3	11
984762	1616	-9	11
984777	1611	-12	11
984792	1606	-16	11
984807	1598	-22	11
984822	1584	-16	11
984827	1575	0	11
984842	1575	-1	11
984857	1575	-11	11
984873	1566	-10	11
984888	1562	-3	11
984903	1562	-6	11
984919	1557	-16	11
984924	1548	-18	11
984939	1539	-15	11
984954	1530	-25	11
984969	1516	-24	11
984984	1503	-13	11
984999	1494	-14	11
985014	1485	-13	11
985029	1480	-3	11
985034	1476	6	11
985049	1476	7	11
985064	1480	14	11
985079	1490	21	11
985094	1503	16	11
985110	1512	8	11
985126	1516	2	11
985131	1516	4	11
985146	1516	6	11
985161	1521	3	11
985176	1521	6	11
985191	1526	6	11
985206	1530	1	11
985221	1530	4	11
985241	1534	15	11
985246	1539	16	11
985261	1548	7	11
985276	1552	2	11
985291	1557	5	11
985306	1557	-3	11
985321	1557	-9	11
985336	1557	-1	11
985341	1552	3	11
985356	1552	-1	11
985371	1552	-6	11
985386	1552	0	11
985401	1552	3	11
985416	1552	1	11
985431	1552	-1	11
985436	1552	5	11
985451	1552	-1	11
985466	1552	-7	11
985481	1552	-3	11
985496	1552	-3	11
985511	1548	-3	11
985526	1548	-2	11
985546	1548	0	11
985551	1548	-2	11
985566	1544	-5	11
985581	1544	7	11
985596	1544	17	11
985611	1552	7	11
985627	1557	2	11
985642	1557	12	11
985647	1562	10	11
985662	1570	-1	11
985678	1570	-4	11
985693	1570	-4	11
985708	1566	-9	11
985723	1562	-14	11
985738	1557	-7	11
985744	1552	-3	11
985759	1548	-2	11
985774	1548	-3	11
985789	1548	1	11
985804	1548	-1	11
985819	1548	-4	11
985834	1544	3	11
985849	1544	11	11
985854	1548	9	11
985869	1552	9	11
985884	1557	13	11
985899	1566	15	11
985914	1575	14	11
985929	1584	14	11
985944	1588	20	11
985949	1602	17	11
985964	1611	8	11
985979	1616	7	11
985995	1620	10	11
986010	1624	4	11
986025	1629	-4	11
986040	1629	-2	11
986055	1629	-2	11
986060	1624	-12	11
986075	1620	-11	11
986090	1616	1	11
986105	1616	6	11
986120	1616	7	11
986136	1616	11	11
986151	1624	13	11
986156	1629	10	11
986171	1638	7	11
986186	1642	1	11
986201	1642	-9	11
986216	1638	-16	11
986231	1629	-10	11
986246	1624	-13	11
986251	1620	-26	11
986266	1602	-26	11
986282	1588	-19	11
986298	1580	-11	11
986313	1570	-17	11
986328	1562	-13	11
986343	1557	0	11
986358	1557	5	11
986363	1557	-2	11
986378	1557	-1	11
986393	1557	4	11
986408	1557	0	11
986423	1557	-6	11
986438	1557	-1	11
986454	1552	2	11
986460	1552	0	11
986476	1552	6	11
986492	1557	17	11
986508	1566	16	11
986524	1575	9	11
986540	1580	16	11
986555	1588	20	11
986570	1598	11	11
986575	1606	4	11
986590	1606	8	11
986605	1611	11	11
986620	1620	2	11
986636	1620	-5	11
986651	1620	-4	11
986666	1620	-1	11
986671	1616	2	11
986686	1616	9	11
986701	1620	21	11
986716	1634	28	11
986731	1647	34	11
986746	1665	40	11
986761	1688	32	11
986766	1706	18	11
986781	1719	10	11
986796	1724	11	11
986811	1728	8	11
986826	1732	3	11
986841	1737	3	11
986856	1737	-2	11
986871	1737	-5	11
986876	1737	-11	11
986892	1732	-13	11
986907	1724	-20	11
986922	1710	-21	11
986937	1701	-19	11
986953	1688	-25	11
986968	1674	-45	11
986973	1652	-55	11
986988	1620	-47	11
987003	1593	-39	11
987018	1570	-36	11
987033	1552	-28	11
987048	1534	-18	11
987063	1526	-10	11
987068	1521	-10	11
987083	1512	-7	11
987098	1508	-3	11
987113	1508	-3	11
987128	1508	-1	11
987143	1508	0	11
987158	1508	-1	11
987178	1503	-1	11
987183	1503	4	11
987199	1503	4	11
987214	1503	-6	11
987229	1503	-11	11
987244	1498	0	11
987259	1498	6	11
987274	1498	-2	11
987279	1498	-4	11
987294	1498	5	11
987309	1498	6	11
987324	1503	7	11
987339	1508	8	11
987354	1512	17	11
987369	1521	23	11
987384	1534	21	11
987389	1544	20	11
987404	1557	15	11
987419	1566	11	11
987435	1570	7	11
987450	1575	6	11
987465	1580	-2	11
987480	1580	-6	11
987485	1575	2	11
987500	1575	6	11
987515	1580	0	11
987530	1580	-11	11
987545	1575	-12	11
987560	1570	-13	11
987575	1562	-23	11
987580	1548	-25	11
987596	1534	-16	11
987611	1526	-6	11
987626	1521	-2	11
987641	1521	-4	11
987656	1516	-7	11
987671	1516	-13	11
987686	1508	-11	11
987691	1503	-12	11
987706	1494	-15	11
987721	1485	-19	11
987736	1476	-10	11
987752	1472	-1	11
987767	1467	-2	11
987782	1467	-4	11
987787	1467	-1	11
987803	1467	8	11
987818	1467	9	11
987833	1472	7	11
987848	1476	10	11
987863	1480	10	11
987878	1485	8	11
987884	1490	10	11
987900	1494	13	11
987916	1503	12	11
987931	1512	6	11
987946	1512	5	11
987961	1516	-6	11
987976	1516	-16	11
987991	1508	-9	11
987996	1503	2	11
988011	1503	6	11
988027	1503	4	11
988042	1508	2	11
988057	1508	4	11
988073	1508	0	11
988088	1508	-6	11
988093	1508	-10	11
988108	1503	-20	11
988123	1494	-25	11
988138	1480	-23	11
988153	1467	-20	11
988168	1454	-24	11
988183	1440	-26	11
988199	1426	-22	11
988204	1413	-11	11
988219	1408	-8	11
988234	1404	-6	11
988249	1400	2	11
988264	1400	5	11
988279	1400	1	11
988294	1400	-3	11
988299	1400	-4	11
988314	1400	3	11
988329	1400	10	11
988344	1404	18	11
988360	1413	15	11
988375	1422	10	11
988390	1426	15	11
988395	1436	20	11
988410	1449	14	11
988425	1454	9	11
988440	1462	11	11
988455	1467	10	11
988470	1472	-3	11
988485	1472	-17	11
988505	1467	-16	11
988510	1458	-11	11
988525	1449	-2	11
988540	1449	-3	11
988555	1449	-7	11
988570	1444	-6	11
988585	1440	-4	11
988600	1436	-6	11
988606	1436	-15	11
988621	1426	-21	11
988636	1413	-14	11
988651	1404	-2	11
988666	1404	-3	11
988681	1404	-5	11
988697	1400	4	11
988712	1400	17	11
988717	1408	19	11
988732	1418	18	11
988747	1431	30	11
988762	1444	35	11
988777	1467	33	11
988792	1485	22	11
988807	1498	11	11
988812	1503	6	11
988827	1508	13	11
988842	1512	18	11
988857	1526	12	11
988872	1530	0	11
988887	1530	1	11
988902	1530	2	11
988907	1530	1	11
988922	1534	-7	11
988937	1534	-5	11
988952	1530	-4	11
988967	1526	-14	11
988982	1521	-32	11
989002	1503	-41	11
989017	1480	-40	11
989022	1458	-39	11
989037	1436	-30	11
989052	1418	-27	11
989067	1404	-27	11
989082	1386	-33	11
989097	1368	-25	11
989112	1354	-14	11
989117	1346	-10	11
989132	1341	-11	11
989147	1336	-9	11
989162	1328	-5	11
989177	1328	-3	11
989192	1323	1	11
989207	1323	11	11
989212	1328	13	11
989228	1336	14	11
989244	1341	13	11
989260	1350	10	11
989276	1354	0	11
989292	1354	-2	11
989307	1354	4	11
989322	1359	1	11
989327	1359	3	11
989342	1359	6	11
989357	1364	3	11
989372	1364	-7	11
989387	1364	-17	11
989402	1354	-12	11
989417	1350	-5	11
989422	1346	-8	11
989437	1341	-6	11
989452	1336	3	11
989468	1336	8	11
989483	1341	2	11
989498	1341	1	11
989513	1341	2	11
989528	1341	-4	11
989533	1341	-5	11
989548	1341	-6	11
989563	1336	-10	11
989578	1332	-11	11
989593	1328	-8	11
989608	1323	-4	11
989624	1318	-9	11
989629	1314	-15	11
989644	1305	-7	11
989659	1300	1	11
989674	1300	4	11
989689	1300	3	11
989704	1300	8	11
989719	1305	7	11
989724	1310	2	11
989739	1314	1	11
989754	1314	3	11
989769	1314	4	11
989784	1318	7	11
989799	1318	14	11
989814	1328	14	11
989829	1336	10	11
989834	1341	8	11
989849	1346	7	11
989864	1350	4	11
989879	1354	-2	11
989894	1354	-2	11
989909	1354	-1	11
989929	1354	1	11
989934	1354	-1	11
989949	1354	5	11
989964	1354	8	11
989979	1359	16	11
989994	1368	31	11
990009	1382	43	11
990024	1408	36	11
990029	1426	29	11
990044	1444	30	11
990059	1462	32	11
990074	1480	21	11
990089	1490	13	11
990104	1498	15	11
990119	1508	13	11
990134	1512	5	11
990139	1516	3	11
990154	1516	6	11
990169	1521	6	11
990185	1526	4	11
990201	1526	4	11
990216	1530	1	11
990231	1530	-6	11
990236	1530	-13	11
990251	1526	-15	11
990266	1516	-25	11
990281	1503	-38	11
990296	1480	-37	11
990311	1458	-29	11
990326	1444	-28	11
990346	1426	-27	11
990351	1413	-17	11
990366	1404	-9	11
990381	1395	-13	11
990396	1390	-11	11
990411	1382	-1	11
990426	1382	4	11
990441	1382	3	11
990446	1382	2	11
990462	1386	2	11
990477	1386	-2	11
990492	1386	-9	11
990507	1382	-8	11
990522	1377	-11	11
990537	1372	-9	11
990543	1368	3	11
990560	1368	7	11
990575	1368	2	11
990590	1368	-4	11
990605	1368	-1	11
990620	1368	5	11
990636	1368	-1	11
990652	1368	-10	11
990657	1368	-8	11
990673	1364	-5	11
990689	1359	-3	11
990705	1359	-3	11
990720	1359	-3	11
990735	1354	-1	11
990750	1354	6	11
990755	1354	16	11
990770	1364	13	11
990786	1372	5	11
990801	1372	4	11
990816	1377	12	11
990831	1382	15	11
990846	1390	10	11
990861	1395	9	11
990866	1400	13	11
990881	1408	8	11
990896	1413	1	11
990911	1413	-3	11
990926	1413	-1	11
990941	1413	0	11
990956	1413	7	11
990961	1418	8	11
990976	1422	8	11
990991	1426	10	11
991006	1431	8	11
991021	1436	3	11
991036	1436	-6	11
991051	1436	-14	11
991056	1431	-11	11
991071	1422	-15	11
991086	1413	-19	11
991102	1404	-27	11
991117	1390	-28	11
991132	1372	-35	11
991147	1354	-26	11
991162	1336	-14	11
991167	1332	-2	11
991182	1328	3	11
991197	1328	12	11
991212	1332	14	11
991228	1341	16	11
991243	1350	18	11
991258	1359	24	11
991263	1372	28	11
991279	1390	16	11
991294	1400	16	11
991309	1408	20	11
991324	1418	17	11
991339	1431	6	11
991354	1431	2	11
991359	1436	8	11
991374	1440	7	11
991389	1440	2	11
991404	1444	0	11
991419	1444	-1	11
991434	1444	-1	11
991449	1444	2	11
991464	1444	1	11
991469	1444	-4	11
991484	1444	-5	11
991499	1444	2	11
991514	1444	6	11
991529	1444	5	11
991544	1444	1	11
991559	1444	5	11
991564	1449	5	11
991579	1454	1	11
991594	1454	-2	11
991609	1454	1	11
991624	1454	7	11
991639	1458	9	11
991654	1462	12	11
991674	1467	19	11
991679	1480	22	11
991694	1490	21	11
991709	1503	17	11
991724	1512	9	11
991739	1516	0	11
991754	1516	3	11
991769	1521	4	11
991774	1521	-3	11
991789	1521	-6	11
991804	1521	3	11
991819	1521	6	11
991834	1521	9	11
991849	1526	11	11
991864	1534	8	11
991869	1539	-2	11
991884	1539	-13	11
991899	1534	-21	11
991914	1521	-20	11
991929	1508	-20	11
991945	1498	-23	11
991960	1485	-19	11
991975	1476	-22	11
991980	1462	-19	11
991996	1454	-17	11
992012	1440	-9	11
992028	1436	-7	11
992044	1431	-8	11
992059	1426	-11	11
992074	1422	-16	11
992079	1413	-24	11
992094	1400	-17	11
992109	1390	-5	11
992124	1386	3	11
992140	1386	6	11
992155	1390	12	11
992170	1395	15	11
992185	1404	6	11
992190	1408	3	11
992205	1408	10	11
992220	1413	15	11
992235	1422	10	11
992250	1426	13	11
992265	1436	18	11
992280	1444	19	11
992285	1458	16	11
992300	1467	19	11
992315	1476	23	11
992330	1490	27	11
992345	1503	27	11
992360	1521	28	11
992375	1534	23	11
992380	1548	15	11
992395	1557	8	11
992410	1562	2	11
992425	1562	-7	11
992440	1562	-13	11
992455	1557	-8	11
992470	1552	-4	11
992485	1548	-9	11
992490	1544	-9	11
992505	1539	2	11
992520	1539	-1	11
992535	1539	-12	11
992550	1530	-17	11
992565	1521	-8	11
992585	1516	-7	11
992590	1512	-12	11
992605	1508	-7	11
992620	1503	-3	11
992635	1503	-5	11
992650	1498	0	11
992665	1498	7	11
992680	1498	14	11
992685	1508	18	11
992700	1516	20	11
992715	1530	17	11
992730	1539	8	11
992745	1544	1	11
992760	1544	4	11
992775	1544	9	11
992790	1548	4	11
992795	1552	2	11
992810	1552	1	11
992825	1552	1	11
992840	1552	-1	11
992855	1552	4	11
992870	1557	13	11
992885	1562	13	11
992890	1570	12	11
992905	1580	14	11
992920	1584	8	11
992935	1588	-1	11
992950	1588	-4	11
992965	1588	5	11
992981	1588	0	11
993001	1588	-4	11
993006	1588	-4	11
993022	1588	-3	11
993037	1588	-7	11
993052	1584	-7	11
993067	1580	-4	11
993082	1580	-4	11
993097	1575	-11	11
993102	1570	-17	11
993117	1562	-20	11
993132	1548	-27	11
993147	1534	-35	11
993162	1512	-36	11
993177	1494	-31	11
993192	1476	-27	11
993197	1462	-17	11
993212	1449	-6	11
993227	1449	0	11
993242	1449	3	11
993257	1449	14	11
993272	1454	20	11
993287	1462	15	11
993302	1472	6	11
993307	1476	4	11
993322	1480	-1	11
993337	1480	-8	11
993352	1476	1	11
993368	1476	16	11
993383	1485	17	11
993398	1494	17	11
993403	1503	17	11
993418	1512	18	11
993433	1521	11	11
993448	1530	4	11
993463	1530	6	11
993479	1534	2	11
993494	1534	-2	11
993499	1534	-4	11
993514	1534	-3	11
993529	1534	-5	11
993545	1530	-1	11
993560	1530	3	11
993575	1530	1	11
993590	1530	-2	11
993605	1530	5	11
993610	1530	17	11
993625	1539	10	11
993640	1544	-8	11
993656	1544	-16	11
993672	1534	-11	11
993687	1530	-10	11
993702	1526	-18	11
993707	1512	-16	11
993722	1503	-3	11
993737	1503	-1	11
993753	1503	3	11
993768	1503	2	11
993783	1503	3	11
993798	1503	1	11
993813	1503	0	11
993818	1503	-3	11
993833	1503	-8	11
993848	1503	-2	11
993863	1498	7	11
993878	1498	9	11
993893	1508	5	11
993913	1508	6	11
993918	1512	8	11
993933	1516	11	11
993948	1521	11	11
993963	1530	12	11
993978	1534	14	11
993994	1544	11	11
994009	1548	2	11
994014	1552	2	11
994029	1552	6	11
994044	1557	1	11
994060	1557	-6	11
994075	1557	-8	11
994090	1552	-9	11
994105	1548	-5	11
994120	1544	2	11
994125	1544	8	11
994140	1544	-1	11
994155	1544	1	11
994171	1544	7	11
994187	1548	11	11
994202	1557	5	11
994217	1557	1	11
994222	1557	2	11
994237	1562	3	11
994252	1562	0	11
994267	1562	-6	11
994282	1562	-10	11
994297	1557	-6	11
994312	1552	4	11
994327	1552	8	11
994332	1557	6	11
994347	1562	3	11
994362	1562	7	11
994378	1566	6	11
994393	1570	-7	11
994408	1570	-14	11
994423	1562	-15	11
994428	1552	-15	11
994443	1544	-19	11
994458	1534	-26	11
994473	1516	-17	11
994488	1508	-8	11
994503	1503	-8	11
994518	1498	-4	11
994523	1498	-1	11
994538	1498	-2	11
994553	1494	-6	11
994568	1494	-5	11
994583	1490	-7	11
994598	1485	-7	11
994618	1480	2	11
994633	1480	13	11
994638	1485	16	11
994653	1494	19	11
994668	1508	18	11
994683	1516	15	11
994698	1526	14	11
994713	1534	19	11
994728	1544	27	11
994734	1557	23	11
994749	1570	15	11
994764	1580	14	11
994780	1588	20	11
994796	1598	14	11
994812	1606	3	11
994828	1606	6	11
994833	1611	10	11
994849	1616	10	11
994865	1624	7	11
994880	1629	10	11
994895	1634	7	11
994910	1638	6	11
994925	1638	6	11
994940	1642	3	11
994945	1647	-10	11
994960	1642	-15	11
994975	1634	-22	11
994990	1624	-33	11
995005	1602	-37	11
995020	1584	-26	11
995035	1570	-9	11
995040	1562	-3	11
995055	1562	-5	11
995070	1557	-1	11
995085	1557	6	11
995101	1557	4	11
995116	1562	-2	11
995132	1562	1	11
995147	1562	0	11
995152	1562	-10	11
995167	1557	-14	11
995182	1548	-17	11
995197	1539	-17	11
995212	1530	-12	11
995227	1526	-3	11
995243	1521	-1	11
995248	1521	-5	11
995263	1521	1	11
995278	1521	9	11
995293	1521	0	11
995308	1521	-5	11
995323	1521	2	11
995338	1521	-3	11
995343	1521	-14	11
995359	1512	-16	11
995374	1503	-8	11
995389	1498	-5	11
995404	1498	-12	11
995419	1490	-10	11
995434	1485	-3	11
995449	1485	4	11
995454	1485	10	11
995469	1485	16	11
995486	1494	25	11
995501	1512	21	11
995516	1521	24	11
995531	1534	24	11
995546	1548	21	11
995551	1562	15	11
995566	1570	21	11
995581	1580	25	11
995596	1593	16	11
995611	1602	10	11
995626	1611	18	11
995641	1620	18	11
995646	1629	5	11
995661	1634	-1	11
995676	1634	0	11
995692	1634	-2	11
995707	1634	-5	11
995722	1634	-8	11
995737	1629	-14	11
995753	1620	-19	11
995758	1611	-22	11
995773	1598	-24	11
995788	1584	-24	11
995803	1570	-24	11
995818	1557	-18	11
995833	1548	-12	11
995848	1539	-17	11
995854	1530	-23	11
995869	1516	-23	11
995884	1503	-20	11
995899	1494	-31	11
995914	1476	-38	11
995929	1454	-28	11
995944	1440	-17	11
995959	1426	-21	11
995964	1418	-13	11
995979	1408	-4	11
995994	1408	-2	11
996009	1404	-7	11
996024	1404	-4	11
996039	1400	1	11
996054	1400	-3	11
996059	1400	1	11
996074	1400	3	11
996090	1400	-2	11
996105	1400	-6	11
996120	1395	-5	11
996135	1395	-2	11
996150	1390	-4	11
996155	1390	0	11
996170	1390	7	11
996185	1390	11	11
996200	1395	16	11
996215	1404	18	11
996230	1418	21	11
996245	1426	15	11
996265	1436	4	11
996270	1440	3	11
996285	1440	13	11
996300	1449	18	11
996316	1458	21	11
996332	1467	29	11
996347	1485	30	11
996362	1503	24	11
996367	1516	21	11
996382	1526	20	11
996397	1539	14	11
996412	1548	8	11
996427	1552	9	11
996442	1557	3	11
996457	1557	-3	11
996472	1557	-3	11
996477	1557	1	11
996492	1557	2	11
996507	1557	2	11
996522	1557	9	11
996537	1562	17	11
996552	1570	11	11
996567	1580	2	11
996572	1580	4	11
996587	1580	6	11
996602	1584	-2	11
996618	1584	-11	11
996633	1580	-13	11
996648	1575	-10	11
996663	1570	-11	11
996668	1562	-12	11
996683	1557	-14	11
996699	1548	-23	11
996714	1534	-26	11
996729	1521	-23	11
996744	1508	-27	11
996759	1494	-37	11
996774	1472	-30	11
996779	1454	-16	11
996795	1444	-16	11
996810	1436	-21	11
996825	1426	-28	11
996840	1408	-30	11
996855	1390	-28	11
996870	1377	-20	11
996875	1364	-11	11
996890	1359	-1	11
996905	1359	3	11
996920	1359	6	11
996935	1359	4	11
996951	1364	2	11
996968	1364	1	11
996973	1364	5	11
996988	1368	5	11
997003	1368	-7	11
997018	1368	-12	11
997033	1364	1	11
997049	1364	10	11
997064	1364	6	11
997079	1368	1	11
997084	1368	0	11
997100	1368	-7	11
997115	1368	-14	11
997130	1359	-11	11
997146	1354	0	11
997161	1354	2	11
997176	1354	12	11
997181	1359	23	11
997196	1372	30	11
997211	1386	39	11
997226	1408	53	11
997241	1440	58	11
997256	1472	59	11
997271	1508	59	11
997286	1539	62	11
997291	1575	54	11
997306	1602	42	11
997321	1629	36	11
997336	1647	35	11
997351	1670	24	11
997366	1683	9	11
997381	1688	6	11
997386	1688	9	11
997401	1696	-1	11
997416	1696	-12	11
997431	1692	-11	11
997446	1683	-10	11
997461	1678	-12	11
997481	1674	-11	11
997486	1665	-8	11
997501	1660	-8	11
997516	1656	-4	11
997531	1656	-3	11
997546	1652	-7	11
997561	1652	-16	11
997576	1642	-18	11
997591	1629	-17	11
997596	1620	-26	11
997612	1606	-27	11
997627	1593	-20	11
997642	1580	-6	11
997657	1575	-6	11
997672	1575	-8	11
997687	1570	-1	11
997692	1566	13	11
997707	1570	15	11
997722	1580	19	11
997737	1588	16	11
997752	1598	18	11
997767	1611	12	11
997782	1616	8	11
997787	1620	10	11
997802	1624	9	11
997817	1634	10	11
997832	1638	20	11
997847	1647	26	11
997862	1665	17	11
997878	1674	13	11
997893	1678	13	11
997898	1688	2	11
997913	1688	-10	11
997928	1688	-16	11
997943	1678	-20	11
997958	1665	-21	11
997974	1656	-21	11
997989	1642	-18	11
997995	1634	-25	11
998010	1620	-29	11
998025	1602	-19	11
998040	1593	-16	11
998055	1584	-15	11
998070	1575	-17	11
998085	1566	-4	11
998106	1562	4	11
998111	1562	2	11
998126	1562	-3	11
998141	1562	3	11
998156	1562	14	11
998171	1570	15	11
998186	1580	10	11
998201	1584	7	11
998206	1588	8	11
998221	1593	16	11
998236	1602	25	11
998252	1616	29	11
998267	1634	23	11
998282	1642	26	11
998297	1660	27	11
998302	1674	17	11
998317	1683	4	11
998332	1688	2	11
998348	1688	9	11
998363	1692	4	11
998378	1696	-2	11
998394	1696	-8	11
998409	1692	-5	11
998414	1692	-4	11
998429	1688	-3	11
998444	1688	-6	11
998459	1683	-7	11
998474	1678	-8	11
998489	1674	-3	11
998504	1674	-2	11
998509	1670	-10	11
998524	1665	-17	11
998539	1656	-9	11
998554	1652	1	11
998569	1652	-2	11
998584	1652	-9	11
998599	1647	-1	11
998614	1647	10	11
998619	1647	11	11
998634	1652	10	11
998649	1660	7	11
998664	1660	11	11
998679	1670	16	11
998694	1678	18	11
998709	1688	11	11
998714	1692	8	11
998729	1696	21	11
998744	1710	33	11
998759	1728	28	11
998774	1746	19	11
998789	1755	18	11
998809	1764	21	11
998814	1778	19	11
998829	1786	9	11
998844	1791	2	11
998859	1796	4	11
998874	1796	5	11
998889	1800	0	11
998904	1800	-4	11
998919	1800	-8	11
998924	1796	-9	11
998939	1791	-2	11
998955	1791	-2	11
998970	1791	-10	11
998985	1782	-13	11
999000	1778	-15	11
999015	1768	-26	11
999020	1755	-35	11
999035	1732	-37	11
999050	1714	-30	11
999065	1696	-25	11
999080	1683	-18	11
999095	1670	-8	11
999110	1665	-4	11
999115	1665	-1	11
999130	1665	8	11
999145	1665	14	11
999160	1674	11	11
999175	1678	12	11
999190	1688	11	11
999205	1692	10	11
999225	1696	6	11
999230	1701	12	11
999245	1706	26	11
999261	1724	37	11
999276	1742	34	11
999291	1764	31	11
999306	1778	33	11
999321	1800	32	11
999326	1818	23	11
999341	1827	13	11
999356	1836	14	11
999371	1845	9	11
999386	1850	3	11
999401	1850	-6	11
999417	1850	-14	11
999432	1845	-10	11
999437	1836	-5	11
999452	1836	-11	11
999468	1827	-29	11
999483	1814	-34	11
999498	1796	-29	11
999513	1778	-26	11
999529	1764	-32	11
999534	1746	-38	11
999549	1724	-32	11
999564	1706	-23	11
999579	1692	-19	11
999594	1683	-25	11
999609	1670	-25	11
999624	1652	-19	11
999629	1642	-10	11
999644	1638	2	11
999659	1638	8	11
999674	1638	18	11
999689	1647	26	11
999704	1665	28	11
999719	1678	20	11
999734	1692	7	11
999739	1696	7	11
999754	1696	6	11
999769	1701	-1	11
999784	1701	-2	11
999799	1701	5	11
999814	1701	7	11
999829	1706	0	11
999834	1706	-2	11
999849	1706	1	11
999864	1706	1	11
999879	1706	-4	11
999895	1706	-7	11
999910	1706	-4	11
999925	1701	4	11
999945	1701	4	11
999950	1701	-5	11
999965	1701	-11	11
999980	1696	-10	11
999995	1692	-4	11
1000010	1692	5	11
1000025	1692	3	11
1000040	1692	-1	11
1000045	1692	5	11
1000060	1692	7	11
1000075	1696	5	11
1000090	1701	-4	11
1000105	1701	-1	11
1000120	1701	6	11
1000135	1701	11	11
1000141	1706	7	11
1000156	1710	2	11
1000172	1710	2	11
1000187	1714	12	11
1000202	1719	22	11
1000217	1732	18	11
1000232	1742	11	11
1000247	1746	13	11
1000252	1755	23	11
1000267	1768	19	11
1000282	1778	8	11
1000297	1782	2	11
1000312	1786	11	11
1000327	1791	11	11
1000342	1796	6	11
1000347	1800	-2	11
1000363	1800	-3	11
1000378	1800	4	11
1000393	1800	3	11
1000408	1800	-7	11
1000423	1800	-21	11
1000438	1791	-32	11
1000443	1773	-28	11
1000458	1755	-27	11
1000473	1742	-35	11
1000488	1719	-35	11
1000503	1701	-22	11
1000518	1688	-15	11
1000533	1678	-19	11
1000548	1670	-26	11
1000553	1656	-27	11
1000569	1638	-29	11
1000584	1624	-25	11
1000599	1611	-18	11
1000614	1598	-12	11
1000629	1593	-9	11
1000649	1588	3	11
1000654	1588	8	11
1000669	1588	9	11
1000684	1593	5	11
1000699	1598	5	11
1000714	1602	6	11
1000729	1602	-1	11
1000744	1602	-6	11
1000759	1602	-2	11
1000764	1602	1	11
1000779	1602	4	11
1000794	1602	3	11
1000810	1602	7	11
1000825	1606	16	11
1000840	1616	24	11
1000855	1629	19	11
1000860	1642	10	11
1000875	1647	2	11
1000890	1647	2	11
1000906	1647	-2	11
1000922	1647	-19	11
1000937	1642	-27	11
1000952	1624	-12	11
1000957	1620	-6	11
1000972	1616	-12	11
1000987	1606	-24	11
1001002	1593	-17	11
1001018	1584	-4	11
1001033	1584	-1	11
1001048	1584	-7	11
1001064	1580	-14	11
1001070	1570	-13	11
1001085	1562	-4	11
1001100	1562	-1	11
1001115	1562	-5	11
1001130	1557	1	11
1001145	1557	19	11
1001160	1566	31	11
1001165	1584	24	11
1001180	1598	10	11
1001195	1602	8	11
1001210	1606	17	11
1001225	1616	13	11
1001240	1624	-3	11
1001255	1624	-3	11
1001260	1624	4	11
1001275	1624	6	11
1001290	1624	1	11
1001305	1624	-5	11
1001320	1624	-14	11
1001335	1620	-16	11
1001351	1611	-7	11
1001366	1606	-4	11
1001371	1602	-6	11
1001386	1602	4	11
1001401	1602	14	11
1001416	1606	11	11
1001431	1611	-3	11
1001446	1611	-15	11
1001461	1606	-14	11
1001466	1598	-11	11
1001481	1593	-13	11
1001496	1584	-13	11
1001511	1580	-9	11
1001526	1575	-1	11
1001541	1570	-5	11
1001561	1570	-7	11
1001576	1566	-9	11
1001581	1562	-3	11
1001596	1557	1	11
1001611	1557	4	11
1001626	1557	3	11
1001641	1562	2	11
1001656	1562	7	11
1001672	1566	4	11
1001677	1566	2	11
1001692	1566	3	11
1001707	1570	10	11
1001722	1575	12	11
1001737	1584	14	11
1001752	1588	19	11
1001767	1602	21	11
1001772	1611	23	11
1001788	1624	23	11
1001803	1638	21	11
1001818	1652	7	11
1001833	1656	3	11
1001848	1656	5	11
1001863	1660	8	11
1001878	1665	4	11
1001883	1665	-1	11
1001898	1665	-5	11
1001913	1665	-6	11
1001929	1660	-7	11
1001944	1660	-12	11
1001959	1652	-14	11
1001974	1642	-10	11
1001979	1638	-12	11
1001994	1634	-17	11
1002009	1620	-20	11
1002024	1611	-27	11
1002039	1598	-24	11
1002054	1584	-16	11
1002069	1575	-17	11
1002089	1562	-18	11
1002094	1552	-7	11
1002109	1548	4	11
1002124	1548	6	11
1002140	1552	4	11
1002155	1552	11	11
1002170	1562	11	11
1002185	1566	9	11
1002190	1570	5	11
1002205	1575	0	11
1002220	1575	-5	11
1002235	1575	-6	11
1002251	1570	-9	11
1002266	1566	-11	11
1002281	1562	-15	11
1002286	1552	-12	11
1002301	1544	-4	11
1002316	1544	0	11
1002331	1544	-3	11
1002346	1539	-1	11
1002361	1539	5	11
1002376	1539	7	11
1002391	1544	6	11
1002396	1548	0	11
1002411	1548	0	11
1002426	1548	-6	11
1002441	1548	-1	11
1002456	1548	9	11
1002471	1548	11	11
1002486	1552	4	11
1002491	1557	6	11
1002506	1562	14	11
1002521	1566	13	11
1002536	1575	13	11
1002551	1584	15	11
1002566	1588	14	11
1002581	1598	1	11
1002586	1598	-6	11
1002601	1598	-2	11
1002616	1598	0	11
1002632	1598	3	11
1002647	1598	5	11
1002662	1598	10	11
1002678	1606	10	11
1002693	1611	11	11
1002698	1616	9	11
1002713	1620	12	11
1002728	1629	10	11
1002743	1634	10	11
1002759	1638	9	11
1002774	1642	1	11
1002789	1647	-14	11
1002794	1642	-10	11
1002809	1634	4	11
1002824	1634	3	11
1002839	1634	-2	11
1002855	1634	-4	11
1002870	1634	-5	11
1002885	1634	-8	11
1002905	1629	-6	11
1002910	1624	-9	11
1002925	1620	-19	11
1002940	1611	-28	11
1002955	1593	-30	11
1002970	1575	-22	11
1002985	1566	-15	11
1003000	1557	-2	11
1003005	1557	9	11
1003020	1557	14	11
1003035	1566	17	11
1003050	1575	23	11
1003065	1588	28	11
1003081	1602	28	11
1003097	1620	17	11
1003102	1629	12	11
1003117	1634	7	11
1003133	1638	-3	11
1003148	1638	-6	11
1003163	1638	3	11
1003179	1638	10	11
1003195	1642	9	11
1003211	1647	10	11
1003216	1652	16	11
1003231	1660	16	11
1003246	1670	12	11
1003261	1674	12	11
1003276	1683	12	11
1003291	1688	4	11
1003306	1692	2	11
1003311	1692	4	11
1003326	1696	-4	11
1003341	1696	-7	11
1003356	1692	-3	11
1003372	1692	2	11
1003387	1692	11	11
1003402	1696	16	11
1003407	1706	33	11
1003422	1724	43	11
1003437	1746	42	11
1003453	1768	37	11
1003468	1791	36	11
1003483	1809	24	11
1003498	1822	12	11
1003513	1832	11	11
1003518	1836	17	11
1003533	1845	17	11
1003548	1858	13	11
1003563	1863	9	11
1003579	1868	-1	11
1003594	1868	-11	11
1003609	1868	-17	11
1003614	1858	-15	11
1003629	1850	-19	11
1003645	1836	-24	11
1003660	1822	-27	11
1003675	1809	-29	11
1003690	1791	-35	11
1003705	1773	-35	11
1003720	1755	-28	11
1003725	1737	-23	11
1003740	1724	-26	11
1003756	1710	-24	11
1003771	1696	-19	11
1003786	1688	-23	11
1003801	1674	-24	11
1003816	1660	-23	11
1003821	1647	-20	11
1003836	1634	-18	11
1003851	1624	-10	11
1003866	1620	-4	11
1003881	1616	-4	11
1003896	1616	3	11
1003911	1616	7	11
1003916	1616	17	11
1003931	1624	19	11
1003946	1638	16	11
1003961	1647	14	11
1003976	1652	15	11
1003991	1660	7	11
1004006	1665	3	11
1004021	1670	0	11
1004026	1670	2	11
1004041	1670	5	11
1004056	1670	7	11
1004071	1674	3	11
1004086	1678	-6	11
1004101	1678	-7	11
1004121	1674	1	11
1004126	1674	4	11
1004141	1674	2	11
1004156	1674	2	11
1004171	1674	4	11
1004186	1678	2	11
1004201	1678	0	11
1004216	1678	-1	11
1004231	1678	-2	11
1004236	1678	-6	11
1004251	1678	-5	11
1004267	1674	0	11
1004282	1674	-1	11
1004297	1674	-6	11
1004312	1670	-8	11
1004327	1665	0	11
1004332	1665	4	11
1004347	1665	-3	11
1004362	1665	-7	11
1004377	1660	-6	11
1004392	1660	-8	11
1004407	1656	-18	11
1004422	1642	-25	11
1004428	1629	-29	11
1004443	1616	-24	11
1004458	1602	-20	11
1004473	1588	-16	11
1004488	1580	-11	11
1004504	1575	1	11
1004519	1575	8	11
1004534	1575	11	11
1004539	1580	11	11
1004555	1588	11	11
1004571	1593	17	11
1004587	1602	15	11
1004603	1611	11	11
1004619	1620	14	11
1004634	1624	18	11
1004640	1638	14	11
1004655	1642	11	11
1004670	1652	9	11
1004685	1656	18	11
1004700	1665	22	11
1004715	1678	18	11
1004730	1688	16	11
1004735	1696	16	11
1004750	1706	18	11
1004765	1714	18	11
1004780	1728	9	11
1004795	1732	1	11
1004810	1732	-3	11
1004825	1732	-4	11
1004840	1732	-7	11
1004845	1728	-12	11
1004861	1719	-12	11
1004876	1714	-13	11
1004891	1706	-19	11
1004906	1696	-28	11
1004921	1678	-35	11
1004936	1660	-37	11
1004941	1638	-38	11
1004956	1620	-33	11
1004971	1602	-37	11
1004986	1580	-38	11
1005001	1557	-30	11
1005016	1539	-20	11
1005031	1530	-14	11
1005047	1521	-13	11
1005052	1516	-11	11
1005068	1508	-3	11
1005084	1508	1	11
1005099	1508	-5	11
1005114	1503	-7	11
1005129	1498	-2	11
1005145	1498	3	11
1005150	1498	6	11
1005165	1498	4	11
1005180	1503	6	11
1005195	1508	10	11
1005210	1512	17	11
1005225	1521	11	11
1005240	1526	4	11
1005245	1530	2	11
1005261	1530	12	11
1005277	1539	12	11
1005292	1544	-2	11
1005307	1544	-15	11
1005322	1539	-15	11
1005337	1530	-14	11
1005352	1521	-22	11
1005357	1512	-28	11
1005372	1494	-25	11
1005387	1480	-18	11
1005402	1472	-14	11
1005417	1462	-25	11
1005432	1449	-29	11
1005447	1431	-28	11
1005452	1418	-22	11
1005467	1404	-23	11
1005482	1390	-28	11
1005497	1377	-27	11
1005512	1359	-16	11
1005527	1350	-11	11
1005543	1346	-9	11
1005548	1341	-7	11
1005563	1336	13	11
1005579	1341	27	11
1005594	1354	26	11
1005609	1368	22	11
1005624	1382	21	11
1005639	1395	20	11
1005654	1404	11	11
1005660	1408	5	11
1005675	1413	6	11
1005690	1418	10	11
1005705	1422	18	11
1005721	1431	20	11
1005736	1444	19	11
1005751	1454	19	11
1005756	1467	25	11
1005771	1480	25	11
1005786	1494	15	11
1005801	1503	3	11
1005816	1503	-4	11
1005831	1503	-3	11
1005846	1503	-12	11
1005861	1498	-21	11
1005866	1485	-25	11
1005881	1472	-26	11
1005896	1458	-27	11
1005911	1440	-26	11
1005926	1426	-26	11
1005941	1413	-15	11
1005956	1404	-8	11
1005962	1400	-4	11
1005977	1395	-7	11
1005993	1390	-15	11
1006008	1386	-16	11
1006023	1377	-16	11
1006038	1368	-20	11
1006053	1354	-23	11
1006059	1341	-22	11
1006076	1328	-17	11
1006091	1318	-18	11
1006106	1310	-15	11
1006122	1300	-5	11
1006137	1300	4	11
1006152	1300	4	11
1006167	1300	7	11
1006172	1305	8	11
1006187	1310	10	11
1006202	1314	10	11
1006217	1318	7	11
1006232	1323	4	11
1006247	1323	2	11
1006262	1328	5	11
1006267	1328	14	11
1006282	1336	19	11
1006297	1346	19	11
1006313	1359	21	11
1006328	1368	22	11
1006343	1382	19	11
1006358	1395	15	11
1006373	1400	8	11
1006378	1404	6	11
1006393	1408	-1	11
1006409	1408	-1	11
1006424	1408	-3	11
1006439	1408	-2	11
1006454	1408	4	11
1006469	1408	7	11
1006474	1413	6	11
1006489	1413	-1	11
1006505	1413	-6	11
1006521	1413	-13	11
1006536	1408	-18	11
1006551	1400	-24	11
1006566	1386	-23	11
1006571	1372	-20	11
1006586	1359	-20	11
1006601	1350	-19	11
1006616	1336	-11	11
1006631	1332	-8	11
1006646	1328	-8	11
1006661	1323	-8	11
1006681	1318	-3	11
1006686	1318	-2	11
1006701	1314	-3	11
1006716	1314	-5	11
1006731	1310	-5	11
1006746	1310	-5	11
1006761	1305	-1	11
1006777	1305	5	11
1006782	1305	12	11
1006798	1310	13	11
1006813	1318	10	11
1006828	1323	8	11
1006843	1328	5	11
1006858	1332	8	11
1006873	1336	12	11
1006878	1341	14	11
1006893	1350	16	11
1006908	1359	17	11
1006924	1368	17	11
1006939	1377	13	11
1006954	1386	11	11
1006969	1390	13	11
1006984	1400	13	11
1006989	1404	11	11
1007004	1413	7	11
1007019	1418	1	11
1007034	1418	1	11
1007050	1418	-3	11
1007065	1418	-2	11
1007080	1418	-3	11
1007085	1418	-3	11
1007100	1413	-2	11
1007116	1413	2	11
1007131	1413	7	11
1007146	1413	7	11
1007161	1418	-1	11
1007176	1418	-8	11
1007191	1418	-19	11
1007196	1408	-25	11
1007211	1395	-24	11
1007226	1382	-24	11
1007241	1368	-23	11
1007256	1354	-18	11
1007271	1341	-13	11
1007286	1336	-12	11
1007291	1328	-15	11
1007307	1318	-17	11
1007323	1310	-12	11
1007339	1305	-6	11
1007354	1300	-3	11
1007369	1300	-1	11
1007384	1300	-2	11
1007389	1296	2	11
1007404	1296	8	11
1007419	1300	12	11
1007434	1305	15	11
1007449	1314	16	11
1007465	1323	19	11
1007480	1332	20	11
1007495	1346	16	11
1007500	1354	11	11
1007515	1359	11	11
1007530	1368	15	11
1007545	1377	16	11
1007560	1386	19	11
1007575	1395	19	11
1007590	1404	21	11
1007595	1418	20	11
1007610	1426	19	11
1007626	1440	13	11
1007642	1444	14	11
1007657	1454	20	11
1007672	1467	21	11
1007688	1476	19	11
1007703	1490	22	11
1007708	1498	23	11
1007723	1512	23	11
1007739	1526	17	11
1007754	1534	7	11
1007769	1539	-3	11
1007784	1539	-2	11
1007799	1539	2	11
1007804	1539	1	11
1007819	1539	5	11
1007834	1544	7	11
1007849	1544	6	11
1007864	1548	0	11
1007879	1548	-8	11
1007894	1548	-14	11
1007899	1539	-17	11
1007914	1530	-14	11
1007929	1521	-14	11
1007944	1516	-19	11
1007960	1503	-18	11
1007976	1494	-9	11
1007991	1490	-9	11
1008006	1485	-6	11
1008011	1480	-14	11
1008026	1472	-17	11
1008041	1462	-14	11
1008056	1454	-10	11
1008071	1449	-1	11
1008086	1449	1	11
1008101	1449	12	11
1008106	1454	15	11
1008121	1462	16	11
1008136	1472	20	11
1008151	1480	25	11
1008166	1494	27	11
1008181	1512	26	11
1008197	1526	25	11
1008202	1539	24	11
1008217	1552	27	11
1008233	1566	24	11
1008248	1580	21	11
1008263	1593	18	11
1008278	1602	20	11
1008293	1616	18	11
1008313	1624	15	11
1008318	1634	11	11
1008333	1638	5	11
1008348	1642	0	11
1008363	1642	-11	11
1008378	1638	-15	11
1008393	1634	-18	11
1008408	1620	-17	11
1008413	1611	-8	11
1008428	1606	-3	11
1008443	1606	1	11
1008458	1606	5	11
1008474	1606	7	11
1008489	1611	4	11
1008504	1611	3	11
1008519	1611	-3	11
1008524	1611	-12	11
1008539	1606	-10	11
1008554	1602	-9	11
1008569	1598	-4	11
1008584	1598	-4	11
1008599	1593	2	11
1008614	1593	9	11
1008619	1598	14	11
1008634	1602	12	11
1008649	1611	10	11
1008665	1616	20	11
1008680	1629	25	11
1008695	1642	19	11
1008710	1652	16	11
1008715	1660	19	11
1008730	1670	20	11
1008745	1683	20	11
1008760	1692	21	11
1008775	1706	26	11
1008790	1719	31	11
1008805	1737	35	11
1008820	1760	34	11
1008825	1778	32	11
1008840	1796	30	11
1008855	1814	25	11
1008870	1827	19	11
1008885	1836	6	11
1008900	1840	-2	11
1008920	1840	-3	11
1008925	1840	-5	11
1008940	1836	-11	11
1008955	1832	-16	11
1008970	1822	-14	11
1008985	1814	-14	11
1009000	1809	-18	11
1009015	1796	-24	11
1009020	1782	-26	11
1009035	1768	-28	11
1009050	1755	-31	11
1009065	1737	-25	11
1009080	1724	-17	11
1009095	1710	-10	11
1009110	1706	-6	11
1009126	1701	0	11
1009131	1701	5	11
1009146	1701	10	11
1009161	1706	14	11
1009176	1714	12	11
1009191	1724	9	11
1009207	1728	12	11
1009222	1732	19	11
1009227	1746	23	11
1009243	1760	23	11
1009258	1768	23	11
1009273	1782	24	11
1009289	1796	21	11
1009304	1809	15	11
1009319	1818	11	11
1009334	1822	5	11
1009339	1827	-1	11
1009354	1827	-2	11
1009369	1827	-2	11
1009384	1827	-3	11
1009399	1827	-7	11
1009414	1822	-8	11
1009429	1818	-14	11
1009434	1809	-23	11
1009449	1796	-31	11
1009464	1778	-27	11
1009479	1764	-21	11
1009494	1750	-16	11
1009509	1742	-12	11
1009524	1737	-4	11
1009529	1732	1	11
1009544	1732	1	11
1009559	1732	3	11
1009574	1732	1	11
1009589	1732	-1	11
1009605	1732	-2	11
1009625	1732	5	11
1009640	1732	4	11
1009645	1737	7	11
1009660	1742	9	11
1009675	1746	16	11
1009690	1755	13	11
1009706	1764	1	11
1009721	1764	-6	11
1009736	1764	-8	11
1009741	1760	-3	11
1009756	1755	2	11
1009772	1755	2	11
1009787	1755	-2	11
1009802	1755	-5	11
1009818	1755	-6	11
1009833	1750	-5	11
1009848	1750	-11	11
1009853	1742	-12	11
1009868	1737	-5	11
1009883	1732	-2	11
1009898	1732	-7	11
1009914	1728	-1	11
1009929	1728	8	11
1009944	1728	14	11
1009949	1737	15	11
1009964	1746	14	11
1009979	1750	12	11
1009994	1760	13	11
1010009	1768	15	11
1010024	1773	15	11
1010039	1782	8	11
1010044	1786	10	11
1010059	1796	15	11
1010075	1800	20	11
1010091	1814	18	11
1010107	1822	19	11
1010123	1836	20	11
1010139	1845	19	11
1010154	1854	9	11
1010160	1863	3	11
1010175	1863	-3	11
1010190	1863	-15	11
1010205	1858	-27	11
1010220	1840	-31	11
1010235	1822	-30	11
1010251	1809	-30	11
1010256	1791	-33	11
1010271	1773	-30	11
1010286	1755	-21	11
1010301	1742	-14	11
1010316	1737	-11	11
1010331	1728	-21	11
1010346	1719	-33	11
1010351	1696	-39	11
1010366	1678	-29	11
1010381	1660	-19	11
1010396	1652	-15	11
1010411	1642	-9	11
1010427	1638	-2	11
1010442	1634	1	11
1010457	1634	-4	11
1010462	1634	-5	11
1010477	1629	-5	11
1010492	1629	-9	11
1010507	1624	-7	11
1010522	1620	-1	11
1010537	1620	-1	11
1010552	1616	-2	11
1010557	1616	8	11
1010572	1616	15	11
1010587	1624	11	11
1010602	1634	7	11
1010617	1634	9	11
1010632	1642	15	11
1010647	1647	12	11
1010662	1656	9	11
1010667	1660	14	11
1010682	1670	19	11
1010697	1678	17	11
1010712	1688	17	11
1010727	1696	15	11
1010742	1706	8	11
1010757	1710	1	11
1010762	1710	-1	11
1010777	1710	4	11
1010792	1714	7	11
1010808	1719	12	11
1010823	1724	15	11
1010838	1732	14	11
1010854	1742	11	11
1010859	1746	2	11
1010874	1746	-5	11
1010889	1746	-21	11
1010904	1737	-35	11
1010919	1719	-38	11
1010934	1696	-41	11
1010949	1674	-43	11
1010964	1647	-35	11
1010969	1629	-25	11
1010984	1616	-20	11
1010999	1602	-28	11
1011014	1588	-30	11
1011029	1570	-33	11
1011045	1552	-38	11
1011060	1530	-40	11
1011065	1508	-37	11
1011081	1490	-38	11
1011096	1467	-41	11
1011111	1444	-44	11
1011126	1418	-30	11
1011141	1404	-21	11
1011157	1390	-25	11
1011162	1377	-25	11
1011177	1364	-15	11
1011192	1354	-4	11
1011207	1350	2	11
1011222	1350	2	11
1011238	1350	2	11
1011253	1350	5	11
1011273	1354	11	11
1011278	1359	9	11
1011293	1364	-1	11
1011308	1364	-4	11
1011323	1364	7	11
1011338	1368	9	11
1011353	1372	0	11
1011368	1372	-6	11
1011373	1372	-3	11
1011388	1368	1	11
1011403	1368	-5	11
1011418	1368	-10	11
1011433	1364	-12	11
1011448	1354	-16	11
1011463	1346	-19	11
1011478	1336	-19	11
1011483	1323	-24	11
1011498	1310	-27	11
1011513	1296	-25	11
1011528	1282	-24	11
1011543	1269	-24	11
1011558	1256	-23	11
1011573	1242	-18	11
1011578	1233	-12	11
1011593	1224	-7	11
1011608	1220	-7	11
1011623	1220	2	11
1011638	1220	8	11
1011653	1220	7	11
1011668	1224	-1	11
1011673	1224	-19	11
1011688	1215	-47	11
1011703	1188	-71	11
1011718	1148	-76	11
1011733	1107	-67	11
1011748	1071	-59	11
1011768	1035	-49	11
1011783	1008	-37	11
1011788	986	-32	11
1011803	968	-34	11
1011818	950	-34	11
1011833	932	-34	11
1011849	914	-36	11
1011864	891	-33	11
1011879	873	-21	11
1011884	860	-9	11
1011899	855	-6	11
1011914	855	-8	11
1011929	850	-1	11
1011944	846	3	11
1011959	846	4	11
1011974	846	9	11
1011989	855	15	11
1011994	860	18	11
1012009	873	11	11
1012024	878	7	11
1012039	882	9	11
1012054	886	14	11
1012069	896	19	11
1012084	904	22	11
1012089	918	17	11
1012104	927	7	11
1012119	932	8	11
1012134	936	15	11
1012149	945	12	11
1012164	950	3	11
1012184	954	4	11
1012189	954	5	11
1012205	958	-5	11
1012220	958	-14	11
1012235	950	-15	11
1012250	940	-16	11
1012265	932	-19	11
1012280	922	-19	11
1012296	914	-14	11
1012302	904	-13	11
1012317	896	-12	11
1012333	891	-7	11
1012348	886	-14	11
1012364	878	-27	11
1012379	864	-33	11
1012394	846	-27	11
1012399	828	-21	11
1012414	819	-20	11
1012429	806	-10	11
1012444	801	4	11
1012459	801	7	11
1012474	801	5	11
1012489	806	9	11
1012494	810	17	11
1012509	819	11	11
1012524	828	7	11
1012539	832	9	11
1012554	837	6	11
1012569	837	-1	11
1012584	837	-3	11
1012599	837	-1	11
1012604	837	-4	11
1012619	837	-8	11
1012634	832	-8	11
1012649	828	-10	11
1012664	824	-11	11
1012679	819	-6	11
1012694	814	0	11
1012699	814	1	11
1012714	814	-1	11
1012729	814	5	11
1012745	814	4	11
1012761	814	-7	11
1012776	814	-18	11
1012791	806	-11	11
1012806	796	1	11
1012811	796	6	11
1012826	796	10	11
1012841	806	19	11
1012856	814	14	11
1012871	824	8	11
1012886	828	4	11
1012902	828	7	11
1012907	832	4	11
1012922	837	10	11
1012937	842	18	11
1012952	850	16	11
1012967	860	5	11
1012982	864	1	11
1012997	864	9	11
1013002	868	11	11
1013017	873	8	11
1013032	878	6	11
1013048	882	7	11
1013063	886	-2	11
1013078	886	-10	11
1013093	882	-11	11
1013108	878	-13	11
1013113	868	-18	11
1013128	860	-17	11
1013143	850	-2	11
1013158	850	10	11
1013173	850	14	11
1013188	860	24	11
1013208	873	34	11
1013213	891	33	11
1013228	909	25	11
1013243	922	26	11
1013258	940	24	11
1013273	954	24	11
1013288	968	35	11
1013303	986	36	11
1013308	1008	23	11
1013323	1017	12	11
1013338	1026	16	11
1013353	1035	14	11
1013368	1044	-2	11
1013383	1044	-14	11
1013398	1040	-13	11
1013413	1030	-14	11
1013418	1022	-18	11
1013433	1012	-20	11
1013448	999	-19	11
1013464	990	-24	11
1013479	976	-26	11
1013494	963	-25	11
1013510	950	-26	11
1013516	932	-37	11
1013531	914	-36	11
1013547	891	-23	11
1013562	878	-18	11
1013577	868	-21	11
1013592	860	-14	11
1013608	850	-8	11
1013623	846	-22	11
1013628	832	-24	11
1013644	819	-11	11
1013661	814	0	11
1013676	814	-4	11
1013691	810	-2	11
1013706	810	9	11
1013721	810	6	11
1013726	814	0	11
1013741	814	7	11
1013756	819	17	11
1013771	828	25	11
1013786	842	34	11
1013801	860	47	11
1013816	886	52	11
1013821	918	52	11
1013836	945	52	11
1013851	976	57	11
1013866	1008	48	11
1013881	1035	41	11
1013896	1058	41	11
1013911	1080	42	11
1013926	1102	33	11
1013931	1120	27	11
1013946	1138	24	11
1013961	1152	9	11
1013976	1156	-15	11
1013991	1152	-26	11
1014006	1138	-29	11
1014021	1120	-41	11
1014026	1098	-41	11
1014041	1076	-29	11
1014056	1058	-20	11
1014071	1048	-27	11
1014086	1030	-29	11
1014101	1017	-23	11
1014116	1004	-27	11
1014136	986	-35	11
1014141	968	-27	11
1014156	954	-25	11
1014172	940	-29	11
1014187	922	-29	11
1014202	904	-22	11
1014217	896	-14	11
1014232	886	-11	11
1014237	878	2	11
1014252	878	15	11
1014267	886	17	11
1014283	896	13	11
1014298	900	19	11
1014313	914	24	11
1014328	927	15	11
1014333	936	12	11
1014348	940	20	11
1014363	954	24	11
1014379	968	27	11
1014395	981	37	11
1014411	1004	49	11
1014426	1030	44	11
1014441	1053	35	11
1014446	1076	39	11
1014461	1098	33	11
1014476	1116	15	11
1014491	1125	10	11
1014506	1130	9	11
1014521	1134	-1	11
1014536	1134	-13	11
1014541	1130	-14	11
1014556	1120	-11	11
1014571	1116	-16	11
1014586	1107	-16	11
1014601	1098	-11	11
1014616	1094	-9	11
1014631	1084	-13	11
1014636	1080	-15	11
1014651	1071	-16	11
1014666	1062	-29	11
1014681	1044	-35	11
1014696	1026	-24	11
1014711	1012	-14	11
1014726	1004	-20	11
1014741	994	-21	11
1014747	981	-9	11
1014762	976	-2	11
1014777	976	-2	11
1014792	972	3	11
1014807	972	16	11
1014822	981	15	11
1014837	990	12	11
1014842	994	12	11
1014857	1004	14	11
1014872	1012	9	11
1014887	1017	13	11
1014902	1022	24	11
1014917	1035	24	11
1014932	1048	19	11
1014952	1062	22	11
1014957	1071	23	11
1014972	1084	15	11
1014988	1094	10	11
1015003	1098	14	11
1015018	1107	12	11
1015033	1116	5	11
1015048	1116	6	11
1015054	1120	10	11
1015070	1125	4	11
1015085	1130	-5	11
1015100	1130	1	11
1015115	1130	-1	11
1015130	1130	-11	11
1015145	1125	-16	11
1015150	1116	-8	11
1015165	1112	-9	11
1015180	1107	-15	11
1015195	1098	-11	11
1015210	1089	4	11
1015225	1089	6	11
1015240	1094	1	11
1015255	1094	4	11
1015260	1094	4	11
1015275	1098	-6	11
1015290	1098	-11	11
1015305	1094	-7	11
1015322	1089	-6	11
1015337	1084	-7	11
1015352	1080	-2	11
1015357	1080	3	11
1015373	1080	-5	11
1015388	1080	-5	11
1015403	1076	-1	11
1015418	1076	-2	11
1015433	1076	-13	11
1015448	1066	-10	11
1015454	1062	7	11
1015470	1062	14	11
1015485	1066	10	11
1015500	1076	15	11
1015515	1084	26	11
1015530	1098	29	11
1015546	1112	26	11
1015561	1130	30	11
1015566	1143	36	11
1015581	1166	31	11
1015596	1184	25	11
1015611	1197	31	11
1015628	1215	29	11
1015643	1228	23	11
1015659	1242	24	11
1015664	1256	24	11
1015680	1269	14	11
1015696	1278	9	11
1015712	1282	14	11
1015728	1292	12	11
1015744	1296	3	11
1015759	1300	0	11
1015774	1300	-1	11
1015780	1300	-15	11
1015795	1296	-36	11
1015810	1274	-34	11
1015827	1256	-30	11
1015842	1238	-36	11
1015857	1220	-35	11
1015872	1197	-28	11
1015877	1184	-22	11
1015892	1170	-31	11
1015897	1152	-35	11
1015912	1134	-27	11
1015927	1116	-25	11
1015942	1102	-25	11
1015957	1089	-20	11
1015963	1080	-16	11
1015978	1071	-19	11
1015993	1058	-18	11
1016010	1048	-17	11
1016025	1040	-14	11
1016040	1030	-11	11
1016055	1026	0	11
1016071	1026	17	11
1016076	1030	24	11
1016091	1044	29	11
1016106	1062	41	11
1016122	1084	44	11
1016137	1107	34	11
1016152	1130	31	11
1016167	1143	34	11
1016172	1166	30	11
1016187	1179	22	11
1016202	1192	25	11
1016217	1206	34	11
1016232	1228	31	11
1016247	1242	22	11
1016262	1256	21	11
1016277	1269	13	11
1016282	1274	1	11
1016297	1278	-7	11
1016312	1278	-8	11
1016327	1274	-14	11
1016342	1264	-17	11
1016357	1256	-8	11
1016372	1251	-7	11
1016378	1246	-19	11
1016393	1233	-26	11
1016408	1220	-23	11
1016423	1206	-25	11
1016438	1192	-36	11
1016453	1174	-33	11
1016468	1156	-25	11
1016473	1138	-24	11
1016488	1125	-22	11
1016503	1116	-15	11
1016518	1107	-13	11
1016533	1098	-19	11
1016548	1089	-17	11
1016564	1080	-4	11
1016584	1076	3	11
1016589	1076	10	11
1016604	1080	28	11
1016619	1094	44	11
1016634	1120	40	11
1016649	1143	29	11
1016664	1161	33	11
1016679	1179	35	11
1016684	1197	19	11
1016699	1206	12	11
1016714	1215	17	11
1016729	1224	14	11
1016744	1233	1	11
1016759	1233	6	11
1016774	1238	9	11
1016779	1242	3	11
1016794	1242	-1	11
1016809	1242	7	11
1016824	1246	7	11
1016839	1251	-7	11
1016854	1251	-15	11
1016869	1242	-21	11
1016884	1228	-35	11
1016889	1210	-40	11
1016904	1188	-30	11
1016919	1170	-24	11
1016934	1156	-28	11
1016949	1143	-26	11
1016964	1125	-9	11
1016984	1120	-1	11
1016989	1120	-4	11
1017004	1120	0	11
1017019	1120	12	11
1017034	1120	4	11
1017050	1125	-8	11
1017066	1125	-6	11
1017082	1120	2	11
1017098	1120	4	11
1017103	1120	4	11
1017119	1120	10	11
1017134	1130	8	11
1017149	1134	-4	11
1017164	1134	-4	11
1017180	1130	0	11
1017195	1130	-6	11
1017201	1130	-7	11
1017216	1125	5	11
1017231	1125	9	11
1017246	1130	0	11
1017261	1130	-2	11
1017276	1130	6	11
1017291	1130	9	11
1017296	1134	2	11
1017311	1138	-3	11
1017328	1138	2	11
1017343	1138	-2	11
1017358	1138	-5	11
1017373	1134	0	11
1017390	1134	3	11
1017405	1134	-4	11
1017410	1134	-4	11
1017425	1134	-1	11
1017440	1134	-2	11
1017456	1130	-4	11
1017471	1130	5	11
1017486	1130	2	11
1017501	1130	-12	11
1017507	1125	-19	11
1017523	1116	-16	11
1017539	1107	-17	11
1017554	1098	-21	11
1017569	1084	-20	11
1017584	1076	-15	11
1017599	1066	-23	11
1017614	1053	-29	11
1017619	1035	-21	11
1017635	1026	-8	11
1017650	1022	-1	11
1017665	1022	3	11
1017680	1022	17	11
1017696	1026	24	11
1017711	1040	24	11
1017717	1053	27	11
1017732	1071	31	11
1017737	1084	28	11
1017752	1102	28	11
1017767	1116	32	11
1017782	1134	28	11
1017797	1152	20	11
1017802	1161	21	11
1017817	1174	25	11
1017832	1188	13	11
1017847	1197	-2	11
1017862	1197	-11	11
1017878	1192	-16	11
1017893	1184	-21	11
1017908	1170	-22	11
1017914	1161	-21	11
1017929	1148	-24	11
1017944	1134	-27	11
1017959	1120	-26	11
1017974	1102	-23	11
1017989	1094	-24	11
1018004	1080	-26	11
1018009	1062	-11	11
1018024	1058	5	11
1018039	1058	6	11
1018054	1058	3	11
1018069	1062	6	11
1018084	1066	6	11
1018104	1066	2	11
1018109	1071	1	11
1018124	1071	2	11
1018139	1071	-1	11
1018154	1071	-3	11
1018169	1071	6	11
1018184	1071	10	11
1018199	1076	2	11
1018214	1080	-1	11
1018219	1080	-1	11
1018234	1080	-2	11
1018249	1080	-6	11
1018264	1076	-9	11
1018279	1071	-7	11
1018294	1066	-14	11
1018309	1062	-16	11
1018315	1053	-10	11
1018331	1044	-9	11
1018347	1040	-8	11
1018362	1035	-2	11
1018377	1035	3	11
1018392	1035	5	11
1018407	1035	1	11
1018423	1035	2	11
1018428	1035	-4	11
1018444	1035	-9	11
1018459	1035	-10	11
1018474	1026	3	11
1018489	1026	12	11
1018504	1030	11	11
1018519	1040	15	11
1018524	1048	19	11
1018539	1058	14	11
1018554	1066	8	11
1018569	1071	13	11
1018584	1076	8	11
1018599	1080	3	11
1018614	1084	4	11
1018619	1084	5	11
1018634	1089	4	11
1018649	1089	2	11
1018664	1094	11	11
1018679	1098	14	11
1018694	1107	8	11
1018709	1112	8	11
1018724	1116	14	11
1018729	1125	12	11
1018744	1130	1	11
1018759	1130	-4	11
1018774	1130	1	11
1018789	1130	-3	11
1018804	1130	-12	11
1018824	1125	-15	11
1018829	1116	-9	11
1018844	1112	-15	11
1018859	1102	-21	11
1018874	1089	-19	11
1018889	1080	-19	11
1018904	1071	-25	11
1018919	1053	-24	11
1018924	1040	-22	11
1018939	1030	-33	11
1018955	1012	-40	11
1018970	990	-32	11
1018985	972	-22	11
1019000	958	-28	11
1019015	940	-26	11
1019030	927	-16	11
1019035	918	-14	11
1019050	909	-16	11
1019065	900	-9	11
1019080	896	-2	11
1019095	896	0	11
1019111	896	0	11
1019126	896	3	11
1019131	896	4	11
1019146	896	0	11
1019161	896	7	11
1019176	900	18	11
1019191	909	17	11
1019206	918	10	11
1019221	922	16	11
1019236	932	26	11
1019241	950	20	11
1019256	958	11	11
1019271	968	14	11
1019286	972	14	11
1019301	981	9	11
1019316	986	9	11
1019336	990	15	11
1019341	999	15	11
1019356	1008	9	11
1019371	1012	10	11
1019386	1017	3	11
1019401	1022	-5	11
1019416	1022	-7	11
1019431	1017	-3	11
1019436	1017	-16	11
1019451	1008	-33	11
1019466	990	-29	11
1019481	972	-20	11
1019496	963	-22	11
1019511	950	-21	11
1019526	936	-11	11
1019542	932	-15	11
1019547	922	-29	11
1019562	904	-30	11
1019578	891	-21	11
1019593	878	-16	11
1019608	868	-24	11
1019623	855	-24	11
1019638	842	-19	11
1019643	832	-21	11
1019658	819	-18	11
1019674	810	-9	11
1019689	806	-4	11
1019704	801	-8	11
1019719	796	0	11
1019734	796	7	11
1019749	796	1	11
1019754	796	3	11
1019769	801	14	11
1019784	806	18	11
1019799	819	5	11
1019814	819	6	11
1019829	824	25	11
1019844	837	32	11
1019849	855	30	11
1019865	873	41	11
1019880	896	56	11
1019895	927	48	11
1019910	954	33	11
1019925	972	28	11
1019940	990	28	11
1019945	1004	19	11
1019960	1012	8	11
1019976	1017	1	11
1019991	1022	-4	11
1020006	1022	-12	11
1020021	1012	-13	11
1020036	1008	-13	11
1020051	999	-23	11
1020056	986	-23	11
1020071	972	-13	11
1020086	968	-7	11
1020101	963	-14	11
1020116	954	-18	11
1020131	945	-13	11
1020151	936	-23	11
1020156	922	-36	11
1020171	904	-32	11
1020186	886	-24	11
1020201	873	-26	11
1020216	860	-22	11
1020231	846	-12	11
1020247	837	-8	11
1020252	832	-14	11
1020267	828	-6	11
1020282	824	11	11
1020297	824	14	11
1020312	832	14	11
1020327	842	27	11
1020342	855	33	11
1020357	873	20	11
1020362	886	5	11
1020377	891	9	11
1020392	896	13	11
1020407	900	14	11
1020422	909	22	11
1020437	922	31	11
1020452	940	27	11
1020457	954	19	11
1020472	963	21	11
1020487	976	19	11
1020502	986	10	11
1020517	994	4	11
1020532	994	0	11
1020552	994	-9	11
1020567	994	-13	11
1020572	986	-2	11
1020587	986	6	11
1020603	986	-1	11
1020618	986	-2	11
1020633	986	11	11
1020648	990	16	11
1020663	999	7	11
1020668	1004	2	11
1020683	1004	6	11
1020698	1008	-1	11
1020713	1008	-11	11
1020728	1004	-13	11
1020744	999	-9	11
1020759	990	-13	11
1020764	986	-13	11
1020779	976	-10	11
1020794	972	-11	11
1020809	968	-12	11
1020824	958	-7	11
1020839	954	-3	11
1020856	954	-9	11
1020871	950	-11	11
1020876	940	-6	11
1020891	940	-5	11
1020906	936	-13	11
1020921	927	-13	11
1020936	922	-1	11
1020951	922	4	11
1020966	922	-1	11
1020971	922	3	11
1020986	922	9	11
1021001	927	6	11
1021016	927	4	11
1021031	932	9	11
1021046	936	13	11
1021061	945	7	11
1021066	945	8	11
1021081	950	8	11
1021096	954	7	11
1021111	958	3	11
1021126	963	12	11
1021141	968	19	11
1021156	981	15	11
1021176	986	15	11
1021181	994	18	11
1021196	1008	14	11
1021211	1012	3	11
1021227	1017	4	11
1021242	1017	8	11
1021258	1022	0	11
1021274	1022	-9	11
1021279	1022	0	11
1021295	1022	15	11
1021310	1026	22	11
1021325	1040	28	11
1021341	1053	43	11
1021357	1080	47	11
1021372	1102	38	11
1021387	1125	34	11
1021392	1143	28	11
1021407	1161	11	11
1021423	1166	0	11
1021438	1166	3	11
1021453	1170	7	11
1021468	1174	4	11
1021483	1174	2	11
1021488	1174	2	11
1021503	1179	-3	11
1021518	1179	-9	11
1021533	1174	-5	11
1021548	1170	-6	11
1021563	1170	-19	11
1021578	1156	-25	11
1021584	1143	-17	11
1021599	1134	-16	11
1021614	1125	-31	11
1021629	1107	-37	11
1021644	1084	-25	11
1021659	1071	-23	11
1021674	1058	-29	11
1021689	1044	-22	11
1021694	1030	-16	11
1021709	1022	-20	11
1021724	1012	-18	11
1021739	999	-12	11
1021754	994	-11	11
1021769	986	-16	11
1021784	976	-4	11
1021789	976	4	11
1021804	976	-3	11
1021819	976	-6	11
1021834	972	6	11
1021849	972	16	11
1021864	981	7	11
1021879	986	10	11
1021894	990	29	11
1021899	1008	36	11
1021915	1026	27	11
1021930	1044	25	11
1021945	1058	32	11
1021960	1076	33	11
1021976	1094	27	11
1021991	1107	28	11
1021996	1125	26	11
1022011	1138	16	11
1022026	1148	17	11
1022041	1156	23	11
1022056	1170	12	11
1022071	1179	-1	11
1022086	1179	-3	11
1022091	1179	-8	11
1022106	1174	-27	11
1022121	1161	-38	11
1022136	1138	-28	11
1022151	1120	-20	11
1022166	1112	-28	11
1022181	1094	-33	11
1022196	1076	-26	11
1022201	1062	-32	11
1022216	1044	-36	11
1022231	1026	-32	11
1022246	1008	-25	11
1022261	990	-26	11
1022276	976	-22	11
1022296	963	-12	11
1022301	958	-14	11
1022316	950	-17	11
1022331	940	-4	11
1022347	940	15	11
1022362	945	17	11
1022377	954	19	11
1022392	963	24	11
1022397	976	28	11
1022412	994	20	11
1022427	1004	19	11
1022443	1012	33	11
1022458	1035	36	11
1022474	1053	25	11
1022489	1066	20	11
1022505	1080	25	11
1022510	1094	23	11
1022525	1107	19	11
1022540	1116	22	11
1022555	1130	15	11
1022571	1138	-2	11
1022586	1138	-10	11
1022602	1134	-6	11
1022607	1130	-12	11
1022623	1125	-23	11
1022639	1112	-24	11
1022655	1098	-22	11
1022671	1084	-36	11
1022686	1066	-45	11
1022701	1040	-35	11
1022716	1022	-26	11
1022722	1004	-25	11
1022739	990	-22	11
1022754	981	-12	11
1022769	972	-7	11
1022784	968	-4	11
1022799	968	3	11
1022814	968	10	11
1022819	968	0	11
1022834	968	-4	11
1022849	968	3	11
1022864	968	1	11
1022879	968	-10	11
1022894	968	-5	11
1022909	963	-1	11
1022914	963	-2	11
1022929	963	-3	11
1022944	963	9	11
1022959	963	14	11
1022974	972	10	11
1022989	976	8	11
1023005	981	18	11
1023020	990	16	11
1023025	999	5	11
1023040	1004	10	11
1023055	1008	20	11
1023070	1022	13	11
1023085	1026	5	11
1023100	1030	11	11
1023115	1035	17	11
1023120	1044	9	11
1023135	1048	6	11
1023150	1053	13	11
1023165	1062	10	11
1023180	1066	1	11
1023195	1066	-4	11
1023210	1066	-5	11
1023215	1066	-16	11
1023230	1058	-21	11
1023245	1044	-15	11
1023260	1035	-11	11
1023275	1030	-18	11
1023291	1022	-14	11
1023306	1012	-5	11
1023321	1008	-11	11
1023326	1004	-23	11
1023341	990	-22	11
1023356	976	-16	11
1023371	968	-21	11
1023386	958	-30	11
1023401	940	-20	11
1023416	932	-22	11
1023421	918	-27	11
1023436	900	-18	11
1023451	891	2	11
1023466	891	8	11
1023481	896	10	11
1023496	900	17	11
1023511	909	15	11
1023526	918	-5	11
1023531	918	-14	11
1023546	909	-2	11
1023561	909	3	11
1023576	909	-4	11
1023591	909	0	11
1023606	909	13	11
1023621	914	7	11
1023626	918	-1	11
1023641	918	1	11
1023656	918	6	11
1023671	918	5	11
1023686	922	2	11
1023701	922	6	11
1023716	927	4	11
1023721	927	6	11
1023736	932	11	11
1023751	940	15	11
1023766	945	2	11
1023781	950	-9	11
1023796	945	-4	11
1023816	945	-6	11
1023831	940	-18	11
1023836	932	-22	11
1023851	918	-7	11
1023866	914	-3	11
1023882	914	-3	11
1023897	914	1	11
1023912	914	6	11
1023927	914	-3	11
1023932	914	-10	11
1023947	909	-8	11
1023962	904	-10	11
1023977	900	-19	11
1023994	886	-14	11
1024010	878	-6	11
1024026	878	-12	11
1024042	868	-12	11
1024047	864	-8	11
1024062	860	-6	11
1024077	855	-12	11
1024092	846	-8	11
1024107	842	6	11
1024122	842	5	11
1024137	846	-7	11
1024142	846	-9	11
1024157	842	0	11
1024172	842	-4	11
1024187	837	-6	11
1024202	837	1	11
1024217	837	9	11
1024232	837	7	11
1024237	842	9	11
1024252	846	18	11
1024267	855	19	11
1024282	868	14	11
1024297	873	19	11
1024312	886	23	11
1024327	900	20	11
1024342	909	19	11
1024347	918	28	11
1024363	936	30	11
1024378	954	19	11
1024393	963	12	11
1024410	972	14	11
1024426	976	8	11
1024441	981	-7	11
1024446	981	-11	11
1024461	976	-10	11
1024477	972	-8	11
1024492	968	-6	11
1024507	963	1	11
1024522	963	0	11
1024537	963	-7	11
1024542	958	-5	11
1024557	958	3	11
1024572	958	-1	11
1024587	958	-15	11
1024602	950	-15	11
1024617	940	-11	11
1024632	936	-15	11
1024647	927	-22	11
1024652	914	-14	11
1024667	904	-14	11
1024682	900	-17	11
1024697	886	-13	11
1024712	882	-1	11
1024728	882	4	11
1024744	882	8	11
1024749	882	22	11
1024764	896	28	11
1024779	914	15	11
1024794	918	6	11
1024809	922	5	11
1024824	927	0	11
1024839	927	-2	11
1024854	927	6	11
1024859	927	16	11
1024874	936	11	11
1024890	945	7	11
1024905	950	10	11
1024920	954	12	11
1024935	958	9	11
1024950	963	7	11
1024955	968	9	11
1024970	972	1	11
1024985	976	-11	11
1025000	972	-6	11
1025016	968	1	11
1025031	968	-2	11
1025046	968	-13	11
1025051	963	-13	11
1025066	954	-12	11
1025081	945	-23	11
1025096	936	-29	11
1025111	918	-27	11
1025126	904	-29	11
1025141	886	-29	11
1025156	868	-28	11
1025161	855	-33	11
1025176	837	-40	11
1025191	814	-31	11
1025206	796	-12	11
1025221	788	-4	11
1025236	788	-8	11
1025256	783	-5	11
1025261	778	1	11
1025276	778	-6	11
1025291	778	-8	11
1025306	774	-5	11
1025321	770	3	11
1025336	770	2	11
1025351	770	0	11
1025366	770	8	11
1025371	774	14	11
1025386	778	19	11
1025402	792	19	11
1025418	801	25	11
1025434	814	32	11
1025450	832	39	11
1025466	855	46	11
1025471	882	43	11
1025486	904	40	11
1025501	927	38	11
1025516	950	38	11
1025531	972	22	11
1025546	986	8	11
1025561	990	5	11
1025566	990	6	11
1025581	994	1	11
1025597	994	-9	11
1025612	994	-10	11
1025627	990	-13	11
1025643	981	-14	11
1025658	972	-11	11
1025673	968	-10	11
1025678	963	-16	11
1025693	954	-18	11
1025708	940	-15	11
1025723	932	-14	11
1025738	927	-23	11
1025754	914	-25	11
1025770	900	-21	11
1025776	886	-16	11
1025791	878	-20	11
1025806	868	-18	11
1025821	855	-7	11
1025836	850	0	11
1025851	850	2	11
1025866	850	2	11
1025871	850	9	11
1025886	855	6	11
1025901	860	7	11
1025916	864	3	11
1025931	864	-1	11
1025946	864	2	11
1025961	864	12	11
1025976	873	22	11
1025981	886	21	11
1025996	896	14	11
1026011	904	13	11
1026026	914	7	11
1026041	914	1	11
1026056	918	1	11
1026071	918	3	11
1026076	918	-1	11
1026091	918	1	11
1026106	918	7	11
1026122	922	7	11
1026138	927	-1	11
1026153	927	-11	11
1026168	922	-13	11
1026183	918	-13	11
1026188	909	-15	11
1026203	900	-14	11
1026218	891	-6	11
1026233	891	0	11
1026248	891	4	11
1026263	891	7	11
1026278	891	8	11
1026283	896	4	11
1026298	900	-1	11
1026313	900	-1	11
1026328	900	-7	11
1026343	896	-8	11
1026358	891	-6	11
1026373	891	-5	11
1026378	886	-8	11
1026393	882	-6	11
1026408	878	0	11
1026423	878	1	11
1026438	878	-5	11
1026453	878	-4	11
1026468	873	2	11
1026488	873	-3	11
1026493	873	-14	11
1026508	864	-13	11
1026523	860	-5	11
1026538	855	-2	11
1026553	855	-1	11
1026568	855	4	11
1026583	855	11	11
1026588	860	12	11
1026603	864	11	11
1026618	873	14	11
1026633	878	22	11
1026648	891	27	11
1026663	904	26	11
1026678	922	24	11
1026683	936	20	11
1026699	945	18	11
1026715	954	21	11
1026731	968	15	11
1026746	976	6	11
1026761	981	5	11
1026776	981	11	11
1026791	990	8	11
1026796	994	5	11
1026811	994	7	11
1026826	999	4	11
1026841	1004	1	11
1026856	1004	5	11
1026871	1004	5	11
1026886	1008	-2	11
1026891	1008	-16	11
1026907	1004	-25	11
1026922	990	-21	11
1026937	976	-20	11
1026952	963	-23	11
1026967	954	-24	11
1026982	940	-19	11
1026997	927	-14	11
1027002	918	-11	11
1027017	914	-10	11
1027032	909	-7	11
1027048	904	-7	11
1027063	900	-9	11
1027078	896	-11	11
1027093	891	-11	11
1027098	882	-11	11
1027113	878	-7	11
1027128	873	-3	11
1027143	873	2	11
1027158	873	11	11
1027173	873	22	11
1027188	886	26	11
1027193	900	25	11
1027209	914	28	11
1027224	932	25	11
1027239	945	17	11
1027254	954	13	11
1027269	963	17	11
1027284	972	17	11
1027299	981	15	11
1027304	990	10	11
1027319	994	13	11
1027334	1004	16	11
1027349	1012	16	11
1027364	1022	7	11
1027379	1026	1	11
1027399	1026	-1	11
1027404	1026	-7	11
1027419	1026	-5	11
1027435	1022	-6	11
1027451	1017	-10	11
1027466	1012	-15	11
1027481	1004	-19	11
1027496	994	-16	11
1027511	986	-16	11
1027516	976	-6	11
1027532	972	1	11
1027547	972	-5	11
1027562	972	-13	11
1027577	963	-13	11
1027592	954	-13	11
1027607	950	-15	11
1027612	940	-15	11
1027627	932	-16	11
1027642	922	-9	11
1027657	918	-5	11
1027673	914	-4	11
1027689	914	-4	11
1027704	909	-1	11
1027709	909	9	11
1027724	909	13	11
1027740	918	8	11
1027756	922	6	11
1027771	927	10	11
1027786	932	12	11
1027801	936	13	11
1027816	945	10	11
1027821	950	6	11
1027836	954	10	11
1027851	958	12	11
1027866	968	11	11
1027881	972	15	11
1027896	981	16	11
1027911	990	15	11
1027916	999	14	11
1027931	1008	17	11
1027946	1017	12	11
1027961	1022	13	11
1027976	1030	12	11
1027991	1035	14	11
1028006	1044	13	11
1028011	1053	8	11
1028026	1058	2	11
1028041	1058	-1	11
1028056	1058	4	11
1028071	1058	4	11
1028086	1062	-2	11
1028101	1062	-8	11
1028116	1062	-9	11
1028121	1053	-17	11
1028136	1044	-24	11
1028151	1030	-31	11
1028166	1012	-31	11
1028181	999	-33	11
1028196	976	-31	11
1028211	963	-28	11
1028216	945	-27	11
1028231	932	-24	11
1028246	918	-27	11
1028261	900	-26	11
1028277	886	-23	11
1028292	873	-20	11
1028308	864	-13	11
1028324	855	-6	11
1028330	850	-6	11
1028346	850	-6	11
1028361	846	1	11
1028376	846	7	11
1028391	846	13	11
1028406	855	19	11
1028421	864	27	11
1028426	878	21	11
1028441	891	12	11
1028456	896	11	11
1028471	904	15	11
1028486	914	19	11
1028501	922	21	11
1028516	936	20	11
1028521	945	20	11
1028536	958	15	11
1028551	968	13	11
1028566	972	2	11
1028581	972	-1	11
1028596	972	-5	11
1028611	972	-5	11
1028631	972	-3	11
1028636	972	-5	11
1028651	968	-12	11
1028666	958	-17	11
1028681	950	-15	11
1028696	940	-14	11
1028711	936	-16	11
1028726	927	-16	11
1028731	918	-17	11
1028746	909	-20	11
1028761	896	-17	11
1028776	886	-11	11
1028791	882	-14	11
1028806	873	-16	11
1028821	864	-8	11
1028826	860	-8	11
1028841	855	-15	11
1028856	846	-14	11
1028871	837	-9	11
1028886	832	-4	11
1028901	832	0	11
1028916	832	2	11
1028931	832	6	11
1028936	832	10	11
1028951	837	9	11
1028966	842	11	11
1028981	846	13	11
1028996	855	14	11
1029011	864	14	11
1029031	873	22	11
1029036	882	26	11
1029052	900	25	11
1029067	914	22	11
1029082	922	16	11
1029097	932	11	11
1029113	940	7	11
1029128	945	11	11
1029144	950	12	11
1029149	958	12	11
1029164	963	15	11
1029180	972	16	11
1029195	981	13	11
1029211	990	8	11
1029226	994	6	11
1029241	994	8	11
1029246	999	4	11
1029261	1004	3	11
1029276	1004	-4	11
1029291	1004	-5	11
1029306	1004	-1	11
1029321	1004	4	11
1029336	1004	1	11
1029341	1004	-4	11
1029356	1004	-7	11
1029371	999	-12	11
1029386	994	-17	11
1029401	981	-23	11
1029416	972	-21	11
1029431	958	-17	11
1029446	950	-22	11
1029451	936	-28	11
1029466	922	-32	11
1029481	904	-27	11
1029496	886	-27	11
1029511	873	-26	11
1029526	860	-20	11
1029541	846	-15	11
1029546	837	-14	11
1029562	828	-9	11
1029578	824	-4	11
1029594	824	0	11
1029610	824	0	11
1029626	824	1	11
1029642	824	-3	11
1029657	824	-12	11
1029663	814	-11	11
1029678	810	-10	11
1029693	801	-11	11
1029708	796	-7	11
1029723	792	-3	11
1029738	792	3	11
1029753	792	4	11
1029758	792	1	11
1029773	792	7	11
1029788	796	13	11
1029803	801	14	11
1029818	810	12	11
1029834	819	13	11
1029849	824	15	11
1029854	832	18	11
1029869	842	26	11
1029884	860	34	11
1029899	878	39	11
1029914	900	41	11
1029929	922	43	11
1029944	945	41	11
1029959	968	35	11
1029964	990	28	11
1029979	1004	23	11
1029994	1017	16	11
1030009	1026	9	11
1030024	1030	1	11
1030039	1030	-11	11
1030054	1030	-20	11
1030059	1017	-23	11
1030074	1008	-23	11
1030089	994	-22	11
1030104	981	-24	11
1030119	968	-27	11
1030134	954	-28	11
1030149	936	-28	11
1030154	922	-35	11
1030169	900	-40	11
1030184	878	-32	11
1030199	860	-19	11
1030214	850	-13	11
1030229	842	-5	11
1030244	842	-1	11
1030259	837	-6	11
1030264	837	-16	11
1030279	828	-16	11
1030294	819	-16	11
1030309	810	-16	11
1030324	801	-15	11
1030339	792	-18	11
1030359	783	-18	11
1030364	770	-14	11
1030379	765	-11	11
1030394	756	-15	11
1030409	747	-12	11
1030424	742	-8	11
1030439	738	-4	11
1030454	734	6	11
1030469	734	15	11
1030474	742	25	11
1030489	756	41	11
1030504	778	59	11
1030519	814	78	11
1030534	855	95	11
1030549	909	106	11
1030564	972	111	11
1030569	1030	108	11
1030584	1094	93	11
1030599	1148	77	11
1030614	1188	62	11
1030629	1224	47	11
1030644	1251	37	11
1030659	1269	23	11
1030664	1282	20	11
1030679	1296	16	11
1030694	1305	8	11
1030709	1310	2	11
1030724	1310	-4	11
1030744	1310	-11	11
1030759	1305	-15	11
1030774	1296	-8	11
1030779	1292	-1	11
1030794	1292	-5	11
1030810	1287	-6	11
1030825	1287	-4	11
1030840	1282	-12	11
1030855	1278	-21	11
1030870	1264	-25	11
1030875	1251	-26	11
1030890	1238	-23	11
1030905	1224	-23	11
1030920	1210	-28	11
1030935	1192	-26	11
1030951	1179	-21	11
1030966	1170	-14	11
1030971	1161	-4	11
1030986	1156	4	11
1031002	1156	7	11
1031018	1161	13	11
1031034	1166	10	11
1031050	1174	2	11
1031066	1174	-4	11
1031083	1174	0	11
1031088	1174	8	11
1031103	1174	12	11
1031119	1184	19	11
1031134	1192	27	11
1031149	1210	32	11
1031164	1228	33	11
1031179	1246	38	11
1031184	1269	32	11
1031200	1287	22	11
1031215	1296	20	11
1031230	1310	17	11
1031245	1318	3	11
1031260	1318	-4	11
1031275	1318	-8	11
1031290	1318	-9	11
1031295	1314	1	11
1031310	1314	12	11
1031326	1314	15	11
1031341	1323	2	11
1031356	1323	-11	11
1031371	1323	-25	11
1031386	1310	-32	11
1031391	1292	-40	11
1031406	1269	-47	11
1031422	1242	-40	11
1031438	1220	-24	11
1031453	1206	-14	11
1031468	1197	-11	11
1031483	1192	-5	11
1031489	1188	0	11
1031505	1188	-5	11
1031520	1188	-8	11
1031536	1184	-1	11
1031551	1179	-6	11
1031566	1179	-10	11
1031581	1170	-9	11
1031596	1166	-13	11
1031601	1161	-13	11
1031616	1152	0	11
1031631	1152	6	11
1031646	1152	11	11
1031661	1156	15	11
1031676	1166	19	11
1031691	1179	24	11
1031696	1192	23	11
1031711	1202	28	11
1031726	1220	33	11
1031741	1238	39	11
1031756	1260	40	11
1031771	1282	37	11
1031786	1305	38	11
1031801	1323	37	11
1031806	1346	32	11
1031821	1364	22	11
1031836	1377	16	11
1031851	1386	8	11
1031866	1390	2	11
1031881	1390	4	11
1031896	1390	0	11
1031901	1390	-14	11
1031916	1390	-14	11
1031931	1382	-12	11
1031946	1372	-20	11
1031961	1364	-31	11
1031976	1346	-32	11
1031991	1328	-32	11
1031996	1310	-32	11
1032011	1292	-27	11
1032027	1278	-18	11
1032042	1264	-7	11
1032057	1260	7	11
1032072	1260	16	11
1032087	1269	16	11
1032102	1278	17	11
1032107	1292	17	11
1032122	1300	11	11
1032137	1305	8	11
1032152	1310	11	11
1032167	1314	7	11
1032182	1318	10	11
1032198	1328	19	11
1032203	1336	16	11
1032218	1346	23	11
1032233	1359	28	11
1032248	1372	26	11
1032263	1390	16	11
1032278	1400	11	11
1032293	1404	8	11
1032298	1408	2	11
1032313	1408	1	11
1032328	1408	2	11
1032343	1413	1	11
1032358	1413	-4	11
1032373	1413	-6	11
1032388	1408	-11	11
1032404	1404	-15	11
1032410	1395	-17	11
1032426	1386	-18	11
1032442	1377	-10	11
1032457	1368	-4	11
1032472	1368	-2	11
1032487	1368	-6	11
1032502	1364	-12	11
1032507	1354	-17	11
1032522	1346	-21	11
1032537	1336	-18	11
1032553	1323	-17	11
1032568	1314	-19	11
1032583	1305	-14	11
1032598	1296	-6	11
1032613	1292	0	11
1032618	1292	4	11
1032633	1292	15	11
1032648	1300	19	11
1032663	1310	16	11
1032678	1318	20	11
1032693	1332	23	11
1032708	1346	16	11
1032713	1354	9	11
1032728	1359	6	11
1032743	1364	9	11
1032758	1368	13	11
1032773	1372	18	11
1032788	1386	14	11
1032803	1390	11	11
1032808	1400	4	11
1032823	1400	-7	11
1032838	1400	-10	11
1032853	1395	-10	11
1032868	1390	-7	11
1032883	1386	-6	11
1032903	1382	-5	11
1032918	1377	-12	11
1032923	1372	-17	11
1032938	1364	-7	11
1032953	1359	-4	11
1032968	1354	-11	11
1032983	1350	-15	11
1032998	1341	-10	11
1033013	1336	-8	11
1033018	1332	-8	11
1033033	1328	-4	11
1033048	1323	1	11
1033063	1323	1	11
1033078	1323	6	11
1033093	1328	12	11
1033109	1332	12	11
1033114	1341	8	11
1033129	1346	7	11
1033144	1346	3	11
1033160	1350	-3	11
1033175	1350	-9	11
1033190	1346	-7	11
1033205	1341	-3	11
1033220	1341	4	11
1033225	1341	8	11
1033240	1346	13	11
1033255	1350	20	11
1033270	1364	13	11
1033285	1368	13	11
1033300	1377	15	11
1033315	1386	12	11
1033320	1390	1	11
1033335	1390	1	11
1033350	1395	-1	11
1033365	1395	-2	11
1033380	1395	4	11
1033395	1395	12	11
1033415	1400	8	11
1033430	1404	5	11
1033435	1408	7	11
1033450	1413	10	11
1033465	1418	5	11
1033480	1422	-1	11
1033495	1422	-4	11
1033510	1422	-7	11
1033525	1418	-17	11
1033530	1408	-29	11
1033545	1390	-37	11
1033560	1372	-39	11
1033575	1350	-36	11
1033590	1328	-34	11
1033605	1310	-30	11
1033620	1292	-27	11
1033625	1278	-26	11
1033640	1264	-18	11
1033655	1251	-21	11
1033670	1242	-28	11
1033685	1224	-31	11
1033700	1206	-26	11
1033716	1192	-23	11
1033731	1179	-25	11
1033736	1166	-17	11
1033751	1156	-10	11
1033766	1152	-13	11
1033781	1143	-7	11
1033796	1138	1	11
1033811	1138	2	11
1033831	1138	1	11
1033836	1138	4	11
1033851	1138	0	11
1033866	1138	-7	11
1033882	1138	-8	11
1033898	1134	-6	11
1033913	1134	0	11
1033928	1134	5	11
1033943	1134	7	11
1033948	1134	9	11
1033963	1138	13	11
1033978	1148	20	11
1033994	1156	24	11
1034009	1170	25	11
1034024	1188	25	11
1034039	1202	21	11
1034044	1210	19	11
1034059	1224	15	11
1034074	1233	8	11
1034089	1238	10	11
1034104	1242	10	11
1034119	1246	1	11
1034134	1246	-9	11
1034139	1246	-7	11
1034154	1242	-5	11
1034169	1238	-18	11
1034184	1228	-25	11
1034199	1215	-21	11
1034214	1202	-18	11
1034229	1192	-19	11
1034244	1184	-19	11
1034249	1170	-24	11
1034264	1156	-28	11
1034279	1143	-29	11
1034294	1125	-27	11
1034309	1112	-24	11
1034324	1098	-21	11
1034339	1084	-9	11
1034344	1080	-2	11
1034359	1080	-5	11
1034374	1076	-7	11
1034389	1071	1	11
1034404	1071	6	11
1034419	1071	0	11
1034439	1071	-10	11
1034444	1071	-7	11
1034459	1066	-3	11
1034474	1066	-6	11
1034489	1062	-4	11
1034504	1062	6	11
1034519	1062	6	11
1034534	1062	5	11
1034549	1066	8	11
1034554	1071	7	11
1034569	1076	3	11
1034584	1076	1	11
1034599	1076	-1	11
1034614	1076	-11	11
1034629	1076	-21	11
1034644	1062	-16	11
1034649	1053	-5	11
1034665	1048	4	11
1034681	1048	-1	11
1034696	1048	0	11
1034711	1048	-2	11
1034726	1048	-6	11
1034741	1048	-9	11
1034756	1044	-13	11
1034761	1035	-19	11
1034776	1026	-20	11
1034791	1012	-12	11
1034806	1008	-3	11
1034821	1004	1	11
1034836	1004	7	11
1034851	1004	19	11
1034856	1017	19	11
1034871	1026	3	11
1034886	1026	-5	11
1034901	1026	1	11
1034916	1026	2	11
1034931	1026	-3	11
1034951	1026	-2	11
1034956	1026	-4	11
1034971	1026	-6	11
1034986	1022	-6	11
1035001	1017	-1	11
1035016	1017	3	11
1035031	1017	4	11
1035047	1017	-2	11
1035062	1017	-7	11
1035067	1017	-15	11
1035083	1008	-18	11
1035098	999	-25	11
1035113	986	-44	11
1035129	958	-63	11
1035145	922	-75	11
1035161	882	-72	11
1035166	842	-66	11
1035181	806	-70	11
1035196	765	-60	11
1035211	734	-51	11
1035226	702	-43	11
1035241	680	-45	11
1035256	652	-41	11
1035271	630	-34	11
1035276	612	-36	11
1035291	590	-33	11
1035306	572	-27	11
1035321	558	-24	11
1035336	544	-20	11
1035351	531	-7	11
1035366	526	4	11
1035371	526	2	11
1035386	526	-1	11
1035401	526	-3	11
1035416	526	-7	11
1035431	526	-8	11
1035446	522	-5	11
1035461	518	0	11
1035466	518	4	11
1035481	518	8	11
1035496	522	15	11
1035511	531	17	11
1035526	540	15	11
1035541	549	13	11
1035556	554	20	11
1035572	567	22	11
1035577	580	15	11
1035592	585	10	11
1035607	594	14	11
1035622	598	8	11
1035637	603	-1	11
1035653	603	-8	11
1035668	603	-9	11
1035673	598	-9	11
1035688	594	-10	11
1035703	590	-12	11
1035718	580	-18	11
1035733	572	-15	11
1035748	562	-10	11
1035763	558	-8	11
1035768	554	-17	11
1035783	544	-21	11
1035798	531	-21	11
1035813	518	-28	11
1035828	504	-38	11
1035843	482	-37	11
1035863	464	-32	11
1035878	446	-28	11
1035883	428	-23	11
1035898	414	-13	11
1035913	410	-3	11
1035928	405	0	11
1035945	405	-4	11
1035960	405	0	11
1035975	405	-3	11
1035980	400	-3	11
1035995	400	-2	11
1036010	400	2	11
1036025	400	-5	11
1036040	396	-11	11
1036055	392	-8	11
1036070	387	-5	11
1036085	382	-6	11
1036090	382	1	11
1036105	382	7	11
1036120	382	-5	11
1036135	382	-35	11
1036150	364	-61	11
1036165	328	-76	11
1036180	284	-90	11
1036185	234	-86	11
1036200	184	-69	11
1036215	148	-45	11
1036232	122	-27	11
1036247	108	-11	11
1036262	99	-5	11
1036277	99	-7	11
1036282	94	-18	11
1036297	86	-15	11
1036312	76	-6	11
1036327	72	-5	11
1036343	68	-4	11
1036358	68	0	11
1036373	68	8	11
1036388	68	12	11
1036393	76	17	11
1036408	86	31	11
1036423	104	39	11
1036438	122	38	11
1036453	144	43	11
1036468	171	42	11
1036484	194	34	11
1036489	212	33	11
1036505	230	34	11
1036521	248	33	11
1036537	270	21	11
1036553	279	17	11
1036569	288	20	11
1036585	302	11	11
1036590	306	2	11
1036606	306	3	11
1036622	310	8	11
1036638	315	1	11
1036654	315	-10	11
1036670	315	-17	11
1036685	302	-19	11
1036700	292	-26	11
1036705	279	-31	11
1036720	261	-33	11
1036735	243	-34	11
1036750	225	-29	11
1036765	207	-17	11
1036780	198	-15	11
1036795	189	-20	11
1036800	176	-23	11
1036815	166	-14	11
1036830	158	-12	11
1036845	148	-11	11
1036860	144	-4	11
1036875	140	2	11
1036890	140	-6	11
1036905	140	-12	11
1036910	130	-5	11
1036925	130	0	11
1036940	130	2	11
1036955	130	9	11
1036970	130	17	11
1036985	140	19	11
1037000	153	16	11
1037005	162	17	11
1037021	171	16	11
1037036	180	11	11
1037051	184	12	11
1037066	194	19	11
1037081	202	18	11
1037096	212	14	11
1037101	220	16	11
1037116	230	20	11
1037131	243	19	11
1037146	252	15	11
1037161	261	17	11
1037176	270	13	11
1037191	279	6	11
1037206	279	1	11
1037211	284	4	11
1037226	284	2	11
1037241	284	-1	11
1037256	284	2	11
1037271	284	2	11
1037286	288	-14	11
1037301	284	-30	11
1037306	266	-29	11
1037321	248	-24	11
1037336	234	-28	11
1037351	220	-27	11
1037366	207	-24	11
1037381	194	-28	11
1037396	176	-42	11
1037411	153	-39	11
1037416	130	-38	11
1037431	108	-39	11
1037446	86	-36	11
1037461	68	-24	11
1037476	54	-19	11
1037491	40	-18	11
1037511	32	-13	11
1037516	27	-1	11
1037531	22	-1	11
1037546	22	-5	11
1037561	22	5	11
1037576	22	13	11
1037591	27	11	11
1037606	32	9	11
1037611	40	11	11
1037626	45	17	11
1037641	54	21	11
1037656	68	34	11
1037671	86	46	11
1037686	112	49	11
1037701	140	43	11
1037716	162	37	11
1037722	184	31	11
1037737	202	18	11
1037752	212	20	11
1037767	220	23	11
1037782	234	18	11
1037797	248	5	11
1037812	248	0	11
1037817	248	-8	11
1037832	248	-17	11
1037847	238	-19	11
1037862	230	-14	11
1037877	220	-8	11
1037892	216	-10	11
1037907	212	-12	11
1037913	202	-14	11
1037929	194	-22	11
1037944	184	-15	11
1037961	176	4	11
1037977	176	16	11
1037993	180	24	11
1038008	194	36	11
1038023	216	50	11
1038028	243	54	11
1038044	274	47	11
1038059	302	42	11
1038076	324	42	11
1038091	346	37	11
1038106	369	26	11
1038121	382	18	11
1038126	392	15	11
1038141	400	13	11
1038156	410	15	11
1038171	418	10	11
1038186	423	-2	11
1038201	423	-11	11
1038216	418	-10	11
1038231	414	-12	11
1038236	405	-17	11
1038251	396	-18	11
1038266	387	-13	11
1038281	378	-12	11
1038296	374	-17	11
1038311	364	-17	11
1038326	356	-8	11
1038331	351	-11	11
1038346	342	-20	11
1038361	333	-19	11
1038376	320	-15	11
1038391	315	-11	11
1038406	306	-4	11
1038423	306	4	11
1038428	306	3	11
1038443	306	0	11
1038458	306	10	11
1038473	310	16	11
1038488	320	10	11
1038503	324	3	11
1038518	328	8	11
1038534	333	16	11
1038539	342	8	11
1038554	346	0	11
1038569	346	4	11
1038584	346	13	11
1038599	356	15	11
1038614	364	17	11
1038629	374	17	11
1038634	382	15	11
1038649	392	18	11
1038664	400	17	11
1038679	410	5	11
1038694	414	-9	11
1038709	410	-11	11
1038724	405	-5	11
1038729	400	-12	11
1038744	396	-19	11
1038759	387	-12	11
1038774	378	4	11
1038789	378	0	11
1038804	378	-9	11
1038819	374	-5	11
1038839	374	0	11
1038844	374	-5	11
1038859	369	-8	11
1038874	364	-8	11
1038889	360	-6	11
1038904	356	-7	11
1038919	356	-8	11
1038934	351	-7	11
1038939	346	-6	11
1038954	342	-3	11
1038969	342	4	11
1038984	342	5	11
1038999	342	-1	11
1039014	342	9	11
1039029	346	19	11
1039044	356	16	11
1039049	364	4	11
1039064	369	7	11
1039079	374	10	11
1039094	378	9	11
1039109	382	7	11
1039124	387	19	11
1039139	396	29	11
1039144	414	26	11
1039159	428	26	11
1039174	441	27	11
1039189	459	23	11
1039204	472	17	11
1039219	482	17	11
1039235	490	16	11
1039240	500	9	11
1039255	504	-1	11
1039270	504	1	11
1039285	504	12	11
1039300	508	17	11
1039315	522	19	11
1039330	531	21	11
1039350	544	15	11
1039355	549	11	11
1039370	558	4	11
1039385	558	-3	11
1039400	558	-12	11
1039415	554	-11	11
1039430	549	-2	11
1039445	549	-5	11
1039450	544	-7	11
1039465	540	1	11
1039480	540	10	11
1039495	544	5	11
1039510	544	-7	11
1039525	544	-9	11
1039540	540	-9	11
1039555	536	-12	11
1039560	531	-17	11
1039575	518	-15	11
1039590	513	-8	11
1039605	508	-4	11
1039620	504	2	11
1039635	504	9	11
1039651	508	16	11
1039657	518	17	11
1039672	526	19	11
1039687	536	9	11
1039703	540	4	11
1039718	544	10	11
1039733	549	19	11
1039748	558	14	11
1039753	567	6	11
1039768	572	8	11
1039784	576	13	11
1039799	580	7	11
1039814	585	5	11
1039829	590	12	11
1039844	594	14	11
1039859	603	14	11
1039864	612	17	11
1039879	621	20	11
1039894	634	15	11
1039909	639	6	11
1039924	644	7	11
1039940	648	5	11
1039955	652	-3	11
1039960	652	-4	11
1039976	652	3	11
1039991	652	0	11
1040006	652	-17	11
1040021	644	-24	11
1040036	630	-23	11
1040051	616	-21	11
1040056	603	-22	11
1040071	594	-21	11
1040086	580	-23	11
1040101	567	-31	11
1040116	549	-28	11
1040131	536	-26	11
1040151	522	-34	11
1040166	500	-37	11
1040171	482	-29	11
1040186	464	-17	11
1040201	454	-17	11
1040216	446	-15	11
1040231	436	-1	11
1040246	436	5	11
1040261	436	1	11
1040266	436	0	11
1040281	436	8	11
1040296	441	12	11
1040311	446	11	11
1040326	454	14	11
1040341	459	19	11
1040356	472	15	11
1040371	482	8	11
1040376	486	7	11
1040391	486	5	11
1040406	490	1	11
1040421	490	7	11
1040436	495	10	11
1040452	500	4	11
1040467	504	-4	11
1040472	504	-1	11
1040487	504	3	11
1040502	504	0	11
1040517	504	-4	11
1040532	504	-2	11
1040547	504	-6	11
1040567	500	-13	11
1040572	490	-10	11
1040587	486	-9	11
1040602	482	-15	11
1040617	472	-13	11
1040632	464	-4	11
1040647	464	1	11
1040662	464	1	11
1040677	464	10	11
1040682	468	18	11
1040697	477	18	11
1040713	486	6	11
1040729	490	3	11
1040745	490	4	11
1040761	495	4	11
1040777	495	-2	11
1040782	495	-2	11
1040797	495	-2	11
1040812	495	1	11
1040827	495	3	11
1040842	495	4	11
1040857	495	5	11
1040872	500	7	11
1040877	504	15	11
1040893	513	13	11
1040908	518	4	11
1040923	522	4	11
1040938	522	9	11
1040953	531	8	11
1040968	536	0	11
1040983	536	-1	11
1040988	536	0	11
1041003	536	-6	11
1041018	536	-12	11
1041033	526	-14	11
1041048	518	-17	11
1041063	508	-16	11
1041078	500	-8	11
1041083	495	-9	11
1041098	490	-14	11
1041114	482	-19	11
1041129	472	-15	11
1041144	464	-13	11
1041161	454	-17	11
1041176	446	-15	11
1041191	436	-7	11
1041196	436	-5	11
1041211	432	-5	11
1041227	428	-2	11
1041242	428	2	11
1041257	428	-1	11
1041272	428	-3	11
1041287	428	-2	11
1041292	428	-4	11
1041307	423	-12	11
1041322	418	-10	11
1041337	410	-2	11
1041352	410	-3	11
1041367	410	-2	11
1041382	405	6	11
1041387	405	17	11
1041402	414	15	11
1041417	423	13	11
1041432	432	16	11
1041447	441	16	11
1041462	450	5	11
1041477	454	-2	11
1041492	454	-2	11
1041497	454	1	11
1041512	454	4	11
1041527	454	7	11
1041542	459	10	11
1041557	464	2	11
1041572	464	3	11
1041587	464	5	11
1041592	468	-1	11
1041607	468	-8	11
1041622	468	4	11
1041637	468	14	11
1041652	472	10	11
1041667	477	6	11
1041687	482	13	11
1041702	490	16	11
1041707	500	8	11
1041722	504	7	11
1041737	508	10	11
1041752	513	8	11
1041767	518	5	11
1041782	522	8	11
1041797	526	9	11
1041802	531	1	11
1041817	531	-6	11
1041832	531	-5	11
1041847	526	-5	11
1041862	526	-14	11
1041877	518	-14	11
1041892	508	-9	11
1041897	504	-8	11
1041912	500	-8	11
1041928	495	-4	11
1041943	495	-1	11
1041958	490	-6	11
1041973	490	-7	11
1041989	486	-5	11
1042004	482	-8	11
1042009	477	-17	11
1042024	468	-18	11
1042039	459	-8	11
1042054	454	-8	11
1042069	450	-11	11
1042084	441	-8	11
1042099	436	-10	11
1042104	432	-13	11
1042119	428	-5	11
1042134	423	4	11
1042149	423	11	11
1042165	428	9	11
1042180	432	11	11
1042195	436	16	11
1042200	446	9	11
1042215	454	10	11
1042231	459	21	11
1042246	468	28	11
1042261	486	23	11
1042276	500	23	11
1042291	513	31	11
1042306	531	32	11
1042311	549	25	11
1042326	562	19	11
1042341	572	16	11
1042356	580	7	11
1042371	585	-1	11
1042387	585	-1	11
1042402	585	4	11
1042407	585	5	11
1042422	590	5	11
1042437	590	5	11
1042452	594	6	11
1042467	598	-1	11
1042483	598	1	11
1042498	598	-10	11
1042518	594	-24	11
1042523	580	-28	11
1042538	567	-25	11
1042553	554	-26	11
1042568	540	-26	11
1042583	522	-13	11
1042598	518	2	11
1042613	518	1	11
1042619	518	-6	11
1042634	513	-6	11
1042649	513	0	11
1042664	513	-4	11
1042679	508	-10	11
1042694	504	-11	11
1042709	495	-14	11
1042714	490	-23	11
1042729	477	-27	11
1042744	459	-26	11
1042759	446	-29	11
1042774	432	-22	11
1042789	418	-11	11
1042804	410	-11	11
1042819	405	-17	11
1042824	396	-13	11
1042839	387	-6	11
1042854	387	-1	11
1042869	382	-1	11
1042884	382	5	11
1042899	382	10	11
1042919	387	6	11
1042924	392	7	11
1042939	396	17	11
1042954	405	23	11
1042969	418	26	11
1042984	432	30	11
1042999	450	32	11
1043014	468	33	11
1043029	486	27	11
1043034	500	26	11
1043049	518	21	11
1043064	526	13	11
1043079	536	9	11
1043094	540	6	11
1043109	544	-6	11
1043124	544	-12	11
1043129	536	-6	11
1043144	536	3	11
1043159	536	-4	11
1043174	536	-9	11
1043189	526	-6	11
1043204	526	-6	11
1043219	522	-14	11
1043224	513	-20	11
1043239	504	-16	11
1043254	495	-15	11
1043270	486	-13	11
1043285	477	-14	11
1043300	468	-10	11
1043316	464	-8	11
1043331	459	-3	11
1043336	459	-1	11
1043351	459	-7	11
1043366	454	-16	11
1043381	446	-12	11
1043396	436	-7	11
1043411	432	-6	11
1043427	432	-9	11
1043432	428	-1	11
1043447	423	4	11
1043462	423	1	11
1043477	423	-4	11
1043492	423	3	11
1043507	423	10	11
1043523	428	8	11
1043528	432	8	11
1043543	436	5	11
1043558	441	-4	11
1043573	441	-11	11
1043588	436	-4	11
1043603	432	1	11
1043618	432	-2	11
1043638	432	-2	11
1043643	432	-2	11
1043658	432	-7	11
1043673	428	-13	11
1043688	418	-11	11
1043703	414	-5	11
1043718	410	-4	11
1043733	410	-3	11
1043738	405	3	11
1043753	405	5	11
1043768	410	-2	11
1043783	410	-8	11
1043798	405	-6	11
1043813	400	-10	11
1043828	396	-15	11
1043843	387	-12	11
1043848	382	-8	11
1043863	378	-6	11
1043878	374	-3	11
1043893	374	5	11
1043908	374	6	11
1043923	374	-3	11
1043939	374	-10	11
1043944	369	-6	11
1043959	369	-5	11
1043974	364	-5	11
1043989	360	1	11
1044004	360	-1	11
1044019	360	-12	11
1044034	356	-18	11
1044039	346	-13	11
1044054	338	-10	11
1044070	333	-12	11
1044085	324	-10	11
1044100	320	-2	11
1044116	320	-3	11
1044131	315	1	11
1044146	315	4	11
1044151	315	3	11
1044166	320	-11	11
1044181	315	-17	11
1044196	306	-11	11
1044211	302	-10	11
1044227	292	-14	11
1044242	288	-11	11
1044247	279	-7	11
1044262	274	-7	11
1044277	270	-5	11
1044292	270	2	11
1044307	270	7	11
1044327	270	5	11
1044342	274	2	11
1044347	274	3	11
1044362	274	-3	11
1044377	274	-9	11
1044392	274	-9	11
1044407	270	-2	11
1044423	266	6	11
1044438	266	17	11
1044453	274	31	11
1044458	292	39	11
1044473	315	29	11
1044488	333	24	11
1044503	346	23	11
1044518	360	18	11
1044533	369	11	11
1044548	374	11	11
1044553	382	8	11
1044568	387	0	11
1044583	387	-5	11
1044598	387	-5	11
1044613	382	-14	11
1044628	374	-17	11
1044643	364	-7	11
1044663	360	2	11
1044669	360	-4	11
1044684	360	-14	11
1044699	351	-13	11
1044714	346	-20	11
1044729	333	-27	11
1044744	320	-25	11
1044759	306	-18	11
1044765	297	-18	11
1044780	284	-21	11
1044795	274	-18	11
1044810	261	-14	11
1044825	256	-16	11
1044840	248	-9	11
1044855	243	5	11
1044860	243	11	11
1044875	248	11	11
1044890	252	12	11
1044905	261	14	11
1044920	266	4	11
1044935	270	-2	11
1044950	270	2	11
1044965	270	3	11
1044970	270	-3	11
1044985	270	-1	11
1045000	270	10	11
1045015	274	10	11
1045030	279	1	11
1045045	279	-3	11
1045060	279	1	11
1045065	279	-4	11
1045080	279	-6	11
1045095	279	-6	11
1045110	274	-2	11
1045125	274	-9	11
1045140	270	-7	11
1045155	266	-11	11
1045170	256	-12	11
1045175	252	-13	11
1045190	243	-8	11
1045205	238	-7	11
1045220	234	-12	11
1045235	230	-12	11
1045250	220	-7	11
1045270	216	-6	11
1045275	216	-15	11
1045290	207	-12	11
1045305	198	-8	11
1045320	194	-11	11
1045335	189	-10	11
1045351	184	-2	11
1045366	180	9	11
1045371	184	8	11
1045386	189	-1	11
1045401	189	-1	11
1045416	189	0	11
1045431	189	0	11
1045446	189	10	11
1045461	194	11	11
1045476	198	4	11
1045481	202	5	11
1045496	202	11	11
1045511	212	13	11
1045526	216	6	11
1045541	220	6	11
1045556	225	12	11
1045571	230	7	11
1045576	234	-3	11
1045591	234	-4	11
1045607	234	4	11
1045622	234	4	11
1045637	234	-2	11
1045653	234	2	11
1045668	234	8	11
1045673	238	10	11
1045688	243	11	11
1045703	252	12	11
1045719	256	4	11
1045734	261	-6	11
1045750	261	-4	11
1045766	256	-10	11
1045781	252	-20	11
1045786	243	-22	11
1045801	230	-14	11
1045816	220	-13	11
1045831	216	-23	11
1045846	202	-25	11
1045861	189	-22	11
1045877	176	-22	11
1045882	162	-23	11
1045897	148	-14	11
1045912	140	-7	11
1045927	140	-3	11
1045943	135	-9	11
1045958	130	-9	11
1045974	126	-12	11
1045989	117	-14	11
1045994	112	-10	11
1046009	104	-5	11
1046024	104	-1	11
1046039	104	1	11
1046054	104	8	11
1046069	104	9	11
1046084	108	6	11
1046089	112	6	11
1046104	117	8	11
1046119	122	6	11
1046134	122	2	11
1046149	126	10	11
1046164	130	24	11
1046179	144	32	11
1046184	162	33	11
1046199	180	35	11
1046214	198	28	11
1046229	216	16	11
1046244	225	12	11
1046259	230	17	11
1046275	238	17	11
1046291	252	16	11
1046297	261	16	11
1046312	270	14	11
1046327	274	7	11
1046342	279	6	11
1046357	284	8	11
1046373	288	8	11
1046388	292	7	11
1046393	297	8	11
1046408	302	5	11
1046423	302	-9	11
1046438	302	-27	11
1046453	288	-27	11
1046468	270	-21	11
1046483	261	-21	11
1046488	248	-23	11
1046503	234	-16	11
1046518	225	-16	11
1046533	216	-22	11
1046548	207	-22	11
1046563	194	-18	11
1046578	184	-16	11
1046598	176	-17	11
1046603	162	-12	11
1046618	158	-11	11
1046633	153	-15	11
1046648	144	-12	11
1046663	135	-1	11
1046678	135	5	11
1046693	135	6	11
1046698	140	8	11
1046713	144	13	11
1046728	148	17	11
1046743	158	19	11
1046758	171	18	11
1046773	180	14	11
1046788	189	7	11
1046803	194	-1	11
1046808	194	-5	11
1046823	194	-7	11
1046838	189	-14	11
1046853	180	-6	11
1046868	176	1	11
1046884	176	-1	11
1046899	176	-5	11
1046904	176	-4	11
1046919	171	-13	11
1046934	166	-26	11
1046949	148	-25	11
1046964	135	-22	11
1046979	122	-16	11
1046994	112	-19	11
1047000	104	-17	11
1047015	94	-16	11
1047030	86	-10	11
1047045	81	-1	11
1047060	81	5	11
1047075	81	0	11
1047090	81	3	11
1047110	81	7	11
1047115	86	8	11
1047130	90	8	11
1047145	94	5	11
1047160	94	10	11
1047175	99	13	11
1047190	108	3	11
1047206	108	-4	11
1047211	108	-4	11
1047226	108	3	11
1047241	108	4	11
1047257	108	6	11
1047272	112	10	11
1047287	117	9	11
1047303	122	5	11
1047318	126	6	11
1047323	130	-2	11
1047338	130	-12	11
1047353	126	-15	11
1047368	117	-18	11
1047383	108	-19	11
1047398	94	-20	11
1047413	86	-11	11
1047418	81	-10	11
1047433	72	-17	11
1047448	63	-20	11
1047463	54	-20	11
1047478	40	-21	11
1047493	32	-24	11
1047508	18	-25	11
1047514	0	-23	11
1047529	3591	-27	11
1047544	3573	-32	11
1047559	3555	-29	11
1047574	3542	-25	11
1047589	3524	-25	11
1047604	3510	-22	11
1047619	3501	-16	11
1047624	3492	-20	11
1047639	3478	-30	11
1047654	3460	-45	11
1047669	3438	-60	11
1047684	3402	-74	11
1047699	3362	-78	11
1047715	3316	-62	11
1047720	3280	-43	11
1047735	3258	-30	11
1047750	3240	-17	11
1047765	3231	-10	11
1047780	3226	-14	11
1047795	3218	-19	11
1047810	3208	-12	11
1047815	3200	-3	11
1047830	3200	-2	11
1047845	3200	-2	11
1047860	3195	1	11
1047875	3195	1	11
1047890	3195	-6	11
1047910	3195	-12	11
1047925	3186	-1	11
1047930	3186	12	11
1047945	3190	14	11
1047960	3200	11	11
1047975	3204	11	11
1047990	3208	11	11
1048005	3218	19	11
1048020	3226	27	11
1048025	3244	26	11
1048040	3258	17	11
1048055	3267	16	11
1048071	3276	16	11
1048086	3285	6	11
1048101	3290	-2	11
1048116	3290	5	11
1048131	3290	13	11
1048136	3298	12	11
1048151	3303	5	11
1048167	3308	9	11
1048183	3312	7	11
1048198	3316	0	11
1048213	3316	-10	11
1048228	3312	-22	11
1048234	3303	-30	11
1048250	3285	-34	11
1048265	3267	-35	11
1048280	3244	-38	11
1048295	3226	-38	11
1048310	3204	-33	11
1048325	3186	-27	11
1048330	3168	-32	11
1048345	3150	-42	11
1048361	3128	-39	11
1048376	3105	-24	11
1048391	3092	-22	11
1048406	3078	-26	11
1048421	3064	-24	11
1048436	3051	-19	11
1048441	3042	-22	11
1048457	3028	-24	11
1048472	3015	-18	11
1048487	3006	-9	11
1048503	3002	-3	11
1048518	2997	4	11
1048533	2997	6	11
1048538	3002	7	11
1048553	3006	13	11
1048569	3010	22	11
1048584	3024	17	11
1048599	3033	4	11
1048614	3038	3	11
1048629	3038	11	11
1048634	3042	16	11
1048649	3051	19	11
1048664	3064	31	11
1048679	3082	41	11
1048694	3105	41	11
1048709	3128	27	11
1048724	3141	22	11
1048739	3154	19	11
1048744	3164	10	11
1048759	3172	4	11
1048774	3172	7	11
1048789	3177	4	11
1048804	3177	-6	11
1048819	3177	-10	11
1048839	3172	-16	11
1048844	3164	-20	11
1048859	3154	-23	11
1048874	3141	-18	11
1048889	3132	-21	11
1048904	3118	-29	11
1048919	3100	-32	11
1048934	3082	-31	11
1048949	3069	-36	11
1048954	3046	-33	11
1048970	3028	-25	11
1048985	3015	-22	11
1049000	3002	-25	11
1049015	2988	-29	11
1049030	2970	-25	11
1049045	2956	-23	11
1049051	2943	-26	11
1049066	2930	-22	11
1049081	2916	-14	11
1049096	2912	-13	11
1049111	2902	-14	11
1049126	2894	-5	11
1049141	2894	2	11
1049146	2894	3	11
1049161	2894	3	11
1049177	2894	8	11
1049192	2898	15	11
1049207	2907	19	11
1049222	2916	22	11
1049237	2930	26	11
1049252	2943	19	11
1049257	2952	16	11
1049272	2961	21	11
1049287	2974	22	11
1049302	2988	15	11
1049317	2997	14	11
1049332	3002	16	11
1049347	3010	12	11
1049352	3020	-1	11
1049367	3020	-8	11
1049382	3020	-3	11
1049397	3015	-10	11
1049413	3010	-27	11
1049428	2997	-37	11
1049443	2974	-43	11
1049458	2952	-42	11
1049463	2925	-34	11
1049478	2907	-26	11
1049493	2894	-28	11
1049508	2876	-32	11
1049523	2858	-26	11
1049538	2844	-22	11
1049558	2830	-26	11
1049563	2817	-26	11
1049578	2804	-18	11
1049593	2794	-16	11
1049608	2786	-22	11
1049623	2772	-25	11
1049638	2758	-15	11
1049653	2750	-11	11
1049658	2740	-13	11
1049674	2736	-8	11
1049689	2732	-5	11
1049704	2727	-9	11
1049719	2722	-9	11
1049734	2718	3	11
1049749	2718	13	11
1049765	2722	14	11
1049770	2732	16	11
1049785	2740	22	11
1049800	2754	27	11
1049815	2768	28	11
1049830	2781	32	11
1049845	2799	33	11
1049860	2822	33	11
1049865	2840	32	11
1049880	2858	40	11
1049895	2880	37	11
1049910	2898	28	11
1049925	2916	27	11
1049940	2930	28	11
1049955	2948	16	11
1049960	2956	6	11
1049975	2956	10	11
1049990	2966	12	11
1050005	2970	6	11
1050020	2974	4	11
1050035	2974	1	11
1050050	2979	-8	11
1050070	2974	-14	11
1050075	2970	-11	11
1050090	2961	-11	11
1050105	2956	-22	11
1050120	2943	-33	11
1050135	2925	-32	11
1050150	2907	-26	11
1050165	2894	-18	11
1050170	2884	3	11
1050185	2884	32	11
1050200	2898	52	11
1050215	2930	57	11
1050230	2961	67	11
1050245	2997	62	11
1050260	3033	54	11
1050275	3064	46	11
1050280	3087	50	11
1050295	3118	47	11
1050310	3141	36	11
1050325	3164	28	11
1050340	3177	26	11
1050355	3195	16	11
1050370	3204	4	11
1050375	3204	0	11
1050390	3204	-1	11
1050405	3204	-6	11
1050420	3204	-4	11
1050435	3204	-4	11
1050451	3200	-9	11
1050467	3195	-18	11
1050473	3186	-19	11
1050488	3172	-22	11
1050503	3164	-29	11
1050518	3146	-33	11
1050534	3128	-26	11
1050549	3114	-24	11
1050564	3100	-26	11
1050579	3082	-27	11
1050584	3069	-22	11
1050599	3056	-17	11
1050614	3046	-25	11
1050629	3033	-29	11
1050644	3015	-22	11
1050660	3006	-21	11
1050675	2992	-16	11
1050680	2984	-7	11
1050695	2979	-3	11
1050710	2979	-5	11
1050725	2974	6	11
1050740	2974	19	11
1050755	2984	23	11
1050770	2997	25	11
1050790	3010	30	11
1050795	3028	30	11
1050811	3046	25	11
1050827	3060	28	11
1050842	3078	33	11
1050857	3096	36	11
1050872	3114	34	11
1050887	3132	32	11
1050892	3150	28	11
1050907	3168	18	11
1050922	3177	9	11
1050937	3182	2	11
1050953	3186	-2	11
1050968	3186	-7	11
1050983	3182	-12	11
1050988	3177	-12	11
1051003	3168	-18	11
1051019	3159	-26	11
1051034	3146	-27	11
1051049	3128	-26	11
1051064	3114	-32	11
1051079	3096	-44	11
1051094	3074	-40	11
1051099	3051	-28	11
1051114	3033	-27	11
1051130	3020	-21	11
1051145	3006	-23	11
1051160	2992	-24	11
1051176	2979	-23	11
1051192	2966	-20	11
1051197	2956	-19	11
1051212	2948	-23	11
1051227	2934	-22	11
1051242	2920	-15	11
1051257	2912	-13	11
1051272	2902	-9	11
1051287	2898	3	11
1051293	2898	15	11
1051308	2907	21	11
1051323	2916	23	11
1051339	2930	30	11
1051354	2948	32	11
1051369	2966	25	11
1051384	2979	21	11
1051399	2992	25	11
1051404	3006	27	11
1051419	3020	17	11
1051435	3028	13	11
1051450	3038	14	11
1051465	3046	8	11
1051480	3051	-1	11
1051495	3051	-3	11
1051500	3051	-9	11
1051515	3046	-17	11
1051530	3038	-21	11
1051545	3024	-25	11
1051560	3010	-29	11
1051575	2992	-28	11
1051590	2979	-26	11
1051605	2966	-27	11
1051610	2948	-28	11
1051626	2934	-23	11
1051641	2920	-19	11
1051656	2912	-17	11
1051671	2898	-17	11
1051686	2889	-18	11
1051701	2880	-18	11
1051706	2871	-11	11
1051721	2862	-12	11
1051736	2858	-13	11
1051751	2848	-8	11
1051766	2844	-6	11
1051781	2844	-7	11
1051796	2840	-4	11
1051801	2835	1	11
1051817	2835	0	11
1051833	2835	-1	11
1051849	2835	2	11
1051864	2835	3	11
1051879	2835	3	11
1051894	2835	3	11
1051909	2840	-1	11
1051914	2840	-7	11
1051929	2840	-5	11
1051944	2835	0	11
1051959	2835	-2	11
1051974	2835	-1	11
1051989	2835	1	11
1052004	2835	0	11
1052009	2835	-4	11
1052024	2830	-6	11
1052039	2826	-6	11
1052054	2826	-2	11
1052069	2822	-2	11
1052084	2822	-3	11
1052099	2822	-5	11
1052104	2817	1	11
1052119	2817	2	11
1052134	2817	3	11
1052149	2817	3	11
1052164	2817	5	11
1052179	2822	6	11
1052194	2826	9	11
1052214	2830	1	11
1052219	2830	-6	11
1052234	2830	-3	11
1052249	2830	0	11
1052264	2830	-7	11
1052279	2826	-15	11
1052294	2817	-8	11
1052309	2812	-5	11
1052314	2808	-7	11
1052329	2808	-2	11
1052344	2804	3	11
1052360	2804	3	11
1052375	2804	-2	11
1052390	2804	-2	11
1052405	2804	-3	11
1052421	2804	-5	11
1052426	2804	-7	11
1052441	2799	-3	11
1052456	2794	4	11
1052471	2794	10	11
1052486	2799	11	11
1052501	2808	11	11
1052516	2812	12	11
1052521	2817	8	11
1052536	2822	8	11
1052551	2826	9	11
1052566	2835	7	11
1052582	2835	-1	11
1052598	2835	-12	11
1052614	2835	-35	11
1052619	2812	-66	11
1052634	2776	-88	11
1052649	2727	-90	11
1052664	2678	-81	11
1052679	2632	-70	11
1052695	2592	-53	11
1052710	2560	-41	11
1052725	2538	-39	11
1052730	2516	-34	11
1052745	2498	-33	11
1052760	2480	-35	11
1052775	2462	-30	11
1052791	2444	-22	11
1052806	2430	-17	11
1052821	2421	-18	11
1052826	2412	-17	11
1052841	2403	-16	11
1052856	2394	-16	11
1052871	2385	-21	11
1052887	2372	-25	11
1052902	2358	-17	11
1052917	2349	-11	11
1052932	2340	-3	11
1052938	2340	4	11
1052953	2340	10	11
1052968	2344	9	11
1052983	2349	6	11
1052998	2354	15	11
1053013	2362	25	11
1053028	2376	29	11
1053033	2390	34	11
1053048	2412	42	11
1053063	2434	38	11
1053078	2457	24	11
1053093	2470	16	11
1053108	2480	10	11
1053123	2484	-3	11
1053128	2484	-15	11
1053143	2475	-21	11
1053158	2466	-26	11
1053173	2452	-27	11
1053188	2434	-20	11
1053203	2426	-14	11
1053218	2416	-13	11
1053234	2408	-16	11
1053240	2398	-17	11
1053256	2390	-19	11
1053271	2380	-21	11
1053286	2367	-28	11
1053301	2354	-29	11
1053316	2336	-32	11
1053331	2318	-37	11
1053337	2295	-39	11
1053353	2277	-31	11
1053369	2259	-25	11
1053384	2246	-23	11
1053399	2232	-13	11
1053414	2223	-12	11
1053429	2218	-18	11
1053434	2205	-18	11
1053449	2196	-9	11
1053464	2192	-6	11
1053479	2187	-6	11
1053494	2182	-4	11
1053509	2182	2	11
1053524	2182	6	11
1053539	2182	15	11
1053544	2192	24	11
1053559	2205	26	11
1053574	2218	10	11
1053589	2223	-16	11
1053604	2218	-50	11
1053619	2192	-76	11
1053634	2151	-96	11
1053639	2097	-102	11
1053654	2038	-92	11
1053669	1984	-68	11
1053684	1948	-45	11
1053699	1922	-30	11
1053714	1904	-23	11
1053734	1894	-23	11
1053749	1881	-20	11
1053754	1868	-18	11
1053769	1858	-28	11
1053784	1840	-36	11
1053799	1822	-29	11
1053814	1804	-21	11
1053830	1796	-25	11
1053845	1782	-26	11
1053851	1764	-14	11
1053866	1760	-2	11
1053881	1755	9	11
1053896	1760	13	11
1053911	1764	19	11
1053926	1778	20	11
1053941	1786	16	11
1053946	1796	13	11
1053961	1804	10	11
1053976	1809	11	11
1053991	1814	19	11
1054006	1827	24	11
1054021	1840	25	11
1054036	1854	24	11
1054051	1868	27	11
1054056	1881	24	11
1054072	1894	15	11
1054087	1904	13	11
1054103	1912	20	11
1054118	1922	17	11
1054133	1930	4	11
1054148	1935	-10	11
1054153	1930	-16	11
1054168	1922	-26	11
1054183	1908	-35	11
1054198	1890	-34	11
1054213	1872	-34	11
1054228	1850	-42	11
1054243	1827	-47	11
1054248	1800	-42	11
1054263	1778	-42	11
1054278	1755	-46	11
1054294	1728	-41	11
1054309	1706	-30	11
1054324	1688	-28	11
1054339	1674	-27	11
1054354	1656	-26	11
1054359	1642	-27	11
1054374	1629	-24	11
1054389	1616	-16	11
1054404	1606	-11	11
1054419	1598	-6	11
1054434	1593	0	11
1054455	1593	11	11
1054460	1598	21	11
1054475	1611	24	11
1054490	1624	30	11
1054505	1638	36	11
1054520	1660	36	11
1054535	1678	28	11
1054550	1696	19	11
1054565	1706	24	11
1054570	1719	21	11
1054585	1732	16	11
1054600	1742	18	11
1054616	1750	21	11
1054632	1764	22	11
1054648	1773	18	11
1054664	1786	16	11
1054669	1796	10	11
1054685	1800	9	11
1054701	1804	4	11
1054716	1809	-7	11
1054731	1809	-18	11
1054747	1796	-28	11
1054762	1782	-25	11
1054767	1768	-31	11
1054782	1750	-34	11
1054798	1732	-35	11
1054813	1710	-30	11
1054828	1692	-28	11
1054843	1678	-26	11
1054858	1665	-22	11
1054873	1652	-19	11
1054878	1642	-21	11
1054894	1629	-19	11
1054909	1620	-18	11
1054924	1606	-13	11
1054939	1602	-19	11
1054954	1588	-16	11
1054969	1580	-3	11
1054974	1580	2	11
1054989	1580	1	11
1055004	1580	7	11
1055019	1580	16	11
1055034	1588	15	11
1055049	1598	7	11
1055064	1602	1	11
1055079	1602	-1	11
1055084	1602	-2	11
1055099	1602	1	11
1055114	1602	-2	11
1055129	1602	-6	11
1055145	1602	0	11
1055160	1602	12	11
1055175	1602	13	11
1055180	1611	10	11
1055195	1616	8	11
1055210	1620	9	11
1055225	1624	1	11
1055240	1629	-12	11
1055255	1624	-14	11
1055270	1616	-14	11
1055275	1606	-17	11
1055290	1598	-24	11
1055305	1584	-24	11
1055320	1570	-14	11
1055335	1566	-12	11
1055350	1557	-15	11
1055365	1548	-13	11
1055380	1544	-14	11
1055385	1534	-17	11
1055400	1526	-15	11
1055415	1516	-9	11
1055430	1512	-3	11
1055445	1508	15	11
1055460	1512	33	11
1055475	1530	40	11
1055480	1552	43	11
1055495	1580	56	11
1055510	1611	68	11
1055525	1647	69	11
1055540	1688	58	11
1055555	1719	41	11
1055570	1742	25	11
1055575	1755	11	11
1055590	1764	2	11
1055605	1764	1	11
1055620	1764	4	11
1055635	1768	2	11
1055650	1768	-3	11
1055670	1768	-7	11
1055685	1768	-12	11
1055690	1760	-16	11
1055705	1750	-13	11
1055720	1742	-12	11
1055735	1737	-21	11
1055750	1724	-31	11
1055765	1706	-26	11
1055780	1692	-29	11
1055786	1678	-36	11
1055802	1656	-39	11
1055817	1634	-40	11
1055832	1611	-33	11
1055847	1593	-21	11
1055862	1580	-5	11
1055877	1580	0	11
1055892	1580	7	11
1055897	1580	7	11
1055913	1584	8	11
1055928	1588	4	11
1055943	1588	1	11
1055959	1588	6	11
1055974	1593	12	11
1055989	1602	11	11
1055994	1606	7	11
1056009	1611	2	11
1056024	1611	0	11
1056039	1611	-4	11
1056055	1611	-7	11
1056070	1611	-1	11
1056085	1606	-2	11
1056090	1606	-4	11
1056105	1606	-3	11
1056120	1602	-5	11
1056136	1602	-16	11
1056151	1593	-20	11
1056166	1580	-15	11
1056181	1570	-8	11
1056196	1566	-3	11
1056201	1566	-2	11
1056216	1566	6	11
1056232	1566	5	11
1056249	1566	9	11
1056264	1570	9	11
1056279	1575	9	11
1056295	1584	8	11
1056300	1588	12	11
1056315	1593	11	11
1056330	1598	6	11
1056345	1602	1	11
1056360	1602	4	11
1056375	1606	3	11
1056390	1606	0	11
1056395	1606	1	11
1056410	1606	6	11
1056425	1611	13	11
1056440	1620	13	11
1056455	1624	9	11
1056470	1629	15	11
1056485	1638	18	11
1056500	1652	13	11
1056505	1656	4	11
1056520	1660	5	11
1056535	1660	0	11
1056550	1660	-6	11
1056565	1660	-12	11
1056580	1656	-21	11
1056595	1642	-21	11
1056600	1634	-8	11
1056615	1629	1	11
1056630	1629	-2	11
1056645	1629	-2	11
1056660	1624	4	11
1056675	1624	1	11
1056690	1624	-18	11
1056710	1620	-30	11
1056715	1602	-31	11
1056730	1584	-28	11
1056745	1570	-29	11
1056760	1552	-30	11
1056775	1534	-23	11
1056790	1521	-7	11
1056805	1516	-1	11
1056810	1516	3	11
1056826	1516	9	11
1056841	1521	12	11
1056856	1526	9	11
1056871	1534	5	11
1056886	1534	6	11
1056901	1539	11	11
1056906	1544	20	11
1056922	1557	22	11
1056937	1570	18	11
1056952	1580	15	11
1056967	1588	15	11
1056982	1598	15	11
1056997	1602	13	11
1057012	1611	16	11
1057017	1620	16	11
1057032	1629	11	11
1057047	1634	11	11
1057062	1642	16	11
1057077	1652	21	11
1057093	1660	34	11
1057108	1683	44	11
1057113	1706	52	11
1057128	1737	60	11
1057143	1768	64	11
1057158	1804	55	11
1057173	1836	44	11
1057188	1863	39	11
1057204	1881	42	11
1057219	1908	42	11
1057224	1930	45	11
1057239	1958	40	11
1057254	1980	31	11
1057269	1994	15	11
1057284	2002	5	11
1057299	2007	0	11
1057314	2007	-2	11
1057319	2007	-9	11
1057334	2002	-19	11
1057349	1994	-28	11
1057364	1980	-31	11
1057379	1962	-34	11
1057394	1940	-37	11
1057410	1922	-34	11
1057416	1904	-33	11
1057431	1881	-38	11
1057446	1863	-37	11
1057461	1840	-38	11
1057476	1818	-37	11
1057491	1800	-30	11
1057506	1782	-23	11
1057521	1768	-23	11
1057526	1755	-23	11
1057541	1742	-18	11
1057556	1732	-7	11
1057571	1728	1	11
1057587	1728	10	11
1057602	1732	19	11
1057617	1742	20	11
1057622	1755	24	11
1057637	1768	26	11
1057652	1782	30	11
1057667	1800	34	11
1057683	1818	35	11
1057698	1836	36	11
1057713	1858	35	11
1057718	1876	31	11
1057733	1894	23	11
1057748	1908	20	11
1057763	1917	18	11
1057778	1930	13	11
1057793	1935	6	11
1057813	1940	2	11
1057828	1940	-2	11
1057834	1940	-9	11
1057850	1940	-14	11
1057865	1930	-18	11
1057880	1922	-30	11
1057895	1904	-38	11
1057911	1881	-37	11
1057926	1863	-39	11
1057931	1840	-37	11
1057946	1818	-30	11
1057961	1800	-25	11
1057976	1786	-26	11
1057991	1773	-29	11
1058006	1755	-27	11
1058021	1742	-22	11
1058036	1728	-13	11
1058041	1724	-6	11
1058056	1719	3	11
1058071	1719	8	11
1058087	1719	11	11
1058102	1728	18	11
1058117	1737	31	11
1058132	1755	34	11
1058137	1773	29	11
1058152	1791	25	11
1058167	1804	23	11
1058183	1818	19	11
1058199	1827	16	11
1058214	1836	23	11
1058229	1850	30	11
1058234	1868	31	11
1058249	1886	30	11
1058264	1899	23	11
1058279	1912	12	11
1058294	1922	4	11
1058309	1922	-4	11
1058324	1922	-13	11
1058339	1917	-20	11
1058344	1904	-20	11
1058360	1894	-22	11
1058375	1881	-28	11
1058390	1868	-31	11
1058405	1850	-25	11
1058421	1836	-17	11
1058436	1827	-17	11
1058441	1814	-18	11
1058456	1804	-15	11
1058471	1796	-11	11
1058486	1791	-14	11
1058501	1782	-18	11
1058516	1773	-16	11
1058531	1764	-6	11
1058537	1760	0	11
1058552	1760	0	11
1058567	1760	6	11
1058582	1760	6	11
1058597	1764	8	11
1058612	1768	16	11
1058627	1778	21	11
1058643	1786	19	11
1058648	1800	16	11
1058663	1809	15	11
1058678	1818	13	11
1058694	1822	11	11
1058709	1832	14	11
1058724	1836	11	11
1058739	1845	8	11
1058744	1850	3	11
1058759	1850	1	11
1058774	1850	-3	11
1058789	1850	-12	11
1058804	1845	-14	11
1058819	1840	-13	11
1058834	1832	-15	11
1058849	1822	-20	11
1058854	1814	-19	11
1058869	1800	-11	11
1058884	1796	-9	11
1058899	1791	-13	11
1058914	1782	-14	11
1058929	1773	-7	11
1058949	1768	-3	11
1058954	1768	-2	11
1058969	1768	-1	11
1058984	1768	-6	11
1058999	1764	-5	11
1059014	1760	3	11
1059030	1760	8	11
1059045	1764	8	11
1059050	1768	14	11
1059065	1778	27	11
1059082	1791	26	11
1059097	1804	20	11
1059112	1818	20	11
1059127	1827	18	11
1059142	1836	16	11
1059157	1845	17	11
1059162	1858	19	11
1059177	1868	24	11
1059192	1881	24	11
1059207	1894	18	11
1059223	1904	16	11
1059238	1912	15	11
1059253	1922	7	11
1059258	1926	5	11
1059273	1930	4	11
1059288	1930	0	11
1059304	1930	-11	11
1059319	1930	-21	11
1059334	1917	-26	11
1059349	1904	-32	11
1059364	1886	-32	11
1059369	1868	-31	11
1059384	1850	-30	11
1059399	1832	-30	11
1059414	1814	-22	11
1059429	1804	-22	11
1059444	1791	-21	11
1059460	1778	-19	11
1059465	1768	-15	11
1059480	1760	-19	11
1059495	1750	-28	11
1059510	1732	-28	11
1059525	1719	-23	11
1059540	1706	-15	11
1059555	1696	-12	11
1059560	1688	-15	11
1059575	1678	-7	11
1059590	1678	2	11
1059605	1678	9	11
1059620	1678	16	11
1059635	1688	21	11
1059650	1701	29	11
1059671	1714	31	11
1059676	1732	34	11
1059691	1750	33	11
1059706	1773	28	11
1059721	1786	26	11
1059736	1800	23	11
1059751	1814	15	11
1059766	1822	13	11
1059771	1832	16	11
1059786	1840	19	11
1059801	1850	18	11
1059816	1858	16	11
1059831	1868	12	11
1059846	1876	12	11
1059861	1881	4	11
1059867	1886	4	11
1059883	1886	0	11
1059898	1886	-5	11
1059913	1886	-12	11
1059928	1881	-15	11
1059944	1872	-15	11
1059959	1863	-17	11
1059975	1854	-18	11
1059980	1845	-18	11
1059995	1836	-15	11
1060010	1827	-12	11
1060025	1818	-8	11
1060040	1814	-6	11
1060055	1814	-7	11
1060070	1809	-15	11
1060075	1800	-19	11
1060090	1786	-30	11
1060105	1773	-31	11
1060120	1755	-25	11
1060135	1742	-14	11
1060150	1732	-8	11
1060165	1728	-5	11
1060180	1724	5	11
1060185	1724	13	11
1060200	1732	11	11
1060216	1737	13	11
1060232	1746	17	11
1060248	1755	25	11
1060263	1768	27	11
1060278	1782	25	11
1060283	1796	25	11
1060298	1814	30	11
1060313	1827	32	11
1060328	1845	32	11
1060344	1863	24	11
1060359	1876	19	11
1060374	1890	13	11
1060379	1894	14	11
1060394	1904	11	11
1060409	1908	8	11
1060424	1912	6	11
1060439	1917	7	11
1060454	1922	-6	11
1060470	1922	-13	11
1060485	1917	-16	11
1060490	1908	-16	11
1060505	1899	-17	11
1060520	1886	-12	11
1060535	1881	-12	11
1060550	1872	-23	11
1060565	1863	-31	11
1060580	1845	-28	11
1060585	1827	-27	11
1060600	1814	-29	11
1060615	1796	-33	11
1060630	1778	-30	11
1060645	1760	-29	11
1060660	1746	-22	11
1060675	1732	-18	11
1060690	1724	-10	11
1060696	1714	-1	11
1060711	1714	5	11
1060727	1714	6	11
1060742	1719	11	11
1060758	1724	15	11
1060773	1732	17	11
1060788	1742	19	11
1060793	1755	16	11
1060808	1764	8	11
1060824	1768	11	11
1060839	1773	19	11
1060854	1782	20	11
1060869	1796	16	11
1060884	1804	17	11
1060889	1814	17	11
1060904	1822	9	11
1060919	1827	4	11
1060934	1832	11	11
1060949	1836	12	11
1060964	1845	4	11
1060979	1845	-10	11
1060994	1845	-12	11
1060999	1836	-11	11
1061014	1832	-7	11
1061029	1827	-5	11
1061044	1822	-2	11
1061060	1822	-3	11
1061075	1822	-9	11
1061090	1818	-17	11
1061095	1804	-25	11
1061110	1791	-37	11
1061125	1773	-32	11
1061140	1755	-30	11
1061155	1737	-30	11
1061170	1719	-31	11
1061190	1701	-22	11
1061195	1692	-13	11
1061210	1683	-16	11
1061225	1674	-15	11
1061240	1665	-12	11
1061255	1660	-7	11
1061270	1656	-3	11
1061285	1652	-1	11
1061300	1652	0	11
1061305	1652	-6	11
1061320	1647	-11	11
1061335	1642	-4	11
1061350	1642	3	11
1061365	1642	9	11
1061380	1642	17	11
1061396	1652	21	11
1061401	1665	22	11
1061416	1678	24	11
1061431	1692	27	11
1061446	1706	28	11
1061461	1724	28	11
1061476	1737	20	11
1061492	1750	20	11
1061507	1760	16	11
1061513	1768	8	11
1061528	1773	7	11
1061544	1778	20	11
1061560	1786	24	11
1061576	1800	23	11
1061592	1814	22	11
1061608	1827	17	11
1061613	1836	13	11
1061629	1845	6	11
1061645	1850	-1	11
1061661	1850	-8	11
1061677	1845	-13	11
1061693	1840	-13	11
1061708	1832	-17	11
1061713	1822	-29	11
1061728	1804	-34	11
1061744	1786	-30	11
1061759	1768	-26	11
1061774	1755	-27	11
1061789	1742	-26	11
1061804	1724	-19	11
1061819	1714	-16	11
1061824	1706	-20	11
1061839	1696	-23	11
1061854	1683	-14	11
1061869	1674	-11	11
1061884	1670	-14	11
1061899	1660	-18	11
1061914	1652	-6	11
1061919	1647	6	11
1061934	1647	12	11
1061949	1652	14	11
1061964	1660	17	11
1061980	1670	17	11
1061995	1678	18	11
1062011	1688	17	11
1062017	1701	10	11
1062032	1706	9	11
1062047	1710	15	11
1062062	1719	15	11
1062077	1728	8	11
1062093	1732	3	11
1062108	1732	7	11
1062123	1737	6	11
1062128	1742	3	11
1062143	1742	4	11
1062158	1746	10	11
1062173	1750	17	11
1062188	1760	11	11
1062203	1764	1	11
1062218	1764	-6	11
1062223	1764	-9	11
1062238	1760	-14	11
1062253	1755	-17	11
1062268	1746	-25	11
1062283	1728	-30	11
1062298	1714	-19	11
1062313	1701	1	11
1062328	1701	17	11
1062334	1710	34	11
1062349	1728	52	11
1062364	1755	62	11
1062379	1791	54	11
1062394	1822	44	11
1062410	1845	40	11
1062425	1868	36	11
1062430	1890	33	11
1062445	1908	27	11
1062460	1922	22	11
1062475	1935	12	11
1062490	1944	10	11
1062505	1948	15	11
1062520	1958	11	11
1062525	1962	5	11
1062540	1966	2	11
1062555	1966	-3	11
1062570	1966	-13	11
1062585	1962	-25	11
1062600	1948	-27	11
1062616	1930	-25	11
1062631	1917	-25	11
1062636	1904	-31	11
1062651	1886	-30	11
1062666	1872	-26	11
1062681	1854	-22	11
1062696	1845	-21	11
1062711	1832	-17	11
1062726	1822	-22	11
1062731	1809	-25	11
1062746	1796	-22	11
1062761	1782	-22	11
1062776	1768	-29	11
1062791	1755	-29	11
1062806	1737	-19	11
1062821	1728	-16	11
1062836	1719	-16	11
1062841	1710	-5	11
1062856	1706	14	11
1062871	1710	22	11
1062886	1724	26	11
1062901	1737	28	11
1062916	1755	33	11
1062931	1773	30	11
1062936	1786	23	11
1062952	1800	19	11
1062967	1814	14	11
1062982	1818	11	11
1062997	1827	10	11
1063012	1832	18	11
1063028	1840	21	11
1063033	1854	21	11
1063048	1868	24	11
1063063	1881	24	11
1063078	1894	13	11
1063093	1899	0	11
1063108	1899	-6	11
1063123	1899	-8	11
1063138	1894	-14	11
1063143	1890	-16	11
1063159	1881	-22	11
1063174	1868	-25	11
1063189	1854	-23	11
1063204	1840	-23	11
1063219	1827	-23	11
1063234	1814	-31	11
1063239	1796	-28	11
1063254	1782	-21	11
1063269	1768	-28	11
1063284	1755	-32	11
1063299	1737	-28	11
1063314	1719	-20	11
1063329	1710	-19	11
1063334	1696	-18	11
1063349	1688	-15	11
1063364	1678	-8	11
1063379	1674	-10	11
1063394	1670	-9	11
1063409	1665	-4	11
1063429	1660	6	11
1063444	1660	13	11
1063449	1670	21	11
1063464	1678	24	11
1063479	1692	22	11
1063494	1706	21	11
1063510	1719	22	11
1063525	1728	20	11
1063540	1742	15	11
1063545	1750	25	11
1063560	1764	35	11
1063575	1782	30	11
1063590	1800	21	11
1063605	1814	17	11
1063620	1822	11	11
1063635	1827	4	11
1063650	1832	-8	11
1063655	1832	-18	11
1063670	1818	-27	11
1063685	1804	-33	11
1063700	1786	-35	11
1063715	1764	-37	11
1063730	1746	-35	11
1063745	1724	-27	11
1063750	1710	-17	11
1063765	1701	-11	11
1063780	1696	-15	11
1063795	1688	-15	11
1063810	1678	-15	11
1063830	1670	-23	11
1063845	1656	-30	11
1063850	1638	-32	11
1063865	1620	-23	11
1063880	1606	-18	11
1063895	1598	-7	11
1063910	1593	5	11
1063925	1593	9	11
1063940	1598	7	11
1063955	1602	7	11
1063960	1606	5	11
1063975	1611	-5	11
1063990	1611	-7	11
1064005	1606	1	11
1064020	1606	8	11
1064035	1606	6	11
1064050	1611	7	11
1064055	1616	10	11
1064071	1620	7	11
1064086	1624	6	11
1064101	1629	4	11
1064116	1629	1	11
1064132	1629	-2	11
1064147	1629	-9	11
1064152	1629	-11	11
1064167	1620	-15	11
1064182	1616	-25	11
1064197	1598	-22	11
1064212	1588	-22	11
1064227	1575	-25	11
1064243	1562	-33	11
1064258	1544	-27	11
1064263	1526	-20	11
1064278	1516	-20	11
1064295	1503	-17	11
1064310	1494	-14	11
1064328	1485	-8	11
1064344	1480	-1	11
1064360	1480	7	11
1064365	1480	4	11
1064381	1485	2	11
1064397	1485	-1	11
1064413	1485	-1	11
1064429	1485	0	11
1064445	1485	-1	11
1064461	1485	2	11
1064477	1485	8	11
1064482	1490	7	11
1064497	1494	2	11
1064502	1494	4	11
1064517	1498	8	11
1064532	1503	4	11
1064547	1503	2	11
1064562	1503	1	11
1064567	1503	-4	11
1064583	1503	-12	11
1064598	1498	-15	11
1064613	1490	-10	11
1064628	1485	-7	11
1064643	1480	-7	11
1064659	1476	-6	11
1064664	1476	-9	11
1064679	1472	-11	11
1064694	1462	-12	11
1064709	1458	-12	11
1064724	1449	-22	11
1064739	1436	-34	11
1064755	1418	-34	11
1064770	1400	-25	11
1064775	1386	-21	11
1064790	1372	-17	11
1064805	1364	-12	11
1064820	1359	-3	11
1064835	1354	-4	11
1064850	1354	-9	11
1064865	1350	-9	11
1064870	1341	-7	11
1064885	1341	-5	11
1064900	1336	5	11
1064915	1336	5	11
1064930	1336	3	11
1064945	1341	5	11
1064965	1341	13	11
1064980	1350	17	11
1064985	1359	12	11
1065000	1368	11	11
1065015	1372	17	11
1065032	1382	14	11
1065047	1390	4	11
1065062	1390	-4	11
1065077	1390	-4	11
1065082	1390	-8	11
1065097	1386	-5	11
1065112	1386	-2	11
1065127	1382	0	11
1065142	1382	0	11
1065157	1382	-1	11
1065172	1382	6	11
1065177	1382	2	11
1065192	1382	-2	11
1065207	1382	-5	11
1065222	1382	-12	11
1065237	1377	-28	11
1065252	1359	-38	11
1065268	1341	-33	11
1065284	1318	-27	11
1065289	1305	-25	11
1065304	1292	-19	11
1065319	1282	-9	11
1065334	1274	-2	11
1065349	1274	-2	11
1065364	1274	-3	11
1065379	1274	-5	11
1065384	1269	-8	11
1065399	1264	-9	11
1065414	1260	-5	11
1065429	1256	-7	11
1065444	1251	-7	11
1065460	1246	5	11
1065475	1246	15	11
1065480	1256	10	11
1065495	1260	6	11
1065510	1264	11	11
1065525	1269	18	11
1065540	1282	12	11
1065555	1287	5	11
1065570	1292	9	11
1065590	1296	13	11
1065595	1305	11	11
1065611	1310	6	11
1065626	1314	5	11
1065641	1314	5	11
1065656	1318	6	11
1065671	1323	10	11
1065686	1328	8	11
1065691	1332	4	11
1065706	1332	3	11
1065721	1336	8	11
1065736	1341	7	11
1065752	1346	-3	11
1065768	1346	-2	11
1065784	1346	0	11
1065800	1346	-10	11
1065805	1341	-19	11
1065821	1328	-18	11
1065837	1318	-12	11
1065852	1314	-15	11
1065867	1305	-17	11
1065882	1296	-17	11
1065897	1282	-19	11
1065902	1274	-19	11
1065917	1264	-19	11
1065933	1251	-19	11
1065948	1242	-25	11
1065963	1228	-27	11
1065978	1210	-20	11
1065993	1202	-16	11
1065998	1192	-13	11
1066013	1184	-5	11
1066028	1184	-2	11
1066044	1179	-1	11
1066060	1179	-4	11
1066075	1179	1	11
1066090	1179	4	11
1066105	1179	2	11
1066110	1179	-1	11
1066125	1179	-2	11
1066140	1179	1	11
1066155	1179	3	11
1066170	1179	11	11
1066185	1184	19	11
1066200	1197	14	11
1066205	1202	14	11
1066220	1210	16	11
1066235	1220	17	11
1066250	1228	12	11
1066265	1238	11	11
1066280	1242	14	11
1066295	1251	9	11
1066300	1256	0	11
1066315	1256	1	11
1066330	1256	4	11
1066345	1260	2	11
1066360	1260	-8	11
1066375	1260	-15	11
1066390	1251	-14	11
1066405	1242	-18	11
1066410	1233	-16	11
1066425	1224	-13	11
1066440	1215	-12	11
1066455	1210	-14	11
1066470	1202	-9	11
1066485	1197	-6	11
1066500	1192	-4	11
1066505	1192	1	11
1066520	1192	8	11
1066535	1192	3	11
1066550	1192	-5	11
1066565	1192	-12	11
1066580	1188	-12	11
1066595	1184	-13	11
1066610	1174	-6	11
1066615	1170	4	11
1066630	1170	9	11
1066645	1174	4	11
1066660	1174	2	11
1066675	1179	5	11
1066690	1179	3	11
1066705	1184	0	11
1066710	1184	-1	11
1066725	1184	1	11
1066740	1184	4	11
1066755	1184	10	11
1066770	1188	16	11
1066785	1197	20	11
1066805	1210	17	11
1066810	1220	17	11
1066825	1228	18	11
1066840	1238	10	11
1066855	1246	6	11
1066870	1246	9	11
1066885	1256	14	11
1066900	1260	6	11
1066915	1264	-1	11
1066920	1264	3	11
1066935	1264	6	11
1066950	1269	3	11
1066965	1269	4	11
1066980	1274	10	11
1066995	1278	5	11
1067010	1282	0	11
1067015	1282	-2	11
1067030	1282	-10	11
1067045	1278	-21	11
1067060	1269	-28	11
1067076	1251	-27	11
1067091	1238	-30	11
1067106	1220	-31	11
1067123	1202	-29	11
1067128	1184	-23	11
1067144	1174	-20	11
1067160	1161	-13	11
1067176	1152	6	11
1067191	1152	22	11
1067206	1166	34	11
1067221	1184	40	11
1067226	1206	42	11
1067241	1233	43	11
1067256	1256	37	11
1067272	1278	47	11
1067288	1300	64	11
1067303	1336	73	11
1067318	1382	71	11
1067323	1418	72	11
1067338	1458	66	11
1067353	1498	52	11
1067368	1526	36	11
1067383	1548	20	11
1067398	1557	1	11
1067414	1557	-10	11
1067430	1557	-12	11
1067435	1548	-7	11
1067450	1548	-7	11
1067465	1544	-7	11
1067480	1539	-1	11
1067495	1539	7	11
1067510	1539	9	11
1067525	1544	9	11
1067530	1548	6	11
1067545	1552	-1	11
1067560	1552	-5	11
1067575	1552	0	11
1067590	1552	-1	11
1067605	1552	-5	11
1067620	1548	0	11
1067625	1548	11	11
1067640	1552	16	11
1067655	1562	10	11
1067670	1566	8	11
1067686	1570	15	11
1067702	1580	8	11
1067717	1584	-2	11
1067732	1584	-7	11
1067737	1580	-11	11
1067752	1575	-10	11
1067767	1570	-6	11
1067782	1566	-8	11
1067797	1562	-12	11
1067812	1557	-15	11
1067827	1548	-15	11
1067833	1539	-11	11
1067848	1530	-13	11
1067863	1526	-9	11
1067878	1521	-3	11
1067893	1516	1	11
1067908	1516	-9	11
1067923	1512	-19	11
1067938	1503	-15	11
1067943	1494	-11	11
1067958	1490	-5	11
1067973	1485	4	11
1067988	1485	10	11
1068003	1490	8	11
1068018	1494	5	11
1068033	1498	10	11
1068038	1503	12	11
1068053	1508	8	11
1068068	1512	6	11
1068083	1516	7	11
1068098	1521	4	11
1068113	1521	3	11
1068133	1526	9	11
1068138	1530	9	11
1068153	1534	5	11
1068168	1539	0	11
1068183	1539	-3	11
1068198	1539	-7	11
1068213	1534	-8	11
1068228	1530	-2	11
1068243	1530	7	11
1068248	1530	4	11
1068263	1534	-5	11
1068278	1534	-7	11
1068293	1530	-9	11
1068308	1526	-8	11
1068323	1521	-3	11
1068338	1516	2	11
1068343	1516	-2	11
1068358	1516	-7	11
1068373	1516	-5	11
1068389	1512	5	11
1068405	1512	11	11
1068420	1516	12	11
1068435	1526	10	11
1068450	1530	9	11
1068455	1534	11	11
1068471	1539	16	11
1068486	1548	21	11
1068501	1562	20	11
1068516	1570	21	11
1068531	1584	26	11
1068546	1598	23	11
1068552	1611	16	11
1068567	1620	11	11
1068582	1629	15	11
1068597	1634	16	11
1068612	1642	7	11
1068627	1647	1	11
1068642	1647	4	11
1068647	1652	1	11
1068662	1652	-1	11
1068677	1652	-4	11
1068692	1652	-7	11
1068707	1647	-10	11
1068722	1642	-13	11
1068737	1638	-13	11
1068757	1629	-11	11
1068762	1624	-11	11
1068777	1616	-7	11
1068793	1611	-3	11
1068808	1611	-11	11
1068823	1606	-20	11
1068838	1593	-14	11
1068853	1584	-8	11
1068858	1580	-6	11
1068873	1580	-9	11
1068888	1570	-3	11
1068903	1570	6	11
1068918	1570	6	11
1068933	1575	10	11
1068948	1580	13	11
1068953	1588	7	11
1068968	1588	6	11
1068983	1593	2	11
1068998	1593	2	11
1069013	1598	2	11
1069028	1598	9	11
1069043	1602	16	11
1069058	1611	14	11
1069063	1620	10	11
1069078	1624	15	11
1069093	1634	25	11
1069108	1647	26	11
1069123	1660	26	11
1069138	1678	23	11
1069153	1688	23	11
1069158	1701	19	11
1069173	1714	19	11
1069188	1724	23	11
1069204	1737	18	11
1069219	1746	12	11
1069234	1755	12	11
1069249	1760	8	11
1069269	1764	-3	11
1069274	1764	-11	11
1069289	1760	-16	11
1069304	1750	-21	11
1069320	1742	-31	11
1069335	1724	-32	11
1069350	1706	-26	11
1069365	1692	-22	11
1069370	1678	-27	11
1069385	1660	-23	11
1069400	1652	-11	11
1069415	1642	13	11
1069430	1647	37	11
1069445	1670	51	11
1069460	1696	57	11
1069465	1728	59	11
1069480	1760	54	11
1069495	1791	42	11
1069510	1814	27	11
1069525	1832	15	11
1069540	1840	19	11
1069555	1850	23	11
1069570	1863	18	11
1069575	1872	21	11
1069592	1886	26	11
1069607	1899	21	11
1069622	1912	8	11
1069637	1917	-4	11
1069653	1917	-14	11
1069668	1908	-22	11
1069673	1899	-30	11
1069688	1881	-30	11
1069703	1863	-31	11
1069719	1845	-34	11
1069734	1827	-28	11
1069749	1809	-24	11
1069764	1796	-28	11
1069769	1782	-27	11
1069784	1768	-18	11
1069799	1755	-16	11
1069814	1746	-20	11
1069829	1737	-23	11
1069844	1724	-17	11
1069859	1714	-7	11
1069874	1710	-4	11
1069879	1706	4	11
1069894	1706	14	11
1069909	1714	19	11
1069924	1724	20	11
1069939	1737	19	11
1069954	1746	19	11
1069970	1755	10	11
1069976	1764	6	11
1069992	1764	6	11
1070008	1768	3	11
1070024	1773	6	11
1070040	1773	12	11
1070056	1782	21	11
1070071	1791	19	11
1070086	1804	17	11
1070091	1814	17	11
1070106	1822	15	11
1070121	1832	5	11
1070136	1836	-2	11
1070151	1836	-8	11
1070166	1832	-15	11
1070181	1822	-20	11
1070186	1814	-21	11
1070201	1800	-18	11
1070216	1791	-19	11
1070232	1782	-16	11
1070247	1773	-15	11
1070262	1764	-21	11
1070277	1750	-27	11
1070282	1737	-25	11
1070297	1724	-16	11
1070312	1714	-18	11
1070327	1701	-25	11
1070342	1688	-21	11
1070358	1678	-15	11
1070373	1670	-10	11
1070388	1660	-3	11
1070393	1660	6	11
1070408	1660	13	11
1070424	1670	18	11
1070439	1678	17	11
1070454	1688	8	11
1070469	1692	0	11
1070484	1692	1	11
1070489	1692	4	11
1070504	1696	0	11
1070519	1696	-4	11
1070534	1696	2	11
1070549	1696	8	11
1070564	1696	7	11
1070579	1701	2	11
1070594	1701	2	11
1070599	1706	6	11
1070614	1706	1	11
1070630	1710	-4	11
1070645	1710	-4	11
1070660	1706	-8	11
1070675	1701	-14	11
1070690	1696	-17	11
1070695	1688	-19	11
1070710	1674	-17	11
1070726	1665	-16	11
1070741	1656	-11	11
1070756	1652	-13	11
1070771	1642	-17	11
1070786	1634	-18	11
1070791	1624	-10	11
1070806	1616	-7	11
1070821	1616	-5	11
1070836	1611	0	11
1070851	1611	1	11
1070866	1611	0	11
1070881	1611	1	11
1070901	1611	9	11
1070906	1611	20	11
1070921	1624	22	11
1070936	1638	20	11
1070951	1647	21	11
1070966	1660	13	11
1070981	1665	9	11
1070996	1674	15	11
1071001	1678	20	11
1071016	1692	16	11
1071031	1701	8	11
1071046	1706	3	11
1071061	1706	-3	11
1071077	1706	-9	11
1071092	1706	-5	11
1071097	1701	2	11
1071112	1701	13	11
1071127	1706	13	11
1071142	1714	10	11
1071157	1719	4	11
1071172	1719	-6	11
1071187	1719	-14	11
1071202	1714	-17	11
1071207	1706	-22	11
1071222	1692	-25	11
1071237	1678	-25	11
1071253	1665	-17	11
1071268	1656	-16	11
1071283	1647	-16	11
1071298	1638	-10	11
1071303	1629	-4	11
1071318	1629	-4	11
1071335	1624	-11	11
1071350	1620	-13	11
1071365	1611	-11	11
1071380	1606	-13	11
1071395	1598	-14	11
1071410	1593	-12	11
1071415	1584	-12	11
1071430	1580	-9	11
1071445	1570	-4	11
1071460	1570	-4	11
1071475	1566	-4	11
1071490	1566	5	11
1071505	1566	16	11
1071510	1575	17	11
1071526	1584	6	11
1071541	1588	4	11
1071556	1588	11	11
1071571	1593	13	11
1071586	1602	11	11
1071601	1606	12	11
1071606	1616	10	11
1071621	1620	6	11
1071636	1624	4	11
1071651	1624	0	11
1071666	1624	-10	11
1071681	1624	-12	11
1071701	1620	-7	11
1071716	1616	0	11
1071722	1616	-4	11
1071737	1611	-7	11
1071752	1606	-3	11
1071767	1606	0	11
1071783	1606	-12	11
1071798	1598	-20	11
1071813	1588	-20	11
1071818	1575	-23	11
1071833	1566	-18	11
1071848	1552	-7	11
1071863	1548	0	11
1071878	1548	4	11
1071893	1548	7	11
1071908	1552	8	11
1071913	1557	10	11
1071928	1562	12	11
1071943	1570	19	11
1071958	1580	21	11
1071973	1593	12	11
1071988	1598	3	11
1072004	1602	2	11
1072019	1602	3	11
1072024	1602	3	11
1072039	1606	15	11
1072054	1611	31	11
1072069	1629	45	11
1072084	1656	39	11
1072099	1678	35	11
1072114	1696	36	11
1072119	1719	40	11
1072134	1742	41	11
1072149	1764	43	11
1072164	1786	38	11
1072179	1809	29	11
1072194	1827	18	11
1072211	1836	17	11
1072227	1845	16	11
1072232	1854	12	11
1072247	1858	15	11
1072262	1868	18	11
1072277	1881	6	11
1072292	1881	-6	11
1072307	1881	-12	11
1072322	1876	-13	11
1072327	1868	-21	11
1072342	1858	-27	11
1072358	1840	-25	11
1072373	1827	-29	11
1072388	1814	-27	11
1072403	1796	-19	11
1072418	1786	-13	11
1072423	1778	-15	11
1072438	1768	-21	11
1072453	1760	-22	11
1072468	1746	-20	11
1072483	1732	-20	11
1072498	1724	-13	11
1072513	1714	0	11
1072533	1714	4	11
1072538	1714	-2	11
1072553	1714	-9	11
1072569	1710	-5	11
1072584	1710	2	11
1072599	1710	7	11
1072614	1710	14	11
1072629	1719	19	11
1072634	1728	18	11
1072649	1737	23	11
1072664	1750	26	11
1072679	1768	17	11
1072695	1778	4	11
1072710	1778	2	11
1072725	1778	4	11
1072740	1782	0	11
1072745	1782	-4	11
1072760	1782	1	11
1072775	1782	0	11
1072790	1782	-5	11
1072805	1782	-5	11
1072820	1778	-2	11
1072835	1778	-9	11
1072840	1773	-16	11
1072856	1764	-17	11
1072871	1755	-16	11
1072886	1746	-14	11
1072901	1737	-8	11
1072916	1732	0	11
1072931	1732	-1	11
1072936	1732	-5	11
1072951	1728	-6	11
1072966	1724	-4	11
1072981	1724	4	11
1072996	1724	14	11
1073011	1728	24	11
1073026	1742	29	11
1073041	1760	25	11
1073046	1773	21	11
1073061	1786	19	11
1073076	1796	11	11
1073091	1800	3	11
1073106	1804	-2	11
1073122	1804	-7	11
1073137	1804	-13	11
1073142	1796	-13	11
1073157	1786	-6	11
1073172	1786	-4	11
1073187	1782	-5	11
1073203	1778	-5	11
1073218	1778	4	11
1073233	1778	6	11
1073239	1778	0	11
1073254	1778	-2	11
1073269	1778	-2	11
1073284	1778	-6	11
1073299	1778	-8	11
1073314	1773	-4	11
1073329	1768	0	11
1073349	1768	1	11
1073354	1768	5	11
1073369	1768	9	11
1073384	1773	8	11
1073399	1778	2	11
1073414	1782	5	11
1073429	1782	3	11
1073444	1786	-4	11
1073449	1786	-9	11
1073464	1782	-6	11
1073479	1778	-6	11
1073494	1773	-9	11
1073510	1768	-5	11
1073525	1768	4	11
1073540	1768	10	11
1073555	1768	14	11
1073560	1778	17	11
1073575	1786	18	11
1073590	1800	14	11
1073605	1804	6	11
1073620	1809	-1	11
1073635	1809	-6	11
1073650	1809	-7	11
1073655	1804	-6	11
1073670	1800	-6	11
1073685	1800	-6	11
1073700	1796	-4	11
1073715	1791	1	11
1073730	1791	1	11
1073745	1791	0	11
1073750	1791	2	11
1073765	1791	5	11
1073780	1796	4	11
1073795	1796	-5	11
1073810	1796	-9	11
1073825	1791	-12	11
1073845	1786	-18	11
1073860	1778	-20	11
1073865	1764	-13	11
1073880	1755	-11	11
1073895	1750	-4	11
1073910	1750	2	11
1073925	1750	3	11
1073940	1750	-4	11
1073955	1750	-8	11
1073960	1746	0	11
1073975	1746	-5	11
1073990	1742	-13	11
1074005	1732	-12	11
1074020	1728	-5	11
1074035	1724	2	11
1074050	1724	-4	11
1074055	1724	-3	11
1074070	1724	2	11
1074085	1724	0	11
1074100	1724	-1	11
1074115	1724	3	11
1074130	1724	13	11
1074145	1728	15	11
1074162	1737	17	11
1074167	1746	14	11
1074183	1755	7	11
1074198	1760	2	11
1074213	1760	5	11
1074228	1760	11	11
1074243	1768	13	11
1074258	1773	15	11
1074263	1782	19	11
1074278	1796	18	11
1074293	1804	5	11
1074308	1809	3	11
1074323	1809	4	11
1074338	1809	-2	11
1074353	1809	-8	11
1074373	1809	-8	11
1074378	1804	-9	11
1074393	1800	-9	11
1074408	1796	-5	11
1074423	1791	-4	11
1074438	1791	1	11
1074453	1791	1	11
1074468	1791	1	11
1074473	1791	3	11
1074488	1791	-3	11
1074503	1791	-7	11
1074518	1786	-6	11
1074534	1782	-9	11
1074549	1778	-14	11
1074564	1773	-11	11
1074569	1764	-1	11
1074584	1764	2	11
1074599	1764	0	11
1074614	1764	4	11
1074629	1764	8	11
1074644	1768	8	11
1074659	1773	9	11
1074674	1778	16	11
1074679	1786	16	11
1074694	1796	5	11
1074710	1800	-3	11
1074725	1800	1	11
1074740	1800	4	11
1074755	1800	5	11
1074770	1804	12	11
1074775	1809	19	11
1074790	1818	13	11
1074805	1827	13	11
1074820	1836	17	11
1074835	1845	18	11
1074850	1854	6	11
1074865	1858	-2	11
1074885	1858	-6	11
1074890	1858	-14	11
1074905	1850	-21	11
1074920	1836	-17	11
1074935	1827	-11	11
1074950	1822	-13	11
1074965	1814	-14	11
1074980	1804	-1	11
1074985	1804	6	11
1075000	1804	-1	11
1075015	1804	-13	11
1075030	1800	-18	11
1075045	1791	-26	11
1075060	1778	-37	11
1075076	1755	-34	11
1075081	1737	-25	11
1075096	1724	-23	11
1075111	1710	-15	11
1075126	1701	-9	11
1075141	1696	-10	11
1075156	1692	-12	11
1075171	1683	-4	11
1075186	1683	7	11
1075191	1683	5	11
1075207	1683	8	11
1075222	1688	13	11
1075237	1696	17	11
1075252	1706	9	11
1075267	1710	11	11
1075282	1719	24	11
1075287	1732	25	11
1075303	1746	17	11
1075318	1755	18	11
1075333	1764	21	11
1075348	1778	21	11
1075363	1786	10	11
1075378	1796	10	11
1075383	1800	13	11
1075398	1804	7	11
1075413	1809	4	11
1075428	1814	2	11
1075444	1814	-6	11
1075459	1814	-17	11
1075474	1804	-12	11
1075489	1800	-7	11
1075495	1796	-17	11
1075511	1786	-18	11
1075526	1773	-6	11
1075541	1773	-8	11
1075556	1768	-19	11
1075571	1755	-23	11
1075586	1742	-9	11
1075591	1737	-8	11
1075606	1732	-14	11
1075622	1724	-12	11
1075637	1719	-4	11
1075652	1714	-4	11
1075667	1714	-6	11
1075682	1710	-2	11
1075697	1710	3	11
1075703	1710	5	11
1075718	1710	12	11
1075733	1719	21	11
1075749	1728	22	11
1075764	1742	21	11
1075779	1755	24	11
1075794	1768	22	11
1075799	1778	4	11
1075814	1782	1	11
1075829	1782	7	11
1075844	1786	3	11
1075859	1786	-5	11
1075874	1786	4	11
1075889	1786	9	11
1075894	1791	0	11
1075909	1791	-6	11
1075924	1791	-3	11
1075939	1791	2	11
1075954	1791	-6	11
1075969	1786	-7	11
1075989	1786	3	11
1076005	1786	4	11
1076010	1786	1	11
1076025	1786	7	11
1076040	1791	13	11
1076055	1796	10	11
1076070	1800	2	11
1076085	1804	2	11
1076100	1804	5	11
1076105	1809	-2	11
1076120	1809	-2	11
1076135	1809	-1	11
1076150	1809	-8	11
1076165	1804	-24	11
1076180	1791	-25	11
1076195	1778	-23	11
1076210	1764	-31	11
1076215	1746	-35	11
1076230	1728	-27	11
1076245	1710	-28	11
1076260	1696	-37	11
1076275	1674	-39	11
1076290	1652	-31	11
1076305	1634	-29	11
1076310	1620	-27	11
1076325	1602	-25	11
1076340	1588	-26	11
1076355	1575	-25	11
1076370	1562	-17	11
1076385	1552	-3	11
1076405	1548	0	11
1076410	1548	0	11
1076425	1548	8	11
1076440	1548	18	11
1076455	1562	14	11
1076470	1566	10	11
1076485	1575	18	11
1076500	1584	17	11
1076515	1593	6	11
1076520	1598	3	11
1076535	1598	11	11
1076550	1606	11	11
1076565	1611	8	11
1076580	1616	14	11
1076595	1624	20	11
1076610	1634	17	11
1076615	1642	8	11
1076630	1647	6	11
1076645	1652	2	11
1076660	1652	-11	11
1076676	1652	-15	11
1076691	1642	-20	11
1076706	1629	-32	11
1076711	1611	-36	11
1076727	1593	-29	11
1076742	1575	-24	11
1076757	1562	-30	11
1076772	1548	-33	11
1076787	1526	-25	11
1076802	1512	-26	11
1076817	1498	-31	11
1076822	1480	-25	11
1076837	1467	-17	11
1076852	1458	-20	11
1076867	1444	-24	11
1076883	1431	-22	11
1076898	1422	-19	11
1076913	1408	-21	11
1076918	1400	-14	11
1076933	1390	1	11
1076948	1390	5	11
1076963	1390	-3	11
1076978	1390	2	11
1076993	1390	8	11
1077008	1395	0	11
1077028	1395	-9	11
1077033	1390	-3	11
1077048	1390	-2	11
1077063	1390	-7	11
1077078	1386	0	11
1077093	1386	7	11
1077108	1386	4	11
1077123	1386	-5	11
1077128	1386	-4	11
1077143	1386	-5	11
1077158	1386	-5	11
1077173	1382	-6	11
1077188	1377	0	11
1077203	1377	1	11
1077218	1377	-4	11
1077223	1377	-6	11
1077238	1372	1	11
1077253	1372	0	11
1077268	1372	-6	11
1077283	1368	-6	11
1077298	1368	0	11
1077314	1368	-6	11
1077330	1364	-10	11
1077335	1359	-2	11
1077350	1354	2	11
1077365	1354	-8	11
1077380	1354	-14	11
1077395	1346	-14	11
1077410	1336	-28	11
1077425	1323	-49	11
1077430	1296	-64	11
1077445	1260	-74	11
1077460	1215	-76	11
1077475	1174	-64	11
1077490	1138	-42	11
1077505	1116	-24	11
1077525	1102	-16	11
1077530	1094	-14	11
1077545	1084	-17	11
1077560	1076	-23	11
1077575	1062	-23	11
1077590	1048	-18	11
1077605	1040	-14	11
1077620	1030	-17	11
1077635	1022	-14	11
1077640	1012	-5	11
1077655	1008	-3	11
1077670	1008	-12	11
1077685	1004	-6	11
1077700	999	3	11
1077715	999	-3	11
1077730	999	-6	11
1077735	994	1	11
1077750	994	10	11
1077765	999	15	11
1077780	1004	20	11
1077795	1017	25	11
1077810	1030	26	11
1077825	1044	27	11
1077841	1062	28	11
1077846	1076	25	11
1077861	1089	14	11
1077878	1098	13	11
1077895	1107	18	11
1077910	1116	17	11
1077925	1125	7	11
1077940	1130	9	11
1077945	1134	13	11
1077960	1143	8	11
1077975	1148	-3	11
1077990	1148	-5	11
1078005	1148	-3	11
1078020	1143	-13	11
1078035	1138	-18	11
1078040	1125	-21	11
1078055	1116	-19	11
1078070	1102	-26	11
1078085	1089	-24	11
1078100	1076	-20	11
1078115	1066	-24	11
1078130	1053	-24	11
1078145	1040	-16	11
1078150	1030	-9	11
1078165	1022	-9	11
1078180	1017	-5	11
1078195	1017	4	11
1078210	1017	0	11
1078225	1017	-4	11
1078240	1017	-1	11
1078245	1017	2	11
1078260	1017	-6	11
1078275	1012	-3	11
1078290	1012	8	11
1078305	1012	13	11
1078320	1017	7	11
1078340	1022	7	11
1078355	1026	18	11
1078360	1035	16	11
1078375	1044	16	11
1078390	1053	18	11
1078405	1066	18	11
1078420	1076	7	11
1078435	1080	-4	11
1078450	1080	-3	11
1078455	1080	0	11
1078470	1080	-1	11
1078485	1080	5	11
1078500	1080	11	11
1078515	1084	2	11
1078530	1084	-8	11
1078545	1084	-2	11
1078550	1084	-1	11
1078565	1084	-11	11
1078580	1076	-14	11
1078595	1066	-11	11
1078610	1062	-15	11
1078625	1053	-22	11
1078640	1040	-16	11
1078660	1030	-7	11
1078665	1030	-7	11
1078680	1026	-5	11
1078695	1022	-1	11
1078710	1022	-6	11
1078725	1017	-16	11
1078740	1008	-16	11
1078756	999	-4	11
1078761	999	-3	11
1078777	994	-11	11
1078792	990	-12	11
1078807	981	-3	11
1078822	981	-4	11
1078837	981	-4	11
1078852	976	-4	11
1078857	976	-1	11
1078873	972	-4	11
1078888	972	1	11
1078903	972	5	11
1078918	972	3	11
1078933	972	-1	11
1078948	972	9	11
1078964	976	13	11
1078969	986	10	11
1078984	990	10	11
1078999	994	25	11
1079014	1008	19	11
1079029	1022	7	11
1079044	1026	7	11
1079059	1030	15	11
1079064	1035	12	11
1079079	1044	9	11
1079094	1048	14	11
1079109	1058	18	11
1079124	1066	9	11
1079139	1071	5	11
1079154	1076	1	11
1079169	1076	-2	11
1079174	1076	-6	11
1079189	1076	-10	11
1079204	1071	-12	11
1079220	1062	-21	11
1079235	1048	-25	11
1079250	1035	-12	11
1079265	1030	-8	11
1079270	1026	-19	11
1079285	1012	-28	11
1079300	999	-23	11
1079315	986	-24	11
1079330	972	-31	11
1079345	954	-23	11
1079365	940	-11	11
1079370	936	-11	11
1079385	932	-8	11
1079400	927	5	11
1079415	927	9	11
1079430	927	6	11
1079445	932	9	11
1079460	936	18	11
1079475	950	11	11
1079480	954	-3	11
1079495	954	-1	11
1079510	954	6	11
1079525	954	6	11
1079540	958	4	11
1079555	958	5	11
1079570	963	5	11
1079575	968	1	11
1079590	968	-7	11
1079605	968	-7	11
1079620	963	-9	11
1079635	958	-5	11
1079650	954	0	11
1079665	954	1	11
1079670	954	-4	11
1079685	954	3	11
1079700	954	17	11
1079715	958	20	11
1079730	972	7	11
1079745	976	9	11
1079760	981	12	11
1079780	986	6	11
1079785	990	-5	11
1079800	990	0	11
1079815	990	4	11
1079830	990	-5	11
1079845	990	-8	11
1079860	986	-5	11
1079875	986	-1	11
1079880	986	0	11
1079895	986	-2	11
1079910	981	-3	11
1079925	981	-7	11
1079940	976	0	11
1079955	976	16	11
1079970	981	25	11
1079985	994	13	12
1079990	1004	15	12
1080005	1012	31	12
1080020	1030	34	12
1080035	1048	29	12
1080050	1066	33	12
1080065	1084	40	12
1080080	1107	35	12
1080085	1125	25	12
1080100	1138	23	12
1080115	1152	14	12
1080130	1161	1	12
1080145	1161	0	12
1080160	1161	1	12
1080180	1161	-8	12
1080185	1161	-14	12
1080200	1152	-9	12
1080215	1148	-11	12
1080230	1143	-19	12
1080245	1130	-25	12
1080260	1116	-16	12
1080275	1107	-10	12
1080290	1102	-24	12
1080295	1089	-27	12
1080310	1076	-29	12
1080325	1058	-30	12
1080340	1040	-32	12
1080355	1022	-24	12
1080370	1008	-13	12
1080385	1004	-6	12
1080390	999	1	12
1080405	999	11	12
1080420	999	5	12
1080435	1004	-3	12
1080450	1004	-1	12
1080465	1004	4	12
1080485	1004	1	12
1080500	1004	-9	12
1080505	1004	-10	12
1080520	999	-10	12
1080535	990	-15	12
1080550	986	-11	12
1080565	976	-1	12
1080580	976	1	12
1080595	976	4	12
1080600	976	10	12
1080615	981	13	12
1080630	990	6	12
1080645	990	7	12
1080660	994	21	12
1080675	1008	26	12
1080690	1022	19	12
1080695	1035	24	12
1080711	1048	37	12
1080727	1066	29	12
1080742	1084	24	12
1080757	1098	24	12
1080772	1112	24	12
1080787	1125	16	12
1080802	1134	8	12
1080807	1138	11	12
1080822	1143	5	12
1080837	1148	-2	12
1080853	1148	0	12
1080868	1148	-6	12
1080883	1148	-17	12
1080898	1138	-23	12
1080903	1125	-13	12
1080918	1116	-11	12
1080933	1112	-17	12
1080948	1102	-17	12
1080963	1089	-11	12
1080978	1084	-22	12
1080993	1071	-37	12
1080998	1053	-40	12
1081013	1030	-38	12
1081028	1008	-37	12
1081043	986	-36	12
1081058	968	-25	12
1081073	954	-20	12
1081088	940	-18	12
1081108	932	-10	12
1081113	927	3	12
1081128	927	4	12
1081143	927	4	12
1081159	927	7	12
1081175	932	5	12
1081191	936	-7	12
1081207	936	-12	12
1081212	927	-2	12
1081227	927	0	12
1081242	927	2	12
1081257	927	5	12
1081273	927	13	12
1081288	936	8	12
1081303	940	5	12
1081318	940	14	12
1081323	950	18	12
1081338	958	23	12
1081353	972	27	12
1081368	986	35	12
1081383	1008	37	12
1081398	1026	36	12
1081413	1048	39	12
1081418	1071	40	12
1081433	1094	30	12
1081448	1112	16	12
1081463	1120	19	12
1081478	1130	17	12
1081493	1138	5	12
1081508	1143	4	12
1081513	1143	7	12
1081528	1148	-2	12
1081543	1148	-18	12
1081558	1138	-20	12
1081573	1130	-19	12
1081588	1120	-24	12
1081604	1107	-28	12
1081619	1089	-18	12
1081624	1080	-17	12
1081639	1071	-17	12
1081654	1062	-16	12
1081669	1053	-15	12
1081684	1044	-17	12
1081699	1035	-15	12
1081714	1026	-4	12
1081719	1022	0	12
1081734	1022	-10	12
1081749	1017	-16	12
1081764	1008	-9	12
1081779	1004	-7	12
1081794	999	-13	12
1081809	990	-8	12
1081814	986	2	12
1081829	986	9	12
1081844	990	7	12
1081859	994	13	12
1081874	999	13	12
1081889	1008	5	12
1081909	1012	4	12
1081924	1012	14	12
1081929	1022	22	12
1081944	1035	24	12
1081959	1048	32	12
1081974	1066	40	12
1081990	1089	40	12
1082005	1112	39	12
1082020	1130	44	12
1082026	1156	42	12
1082040	1179	32	12
1082055	1197	27	12
1082071	1215	22	12
1082087	1224	13	12
1082102	1233	8	12
1082117	1238	12	12
1082132	1242	13	12
1082137	1251	0	12
1082152	1251	-12	12
1082167	1246	-13	12
1082182	1242	-15	12
1082197	1233	-20	12
1082212	1220	-16	12
1082227	1210	-13	12
1082232	1206	-20	12
1082247	1192	-29	12
1082262	1179	-32	12
1082277	1161	-34	12
1082292	1138	-33	12
1082307	1120	-25	12
1082322	1107	-9	12
1082327	1102	-3	12
1082342	1102	-5	12
1082357	1098	0	12
1082372	1098	8	12
1082387	1098	7	12
1082402	1102	8	12
1082417	1107	15	12
1082434	1116	16	12
1082439	1125	7	12
1082455	1130	4	12
1082471	1130	14	12
1082486	1138	15	12
1082501	1148	12	12
1082516	1152	19	12
1082531	1166	29	12
1082536	1179	24	12
1082551	1192	15	12
1082566	1202	19	12
1082581	1215	13	12
1082596	1220	8	12
1082611	1224	3	12
1082626	1228	7	12
1082641	1233	5	12
1082646	1233	3	12
1082661	1238	6	12
1082676	1238	5	12
1082691	1242	-3	12
1082706	1242	-6	12
1082721	1242	5	12
1082736	1242	10	12
1082742	1246	5	12
1082757	1246	9	12
1082772	1251	16	12
1082787	1260	12	12
1082802	1269	2	12
1082817	1269	2	12
1082832	1269	4	12
1082837	1274	-8	12
1082852	1274	-18	12
1082867	1264	-18	12
1082882	1251	-18	12
1082897	1242	-24	12
1082912	1228	-25	12
1082932	1215	-20	12
1082947	1202	-22	12
1082952	1192	-30	12
1082967	1174	-31	12
1082982	1156	-25	12
1082997	1143	-25	12
1083013	1130	-27	12
1083028	1112	-26	12
1083043	1098	-30	12
1083048	1080	-39	12
1083063	1062	-33	12
1083078	1040	-27	12
1083093	1026	-25	12
1083108	1012	-19	12
1083123	1004	-7	12
1083138	999	0	12
1083143	999	4	12
1083159	999	12	12
1083175	1004	25	12
1083190	1017	22	12
1083205	1030	11	12
1083221	1035	6	12
1083236	1040	8	12
1083251	1044	9	12
1083256	1048	6	12
1083272	1053	16	12
1083287	1062	27	12
1083302	1076	36	12
1083317	1098	38	12
1083332	1116	35	12
1083347	1138	33	12
1083353	1156	33	12
1083370	1174	35	12
1083385	1192	30	12
1083400	1210	7	12
1083415	1215	-2	12
1083430	1215	-2	12
1083445	1215	-9	12
1083460	1210	-18	12
1083465	1202	-14	12
1083480	1192	-6	12
1083495	1188	-14	12
1083510	1184	-29	12
1083525	1166	-33	12
1083540	1148	-32	12
1083555	1130	-33	12
1083560	1112	-34	12
1083575	1094	-27	12
1083590	1076	-28	12
1083605	1062	-28	12
1083620	1044	-20	12
1083635	1035	-13	12
1083650	1026	-12	12
1083655	1022	-10	12
1083670	1012	-2	12
1083685	1012	-1	12
1083700	1012	-7	12
1083715	1008	-9	12
1083730	1004	-3	12
1083745	1004	0	12
1083765	1004	1	12
1083770	1004	6	12
1083785	1004	11	12
1083800	1008	11	12
1083815	1012	11	12
1083831	1022	21	12
1083847	1030	22	12
1083863	1044	11	12
1083868	1048	16	12
1083884	1058	25	12
1083900	1076	24	12
1083915	1089	21	12
1083932	1098	25	12
1083948	1112	29	12
1083964	1130	25	12
1083980	1143	17	12
1083985	1152	15	12
1084001	1161	20	12
1084006	1174	22	12
1084021	1184	21	12
1084036	1197	14	12
1084051	1206	8	12
1084066	1210	4	12
1084071	1210	2	12
1084086	1210	-1	12
1084101	1210	-9	12
1084116	1210	-8	12
1084131	1206	-6	12
1084146	1202	-12	12
1084161	1197	-18	12
1084166	1188	-13	12
1084181	1179	-4	12
1084196	1174	0	12
1084211	1174	4	12
1084226	1174	18	12
1084241	1184	31	12
1084257	1202	34	12
1084273	1220	35	12
1084279	1242	31	12
1084295	1260	24	12
1084310	1274	15	12
1084325	1282	15	12
1084340	1287	9	12
1084355	1296	-1	12
1084370	1296	-4	12
1084375	1296	2	12
1084390	1296	0	12
1084405	1296	-4	12
1084420	1296	1	12
1084435	1296	5	12
1084450	1296	2	12
1084465	1296	-8	12
1084470	1296	-10	12
1084485	1287	-10	12
1084500	1282	-17	12
1084515	1274	-19	12
1084530	1264	-17	12
1084545	1251	-21	12
1084560	1242	-28	12
1084580	1224	-27	12
1084585	1210	-20	12
1084600	1197	-26	12
1084615	1184	-31	12
1084631	1166	-22	12
1084646	1156	-8	12
1084661	1152	-1	12
1084676	1148	2	12
1084681	1148	4	12
1084696	1148	-2	12
1084711	1148	-11	12
1084726	1148	-12	12
1084741	1138	-7	12
1084756	1134	-7	12
1084771	1130	-4	12
1084786	1130	4	12
1084791	1130	3	12
1084806	1130	-1	12
1084821	1130	1	12
1084836	1130	13	12
1084851	1134	9	12
1084866	1143	-1	12
1084881	1143	-1	12
1084886	1143	4	12
1084901	1143	-1	12
1084916	1143	-2	12
1084931	1143	9	12
1084946	1148	18	12
1084961	1156	15	12
1084981	1166	13	12
1084986	1170	18	12
1085001	1184	19	12
1085016	1192	18	12
1085031	1202	23	12
1085046	1215	23	12
1085061	1228	8	12
1085076	1233	-6	12
1085091	1233	-9	12
1085096	1228	-16	12
1085111	1220	-23	12
1085126	1206	-19	12
1085141	1197	-14	12
1085156	1188	-14	12
1085171	1179	-20	12
1085186	1170	-19	12
1085191	1156	-19	12
1085206	1148	-26	12
1085221	1134	-29	12
1085236	1116	-30	12
1085251	1098	-33	12
1085266	1080	-35	12
1085281	1062	-28	12
1085287	1044	-14	12
1085303	1040	-11	12
1085319	1030	-7	12
1085334	1026	6	12
1085349	1026	12	12
1085364	1035	11	12
1085379	1040	12	12
1085394	1048	16	12
1085400	1058	9	12
1085415	1062	-10	12
1085432	1058	-16	12
1085447	1048	-11	12
1085462	1044	-16	12
1085477	1035	-12	12
1085492	1026	-1	12
1085497	1026	5	12
1085512	1026	5	12
1085527	1030	5	12
1085542	1030	11	12
1085557	1040	7	12
1085572	1044	-1	12
1085587	1044	9	12
1085602	1048	19	12
1085607	1058	17	12
1085622	1066	11	12
1085637	1071	11	12
1085652	1080	8	12
1085667	1084	1	12
1085682	1084	3	12
1085698	1084	11	12
1085703	1094	14	12
1085718	1098	9	12
1085733	1107	13	12
1085748	1112	16	12
1085763	1120	5	12
1085778	1125	-4	12
1085793	1125	-4	12
1085798	1125	-8	12
1085813	1120	-20	12
1085828	1107	-25	12
1085843	1094	-23	12
1085858	1080	-29	12
1085873	1066	-34	12
1085888	1044	-31	12
1085909	1026	-32	12
1085914	1008	-30	12
1085929	994	-22	12
1085944	981	-13	12
1085959	972	-10	12
1085974	968	-13	12
1085989	958	-5	12
1086004	958	2	12
1086009	958	-7	12
1086024	954	-18	12
1086039	945	-16	12
1086054	936	-9	12
1086070	932	-11	12
1086085	922	-11	12
1086100	918	1	12
1086115	918	8	12
1086120	918	8	12
1086135	922	17	12
1086150	932	27	12
1086165	950	27	12
1086180	963	23	12
1086195	976	22	12
1086210	990	17	12
1086215	999	10	12
1086230	1004	11	12
1086245	1012	23	12
1086260	1022	22	12
1086275	1035	22	12
1086290	1048	30	12
1086305	1066	32	12
1086310	1084	26	12
1086325	1098	20	12
1086340	1107	15	12
1086355	1116	-1	12
1086370	1116	-21	12
1086385	1107	-27	12
1086400	1094	-23	12
1086420	1080	-22	12
1086425	1066	-20	12
1086440	1058	-9	12
1086455	1053	-3	12
1086470	1048	-12	12
1086485	1044	-15	12
1086500	1035	-12	12
1086515	1030	-15	12
1086520	1022	-27	12
1086535	1004	-23	12
1086550	990	-15	12
1086565	986	-14	12
1086580	976	-8	12
1086595	972	6	12
1086611	972	16	12
1086616	981	19	12
1086631	990	16	12
1086647	999	16	12
1086663	1008	7	12
1086679	1012	4	12
1086694	1012	9	12
1086709	1022	12	12
1086724	1026	7	12
1086729	1030	4	12
1086744	1030	8	12
1086759	1035	12	12
1086774	1044	7	12
1086789	1048	6	12
1086804	1053	12	12
1086819	1058	6	12
1086824	1062	-3	12
1086839	1062	0	12
1086855	1062	10	12
1086870	1066	4	12
1086885	1066	-2	12
1086900	1066	8	12
1086915	1071	11	12
1086930	1076	-1	12
1086935	1076	-12	12
1086950	1076	-16	12
1086965	1066	-23	12
1086980	1053	-23	12
1086995	1040	-15	12
1087010	1030	-14	12
1087025	1022	-17	12
1087030	1012	-15	12
1087045	1004	-7	12
1087060	999	-9	12
1087075	994	-14	12
1087090	986	-10	12
1087105	981	-2	12
1087120	981	-8	12
1087125	976	-17	12
1087140	968	-14	12
1087155	958	-1	12
1087170	958	-1	12
1087185	958	2	12
1087200	958	13	12
1087220	963	13	12
1087235	968	4	12
1087240	972	1	12
1087255	972	0	12
1087270	972	-6	12
1087285	972	-10	12
1087300	968	-1	12
1087315	968	1	12
1087330	968	-8	12
1087335	963	-11	12
1087350	958	-8	12
1087365	954	-5	12
1087380	950	-7	12
1087395	945	-7	12
1087410	940	-3	12
1087425	940	-2	12
1087430	940	3	12
1087445	940	17	12
1087460	945	23	12
1087475	958	19	12
1087490	968	15	12
1087505	976	18	12
1087520	990	9	12
1087540	994	5	12
1087545	994	13	12
1087560	1004	20	12
1087575	1012	17	12
1087590	1026	9	12
1087605	1030	13	12
1087620	1035	12	12
1087635	1044	9	12
1087640	1048	9	12
1087655	1053	14	12
1087670	1062	10	12
1087685	1066	5	12
1087700	1071	0	12
1087715	1071	-7	12
1087730	1071	-15	12
1087745	1062	-17	12
1087750	1053	-11	12
1087765	1044	-13	12
1087780	1040	-14	12
1087795	1030	-8	12
1087810	1026	-2	12
1087825	1026	-12	12
1087840	1017	-24	12
1087845	1004	-22	12
1087860	990	-15	12
1087875	986	-20	12
1087891	972	-24	12
1087906	958	-19	12
1087921	950	-14	12
1087942	940	-14	12
1087947	932	-8	12
1087962	927	4	12
1087977	927	5	12
1087992	927	2	12
1088007	932	2	12
1088023	932	-1	12
1088039	932	-4	12
1088055	932	4	12
1088060	932	6	12
1088076	936	-5	12
1088091	936	-12	12
1088106	927	-6	12
1088121	927	1	12
1088136	927	0	12
1088151	927	6	12
1088156	927	16	12
1088171	936	18	12
1088186	945	15	12
1088201	954	12	12
1088216	958	14	12
1088231	968	15	12
1088246	976	12	12
1088261	981	12	12
1088266	990	13	12
1088281	994	7	12
1088296	999	6	12
1088311	1004	12	12
1088326	1012	14	12
1088341	1017	5	12
1088356	1022	2	12
1088361	1022	2	12
1088376	1022	-3	12
1088391	1022	-8	12
1088406	1022	-4	12
1088421	1017	1	12
1088436	1017	-1	12
1088451	1017	0	12
1088456	1017	0	12
1088471	1017	-11	12
1088486	1012	-22	12
1088501	999	-15	12
1088516	990	-10	12
1088531	986	-10	12
1088546	981	-12	12
1088561	972	-6	12
1088567	972	-3	12
1088583	968	-13	12
1088598	963	-14	12
1088613	954	-10	12
1088628	950	-4	12
1088644	945	-9	12
1088659	940	-4	12
1088664	940	3	12
1088679	940	6	12
1088694	940	6	12
1088709	945	14	12
1088725	950	19	12
1088740	963	19	12
1088755	972	26	12
1088760	986	31	12
1088775	1004	25	12
1088790	1017	12	12
1088805	1026	8	12
1088820	1030	2	12
1088835	1030	-3	12
1088850	1030	-1	12
1088865	1030	6	12
1088870	1030	9	12
1088885	1035	5	12
1088900	1040	5	12
1088915	1044	6	12
1088930	1044	3	12
1088945	1048	3	12
1088960	1048	11	12
1088965	1058	8	12
1088980	1062	0	12
1088996	1062	-2	12
1089011	1062	5	12
1089026	1062	2	12
1089041	1062	-12	12
1089056	1062	-16	12
1089076	1053	-9	12
1089081	1044	-7	12
1089096	1044	-8	12
1089111	1040	-5	12
1089127	1035	-7	12
1089143	1030	-11	12
1089158	1026	-15	12
1089173	1017	-21	12
1089178	1004	-27	12
1089193	990	-26	12
1089208	976	-14	12
1089223	968	-8	12
1089238	963	-7	12
1089253	958	-1	12
1089268	958	14	12
1089273	963	20	12
1089288	972	18	12
1089303	981	15	12
1089318	990	14	12
1089333	999	9	12
1089348	1004	1	12
1089363	1004	2	12
1089378	1008	1	12
1089383	1008	-1	12
1089398	1008	-3	12
1089414	1008	2	12
1089429	1008	-1	12
1089444	1008	-10	12
1089459	1004	-8	12
1089474	999	-1	12
1089479	999	0	12
1089495	999	-8	12
1089511	994	-6	12
1089527	990	0	12
1089543	990	1	12
1089558	990	4	12
1089573	990	11	12
1089578	994	7	12
1089593	999	5	12
1089609	1004	8	12
1089624	1008	8	12
1089639	1012	3	12
1089654	1012	5	12
1089669	1017	16	12
1089684	1026	16	12
1089689	1035	9	12
1089705	1040	4	12
1089720	1040	11	12
1089735	1048	13	12
1089750	1053	5	12
1089766	1058	3	12
1089781	1058	1	12
1089787	1058	-2	12
1089802	1058	-3	12
1089817	1058	4	12
1089832	1058	12	12
1089847	1066	9	12
1089862	1071	7	12
1089877	1076	-1	12
1089892	1076	-12	12
1089897	1071	-22	12
1089912	1058	-19	12
1089927	1048	-19	12
1089943	1040	-26	12
1089958	1022	-25	12
1089973	1008	-23	12
1089988	994	-23	12
1089993	981	-25	12
1090008	968	-16	12
1090023	958	-13	12
1090038	954	-18	12
1090053	940	-25	12
1090068	927	-24	12
1090083	914	-21	12
1090088	904	-24	12
1090103	891	-26	12
1090118	873	-23	12
1090133	864	-20	12
1090148	850	-22	12
1090163	837	-12	12
1090178	832	2	12
1090193	832	5	12
1090198	832	6	12
1090213	837	17	12
1090228	846	17	12
1090243	855	9	12
1090258	860	11	12
1090273	864	20	12
1090288	878	25	12
1090293	891	24	12
1090308	904	27	12
1090323	918	25	12
1090338	932	21	12
1090353	945	26	12
1090368	958	31	12
1090388	976	29	12
1090403	994	18	12
1090408	1004	13	12
1090423	1012	8	12
1090438	1017	5	12
1090453	1017	1	12
1090468	1017	2	12
1090483	1022	8	12
1090498	1026	10	12
1090503	1030	7	12
1090518	1035	8	12
1090533	1040	4	12
1090548	1040	-9	12
1090563	1040	-14	12
1090578	1030	-14	12
1090593	1026	-20	12
1090598	1012	-26	12
1090613	999	-19	12
1090628	986	-15	12
1090643	981	-20	12
1090658	968	-23	12
1090673	954	-14	12
1090688	945	-15	12
1090709	940	-17	12
1090714	927	-19	12
1090729	918	-21	12
1090744	904	-28	12
1090759	891	-27	12
1090774	878	-19	12
1090789	864	-15	12
1090804	855	-16	12
1090809	846	-11	12
1090824	842	0	12
1090839	842	2	12
1090854	842	0	12
1090870	842	8	12
1090886	842	17	12
1090901	850	9	12
1090906	860	3	12
1090921	860	3	12
1090936	860	2	12
1090951	864	-2	12
1090966	864	1	12
1090981	864	16	12
1090996	868	18	12
1091011	882	16	12
1091016	891	16	12
1091031	900	17	12
1091046	909	12	12
1091061	914	6	12
1091076	918	11	12
1091091	922	1	12
1091106	927	-14	12
1091111	922	-16	12
1091126	914	-13	12
1091141	904	-16	12
1091156	896	-16	12
1091171	886	-2	12
1091186	886	2	12
1091201	886	-2	12
1091216	886	-10	12
1091221	882	-13	12
1091236	873	-20	12
1091251	860	-26	12
1091266	846	-26	12
1091281	832	-25	12
1091296	819	-25	12
1091316	806	-17	12
1091321	796	-1	12
1091336	792	8	12
1091351	796	-1	12
1091366	796	0	12
1091381	796	13	12
1091396	801	11	12
1091411	806	0	12
1091416	806	-2	12
1091431	806	2	12
1091446	806	-2	12
1091461	806	-5	12
1091476	806	-5	12
1091491	806	-8	12
1091506	801	-12	12
1091521	792	0	12
1091526	792	11	12
1091541	796	5	12
1091556	796	4	12
1091571	801	11	12
1091587	806	17	12
1091602	814	10	12
1091617	824	5	12
1091622	824	13	12
1091637	832	17	12
1091652	842	7	12
1091667	846	2	12
1091682	846	9	12
1091697	850	8	12
1091713	855	9	12
1091718	860	14	12
1091733	868	12	12
1091748	878	-3	12
1091765	878	-11	12
1091780	873	-7	12
1091795	868	-12	12
1091810	860	-18	12
1091825	850	-12	12
1091831	846	-10	12
1091846	837	-22	12
1091861	828	-32	12
1091876	810	-26	12
1091891	792	-28	12
1091906	778	-37	12
1091921	756	-37	12
1091926	738	-32	12
1091941	720	-32	12
1091956	702	-28	12
1091971	684	-15	12
1091986	675	-3	12
1092001	675	-7	12
1092016	670	-6	12
1092036	666	7	12
1092041	666	14	12
1092056	675	12	12
1092071	684	19	12
1092086	693	29	12
1092101	711	27	12
1092116	724	16	12
1092131	734	10	12
1092136	738	14	12
1092151	747	10	12
1092166	752	6	12
1092182	756	6	12
1092198	760	-3	12
1092214	760	-10	12
1092230	756	-6	12
1092235	752	-5	12
1092251	752	-21	12
1092267	738	-29	12
1092283	720	-18	12
1092299	711	-17	12
1092315	702	-33	12
1092330	684	-39	12
1092346	662	-26	12
1092351	648	-22	12
1092366	634	-33	12
1092381	616	-36	12
1092397	594	-31	12
1092413	576	-29	12
1092428	562	-32	12
1092443	544	-28	12
1092448	526	-24	12
1092463	513	-29	12
1092478	500	-22	12
1092493	486	-15	12
1092508	477	-15	12
1092523	468	-12	12
1092539	464	4	12
1092554	464	13	12
1092559	468	-3	12
1092574	468	-9	12
1092589	464	0	12
1092604	464	6	12
1092619	464	4	12
1092634	468	2	12
1092649	468	9	12
1092654	472	5	12
1092669	477	1	12
1092684	477	3	12
1092699	477	3	12
1092714	482	0	12
1092729	482	4	12
1092744	482	7	12
1092749	486	1	12
1092764	486	-14	12
1092779	482	-37	12
1092794	464	-66	12
1092809	423	-100	12
1092825	369	-118	12
1092840	302	-105	12
1092855	243	-84	12
1092860	194	-66	12
1092875	158	-51	12
1092890	130	-38	12
1092905	108	-32	12
1092920	90	-33	12
1092935	72	-27	12
1092950	58	-18	12
1092955	45	-17	12
1092970	36	-19	12
1092985	27	-15	12
1093000	18	-14	12
1093015	9	-22	12
1093030	3596	-16	12
1093045	3586	-5	12
1093050	3586	-2	12
1093065	3586	-9	12
1093080	3578	-3	12
1093095	3578	-1	12
1093110	3578	-9	12
1093125	3573	-14	12
1093140	3564	-9	12
1093155	3560	0	12
1093160	3560	7	12
1093175	3560	18	12
1093191	3568	30	12
1093206	3586	31	12
1093221	4	27	12
1093236	18	30	12
1093251	36	31	12
1093256	54	24	12
1093271	68	20	12
1093287	76	20	12
1093303	90	17	12
1093318	99	8	12
1093333	104	0	12
1093348	104	3	12
1093363	104	-4	12
1093368	104	-3	12
1093383	104	0	12
1093398	104	4	12
1093413	104	2	12
1093428	104	1	12
1093443	104	3	12
1093458	108	-10	12
1093463	104	-27	12
1093479	90	-31	12
1093494	72	-31	12
1093510	54	-36	12
1093525	36	-39	12
1093540	14	-29	12
1093555	3596	-20	12
1093560	3586	-23	12
1093575	3573	-20	12
1093590	3560	-16	12
1093605	3550	-11	12
1093620	3546	-13	12
1093635	3537	-11	12
1093650	3532	-11	12
1093665	3528	-17	12
1093670	3514	-16	12
1093685	3506	-3	12
1093700	3506	-3	12
1093715	3506	-4	12
1093730	3501	7	12
1093745	3501	24	12
1093760	3514	16	12
1093765	3524	-3	12
1093781	3524	-9	12
1093796	3524	-4	12
1093812	3519	-1	12
1093827	3519	2	12
1093842	3519	7	12
1093857	3519	5	12
1093872	3524	1	12
1093877	3524	6	12
1093892	3528	9	12
1093907	3532	5	12
1093922	3532	2	12
1093937	3537	14	12
1093952	3542	23	12
1093972	3555	11	12
1093977	3564	6	12
1093992	3564	12	12
1094007	3573	8	12
1094022	3578	0	12
1094037	3578	-2	12
1094052	3578	-3	12
1094067	3578	-13	12
1094072	3573	-19	12
1094088	3560	-19	12
1094103	3550	-21	12
1094118	3537	-26	12
1094134	3524	-21	12
1094149	3510	-10	12
1094164	3506	-5	12
1094179	3501	-5	12
1094184	3501	3	12
1094199	3501	13	12
1094214	3506	8	12
1094229	3510	3	12
1094244	3510	5	12
1094260	3514	6	12
1094276	3519	-3	12
1094281	3519	-9	12
1094296	3514	-6	12
1094311	3510	-10	12
1094326	3506	-14	12
1094341	3496	-14	12
1094356	3492	-11	12
1094371	3483	-13	12
1094376	3478	-6	12
1094392	3474	4	12
1094409	3474	0	12
1094424	3474	-3	12
1094439	3474	3	12
1094454	3474	10	12
1094469	3478	7	12
1094484	3483	-2	12
1094489	3483	-2	12
1094504	3483	3	12
1094519	3483	-1	12
1094534	3483	-5	12
1094549	3483	-1	12
1094564	3478	0	12
1094579	3478	-1	12
1094584	3478	5	12
1094599	3478	10	12
1094614	3483	10	12
1094629	3492	14	12
1094644	3496	13	12
1094659	3506	8	12
1094674	3510	-4	12
1094689	3510	-3	12
1094694	3510	7	12
1094709	3510	5	12
1094724	3514	5	12
1094739	3514	7	12
1094754	3519	6	12
1094769	3524	0	12
1094784	3524	-1	12
1094789	3524	2	12
1094804	3524	0	12
1094819	3524	-5	12
1094834	3524	-7	12
1094849	3519	-9	12
1094864	3514	-12	12
1094879	3510	-12	12
1094884	3501	-5	12
1094899	3501	-7	12
1094914	3496	-18	12
1094929	3483	-21	12
1094944	3474	-16	12
1094959	3465	-18	12
1094979	3456	-24	12
1094994	3442	-22	12
1094999	3429	-19	12
1095014	3416	-27	12
1095029	3402	-32	12
1095044	3384	-23	12
1095059	3370	-15	12
1095074	3362	-8	12
1095089	3357	2	12
1095094	3357	10	12
1095109	3362	7	12
1095124	3366	4	12
1095139	3366	13	12
1095155	3375	14	12
1095170	3384	10	12
1095185	3388	6	12
1095190	3393	11	12
1095205	3398	11	12
1095220	3402	1	12
1095236	3406	-3	12
1095251	3406	4	12
1095266	3406	13	12
1095281	3411	17	12
1095296	3420	16	12
1095301	3429	10	12
1095316	3438	6	12
1095331	3438	3	12
1095346	3442	2	12
1095361	3442	-6	12
1095376	3442	-14	12
1095391	3434	-13	12
1095396	3429	-5	12
1095411	3424	-8	12
1095426	3420	-11	12
1095441	3416	-10	12
1095456	3411	-10	12
1095476	3402	-18	12
1095491	3393	-22	12
1095506	3380	-17	12
1095511	3370	-19	12
1095526	3362	-25	12
1095541	3348	-25	12
1095556	3334	-18	12
1095571	3321	-23	12
1095586	3308	-19	12
1095601	3298	-6	12
1095606	3294	5	12
1095621	3294	7	12
1095636	3298	8	12
1095651	3303	11	12
1095666	3308	12	12
1095681	3316	9	12
1095696	3321	11	12
1095701	3326	9	12
1095716	3330	-4	12
1095731	3330	-8	12
1095746	3330	-3	12
1095761	3326	-4	12
1095776	3326	-4	12
1095796	3321	2	12
1095811	3321	10	12
1095816	3326	7	12
1095831	3330	-4	12
1095846	3330	-6	12
1095861	3330	-8	12
1095877	3326	-8	12
1095893	3321	-9	12
1095908	3312	-6	12
1095913	3312	-9	12
1095928	3308	-14	12
1095943	3298	-12	12
1095958	3290	-8	12
1095973	3285	-12	12
1095988	3280	-12	12
1096003	3272	2	12
1096018	3272	10	12
1096023	3276	8	12
1096038	3280	4	12
1096053	3280	-1	12
1096068	3280	-10	12
1096083	3280	-13	12
1096098	3272	-4	12
1096113	3272	3	12
1096118	3272	0	12
1096133	3272	-1	12
1096148	3272	6	12
1096163	3272	12	12
1096178	3276	6	12
1096193	3280	9	12
1096208	3285	20	12
1096213	3298	15	12
1096228	3308	6	12
1096243	3308	5	12
1096258	3312	7	12
1096273	3316	5	12
1096288	3321	13	12
1096308	3326	25	12
1096323	3339	16	12
1096328	3348	1	12
1096343	3348	-7	12
1096358	3348	-2	12
1096373	3348	-7	12
1096388	3344	-18	12
1096403	3334	-16	12
1096418	3326	-11	12
1096423	3321	-14	12
1096438	3312	-12	12
1096453	3303	-7	12
1096468	3303	-1	12
1096483	3298	-3	12
1096498	3298	6	12
1096513	3298	18	12
1096518	3308	23	12
1096534	3321	30	12
1096549	3339	40	12
1096564	3362	43	12
1096579	3384	41	12
1096594	3406	47	12
1096609	3434	50	12
1096624	3460	37	12
1096629	3483	25	12
1096645	3496	26	12
1096660	3510	21	12
1096675	3524	13	12
1096691	3532	5	12
1096706	3532	10	12
1096721	3542	10	12
1096726	3546	1	12
1096741	3546	0	12
1096756	3546	5	12
1096771	3550	-1	12
1096787	3550	-15	12
1096802	3542	-26	12
1096817	3528	-27	12
1096832	3514	-30	12
1096837	3496	-31	12
1096854	3478	-27	12
1096869	3465	-32	12
1096884	3447	-33	12
1096899	3429	-27	12
1096914	3411	-23	12
1096929	3398	-31	12
1096934	3384	-29	12
1096949	3366	-16	12
1096964	3357	-9	12
1096979	3352	-14	12
1096994	3344	-18	12
1097010	3334	-7	12
1097025	3330	5	12
1097030	3330	8	12
1097045	3334	12	12
1097060	3339	10	12
1097075	3344	2	12
1097090	3348	-3	12
1097105	3348	2	12
1097120	3348	7	12
1097140	3348	10	12
1097145	3357	12	12
1097160	3362	19	12
1097175	3375	22	12
1097190	3384	25	12
1097205	3398	31	12
1097220	3416	32	12
1097235	3434	24	12
1097240	3447	15	12
1097256	3456	19	12
1097271	3470	18	12
1097287	3478	12	12
1097302	3483	13	12
1097317	3492	15	12
1097332	3501	7	12
1097337	3506	-1	12
1097352	3506	-4	12
1097367	3506	-9	12
1097382	3501	-17	12
1097397	3492	-23	12
1097412	3478	-24	12
1097427	3465	-31	12
1097442	3447	-38	12
1097447	3424	-33	12
1097462	3406	-25	12
1097477	3393	-22	12
1097492	3380	-23	12
1097507	3366	-18	12
1097522	3357	-14	12
1097537	3348	-15	12
1097542	3339	-10	12
1097557	3334	6	12
1097572	3334	11	12
1097587	3339	9	12
1097602	3348	14	12
1097617	3352	15	12
1097632	3362	8	12
1097652	3366	5	12
1097657	3370	8	12
1097672	3375	6	12
1097687	3380	-3	12
1097702	3380	-2	12
1097718	3380	5	12
1097734	3380	8	12
1097750	3384	9	12
1097755	3388	11	12
1097771	3393	11	12
1097787	3398	7	12
1097803	3402	8	12
1097819	3406	12	12
1097834	3416	11	12
1097849	3420	1	12
1097854	3420	-1	12
1097870	3420	-5	12
1097885	3420	-12	12
1097900	3416	-17	12
1097915	3406	-16	12
1097930	3398	-4	12
1097945	3393	-6	12
1097960	3393	-5	12
1097965	3388	5	12
1097980	3388	10	12
1097995	3393	6	12
1098010	3398	2	12
1098025	3398	2	12
1098040	3398	-4	12
1098055	3398	-7	12
1098060	3398	-9	12
1098075	3393	-8	12
1098090	3388	0	12
1098105	3388	9	12
1098120	3388	16	12
1098135	3398	9	12
1098150	3402	7	12
1098165	3406	11	12
1098170	3411	14	12
1098186	3420	5	12
1098201	3424	-1	12
1098216	3424	-1	12
1098231	3424	2	12
1098246	3424	1	12
1098261	3424	-3	12
1098267	3424	2	12
1098281	3424	5	12
1098296	3424	1	12
1098311	3424	2	12
1098326	3429	3	12
1098341	3429	4	12
1098356	3429	7	12
1098361	3434	9	12
1098376	3438	3	12
1098391	3442	-7	12
1098406	3442	-11	12
1098421	3434	-7	12
1098436	3434	-11	12
1098452	3424	-15	12
1098467	3416	-5	12
1098472	3416	3	12
1098487	3416	5	12
1098503	3416	7	12
1098518	3420	14	12
1098533	3424	12	12
1098548	3434	7	12
1098563	3438	2	12
1098568	3438	6	12
1098583	3442	7	12
1098598	3447	5	12
1098613	3447	1	12
1098628	3447	2	12
1098643	3452	1	12
1098658	3452	0	12
1098663	3452	1	12
1098678	3452	1	12
1098693	3452	2	12
1098708	3452	8	12
1098723	3456	10	12
1098739	3465	2	12
1098754	3465	0	12
1098769	3465	10	12
1098774	3470	14	12
1098789	3478	7	12
1098804	3483	5	12
1098819	3483	13	12
1098834	3492	10	12
1098849	3496	5	12
1098864	3501	2	12
1098869	3501	2	12
1098884	3501	-5	12
1098899	3501	-7	12
1098914	3501	-7	12
1098929	3496	-8	12
1098944	3492	-8	12
1098964	3488	-3	12
1098979	3483	-1	12
1098984	3483	-6	12
1098999	3483	-16	12
1099014	3474	-13	12
1099029	3465	-15	12
1099044	3456	-24	12
1099059	3442	-27	12
1099074	3429	-14	12
1099079	3420	-6	12
1099094	3416	-6	12
1099110	3411	-2	12
1099126	3411	5	12
1099141	3411	16	12
1099156	3420	22	12
1099171	3434	30	12
1099176	3447	31	12
1099191	3465	22	12
1099206	3478	21	12
1099221	3492	29	12
1099236	3506	23	12
1099251	3519	15	12
1099266	3528	23	12
1099281	3542	35	12
1099286	3560	26	12
1099301	3578	9	12
1099316	3582	4	12
1099331	3582	8	12
1099346	3586	6	12
1099361	3591	-5	12
1099377	3591	-12	12
1099382	3586	-16	12
1099397	3578	-14	12
1099413	3568	-21	12
1099428	3555	-28	12
1099443	3542	-30	12
1099458	3524	-21	12
1099473	3510	-3	12
1099478	3510	-2	12
1099493	3510	-14	12
1099508	3501	-10	12
1099523	3496	8	12
1099538	3496	14	12
1099553	3506	4	12
1099568	3506	4	12
1099583	3510	14	12
1099588	3514	16	12
1099603	3524	13	12
1099618	3532	18	12
1099633	3542	25	12
1099648	3555	31	12
1099663	3573	28	12
1099683	3591	23	12
1099688	4	19	12
1099703	14	25	12
1099718	27	30	12
1099733	45	27	12
1099748	58	21	12
1099763	72	17	12
1099778	81	15	12
1099793	90	9	12
1099798	94	-3	12
1099813	94	-6	12
1099828	94	-2	12
1099843	94	1	12
1099858	94	-2	12
1099873	90	-8	12
1099888	86	-10	12
1099893	81	-17	12
1099908	72	-17	12
1099923	63	-18	12
1099938	54	-22	12
1099953	40	-33	12
1099968	22	-34	12
1099988	4	-31	12
1099994	3586	-37	12
1100010	3564	-40	12
1100025	3542	-28	12
1100040	3528	-19	12
1100056	3514	-17	12
1100071	3506	-15	12
1100086	3496	-9	12
1100101	3492	1	12
1100106	3492	9	12
1100121	3492	17	12
1100136	3506	23	12
1100151	3514	31	12
1100166	3532	45	12
1100181	3560	55	12
1100196	3591	55	12
1100201	22	55	12
1100216	54	58	12
1100232	86	61	12
1100247	117	49	12
1100262	148	33	12
1100277	166	28	12
1100292	180	33	12
1100307	198	23	12
1100312	212	12	12
1100327	220	10	12
1100342	225	7	12
1100357	230	1	12
1100372	230	-5	12
1100387	230	-14	12
1100402	220	-26	12
1100407	207	-29	12
1100422	194	-23	12
1100437	180	-22	12
1100452	166	-23	12
1100467	153	-20	12
1100482	144	-17	12
1100497	130	-18	12
1100502	122	-27	12
1100517	108	-29	12
1100532	90	-33	12
1100547	72	-31	12
1100562	54	-24	12
1100577	40	-14	12
1100593	32	-5	12
1100608	32	-1	12
1100613	32	4	12
1100628	32	13	12
1100643	36	14	12
1100658	45	17	12
1100673	54	29	12
1100688	68	38	12
1100704	90	28	12
1100709	108	23	12
1100724	122	35	12
1100739	140	43	12
1100754	162	42	12
1100770	189	41	12
1100785	212	40	12
1100800	234	35	12
1100805	252	31	12
1100820	270	29	12
1100835	288	21	12
1100850	297	13	12
1100865	306	10	12
1100880	310	9	12
1100895	315	-4	12
1100915	315	-19	12
1100920	306	-21	12
1100935	297	-22	12
1100950	284	-25	12
1100965	270	-25	12
1100980	256	-18	12
1100995	243	-7	12
1101010	238	-13	12
1101015	234	-18	12
1101030	225	-24	12
1101045	212	-27	12
1101060	194	-33	12
1101075	176	-32	12
1101090	158	-23	12
1101105	144	-11	12
1101120	140	1	12
1101125	140	11	12
1101141	140	9	12
1101156	148	-4	12
1101171	148	-1	12
1101187	148	12	12
1101202	148	12	12
1101217	158	9	12
1101222	162	12	12
1101237	171	21	12
1101252	180	24	12
1101267	194	24	12
1101282	207	32	12
1101297	225	29	12
1101313	243	21	12
1101318	252	16	12
1101333	261	11	12
1101348	270	3	12
1101363	270	-9	12
1101378	270	-7	12
1101393	266	-6	12
1101408	261	-17	12
1101423	252	-31	12
1101429	234	-26	12
1101445	220	-28	12
1101460	207	-35	12
1101475	184	-39	12
1101490	162	-30	12
1101505	148	-25	12
1101521	130	-30	12
1101526	117	-33	12
1101541	99	-35	12
1101556	76	-30	12
1101571	58	-20	12
1101586	50	-15	12
1101601	40	-18	12
1101616	32	-22	12
1101636	18	-8	12
1101641	14	1	12
1101656	14	-6	12
1101671	9	-12	12
1101686	4	-2	12
1101701	4	11	12
1101716	4	12	12
1101731	14	12	12
1101736	18	20	12
1101751	32	27	12
1101766	45	29	12
1101781	63	34	12
1101796	81	40	12
1101811	104	41	12
1101826	126	39	12
1101831	148	36	12
1101846	166	34	12
1101861	189	26	12
1101876	202	28	12
1101892	216	35	12
1101907	238	33	12
1101923	256	20	12
1101938	266	13	12
1101943	274	12	12
1101958	284	2	12
1101973	284	-10	12
1101988	279	-13	12
1102003	274	-18	12
1102018	266	-24	12
1102033	252	-29	12
1102039	234	-30	12
1102055	216	-32	12
1102070	198	-30	12
1102085	180	-27	12
1102100	166	-29	12
1102115	148	-34	12
1102130	130	-36	12
1102135	112	-27	12
1102150	94	-26	12
1102165	81	-31	12
1102180	63	-28	12
1102195	50	-14	12
1102210	40	-9	12
1102225	36	-7	12
1102240	32	0	12
1102245	32	10	12
1102260	32	7	12
1102275	36	4	12
1102290	40	6	12
1102305	40	8	12
1102320	45	10	12
1102335	54	14	12
1102340	58	12	12
1102355	68	0	12
1102370	68	-3	12
1102385	68	5	12
1102400	68	12	12
1102415	76	7	12
1102435	81	3	12
1102450	81	5	12
1102455	86	8	12
1102470	90	7	12
1102485	90	13	12
1102500	99	7	12
1102515	104	-5	12
1102530	104	-11	12
1102545	99	-16	12
1102550	90	-15	12
1102565	81	-23	12
1102580	68	-18	12
1102595	58	-11	12
1102610	50	-11	12
1102625	45	-18	12
1102640	36	-16	12
1102645	27	-12	12
1102660	18	-17	12
1102675	9	-31	12
1102690	3591	-35	12
1102705	3573	-36	12
1102720	3550	-28	12
1102735	3537	-11	12
1102755	3532	4	12
1102760	3532	11	12
1102776	3537	22	12
1102791	3546	36	12
1102806	3568	30	12
1102821	3586	14	12
1102836	3591	8	12
1102851	3596	14	12
1102856	4	10	12
1102871	9	0	12
1102886	9	2	12
1102901	14	14	12
1102916	18	17	12
1102931	27	13	12
1102946	36	17	12
1102951	45	21	12
1102966	58	19	12
1102981	68	8	12
1102996	72	-1	12
1103011	72	-10	12
1103026	72	-18	12
1103041	58	-17	12
1103056	50	-17	12
1103061	40	-30	12
1103076	22	-30	12
1103091	9	-22	12
1103106	3596	-19	12
1103121	3586	-26	12
1103136	3568	-26	12
1103156	3555	-19	12
1103161	3546	-20	12
1103176	3532	-25	12
1103192	3519	-23	12
1103207	3506	-21	12
1103222	3496	-21	12
1103238	3483	-27	12
1103255	3470	-27	12
1103270	3452	-24	12
1103275	3438	-17	12
1103291	3429	-5	12
1103306	3424	11	12
1103321	3429	14	12
1103336	3438	13	12
1103351	3442	25	12
1103366	3456	32	12
1103371	3474	29	12
1103386	3492	23	12
1103401	3506	25	12
1103416	3519	22	12
1103431	3532	11	12
1103446	3537	5	12
1103461	3542	10	12
1103466	3546	6	12
1103481	3550	10	12
1103496	3555	16	12
1103511	3564	13	12
1103528	3573	3	12
1103543	3573	1	12
1103558	3573	3	12
1103573	3578	-8	12
1103578	3573	-19	12
1103593	3564	-20	12
1103608	3555	-15	12
1103623	3546	-19	12
1103638	3532	-25	12
1103654	3519	-20	12
1103669	3510	-10	12
1103674	3501	-6	12
1103689	3501	-8	12
1103705	3496	-10	12
1103720	3488	-17	12
1103735	3478	-15	12
1103750	3470	-15	12
1103765	3465	-18	12
1103780	3452	-23	12
1103785	3438	-21	12
1103800	3429	-10	12
1103815	3424	-6	12
1103830	3420	-11	12
1103845	3411	-8	12
1103860	3406	4	12
1103875	3406	8	12
1103880	3411	1	12
1103895	3411	-2	12
1103910	3411	4	12
1103926	3411	4	12
1103941	3416	4	12
1103956	3416	-1	12
1103971	3416	-4	12
1103976	3416	-9	12
1103991	3416	-6	12
1104006	3411	-5	12
1104021	3406	-4	12
1104036	3406	2	12
1104051	3406	9	12
1104066	3406	10	12
1104081	3411	2	12
1104086	3416	0	12
1104101	3416	3	12
1104116	3416	1	12
1104131	3416	-6	12
1104146	3416	-10	12
1104161	3411	-12	12
1104176	3406	-9	12
1104181	3398	-7	12
1104197	3398	1	12
1104214	3398	9	12
1104229	3398	13	12
1104245	3406	18	12
1104260	3416	25	12
1104275	3429	22	12
1104280	3442	20	12
1104295	3452	25	12
1104310	3465	32	12
1104325	3483	29	12
1104340	3501	23	12
1104355	3514	20	12
1104370	3524	19	12
1104385	3537	17	12
1104390	3546	16	12
1104405	3555	17	12
1104421	3564	19	12
1104436	3573	9	12
1104451	3578	12	12
1104466	3586	10	12
1104481	3591	2	12
1104486	3591	-2	12
1104501	3591	1	12
1104517	3591	-7	12
1104532	3591	-22	12
1104547	3582	-27	12
1104562	3564	-26	12
1104577	3550	-19	12
1104592	3542	-23	12
1104597	3528	-25	12
1104612	3514	-25	12
1104627	3496	-30	12
1104642	3483	-40	12
1104657	3460	-46	12
1104672	3434	-44	12
1104687	3406	-34	12
1104692	3388	-25	12
1104707	3375	-25	12
1104722	3362	-24	12
1104737	3348	-17	12
1104752	3339	-6	12
1104768	3334	-1	12
1104783	3334	-8	12
1104788	3330	-1	12
1104803	3330	4	12
1104818	3330	1	12
1104833	3330	-1	12
1104848	3330	4	12
1104863	3330	14	12
1104883	3339	14	12
1104898	3344	18	12
1104903	3357	22	12
1104918	3366	24	12
1104933	3380	21	12
1104948	3393	18	12
1104963	3402	13	12
1104978	3411	9	12
1104993	3416	8	12
1104998	3420	12	12
1105013	3429	12	12
1105028	3434	9	12
1105043	3438	7	12
1105058	3442	9	12
1105073	3447	7	12
1105088	3452	4	12
1105093	3456	0	12
1105108	3456	-6	12
1105123	3456	-15	12
1105138	3447	-22	12
1105153	3434	-17	12
1105168	3424	-15	12
1105183	3416	-22	12
1105203	3402	-24	12
1105208	3388	-24	12
1105223	3375	-27	12
1105238	3362	-28	12
1105253	3344	-28	12
1105268	3330	-25	12
1105283	3316	-29	12
1105298	3298	-32	12
1105303	3280	-29	12
1105318	3267	-25	12
1105333	3249	-23	12
1105348	3240	-21	12
1105363	3226	-18	12
1105378	3218	-14	12
1105393	3208	-4	12
1105408	3204	6	12
1105413	3204	13	12
1105428	3213	11	12
1105443	3218	8	12
1105459	3222	8	12
1105474	3226	4	12
1105489	3231	-2	12
1105504	3231	3	12
1105509	3231	10	12
1105524	3236	7	12
1105539	3240	-3	12
1105554	3240	-2	12
1105569	3240	-2	12
1105584	3240	-4	12
1105599	3240	-7	12
1105604	3236	-2	12
1105619	3231	-2	12
1105634	3231	-7	12
1105649	3226	-16	12
1105664	3218	-18	12
1105679	3208	-15	12
1105699	3200	-12	12
1105714	3195	-16	12
1105719	3186	-25	12
1105734	3172	-34	12
1105749	3150	-30	12
1105764	3136	-21	12
1105779	3123	-17	12
1105794	3114	-20	12
1105809	3100	-15	12
1105814	3092	-10	12
1105829	3087	-9	12
1105844	3082	-10	12
1105860	3078	-4	12
1105875	3074	3	12
1105890	3074	6	12
1105905	3078	3	12
1105920	3078	2	12
1105925	3078	-1	12
1105940	3078	2	12
1105955	3078	2	12
1105970	3082	2	12
1105985	3082	-3	12
1106000	3082	-2	12
1106020	3082	0	12
1106025	3082	2	12
1106040	3082	0	12
1106055	3082	-5	12
1106070	3082	-8	12
1106086	3078	-12	12
1106102	3069	-13	12
1106118	3064	-11	12
1106124	3056	-12	12
1106139	3051	-10	12
1106154	3042	-12	12
1106169	3038	-11	12
1106184	3033	-10	12
1106199	3024	-13	12
1106214	3020	-12	12
1106229	3010	-10	12
1106234	3006	-13	12
1106249	2997	-19	12
1106264	2988	-17	12
1106279	2979	-14	12
1106294	2970	-10	12
1106309	2966	-8	12
1106324	2961	-2	12
1106329	2961	3	12
1106344	2961	9	12
1106359	2961	19	12
1106374	2974	21	12
1106389	2984	21	12
1106404	2997	17	12
1106419	3006	14	12
1106424	3015	4	12
1106439	3015	1	12
1106454	3015	6	12
1106469	3020	18	12
1106484	3028	20	12
1106499	3042	24	12
1106514	3056	28	12
1106529	3069	28	12
1106534	3087	16	12
1106549	3096	7	12
1106564	3100	3	12
1106579	3100	0	12
1106594	3100	-10	12
1106609	3100	-23	12
1106625	3087	-23	12
1106630	3074	-26	12
1106645	3060	-26	12
1106660	3042	-23	12
1106675	3033	-19	12
1106690	3020	-15	12
1106705	3010	-16	12
1106720	3002	-17	12
1106735	2992	-23	12
1106740	2979	-34	12
1106755	2961	-38	12
1106770	2938	-35	12
1106785	2920	-34	12
1106800	2902	-33	12
1106815	2884	-21	12
1106835	2871	-14	12
1106840	2862	-12	12
1106855	2858	-16	12
1106870	2848	-12	12
1106885	2840	-1	12
1106900	2840	0	12
1106915	2840	3	12
1106930	2840	-1	12
1106935	2840	-2	12
1106950	2840	-4	12
1106965	2840	-5	12
1106980	2835	-6	12
1106997	2830	-9	12
1107012	2826	-7	12
1107027	2822	-8	12
1107042	2817	-22	12
1107047	2804	-50	12
1107062	2776	-73	12
1107077	2736	-83	12
1107092	2691	-79	12
1107107	2646	-71	12
1107122	2606	-66	12
1107137	2570	-54	12
1107142	2538	-44	12
1107158	2511	-33	12
1107173	2493	-24	12
1107188	2480	-19	12
1107203	2470	-13	12
1107218	2462	-8	12
1107233	2457	-10	12
1107238	2452	-10	12
1107253	2448	-9	12
1107268	2444	-3	12
1107283	2439	1	12
1107299	2439	3	12
1107314	2439	11	12
1107330	2444	25	12
1107345	2457	34	12
1107350	2480	32	12
1107365	2498	31	12
1107380	2516	31	12
1107395	2529	28	12
1107410	2547	27	12
1107425	2560	29	12
1107440	2578	31	12
1107445	2596	26	12
1107461	2610	19	12
1107477	2619	10	12
1107492	2628	9	12
1107507	2632	5	12
1107522	2632	6	12
1107537	2637	3	12
1107552	2642	1	12
1107557	2642	-4	12
1107572	2642	-6	12
1107587	2637	-13	12
1107602	2632	-19	12
1107617	2619	-22	12
1107632	2610	-22	12
1107647	2596	-21	12
1107652	2583	-20	12
1107667	2574	-22	12
1107682	2560	-21	12
1107697	2547	-21	12
1107712	2538	-16	12
1107727	2529	-9	12
1107747	2524	-4	12
1107752	2520	-3	12
1107767	2520	0	12
1107782	2520	6	12
1107797	2520	7	12
1107812	2520	4	12
1107827	2524	1	12
1107842	2524	0	12
1107857	2524	1	12
1107862	2524	2	12
1107877	2524	6	12
1107892	2529	11	12
1107907	2538	19	12
1107922	2547	20	12
1107937	2556	17	12
1107953	2570	9	12
1107958	2574	8	12
1107973	2578	8	12
1107988	2583	2	12
1108003	2583	-4	12
1108018	2583	-14	12
1108033	2578	-15	12
1108048	2570	-13	12
1108063	2560	-18	12
1108068	2552	-21	12
1108083	2538	-12	12
1108098	2534	-2	12
1108113	2529	-5	12
1108128	2529	-10	12
1108143	2524	-13	12
1108163	2516	-14	12
1108168	2506	-20	12
1108183	2498	-23	12
1108198	2484	-17	12
1108213	2475	-12	12
1108228	2466	-10	12
1108243	2462	-8	12
1108258	2457	-8	12
1108263	2452	-4	12
1108278	2448	-6	12
1108293	2448	-5	12
1108308	2444	-5	12
1108323	2439	-3	12
1108338	2439	4	12
1108353	2439	5	12
1108368	2439	-1	12
1108373	2439	-6	12
1108388	2439	1	12
1108403	2439	7	12
1108418	2439	11	12
1108433	2448	13	12
1108448	2452	18	12
1108463	2466	16	12
1108468	2475	13	12
1108483	2480	6	12
1108498	2484	6	12
1108513	2488	4	12
1108528	2488	1	12
1108543	2488	-8	12
1108563	2488	-18	12
1108568	2480	-27	12
1108583	2466	-30	12
1108598	2448	-28	12
1108613	2430	-26	12
1108628	2416	-27	12
1108643	2403	-28	12
1108658	2385	-35	12
1108673	2367	-51	12
1108678	2340	-74	12
1108693	2295	-90	12
1108708	2246	-96	12
1108723	2192	-88	12
1108738	2142	-75	12
1108753	2102	-67	12
1108768	2061	-63	12
1108773	2025	-52	12
1108788	1998	-37	12
1108803	1976	-31	12
1108818	1958	-34	12
1108833	1940	-33	12
1108848	1922	-27	12
1108863	1908	-23	12
1108879	1894	-19	12
1108884	1881	-14	12
1108899	1876	-12	12
1108914	1868	-6	12
1108929	1863	-9	12
1108944	1858	-4	12
1108960	1858	-3	12
1108975	1854	-7	12
1108980	1854	-8	12
1108995	1850	-6	12
1109010	1845	1	12
1109025	1845	7	12
1109041	1845	14	12
1109056	1854	24	12
1109071	1868	29	12
1109076	1881	30	12
1109091	1899	32	12
1109106	1917	27	12
1109121	1930	16	12
1109136	1940	13	12
1109151	1948	18	12
1109171	1958	14	12
1109186	1966	11	12
1109191	1971	11	12
1109206	1980	13	12
1109221	1984	12	12
1109236	1994	8	12
1109251	1998	6	12
1109266	2002	1	12
1109281	2002	-4	12
1109286	2002	-9	12
1109301	1998	-13	12
1109316	1989	-20	12
1109331	1980	-31	12
1109346	1962	-36	12
1109361	1944	-37	12
1109376	1922	-42	12
1109381	1899	-48	12
1109396	1872	-41	12
1109411	1850	-34	12
1109426	1827	-28	12
1109441	1814	-26	12
1109456	1800	-25	12
1109471	1782	-26	12
1109491	1768	-26	12
1109496	1755	-19	12
1109511	1746	-17	12
1109526	1732	-14	12
1109541	1728	-2	12
1109556	1724	9	12
1109571	1728	6	12
1109586	1728	6	12
1109591	1732	4	12
1109606	1737	9	12
1109621	1742	9	12
1109636	1746	9	12
1109651	1750	6	12
1109666	1755	2	12
1109681	1755	1	12
1109696	1755	0	12
1109701	1755	5	12
1109716	1760	11	12
1109731	1764	15	12
1109746	1773	14	12
1109761	1782	8	12
1109776	1786	0	12
1109791	1786	-5	12
1109796	1786	-2	12
1109811	1786	-2	12
1109826	1786	-10	12
1109841	1778	-12	12
1109856	1773	-9	12
1109871	1768	-7	12
1109891	1764	-5	12
1109896	1760	-6	12
1109911	1755	-8	12
1109926	1750	-9	12
1109941	1746	-8	12
1109956	1742	-12	12
1109971	1737	-12	12
1109986	1728	-15	12
1110001	1719	-13	12
1110006	1714	-9	12
1110021	1710	-9	12
1110036	1706	-8	12
1110051	1701	2	12
1110066	1701	15	12
1110081	1706	13	12
1110096	1710	14	12
1110101	1719	17	12
1110116	1728	21	12
1110131	1742	13	12
1110146	1750	6	12
1110161	1750	9	12
1110176	1755	13	12
1110191	1764	10	12
1110211	1768	8	12
1110216	1773	9	12
1110231	1778	14	12
1110246	1786	20	12
1110261	1800	18	12
1110276	1809	9	12
1110291	1814	9	12
1110306	1818	8	12
1110311	1822	6	12
1110326	1827	-2	12
1110341	1827	-8	12
1110356	1827	-12	12
1110371	1818	-16	12
1110386	1809	-20	12
1110401	1800	-21	12
1110406	1786	-14	12
1110421	1778	-9	12
1110436	1773	-9	12
1110451	1768	-11	12
1110466	1764	-8	12
1110481	1760	-8	12
1110496	1755	-9	12
1110511	1746	-12	12
1110516	1742	-15	12
1110532	1732	-12	12
1110547	1728	-8	12
1110562	1724	-2	12
1110577	1719	4	12
1110592	1719	4	12
1110607	1719	6	12
1110612	1724	12	12
1110627	1732	12	12
1110642	1737	13	12
1110657	1746	16	12
1110672	1755	13	12
1110687	1760	8	12
1110707	1764	4	12
1110712	1768	0	12
1110727	1768	0	12
1110742	1768	2	12
1110757	1768	4	12
1110772	1773	5	12
1110787	1773	-4	12
1110802	1773	-2	12
1110817	1773	2	12
1110822	1773	3	12
1110837	1773	-2	12
1110852	1773	-6	12
1110867	1773	0	12
1110882	1773	12	12
1110897	1778	17	12
1110913	1786	26	12
1110918	1800	35	12
1110933	1818	47	12
1110948	1845	48	12
1110963	1872	44	12
1110979	1899	40	12
1110995	1922	39	12
1111010	1944	35	12
1111025	1962	29	12
1111030	1980	18	12
1111045	1989	15	12
1111061	1998	16	12
1111077	2007	12	12
1111092	2012	2	12
1111107	2016	-1	12
1111122	2016	3	12
1111127	2016	2	12
1111142	2016	-6	12
1111157	2016	-16	12
1111173	2007	-16	12
1111188	1998	-16	12
1111203	1989	-17	12
1111218	1980	-20	12
1111223	1971	-21	12
1111238	1958	-18	12
1111253	1948	-17	12
1111268	1940	-20	12
1111284	1926	-30	12
1111299	1908	-32	12
1111314	1890	-19	12
1111329	1881	-11	12
1111334	1876	-12	12
1111349	1868	-8	12
1111364	1863	-4	12
1111379	1863	-4	12
1111394	1858	-6	12
1111409	1854	-6	12
1111424	1854	-2	12
1111429	1850	6	12
1111444	1850	10	12
1111459	1854	10	12
1111474	1863	4	12
1111489	1863	3	12
1111504	1868	7	12
1111519	1868	7	12
1111539	1872	-1	12
1111544	1872	-1	12
1111559	1872	9	12
1111574	1876	15	12
1111589	1886	15	12
1111604	1894	15	12
1111619	1904	23	12
1111634	1917	27	12
1111639	1930	24	12
1111654	1944	16	12
1111669	1953	11	12
1111685	1958	6	12
1111701	1962	-5	12
1111717	1962	-15	12
1111733	1958	-23	12
1111738	1944	-28	12
1111754	1926	-26	12
1111769	1912	-21	12
1111784	1899	-22	12
1111799	1890	-17	12
1111814	1876	-11	12
1111829	1872	-3	12
1111844	1872	-8	12
1111849	1868	-16	12
1111864	1858	-21	12
1111879	1845	-31	12
1111894	1827	-35	12
1111909	1809	-32	12
1111924	1791	-20	12
1111939	1778	-9	12
1111944	1773	-1	12
1111960	1773	4	12
1111975	1773	3	12
1111990	1773	4	12
1112005	1778	7	12
1112020	1778	14	12
1112035	1786	12	12
1112040	1796	10	12
1112055	1800	16	12
1112070	1809	23	12
1112085	1822	22	12
1112100	1836	24	12
1112115	1850	29	12
1112130	1863	29	12
1112145	1881	26	12
1112150	1894	21	12
1112165	1908	21	12
1112180	1917	24	12
1112195	1930	29	12
1112210	1948	25	12
1112225	1962	19	12
1112240	1971	-1	12
1112245	1971	-16	12
1112260	1966	-18	12
1112276	1958	-21	12
1112291	1944	-24	12
1112306	1930	-21	12
1112321	1922	-13	12
1112336	1912	-8	12
1112351	1908	-13	12
1112356	1899	-16	12
1112371	1890	-15	12
1112386	1886	-12	12
1112401	1876	-6	12
1112416	1872	-4	12
1112431	1872	-4	12
1112451	1868	-4	12
1112456	1868	-2	12
1112471	1868	0	12
1112486	1868	-5	12
1112501	1863	-8	12
1112517	1858	-4	12
1112533	1854	1	12
1112548	1854	2	12
1112553	1854	5	12
1112568	1858	17	12
1112583	1868	23	12
1112598	1881	23	12
1112614	1890	17	12
1112630	1904	14	12
1112645	1908	9	12
1112660	1912	8	12
1112665	1917	7	12
1112680	1922	10	12
1112695	1930	9	12
1112711	1935	18	12
1112727	1944	23	12
1112742	1958	20	12
1112757	1966	15	12
1112762	1976	14	12
1112777	1984	14	12
1112792	1994	1	12
1112807	1994	-9	12
1112822	1994	-16	12
1112837	1984	-21	12
1112852	1971	-31	12
1112857	1953	-34	12
1112872	1935	-26	12
1112887	1922	-16	12
1112903	1912	-13	12
1112918	1904	-7	12
1112933	1899	-4	12
1112948	1899	-7	12
1112963	1894	-9	12
1112968	1890	-5	12
1112983	1886	-14	12
1112998	1876	-26	12
1113013	1863	-31	12
1113029	1845	-23	12
1113045	1832	-10	12
1113061	1827	-8	12
1113066	1822	1	12
1113082	1822	14	12
1113098	1827	18	12
1113114	1836	15	12
1113129	1845	12	12
1113145	1854	10	12
1113160	1858	12	12
1113175	1863	12	12
1113180	1872	12	12
1113195	1876	7	12
1113210	1881	8	12
1113225	1886	18	12
1113240	1894	26	12
1113255	1912	29	12
1113270	1926	26	12
1113275	1944	30	12
1113290	1958	23	12
1113305	1971	14	12
1113320	1980	5	12
1113335	1984	5	12
1113350	1984	4	12
1113365	1989	-1	12
1113371	1989	-4	12
1113387	1989	-8	12
1113402	1984	-11	12
1113417	1980	-7	12
1113432	1976	-7	12
1113447	1971	-12	12
1113462	1962	-22	12
1113477	1953	-18	12
1113482	1940	-20	12
1113497	1930	-22	12
1113512	1917	-22	12
1113527	1904	-20	12
1113542	1894	-15	12
1113557	1886	-13	12
1113572	1876	-16	12
1113577	1868	-13	12
1113592	1863	-11	12
1113607	1854	-3	12
1113622	1854	6	12
1113637	1854	6	12
1113652	1858	4	12
1113667	1858	6	12
1113682	1863	20	12
1113687	1872	20	12
1113702	1886	16	12
1113717	1894	17	12
1113732	1904	21	12
1113748	1917	20	12
1113763	1926	20	12
1113778	1940	25	12
1113783	1953	28	12
1113798	1966	25	12
1113813	1980	19	12
1113828	1994	16	12
1113843	2002	12	12
1113858	2007	10	12
1113873	2012	18	12
1113878	2025	17	12
1113893	2034	10	12
1113909	2038	7	12
1113924	2043	4	12
1113939	2043	-2	12
1113954	2043	-12	12
1113969	2043	-14	12
1113984	2034	-13	12
1113989	2025	-12	12
1114005	2020	-24	12
1114020	2007	-21	12
1114035	1994	-9	12
1114050	1989	-6	12
1114065	1984	-15	12
1114080	1976	-21	12
1114085	1966	-23	12
1114100	1953	-29	12
1114115	1935	-29	12
1114130	1922	-25	12
1114145	1904	-26	12
1114160	1890	-25	12
1114176	1876	-21	12
1114181	1863	-17	12
1114196	1854	-20	12
1114211	1845	-15	12
1114226	1836	-4	12
1114241	1832	1	12
1114256	1832	2	12
1114271	1832	8	12
1114291	1836	15	12
1114296	1845	22	12
1114311	1858	29	12
1114326	1872	30	12
1114341	1890	30	12
1114356	1908	26	12
1114371	1922	23	12
1114386	1935	26	12
1114391	1948	25	12
1114406	1962	19	12
1114421	1976	25	12
1114437	1989	39	12
1114452	2012	37	12
1114467	2030	29	12
1114482	2048	27	12
1114497	2061	28	12
1114502	2079	18	12
1114517	2088	13	12
1114532	2097	11	12
1114547	2102	9	12
1114562	2106	5	12
1114577	2110	3	12
1114592	2110	3	12
1114597	2110	-4	12
1114613	2110	-6	12
1114628	2110	-11	12
1114643	2106	-21	12
1114658	2092	-32	12
1114673	2074	-38	12
1114688	2052	-31	12
1114693	2034	-32	12
1114708	2016	-37	12
1114723	1998	-35	12
1114738	1976	-29	12
1114753	1962	-29	12
1114768	1944	-24	12
1114783	1930	-13	12
1114798	1926	-3	12
1114803	1922	-5	12
1114819	1922	-7	12
1114834	1917	-5	12
1114849	1912	-4	12
1114864	1912	-3	12
1114879	1908	6	12
1114894	1908	19	12
1114899	1917	20	12
1114914	1930	24	12
1114929	1944	27	12
1114944	1958	24	12
1114959	1971	20	12
1114974	1984	22	12
1114994	1998	27	12
1114999	2012	24	12
1115016	2025	20	12
1115031	2034	20	12
1115047	2048	22	12
1115062	2061	22	12
1115077	2070	23	12
1115092	2084	28	12
1115107	2102	28	12
1115112	2115	27	12
1115127	2133	26	12
1115142	2146	21	12
1115157	2160	13	12
1115172	2164	1	12
1115187	2164	-1	12
1115202	2164	-2	12
1115207	2164	-8	12
1115222	2164	-14	12
1115237	2156	-11	12
1115252	2151	-14	12
1115267	2142	-20	12
1115282	2128	-25	12
1115298	2115	-27	12
1115313	2102	-29	12
1115318	2084	-26	12
1115334	2070	-19	12
1115349	2061	-21	12
1115364	2048	-24	12
1115379	2034	-19	12
1115394	2025	-11	12
1115409	2016	-12	12
1115414	2012	-12	12
1115429	2002	-7	12
1115444	1998	-1	12
1115461	1998	-4	12
1115476	1998	-2	12
1115491	1998	3	12
1115506	1998	7	12
1115511	1998	9	12
1115526	2002	15	12
1115541	2012	21	12
1115556	2025	24	12
1115571	2038	19	12
1115586	2048	24	12
1115601	2061	28	12
1115616	2074	23	12
1115622	2088	20	12
1115637	2102	22	12
1115652	2115	18	12
1115667	2124	13	12
1115682	2128	11	12
1115697	2138	13	12
1115712	2142	5	12
1115717	2146	7	12
1115732	2151	11	12
1115747	2156	8	12
1115763	2160	1	12
1115778	2160	-1	12
1115793	2160	2	12
1115808	2164	-5	12
1115823	2164	-19	12
1115828	2151	-17	12
1115843	2142	1	12
1115858	2142	9	12
1115873	2146	14	12
1115888	2151	28	12
1115903	2169	44	12
1115919	2192	45	12
1115924	2218	40	12
1115939	2241	41	12
1115954	2264	39	12
1115969	2286	35	12
1115984	2304	33	12
1115999	2326	34	12
1116014	2344	25	12
1116019	2358	20	12
1116035	2367	23	12
1116050	2380	22	12
1116065	2394	10	12
1116080	2398	3	12
1116095	2403	3	12
1116110	2403	-1	12
1116130	2403	-10	12
1116135	2403	-13	12
1116150	2394	-13	12
1116165	2385	-16	12
1116180	2376	-17	12
1116195	2367	-12	12
1116210	2362	-12	12
1116225	2354	-23	12
1116230	2340	-25	12
1116245	2326	-19	12
1116260	2318	-20	12
1116275	2304	-27	12
1116290	2290	-27	12
1116305	2277	-22	12
1116320	2264	-19	12
1116325	2250	-18	12
1116340	2241	-6	12
1116355	2236	2	12
1116370	2236	5	12
1116385	2236	19	12
1116400	2250	29	12
1116415	2264	27	12
1116430	2282	22	12
1116435	2295	27	12
1116450	2308	25	12
1116465	2322	18	12
1116480	2331	20	12
1116495	2344	26	12
1116510	2358	23	12
1116530	2372	13	12
1116535	2380	19	12
1116550	2390	23	12
1116566	2403	8	12
1116581	2408	-10	12
1116596	2403	-16	12
1116611	2394	-14	12
1116626	2390	-24	12
1116642	2376	-29	12
1116647	2358	-23	12
1116662	2344	-16	12
1116677	2336	-16	12
1116692	2326	-11	12
1116707	2322	-8	12
1116722	2318	-16	12
1116737	2308	-23	12
1116742	2295	-18	12
1116758	2286	-22	12
1116773	2272	-36	12
1116788	2250	-31	12
1116803	2236	-15	12
1116818	2228	-2	12
1116833	2223	7	12
1116838	2223	19	12
1116854	2236	26	12
1116869	2250	24	12
1116884	2264	24	12
1116899	2277	27	12
1116914	2290	17	12
1116929	2304	1	12
1116944	2304	0	12
1116949	2304	11	12
1116964	2308	5	12
1116979	2313	4	12
1116994	2313	8	12
1117009	2318	13	12
1117024	2326	5	12
1117039	2326	-3	12
1117044	2326	1	12
1117059	2326	2	12
1117074	2326	-6	12
1117089	2326	-14	12
1117104	2322	-16	12
1117119	2313	-19	12
1117134	2300	-18	12
1117139	2290	-8	12
1117154	2286	0	12
1117170	2286	1	12
1117185	2286	5	12
1117200	2286	14	12
1117215	2295	10	12
1117231	2300	-1	12
1117246	2300	-1	12
1117251	2300	-5	12
1117266	2300	-19	12
1117281	2290	-33	12
1117297	2272	-27	12
1117312	2254	-14	12
1117327	2246	-12	12
1117344	2241	-14	12
1117349	2232	-9	12
1117364	2228	-13	12
1117379	2218	-13	12
1117395	2214	-8	12
1117410	2210	-1	12
1117425	2210	2	12
1117440	2210	3	12
1117455	2210	10	12
1117460	2214	6	12
1117475	2214	-3	12
1117490	2214	0	12
1117505	2214	12	12
1117520	2223	14	12
1117535	2228	12	12
1117550	2236	18	12
1117555	2246	20	12
1117570	2259	17	12
1117585	2268	10	12
1117600	2272	7	12
1117615	2277	-2	12
1117630	2277	-9	12
1117650	2272	-4	12
1117655	2272	-5	12
1117670	2268	-11	12
1117685	2264	-12	12
1117700	2254	-10	12
1117715	2250	-13	12
1117730	2241	-25	12
1117745	2228	-21	12
1117760	2218	-10	12
1117765	2210	-4	12
1117780	2210	-14	12
1117796	2200	-10	12
1117812	2196	-4	12
1117827	2192	-9	12
1117842	2187	-14	12
1117857	2182	-13	12
1117862	2174	-9	12
1117877	2169	-5	12
1117892	2164	0	12
1117907	2164	6	12
1117922	2164	6	12
1117937	2169	10	12
1117952	2174	23	12
1117967	2187	25	12
1117973	2200	18	12
1117989	2210	10	12
1118004	2218	17	12
1118019	2228	17	12
1118034	2236	14	12
1118049	2246	16	12
1118064	2254	26	12
1118069	2268	26	12
1118084	2282	20	12
1118099	2295	17	12
1118114	2304	16	12
1118129	2313	9	12
1118144	2318	4	12
1118159	2318	10	12
1118164	2326	9	12
1118179	2331	2	12
1118194	2331	-2	12
1118210	2331	0	12
1118225	2331	0	12
1118240	2331	-6	12
1118255	2331	-6	12
1118275	2326	-10	12
1118280	2322	-17	12
1118295	2313	-21	12
1118310	2300	-18	12
1118325	2290	-23	12
1118340	2277	-27	12
1118355	2264	-26	12
1118371	2246	-24	12
1118376	2232	-32	12
1118391	2214	-29	12
1118406	2200	-13	12
1118421	2192	-6	12
1118436	2187	-8	12
1118451	2182	-1	12
1118466	2182	3	12
1118471	2182	8	12
1118486	2187	6	12
1118501	2187	13	12
1118516	2196	21	12
1118531	2210	16	12
1118546	2218	5	12
1118561	2218	1	12
1118576	2218	-6	12
1118581	2218	-11	12
1118596	2214	-7	12
1118611	2210	3	12
1118626	2210	8	12
1118641	2214	7	12
1118656	2218	9	12
1118671	2223	5	12
1118676	2223	-5	12
1118691	2223	-10	12
1118706	2218	-8	12
1118721	2214	-14	12
1118736	2210	-33	12
1118751	2192	-37	12
1118766	2169	-29	12
1118787	2151	-23	12
1118792	2138	-13	12
1118807	2133	0	12
1118822	2133	6	12
1118837	2133	10	12
1118852	2138	13	12
1118867	2146	17	12
1118882	2156	7	12
1118887	2160	-6	12
1118902	2160	-7	12
1118917	2156	-8	12
1118932	2151	-13	12
1118947	2142	-15	12
1118962	2133	-2	12
1118977	2133	12	12
1118982	2138	11	12
1118997	2142	12	12
1119013	2151	18	12
1119028	2160	19	12
1119043	2169	14	12
1119058	2178	13	12
1119073	2187	7	12
1119088	2187	2	12
1119093	2192	8	12
1119108	2196	19	12
1119123	2205	25	12
1119138	2218	25	12
1119153	2232	27	12
1119168	2250	32	12
1119183	2268	24	12
1119188	2282	14	12
1119203	2286	18	12
1119219	2300	18	12
1119234	2308	8	12
1119249	2313	0	12
1119264	2313	1	12
1119279	2313	5	12
1119294	2318	-1	12
1119300	2318	-6	12
1119315	2318	-4	12
1119330	2313	1	12
1119345	2313	-1	12
1119360	2313	3	12
1119375	2313	0	12
1119390	2313	0	12
1119395	2313	7	12
1119410	2318	23	12
1119426	2326	24	12
1119441	2340	16	12
1119456	2349	17	12
1119471	2362	22	12
1119486	2372	13	12
1119491	2380	-5	12
1119506	2380	-14	12
1119521	2372	-23	12
1119536	2362	-34	12
1119551	2340	-45	12
1119572	2318	-47	12
1119587	2290	-44	12
1119602	2264	-36	12
1119607	2246	-22	12
1119622	2232	-16	12
1119637	2223	-25	12
1119652	2210	-30	12
1119667	2192	-27	12
1119682	2178	-28	12
1119697	2160	-38	12
1119703	2142	-45	12
1119718	2115	-38	12
1119733	2092	-32	12
1119748	2074	-32	12
1119764	2056	-26	12
1119779	2043	-19	12
1119794	2034	-14	12
1119799	2025	-12	12
1119814	2016	-7	12
1119829	2012	-5	12
1119844	2012	-8	12
1119859	2007	-7	12
1119874	2002	2	12
1119889	2002	-3	12
1119905	2002	-7	12
1119910	1998	0	12
1119925	1998	8	12
1119940	1998	9	12
1119955	2002	15	12
1119970	2012	20	12
1119985	2025	19	12
1120000	2034	19	12
1120005	2043	23	12
1120020	2056	29	12
1120035	2074	24	12
1120050	2088	16	12
1120065	2097	9	12
1120080	2102	7	12
1120095	2106	1	12
1120111	2106	1	12
1120116	2106	7	12
1120131	2110	5	12
1120146	2115	-1	12
1120161	2115	0	12
1120176	2115	1	12
1120191	2115	1	12
1120206	2115	-4	12
1120211	2115	-8	12
1120226	2110	-11	12
1120241	2106	-23	12
1120256	2092	-32	12
1120271	2074	-34	12
1120286	2056	-37	12
1120306	2034	-36	12
1120311	2012	-27	12
1120326	1998	-22	12
1120341	1984	-24	12
1120356	1971	-12	12
1120371	1966	-3	12
1120386	1962	-4	12
1120401	1962	-14	12
1120416	1953	-13	12
1120421	1948	-6	12
1120436	1944	-2	12
1120451	1944	-5	12
1120466	1940	-1	12
1120481	1940	2	12
1120497	1940	5	12
1120512	1940	6	12
1120517	1944	9	12
1120532	1948	5	12
1120547	1948	9	12
1120563	1953	17	12
1120578	1966	19	12
1120593	1976	18	12
1120608	1984	18	12
1120613	1994	36	12
1120628	2016	43	12
1120643	2038	30	12
1120658	2056	21	12
1120674	2070	27	12
1120689	2084	25	12
1120704	2097	16	12
1120720	2106	8	12
1120725	2110	3	12
1120740	2115	6	12
1120755	2115	13	12
1120770	2124	17	12
1120785	2133	13	12
1120800	2142	9	12
1120815	2146	16	12
1120820	2156	22	12
1120835	2169	16	12
1120850	2178	6	12
1120865	2178	9	12
1120880	2182	8	12
1120895	2187	1	12
1120910	2192	-8	12
1120930	2187	-12	12
1120936	2182	-13	12
1120952	2174	-17	12
1120967	2164	-17	12
1120983	2156	-15	12
1120998	2146	-12	12
1121013	2142	-10	12
1121029	2133	-7	12
1121035	2133	1	12
1121050	2133	-5	12
1121065	2128	-8	12
1121080	2124	-7	12
1121095	2120	-5	12
1121110	2120	-8	12
1121125	2115	-8	12
1121130	2110	-2	12
1121145	2106	-7	12
1121160	2102	-6	12
1121175	2102	-4	12
1121190	2097	-1	12
1121205	2097	0	12
1121220	2097	4	12
1121235	2097	11	12
1121240	2102	15	12
1121255	2110	11	12
1121270	2115	9	12
1121285	2120	5	12
1121300	2124	4	12
1121315	2128	3	12
1121330	2128	10	12
1121335	2133	15	12
1121350	2142	16	12
1121365	2151	23	12
1121381	2164	32	12
1121397	2182	31	12
1121413	2200	20	12
1121429	2210	18	12
1121445	2223	17	12
1121450	2232	8	12
1121466	2236	3	12
1121481	2236	3	12
1121496	2236	-4	12
1121511	2236	-3	12
1121526	2236	-2	12
1121541	2236	3	12
1121546	2236	1	12
1121561	2236	5	12
1121576	2236	13	12
1121591	2246	18	12
1121606	2254	6	12
1121621	2259	-2	12
1121636	2259	-11	12
1121641	2254	-19	12
1121656	2246	-27	12
1121671	2232	-29	12
1121687	2214	-25	12
1121702	2200	-21	12
1121717	2187	-16	12
1121732	2178	-7	12
1121747	2174	8	12
1121753	2174	18	12
1121768	2187	33	12
1121783	2205	44	12
1121798	2228	45	12
1121813	2254	40	12
1121828	2277	36	12
1121843	2295	41	12
1121848	2322	38	12
1121863	2340	34	12
1121878	2362	41	12
1121893	2385	44	12
1121908	2408	43	12
1121923	2434	31	12
1121938	2448	24	12
1121943	2462	16	12
1121958	2470	14	12
1121973	2480	19	12
1121988	2493	21	12
1122003	2502	10	12
1122018	2506	3	12
1122033	2511	6	12
1122048	2516	7	12
1122053	2516	2	12
1122068	2520	4	12
1122083	2520	12	12
1122098	2529	12	12
1122113	2534	6	12
1122128	2538	-4	12
1122143	2538	-7	12
1122148	2534	-13	12
1122163	2529	-19	12
1122178	2516	-24	12
1122193	2502	-34	12
1122208	2484	-44	12
1122223	2462	-41	12
1122238	2439	-38	12
1122258	2416	-37	12
1122263	2394	-35	12
1122278	2376	-37	12
1122293	2354	-38	12
1122308	2331	-47	12
1122323	2308	-47	12
1122338	2282	-43	12
1122353	2254	-39	12
1122358	2232	-38	12
1122373	2214	-33	12
1122388	2196	-21	12
1122403	2182	-11	12
1122418	2178	-3	12
1122433	2174	4	12
1122448	2174	2	12
1122453	2174	1	12
1122468	2174	-2	12
1122483	2174	4	12
1122498	2174	10	12
1122513	2182	15	12
1122528	2192	22	12
1122543	2200	23	12
1122563	2214	21	12
1122568	2228	18	12
1122583	2236	23	12
1122598	2250	25	12
1122613	2264	16	12
1122628	2272	12	12
1122643	2282	8	12
1122658	2286	-2	12
1122663	2286	-9	12
1122678	2282	3	12
1122693	2282	7	12
1122708	2282	0	12
1122723	2282	-7	12
1122738	2282	-4	12
1122753	2282	-11	12
1122758	2277	-21	12
1122773	2264	-21	12
1122789	2250	-18	12
1122805	2241	-17	12
1122821	2232	-20	12
1122837	2218	-22	12
1122852	2210	-26	12
1122867	2192	-24	12
1122872	2178	-21	12
1122887	2169	-21	12
1122902	2156	-22	12
1122917	2142	-20	12
1122932	2133	-10	12
1122947	2128	-7	12
1122962	2124	-10	12
1122967	2120	-13	12
1122983	2110	3	12
1122998	2110	17	12
1123013	2120	15	12
1123028	2124	15	12
1123043	2133	18	12
1123058	2146	14	12
1123073	2151	4	12
1123078	2156	11	12
1123093	2160	25	12
1123108	2174	28	12
1123123	2192	31	12
1123138	2210	36	12
1123153	2228	30	12
1123168	2246	25	12
1123173	2259	18	12
1123188	2268	14	12
1123203	2277	6	12
1123218	2282	1	12
1123233	2282	6	12
1123248	2286	8	12
1123263	2290	1	12
1123268	2290	-4	12
1123283	2290	0	12
1123298	2290	-5	12
1123313	2290	-13	12
1123328	2282	-12	12
1123343	2272	-11	12
1123359	2268	-14	12
1123374	2259	-21	12
1123379	2250	-15	12
1123394	2241	-9	12
1123409	2236	-10	12
1123425	2228	-10	12
1123440	2223	-5	12
1123455	2223	-9	12
1123470	2214	-12	12
1123475	2210	-7	12
1123490	2205	2	12
1123505	2205	-1	12
1123520	2205	-4	12
1123535	2205	2	12
1123550	2205	3	12
1123570	2205	-2	12
1123585	2205	2	12
1123590	2205	6	12
1123605	2205	3	12
1123620	2210	7	12
1123635	2210	14	12
1123650	2218	17	12
1123665	2228	10	12
1123680	2236	9	12
1123685	2241	13	12
1123700	2246	14	12
1123715	2254	7	12
1123730	2259	4	12
1123745	2259	11	12
1123760	2268	15	12
1123775	2277	11	12
1123780	2282	15	12
1123795	2290	18	12
1123810	2300	11	12
1123825	2308	2	12
1123841	2308	3	12
1123856	2308	-3	12
1123871	2308	-12	12
1123886	2304	-11	12
1123891	2300	-8	12
1123906	2295	-20	12
1123921	2282	-20	12
1123936	2272	-15	12
1123951	2264	-12	12
1123966	2254	-14	12
1123986	2250	-8	12
1123991	2246	0	12
1124006	2246	-3	12
1124021	2241	-13	12
1124036	2236	-16	12
1124052	2228	-15	12
1124067	2218	-21	12
1124082	2205	-26	12
1124088	2192	-26	12
1124103	2178	-26	12
1124119	2160	-30	12
1124134	2146	-23	12
1124149	2133	-12	12
1124165	2124	-9	12
1124181	2120	-7	12
1124197	2115	8	12
1124202	2115	18	12
1124217	2128	10	12
1124232	2133	3	12
1124247	2133	15	12
1124262	2142	22	12
1124277	2156	16	12
1124292	2164	19	12
1124297	2174	33	12
1124312	2192	36	12
1124327	2214	38	12
1124342	2236	46	12
1124357	2259	48	12
1124372	2286	39	12
1124387	2308	30	12
1124402	2326	32	12
1124407	2344	18	12
1124422	2354	4	12
1124437	2358	2	12
1124452	2358	6	12
1124467	2362	4	12
1124482	2362	-2	12
1124497	2362	-3	12
1124502	2362	2	12
1124517	2362	-3	12
1124532	2362	-2	12
1124547	2362	7	12
1124563	2362	6	12
1124578	2367	-5	12
1124593	2367	-6	12
1124598	2362	-4	12
1124613	2362	-11	12
1124628	2358	-19	12
1124643	2344	-12	12
1124658	2340	-12	12
1124673	2331	-19	12
1124688	2322	-21	12
1124703	2308	-18	12
1124708	2300	-23	12
1124723	2286	-25	12
1124738	2272	-13	12
1124753	2264	-8	12
1124768	2259	-10	12
1124783	2254	-9	12
1124798	2250	-2	12
1124803	2250	5	12
1124818	2250	-4	12
1124833	2250	-6	12
1124848	2246	3	12
1124863	2246	7	12
1124878	2246	6	12
1124898	2250	12	12
1124903	2259	17	12
1124918	2268	14	12
1124933	2277	18	12
1124948	2286	26	12
1124963	2300	23	12
1124978	2313	14	12
1124993	2322	11	12
1125008	2326	18	12
1125013	2336	13	12
1125028	2344	8	12
1125043	2349	13	12
1125059	2358	15	12
1125074	2362	13	12
1125089	2372	18	12
1125104	2380	27	12
1125109	2398	23	12
1125124	2412	8	12
1125139	2416	-3	12
1125154	2416	-13	12
1125170	2408	-24	12
1125185	2394	-27	12
1125200	2380	-18	12
1125215	2372	-13	12
1125220	2362	-15	12
1125236	2354	-20	12
1125251	2344	-22	12
1125266	2331	-24	12
1125281	2318	-28	12
1125296	2304	-20	12
1125312	2290	-17	12
1125317	2282	-25	12
1125332	2268	-32	12
1125347	2250	-27	12
1125363	2232	-22	12
1125378	2223	-27	12
1125393	2205	-17	12
1125408	2196	0	12
1125413	2196	5	12
1125428	2196	1	12
1125443	2196	14	12
1125458	2205	18	12
1125473	2214	5	12
1125488	2218	3	12
1125503	2218	8	12
1125518	2223	6	12
1125523	2228	-2	12
1125538	2228	0	12
1125553	2228	10	12
1125569	2232	7	12
1125584	2236	4	12
1125599	2236	8	12
1125614	2241	8	12
1125619	2246	4	12
1125634	2250	5	12
1125649	2250	4	12
1125664	2254	0	12
1125679	2254	-9	12
1125695	2254	-7	12
1125710	2250	-1	12
1125730	2250	-10	12
1125735	2241	-15	12
1125750	2232	-7	12
1125765	2232	-1	12
1125780	2228	-10	12
1125795	2223	-10	12
1125810	2218	8	12
1125825	2218	12	12
1125830	2228	1	12
1125845	2228	-2	12
1125860	2228	1	12
1125875	2228	-7	12
1125890	2228	-15	12
1125905	2218	-10	12
1125920	2210	-11	12
1125925	2205	-16	12
1125940	2196	-6	12
1125955	2192	7	12
1125971	2192	3	12
1125986	2196	3	12
1126001	2196	12	12
1126016	2205	15	12
1126031	2210	0	12
1126037	2210	-10	12
1126052	2210	-3	12
1126067	2210	2	12
1126083	2210	-7	12
1126098	2205	-5	12
1126113	2200	4	12
1126128	2200	2	12
1126133	2200	-1	12
1126148	2200	10	12
1126163	2205	20	12
1126178	2218	13	12
1126193	2228	13	12
1126208	2232	17	12
1126223	2241	11	12
1126228	2250	-2	12
1126243	2250	9	12
1126258	2254	44	12
1126273	2277	66	12
1126288	2313	92	12
1126304	2367	115	12
1126319	2430	122	12
1126334	2498	103	12
1126339	2556	82	12
1126354	2606	59	12
1126369	2637	34	12
1126384	2655	13	12
1126399	2664	10	12
1126414	2668	17	12
1126434	2678	16	12
1126439	2686	16	12
1126454	2696	24	12
1126469	2709	22	12
1126484	2722	5	12
1126499	2727	1	12
1126514	2727	8	12
1126530	2732	-1	12
1126545	2732	-18	12
1126550	2722	-22	12
1126565	2709	-24	12
1126580	2696	-38	12
1126595	2678	-45	12
1126610	2650	-36	12
1126625	2632	-36	12
1126640	2610	-45	12
1126645	2583	-42	12
1126660	2560	-28	12
1126675	2547	-31	12
1126691	2529	-32	12
1126706	2511	-24	12
1126721	2498	-12	12
1126736	2488	-12	12
1126741	2484	-9	12
1126756	2480	2	12
1126771	2480	6	12
1126786	2480	6	12
1126801	2484	14	12
1126816	2488	23	12
1126831	2502	27	12
1126846	2520	30	12
1126851	2534	47	12
1126866	2560	53	12
1126881	2592	42	12
1126896	2614	38	12
1126911	2637	47	12
1126926	2664	42	12
1126941	2686	18	12
1126946	2696	10	12
1126961	2700	11	12
1126976	2709	3	12
1126991	2709	-8	12
1127006	2709	-4	12
1127022	2709	3	12
1127037	2709	2	12
1127043	2709	1	12
1127058	2709	1	12
1127074	2709	-13	12
1127089	2704	-16	12
1127104	2696	-16	12
1127119	2686	-17	12
1127134	2678	-33	12
1127154	2660	-41	12
1127159	2632	-32	12
1127174	2614	-25	12
1127189	2601	-29	12
1127204	2588	-11	12
1127220	2578	13	12
1127235	2583	20	12
1127250	2596	11	12
1127255	2601	19	12
1127270	2610	31	12
1127285	2628	21	12
1127300	2642	6	12
1127315	2646	3	12
1127330	2646	3	12
1127345	2646	-5	12
1127360	2646	-1	12
1127366	2646	9	12
1127381	2650	14	12
1127396	2655	10	12
1127411	2664	16	12
1127426	2673	18	12
1127441	2682	8	12
1127456	2686	5	12
1127461	2691	11	12
1127476	2696	6	12
1127491	2700	-10	12
1127506	2696	-10	12
1127522	2691	1	12
1127537	2691	3	12
1127552	2691	-2	12
1127557	2691	5	12
1127572	2691	12	12
1127587	2700	-2	12
1127602	2700	-13	12
1127617	2696	-12	12
1127632	2686	-17	12
1127647	2678	-26	12
1127662	2664	-21	12
1127667	2650	-13	12
1127682	2642	-13	12
1127697	2637	-10	12
1127714	2632	3	12
1127729	2632	14	12
1127744	2637	8	12
1127760	2642	10	12
1127765	2646	24	12
1127780	2660	24	12
1127795	2673	14	12
1127810	2682	19	12
1127825	2691	28	12
1127840	2709	24	12
1127855	2722	21	12
1127870	2732	32	12
1127875	2750	39	12
1127890	2772	34	12
1127905	2790	31	12
1127920	2808	38	12
1127935	2830	31	12
1127950	2848	21	12
1127970	2862	22	12
1127975	2871	21	12
1127990	2884	9	12
1128005	2889	-1	12
1128020	2889	0	12
1128035	2889	-2	12
1128050	2889	-14	12
1128065	2884	-15	12
1128070	2876	-8	12
1128085	2871	-17	12
1128100	2862	-25	12
1128115	2848	-20	12
1128130	2835	-14	12
1128145	2826	-26	12
1128160	2812	-32	12
1128175	2794	-28	12
1128180	2781	-27	12
1128195	2763	-22	12
1128210	2754	-4	12
1128225	2750	20	12
1128240	2758	30	12
1128255	2772	27	12
1128270	2790	32	12
1128275	2808	29	12
1128291	2822	19	12
1128306	2835	18	12
1128321	2844	27	12
1128336	2858	30	12
1128351	2876	28	12
1128366	2894	39	12
1128372	2916	49	12
1128388	2943	39	12
1128403	2966	21	12
1128418	2974	24	12
1128433	2988	22	12
1128448	3002	8	12
1128463	3006	0	12
1128478	3006	11	12
1128484	3010	8	12
1128500	3015	-6	12
1128515	3015	-12	12
1128530	3010	-13	12
1128545	3002	-20	12
1128560	2992	-33	12
1128575	2974	-33	12
1128580	2956	-32	12
1128595	2938	-29	12
1128610	2920	-18	12
1128625	2912	-5	12
1128640	2907	-10	12
1128655	2902	-16	12
1128670	2894	-9	12
1128690	2889	-7	12
1128695	2884	-21	12
1128710	2871	-26	12
1128725	2858	-18	12
1128740	2848	-5	12
1128755	2844	-5	12
1128770	2840	4	12
1128785	2840	24	12
1128790	2853	27	12
1128805	2866	24	12
1128820	2880	29	12
1128835	2898	30	12
1128850	2916	20	12
1128865	2925	20	12
1128880	2938	25	12
1128885	2952	27	12
1128900	2966	22	12
1128915	2979	27	12
1128931	2992	31	12
1128946	3010	27	12
1128961	3028	16	12
1128977	3038	19	12
1128992	3046	20	12
1128997	3060	7	12
1129012	3060	5	12
1129027	3064	16	12
1129044	3074	15	12
1129060	3082	-3	12
1129075	3082	-6	12
1129090	3082	1	12
1129095	3082	-6	12
1129110	3078	-16	12
1129125	3069	-13	12
1129140	3060	-14	12
1129155	3056	-26	12
1129170	3038	-35	12
1129185	3020	-29	12
1129200	3002	-32	12
1129205	2984	-40	12
1129220	2961	-37	12
1129235	2943	-28	12
1129250	2925	-31	12
1129265	2907	-29	12
1129280	2894	-16	12
1129295	2884	-4	12
1129300	2880	-2	12
1129315	2880	8	12
1129330	2880	24	12
1129345	2894	32	12
1129360	2912	29	12
1129375	2930	38	12
1129390	2952	40	12
1129395	2974	30	12
1129410	2988	20	12
1129425	3002	30	12
1129440	3020	35	12
1129455	3038	34	12
1129470	3056	41	12
1129490	3078	47	12
1129505	3105	41	12
1129510	3128	26	12
1129525	3146	24	12
1129540	3159	34	12
1129555	3177	29	12
1129570	3190	23	12
1129585	3204	26	12
1129600	3222	22	12
1129605	3231	9	12
1129620	3236	-6	12
1129635	3236	-12	12
1129650	3231	-20	12
1129665	3222	-28	12
1129680	3204	-22	12
1129695	3190	-19	12
1129700	3182	-30	12
1129716	3164	-32	12
1129732	3146	-26	12
1129748	3132	-24	12
1129764	3118	-32	12
1129780	3100	-29	12
1129796	3082	-17	12
1129812	3074	-23	12
1129817	3060	-31	12
1129832	3042	-32	12
1129847	3024	-23	12
1129862	3015	-20	12
1129877	3002	-8	12
1129893	2997	7	12
1129908	2997	18	12
1129913	3006	21	12
1129928	3020	23	12
1129943	3033	25	12
1129959	3046	21	12
1129975	3060	24	12
1129990	3074	40	12
1130005	3096	47	12
1130020	3118	41	12
1130025	3146	37	12
1130040	3164	41	12
1130055	3186	37	12
1130070	3208	30	12
1130086	3226	29	12
1130101	3240	27	12
1130116	3258	16	12
1130121	3267	7	12
1130136	3272	11	12
1130151	3276	9	12
1130166	3280	-4	12
1130181	3280	-5	12
1130196	3280	2	12
1130211	3280	1	12
1130216	3280	-2	12
1130231	3280	7	12
1130246	3280	14	12
1130261	3290	9	12
1130276	3294	0	12
1130291	3294	4	12
1130306	3294	-1	12
1130321	3294	-16	12
1130326	3290	-18	12
1130341	3280	-9	12
1130356	3276	-8	12
1130371	3272	-11	12
1130386	3262	-1	12
1130401	3262	9	12
1130416	3262	7	12
1130421	3267	8	12
1130436	3272	11	12
1130451	3280	9	12
1130466	3285	-3	12
1130481	3285	-4	12
1130496	3285	0	12
1130511	3285	-3	12
1130516	3280	-8	12
1130531	3276	-1	12
1130546	3276	6	12
1130561	3276	0	12
1130576	3276	-6	12
1130591	3276	0	12
1130606	3276	2	12
1130627	3276	-4	12
1130632	3276	-1	12
1130647	3276	6	12
1130663	3276	-1	12
1130678	3276	-9	12
1130693	3272	-10	12
1130708	3267	-5	12
1130723	3267	-11	12
1130728	3258	-14	12
1130743	3249	-9	12
1130758	3244	-6	12
1130773	3244	-7	12
1130788	3240	-7	12
1130803	3236	-5	12
1130818	3231	-5	12
1130833	3231	-3	12
1130838	3226	8	12
1130853	3226	4	12
1130868	3231	-2	12
1130883	3231	3	12
1130898	3231	15	12
1130913	3240	15	12
1130928	3249	20	12
1130933	3258	36	12
1130948	3280	43	12
1130963	3303	36	12
1130978	3326	31	12
1130993	3339	33	12
1131008	3362	33	12
1131023	3380	21	12
1131028	3388	16	12
1131043	3398	20	12
1131058	3411	17	12
1131073	3420	8	12
1131088	3424	4	12
1131103	3424	4	12
1131118	3429	-2	12
1131134	3429	-1	12
1131139	3429	1	12
1131155	3429	-6	12
1131170	3429	-10	12
1131185	3424	-6	12
1131200	3420	-4	12
1131215	3416	-16	12
1131230	3406	-23	12
1131236	3393	-16	12
1131252	3384	-14	12
1131268	3380	-18	12
1131283	3366	-14	12
1131298	3362	-5	12
1131313	3357	-6	12
1131329	3352	-17	12
1131344	3344	-19	12
1131349	3334	-15	12
1131364	3326	-12	12
1131379	3316	-8	12
1131394	3312	10	12
1131409	3316	17	12
1131424	3326	17	12
1131439	3334	23	12
1131444	3348	30	12
1131459	3366	23	12
1131474	3380	17	12
1131489	3388	20	12
1131504	3398	26	12
1131519	3411	25	12
1131534	3429	16	12
1131539	3438	11	12
1131554	3442	8	12
1131569	3447	4	12
1131584	3447	14	12
1131599	3456	19	12
1131614	3470	17	12
1131634	3478	14	12
1131649	3483	20	12
1131655	3496	25	12
1131670	3510	17	12
1131685	3519	20	12
1131700	3532	31	12
1131715	3550	29	12
1131730	3564	17	12
1131745	3573	16	12
1131750	3582	14	12
1131765	3591	1	12
1131780	3591	-9	12
1131795	3591	-12	12
1131810	3582	-11	12
1131825	3578	-20	12
1131840	3568	-23	12
1131845	3555	-27	12
1131860	3537	-32	12
1131875	3519	-37	12
1131890	3501	-36	12
1131905	3478	-35	12
1131921	3460	-38	12
1131936	3438	-36	12
1131951	3420	-27	12
1131956	3402	-24	12
1131971	3388	-32	12
1131986	3370	-26	12
1132001	3357	-16	12
1132016	3348	-17	12
1132031	3339	-24	12
1132047	3326	-16	12
1132052	3316	-5	12
1132067	3312	1	12
1132082	3312	12	12
1132097	3316	21	12
1132113	3330	23	12
1132128	3339	21	12
1132144	3352	25	12
1132159	3366	32	12
1132164	3384	18	12
1132179	3393	15	12
1132194	3402	19	12
1132209	3416	21	12
1132224	3424	12	12
1132239	3434	8	12
1132254	3438	11	12
1132259	3442	6	12
1132274	3447	-1	12
1132289	3447	-5	12
1132304	3447	-6	12
1132319	3442	-7	12
1132334	3438	-8	12
1132354	3434	2	12
1132359	3434	7	12
1132374	3438	-4	12
1132389	3438	-11	12
1132405	3434	-10	12
1132420	3424	-17	12
1132435	3416	-24	12
1132450	3402	-16	12
1132465	3393	-8	12
1132470	3388	-11	12
1132485	3384	-19	12
1132500	3375	-15	12
1132515	3366	-19	12
1132530	3352	-21	12
1132545	3344	-18	12
1132560	3330	-10	12
1132565	3326	-10	12
1132580	3321	-8	12
1132596	3316	0	12
1132611	3316	8	12
1132626	3316	7	12
1132641	3321	13	12
1132656	3330	21	12
1132661	3339	19	12
1132676	3352	10	12
1132691	3357	9	12
1132706	3362	10	12
1132721	3366	6	12
1132736	3370	-1	12
1132751	3370	2	12
1132766	3370	7	12
1132771	3375	5	12
1132786	3380	12	12
1132801	3384	23	12
1132816	3398	20	12
1132831	3406	15	12
1132846	3416	20	12
1132861	3429	25	12
1132866	3442	18	12
1132881	3452	16	12
1132896	3460	26	12
1132912	3474	29	12
1132927	3492	29	12
1132943	3510	28	12
1132958	3524	35	12
1132973	3546	33	12
1132978	3564	30	12
1132993	3578	27	12
1133009	3596	25	12
1133024	9	19	12
1133039	18	21	12
1133054	32	19	12
1133069	40	7	12
1133074	45	-13	12
1133089	40	-24	12
1133104	27	-30	12
1133120	14	-38	12
1133135	3591	-40	12
1133150	3568	-25	12
1133170	3555	-14	12
1133175	3546	-30	12
1133190	3528	-44	12
1133205	3506	-39	12
1133220	3483	-38	12
1133235	3460	-43	12
1133250	3438	-41	12
1133265	3416	-29	12
1133280	3398	-30	12
1133285	3380	-33	12
1133300	3362	-23	12
1133315	3348	-20	12
1133330	3339	-17	12
1133345	3330	-6	12
1133360	3326	-4	12
1133375	3321	-9	12
1133380	3316	-12	12
1133396	3312	3	12
1133411	3312	15	12
1133426	3316	14	12
1133441	3326	9	12
1133456	3330	10	12
1133471	3334	12	12
1133486	3344	4	12
1133491	3344	-1	12
1133506	3344	3	12
1133521	3348	5	12
1133536	3348	-1	12
1133551	3348	12	12
1133566	3357	29	12
1133587	3370	24	12
1133592	3384	15	12
1133607	3393	21	12
1133622	3406	15	12
1133637	3416	5	12
1133652	3416	0	12
1133667	3416	-1	12
1133682	3416	-5	12
1133687	3416	-9	12
1133703	3411	-5	12
1133718	3411	-6	12
1133733	3406	-6	12
1133748	3402	-4	12
1133763	3402	0	12
1133778	3402	-10	12
1133793	3393	-22	12
1133798	3384	-30	12
1133813	3366	-33	12
1133828	3348	-36	12
1133843	3326	-40	12
1133859	3303	-30	12
1133874	3285	-26	12
1133889	3272	-33	12
1133894	3254	-35	12
1133910	3236	-17	12
1133925	3226	-5	12
1133940	3222	-5	12
1133956	3218	-4	12
1133971	3218	1	12
1133986	3218	-6	12
1133991	3213	-10	12
1134006	3208	-1	12
1134021	3208	-1	12
1134036	3208	-10	12
1134052	3200	-2	12
1134067	3200	7	12
1134082	3200	5	12
1134097	3204	6	12
1134102	3208	19	12
1134117	3218	22	12
1134132	3231	13	12
1134147	3236	9	12
1134162	3240	14	12
1134177	3249	14	12
1134192	3258	9	12
1134197	3262	7	12
1134212	3267	6	12
1134227	3272	6	12
1134242	3272	3	12
1134257	3276	12	12
1134273	3280	18	12
1134288	3294	15	12
1134303	3298	11	12
1134308	3308	18	12
1134323	3316	16	12
1134338	3326	1	12
1134353	3326	-3	12
1134369	3326	-3	12
1134384	3326	-15	12
1134399	3316	-21	12
1134404	3308	-7	12
1134419	3303	4	12
1134434	3303	-1	12
1134449	3303	1	12
1134464	3303	5	12
1134479	3303	0	12
1134494	3303	-7	12
1134499	3303	-8	12
1134514	3298	-8	12
1134529	3294	-17	12
1134544	3285	-20	12
1134559	3276	-17	12
1134574	3262	-14	12
1134589	3258	-12	12
1134610	3249	1	12
1134615	3249	20	12
1134630	3258	19	12
1134645	3267	15	12
1134660	3276	17	12
1134675	3285	25	12
1134690	3298	16	12
1134705	3308	10	12
1134710	3316	12	12
1134726	3321	13	12
1134741	3330	-3	12
1134756	3330	1	12
1134771	3330	12	12
1134786	3334	13	12
1134801	3344	12	12
1134806	3348	25	12
1134821	3362	30	12
1134836	3380	19	12
1134851	3388	9	12
1134866	3398	-3	12
1134881	3398	-12	12
1134896	3393	-19	12
1134911	3380	-18	12
1134916	3370	-16	12
1134931	3362	-19	12
1134946	3352	-14	12
1134961	3344	-8	12
1134977	3339	-8	12
1134992	3334	-17	12
1135008	3326	-19	12
1135013	3312	-2	12
1135028	3312	-1	12
1135043	3312	-13	12
1135058	3303	-15	12
1135073	3294	-7	12
1135088	3294	-13	12
1135103	3285	-23	12
1135118	3272	-14	12
1135123	3262	-7	12
1135138	3258	-5	12
1135153	3258	7	12
1135168	3258	18	12
1135183	3267	18	12
1135198	3276	14	12
1135218	3285	19	12
1135223	3294	16	12
1135238	3303	9	12
1135253	3312	3	12
1135268	3312	1	12
1135283	3312	0	12
1135298	3312	-4	12
1135313	3312	-3	12
1135318	3312	5	12
1135333	3312	0	12
1135349	3312	-8	12
1135364	3312	-5	12
1135379	3308	3	12
1135394	3308	1	12
1135410	3308	-4	12
1135425	3308	7	12
1135430	3308	10	12
1135445	3312	-2	12
1135460	3312	-6	12
1135475	3312	1	12
1135490	3312	-3	12
1135505	3312	-1	12
1135520	3312	13	12
1135525	3316	18	12
1135540	3326	11	12
1135555	3330	7	12
1135570	3334	13	12
1135586	3344	12	12
1135601	3348	3	12
1135616	3352	3	12
1135631	3352	4	12
1135636	3352	0	12
1135651	3352	-4	12
1135666	3352	0	12
1135681	3352	5	12
1135696	3357	4	12
1135711	3357	3	12
1135726	3357	6	12
1135731	3362	4	12
1135746	3366	-4	12
1135761	3366	-3	12
1135776	3366	-3	12
1135791	3362	-16	12
1135806	3352	-32	12
1135821	3334	-31	12
1135826	3316	-27	12
1135841	3303	-35	12
1135856	3285	-33	12
1135871	3267	-25	12
1135886	3249	-30	12
1135901	3236	-34	12
1135921	3213	-22	12
1135936	3204	-9	12
1135941	3200	-15	12
1135956	3190	-23	12
1135971	3177	-26	12
1135986	3164	-32	12
1136001	3146	-31	12
1136016	3128	-23	12
1136031	3114	-6	12
1136037	3110	5	12
1136052	3110	8	12
1136067	3114	18	12
1136082	3123	25	12
1136097	3136	23	12
1136112	3150	19	12
1136127	3159	27	12
1136132	3177	28	12
1136147	3190	22	12
1136163	3204	18	12
1136178	3213	27	12
1136194	3231	21	12
1136209	3240	14	12
1136225	3249	20	12
1136240	3262	20	12
1136245	3272	13	12
1136260	3280	11	12
1136275	3285	20	12
1136290	3298	14	12
1136305	3303	2	12
1136320	3308	2	12
1136336	3308	-3	12
1136341	3308	-17	12
1136356	3298	-27	12
1136371	3285	-26	12
1136386	3272	-29	12
1136401	3254	-33	12
1136416	3236	-33	12
1136431	3218	-26	12
1136446	3200	-20	12
1136451	3190	-17	12
1136466	3182	-17	12
1136481	3172	-18	12
1136496	3159	-21	12
1136511	3150	-16	12
1136526	3141	-9	12
1136546	3136	-5	12
1136551	3132	-6	12
1136566	3128	-5	12
1136581	3128	5	12
1136596	3128	-2	12
1136611	3128	-11	12
1136627	3123	-1	12
1136642	3123	10	12
1136647	3123	12	12
1136662	3128	13	12
1136677	3136	17	12
1136694	3146	12	12
1136709	3154	-2	12
1136724	3154	-3	12
1136739	3154	1	12
1136754	3154	-1	12
1136759	3154	0	12
1136774	3154	7	12
1136789	3154	3	12
1136804	3154	-1	12
1136819	3154	1	12
1136834	3154	5	12
1136849	3159	4	12
1136854	3159	-10	12
1136869	3159	-15	12
1136884	3150	-10	12
1136899	3146	-8	12
1136914	3141	-10	12
1136929	3136	-1	12
1136944	3136	11	12
1136959	3136	8	12
1136964	3141	4	12
1136980	3146	8	12
1136995	3150	3	12
1137010	3150	-8	12
1137025	3150	-7	12
1137040	3146	-2	12
1137055	3146	1	12
1137060	3146	9	12
1137075	3146	19	12
1137091	3154	19	12
1137106	3168	14	12
1137121	3177	15	12
1137136	3182	18	12
1137151	3195	12	12
1137156	3200	5	12
1137171	3204	7	12
1137186	3208	0	12
1137201	3208	-10	12
1137216	3204	-20	12
1137231	3195	-22	12
1137246	3182	-14	12
1137261	3172	-14	12
1137266	3168	-10	12
1137281	3159	1	12
1137296	3159	4	12
1137312	3159	-1	12
1137327	3159	-5	12
1137342	3159	-6	12
1137357	3154	-19	12
1137362	3146	-24	12
1137377	3132	-17	12
1137393	3123	-10	12
1137408	3118	-6	12
1137423	3114	3	12
1137438	3114	12	12
1137453	3118	14	12
1137458	3128	15	12
1137473	3136	19	12
1137488	3146	19	12
1137504	3154	15	12
1137519	3164	13	12
1137534	3172	7	12
1137549	3177	-4	12
1137569	3177	-11	12
1137574	3172	-6	12
1137589	3168	6	12
1137604	3168	10	12
1137619	3172	11	12
1137634	3177	16	12
1137649	3186	21	12
1137664	3200	11	12
1137669	3204	3	12
1137684	3208	4	12
1137699	3208	7	12
1137714	3213	2	12
1137729	3213	-3	12
1137744	3213	-1	12
1137760	3213	-5	12
1137776	3213	0	12
1137781	3213	9	12
1137796	3213	9	12
1137811	3222	5	12
1137826	3222	7	12
1137841	3226	11	12
1137856	3231	-3	12
1137871	3231	-9	12
1137876	3231	-9	12
1137892	3226	-11	12
1137907	3218	-18	12
1137922	3208	-18	12
1137937	3200	-14	12
1137952	3190	-4	12
1137967	3190	-1	12
1137972	3186	0	12
1137987	3186	6	12
1138002	3186	11	12
1138017	3195	6	12
1138033	3195	9	12
1138048	3204	12	12
1138063	3208	7	12
1138078	3213	3	12
1138084	3213	10	12
1138099	3222	18	12
1138114	3231	18	12
1138129	3240	25	12
1138144	3254	34	12
1138160	3272	32	12
1138175	3290	27	12
1138180	3308	25	12
1138195	3321	19	12
1138210	3330	9	12
1138225	3334	2	12
1138240	3339	-4	12
1138255	3339	-11	12
1138270	3334	-17	12
1138275	3326	-17	12
1138290	3312	-9	12
1138305	3308	-3	12
1138320	3308	0	12
1138335	3308	8	12
1138350	3308	10	12
1138365	3312	10	12
1138385	3321	5	12
1138390	3321	5	12
1138405	3326	5	12
1138420	3326	0	12
1138435	3326	-1	12
1138450	3326	9	12
1138465	3330	11	12
1138480	3339	11	12
1138485	3344	14	12
1138500	3352	15	12
1138515	3362	10	12
1138530	3366	12	12
1138545	3375	13	12
1138560	3380	0	12
1138575	3380	-15	12
1138590	3375	-17	12
1138595	3366	-18	12
1138610	3357	-26	12
1138625	3344	-30	12
1138641	3326	-13	12
1138656	3316	-2	12
1138671	3316	-3	12
1138686	3316	-12	12
1138691	3308	-22	12
1138706	3294	-28	12
1138721	3280	-35	12
1138737	3258	-34	12
1138752	3240	-33	12
1138767	3222	-31	12
1138783	3204	-27	12
1138788	3190	-17	12
1138803	3182	-10	12
1138818	3172	-11	12
1138833	3168	-3	12
1138848	3168	6	12
1138863	3168	6	12
1138878	3168	-2	12
1138893	3168	5	12
1138898	3172	17	12
1138913	3182	17	12
1138928	3190	14	12
1138943	3200	22	12
1138958	3208	26	12
1138973	3226	27	12
1138993	3240	28	12
1138998	3258	23	12
1139013	3267	14	12
1139028	3276	8	12
1139043	3280	6	12
1139059	3285	3	12
1139074	3285	1	12
1139089	3285	4	12
1139105	3290	16	12
1139110	3298	13	12
1139125	3308	1	12
1139140	3308	-2	12
1139155	3308	9	12
1139171	3312	14	12
1139186	3316	11	12
1139201	3326	11	12
1139206	3330	19	12
1139221	3339	17	12
1139236	3352	14	12
1139251	3357	15	12
1139266	3366	15	12
1139281	3375	8	12
1139296	3380	10	12
1139301	3384	14	12
1139316	3393	6	12
1139331	3398	0	12
1139346	3398	-1	12
1139362	3398	-6	12
1139377	3398	-15	12
1139392	3388	-15	12
1139407	3380	-7	12
1139412	3375	-8	12
1139427	3370	-13	12
1139442	3366	-13	12
1139457	3357	-5	12
1139472	3352	-4	12
1139487	3352	-2	12
1139503	3352	-2	12
1139508	3348	0	12
1139523	3348	-6	12
1139538	3348	-2	12
1139553	3344	5	12
1139568	3344	10	12
1139583	3348	8	12
1139598	3352	15	12
1139603	3362	23	12
1139618	3375	20	12
1139633	3388	14	12
1139648	3393	21	12
1139663	3406	23	12
1139678	3420	17	12
1139693	3429	13	12
1139713	3438	13	12
1139718	3442	8	12
1139733	3447	7	12
1139748	3452	11	12
1139763	3456	8	12
1139778	3460	-1	12
1139793	3460	0	12
1139808	3460	6	12
1139813	3465	3	12
1139828	3465	-4	12
1139843	3465	-5	12
1139858	3465	-2	12
1139873	3465	-10	12
1139888	3460	-21	12
1139903	3447	-22	12
1139918	3434	-18	12
1139924	3424	-26	12
1139938	3411	-30	12
1139953	3393	-25	12
1139968	3380	-20	12
1139983	3366	-16	12
1139998	3357	-14	12
1140013	3352	-6	12
1140018	3348	-7	12
1140033	3344	-9	12
1140048	3339	-5	12
1140063	3334	-7	12
1140078	3330	-10	12
1140093	3326	-4	12
1140113	3326	5	12
1140118	3326	-2	12
1140133	3326	-8	12
1140148	3321	-1	12
1140163	3321	9	12
1140178	3321	12	12
1140193	3330	14	12
1140208	3334	23	12
1140223	3348	24	12
1140228	3362	21	12
1140243	3375	10	12
1140258	3380	7	12
1140273	3384	4	12
1140288	3388	4	12
1140303	3388	4	12
1140318	3393	4	12
1140323	3393	6	12
1140338	3398	6	12
1140353	3402	9	12
1140369	3406	8	12
1140384	3411	2	12
1140399	3411	2	12
1140414	3411	10	12
1140419	3416	3	12
1140434	3420	-6	12
1140449	3420	-4	12
1140464	3416	0	12
1140479	3416	-6	12
1140494	3416	-1	12
1140509	3416	1	12
1140529	3416	-4	12
1140534	3411	-5	12
1140549	3411	1	12
1140564	3411	7	12
1140579	3411	1	12
1140594	3411	-5	12
1140609	3411	0	12
1140624	3411	1	12
1140629	3411	-3	12
1140644	3411	-2	12
1140659	3411	10	12
1140674	3411	20	12
1140689	3420	23	12
1140704	3434	21	12
1140719	3447	19	12
1140734	3456	14	12
1140739	3465	11	12
1140755	3470	9	12
1140770	3478	6	12
1140786	3478	-4	12
1140801	3478	-2	12
1140816	3478	3	12
1140831	3478	-2	12
1140837	3478	-6	12
1140852	3478	2	12
1140868	3478	11	12
1140884	3483	4	12
1140900	3483	-4	12
1140916	3483	0	12
1140932	3483	-1	12
1140937	3483	-6	12
1140953	3483	-1	12
1140968	3478	-1	12
1140983	3478	-13	12
1140998	3474	-17	12
1141013	3465	-25	12
1141028	3447	-27	12
1141043	3434	-30	12
1141048	3416	-27	12
1141063	3402	-17	12
1141078	3393	-13	12
1141093	3384	-14	12
1141109	3375	-16	12
1141124	3366	-11	12
1141139	3362	-16	12
1141144	3352	-15	12
1141160	3344	-4	12
1141175	3344	2	12
1141190	3344	-1	12
1141205	3344	3	12
1141220	3344	24	12
1141235	3352	38	12
1141250	3375	34	12
1141255	3393	40	12
1141270	3416	41	12
1141285	3438	32	12
1141300	3456	29	12
1141315	3474	33	12
1141330	3492	27	12
1141345	3510	20	12
1141351	3519	22	12
1141365	3532	25	12
1141380	3546	12	12
1141395	3550	5	12
1141410	3555	3	12
1141425	3555	6	12
1141441	3560	9	12
1141446	3564	3	12
1141461	3568	3	12
1141476	3568	-1	12
1141491	3568	-3	12
1141506	3568	-3	12
1141521	3568	-3	12
1141536	3568	-8	12
1141551	3564	-16	12
1141556	3555	-13	12
1141571	3546	-14	12
1141586	3537	-23	12
1141601	3524	-24	12
1141616	3510	-10	12
1141631	3506	0	12
1141646	3506	-4	12
1141651	3506	7	12
1141666	3506	20	12
1141681	3514	12	12
1141696	3524	6	12
1141711	3524	6	12
1141726	3528	2	12
1141741	3528	-8	12
1141747	3528	-8	12
1141761	3524	3	12
1141776	3524	6	12
1141791	3528	13	12
1141806	3532	22	12
1141821	3546	29	12
1141841	3564	22	12
1141856	3573	14	12
1141861	3582	13	12
1141876	3591	10	12
1141891	3596	6	12
1141906	0	4	12
1141921	0	10	12
1141936	4	1	12
1141951	9	-8	12
1141956	4	-9	12
1141971	0	-5	12
1141986	0	-14	12
1142001	3591	-11	12
1142016	3586	-1	12
1142031	3582	-3	12
1142046	3582	-18	12
1142061	3573	-23	12
1142066	3560	-21	12
1142081	3546	-36	12
1142096	3528	-42	12
1142111	3506	-34	12
1142126	3483	-22	12
1142146	3474	-16	12
1142161	3465	-10	12
1142166	3456	-2	12
1142181	3456	3	12
1142197	3456	4	12
1142212	3456	8	12
1142227	3460	15	12
1142242	3470	20	12
1142257	3478	21	12
1142262	3492	22	12
1142277	3506	20	12
1142292	3514	9	12
1142308	3519	7	12
1142324	3524	18	12
1142339	3537	22	12
1142354	3546	23	12
1142369	3560	29	12
1142375	3578	41	12
1142389	0	28	12
1142404	14	18	12
1142420	27	27	12
1142435	40	25	12
1142450	54	7	12
1142465	58	2	12
1142470	58	5	12
1142485	63	0	12
1142500	63	-15	12
1142515	58	-14	12
1142530	50	-9	12
1142545	45	-9	12
1142560	40	-12	12
1142565	32	-9	12
1142580	27	-5	12
1142595	27	-9	12
1142610	22	-10	12
1142625	14	-17	12
1142640	4	-25	12
1142655	3591	-35	12
1142670	3573	-36	12
1142675	3550	-33	12
1142691	3532	-27	12
1142706	3519	-18	12
1142721	3506	1	12
1142736	3506	12	12
1142751	3510	15	12
1142766	3519	25	12
1142771	3532	32	12
1142786	3550	28	12
1142801	3568	16	12
1142816	3578	21	12
1142831	3586	26	12
1142846	4	19	12
1142861	14	16	12
1142881	22	20	12
1142887	32	20	12
1142903	45	13	12
1142918	54	15	12
1142933	58	18	12
1142948	72	17	12
1142963	81	15	12
1142978	90	8	12
1142983	94	-5	12
1142998	94	-16	12
1143013	86	-20	12
1143028	72	-16	12
1143043	63	-13	12
1143058	58	-9	12
1143073	54	-1	12
1143078	54	1	12
1143093	54	-2	12
1143108	50	-12	12
1143123	45	-16	12
1143138	36	-22	12
1143153	22	-34	12
1143168	4	-37	12
1143183	3582	-25	12
1143188	3568	-20	12
1143203	3560	-17	12
1143218	3550	-6	12
1143233	3546	2	12
1143248	3546	9	12
1143265	3546	16	12
1143280	3555	23	12
1143285	3568	24	12
1143300	3582	24	12
1143315	3596	21	12
1143330	9	21	12
1143345	18	20	12
1143360	32	17	12
1143375	40	18	12
1143390	50	11	12
1143395	58	6	12
1143410	58	2	12
1143425	63	8	12
1143440	68	7	12
1143455	72	3	12
1143470	72	3	12
1143485	72	5	12
1143490	76	-2	12
1143505	76	-20	12
1143520	68	-28	12
1143535	54	-26	12
1143550	36	-29	12
1143565	22	-30	12
1143585	4	-24	12
1143590	3591	-19	12
1143605	3582	-17	12
1143620	3568	-12	12
1143635	3564	-14	12
1143650	3555	-19	12
1143665	3546	-20	12
1143680	3532	-19	12
1143695	3524	-17	12
1143700	3514	-22	12
1143716	3501	-19	12
1143731	3492	-17	12
1143746	3483	-12	12
1143761	3474	-7	12
1143776	3470	-4	12
1143791	3470	1	12
1143796	3470	6	12
1143811	3470	9	12
1143826	3474	13	12
1143842	3478	15	12
1143857	3488	14	12
1143872	3496	16	12
1143887	3506	21	12
1143892	3519	19	12
1143908	3528	12	12
1143923	3537	13	12
1143938	3542	22	12
1143953	3555	21	12
1143968	3568	20	12
1143983	3578	27	12
1143998	3591	25	12
1144003	9	19	12
1144018	18	11	12
1144033	22	2	12
1144048	27	-2	12
1144063	27	0	12
1144078	27	5	12
1144093	27	6	12
1144098	32	8	12
1144113	36	6	12
1144128	36	5	12
1144143	40	4	12
1144158	45	5	12
1144174	45	12	12
1144189	54	12	12
1144209	58	3	12
1144214	63	-11	12
1144229	58	-14	12
1144244	50	-15	12
1144259	40	-16	12
1144274	32	-20	12
1144289	22	-10	12
1144304	18	-3	12
1144309	14	-6	12
1144324	14	-2	12
1144339	9	-1	12
1144354	9	-6	12
1144369	4	-10	12
1144384	0	-10	12
1144399	3596	-18	12
1144404	3586	-17	12
1144419	3578	-15	12
1144434	3568	-9	12
1144449	3564	-10	12
1144464	3555	-5	12
1144479	3555	5	12
1144494	3555	5	12
1144509	3555	2	12
1144514	3555	-6	12
1144529	3555	-8	12
1144544	3550	-9	12
1144559	3546	-7	12
1144574	3542	-1	12
1144589	3542	12	12
1144610	3546	18	12
1144615	3555	16	12
1144630	3564	16	12
1144645	3573	20	12
1144660	3586	18	12
1144675	3596	15	12
1144690	4	23	12
1144705	18	24	12
1144720	32	20	12
1144725	40	15	12
1144740	50	14	12
1144755	58	13	12
1144770	63	11	12
1144785	72	15	12
1144800	81	10	12
1144815	86	3	12
1144820	86	5	12
1144835	90	7	12
1144850	94	1	12
1144865	94	-2	12
1144880	94	-1	12
1144895	94	-4	12
1144910	94	-17	12
1144915	86	-25	12
1144930	72	-28	12
1144945	54	-28	12
1144960	40	-32	12
1144975	22	-36	12
1144990	0	-29	12
1145005	3586	-20	12
1145020	3573	-18	12
1145025	3564	-17	12
1145040	3555	-16	12
1145055	3546	-20	12
1145070	3532	-22	12
1145085	3519	-14	12
1145101	3514	-3	12
1145118	3510	3	12
1145123	3510	9	12
1145138	3514	8	12
1145153	3519	-3	12
1145168	3519	-9	12
1145183	3514	-7	12
1145198	3510	1	12
1145213	3510	3	12
1145218	3510	10	12
1145234	3514	16	12
1145249	3524	11	12
1145264	3532	8	12
1145279	3537	8	12
1145294	3542	7	12
1145309	3546	6	12
1145329	3546	0	12
1145334	3546	6	12
1145349	3550	13	12
1145364	3560	14	12
1145379	3564	11	12
1145394	3573	11	12
1145409	3578	13	12
1145424	3586	15	12
1145429	3596	14	12
1145444	0	4	12
1145460	4	-6	12
1145475	4	-12	12
1145490	0	-8	12
1145505	3596	-7	12
1145520	3591	-4	12
1145535	3586	0	12
1145540	3586	4	12
1145555	3586	-5	12
1145570	3586	-10	12
1145585	3582	-9	12
1145600	3578	-8	12
1145615	3573	-16	12
1145630	3564	-18	12
1145635	3550	-16	12
1145650	3542	-20	12
1145665	3532	-13	12
1145680	3524	-6	12
1145695	3524	2	12
1145710	3524	7	12
1145725	3524	9	12
1145730	3528	13	12
1145745	3537	23	12
1145760	3546	25	12
1145775	3564	20	12
1145790	3573	23	12
1145805	3586	20	12
1145825	3596	6	12
1145841	0	4	12
1145846	4	10	12
1145861	9	18	12
1145876	18	21	12
1145891	32	33	12
1145906	50	42	12
1145921	72	41	12
1145936	94	39	12
1145941	117	36	12
1145956	140	22	12
1145971	148	15	12
1145986	158	15	12
1146001	166	15	12
1146016	176	9	12
1146031	180	13	12
1146037	189	23	12
1146051	202	32	12
1146066	220	33	12
1146081	238	36	12
1146096	256	41	12
1146111	279	43	12
1146126	306	31	12
1146141	324	21	12
1146146	333	18	12
1146162	346	19	12
1146177	356	14	12
1146193	364	9	12
1146208	369	4	12
1146223	369	-5	12
1146238	369	-11	12
1146243	364	-11	12
1146258	360	-18	12
1146273	351	-26	12
1146288	333	-26	12
1146303	320	-26	12
1146318	306	-33	12
1146333	288	-34	12
1146353	266	-27	12
1146358	252	-25	12
1146373	238	-27	12
1146388	225	-31	12
1146403	207	-33	12
1146419	189	-27	12
1146435	171	-19	12
1146451	162	-6	12
1146456	158	9	12
1146472	158	15	12
1146488	166	24	12
1146503	180	28	12
1146519	198	35	12
1146534	216	34	12
1146549	234	29	12
1146554	252	26	12
1146570	266	20	12
1146585	279	11	12
1146600	284	12	12
1146615	292	18	12
1146630	302	21	12
1146645	310	27	12
1146660	328	36	12
1146665	346	33	12
1146680	364	23	12
1146695	378	19	12
1146710	392	13	12
1146725	396	-1	12
1146740	396	-9	12
1146755	396	-13	12
1146760	387	-13	12
1146775	382	-20	12
1146790	369	-24	12
1146805	356	-24	12
1146820	342	-23	12
1146835	328	-26	12
1146850	315	-21	12
1146865	302	-8	12
1146870	297	-3	12
1146885	297	-4	12
1146900	297	-4	12
1146915	292	-7	12
1146930	288	-11	12
1146945	284	-16	12
1146960	274	-5	12
1146965	270	1	12
1146980	270	-4	12
1146995	270	-2	12
1147010	270	7	12
1147025	270	13	12
1147040	274	10	12
1147055	279	13	12
1147061	288	20	12
1147075	302	14	12
1147090	306	11	12
1147105	315	9	12
1147120	320	13	12
1147135	324	18	12
1147150	338	19	12
1147165	346	12	12
1147170	356	5	12
1147185	356	-1	12
1147200	356	-6	12
1147215	356	-9	12
1147230	351	-9	12
1147245	346	-10	12
1147265	342	-9	12
1147270	338	-9	12
1147285	328	-19	12
1147300	320	-24	12
1147315	306	-17	12
1147330	297	-16	12
1147347	288	-20	12
1147362	274	-23	12
1147367	266	-22	12
1147382	252	-24	12
1147397	238	-21	12
1147412	225	-17	12
1147427	216	-22	12
1147442	202	-22	12
1147457	194	-6	12
1147473	189	0	12
1147478	189	-3	12
1147493	184	2	12
1147508	184	15	12
1147523	194	19	12
1147538	202	15	12
1147553	212	13	12
1147568	220	22	12
1147574	230	21	12
1147588	243	16	12
1147603	252	15	12
1147618	261	24	12
1147633	274	26	12
1147648	288	24	12
1147663	302	24	12
1147678	315	16	12
1147683	324	11	12
1147698	328	10	12
1147715	338	15	12
1147730	346	14	12
1147745	351	6	12
1147760	356	9	12
1147775	360	8	12
1147780	364	-1	12
1147795	364	-2	12
1147811	364	4	12
1147827	364	8	12
1147843	369	0	12
1147859	369	-3	12
1147875	369	-3	12
1147880	369	-6	12
1147896	369	-17	12
1147911	360	-20	12
1147926	346	-16	12
1147941	338	-15	12
1147956	328	-17	12
1147971	320	-16	12
1147986	310	-18	12
1147991	302	-24	12
1148006	288	-27	12
1148021	270	-20	12
1148036	261	-19	12
1148051	252	-21	12
1148067	238	-13	12
1148082	230	-8	12
1148087	225	-9	12
1148102	220	-1	12
1148117	220	14	12
1148132	225	22	12
1148147	238	23	12
1148162	252	32	12
1148177	270	43	12
1148182	292	37	12
1148197	315	30	12
1148212	328	31	12
1148227	346	31	12
1148242	364	21	12
1148257	378	20	12
1148272	387	27	12
1148287	405	34	12
1148292	423	28	12
1148307	436	23	12
1148322	450	22	12
1148337	464	11	12
1148352	468	9	12
1148368	472	8	12
1148384	477	5	12
1148389	482	-7	12
1148404	482	-22	12
1148419	468	-27	12
1148434	454	-29	12
1148449	436	-24	12
1148464	423	-14	12
1148479	418	4	12
1148494	418	2	12
1148499	418	1	12
1148514	418	1	12
1148529	418	-3	12
1148544	418	-10	12
1148559	414	-13	12
1148574	405	-15	12
1148589	396	-21	12
1148594	387	-22	12
1148609	374	-9	12
1148624	369	-4	12
1148639	364	-9	12
1148654	360	-11	12
1148670	356	-4	12
1148685	351	5	12
1148690	351	3	12
1148705	356	2	12
1148720	356	7	12
1148736	360	7	12
1148751	364	10	12
1148766	369	12	12
1148781	374	19	12
1148801	387	16	12
1148806	396	13	12
1148821	400	13	12
1148836	410	5	12
1148851	414	-1	12
1148866	414	9	12
1148881	418	17	12
1148896	428	18	12
1148901	436	13	12
1148916	446	15	12
1148931	450	12	12
1148946	459	0	12
1148961	459	-8	12
1148976	459	-7	12
1148991	454	-9	12
1149006	450	-11	12
1149011	441	-9	12
1149026	436	-3	12
1149041	436	0	12
1149057	436	3	12
1149072	436	5	12
1149088	436	6	12
1149103	441	-4	12
1149108	441	-11	12
1149123	436	-7	12
1149139	432	-5	12
1149154	428	1	12
1149169	428	8	12
1149184	432	14	12
1149199	436	8	12
1149204	441	7	12
1149219	446	12	12
1149234	454	14	12
1149249	459	6	12
1149264	464	2	12
1149279	464	4	12
1149294	468	-7	12
1149309	468	-10	12
1149314	464	-12	12
1149329	454	-10	12
1149344	450	-19	12
1149359	441	-22	12
1149374	428	-19	12
1149389	414	-13	12
1149404	410	-10	12
1149409	405	-6	12
1149424	400	-5	12
1149439	396	-8	12
1149454	392	-17	12
1149469	382	-17	12
1149484	374	-16	12
1149504	364	-13	12
1149509	356	-8	12
1149524	351	0	12
1149540	351	6	12
1149555	351	8	12
1149570	356	19	12
1149585	369	30	12
1149600	382	33	12
1149615	400	31	12
1149620	418	29	12
1149635	436	21	12
1149650	450	2	12
1149665	450	-4	12
1149680	450	2	12
1149695	450	3	12
1149710	450	1	12
1149715	450	12	12
1149730	459	16	12
1149745	468	14	12
1149760	472	13	12
1149775	482	15	12
1149790	490	21	12
1149805	500	18	12
1149825	513	17	12
1149830	522	15	12
1149845	531	10	12
1149860	536	8	12
1149875	540	10	12
1149892	544	18	12
1149908	554	16	12
1149923	562	14	12
1149928	572	17	12
1149943	580	18	12
1149959	594	9	12
1149974	598	3	12
1149989	598	-1	12
1150004	598	-8	12
1150019	598	-14	12
1150024	590	-8	12
1150039	585	2	12
1150054	585	3	12
1150069	585	3	12
1150084	585	6	12
1150099	590	0	12
1150114	590	-14	12
1150129	585	-14	12
1150134	576	-19	12
1150149	567	-27	12
1150164	554	-28	12
1150179	536	-23	12
1150195	522	-17	12
1150210	513	-21	12
1150225	500	-17	12
1150230	490	-10	12
1150245	486	0	12
1150260	486	1	12
1150275	486	3	12
1150291	486	9	12
1150306	490	15	12
1150321	500	15	12
1150326	508	19	12
1150341	518	20	12
1150356	526	19	12
1150371	540	18	12
1150386	549	17	12
1150401	558	13	12
1150416	567	5	12
1150431	567	1	12
1150436	572	5	12
1150451	572	-1	12
1150466	572	-2	12
1150481	572	4	12
1150496	572	2	12
1150511	576	-4	12
1150526	576	-4	12
1150531	572	0	12
1150546	572	3	12
1150562	572	0	12
1150577	572	-6	12
1150593	572	-10	12
1150608	567	-13	12
1150623	558	-12	12
1150638	554	-6	12
1150643	549	-2	12
1150659	549	-3	12
1150675	544	-3	12
1150691	544	-7	12
1150707	540	-13	12
1150723	531	-20	12
1150739	522	-17	12
1150744	513	-10	12
1150760	508	-12	12
1150775	500	-7	12
1150790	495	1	12
1150805	495	5	12
1150820	495	7	12
1150835	500	13	12
1150840	508	22	12
1150855	518	17	12
1150871	526	17	12
1150886	540	22	12
1150901	549	34	12
1150916	572	33	12
1150931	590	32	12
1150946	608	26	12
1150951	621	21	12
1150966	634	17	12
1150981	644	21	12
1150996	652	21	12
1151011	666	13	12
1151026	675	11	12
1151042	680	14	12
1151047	688	16	12
1151062	698	9	12
1151077	702	4	12
1151093	702	6	12
1151108	706	6	12
1151123	711	0	12
1151138	711	-4	12
1151153	711	-5	12
1151158	711	-11	12
1151173	702	-19	12
1151188	693	-15	12
1151203	684	-22	12
1151218	670	-31	12
1151234	652	-33	12
1151249	634	-39	12
1151254	612	-42	12
1151269	590	-40	12
1151284	567	-29	12
1151299	549	-17	12
1151314	540	-12	12
1151329	536	-10	12
1151344	531	-12	12
1151349	522	-22	12
1151364	508	-27	12
1151379	495	-26	12
1151394	482	-24	12
1151410	468	-28	12
1151425	450	-26	12
1151440	436	-15	12
1151455	428	-6	12
1151460	423	-7	12
1151475	418	-7	12
1151490	418	3	12
1151505	418	20	12
1151520	428	24	12
1151535	441	30	12
1151550	454	36	12
1151555	477	34	12
1151570	495	30	12
1151585	513	27	12
1151600	526	23	12
1151615	540	16	12
1151630	549	12	12
1151645	558	12	12
1151650	562	5	12
1151665	567	-2	12
1151680	567	0	12
1151695	567	5	12
1151710	567	1	12
1151725	567	0	12
1151745	567	-1	12
1151760	567	-3	12
1151765	567	-10	12
1151780	562	-13	12
1151795	558	-11	12
1151810	549	-17	12
1151825	540	-25	12
1151841	526	-28	12
1151856	513	-27	12
1151861	495	-26	12
1151876	482	-27	12
1151891	468	-18	12
1151906	454	-12	12
1151921	450	-3	12
1151936	446	5	12
1151951	446	15	12
1151966	454	17	12
1151971	464	18	12
1151987	472	22	12
1152002	486	14	12
1152017	495	6	12
1152032	500	8	12
1152047	504	16	12
1152062	513	15	12
1152067	522	11	12
1152083	526	12	12
1152098	531	12	12
1152113	540	9	12
1152128	544	11	12
1152143	549	14	12
1152158	558	11	12
1152163	567	3	12
1152178	567	-8	12
1152193	567	-11	12
1152209	558	-15	12
1152224	554	-17	12
1152239	540	-13	12
1152254	536	-11	12
1152269	526	-18	12
1152274	518	-20	12
1152289	508	-14	12
1152304	500	-12	12
1152319	490	-17	12
1152334	482	-21	12
1152349	472	-20	12
1152364	459	-25	12
1152370	446	-32	12
1152384	428	-24	12
1152399	414	-10	12
1152414	410	-7	12
1152429	405	-2	12
1152444	405	3	12
1152464	405	7	12
1152479	405	15	12
1152485	414	21	12
1152500	428	24	12
1152515	441	20	12
1152530	450	12	12
1152545	459	5	12
1152560	459	-3	12
1152575	459	-4	12
1152580	459	1	12
1152595	459	9	12
1152610	464	10	12
1152625	468	4	12
1152640	468	6	12
1152655	472	12	12
1152671	482	7	12
1152676	482	-3	12
1152691	482	-5	12
1152706	482	-5	12
1152721	482	-10	12
1152736	472	-13	12
1152751	468	-9	12
1152766	464	-7	12
1152781	459	3	12
1152787	459	15	12
1152801	464	17	12
1152816	472	11	12
1152831	482	10	12
1152846	486	13	12
1152861	495	4	12
1152881	495	-10	12
1152887	495	-11	12
1152901	486	-11	12
1152916	482	-9	12
1152931	477	-11	12
1152947	468	-7	12
1152962	468	0	12
1152977	468	-1	12
1152983	464	0	12
1152998	464	10	12
1153013	468	14	12
1153029	477	13	12
1153044	482	3	12
1153059	486	0	12
1153075	486	-9	12
1153090	482	-13	12
1153095	477	-12	12
1153110	468	-11	12
1153126	464	-9	12
1153141	459	-3	12
1153156	454	2	12
1153171	454	-6	12
1153186	454	-5	12
1153191	450	3	12
1153206	450	7	12
1153221	454	-1	12
1153237	454	-12	12
1153253	450	-14	12
1153268	441	-11	12
1153283	436	-9	12
1153298	432	-4	12
1153303	428	3	12
1153318	428	11	12
1153333	432	12	12
1153348	436	11	12
1153363	446	15	12
1153378	454	10	12
1153393	459	13	12
1153398	468	17	12
1153413	477	15	12
1153428	486	6	12
1153443	486	13	12
1153458	495	22	12
1153473	508	20	12
1153488	518	16	12
1153494	526	19	12
1153508	540	17	12
1153523	549	5	12
1153538	549	4	12
1153553	554	4	12
1153568	554	3	12
1153583	558	-6	12
1153598	558	-10	12
1153603	554	-10	12
1153618	544	-16	12
1153633	536	-16	12
1153648	526	-13	12
1153663	522	-16	12
1153678	513	-15	12
1153693	504	-18	12
1153698	495	-17	12
1153713	482	-17	12
1153729	472	-14	12
1153744	468	-7	12
1153759	464	2	12
1153774	464	-3	12
1153789	464	-4	12
1153794	459	-4	12
1153809	459	-1	12
1153824	454	-1	12
1153839	454	1	12
1153854	454	1	12
1153869	454	-3	12
1153884	454	-6	12
1153904	450	4	12
1153909	450	4	12
1153924	454	-2	12
1153939	454	1	12
1153954	454	5	12
1153969	454	-2	12
1153984	454	-8	12
1153999	454	-1	12
1154004	454	8	12
1154019	454	8	12
1154034	459	10	12
1154049	464	14	12
1154064	472	15	12
1154079	482	19	12
1154094	490	23	12
1154109	504	26	12
1154114	518	22	12
1154129	531	17	12
1154144	540	17	12
1154159	549	15	12
1154174	558	10	12
1154189	562	5	12
1154209	567	11	12
1154214	572	10	12
1154229	576	3	12
1154244	580	4	12
1154259	580	10	12
1154274	590	1	12
1154289	590	-5	12
1154304	590	-2	12
1154309	590	0	12
1154324	590	-9	12
1154339	585	-12	12
1154354	576	-13	12
1154369	567	-14	12
1154384	562	-19	12
1154399	549	-10	12
1154414	544	-7	12
1154419	540	-5	12
1154434	540	-2	12
1154449	536	-3	12
1154464	536	-10	12
1154479	531	-17	12
1154494	522	-20	12
1154509	508	-16	12
1154514	500	-16	12
1154529	490	-9	12
1154544	486	-3	12
1154559	486	5	12
1154574	486	4	12
1154589	486	3	12
1154609	486	12	12
1154625	495	16	12
1154630	504	11	12
1154645	508	8	12
1154660	513	13	12
1154675	522	12	12
1154690	526	10	12
1154705	531	13	12
1154720	540	18	12
1154725	549	19	12
1154740	562	19	12
1154755	572	20	12
1154771	585	16	12
1154786	594	14	12
1154801	598	16	12
1154816	608	11	12
1154821	616	1	12
1154836	616	-4	12
1154851	616	-3	12
1154866	616	-6	12
1154881	612	-10	12
1154896	608	-6	12
1154911	603	-3	12
1154926	603	-9	12
1154931	598	-17	12
1154946	585	-16	12
1154962	576	-6	12
1154977	576	-8	12
1154992	572	-19	12
1155008	558	-14	12
1155023	554	-18	12
1155028	540	-24	12
1155043	526	-28	12
1155058	513	-27	12
1155074	495	-22	12
1155089	486	-15	12
1155104	477	-2	12
1155119	477	4	12
1155125	477	3	12
1155139	477	9	12
1155154	482	14	12
1155169	486	10	12
1155184	495	6	12
1155199	495	8	12
1155214	500	8	12
1155229	504	-4	12
1155234	504	-12	12
1155249	500	-10	12
1155264	495	-12	12
1155279	490	-16	12
1155294	482	-17	12
1155309	468	-6	12
1155324	468	6	12
1155329	468	12	12
1155344	472	8	12
1155359	477	5	12
1155375	482	3	12
1155390	482	1	12
1155405	482	-4	12
1155420	482	-5	12
1155440	482	-8	12
1155445	477	1	12
1155460	477	4	12
1155475	477	3	12
1155490	477	-3	12
1155505	477	0	12
1155520	477	-2	12
1155535	477	-18	12
1155540	468	-26	12
1155555	454	-24	12
1155570	441	-18	12
1155585	432	-19	12
1155600	418	-18	12
1155615	410	-13	12
1155630	400	-7	12
1155635	396	-4	12
1155650	396	-1	12
1155665	396	0	12
1155680	396	6	12
1155695	396	13	12
1155710	400	16	12
1155725	410	7	12
1155745	414	-13	12
1155750	410	-28	12
1155765	396	-40	12
1155780	374	-54	12
1155795	342	-61	12
1155810	310	-52	12
1155825	279	-38	12
1155840	256	-36	12
1155845	238	-32	12
1155860	220	-27	12
1155875	202	-23	12
1155890	194	-29	12
1155905	176	-31	12
1155920	158	-24	12
1155935	144	-18	12
1155940	135	-11	12
1155955	126	-8	12
1155970	122	-9	12
1155985	117	-10	12
1156000	112	-8	12
1156015	108	-5	12
1156030	104	-2	12
1156045	104	2	12
1156050	104	16	12
1156065	112	25	12
1156080	126	23	12
1156095	140	19	12
1156110	148	21	12
1156125	162	27	12
1156140	176	22	12
1156145	189	25	12
1156160	202	34	12
1156175	220	42	12
1156190	243	40	12
1156205	266	42	12
1156222	292	47	12
1156237	315	38	12
1156253	338	29	12
1156258	356	25	12
1156273	369	21	12
1156288	382	12	12
1156303	387	10	12
1156318	392	9	12
1156333	396	3	12
1156348	400	-3	12
1156353	400	-11	12
1156368	396	-22	12
1156383	382	-31	12
1156398	364	-37	12
1156413	346	-34	12
1156428	324	-35	12
1156448	306	-38	12
1156453	284	-37	12
1156468	266	-31	12
1156483	248	-36	12
1156498	225	-40	12
1156513	202	-33	12
1156528	184	-27	12
1156543	171	-28	12
1156558	153	-30	12
1156563	140	-18	12
1156578	126	-7	12
1156593	122	-8	12
1156608	117	-5	12
1156623	117	5	12
1156638	117	13	12
1156653	122	22	12
1156658	135	28	12
1156674	148	23	12
1156689	162	18	12
1156704	176	22	12
1156719	184	30	12
1156734	202	30	12
1156749	220	26	12
1156764	234	34	12
1156769	252	42	12
1156784	279	37	12
1156799	297	31	12
1156814	315	32	12
1156829	333	38	12
1156844	356	33	12
1156864	374	28	12
1156869	387	23	12
1156885	400	20	12
1156900	414	12	12
1156915	418	8	12
1156930	423	7	12
1156945	428	-5	12
1156960	428	-12	12
1156965	423	-8	12
1156980	418	-4	12
1156996	414	-7	12
1157011	414	1	12
1157026	414	7	12
1157041	414	-1	12
1157056	414	-16	12
1157071	405	-23	12
1157077	396	-30	12
1157093	378	-32	12
1157108	360	-29	12
1157123	342	-22	12
1157138	328	-19	12
1157154	320	-26	12
1157169	306	-24	12
1157174	292	-25	12
1157189	279	-20	12
1157204	266	-13	12
1157219	261	4	12
1157234	261	10	12
1157249	261	3	12
1157264	266	4	12
1157269	266	19	12
1157284	279	27	12
1157299	292	21	12
1157314	306	21	12
1157329	315	28	12
1157344	333	29	12
1157359	346	27	12
1157374	364	33	12
1157379	382	33	12
1157394	400	23	12
1157409	414	20	12
1157424	423	25	12
1157439	441	22	12
1157454	450	15	12
1157469	459	22	12
1157474	472	29	12
1157489	490	25	12
1157504	504	18	12
1157519	513	25	12
1157534	526	28	12
1157549	544	27	12
1157565	558	21	12
1157581	572	16	12
1157586	580	7	12
1157601	580	-2	12
1157616	580	-7	12
1157631	580	-12	12
1157646	576	-20	12
1157661	562	-27	12
1157676	549	-25	12
1157681	536	-33	12
1157696	518	-43	12
1157711	490	-47	12
1157726	464	-39	12
1157742	441	-34	12
1157757	423	-37	12
1157773	405	-26	12
1157778	387	-20	12
1157793	378	-25	12
1157808	364	-28	12
1157823	346	-19	12
1157838	338	-12	12
1157853	328	-3	12
1157868	328	4	12
1157888	328	10	12
1157893	333	14	12
1157908	342	16	12
1157923	351	26	12
1157938	364	24	12
1157953	378	14	12
1157968	387	19	12
1157983	396	25	12
1157988	410	21	12
1158003	423	13	12
1158018	428	17	12
1158033	436	30	12
1158048	454	30	12
1158063	472	26	12
1158078	486	20	12
1158083	500	15	12
1158098	508	12	12
1158113	513	5	12
1158128	518	10	12
1158143	522	10	12
1158158	526	12	12
1158174	536	17	12
1158189	544	21	12
1158194	554	12	12
1158209	562	12	12
1158224	567	24	12
1158239	580	24	12
1158254	594	13	12
1158269	603	2	12
1158284	603	-2	12
1158290	603	-6	12
1158304	603	-16	12
1158319	594	-13	12
1158334	590	-15	12
1158349	580	-20	12
1158364	567	-25	12
1158384	554	-30	12
1158399	536	-36	12
1158404	518	-40	12
1158419	495	-36	12
1158434	472	-32	12
1158449	454	-33	12
1158464	436	-39	12
1158479	414	-32	12
1158494	396	-24	12
1158499	382	-16	12
1158514	374	-10	12
1158529	369	2	12
1158545	369	9	12
1158560	374	13	12
1158576	378	14	12
1158591	387	20	12
1158596	396	21	12
1158613	410	23	12
1158628	423	26	12
1158643	436	18	12
1158658	446	19	12
1158673	459	25	12
1158688	472	27	12
1158703	486	18	12
1158708	500	10	12
1158724	504	8	12
1158739	508	17	12
1158754	518	13	12
1158769	526	3	12
1158784	526	1	12
1158799	526	-2	12
1158804	526	-6	12
1158819	526	-13	12
1158834	518	-13	12
1158849	513	-9	12
1158864	508	0	12
1158879	508	10	12
1158894	508	14	12
1158909	518	7	12
1158914	522	4	12
1158929	522	2	12
1158944	522	-3	12
1158959	522	-11	12
1158974	518	-8	12
1158989	513	6	12
1159004	513	7	12
1159009	518	4	12
1159024	522	11	12
1159039	526	12	12
1159054	536	9	12
1159069	540	5	12
1159084	540	5	12
1159104	544	4	12
1159109	544	3	12
1159124	549	6	12
1159139	554	14	12
1159154	558	14	12
1159169	567	13	12
1159184	576	14	12
1159199	580	17	12
1159214	594	10	12
1159220	598	-1	12
1159237	598	-5	12
1159252	598	-4	12
1159267	594	-11	12
1159282	590	-15	12
1159297	580	-11	12
1159312	576	-7	12
1159317	572	-2	12
1159332	572	4	12
1159347	572	6	12
1159362	572	-1	12
1159377	572	2	12
1159392	572	0	12
1159407	572	-4	12
1159412	572	-13	12
1159427	567	-5	12
1159442	562	2	12
1159457	562	-1	12
1159472	562	-8	12
1159487	558	-10	12
1159502	554	-3	12
1159517	554	-2	12
1159522	554	-3	12
1159538	549	-2	12
1159553	549	4	12
1159568	549	10	12
1159583	554	15	12
1159598	562	15	12
1159613	572	13	12
1159618	576	13	12
1159633	585	15	12
1159648	594	12	12
1159663	598	9	12
1159678	603	12	12
1159693	612	19	12
1159708	621	18	12
1159728	630	8	12
1159733	634	6	12
1159748	639	6	12
1159763	644	-1	12
1159778	644	-3	12
1159793	644	7	12
1159808	644	11	12
1159823	652	9	12
1159828	657	4	12
1159843	657	-3	12
1159858	657	-10	12
1159873	657	-18	12
1159888	644	-16	12
1159903	634	-15	12
1159918	626	-17	12
1159924	616	-20	12
1159938	608	-22	12
1159953	594	-27	12
1159968	580	-35	12
1159983	558	-33	12
1159998	540	-28	12
1160013	526	-19	12
1160028	513	-19	12
1160033	504	-16	12
1160048	495	-8	12
1160063	490	-4	12
1160078	486	0	12
1160093	486	9	12
1160108	490	13	12
1160128	495	7	12
1160133	500	11	12
1160148	508	15	12
1160163	513	20	12
1160178	526	22	12
1160193	540	27	12
1160208	554	22	12
1160223	567	14	12
1160228	576	8	12
1160243	580	11	12
1160258	585	13	12
1160273	594	8	12
1160288	598	5	12
1160303	598	1	12
1160319	598	-6	12
1160334	598	-11	12
1160339	594	-9	12
1160355	590	-5	12
1160371	585	-5	12
1160387	585	-7	12
1160403	580	-3	12
1160418	576	-3	12
1160433	576	-12	12
1160438	572	-17	12
1160454	558	-19	12
1160469	549	-26	12
1160484	536	-32	12
1160499	518	-31	12
1160514	500	-26	12
1160529	486	-20	12
1160544	472	-14	12
1160550	464	-9	12
1160564	459	-13	12
1160579	454	-15	12
1160595	446	-5	12
1160610	441	2	12
1160625	441	2	12
1160640	441	0	12
1160645	441	1	12
1160660	441	10	12
1160676	446	13	12
1160691	454	13	12
1160706	459	12	12
1160721	468	16	12
1160736	477	20	12
1160741	486	14	12
1160756	495	13	12
1160771	504	6	12
1160786	508	4	12
1160802	508	7	12
1160817	513	3	12
1160832	513	-5	12
1160847	513	-7	12
1160852	513	0	12
1160867	513	1	12
1160882	513	-3	12
1160897	508	-6	12
1160912	508	-3	12
1160927	504	-10	12
1160943	500	-20	12
1160948	490	-28	12
1160963	472	-30	12
1160978	454	-28	12
1160993	441	-19	12
1161008	428	-15	12
1161023	423	-9	12
1161038	414	-5	12
1161053	414	2	12
1161058	414	6	12
1161073	414	1	12
1161088	414	-1	12
1161103	414	1	12
1161118	414	-1	12
1161133	414	-11	12
1161148	410	-10	12
1161153	405	0	12
1161168	405	7	12
1161183	405	7	12
1161198	410	10	12
1161213	414	14	12
1161228	423	16	12
1161248	432	12	12
1161253	441	9	12
1161268	446	7	12
1161283	450	9	12
1161298	454	15	12
1161313	464	13	12
1161328	468	4	12
1161343	472	-3	12
1161359	472	3	12
1161364	472	2	12
1161379	472	-9	12
1161395	472	-13	12
1161410	464	-6	12
1161426	459	-3	12
1161441	459	-7	12
1161457	454	-12	12
1161462	450	-16	12
1161477	441	-15	12
1161492	432	-13	12
1161507	423	-6	12
1161522	418	-5	12
1161537	418	-7	12
1161552	414	-5	12
1161557	410	-1	12
1161572	410	-5	12
1161587	405	-9	12
1161602	400	-1	12
1161617	400	9	12
1161633	400	7	12
1161648	405	1	12
1161663	405	2	12
1161668	410	5	12
1161683	410	7	12
1161698	414	7	12
1161714	418	10	12
1161729	423	4	12
1161744	428	4	12
1161759	428	6	12
1161764	432	-1	12
1161779	432	-9	12
1161794	432	-10	12
1161809	423	-5	12
1161824	423	-7	12
1161839	418	-17	12
1161854	410	-16	12
1161870	400	-9	12
1161875	396	-6	12
1161891	392	-4	12
1161906	387	-1	12
1161921	387	4	12
1161936	387	11	12
1161951	392	8	12
1161966	396	7	12
1161971	400	1	12
1161986	400	-1	12
1162001	400	8	12
1162016	405	13	12
1162031	414	15	12
1162046	423	20	12
1162061	432	28	12
1162067	450	23	12
1162081	464	15	12
1162096	468	14	12
1162111	477	16	12
1162126	486	12	12
1162141	495	6	12
1162156	495	6	12
1162176	500	4	12
1162181	504	1	12
1162196	504	0	12
1162211	504	1	12
1162226	504	-2	12
1162241	504	-2	12
1162256	504	-2	12
1162271	504	-6	12
1162276	500	-14	12
1162291	495	-13	12
1162307	486	-4	12
1162322	482	-4	12
1162337	482	-14	12
1162353	472	-14	12
1162368	464	-7	12
1162383	464	-6	12
1162388	459	-8	12
1162403	454	-11	12
1162418	446	-8	12
1162433	441	-6	12
1162448	441	-3	12
1162463	436	2	12
1162478	436	2	12
1162483	436	0	12
1162498	436	3	12
1162513	436	4	12
1162528	441	-5	12
1162543	441	-3	12
1162558	441	9	12
1162573	441	19	12
1162578	450	18	12
1162593	464	13	12
1162608	468	15	12
1162623	477	16	12
1162638	486	9	12
1162653	490	0	12
1162668	490	-2	12
1162688	490	-2	12
1162693	490	-2	12
1162708	490	2	12
1162723	490	8	12
1162738	495	9	12
1162753	500	18	12
1162768	508	27	12
1162783	522	20	12
1162788	536	8	12
1162803	540	10	12
1162818	544	15	12
1162833	554	10	12
1162848	558	5	12
1162863	562	9	12
1162878	567	10	12
1162883	572	3	12
1162898	576	-6	12
1162913	576	-7	12
1162928	572	-12	12
1162943	562	-21	12
1162958	554	-28	12
1162973	536	-32	12
1162988	518	-35	12
1162993	500	-36	12
1163008	477	-32	12
1163023	459	-34	12
1163038	441	-40	12
1163053	418	-32	12
1163068	400	-27	12
1163088	387	-25	12
1163093	374	-21	12
1163108	360	-10	12
1163123	356	-1	12
1163138	356	-3	12
1163154	351	-3	12
1163170	351	5	12
1163186	351	5	12
1163202	351	1	12
1163208	351	-1	12
1163223	351	8	12
1163238	356	8	12
1163253	360	13	12
1163269	369	20	12
1163284	378	25	12
1163299	396	20	12
1163304	405	19	12
1163320	414	24	12
1163335	428	20	12
1163350	441	13	12
1163365	450	14	12
1163381	454	18	12
1163396	468	15	12
1163401	472	13	12
1163416	482	16	12
1163431	490	12	12
1163446	500	7	12
1163461	500	3	12
1163476	504	5	12
1163491	504	5	12
1163506	508	4	12
1163511	513	9	12
1163526	518	11	12
1163541	522	4	12
1163556	526	-2	12
1163571	526	6	12
1163586	526	10	12
1163601	531	0	12
1163607	531	-6	12
1163621	531	-7	12
1163636	531	-8	12
1163651	526	-13	12
1163666	518	-12	12
1163681	508	-16	12
1163696	500	-21	12
1163701	490	-20	12
1163716	477	-16	12
1163731	468	-18	12
1163746	459	-25	12
1163761	446	-27	12
1163776	432	-20	12
1163791	418	-16	12
1163806	410	-8	12
1163811	405	4	12
1163826	405	6	12
1163841	405	1	12
1163856	410	-1	12
1163871	410	5	12
1163886	410	7	12
1163901	414	6	12
1163907	418	9	12
1163921	423	18	12
1163936	432	19	12
1163951	441	11	12
1163966	450	15	12
1163981	459	19	12
1163996	468	20	12
1164016	482	16	12
1164021	490	14	12
1164036	495	14	12
1164051	504	11	12
1164066	508	9	12
1164081	518	5	12
1164096	518	1	12
1164111	518	-3	12
1164116	518	-2	12
1164131	518	-3	12
1164146	518	-7	12
1164161	513	-11	12
1164176	508	-11	12
1164191	504	-8	12
1164206	500	-11	12
1164211	490	-3	12
1164226	490	3	12
1164241	490	1	12
1164256	490	-4	12
1164271	490	-3	12
1164286	486	-3	12
1164301	486	-11	12
1164316	482	-7	12
1164321	477	0	12
1164337	477	3	12
1164352	477	3	12
1164367	477	9	12
1164382	482	17	12
1164397	490	17	12
1164412	500	14	12
1164417	508	16	12
1164432	518	12	12
1164447	522	12	12
1164462	531	12	12
1164477	536	16	12
1164492	544	11	12
1164507	554	7	12
1164527	558	10	12
1164532	562	10	12
1164547	567	8	12
1164562	572	11	12
1164577	576	19	12
1164592	590	20	12
1164607	598	10	12
1164622	608	4	12
1164627	608	4	12
1164642	612	0	12
1164659	612	-3	12
1164674	612	2	12
1164689	612	4	12
1164704	612	-2	12
1164719	612	-6	12
1164724	612	-7	12
1164739	608	-10	12
1164754	603	-7	12
1164769	598	-8	12
1164784	594	-5	12
1164799	590	-18	12
1164814	580	-32	12
1164829	562	-41	12
1164834	540	-44	12
1164849	513	-45	12
1164864	490	-40	12
1164879	468	-31	12
1164894	450	-26	12
1164909	436	-27	12
1164924	418	-27	12
1164929	405	-25	12
1164944	392	-23	12
1164959	378	-21	12
1164974	364	-23	12
1164989	351	-28	12
1165004	338	-30	12
1165024	320	-17	12
1165029	310	-4	12
1165044	306	0	12
1165059	306	-1	12
1165075	306	8	12
1165090	306	12	12
1165105	315	9	12
1165120	320	6	12
1165135	324	7	12
1165140	328	10	12
1165155	333	12	12
1165170	338	10	12
1165185	346	9	12
1165200	351	15	12
1165215	360	14	12
1165230	364	13	12
1165235	374	7	12
1165250	378	2	12
1165265	378	3	12
1165280	382	7	12
1165295	382	4	12
1165310	387	0	12
1165326	387	0	12
1165341	387	-1	12
1165346	387	-6	12
1165361	387	-17	12
1165376	378	-15	12
1165391	369	-14	12
1165406	360	-14	12
1165421	351	-20	12
1165436	342	-18	12
1165441	333	-21	12
1165456	320	-21	12
1165471	306	-21	12
1165486	297	-26	12
1165501	284	-27	12
1165516	266	-23	12
1165536	252	-22	12
1165542	243	-32	12
1165556	225	-32	12
1165571	207	-27	12
1165586	189	-19	12
1165601	180	-12	12
1165616	171	-1	12
1165631	171	13	12
1165646	176	20	12
1165651	184	18	12
1165666	198	19	12
1165681	207	24	12
1165696	220	27	12
1165711	234	23	12
1165726	248	22	12
1165741	261	25	12
1165746	274	23	12
1165761	288	18	12
1165776	297	21	12
1165791	310	24	12
1165806	324	24	12
1165821	338	18	12
1165836	346	12	12
1165841	356	4	12
1165856	356	-3	12
1165871	356	-8	12
1165886	356	-11	12
1165901	346	-9	12
1165916	342	-4	12
1165931	342	-3	12
1165951	338	-8	12
1165957	333	-17	12
1165971	324	-16	12
1165986	315	-12	12
1166001	310	-16	12
1166016	302	-26	12
1166031	284	-29	12
1166046	270	-24	12
1166051	256	-21	12
1166066	243	-21	12
1166081	234	-12	12
1166096	225	3	12
1166111	225	14	12
1166126	230	17	12
1166142	238	23	12
1166157	252	32	12
1166163	270	37	12
1166178	292	35	12
1166193	310	29	12
1166208	328	24	12
1166223	342	23	12
1166239	356	21	12
1166254	364	18	12
1166259	378	11	12
1166275	382	12	12
1166290	392	16	12
1166305	400	18	12
1166320	410	7	12
1166335	414	7	12
1166350	418	8	12
1166356	423	7	12
1166370	423	1	12
1166385	428	-8	12
1166400	423	-13	12
1166415	418	-16	12
1166430	410	-11	12
1166446	400	-11	12
1166461	396	-9	12
1166466	392	-7	12
1166481	387	-14	12
1166496	378	-23	12
1166511	364	-31	12
1166526	351	-31	12
1166541	333	-26	12
1166556	315	-23	12
1166561	306	-17	12
1166576	292	-14	12
1166591	288	-14	12
1166606	279	-10	12
1166621	274	-2	12
1166636	270	8	12
1166656	274	19	12
1166671	284	20	12
1166676	292	22	12
1166691	306	23	12
1166706	320	24	12
1166721	333	23	12
1166736	346	33	12
1166752	364	41	12
1166767	387	33	12
1166772	405	24	12
1166787	418	20	12
1166803	432	22	12
1166818	446	20	12
1166833	454	18	12
1166848	464	10	12
1166863	472	2	12
1166868	472	-2	12
1166883	472	-7	12
1166898	472	-10	12
1166913	464	-13	12
1166928	459	-7	12
1166943	454	0	12
1166958	454	2	12
1166973	454	2	12
1166978	454	3	12
1166993	454	0	12
1167008	454	-11	12
1167023	450	-26	12
1167038	436	-32	12
1167053	418	-30	12
1167068	400	-23	12
1167074	387	-18	12
1167088	378	-13	12
1167103	374	-16	12
1167118	364	-18	12
1167133	351	-8	12
1167148	346	5	12
1167168	346	8	12
1167174	351	6	12
1167190	356	8	12
1167205	360	6	12
1167220	364	6	12
1167236	364	8	12
1167251	369	19	12
1167266	382	29	12
1167282	396	25	12
1167287	410	19	12
1167303	423	15	12
1167319	432	12	12
1167335	436	8	12
1167352	441	6	12
1167367	446	5	12
1167383	450	4	12
1167388	450	8	12
1167404	454	3	12
1167410	454	-8	12
1167426	454	-19	12
1167442	446	-18	12
1167458	436	-14	12
1167473	428	-19	12
1167488	418	-22	12
1167493	405	-11	12
1167508	396	1	12
1167523	396	4	12
1167538	396	0	12
1167553	396	-9	12
1167568	396	-9	12
1167583	392	-7	12
1167589	387	-2	12
1167604	387	1	12
1167619	387	3	12
1167634	387	2	12
1167649	387	1	12
1167664	387	-4	12
1167679	387	-15	12
1167685	378	-17	12
1167700	369	-13	12
1167716	360	-11	12
1167731	356	-14	12
1167747	346	-14	12
1167762	342	-11	12
1167777	333	-9	12
1167792	328	-10	12
1167798	324	-3	12
1167812	320	7	12
1167827	320	9	12
1167842	328	15	12
1167857	333	16	12
1167872	342	12	12
1167887	351	8	12
1167892	356	10	12
1167907	360	11	12
1167922	369	7	12
1167937	369	-1	12
1167952	369	-1	12
1167967	369	4	12
1167982	374	2	12
1167987	374	0	12
1168002	374	1	12
1168017	374	3	12
1168032	374	0	12
1168047	374	-4	12
1168062	374	-3	12
1168077	374	-7	12
1168092	374	-5	12
1168097	369	-6	12
1168112	364	-4	12
1168127	364	-3	12
1168143	360	4	12
1168158	360	6	12
1168173	364	3	12
1168188	364	1	12
1168193	364	2	12
1168208	364	-3	12
1168223	364	-12	12
1168238	360	-14	12
1168253	356	-7	12
1168268	351	0	12
1168288	351	-3	12
1168303	346	-2	12
1168308	346	6	12
1168324	346	17	12
1168339	356	17	12
1168354	364	17	12
1168369	374	19	12
1168384	387	20	12
1168399	396	17	12
1168404	405	17	12
1168419	418	20	12
1168434	428	21	12
1168449	441	24	12
1168464	454	24	12
1168479	468	20	12
1168494	477	10	12
1168499	482	7	12
1168514	486	6	12
1168529	490	1	12
1168544	490	-5	12
1168559	490	-4	12
1168574	490	-2	12
1168589	490	0	12
1168604	490	3	12
1168609	490	5	12
1168625	490	-2	12
1168640	490	-7	12
1168655	490	-9	12
1168670	482	-9	12
1168686	477	-14	12
1168701	472	-18	12
1168707	459	-21	12
1168721	450	-23	12
1168736	436	-33	12
1168752	418	-39	12
1168767	396	-33	12
1168782	378	-26	12
1168797	360	-17	12
1168812	351	-8	12
1168817	346	-4	12
1168832	346	-2	12
1168847	346	3	12
1168862	346	13	12
1168877	351	15	12
1168892	360	14	12
1168907	364	19	12
1168912	378	20	12
1168927	387	11	12
1168942	396	2	12
1168957	396	5	12
1168972	396	5	12
1168987	400	0	12
1169007	400	-4	12
1169012	400	-2	12
1169027	400	1	12
1169044	400	6	12
1169060	400	10	12
1169075	405	7	12
1169090	410	3	12
1169105	414	3	12
1169120	414	5	12
1169125	418	6	12
1169140	418	-2	12
1169155	418	-7	12
1169170	418	-3	12
1169185	418	-1	12
1169200	418	-4	12
1169215	414	3	12
1169220	414	11	12
1169235	418	5	12
1169250	423	-5	12
1169265	423	-10	12
1169280	418	-14	12
1169295	410	-20	12
1169310	396	-19	12
1169315	387	-13	12
1169330	378	-7	12
1169345	378	0	12
1169360	378	1	12
1169375	378	-5	12
1169390	374	-7	12
1169406	369	-5	12
1169421	369	-3	12
1169426	364	-7	12
1169441	360	-11	12
1169456	356	-7	12
1169471	351	0	12
1169486	351	6	12
1169501	351	12	12
1169516	356	22	12
1169521	369	25	12
1169536	382	22	12
1169551	396	21	12
1169566	410	22	12
1169581	418	17	12
1169596	432	8	12
1169612	436	4	12
1169632	436	4	12
1169637	441	4	12
1169652	441	2	12
1169667	441	5	12
1169682	446	3	12
1169697	446	4	12
1169712	450	8	12
1169727	454	13	12
1169732	459	10	12
1169747	468	14	12
1169762	472	19	12
1169777	486	21	12
1169793	495	10	12
1169808	504	13	12
1169823	508	16	12
1169828	518	15	12
1169843	526	14	12
1169858	536	17	12
1169873	544	19	12
1169888	554	12	12
1169903	562	2	12
1169918	562	3	12
1169933	567	1	12
1169938	567	-11	12
1169953	562	-21	12
1169968	554	-17	12
1169983	540	-17	12
1169998	531	-24	12
1170013	518	-27	12
1170028	504	-23	12
1170033	490	-25	12
1170048	477	-27	12
1170063	464	-26	12
1170078	446	-32	12
1170093	428	-37	12
1170108	410	-35	12
1170124	387	-30	12
1170140	374	-27	12
1170146	356	-23	12
1170162	342	-16	12
1170177	333	-13	12
1170192	328	-12	12
1170207	320	-6	12
1170222	315	4	12
1170237	315	6	12
1170242	320	7	12
1170257	324	8	12
1170272	328	12	12
1170287	333	16	12
1170302	342	17	12
1170317	351	17	12
1170333	360	19	12
1170338	374	11	12
1170353	378	6	12
1170368	382	13	12
1170383	392	21	12
1170398	400	23	12
1170413	414	23	12
1170428	428	26	12
1170443	441	19	12
1170448	454	13	12
1170463	459	16	12
1170478	468	11	12
1170493	477	-3	12
1170509	477	-14	12
1170524	468	-16	12
1170539	459	-15	12
1170544	450	-16	12
1170559	441	-14	12
1170574	436	-10	12
1170589	428	-16	12
1170604	418	-21	12
1170619	410	-20	12
1170639	396	-16	12
1170644	387	-18	12
1170659	378	-17	12
1170674	369	-15	12
1170690	360	-10	12
1170705	356	-15	12
1170721	346	-14	12
1170736	338	-9	12
1170751	333	-4	12
1170756	333	-7	12
1170771	328	-1	12
1170786	328	3	12
1170801	328	-1	12
1170816	328	1	12
1170831	328	9	12
1170846	328	8	12
1170852	333	7	12
1170866	338	11	12
1170881	342	14	12
1170896	351	10	12
1170911	356	10	12
1170926	364	14	12
1170941	369	12	12
1170956	378	8	12
1170961	382	9	12
1170976	387	17	12
1170991	396	22	12
1171006	410	25	12
1171021	423	24	12
1171037	436	24	12
1171052	450	15	12
1171057	459	9	12
1171072	464	6	12
1171087	468	4	12
1171102	468	2	12
1171117	472	5	12
1171132	472	10	12
1171152	477	6	12
1171157	482	1	12
1171172	482	-3	12
1171187	482	-8	12
1171203	482	-17	12
1171218	472	-20	12
1171233	459	-17	12
1171248	450	-18	12
1171263	441	-22	12
1171268	428	-23	12
1171283	414	-20	12
1171298	405	-21	12
1171313	392	-11	12
1171328	387	-4	12
1171343	382	-7	12
1171358	378	-18	12
1171363	369	-16	12
1171378	360	-15	12
1171393	351	-14	12
1171408	342	-17	12
1171424	333	-13	12
1171439	328	-10	12
1171454	320	-13	12
1171459	315	-19	12
1171475	302	-11	12
1171490	297	-2	12
1171505	297	3	12
1171520	297	8	12
1171535	297	14	12
1171551	306	17	12
1171566	315	23	12
1171571	328	29	12
1171587	346	30	12
1171602	360	20	12
1171617	374	17	12
1171632	382	21	12
1171647	396	20	12
1171662	405	20	12
1171667	418	29	12
1171682	432	39	12
1171697	454	32	12
1171712	472	19	12
1171727	486	14	12
1171742	490	18	12
1171757	504	16	12
1171772	513	12	12
1171777	518	8	12
1171793	522	3	12
1171808	522	-2	12
1171823	522	-3	12
1171838	522	2	12
1171853	522	-2	12
1171868	522	-10	12
1171873	518	-8	12
1171888	513	-6	12
1171903	513	-12	12
1171918	504	-10	12
1171933	500	3	12
1171948	500	-1	12
1171963	500	-9	12
1171968	495	-14	12
1171983	486	-14	12
1171998	482	-19	12
1172013	468	-19	12
1172029	459	-2	12
1172044	459	3	12
1172059	459	0	12
1172079	459	-1	12
1172084	459	4	12
1172099	459	3	12
1172114	459	-2	12
1172129	459	2	12
1172144	459	5	12
1172159	459	0	12
1172174	459	0	12
1172179	459	8	12
1172194	464	14	12
1172209	472	15	12
1172224	482	14	12
1172239	490	14	12
1172254	500	10	12
1172269	504	7	12
1172284	508	6	12
1172289	508	10	12
1172304	518	7	12
1172319	522	10	12
1172334	526	24	12
1172349	540	24	12
1172364	554	11	12
1172384	558	9	12
1172389	562	18	12
1172404	576	17	12
1172419	585	5	12
1172435	585	1	12
1172450	585	5	12
1172465	590	3	12
1172480	590	0	12
1172486	590	-4	12
1172502	590	-4	12
1172517	590	-1	12
1172532	590	-3	12
1172547	590	-4	12
1172562	585	-15	12
1172577	576	-13	12
1172592	572	-13	12
1172598	562	-19	12
1172612	554	-31	12
1172627	536	-34	12
1172642	518	-22	12
1172657	504	-12	12
1172673	495	-15	12
1172688	490	-12	12
1172693	482	-3	12
1172708	482	-1	12
1172723	482	-4	12
1172738	477	1	12
1172753	477	5	12
1172768	477	4	12
1172783	477	6	12
1172789	482	4	12
1172803	486	-4	12
1172818	486	-20	12
1172833	477	-15	12
1172848	468	3	12
1172863	468	6	12
1172878	468	4	12
1172893	468	9	12
1172898	477	13	12
1172914	482	9	12
1172930	486	3	12
1172946	490	4	12
1172961	490	2	12
1172976	490	-4	12
1172991	490	-5	12
1172996	490	-1	12
1173011	490	-4	12
1173026	490	-7	12
1173041	486	-1	12
1173056	486	4	12
1173071	486	2	12
1173086	486	-4	12
1173101	486	-5	12
1173106	482	-5	12
1173121	482	-6	12
1173136	477	-4	12
1173151	472	-6	12
1173166	472	-11	12
1173181	464	-12	12
1173196	459	-8	12
1173201	454	-11	12
1173216	446	-15	12
1173231	436	-9	12
1173246	432	-6	12
1173261	432	-6	12
1173276	428	0	12
1173291	428	4	12
1173297	428	8	12
1173312	428	5	12
1173327	432	4	12
1173342	436	8	12
1173357	441	9	12
1173372	446	6	12
1173387	446	4	12
1173408	450	3	12
1173413	450	6	12
1173428	454	-1	12
1173443	454	1	12
1173458	454	1	12
1173473	454	-1	12
1173488	454	-2	12
1173503	454	-1	12
1173508	454	-1	12
1173523	454	-5	12
1173538	454	-2	12
1173553	454	2	12
1173568	454	-8	12
1173583	450	-14	12
1173598	441	-7	12
1173604	436	-2	12
1173618	436	-8	12
1173633	432	-14	12
1173648	423	-4	12
1173663	423	4	12
1173678	423	0	12
1173693	423	-7	12
1173708	418	-16	12
1173713	410	-22	12
1173728	400	-20	12
1173743	387	-12	12
1173758	382	-10	12
1173774	374	-7	12
1173789	369	1	12
1173804	369	12	12
1173809	374	11	12
1173824	382	1	12
1173839	382	-2	12
1173854	382	1	12
1173869	382	-2	12
1173884	382	-6	12
1173904	378	-1	12
1173919	378	3	12
1173924	378	0	12
1173939	378	-11	12
1173954	374	-26	12
1173969	360	-50	12
1173984	333	-60	12
1173999	297	-54	12
1174014	270	-46	12
1174020	243	-45	12
1174035	216	-37	12
1174050	198	-21	12
1174065	184	-19	12
1174080	176	-31	12
1174095	158	-35	12
1174110	135	-26	12
1174115	122	-19	12
1174130	112	-16	12
1174145	104	-8	12
1174160	99	-1	12
1174175	99	-1	12
1174190	94	-7	12
1174205	94	-2	12
1174220	90	-2	12
1174225	90	0	12
1174240	90	6	12
1174255	90	16	12
1174270	99	18	12
1174285	108	21	12
1174300	122	28	12
1174316	135	32	12
1174322	153	22	12
1174338	166	17	12
1174353	176	24	12
1174369	189	33	12
1174385	207	36	12
1174400	230	43	12
1174415	252	56	12
1174430	284	60	12
1174435	320	55	12
1174450	351	54	12
1174465	378	51	12
1174480	410	47	12
1174496	436	32	12
1174511	454	24	12
1174526	468	13	12
1174531	472	-5	12
1174546	472	-13	12
1174561	468	-15	12
1174576	459	-24	12
1174591	446	-29	12
1174606	428	-23	12
1174621	414	-20	12
1174627	405	-27	12
1174641	392	-33	12
1174656	369	-28	12
1174671	356	-30	12
1174686	338	-38	12
1174701	315	-37	12
1174716	297	-31	12
1174731	279	-28	12
1174736	261	-24	12
1174751	248	-13	12
1174766	243	1	12
1174781	243	1	12
1174796	243	-2	12
1174811	243	7	12
1174831	243	14	12
1174836	252	16	12
1174851	261	19	12
1174866	270	22	12
1174881	284	24	12
1174896	297	24	12
1174911	310	29	12
1174926	324	29	12
1174932	342	23	12
1174946	356	25	12
1174961	369	30	12
1174976	387	27	12
1174991	400	23	12
1175006	414	29	12
1175021	432	38	12
1175036	450	33	12
1175041	468	20	12
1175056	482	17	12
1175071	490	8	12
1175086	495	5	12
1175101	500	0	12
1175116	500	2	12
1175131	500	2	12
1175136	500	4	12
1175151	504	18	12
1175166	513	33	12
1175181	531	29	12
1175196	549	20	12
1175211	558	16	12
1175231	567	10	12
1175246	572	-3	12
1175251	572	-12	12
1175266	567	-9	12
1175281	562	-5	12
1175296	562	-6	12
1175311	558	-8	12
1175326	554	-10	12
1175341	549	-17	12
1175346	540	-19	12
1175361	526	-10	12
1175376	522	-8	12
1175391	518	-4	12
1175406	513	3	12
1175421	513	10	12
1175436	518	6	12
1175441	522	2	12
1175456	522	6	12
1175471	526	12	12
1175486	531	9	12
1175501	540	8	12
1175516	544	15	12
1175536	549	15	12
1175551	558	14	12
1175556	567	11	12
1175571	572	11	12
1175586	580	6	12
1175601	585	2	12
1175616	585	3	12
1175631	585	5	12
1175646	590	1	12
1175651	590	1	12
1175667	590	11	12
1175682	594	16	12
1175697	603	9	12
1175713	612	7	12
1175728	612	12	12
1175743	621	6	12
1175748	626	1	12
1175763	626	3	12
1175778	626	7	12
1175794	630	1	12
1175809	630	-3	12
1175824	630	-2	12
1175839	630	-4	12
1175854	630	-8	12
1175859	626	-7	12
1175874	621	-4	12
1175889	621	-8	12
1175904	616	-16	12
1175919	608	-15	12
1175934	598	-19	12
1175949	585	-24	12
1175954	572	-30	12
1175969	558	-31	12
1175985	540	-33	12
1176000	522	-31	12
1176015	504	-25	12
1176030	490	-14	12
1176045	482	-6	12
1176060	477	2	12
1176066	477	10	12
1176081	482	16	12
1176097	490	17	12
1176112	500	21	12
1176127	508	23	12
1176142	522	19	12
1176157	536	15	12
1176162	544	21	12
1176177	554	29	12
1176192	572	27	12
1176207	585	22	12
1176222	598	26	12
1176237	612	22	12
1176252	626	11	12
1176258	630	9	12
1176272	634	18	12
1176287	648	19	12
1176302	657	18	12
1176317	666	20	12
1176332	680	23	12
1176347	693	21	12
1176363	702	18	12
1176368	716	22	12
1176383	724	24	12
1176398	738	22	12
1176413	752	20	12
1176428	765	25	12
1176443	778	17	12
1176463	788	1	12
1176468	788	-1	12
1176483	788	-4	12
1176498	788	-14	12
1176513	778	-22	12
1176528	770	-18	12
1176543	756	-19	12
1176559	747	-30	12
1176574	729	-25	12
1176579	716	-18	12
1176594	706	-25	12
1176609	693	-29	12
1176624	675	-25	12
1176640	662	-21	12
1176655	648	-16	12
1176670	639	-15	12
1176675	634	-8	12
1176690	630	2	12
1176705	630	5	12
1176720	630	10	12
1176735	634	20	12
1176750	644	27	12
1176765	662	35	12
1176770	680	40	12
1176785	702	41	12
1176800	724	37	12
1176815	747	33	12
1176830	765	36	12
1176845	783	32	12
1176860	801	21	12
1176880	814	19	12
1176885	824	20	12
1176900	837	11	12
1176915	842	7	12
1176930	846	9	12
1176945	850	6	12
1176960	855	10	12
1176976	860	10	12
1176981	868	15	12
1176997	873	17	12
1177012	886	14	12
1177027	891	11	12
1177042	900	-5	12
1177058	900	-19	12
1177074	891	-32	12
1177079	873	-38	12
1177094	850	-34	12
1177109	832	-32	12
1177124	814	-23	12
1177139	801	-14	12
1177154	792	-10	12
1177169	788	-9	12
1177184	783	-2	12
1177189	778	0	12
1177204	778	-11	12
1177219	774	-15	12
1177234	765	-16	12
1177249	756	-16	12
1177264	747	-18	12
1177279	738	-9	12
1177284	734	2	12
1177299	734	5	12
1177314	734	7	12
1177329	738	19	12
1177344	747	32	12
1177359	765	37	12
1177374	788	40	12
1177389	810	49	12
1177394	837	51	12
1177409	864	42	12
1177424	886	39	12
1177440	909	34	12
1177455	927	28	12
1177470	945	23	12
1177485	958	18	12
1177490	968	16	12
1177505	976	11	12
1177520	981	14	12
1177535	990	16	12
1177550	999	10	12
1177565	1004	1	12
1177580	1008	3	12
1177585	1008	0	12
1177600	1008	-16	12
1177615	1004	-32	12
1177630	986	-32	12
1177646	968	-27	12
1177661	950	-32	12
1177676	932	-32	12
1177691	914	-23	12
1177696	904	-16	12
1177711	896	-18	12
1177726	882	-15	12
1177741	873	-10	12
1177756	868	-7	12
1177771	864	-2	12
1177791	864	2	12
1177796	864	7	12
1177811	864	10	12
1177826	873	16	12
1177841	882	20	12
1177856	891	24	12
1177871	904	24	12
1177886	918	24	12
1177901	932	25	12
1177906	945	16	12
1177921	954	11	12
1177936	963	14	12
1177951	968	18	12
1177966	981	6	12
1177981	981	-4	12
1177996	981	-4	12
1178001	981	-5	12
1178016	981	-8	12
1178031	976	-11	12
1178046	968	-12	12
1178061	963	-8	12
1178076	958	-8	12
1178091	954	-7	12
1178096	950	-17	12
1178111	940	-20	12
1178126	927	-19	12
1178141	918	-16	12
1178156	909	-14	12
1178171	900	-4	12
1178191	900	14	12
1178206	900	24	12
1178212	914	23	12
1178226	927	24	12
1178241	940	30	12
1178256	958	35	12
1178271	976	29	12
1178286	994	23	12
1178301	1008	19	12
1178306	1017	11	12
1178321	1026	7	12
1178336	1030	9	12
1178351	1035	16	12
1178366	1044	24	12
1178381	1058	32	12
1178396	1076	38	12
1178402	1094	36	12
1178416	1116	29	12
1178431	1134	29	12
1178446	1148	19	12
1178462	1161	4	12
1178477	1161	-6	12
1178492	1161	-13	12
1178508	1156	-21	12
1178513	1143	-31	12
1178528	1125	-20	12
1178543	1116	-6	12
1178558	1112	-2	12
1178573	1112	-6	12
1178588	1107	-5	12
1178603	1102	-8	12
1178609	1098	-15	12
1178623	1089	-29	12
1178639	1076	-42	12
1178655	1048	-46	12
1178670	1026	-43	12
1178685	999	-35	12
1178700	981	-24	12
1178715	968	-17	12
1178720	958	-6	12
1178735	954	6	12
1178750	954	10	12
1178765	958	4	12
1178780	963	7	12
1178795	968	16	12
1178815	976	23	12
1178820	986	18	12
1178835	999	25	12
1178850	1012	35	12
1178865	1030	41	12
1178880	1053	43	12
1178896	1080	51	12
1178911	1107	53	12
1178916	1138	44	12
1178933	1161	39	12
1178948	1184	40	12
1178963	1206	34	12
1178978	1224	26	12
1178993	1242	17	12
1179008	1251	12	12
1179023	1256	4	12
1179028	1260	-7	12
1179043	1260	-12	12
1179058	1251	-12	12
1179073	1246	-8	12
1179088	1242	1	12
1179103	1242	8	12
1179118	1242	9	12
1179123	1246	4	12
1179138	1251	1	12
1179153	1251	-8	12
1179168	1251	-20	12
1179183	1238	-31	12
1179198	1220	-32	12
1179213	1202	-29	12
1179218	1188	-31	12
1179233	1170	-28	12
1179248	1152	-22	12
1179263	1138	-19	12
1179278	1130	-18	12
1179293	1120	-14	12
1179309	1112	-11	12
1179324	1107	-7	12
1179329	1102	-10	12
1179344	1098	-10	12
1179359	1089	-5	12
1179374	1089	1	12
1179389	1089	9	12
1179404	1089	15	12
1179419	1098	15	12
1179424	1107	23	12
1179441	1120	30	12
1179456	1134	32	12
1179471	1152	27	12
1179486	1170	24	12
1179501	1184	29	12
1179516	1197	21	12
1179531	1210	11	12
1179537	1215	13	12
1179551	1224	19	12
1179566	1233	17	12
1179581	1246	10	12
1179596	1251	9	12
1179611	1256	13	12
1179631	1264	15	12
1179636	1269	20	12
1179651	1282	19	12
1179666	1292	18	12
1179681	1305	12	12
1179696	1310	9	12
1179711	1314	-2	12
1179726	1314	-15	12
1179732	1310	-21	12
1179746	1296	-17	12
1179761	1287	-16	12
1179776	1278	-18	12
1179791	1269	-19	12
1179806	1260	-19	12
1179821	1246	-17	12
1179837	1238	-24	12
1179842	1224	-21	12
1179858	1210	-26	12
1179874	1197	-33	12
1179890	1179	-37	12
1179905	1156	-27	12
1179920	1143	-22	12
1179935	1130	-24	12
1179940	1116	-17	12
1179955	1107	-5	12
1179970	1107	2	12
1179985	1107	4	12
1180000	1107	5	12
1180015	1107	11	12
1180030	1112	14	12
1180045	1120	15	12
1180050	1130	16	12
1180065	1138	12	12
1180080	1148	13	12
1180095	1152	13	12
1180110	1161	9	12
1180125	1166	4	12
1180140	1166	9	12
1180145	1174	13	12
1180160	1179	10	12
1180175	1184	5	12
1180190	1188	2	12
1180205	1188	3	12
1180220	1192	-3	12
1180235	1192	-12	12
1180240	1188	-16	12
1180256	1179	-13	12
1180271	1170	-17	12
1180286	1161	-16	12
1180301	1152	-11	12
1180316	1148	0	12
1180331	1148	1	12
1180351	1148	-3	12
1180357	1143	-15	12
1180371	1134	-24	12
1180386	1120	-28	12
1180401	1107	-20	12
1180416	1094	-9	12
1180431	1089	-2	12
1180446	1089	5	12
1180451	1089	12	12
1180466	1094	9	12
1180481	1098	1	12
1180497	1102	3	12
1180512	1102	3	12
1180527	1102	5	12
1180543	1107	7	12
1180548	1112	11	12
1180563	1116	9	12
1180578	1120	10	12
1180593	1130	15	12
1180608	1134	16	12
1180623	1143	14	12
1180638	1152	2	12
1180653	1152	-5	12
1180658	1152	-9	12
1180673	1152	-13	12
1180688	1143	-17	12
1180703	1134	-17	12
1180718	1125	-13	12
1180733	1116	-16	12
1180748	1107	-22	12
1180753	1094	-25	12
1180768	1080	-18	12
1180783	1071	-10	12
1180798	1066	-3	12
1180814	1062	-5	12
1180829	1062	-5	12
1180844	1058	-1	12
1180859	1058	7	12
1180864	1058	5	12
1180879	1062	0	12
1180894	1062	4	12
1180909	1062	7	12
1180924	1066	6	12
1180939	1071	5	12
1180959	1071	7	12
1180964	1076	11	12
1180979	1084	7	12
1180994	1084	-3	12
1181009	1084	-10	12
1181024	1084	-12	12
1181039	1076	-13	12
1181054	1071	-14	12
1181059	1062	-17	12
1181074	1053	-20	12
1181089	1040	-26	12
1181104	1026	-28	12
1181119	1008	-22	12
1181134	999	-16	12
1181149	990	-11	12
1181164	981	-9	12
1181169	976	-10	12
1181185	972	-10	12
1181201	968	-7	12
1181216	963	-4	12
1181231	958	-3	12
1181246	958	6	12
1181261	958	8	12
1181267	963	8	12
1181282	968	9	12
1181298	972	11	12
1181314	976	10	12
1181330	986	6	12
1181346	986	1	12
1181363	986	5	12
1181368	990	5	12
1181383	994	5	12
1181398	994	9	12
1181413	999	14	12
1181428	1008	20	12
1181443	1022	17	12
1181458	1030	11	12
1181473	1035	9	12
1181478	1040	10	12
1181493	1048	7	12
1181508	1048	1	12
1181524	1053	-1	12
1181539	1053	-4	12
1181554	1053	-1	12
1181569	1053	-3	12
1181574	1048	-6	12
1181589	1048	-11	12
1181604	1040	-10	12
1181619	1035	-12	12
1181634	1026	-18	12
1181649	1017	-26	12
1181664	1004	-24	12
1181679	990	-21	12
1181684	976	-26	12
1181700	963	-31	12
1181715	945	-28	12
1181730	932	-20	12
1181745	918	-9	12
1181760	914	-1	12
1181775	914	6	12
1181780	914	10	12
1181796	918	11	12
1181811	922	10	12
1181826	932	7	12
1181841	936	11	12
1181856	940	18	12
1181871	950	20	12
1181876	963	14	12
1181891	968	13	12
1181906	976	10	12
1181921	981	12	12
1181936	990	5	12
1181951	990	1	12
1181966	994	-3	12
1181981	994	-10	12
1181986	990	-12	12
1182001	981	-12	12
1182016	976	-16	12
1182031	968	-18	12
1182046	958	-17	12
1182061	945	-4	12
1182076	945	3	12
1182081	945	-2	12
1182096	945	0	12
1182111	945	5	12
1182126	945	5	12
1182141	945	-2	12
1182157	945	-16	12
1182172	940	-17	12
1182187	932	-13	12
1182192	922	-6	12
1182207	922	-8	12
1182222	918	-7	12
1182237	914	-3	12
1182252	909	3	12
1182267	909	-1	12
1182288	909	-4	12
1182293	909	3	12
1182308	909	16	12
1182323	918	17	12
1182338	927	13	12
1182353	932	17	12
1182368	940	22	12
1182383	954	30	12
1182389	972	31	12
1182403	990	25	12
1182418	1004	22	12
1182433	1017	18	12
1182448	1026	16	12
1182463	1035	9	12
1182478	1040	8	12
1182493	1044	9	12
1182498	1048	6	12
1182513	1053	4	12
1182528	1053	1	12
1182543	1058	3	12
1182558	1058	7	12
1182573	1062	5	12
1182588	1062	3	12
1182593	1066	0	12
1182610	1066	-2	12
1182625	1066	-7	12
1182641	1066	-11	12
1182657	1058	-14	12
1182673	1048	-23	12
1182688	1040	-29	12
1182693	1022	-30	12
1182708	1004	-35	12
1182723	986	-37	12
1182738	963	-41	12
1182753	940	-39	12
1182768	918	-38	12
1182783	896	-34	12
1182798	878	-31	12
1182803	860	-17	12
1182818	850	-13	12
1182833	846	-12	12
1182848	837	-14	12
1182863	828	-9	12
1182878	824	-6	12
1182893	819	-2	12
1182898	819	3	12
1182913	819	2	12
1182928	819	4	12
1182943	819	5	12
1182958	824	4	12
1182973	828	5	12
1182988	828	9	12
1183004	832	20	12
1183009	846	27	12
1183024	860	20	12
1183039	873	15	12
1183054	882	18	12
1183069	891	13	12
1183084	896	4	12
1183099	900	-4	12
1183104	900	-5	12
1183119	900	-6	12
1183134	896	-5	12
1183149	891	3	12
1183164	891	10	12
1183179	896	17	12
1183199	904	15	12
1183204	914	10	12
1183219	918	-1	12
1183234	918	-8	12
1183249	918	-7	12
1183264	914	-10	12
1183279	909	-15	12
1183294	900	-17	12
1183309	891	-18	12
1183314	882	-23	12
1183329	868	-29	12
1183344	850	-31	12
1183359	832	-27	12
1183374	819	-30	12
1183389	801	-36	12
1183404	783	-28	12
1183409	765	-20	12
1183425	756	-16	12
1183440	747	-16	12
1183455	738	-10	12
1183471	729	-10	12
1183486	724	-6	12
1183501	720	-2	12
1183507	720	5	12
1183521	720	13	12
1183536	729	17	12
1183552	738	24	12
1183567	752	20	12
1183582	760	18	12
1183597	770	14	12
1183612	778	18	12
1183618	788	21	12
1183632	801	14	12
1183647	810	11	12
1183662	814	10	12
1183677	819	3	12
1183692	824	3	12
1183707	824	8	12
1183713	828	12	12
1183728	837	11	12
1183743	842	10	12
1183758	846	12	12
1183773	855	3	12
1183788	855	-10	12
1183803	855	-21	12
1183823	842	-29	12
1183828	828	-33	12
1183843	806	-40	12
1183860	783	-48	12
1183875	756	-45	12
1183890	734	-41	12
1183905	711	-36	12
1183920	688	-34	12
1183925	670	-31	12
1183940	652	-19	12
1183955	644	-9	12
1183970	639	-12	12
1183985	630	-20	12
1184000	621	-19	12
1184016	608	-14	12
1184021	598	-12	12
1184036	594	-11	12
1184051	590	-3	12
1184066	585	4	12
1184081	585	12	12
1184096	590	15	12
1184111	598	15	12
1184126	608	14	12
1184131	616	12	12
1184146	621	11	12
1184161	630	12	12
1184176	634	14	12
1184191	644	11	12
1184206	648	7	12
1184221	652	2	12
1184226	652	0	12
1184241	652	-1	12
1184256	652	-7	12
1184271	652	-9	12
1184286	648	-11	12
1184302	644	-17	12
1184317	634	-16	12
1184332	626	-12	12
1184337	616	-11	12
1184352	612	-10	12
1184367	608	-9	12
1184382	598	-14	12
1184397	594	-21	12
1184412	580	-24	12
1184427	567	-25	12
1184432	554	-23	12
1184447	540	-20	12
1184462	531	-19	12
1184477	518	-15	12
1184492	508	-9	12
1184507	504	-14	12
1184527	495	-19	12
1184533	486	-16	12
1184548	477	-9	12
1184563	472	-6	12
1184579	468	-9	12
1184594	464	-9	12
1184609	459	-5	12
1184624	454	-9	12
1184639	450	-10	12
1184644	446	-11	12
1184659	441	-10	12
1184674	432	-6	12
1184689	432	-6	12
1184704	428	-1	12
1184719	428	-1	12
1184734	428	-8	12
1184740	423	-26	12
1184754	405	-59	12
1184769	374	-78	12
1184785	328	-80	12
1184800	284	-72	12
1184816	243	-58	12
1184831	212	-49	12
1184837	184	-34	12
1184851	166	-26	12
1184866	148	-25	12
1184881	135	-27	12
1184896	122	-24	12
1184911	108	-16	12
1184926	99	-6	12
1184941	94	0	12
1184946	94	-1	12
1184961	94	0	12
1184976	94	2	12
1184991	94	8	12
1185006	94	7	12
1185021	99	0	12
1185036	99	4	12
1185042	104	7	12
1185056	108	7	12
1185071	108	-3	12
1185086	108	-3	12
1185101	108	3	12
1185116	108	4	12
1185131	112	7	12
1185151	112	13	12
1185156	122	19	12
1185171	130	21	12
1185186	144	14	12
1185201	153	8	12
1185216	158	8	12
1185231	162	1	12
1185246	162	-6	12
1185251	162	-6	12
1185266	158	-10	12
1185281	153	-9	12
1185296	148	-8	12
1185311	144	-9	12
1185326	140	-14	12
1185341	130	-18	12
1185346	122	-23	12
1185361	108	-31	12
1185377	90	-37	12
1185392	68	-33	12
1185407	50	-29	12
1185422	36	-24	12
1185438	22	-20	12
1185453	9	-10	12
1185458	4	-6	12
1185473	0	-5	12
1185488	0	-5	12
1185503	3596	8	12
1185518	3596	13	12
1185533	4	16	12
1185548	14	16	12
1185553	22	17	12
1185568	32	20	12
1185583	40	25	12
1185598	54	28	12
1185613	72	31	12
1185628	90	30	12
1185643	108	28	12
1185648	122	25	12
1185663	135	20	12
1185678	148	16	12
1185693	158	12	12
1185708	162	10	12
1185723	166	13	12
1185739	176	16	12
1185754	184	15	12
1185759	194	7	12
1185774	198	2	12
1185789	198	4	12
1185804	202	7	12
1185819	202	1	12
1185839	207	-3	12
1185854	207	-2	12
1185859	207	-2	12
1185874	207	-8	12
1185889	202	-13	12
1185904	194	-14	12
1185919	184	-10	12
1185934	180	-10	12
1185949	176	-5	12
1185964	171	-6	12
1185970	166	-8	12
1185984	162	-12	12
1185999	158	-13	12
1186014	148	-13	12
1186029	144	-11	12
1186044	135	-5	12
1186059	135	3	12
1186065	135	9	12
1186079	135	15	12
1186094	144	18	12
1186109	153	21	12
1186124	166	18	12
1186139	176	22	12
1186159	189	26	12
1186164	202	25	12
1186180	216	16	12
1186196	225	11	12
1186211	234	6	12
1186226	234	8	12
1186241	238	11	12
1186256	248	13	12
1186271	252	21	12
1186276	266	22	12
1186291	279	15	12
1186306	288	7	12
1186321	292	-2	12
1186336	292	-1	12
1186351	292	-1	12
1186366	292	-2	12
1186371	292	-2	12
1186386	288	2	12
1186401	288	2	12
1186416	288	-3	12
1186431	288	-6	12
1186446	288	-4	12
1186461	284	-2	12
1186476	284	-8	12
1186481	279	-13	12
1186496	270	-16	12
1186511	261	-12	12
1186526	256	-13	12
1186541	248	-14	12
1186556	243	-14	12
1186571	234	-13	12
1186576	225	-3	12
1186591	225	0	12
1186606	225	11	12
1186621	225	21	12
1186636	238	24	12
1186651	252	25	12
1186671	266	23	12
1186676	279	24	12
1186691	292	26	12
1186706	306	25	12
1186721	320	22	12
1186736	333	18	12
1186751	342	15	12
1186766	351	8	12
1186781	356	3	12
1186787	360	7	12
1186801	360	-1	12
1186817	360	2	12
1186833	364	11	12
1186849	369	20	12
1186865	378	21	12
1186881	392	24	12
1186886	405	27	12
1186902	418	18	12
1186918	432	6	12
1186934	432	0	12
1186949	432	4	12
1186964	436	2	12
1186979	436	5	12
1186985	441	5	12
1186999	441	5	12
1187014	446	5	12
1187029	450	9	12
1187044	454	12	12
1187059	459	13	12
1187074	468	7	12
1187090	472	11	12
1187095	477	8	12
1187110	482	1	12
1187126	482	-8	12
1187141	482	-10	12
1187156	477	-8	12
1187171	472	-11	12
1187186	468	-12	12
1187191	459	-10	12
1187207	454	-8	12
1187222	450	-4	12
1187237	446	-2	12
1187252	446	2	12
1187268	446	8	12
1187283	446	8	12
1187298	450	15	12
1187303	459	14	12
1187318	468	7	12
1187333	472	0	12
1187349	472	4	12
1187364	472	9	12
1187379	482	11	12
1187395	486	15	12
1187400	495	21	12
1187415	504	24	12
1187430	518	21	12
1187445	531	21	12
1187460	544	20	12
1187475	554	16	12
1187490	562	16	12
1187496	572	9	12
1187510	576	2	12
1187525	580	-3	12
1187540	580	2	12
1187555	580	3	12
1187570	580	-1	12
1187585	580	-1	12
1187600	580	-2	12
1187605	580	-10	12
1187620	576	-18	12
1187635	567	-24	12
1187650	554	-30	12
1187665	536	-31	12
1187680	518	-25	12
1187696	504	-20	12
1187701	490	-14	12
1187716	486	-10	12
1187731	477	-4	12
1187746	477	3	12
1187761	477	5	12
1187776	477	8	12
1187791	482	16	12
1187806	490	22	12
1187811	504	22	12
1187826	518	19	12
1187841	526	19	12
1187856	536	14	12
1187871	544	9	12
1187886	549	9	12
1187901	554	14	12
1187906	562	14	12
1187921	572	10	12
1187936	576	10	12
1187951	580	13	12
1187966	590	11	12
1187981	594	10	12
1187996	603	12	12
1188001	608	11	12
1188016	612	11	12
1188031	621	11	12
1188046	626	14	12
1188061	634	14	12
1188076	644	17	12
1188091	652	18	12
1188111	662	23	12
1188117	675	20	12
1188131	684	13	12
1188146	693	8	12
1188161	698	4	12
1188177	702	1	12
1188193	702	7	12
1188209	706	8	12
1188214	711	3	12
1188229	711	-3	12
1188244	711	-10	12
1188259	706	-12	12
1188274	702	-24	12
1188289	688	-26	12
1188304	670	-19	12
1188310	662	-17	12
1188325	652	-17	12
1188340	644	-17	12
1188355	634	-16	12
1188370	626	-15	12
1188385	616	-18	12
1188400	608	-21	12
1188415	594	-21	12
1188420	580	-17	12
1188435	572	-16	12
1188450	562	-9	12
1188465	558	-9	12
1188480	554	-9	12
1188495	549	-1	12
1188510	549	9	12
1188515	549	15	12
1188530	558	16	12
1188545	567	28	12
1188560	580	30	12
1188575	598	23	12
1188590	612	21	12
1188605	626	22	12
1188620	634	18	12
1188626	648	12	12
1188640	652	17	12
1188655	662	17	12
1188670	670	13	12
1188686	680	7	12
1188701	684	14	12
1188716	693	11	12
1188721	698	8	12
1188736	702	10	12
1188751	706	13	12
1188766	716	10	12
1188781	720	9	12
1188796	724	16	12
1188812	734	18	12
1188818	742	16	12
1188832	752	15	12
1188847	760	17	12
1188862	770	13	12
1188877	778	7	12
1188893	783	14	12
1188908	792	18	12
1188923	801	11	12
1188928	806	1	12
1188944	806	0	12
1188959	806	0	12
1188974	806	-16	12
1188989	801	-26	12
1189004	788	-30	12
1189019	770	-36	12
1189025	752	-45	12
1189039	724	-42	12
1189054	702	-33	12
1189069	684	-32	12
1189084	666	-33	12
1189099	648	-27	12
1189119	630	-26	12
1189125	616	-28	12
1189139	603	-17	12
1189154	590	-9	12
1189169	585	-10	12
1189185	580	-3	12
1189200	580	8	12
1189215	580	14	12
1189230	590	9	12
1189235	594	6	12
1189250	594	16	12
1189265	603	18	12
1189280	616	9	12
1189295	621	8	12
1189310	626	16	12
1189326	634	15	12
1189331	644	1	12
1189346	644	1	12
1189363	644	0	12
1189378	644	-7	12
1189393	644	-19	12
1189409	634	-16	12
1189424	626	-18	12
1189439	612	-19	12
1189444	603	-15	12
1189459	594	-9	12
1189474	590	-14	12
1189489	580	-17	12
1189504	572	-14	12
1189519	562	-18	12
1189534	554	-24	12
1189540	540	-25	12
1189554	526	-13	12
1189569	518	-14	12
1189585	513	-19	12
1189601	500	-15	12
1189617	490	-10	12
1189633	486	-16	12
1189638	477	-17	12
1189654	468	-8	12
1189670	464	-1	12
1189685	464	3	12
1189700	464	5	12
1189715	464	13	12
1189730	472	16	12
1189745	482	15	12
1189750	486	19	12
1189765	500	23	12
1189780	513	19	12
1189795	522	18	12
1189810	531	17	12
1189825	540	8	12
1189841	544	-2	12
1189846	544	-3	12
1189861	544	7	12
1189876	549	2	12
1189891	549	1	12
1189906	549	4	12
1189921	554	6	12
1189936	554	-4	12
1189951	554	-8	12
1189957	554	-7	12
1189972	549	-10	12
1189987	544	-14	12
1190002	536	-13	12
1190017	526	-6	12
1190032	522	-8	12
1190047	518	-14	12
1190052	513	-16	12
1190067	504	-15	12
1190082	495	-11	12
1190097	486	-7	12
1190112	486	2	12
1190127	486	4	12
1190142	486	-2	12
1190147	486	1	12
1190162	486	4	12
1190177	486	-3	12
1190192	486	-5	12
1190207	486	6	12
1190222	486	7	12
1190237	486	2	12
1190252	490	1	12
1190257	490	6	12
1190273	495	-2	12
1190288	495	-7	12
1190303	490	0	12
1190318	490	3	12
1190333	490	-1	12
1190348	490	-3	12
1190353	490	1	12
1190368	490	2	12
1190384	490	2	12
1190399	490	6	12
1190414	495	12	12
1190429	500	8	12
1190444	504	3	12
1190449	508	1	12
1190464	508	-4	12
1190479	508	-13	12
1190494	500	-13	12
1190509	495	0	12
1190524	495	3	12
1190539	495	-2	12
1190559	495	4	12
1190564	495	12	12
1190579	500	8	12
1190594	504	-5	12
1190609	504	-6	12
1190624	504	-4	12
1190639	500	-13	12
1190654	490	-17	12
1190659	482	-18	12
1190674	472	-20	12
1190690	464	-22	12
1190705	450	-12	12
1190720	441	-4	12
1190736	441	6	12
1190752	441	16	12
1190767	450	32	12
1190772	468	32	12
1190787	486	26	12
1190802	500	24	12
1190817	513	24	12
1190832	526	18	12
1190847	536	12	12
1190863	544	15	12
1190868	554	25	12
1190883	567	22	12
1190898	576	16	12
1190913	585	22	12
1190928	598	24	12
1190943	612	14	12
1190958	621	7	12
1190963	626	1	12
1190978	626	-1	12
1190993	626	-8	12
1191009	626	-12	12
1191025	616	-11	12
1191041	612	-14	12
1191057	603	-9	12
1191073	598	-3	12
1191078	598	-4	12
1191093	594	-10	12
1191109	590	-15	12
1191124	580	-15	12
1191139	572	-24	12
1191154	558	-37	12
1191169	536	-39	12
1191174	518	-30	12
1191189	500	-22	12
1191204	486	-15	12
1191219	477	-8	12
1191234	472	-11	12
1191249	468	-17	12
1191264	459	-21	12
1191270	446	-20	12
1191285	436	-21	12
1191300	423	-17	12
1191315	414	-9	12
1191330	410	-6	12
1191345	405	-7	12
1191360	400	2	12
1191375	400	13	12
1191380	405	13	12
1191395	414	6	12
1191410	414	9	12
1191426	423	11	12
1191441	428	3	12
1191457	428	2	12
1191472	432	14	12
1191477	436	22	12
1191492	450	21	12
1191507	464	16	12
1191522	472	14	12
1191537	477	7	12
1191552	482	5	12
1191567	486	7	12
1191582	490	15	12
1191588	500	10	12
1191603	504	5	12
1191618	508	3	12
1191633	508	-2	12
1191648	508	-13	12
1191663	504	-17	12
1191678	495	-11	12
1191683	486	-12	12
1191698	482	-18	12
1191713	472	-16	12
1191728	464	-3	12
1191743	459	4	12
1191759	459	5	12
1191774	464	10	12
1191779	468	12	12
1191794	472	7	12
1191809	477	3	12
1191824	482	6	12
1191839	482	6	12
1191854	486	5	12
1191869	490	11	12
1191884	495	15	12
1191890	504	7	12
1191904	508	2	12
1191919	508	3	12
1191934	508	8	12
1191949	513	5	12
1191964	518	2	12
1191979	518	-5	12
1191985	518	-13	12
1191999	513	-22	12
1192014	500	-20	12
1192029	490	-15	12
1192044	482	-8	12
1192060	477	-6	12
1192075	472	4	12
1192096	472	-4	12
1192102	472	-19	12
1192116	464	-17	12
1192132	454	-7	12
1192147	450	-5	12
1192162	446	-8	12
1192177	441	-2	12
1192192	441	1	12
1192197	441	4	12
1192212	441	8	12
1192227	446	9	12
1192242	450	6	12
1192257	450	6	12
1192273	454	11	12
1192288	464	15	12
1192293	468	12	12
1192308	477	9	12
1192323	482	16	12
1192338	490	15	12
1192353	500	9	12
1192368	504	3	12
1192383	504	6	12
1192398	508	14	12
1192403	518	11	12
1192418	522	12	12
1192433	531	15	12
1192448	540	9	12
1192463	544	5	12
1192478	544	11	12
1192493	554	12	12
1192498	558	4	12
1192513	562	-1	12
1192528	562	-6	12
1192543	562	-12	12
1192558	554	-14	12
1192573	549	-9	12
1192588	540	-6	12
1192594	540	-6	12
1192609	536	-7	12
1192624	531	-3	12
1192639	531	1	12
1192654	531	-5	12
1192669	526	-2	12
1192684	526	2	12
1192699	526	3	12
1192705	526	-7	12
1192719	526	-6	12
1192734	522	2	12
1192749	522	10	12
1192764	526	7	12
1192779	526	3	12
1192794	531	2	12
1192799	531	1	12
1192814	531	5	12
1192829	536	17	12
1192844	544	17	12
1192859	554	14	12
1192874	562	19	12
1192894	572	25	12
1192909	585	15	12
1192914	594	10	12
1192929	598	18	12
1192944	612	22	12
1192959	621	17	12
1192974	634	8	12
1192989	639	7	12
1193004	639	6	12
1193009	644	2	12
1193024	644	-1	12
1193039	644	0	12
1193054	644	-4	12
1193069	644	0	12
1193084	644	3	12
1193099	644	3	12
1193105	648	0	12
1193119	648	-1	12
1193134	648	-3	12
1193149	648	-9	12
1193164	644	-19	12
1193179	630	-9	12
1193194	626	0	12
1193214	626	-3	12
1193219	626	-12	12
1193234	616	-11	12
1193249	612	-14	12
1193264	603	-23	12
1193279	590	-24	12
1193294	576	-16	12
1193309	567	-11	12
1193314	562	-8	12
1193330	558	-6	12
1193345	554	-1	12
1193360	554	0	12
1193375	554	-3	12
1193390	554	-5	12
1193405	549	-6	12
1193410	544	-8	12
1193425	540	4	12
1193440	540	13	12
1193455	549	18	12
1193470	558	18	12
1193485	567	17	12
1193500	576	17	12
1193515	585	10	12
1193520	594	5	12
1193535	594	12	12
1193550	603	19	12
1193565	612	15	12
1193580	621	12	12
1193595	630	13	12
1193615	634	10	12
1193620	639	7	12
1193635	644	9	12
1193650	648	12	12
1193665	657	10	12
1193680	662	8	12
1193695	666	3	12
1193710	670	-1	12
1193725	670	-3	12
1193731	670	-4	12
1193745	666	-6	12
1193761	666	-6	12
1193777	662	-8	12
1193793	657	-5	12
1193809	652	-6	12
1193824	652	-10	12
1193829	644	-6	12
1193844	644	-1	12
1193859	639	1	12
1193874	639	-1	12
1193889	639	2	12
1193904	639	7	12
1193919	644	8	12
1193925	648	8	12
1193939	652	4	12
1193954	652	3	12
1193969	657	0	12
1193984	657	0	12
1193999	657	4	12
1194014	657	1	12
1194029	657	-12	12
1194034	657	-16	12
1194049	648	-22	12
1194064	634	-22	12
1194079	621	-19	12
1194094	612	-13	12
1194109	603	-14	12
1194124	594	-14	12
1194129	590	-18	12
1194144	576	-18	12
1194159	567	-17	12
1194174	558	-11	12
1194189	554	1	12
1194204	554	5	12
1194219	554	1	12
1194234	554	0	12
1194239	554	6	12
1194254	554	16	12
1194269	562	17	12
1194284	572	16	12
1194299	580	17	12
1194314	594	17	12
1194334	603	13	12
1194339	608	13	12
1194354	616	2	12
1194369	616	-7	12
1194384	616	-14	12
1194399	608	-18	12
1194415	598	-29	12
1194430	585	-37	12
1194436	562	-35	12
1194450	544	-33	12
1194465	522	-29	12
1194480	508	-27	12
1194495	490	-19	12
1194510	482	-11	12
1194526	477	-6	12
1194541	472	-2	12
1194546	472	-2	12
1194561	468	-3	12
1194576	468	-3	12
1194591	468	-2	12
1194606	464	4	12
1194621	464	7	12
1194636	468	11	12
1194641	472	17	12
1194656	482	19	12
1194671	495	17	12
1194686	504	16	12
1194701	513	21	12
1194716	526	21	12
1194731	536	14	12
1194736	544	7	12
1194751	549	4	12
1194766	549	0	12
1194781	549	-1	12
1194796	549	-3	12
1194811	549	-10	12
1194826	544	-9	12
1194842	540	-2	12
1194847	540	6	12
1194862	540	7	12
1194877	544	5	12
1194892	544	9	12
1194907	554	5	12
1194927	554	1	12
1194942	554	-9	12
1194947	554	-9	12
1194962	549	-2	12
1194977	549	4	12
1194993	549	6	12
1195008	549	14	12
1195023	558	22	12
1195038	572	25	12
1195053	585	20	12
1195059	594	18	12
1195073	603	18	12
1195088	616	15	12
1195103	626	12	12
1195118	630	3	12
1195133	630	1	12
1195148	634	7	12
1195154	634	13	12
1195169	644	14	12
1195184	652	11	12
1195199	657	10	12
1195214	662	5	12
1195229	666	-4	12
1195244	666	-9	12
1195250	662	-16	12
1195265	652	-23	12
1195281	639	-30	12
1195296	626	-37	12
1195311	603	-36	12
1195326	585	-31	12
1195341	567	-31	12
1195356	549	-30	12
1195361	531	-34	12
1195376	513	-35	12
1195391	490	-34	12
1195406	472	-28	12
1195421	459	-28	12
1195436	441	-30	12
1195451	423	-31	12
1195456	410	-26	12
1195471	392	-23	12
1195486	378	-24	12
1195501	364	-16	12
1195516	356	-8	12
1195531	351	-1	12
1195546	351	6	12
1195566	351	12	12
1195571	360	18	12
1195586	369	23	12
1195602	382	26	12
1195617	396	21	12
1195632	410	15	12
1195647	418	17	12
1195662	428	17	12
1195667	436	15	12
1195683	446	10	12
1195698	450	11	12
1195713	454	19	12
1195728	468	22	12
1195743	477	12	12
1195758	486	4	12
1195763	486	3	12
1195778	490	5	12
1195793	490	-1	12
1195808	490	-1	12
1195823	490	3	12
1195838	495	1	12
1195853	495	-8	12
1195868	495	-16	12
1195874	486	-23	12
1195888	472	-25	12
1195903	459	-21	12
1195918	446	-21	12
1195933	432	-26	12
1195948	418	-24	12
1195963	405	-21	12
1195968	392	-24	12
1195983	378	-32	12
1195998	360	-30	12
1196013	346	-24	12
1196028	333	-20	12
1196043	320	-19	12
1196060	310	-14	12
1196065	302	-2	12
1196080	302	8	12
1196095	302	11	12
1196110	306	9	12
1196125	310	8	12
1196140	315	6	12
1196155	320	7	12
1196170	324	12	12
1196175	333	11	12
1196190	338	11	12
1196205	342	10	12
1196220	351	13	12
1196235	356	13	12
1196250	364	12	12
1196270	369	15	12
1196275	378	13	12
1196290	387	7	12
1196305	392	1	12
1196320	392	-6	12
1196335	392	-14	12
1196350	382	-11	12
1196365	378	-11	12
1196380	369	-16	12
1196385	360	-18	12
1196400	351	-17	12
1196415	342	-17	12
1196430	333	-23	12
1196445	320	-22	12
1196460	306	-20	12
1196476	297	-25	12
1196481	284	-31	12
1196496	266	-36	12
1196511	243	-30	12
1196526	230	-15	12
1196541	220	-2	12
1196556	216	13	12
1196571	220	29	12
1196576	238	30	12
1196591	256	32	12
1196606	274	29	12
1196621	288	26	12
1196636	302	28	12
1196651	320	33	12
1196666	338	38	12
1196686	360	34	12
1196691	378	27	12
1196706	392	24	12
1196721	405	22	12
1196736	418	12	12
1196752	428	6	12
1196767	428	2	12
1196782	432	-2	12
1196787	432	-12	12
1196802	428	-13	12
1196817	418	-18	12
1196832	410	-28	12
1196847	392	-33	12
1196862	374	-33	12
1196877	356	-34	12
1196882	338	-36	12
1196897	315	-37	12
1196912	297	-36	12
1196927	274	-35	12
1196943	256	-34	12
1196958	238	-30	12
1196973	220	-25	12
1196988	207	-25	12
1196993	194	-21	12
1197008	180	-10	12
1197023	176	-12	12
1197038	166	-17	12
1197053	158	-17	12
1197068	148	-9	12
1197083	144	-7	12
1197088	140	-8	12
1197103	135	3	12
1197118	135	14	12
1197133	140	15	12
1197148	148	16	12
1197163	158	21	12
1197178	171	19	12
1197194	180	16	12
1197199	189	14	12
1197214	198	15	12
1197229	207	14	12
1197245	216	19	12
1197260	225	26	12
1197276	238	24	12
1197292	252	16	12
1197297	261	10	12
1197313	266	7	12
1197328	270	-3	12
1197343	270	-8	12
1197359	270	1	12
1197374	270	6	12
1197389	270	-3	12
1197395	270	-9	12
1197409	266	-4	12
1197424	266	1	12
1197439	266	-3	12
1197454	261	-7	12
1197469	261	-9	12
1197484	252	-20	12
1197499	243	-27	12
1197505	230	-33	12
1197519	207	-40	12
1197534	184	-44	12
1197549	162	-33	12
1197564	144	-21	12
1197579	130	-20	12
1197594	122	-23	12
1197599	108	-14	12
1197614	99	-3	12
1197629	99	0	12
1197644	99	0	12
1197659	99	6	12
1197674	99	13	12
1197694	104	14	12
1197709	112	14	12
1197714	122	25	12
1197729	135	32	12
1197744	153	34	12
1197759	171	34	12
1197774	189	29	12
1197789	207	22	12
1197804	220	23	12
1197810	234	27	12
1197824	248	21	12
1197839	261	5	12
1197854	261	2	12
1197869	261	5	12
1197884	266	0	12
1197899	266	-11	12
1197905	266	-12	12
1197921	256	-12	12
1197937	252	-17	12
1197953	238	-28	12
1197969	225	-29	12
1197985	207	-29	12
1198001	194	-32	12
1198017	176	-34	12
1198022	153	-35	12
1198037	135	-37	12
1198052	112	-37	12
1198067	94	-28	12
1198082	76	-29	12
1198097	63	-26	12
1198112	45	-20	12
1198117	36	-7	12
1198132	32	-1	12
1198147	32	-2	12
1198162	32	13	12
1198177	32	25	12
1198192	50	19	12
1198207	58	12	12
1198212	63	16	12
1198227	72	19	12
1198242	86	6	12
1198257	90	-12	12
1198272	86	-27	12
1198287	72	-44	12
1198302	45	-58	12
1198317	14	-65	12
1198322	3578	-66	12
1198337	3537	-70	12
1198353	3501	-67	12
1198368	3460	-54	12
1198383	3434	-47	12
1198398	3406	-44	12
1198413	3380	-32	12
1198418	3362	-14	12
1198433	3352	-5	12
1198448	3352	-1	12
1198464	3352	4	12
1198479	3352	9	12
1198494	3352	6	12
1198509	3357	-1	12
1198524	3357	3	12
1198529	3357	7	12
1198544	3362	9	12
1198559	3366	16	12
1198574	3375	26	12
1198589	3393	29	12
1198604	3406	26	12
1198619	3424	27	12
1198625	3438	26	12
1198640	3452	18	12
1198655	3460	8	12
1198670	3465	10	12
1198685	3474	9	12
1198700	3478	6	12
1198715	3483	9	12
1198720	3488	14	12
1198735	3492	3	12
1198750	3496	-8	12
1198765	3496	-11	12
1198780	3488	-14	12
1198795	3483	-25	12
1198810	3465	-36	12
1198826	3447	-40	12
1198831	3424	-41	12
1198846	3402	-41	12
1198861	3380	-36	12
1198876	3357	-30	12
1198891	3339	-30	12
1198906	3326	-32	12
1198926	3308	-27	12
1198931	3290	-21	12
1198946	3280	-28	12
1198961	3262	-30	12
1198976	3244	-20	12
1198991	3236	-17	12
1199006	3226	-19	12
1199021	3213	-13	12
1199027	3208	0	12
1199041	3208	4	12
1199056	3208	3	12
1199071	3208	11	12
1199086	3213	12	12
1199101	3222	3	12
1199116	3222	-1	12
1199132	3222	5	12
1199138	3226	4	12
1199153	3226	9	12
1199168	3231	12	12
1199183	3240	18	12
1199198	3249	12	12
1199213	3254	5	12
1199229	3258	2	12
1199234	3258	-1	12
1199249	3258	-5	12
1199264	3258	-10	12
1199279	3254	-9	12
1199294	3249	-10	12
1199309	3244	-9	12
1199325	3240	-11	12
1199340	3231	-15	12
1199346	3222	-25	12
1199361	3208	-29	12
1199376	3195	-30	12
1199391	3177	-30	12
1199406	3159	-39	12
1199421	3136	-37	12
1199436	3118	-29	12
1199441	3100	-30	12
1199456	3082	-34	12
1199471	3064	-32	12
1199486	3046	-30	12
1199501	3028	-32	12
1199516	3010	-26	12
1199531	2997	-14	12
1199536	2988	-6	12
1199551	2988	-2	12
1199566	2984	7	12
1199581	2984	8	12
1199596	2988	8	12
1199611	2992	2	12
1199626	2997	4	12
1199646	2997	5	12
1199651	3002	2	12
1199666	3002	9	12
1199681	3006	19	12
1199696	3015	24	12
1199711	3028	17	12
1199726	3042	20	12
1199741	3051	27	12
1199746	3064	16	12
1199762	3074	1	12
1199777	3078	1	12
1199792	3078	1	12
1199807	3078	-8	12
1199822	3078	-12	12
1199838	3069	-9	12
1199853	3064	-9	12
1199859	3060	-12	12
1199873	3051	-18	12
1199888	3042	-23	12
1199903	3028	-29	12
1199919	3015	-32	12
1199934	2997	-28	12
1199949	2979	-28	12
1199954	2966	-32	12
1199970	2948	-28	12
1199985	2930	-21	13
1200000	2920	-21	13
1200015	3586	-18	13
1200030	3578	-10	13
1200045	3568	-5	13
1200050	3568	-8	13
1200066	3564	-12	13
1200081	3555	-3	13
1200096	3555	-3	13
1200111	3555	-6	13
1200126	3550	1	13
1200141	3550	14	13
1200156	3555	16	13
1200161	3564	6	13
1200176	3568	9	13
1200191	3573	17	13
1200206	3582	17	13
1200221	3591	16	13
1200236	0	17	13
1200251	9	22	13
1200256	22	27	13
1200271	36	33	13
1200286	54	34	13
1200301	76	39	13
1200316	94	44	13
1200331	122	49	13
1200346	148	45	13
1200351	176	40	13
1200366	198	47	13
1200381	225	51	13
1200396	252	51	13
1200411	279	50	13
1200426	310	58	13
1200446	342	74	13
1200462	382	74	13
1200468	423	62	13
1200482	459	60	13
1200497	495	63	13
1200512	526	64	13
1200527	562	66	13
1200542	603	74	13
1200557	644	80	13
1200562	688	79	13
1200577	734	76	13
1200592	774	70	13
1200607	814	57	13
1200623	846	62	13
1200638	882	67	13
1200653	918	65	13
1200668	954	57	13
1200674	990	60	13
1200689	1022	62	13
1200704	1058	61	13
1200720	1089	58	13
1200736	1125	65	13
1200752	1161	71	13
1200767	1202	70	13
1200772	1238	68	13
1200787	1278	70	13
1200802	1318	69	13
1200817	1354	64	13
1200832	1390	61	13
1200848	1426	67	13
1200864	1462	67	13
1200869	1503	66	13
1200884	1539	73	13
1200899	1580	81	13
1200914	1624	81	13
1200929	1670	83	13
1200945	1719	89	13
1200960	1768	90	13
1200975	1818	82	13
1200981	1863	83	13
1200995	1912	81	13
1201010	1958	83	13
1201025	2002	85	13
1201041	2052	97	13
1201056	2106	100	13
1201071	2160	94	13
1201076	2214	90	13
1201091	2264	89	13
1201106	2318	86	13
1201121	2362	80	13
1201136	2408	87	13
1201152	2457	94	13
1201167	2511	96	13
1201172	2565	95	13
1201187	2619	101	13
1201202	2673	106	13
1201217	2736	106	13
1201232	2794	106	13
1201247	2853	110	13
1201262	2916	109	13
1201277	2979	104	13
1201282	3038	105	13
1201297	3096	106	13
1201312	3154	100	13
1201327	3208	102	13
1201342	3267	106	13
1201357	3326	108	13
1201372	3388	106	13
1201377	3447	117	13
1201392	3514	124	13
1201408	3582	124	13
1201423	54	126	13
1201438	126	145	13
1201453	207	166	13
1201468	297	166	13
1201483	392	158	13
1201489	482	145	13
1201503	562	140	13
1201519	644	133	13
1201534	716	137	13
1201549	792	144	13
1201564	873	141	13
1201579	954	129	13
1201584	1026	120	13
1201599	1094	112	13
1201614	1156	103	13
1201629	1215	98	13
1201644	1269	107	13
1201659	1332	113	13
1201674	1395	104	13
1201680	1454	103	13
1201695	1512	104	13
1201710	1570	109	13
1201725	1629	107	13
1201740	1692	111	13
1201755	1750	111	13
1201770	1814	108	13
1201790	1876	103	13
1201795	1935	98	13
1201810	1989	95	13
1201825	2043	96	13
1201840	2097	107	13
1201855	2156	117	13
1201870	2223	119	13
1201885	2290	116	13
1201891	2354	127	13
1201905	2426	145	13
1201920	2506	161	13
1201935	2596	170	13
1201950	2696	173	13
1201965	2790	159	13
1201980	2880	144	13
1201995	2961	137	13
1202000	3038	138	13
1202015	3114	138	13
1202030	3195	143	13
1202045	3276	149	13
1202060	3357	149	13
1202075	3442	145	13
1202090	3524	144	13
1202095	4	142	13
1202110	86	134	13
1202125	158	135	13
1202140	234	143	13
1202155	315	150	13
1202170	400	147	13
1202185	482	146	13
1202191	567	153	13
1202205	652	160	13
1202220	742	156	13
1202235	828	153	13
1202250	914	152	13
1202265	999	149	13
1202285	1084	144	13
1202300	1166	133	13
1202305	1242	119	13
1202320	1305	109	13
1202335	1368	108	13
1202350	1431	112	13
1202366	1494	104	13
1202381	1552	94	13
1202396	1602	98	13
1202401	1660	108	13
1202416	1719	103	13
1202431	1778	94	13
1202446	1832	88	13
1202461	1881	95	13
1202476	1935	95	13
1202491	1984	92	13
1202496	2038	89	13
1202511	2088	85	13
1202526	2138	84	13
1202543	2182	83	13
1202558	2232	78	13
1202573	2272	75	13
1202588	2318	79	13
1202603	2362	80	13
1202608	2408	82	13
1202623	2452	77	13
1202638	2493	79	13
1202653	2538	85	13
1202669	2588	85	13
1202684	2637	81	13
1202699	2682	79	13
1202704	2727	80	13
1202719	2772	76	13
1202734	2812	67	13
1202749	2848	52	13
1202764	2880	35	13
1202779	2898	16	13
1202794	2907	8	13
1202814	2912	9	13
1202820	2916	17	13
1202834	2930	30	13
1202849	2943	41	13
1202864	2966	50	13
1202879	2997	53	13
1202894	3024	58	13
1202909	3060	64	13
1202914	3096	61	13
1202929	3128	61	13
1202944	3164	70	13
1202959	3204	85	13
1202974	3249	88	13
1202991	3298	89	13
1203006	3348	88	13
1203011	3398	85	13
1203026	3447	80	13
1203041	3492	79	13
1203056	3537	81	13
1203071	3582	79	13
1203086	27	68	13
1203101	63	48	13
1203116	90	20	13
1203121	104	-6	13
1203136	104	-18	13
1203151	94	-3	13
1203166	90	23	13
1203181	99	43	13
1203196	126	58	13
1203211	158	66	13
1203216	194	65	13
1203232	230	60	13
1203247	266	58	13
1203262	297	63	13
1203277	333	69	13
1203292	374	81	13
1203307	418	92	13
1203322	468	92	13
1203328	522	87	13
1203342	572	79	13
1203357	612	66	13
1203372	652	37	13
1203388	670	12	13
1203403	680	5	13
1203418	680	17	13
1203423	693	36	13
1203438	711	51	13
1203453	738	62	13
1203468	774	66	13
1203484	810	66	13
1203499	850	65	13
1203514	886	69	13
1203519	922	70	13
1203534	963	69	13
1203549	1004	73	13
1203564	1044	77	13
1203579	1089	79	13
1203594	1130	80	13
1203609	1174	84	13
1203625	1224	85	13
1203631	1274	82	13
1203645	1318	82	13
1203660	1364	79	13
1203675	1408	86	13
1203690	1458	93	13
1203705	1508	100	13
1203725	1566	93	13
1203730	1616	86	13
1203745	1665	86	13
1203760	1714	90	13
1203775	1764	84	13
1203790	1814	76	13
1203805	1854	66	13
1203820	1890	60	13
1203826	1926	53	13
1203840	1958	48	13
1203855	1984	57	13
1203871	2016	77	13
1203887	2056	83	13
1203902	2106	80	13
1203917	2151	76	13
1203932	2192	78	13
1203937	2236	84	13
1203952	2282	88	13
1203967	2331	91	13
1203982	2385	90	13
1203997	2434	96	13
1204012	2488	102	13
1204027	2547	105	13
1204032	2606	103	13
1204047	2664	106	13
1204062	2722	105	13
1204077	2781	102	13
1204092	2840	96	13
1204107	2894	92	13
1204122	2943	90	13
1204142	2997	91	13
1204148	3046	94	13
1204163	3100	97	13
1204178	3154	102	13
1204193	3213	102	13
1204208	3267	101	13
1204223	3326	102	13
1204240	3384	101	13
1204245	3438	95	13
1204260	3492	94	13
1204275	3546	93	13
1204290	0	88	13
1204305	50	78	13
1204320	90	69	13
1204335	130	60	13
1204340	166	48	13
1204355	194	40	13
1204370	216	44	13
1204385	238	60	13
1204400	274	75	13
1204415	315	83	13
1204430	360	81	13
1204445	405	86	13
1204450	454	91	13
1204465	508	93	13
1204480	558	91	13
1204496	612	90	13
1204511	662	91	13
1204526	711	92	13
1204541	765	82	13
1204547	810	76	13
1204561	850	78	13
1204576	896	89	13
1204591	945	91	13
1204606	999	87	13
1204621	1048	89	13
1204636	1098	94	13
1204641	1148	96	13
1204656	1202	94	13
1204671	1256	93	13
1204686	1310	87	13
1204701	1359	80	13
1204716	1404	71	13
1204731	1444	64	13
1204746	1480	55	13
1204751	1508	58	13
1204766	1544	66	13
1204781	1580	74	13
1204796	1620	79	13
1204811	1665	81	13
1204826	1710	86	13
1204841	1760	85	13
1204846	1809	83	13
1204861	1854	84	13
1204876	1899	85	13
1204891	1948	84	13
1204907	1998	84	13
1204922	2043	87	13
1204938	2092	89	13
1204954	2142	92	13
1204959	2196	87	13
1204974	2241	87	13
1204989	2290	88	13
1205004	2340	89	13
1205019	2390	90	13
1205034	2444	98	13
1205049	2498	96	13
1205054	2552	95	13
1205069	2606	91	13
1205084	2655	83	13
1205099	2704	69	13
1205114	2740	56	13
1205129	2772	51	13
1205149	2804	54	13
1205154	2830	58	13
1205169	2866	70	13
1205184	2902	79	13
1205199	2948	96	13
1205214	3002	104	13
1205229	3060	104	13
1205244	3118	99	13
1205259	3177	95	13
1205264	3226	97	13
1205279	3285	98	13
1205294	3339	95	13
1205309	3393	88	13
1205324	3442	88	13
1205339	3492	95	13
1205354	3546	101	13
1205359	0	103	13
1205374	58	107	13
1205390	117	112	13
1205405	180	111	13
1205420	243	106	13
1205435	306	97	13
1205450	360	95	13
1205470	414	90	13
1205475	464	90	13
1205491	513	96	13
1205506	567	95	13
1205521	621	98	13
1205536	675	101	13
1205551	734	95	13
1205566	788	89	13
1205571	837	85	13
1205586	882	89	13
1205601	936	93	13
1205616	986	100	13
1205631	1044	100	13
1205646	1098	100	13
1205661	1156	101	13
1205666	1210	103	13
1205681	1269	106	13
1205696	1328	103	13
1205711	1386	96	13
1205726	1440	92	13
1205741	1494	89	13
1205756	1544	87	13
1205771	1593	87	13
1205776	1642	93	13
1205791	1692	105	13
1205806	1750	107	13
1205821	1814	104	13
1205836	1872	100	13
1205851	1926	99	13
1205866	1984	100	13
1205871	2038	97	13
1205886	2092	95	13
1205901	2146	90	13
1205916	2196	93	13
1205931	2250	93	13
1205946	2304	96	13
1205966	2358	101	13
1205972	2412	106	13
1205986	2475	104	13
1206001	2534	103	13
1206016	2588	95	13
1206031	2642	91	13
1206046	2696	91	13
1206061	2745	88	13
1206076	2794	88	13
1206081	2844	88	13
1206096	2894	93	13
1206111	2948	93	13
1206126	2997	98	13
1206141	3056	100	13
1206156	3110	100	13
1206171	3168	99	13
1206177	3222	99	13
1206192	3276	94	13
1206207	3330	87	13
1206222	3380	82	13
1206237	3424	84	13
1206252	3474	87	13
1206267	3524	91	13
1206283	3573	100	13
1206288	27	107	13
1206303	90	113	13
1206319	153	116	13
1206334	216	114	13
1206349	284	104	13
1206364	342	100	13
1206379	396	93	13
1206384	450	92	13
1206400	500	96	13
1206416	554	100	13
1206431	612	103	13
1206446	670	102	13
1206461	724	95	13
1206476	778	91	13
1206482	832	92	13
1206497	882	89	13
1206512	932	87	13
1206527	981	88	13
1206542	1030	97	13
1206558	1084	104	13
1206573	1143	102	13
1206588	1202	105	13
1206593	1260	107	13
1206608	1323	106	13
1206623	1382	99	13
1206638	1436	94	13
1206653	1490	89	13
1206668	1539	82	13
1206683	1584	84	13
1206688	1634	90	13
1206703	1683	95	13
1206718	1737	98	13
1206733	1791	100	13
1206748	1850	97	13
1206763	1904	89	13
1206778	1953	86	13
1206783	2002	84	13
1206798	2048	89	13
1206813	2097	91	13
1206828	2151	87	13
1206844	2200	88	13
1206859	2250	86	13
1206874	2295	88	13
1206889	2344	86	13
1206894	2394	85	13
1206909	2444	84	13
1206924	2488	81	13
1206939	2534	78	13
1206954	2578	74	13
1206974	2619	62	13
1206989	2655	47	13
1206995	2682	36	13
1207009	2700	25	13
1207024	2718	18	13
1207039	2727	27	13
1207054	2740	38	13
1207069	2763	52	13
1207084	2790	61	13
1207099	2826	65	13
1207104	2862	61	13
1207119	2898	64	13
1207134	2934	71	13
1207149	2974	81	13
1207164	3020	88	13
1207179	3069	96	13
1207194	3123	97	13
1207200	3177	96	13
1207214	3231	87	13
1207229	3280	73	13
1207244	3321	53	13
1207259	3352	29	13
1207275	3366	2	13
1207290	3366	-10	13
1207295	3366	-7	13
1207310	3362	2	13
1207325	3362	14	13
1207340	3366	34	13
1207355	3388	50	13
1207370	3416	55	13
1207390	3447	58	13
1207405	3478	60	13
1207411	3510	59	13
1207425	3546	56	13
1207440	3578	65	13
1207455	14	69	13
1207470	54	71	13
1207485	90	76	13
1207500	135	86	13
1207505	184	90	13
1207520	234	86	13
1207535	284	83	13
1207551	328	86	13
1207566	378	82	13
1207581	423	76	13
1207596	468	65	13
1207611	504	50	13
1207616	531	36	13
1207632	549	27	13
1207648	567	17	13
1207663	576	18	13
1207678	585	24	13
1207693	598	39	13
1207709	621	52	13
1207714	652	55	13
1207729	680	51	13
1207744	711	53	13
1207759	738	60	13
1207774	774	66	13
1207789	810	77	13
1207804	855	88	13
1207810	904	85	13
1207824	950	71	13
1207839	990	49	13
1207854	1017	25	13
1207869	1035	7	13
1207884	1035	4	13
1207899	1040	15	13
1207914	1048	30	13
1207920	1066	45	13
1207934	1089	62	13
1207949	1125	66	13
1207964	1161	72	13
1207979	1202	73	13
1207994	1242	76	13
1208009	1287	75	13
1208014	1328	74	13
1208029	1368	78	13
1208044	1413	82	13
1208059	1458	82	13
1208074	1508	83	13
1208089	1552	80	13
1208109	1598	68	13
1208114	1638	45	13
1208129	1660	25	13
1208144	1674	22	13
1208159	1688	32	13
1208175	1706	38	13
1208190	1728	46	13
1208205	1755	57	13
1208220	1786	64	13
1208226	1822	68	13
1208240	1858	71	13
1208255	1899	79	13
1208270	1944	82	13
1208285	1989	80	13
1208301	2034	68	13
1208316	2074	53	13
1208322	2102	32	13
1208336	2120	20	13
1208352	2133	12	13
1208367	2138	10	13
1208382	2146	19	13
1208397	2156	37	13
1208413	2178	53	13
1208428	2205	57	13
1208433	2236	60	13
1208448	2272	68	13
1208463	2308	75	13
1208478	2354	78	13
1208493	2394	77	13
1208508	2439	81	13
1208523	2484	85	13
1208529	2534	85	13
1208543	2578	87	13
1208558	2628	89	13
1208573	2678	86	13
1208588	2727	87	13
1208603	2776	86	13
1208618	2826	84	13
1208624	2871	79	13
1208639	2916	82	13
1208654	2961	83	13
1208669	3010	77	13
1208684	3051	67	13
1208699	3092	58	13
1208714	3123	47	13
1208734	3150	39	13
1208739	3172	40	13
1208754	3195	43	13
1208769	3218	49	13
1208784	3244	59	13
1208799	3280	62	13
1208814	3312	62	13
1208829	3348	66	13
1208835	3384	67	13
1208850	3424	66	13
1208865	3460	65	13
1208880	3496	62	13
1208895	3532	63	13
1208910	3568	60	13
1208926	0	56	13
1208931	32	42	13
1208946	58	33	13
1208961	76	26	13
1208976	90	24	13
1208992	104	27	13
1209007	117	37	13
1209022	140	46	13
1209037	166	49	13
1209042	194	54	13
1209057	225	57	13
1209072	256	56	13
1209088	288	57	13
1209103	320	54	13
1209118	351	57	13
1209133	382	66	13
1209138	418	74	13
1209153	459	87	13
1209168	508	92	13
1209183	562	89	13
1209198	612	90	13
1209213	662	87	13
1209228	711	78	13
1209243	756	70	13
1209248	792	66	13
1209263	832	76	13
1209278	873	83	13
1209293	918	87	13
1209308	968	94	13
1209323	1022	100	13
1209338	1080	102	13
1209344	1134	101	13
1209358	1192	98	13
1209373	1246	88	13
1209388	1296	82	13
1209403	1341	80	13
1209418	1386	82	13
1209433	1436	76	13
1209438	1476	75	13
1209453	1521	76	13
1209468	1562	74	13
1209483	1602	64	13
1209498	1638	60	13
1209513	1674	62	13
1209533	1710	65	13
1209548	1746	64	13
1209554	1782	65	13
1209568	1818	71	13
1209583	1858	77	13
1209598	1899	85	13
1209613	1948	87	13
1209628	1998	88	13
1209643	2048	85	13
1209649	2092	70	13
1209664	2133	46	13
1209679	2160	22	13
1209694	2174	10	13
1209709	2178	18	13
1209724	2187	34	13
1209739	2205	44	13
1209754	2232	57	13
1209759	2264	70	13
1209774	2304	75	13
1209789	2344	67	13
1209804	2385	70	13
1209819	2421	75	13
1209835	2466	73	13
1209850	2506	73	13
1209856	2547	73	13
1209870	2588	75	13
1209885	2628	78	13
1209900	2673	89	13
1209915	2722	96	13
1209930	2776	100	13
1209950	2835	108	13
1209955	2894	116	13
1209970	2961	121	13
1209985	3028	116	13
1210000	3092	107	13
1210015	3154	104	13
1210030	3213	106	13
1210045	3272	102	13
1210060	3330	101	13
1210065	3384	111	13
1210080	3447	119	13
1210095	3514	122	13
1210110	3582	119	13
1210125	50	114	13
1210140	117	104	13
1210155	176	99	13
1210161	230	103	13
1210175	288	104	13
1210190	346	107	13
1210205	405	112	13
1210220	468	115	13
1210235	536	112	13
1210250	598	108	13
1210255	657	101	13
1210270	716	103	13
1210285	774	103	13
1210300	828	103	13
1210315	886	99	13
1210330	945	98	13
1210350	999	101	13
1210365	1058	109	13
1210370	1116	108	13
1210385	1179	101	13
1210400	1233	96	13
1210415	1287	95	13
1210430	1341	99	13
1210446	1400	95	13
1210461	1449	91	13
1210467	1503	92	13
1210481	1552	95	13
1210497	1606	98	13
1210512	1660	98	13
1210528	1719	98	13
1210543	1773	100	13
1210558	1827	102	13
1210573	1886	101	13
1210578	1944	92	13
1210593	1994	85	13
1210608	2043	90	13
1210623	2092	86	13
1210638	2142	82	13
1210653	2187	81	13
1210668	2232	90	13
1210673	2286	89	13
1210688	2336	79	13
1210703	2380	60	13
1210718	2412	45	13
1210733	2439	31	13
1210749	2457	21	13
1210764	2466	25	13
1210769	2480	41	13
1210784	2502	58	13
1210799	2538	64	13
1210814	2574	62	13
1210829	2606	68	13
1210844	2646	75	13
1210859	2686	80	13
1210874	2732	81	13
1210880	2776	76	13
1210894	2822	78	13
1210909	2866	81	13
1210924	2912	82	13
1210939	2956	76	13
1210954	3002	70	13
1210970	3038	76	13
1210976	3082	90	13
1210990	3132	91	13
1211005	3182	90	13
1211020	3236	90	13
1211035	3285	89	13
1211050	3334	83	13
1211065	3380	72	13
1211071	3420	69	13
1211085	3460	70	13
1211101	3501	81	13
1211116	3546	84	13
1211131	3591	85	13
1211146	40	82	13
1211161	86	80	13
1211181	130	74	13
1211186	176	64	13
1211201	212	50	13
1211216	238	43	13
1211232	261	40	13
1211247	284	46	13
1211263	310	53	13
1211278	342	55	13
1211284	369	64	13
1211299	405	77	13
1211314	450	77	13
1211329	495	73	13
1211344	536	72	13
1211359	576	70	13
1211374	616	72	13
1211389	657	72	13
1211395	698	69	13
1211410	734	73	13
1211425	774	79	13
1211440	819	89	13
1211455	868	93	13
1211470	922	93	13
1211485	976	91	13
1211491	1026	91	13
1211506	1076	82	13
1211521	1125	75	13
1211536	1166	77	13
1211551	1210	81	13
1211566	1256	79	13
1211581	1300	77	13
1211587	1341	77	13
1211601	1386	79	13
1211616	1431	80	13
1211631	1476	82	13
1211646	1521	80	13
1211662	1566	80	13
1211677	1611	74	13
1211692	1652	63	13
1211698	1688	44	13
1211712	1714	24	13
1211728	1728	16	13
1211744	1737	27	13
1211759	1750	37	13
1211774	1773	40	13
1211789	1796	53	13
1211794	1822	63	13
1211809	1858	62	13
1211824	1894	61	13
1211839	1926	64	13
1211854	1962	66	13
1211869	2002	71	13
1211884	2043	68	13
1211899	2079	69	13
1211904	2120	71	13
1211919	2160	75	13
1211934	2200	82	13
1211949	2246	89	13
1211964	2295	89	13
1211979	2344	85	13
1211994	2394	85	13
1211999	2444	81	13
1212014	2488	72	13
1212029	2529	69	13
1212044	2565	72	13
1212059	2606	69	13
1212074	2646	62	13
1212089	2682	65	13
1212095	2718	66	13
1212109	2754	67	13
1212124	2794	69	13
1212139	2830	74	13
1212154	2871	72	13
1212169	2912	67	13
1212189	2952	68	13
1212204	2988	71	13
1212209	3028	69	13
1212224	3069	70	13
1212239	3110	77	13
1212254	3150	81	13
1212269	3195	79	13
1212284	3240	74	13
1212299	3280	70	13
1212305	3321	64	13
1212319	3357	55	13
1212334	3388	44	13
1212349	3416	30	13
1212364	3429	20	13
1212379	3442	18	13
1212394	3452	29	13
1212399	3470	35	13
1212414	3488	37	13
1212429	3510	44	13
1212444	3532	54	13
1212459	3564	58	13
1212474	3596	52	13
1212489	27	50	13
1212509	54	54	13
1212514	86	59	13
1212529	117	68	13
1212544	158	75	13
1212559	198	82	13
1212574	243	82	13
1212589	288	79	13
1212604	333	76	13
1212609	378	71	13
1212624	418	70	13
1212640	454	71	13
1212655	495	70	13
1212670	536	68	13
1212685	576	73	13
1212700	616	80	13
1212715	662	83	13
1212720	706	87	13
1212735	756	90	13
1212750	806	94	13
1212765	860	89	13
1212780	909	82	13
1212795	954	80	13
1212810	999	76	13
1212815	1044	66	13
1212830	1080	67	13
1212845	1116	68	13
1212860	1156	76	13
1212875	1197	81	13
1212890	1246	80	13
1212907	1292	68	13
1212912	1328	50	13
1212927	1354	38	13
1212942	1377	35	13
1212957	1395	31	13
1212972	1413	30	13
1212987	1431	40	13
1213002	1454	55	13
1213022	1485	63	13
1213028	1521	69	13
1213042	1557	80	13
1213058	1602	86	13
1213073	1652	80	13
1213088	1696	87	13
1213103	1746	91	13
1213118	1796	85	13
1213123	1845	74	13
1213138	1886	79	13
1213153	1930	86	13
1213168	1980	90	13
1213183	2030	92	13
1213198	2084	100	13
1213213	2138	106	13
1213228	2196	106	13
1213233	2259	107	13
1213248	2318	108	13
1213263	2380	104	13
1213278	2439	96	13
1213293	2493	99	13
1213308	2547	98	13
1213323	2601	98	13
1213328	2655	97	13
1213343	2714	101	13
1213359	2768	100	13
1213374	2826	101	13
1213389	2880	112	13
1213404	2943	115	13
1213419	3010	103	13
1213424	3069	93	13
1213439	3118	94	13
1213454	3172	97	13
1213469	3226	88	13
1213484	3276	80	13
1213499	3321	86	13
1213514	3370	91	13
1213529	3420	87	13
1213535	3470	93	13
1213549	3524	108	13
1213564	3582	109	13
1213579	45	106	13
1213594	104	107	13
1213609	162	105	13
1213629	225	101	13
1213634	279	99	13
1213649	338	105	13
1213664	396	111	13
1213679	459	115	13
1213694	522	118	13
1213709	590	118	13
1213724	652	109	13
1213729	716	99	13
1213744	770	101	13
1213759	828	104	13
1213774	886	95	13
1213789	940	92	13
1213804	990	101	13
1213819	1048	103	13
1213834	1107	104	13
1213839	1166	113	13
1213854	1228	118	13
1213869	1296	115	13
1213884	1359	109	13
1213899	1422	112	13
1213914	1485	114	13
1213929	1548	110	13
1213935	1611	107	13
1213949	1670	107	13
1213964	1732	106	13
1213979	1791	107	13
1213994	1850	115	13
1214009	1917	121	13
1214029	1984	120	13
1214044	2052	118	13
1214049	2115	121	13
1214064	2187	119	13
1214079	2250	109	13
1214094	2313	106	13
1214109	2372	114	13
1214124	2439	119	13
1214139	2502	117	13
1214145	2570	125	13
1214159	2642	128	13
1214174	2714	123	13
1214189	2781	116	13
1214204	2848	123	13
1214220	2916	123	13
1214235	2984	112	13
1214240	3046	108	13
1214255	3110	107	13
1214270	3168	107	13
1214285	3231	116	13
1214301	3294	125	13
1214316	3366	125	13
1214331	3434	118	13
1214346	3501	121	13
1214351	3568	126	13
1214366	40	118	13
1214381	108	106	13
1214396	166	105	13
1214412	225	109	13
1214427	288	110	13
1214442	346	113	13
1214448	414	120	13
1214462	482	130	13
1214477	554	127	13
1214492	626	127	13
1214507	698	131	13
1214523	770	123	13
1214538	837	118	13
1214543	904	120	13
1214558	972	121	13
1214573	1040	115	13
1214588	1107	120	13
1214603	1174	135	13
1214618	1246	141	13
1214633	1328	138	13
1214653	1404	139	13
1214658	1485	142	13
1214674	1562	134	13
1214689	1638	127	13
1214704	1710	131	13
1214719	1782	136	13
1214734	1858	139	13
1214749	1940	151	13
1214754	2025	165	13
1214769	2115	166	13
1214784	2210	152	13
1214799	2295	139	13
1214814	2372	130	13
1214829	2448	125	13
1214844	2516	121	13
1214859	2583	123	13
1214864	2655	129	13
1214879	2727	128	13
1214894	2799	129	13
1214909	2871	136	13
1214924	2948	133	13
1214940	3024	129	13
1214955	3096	134	13
1214960	3172	149	13
1214975	3254	144	13
1214990	3334	144	13
1215005	3416	148	13
1215020	3501	153	13
1215035	3586	145	13
1215050	68	144	13
1215056	148	146	13
1215070	230	138	13
1215085	306	134	13
1215100	382	135	13
1215115	459	132	13
1215130	536	129	13
1215145	608	127	13
1215165	680	131	13
1215171	752	128	13
1215185	824	126	13
1215200	896	130	13
1215215	968	137	13
1215230	1044	137	13
1215245	1120	136	13
1215260	1197	135	13
1215265	1274	134	13
1215280	1350	129	13
1215295	1422	129	13
1215310	1494	139	13
1215326	1570	141	13
1215341	1652	134	13
1215357	1728	137	13
1215372	1804	141	13
1215377	1886	134	13
1215392	1958	127	13
1215407	2030	133	13
1215423	2106	135	13
1215438	2182	132	13
1215453	2254	132	13
1215468	2331	132	13
1215473	2403	130	13
1215488	2475	128	13
1215504	2547	134	13
1215519	2624	140	13
1215534	2704	138	13
1215549	2781	132	13
1215564	2853	132	13
1215569	2930	132	13
1215585	3002	122	13
1215600	3074	118	13
1215615	3136	133	13
1215630	3213	140	13
1215645	3294	139	13
1215660	3370	140	13
1215675	3447	142	13
1215680	3528	139	13
1215695	9	135	13
1215710	81	131	13
1215725	158	129	13
1215740	230	128	13
1215755	302	132	13
1215770	374	136	13
1215775	450	137	13
1215790	531	135	13
1215805	603	143	13
1215820	684	143	13
1215835	765	143	13
1215850	846	149	13
1215865	932	158	13
1215871	1017	162	13
1215885	1112	151	13
1215901	1197	150	13
1215916	1278	146	13
1215931	1364	144	13
1215946	1444	137	13
1215961	1521	138	13
1215981	1598	143	13
1215987	1678	143	13
1216001	1760	142	13
1216016	1836	140	13
1216032	1917	137	13
1216047	1994	134	13
1216062	2070	134	13
1216077	2146	138	13
1216082	2223	130	13
1216097	2295	127	13
1216112	2367	131	13
1216128	2439	133	13
1216144	2516	128	13
1216159	2588	123	13
1216174	2655	126	13
1216189	2727	128	13
1216194	2799	124	13
1216210	2871	130	13
1216226	2943	136	13
1216241	3020	137	13
1216256	3096	134	13
1216271	3172	135	13
1216286	3249	131	13
1216292	3321	128	13
1216306	3393	129	13
1216321	3465	136	13
1216336	3542	140	13
1216351	22	141	13
1216366	99	140	13
1216381	180	144	13
1216386	261	140	13
1216401	338	141	13
1216416	418	143	13
1216431	500	141	13
1216446	576	135	13
1216461	652	139	13
1216476	734	147	13
1216491	814	143	13
1216497	896	140	13
1216511	972	148	13
1216526	1058	150	13
1216542	1143	143	13
1216557	1220	138	13
1216572	1300	144	13
1216587	1382	144	13
1216592	1462	137	13
1216607	1539	137	13
1216622	1616	143	13
1216637	1696	148	13
1216652	1778	144	13
1216667	1858	144	13
1216682	1940	146	13
1216687	2025	147	13
1216702	2106	148	13
1216717	2187	147	13
1216732	2272	144	13
1216747	2354	144	13
1216762	2434	150	13
1216777	2520	153	13
1216793	2606	148	13
1216798	2686	143	13
1216813	2768	148	13
1216828	2853	152	13
1216843	2938	143	13
1216858	3015	140	13
1216873	3096	148	13
1216893	3177	155	13
1216898	3267	152	13
1216913	3352	150	13
1216928	3438	146	13
1216943	3519	141	13
1216958	3596	134	13
1216973	72	135	13
1216988	148	136	13
1217003	225	136	13
1217009	302	137	13
1217023	378	141	13
1217038	459	151	13
1217053	544	152	13
1217068	630	153	13
1217084	716	153	13
1217099	801	148	13
1217105	882	145	13
1217120	968	149	13
1217135	1048	149	13
1217150	1134	142	13
1217165	1215	140	13
1217180	1292	144	13
1217195	1372	145	13
1217200	1454	142	13
1217215	1534	145	13
1217230	1616	149	13
1217245	1701	148	13
1217260	1782	146	13
1217275	1863	141	13
1217291	1944	139	13
1217306	2020	136	13
1217311	2097	131	13
1217326	2174	134	13
1217341	2250	141	13
1217357	2326	145	13
1217373	2408	151	13
1217388	2493	145	13
1217403	2574	134	13
1217409	2650	134	13
1217424	2727	134	13
1217439	2804	136	13
1217454	2880	131	13
1217469	2952	131	13
1217484	3024	136	13
1217499	3100	144	13
1217514	3182	144	13
1217519	3262	145	13
1217534	3344	148	13
1217549	3429	149	13
1217564	3514	141	13
1217579	3591	137	13
1217594	68	137	13
1217609	144	137	13
1217614	225	140	13
1217629	302	142	13
1217644	382	146	13
1217659	464	152	13
1217674	549	156	13
1217689	639	149	13
1217709	720	139	13
1217714	801	136	13
1217729	878	140	13
1217744	954	135	13
1217759	1030	130	13
1217774	1102	133	13
1217789	1179	143	13
1217804	1260	143	13
1217819	1341	142	13
1217824	1418	142	13
1217839	1498	143	13
1217854	1580	141	13
1217869	1660	137	13
1217884	1737	132	13
1217899	1809	131	13
1217914	1886	132	13
1217920	1958	133	13
1217934	2034	132	13
1217950	2106	128	13
1217965	2178	132	13
1217980	2254	139	13
1217995	2331	140	13
1218010	2412	138	13
1218016	2488	138	13
1218032	2565	137	13
1218048	2642	133	13
1218063	2718	137	13
1218078	2794	139	13
1218093	2871	136	13
1218109	2948	130	13
1218124	3024	130	13
1218129	3096	136	13
1218144	3172	140	13
1218159	3249	139	13
1218174	3330	138	13
1218189	3406	140	13
1218204	3483	141	13
1218219	3564	137	13
1218225	40	131	13
1218239	117	133	13
1218254	189	136	13
1218269	266	137	13
1218284	342	137	13
1218299	418	135	13
1218314	495	135	13
1218329	572	134	13
1218334	648	134	13
1218349	724	129	13
1218364	796	133	13
1218379	868	134	13
1218394	945	128	13
1218409	1017	131	13
1218430	1094	140	13
1218435	1170	145	13
1218450	1251	141	13
1218465	1332	138	13
1218480	1408	142	13
1218495	1490	146	13
1218510	1570	143	13
1218526	1652	142	13
1218531	1732	144	13
1218546	1814	142	13
1218561	1890	140	13
1218576	1971	133	13
1218591	2048	119	13
1218606	2110	104	13
1218621	2169	88	13
1218636	2218	80	13
1218642	2264	83	13
1218656	2313	93	13
1218671	2362	104	13
1218686	2421	111	13
1218701	2484	107	13
1218716	2547	104	13
1218731	2606	106	13
1218737	2664	107	13
1218751	2722	99	13
1218767	2781	86	13
1218783	2826	66	13
1218799	2866	43	13
1218815	2889	24	13
1218831	2902	19	13
1218837	2912	25	13
1218852	2930	42	13
1218867	2952	62	13
1218882	2988	79	13
1218897	3028	88	13
1218912	3078	88	13
1218928	3128	89	13
1218943	3182	96	13
1218948	3236	102	13
1218963	3290	106	13
1218978	3352	111	13
1218993	3411	120	13
1219008	3478	120	13
1219023	3546	112	13
1219039	9	92	13
1219044	63	58	13
1219059	94	28	13
1219074	112	10	13
1219089	117	17	13
1219105	126	41	13
1219120	148	66	13
1219135	184	88	13
1219150	234	101	13
1219155	292	101	13
1219170	351	96	13
1219185	405	98	13
1219200	459	105	13
1219215	518	105	13
1219230	576	109	13
1219245	639	122	13
1219250	706	127	13
1219265	778	115	13
1219280	842	90	13
1219295	896	53	13
1219310	922	29	13
1219326	940	21	13
1219341	950	31	13
1219347	968	57	13
1219361	999	85	13
1219376	1048	108	13
1219391	1112	126	13
1219407	1179	134	13
1219422	1256	131	13
1219437	1328	131	13
1219452	1404	131	13
1219458	1476	131	13
1219472	1552	132	13
1219487	1624	139	13
1219502	1701	149	13
1219517	1786	157	13
1219532	1876	160	13
1219547	1966	154	13
1219552	2052	145	13
1219567	2133	138	13
1219583	2210	136	13
1219598	2286	130	13
1219613	2362	124	13
1219628	2430	127	13
1219643	2502	133	13
1219658	2578	139	13
1219663	2655	144	13
1219679	2736	144	13
1219694	2817	138	13
1219709	2894	134	13
1219724	2970	134	13
1219739	3046	135	13
1219754	3123	132	13
1219759	3195	129	13
1219774	3267	127	13
1219789	3339	126	13
1219804	3411	129	13
1219819	3483	136	13
1219834	3560	146	13
1219849	40	148	13
1219855	126	146	13
1219869	207	142	13
1219884	288	143	13
1219900	369	138	13
1219915	446	138	13
1219930	522	139	13
1219945	598	141	13
1219965	680	144	13
1219970	760	142	13
1219985	842	145	13
1220000	922	141	13
1220015	1004	136	13
1220030	1080	131	13
1220045	1152	127	13
1220060	1224	123	13
1220066	1292	120	13
1220081	1359	122	13
1220096	1426	130	13
1220111	1503	140	13
1220127	1580	139	13
1220143	1660	138	13
1220159	1737	135	13
1220164	1814	131	13
1220180	1886	126	13
1220196	1958	124	13
1220212	2025	126	13
1220228	2097	128	13
1220244	2169	126	13
1220259	2241	127	13
1220276	2313	129	13
1220281	2385	129	13
1220296	2457	136	13
1220302	2534	136	13
1220316	2610	130	13
1220331	2682	124	13
1220346	2754	121	13
1220362	2822	124	13
1220367	2889	129	13
1220383	2961	127	13
1220398	3033	126	13
1220413	3105	127	13
1220428	3177	128	13
1220443	3249	127	13
1220458	3321	128	13
1220473	3393	128	13
1220478	3465	133	13
1220493	3537	132	13
1220508	14	132	13
1220523	86	125	13
1220538	158	128	13
1220553	230	130	13
1220574	302	130	13
1220579	378	127	13
1220594	446	134	13
1220609	522	135	13
1220624	598	133	13
1220639	675	128	13
1220654	747	125	13
1220669	814	129	13
1220675	886	127	13
1220689	958	126	13
1220704	1030	128	13
1220719	1102	133	13
1220734	1179	132	13
1220749	1251	131	13
1220764	1328	127	13
1220779	1395	125	13
1220784	1467	124	13
1220799	1539	126	13
1220814	1606	132	13
1220829	1683	134	13
1220844	1760	138	13
1220859	1836	132	13
1220874	1908	130	13
1220879	1984	123	13
1220894	2052	118	13
1220909	2120	110	13
1220924	2178	99	13
1220939	2236	82	13
1220954	2282	74	13
1220969	2322	74	13
1220989	2367	75	13
1220994	2408	80	13
1221009	2452	92	13
1221024	2502	101	13
1221039	2560	101	13
1221054	2619	106	13
1221069	2678	109	13
1221084	2740	111	13
1221089	2799	107	13
1221104	2862	110	13
1221119	2925	118	13
1221134	2988	124	13
1221149	3060	125	13
1221164	3128	124	13
1221179	3200	123	13
1221184	3267	123	13
1221199	3339	126	13
1221214	3406	129	13
1221229	3483	132	13
1221244	3555	131	13
1221259	27	133	13
1221274	104	137	13
1221289	180	132	13
1221294	256	133	13
1221309	328	129	13
1221324	400	126	13
1221339	472	120	13
1221354	540	109	13
1221369	603	100	13
1221389	657	85	13
1221395	706	78	13
1221409	752	81	13
1221424	796	90	13
1221440	846	96	13
1221457	900	107	13
1221472	958	116	13
1221487	1026	115	13
1221492	1089	112	13
1221507	1152	110	13
1221522	1215	113	13
1221537	1278	119	13
1221552	1346	119	13
1221567	1413	119	13
1221583	1480	124	13
1221599	1548	129	13
1221604	1620	125	13
1221619	1692	117	13
1221634	1760	113	13
1221649	1822	110	13
1221664	1886	114	13
1221679	1948	116	13
1221695	2012	119	13
1221701	2079	116	13
1221715	2146	114	13
1221730	2210	112	13
1221745	2272	105	13
1221760	2331	91	13
1221775	2380	75	13
1221790	2426	62	13
1221805	2462	56	13
1221810	2493	57	13
1221825	2524	71	13
1221840	2565	86	13
1221855	2610	100	13
1221870	2668	106	13
1221885	2727	111	13
1221900	2790	117	13
1221905	2858	118	13
1221920	2920	118	13
1221935	2988	117	13
1221950	3056	124	13
1221965	3123	128	13
1221980	3195	127	13
1221995	3267	124	13
1222000	3339	124	13
1222015	3406	124	13
1222030	3478	125	13
1222045	3546	127	13
1222060	18	122	13
1222075	86	120	13
1222090	153	123	13
1222106	225	130	13
1222111	297	133	13
1222126	374	135	13
1222141	446	136	13
1222156	522	137	13
1222171	603	136	13
1222186	680	130	13
1222201	752	123	13
1222207	819	122	13
1222221	886	123	13
1222236	958	128	13
1222251	1030	128	13
1222266	1102	131	13
1222281	1174	135	13
1222301	1251	139	13
1222307	1328	143	13
1222321	1408	134	13
1222336	1485	133	13
1222351	1562	135	13
1222366	1638	138	13
1222381	1714	133	13
1222396	1786	129	13
1222411	1863	129	13
1222416	1935	128	13
1222431	2007	130	13
1222446	2079	127	13
1222461	2151	131	13
1222476	2223	134	13
1222491	2300	136	13
1222506	2376	136	13
1222512	2452	134	13
1222528	2529	134	13
1222543	2601	131	13
1222560	2678	127	13
1222575	2750	125	13
1222590	2817	127	13
1222605	2889	131	13
1222621	2966	137	13
1222626	3042	138	13
1222641	3118	139	13
1222656	3195	144	13
1222671	3276	146	13
1222686	3362	144	13
1222701	3442	140	13
1222716	3519	138	13
1222721	3596	132	13
1222736	72	125	13
1222751	140	126	13
1222766	212	128	13
1222781	284	130	13
1222796	356	127	13
1222812	428	131	13
1222817	504	135	13
1222832	580	134	13
1222847	652	131	13
1222862	729	131	13
1222877	801	132	13
1222892	878	129	13
1222907	950	129	13
1222922	1022	132	13
1222927	1094	141	13
1222943	1174	150	13
1222959	1260	152	13
1222975	1346	150	13
1222990	1426	145	13
1223005	1512	141	13
1223020	1588	137	13
1223025	1665	130	13
1223040	1742	129	13
1223055	1814	138	13
1223070	1890	149	13
1223085	1976	149	13
1223100	2056	144	13
1223115	2138	144	13
1223130	2218	142	13
1223135	2300	130	13
1223150	2372	123	13
1223165	2444	124	13
1223180	2511	121	13
1223195	2578	117	13
1223210	2646	116	13
1223225	2709	117	13
1223231	2776	121	13
1223245	2844	127	13
1223260	2916	126	13
1223275	2988	121	13
1223290	3056	117	13
1223305	3118	121	13
1223320	3190	125	13
1223325	3258	122	13
1223340	3326	123	13
1223355	3398	123	13
1223370	3465	130	13
1223385	3537	132	13
1223400	14	132	13
1223420	86	137	13
1223435	166	139	13
1223441	243	137	13
1223456	320	129	13
1223471	392	124	13
1223486	464	122	13
1223501	531	120	13
1223516	598	122	13
1223531	666	129	13
1223536	738	130	13
1223551	814	133	13
1223566	886	134	13
1223581	963	132	13
1223596	1035	126	13
1223611	1107	124	13
1223626	1179	122	13
1223631	1246	124	13
1223646	1314	125	13
1223661	1386	124	13
1223676	1458	130	13
1223691	1530	137	13
1223706	1606	134	13
1223721	1683	134	13
1223741	1755	135	13
1223746	1832	132	13
1223761	1908	125	13
1223776	1976	121	13
1223791	2048	120	13
1223806	2115	126	13
1223821	2182	130	13
1223836	2259	136	13
1223841	2336	136	13
1223856	2412	138	13
1223871	2488	140	13
1223886	2565	136	13
1223901	2642	129	13
1223916	2714	130	13
1223932	2790	128	13
1223947	2862	128	13
1223952	2934	127	13
1223967	3006	127	13
1223982	3074	129	13
1223997	3150	129	13
1224012	3222	128	13
1224027	3294	128	13
1224042	3366	128	13
1224047	3438	130	13
1224062	3510	125	13
1224077	3582	126	13
1224092	50	130	13
1224107	126	124	13
1224122	194	121	13
1224137	261	121	13
1224142	328	124	13
1224157	400	124	13
1224172	468	124	13
1224187	540	127	13
1224203	612	130	13
1224219	684	133	13
1224234	760	129	13
1224249	832	125	13
1224255	900	129	13
1224269	972	132	13
1224284	1048	132	13
1224299	1120	130	13
1224314	1197	129	13
1224329	1269	132	13
1224344	1341	136	13
1224349	1418	133	13
1224364	1494	129	13
1224379	1566	135	13
1224394	1642	137	13
1224409	1719	138	13
1224424	1796	137	13
1224444	1872	134	13
1224450	1948	137	13
1224464	2025	142	13
1224479	2106	140	13
1224494	2187	138	13
1224509	2264	135	13
1224524	2340	136	13
1224540	2416	135	13
1224555	2493	133	13
1224560	2565	134	13
1224575	2642	141	13
1224590	2722	144	13
1224605	2804	140	13
1224620	2880	137	13
1224635	2956	142	13
1224650	3038	146	13
1224656	3118	144	13
1224670	3200	140	13
1224685	3280	134	13
1224700	3352	136	13
1224715	3429	138	13
1224730	3510	142	13
1224745	3586	141	13
1224760	68	136	13
1224765	144	139	13
1224780	220	140	13
1224795	302	142	13
1224810	382	138	13
1224825	459	136	13
1224840	536	142	13
1224860	616	138	13
1224865	693	134	13
1224880	770	130	13
1224895	842	136	13
1224910	918	138	13
1224925	994	133	13
1224940	1071	135	13
1224955	1148	137	13
1224960	1224	135	13
1224975	1300	129	13
1224990	1372	127	13
1225005	1444	129	13
1225020	1516	133	13
1225035	1588	136	13
1225050	1665	142	13
1225065	1746	145	13
1225071	1827	152	13
1225085	1912	157	13
1225100	2002	155	13
1225115	2088	143	13
1225130	2169	128	13
1225145	2241	124	13
1225161	2313	130	13
1225166	2385	129	13
1225181	2457	132	13
1225196	2534	139	13
1225211	2610	139	13
1225226	2686	132	13
1225242	2763	129	13
1225257	2835	130	13
1225277	2907	125	13
1225283	2979	122	13
1225297	3046	125	13
1225312	3118	130	13
1225327	3190	129	13
1225342	3262	132	13
1225357	3339	133	13
1225372	3411	128	13
1225378	3483	127	13
1225392	3555	127	13
1225407	27	123	13
1225422	94	120	13
1225437	162	114	13
1225452	230	116	13
1225467	292	119	13
1225472	360	121	13
1225487	428	129	13
1225502	500	132	13
1225518	576	129	13
1225533	648	123	13
1225548	716	122	13
1225563	783	127	13
1225579	855	125	13
1225584	927	124	13
1225599	994	124	13
1225614	1066	124	13
1225629	1134	121	13
1225644	1206	125	13
1225659	1274	132	13
1225674	1350	133	13
1225679	1422	130	13
1225694	1498	125	13
1225710	1566	125	13
1225725	1638	119	13
1225740	1706	120	13
1225755	1773	123	13
1225770	1840	125	13
1225775	1912	128	13
1225791	1984	132	13
1225807	2056	136	13
1225823	2133	132	13
1225839	2210	130	13
1225855	2282	126	13
1225871	2354	121	13
1225887	2421	119	13
1225892	2488	116	13
1225907	2552	124	13
1225922	2624	130	13
1225937	2696	125	13
1225952	2768	125	13
1225967	2835	129	13
1225982	2907	126	13
1225988	2979	120	13
1226002	3046	117	13
1226017	3114	116	13
1226032	3177	111	13
1226047	3240	109	13
1226062	3303	110	13
1226077	3362	112	13
1226092	3424	112	13
1226097	3488	106	13
1226112	3550	81	13
1226127	3596	45	13
1226142	18	17	13
1226157	32	15	13
1226172	36	28	13
1226187	54	53	13
1226192	86	77	13
1226207	126	91	13
1226222	180	93	13
1226237	230	86	13
1226252	279	84	13
1226267	324	90	13
1226284	378	101	13
1226289	432	113	13
1226304	495	117	13
1226319	562	105	13
1226334	621	75	13
1226349	666	42	13
1226364	688	26	13
1226379	702	33	13
1226395	720	60	13
1226401	756	96	13
1226417	810	125	13
1226433	878	132	13
1226448	954	127	13
1226463	1026	118	13
1226478	1089	116	13
1226493	1156	115	13
1226498	1220	117	13
1226513	1287	117	13
1226528	1354	114	13
1226543	1418	111	13
1226558	1480	114	13
1226573	1544	119	13
1226588	1611	124	13
1226593	1678	127	13
1226608	1750	136	13
1226623	1827	135	13
1226638	1904	126	13
1226653	1976	121	13
1226668	2043	121	13
1226683	2110	125	13
1226698	2182	123	13
1226704	2250	120	13
1226719	2318	121	13
1226735	2385	125	13
1226750	2457	125	13
1226765	2524	128	13
1226780	2596	129	13
1226795	2673	124	13
1226800	2740	124	13
1226815	2812	123	13
1226830	2880	118	13
1226845	2948	114	13
1226860	3010	118	13
1226875	3078	118	13
1226890	3141	116	13
1226906	3208	117	13
1226911	3276	119	13
1226926	3339	117	13
1226941	3406	121	13
1226956	3474	125	13
1226971	3546	128	13
1226986	18	127	13
1227001	90	119	13
1227007	158	116	13
1227021	220	114	13
1227036	284	113	13
1227052	346	112	13
1227067	410	119	13
1227082	477	121	13
1227097	544	122	13
1227103	616	118	13
1227119	680	116	13
1227135	747	110	13
1227150	810	109	13
1227165	868	111	13
1227180	932	109	13
1227195	994	108	13
1227210	1053	108	13
1227215	1116	110	13
1227230	1179	111	13
1227245	1238	111	13
1227260	1300	103	13
1227275	1359	83	13
1227290	1408	56	13
1227305	1440	36	13
1227311	1458	26	13
1227325	1472	22	13
1227340	1485	30	13
1227355	1503	44	13
1227370	1526	61	13
1227385	1562	70	13
1227400	1602	70	13
1227420	1638	74	13
1227425	1683	89	13
1227440	1732	102	13
1227456	1791	104	13
1227471	1850	104	13
1227486	1908	106	13
1227501	1966	103	13
1227516	2025	103	13
1227521	2084	97	13
1227536	2138	93	13
1227551	2187	94	13
1227566	2241	102	13
1227581	2300	103	13
1227596	2358	103	13
1227611	2416	108	13
1227617	2475	116	13
1227631	2542	112	13
1227646	2606	105	13
1227661	2664	102	13
1227676	2718	101	13
1227692	2776	100	13
1227707	2835	102	13
1227722	2889	108	13
1227727	2952	117	13
1227742	3015	123	13
1227757	3087	118	13
1227772	3154	111	13
1227787	3213	110	13
1227802	3276	108	13
1227817	3339	106	13
1227822	3398	107	13
1227837	3456	110	13
1227852	3519	111	13
1227867	3582	111	13
1227882	45	110	13
1227897	108	107	13
1227913	166	110	13
1227918	230	116	13
1227933	292	109	13
1227948	356	110	13
1227963	418	111	13
1227979	477	107	13
1227994	540	102	13
1228009	598	101	13
1228029	652	103	13
1228035	711	104	13
1228050	770	104	13
1228065	828	106	13
1228080	886	111	13
1228095	950	115	13
1228110	1017	121	13
1228125	1084	117	13
1228131	1148	109	13
1228145	1210	106	13
1228160	1269	103	13
1228176	1328	104	13
1228191	1386	105	13
1228206	1444	102	13
1228221	1503	101	13
1228236	1562	103	13
1228242	1616	102	13
1228256	1674	101	13
1228271	1732	109	13
1228286	1791	110	13
1228301	1854	102	13
1228316	1912	97	13
1228331	1966	100	13
1228336	2025	100	13
1228351	2079	99	13
1228366	2133	99	13
1228381	2192	100	13
1228396	2246	102	13
1228411	2304	106	13
1228426	2362	111	13
1228431	2426	111	13
1228446	2488	109	13
1228461	2552	106	13
1228476	2610	105	13
1228491	2668	93	13
1228506	2722	82	13
1228521	2768	85	13
1228537	2817	96	13
1228543	2871	97	13
1228559	2925	95	13
1228575	2979	94	13
1228591	3028	85	13
1228607	3078	64	13
1228623	3114	47	13
1228639	3141	39	13
1228644	3164	41	13
1228660	3186	52	13
1228675	3213	68	13
1228690	3254	84	13
1228705	3298	94	13
1228721	3352	102	13
1228736	3411	106	13
1228751	3470	100	13
1228757	3528	100	13
1228771	3582	108	13
1228786	45	108	13
1228801	104	102	13
1228817	162	101	13
1228832	216	107	13
1228847	279	113	13
1228852	342	111	13
1228867	405	104	13
1228882	464	110	13
1228897	526	110	13
1228912	585	105	13
1228927	644	102	13
1228943	702	104	13
1228948	760	106	13
1228963	819	104	13
1228978	878	104	13
1228993	936	101	13
1229009	994	104	13
1229024	1053	108	13
1229039	1116	113	13
1229054	1179	116	13
1229059	1242	114	13
1229074	1305	120	13
1229089	1372	118	13
1229104	1440	110	13
1229119	1503	104	13
1229134	1562	104	13
1229149	1620	102	13
1229154	1678	98	13
1229169	1732	101	13
1229184	1791	112	13
1229199	1854	114	13
1229214	1917	116	13
1229229	1980	116	13
1229244	2048	114	13
1229249	2110	107	13
1229265	2169	100	13
1229280	2228	102	13
1229295	2286	110	13
1229310	2344	114	13
1229325	2412	115	13
1229340	2475	120	13
1229355	2542	119	13
1229360	2610	110	13
1229375	2673	109	13
1229390	2732	112	13
1229405	2794	111	13
1229420	2858	107	13
1229435	2920	106	13
1229450	2979	102	13
1229456	3038	97	13
1229470	3092	105	13
1229485	3150	112	13
1229500	3213	115	13
1229515	3276	116	13
1229530	3344	125	13
1229545	3411	126	13
1229565	3483	115	13
1229570	3546	109	13
1229585	9	111	13
1229600	72	112	13
1229615	135	106	13
1229630	194	103	13
1229645	252	109	13
1229660	315	114	13
1229665	378	114	13
1229680	441	115	13
1229695	508	117	13
1229710	572	114	13
1229725	634	112	13
1229740	698	108	13
1229755	760	103	13
1229761	819	100	13
1229775	873	106	13
1229790	936	111	13
1229806	994	104	13
1229821	1053	100	13
1229836	1112	103	13
1229851	1170	108	13
1229866	1228	107	13
1229872	1292	110	13
1229887	1350	117	13
1229903	1418	112	13
1229918	1480	106	13
1229933	1539	103	13
1229948	1598	107	13
1229963	1660	106	13
1229968	1719	108	13
1229983	1778	115	14
1229998	1845	121	14
1230013	68	120	14
1230028	135	114	14
1230043	198	115	14
1230059	261	113	14
1230064	328	109	14
1230079	387	107	14
1230094	450	111	14
1230109	508	114	14
1230124	576	115	14
1230139	639	122	14
1230154	706	117	14
1230169	774	102	14
1230175	832	94	14
1230189	882	90	14
1230204	936	75	14
1230219	976	59	14
1230235	1008	56	14
1230250	1040	61	14
1230265	1076	52	14
1230270	1107	39	14
1230285	1125	33	14
1230300	1148	35	14
1230315	1166	32	14
1230330	1184	30	14
1230345	1202	33	14
1230360	1220	40	14
1230380	1242	50	14
1230385	1269	57	14
1230400	1300	59	14
1230415	1336	57	14
1230430	1368	50	14
1230445	1395	50	14
1230460	1422	53	14
1230475	1454	60	14
1230480	1485	75	14
1230495	1530	94	14
1230511	1580	101	14
1230526	1638	96	14
1230541	1692	91	14
1230556	1742	82	14
1230571	1791	58	14
1230577	1822	43	14
1230591	1845	39	14
1230606	1868	31	14
1230621	1886	19	14
1230636	1894	20	14
1230651	1908	19	14
1230666	1917	18	14
1230681	1930	18	14
1230686	1940	18	14
1230701	1948	16	14
1230716	1958	11	14
1230731	1962	13	14
1230746	1971	32	14
1230761	1989	66	14
1230776	2025	93	14
1230781	2079	110	14
1230796	2142	114	14
1230811	2205	107	14
1230827	2264	93	14
1230842	2318	86	14
1230857	2367	78	14
1230873	2408	68	14
1230888	2448	59	14
1230893	2480	53	14
1230908	2511	40	14
1230923	2534	19	14
1230938	2542	11	14
1230953	2552	8	14
1230968	2556	-4	14
1230988	2556	-11	14
1230993	2552	-6	14
1231008	2547	4	14
1231023	2547	9	14
1231038	2552	10	14
1231053	2556	8	14
1231068	2560	1	14
1231083	2560	-12	14
1231089	2556	-21	14
1231103	2547	-28	14
1231118	2529	-31	14
1231133	2511	-28	14
1231148	2498	-28	14
1231163	2480	-29	14
1231178	2466	-34	14
1231193	2448	-28	14
1231199	2430	-19	14
1231213	2421	-9	14
1231228	2416	-8	14
1231244	2412	-7	14
1231259	2408	-6	14
1231274	2403	-16	14
1231289	2394	-24	14
1231295	2380	-28	14
1231311	2362	-29	14
1231326	2349	-25	14
1231341	2336	-15	14
1231356	2326	-11	14
1231371	2318	-9	14
1231386	2313	-10	14
1231392	2308	-6	14
1231406	2304	0	14
1231421	2304	8	14
1231436	2304	18	14
1231451	2318	28	14
1231466	2331	40	14
1231481	2354	53	14
1231496	2385	68	14
1231502	2421	84	14
1231516	2470	93	14
1231532	2520	98	14
1231547	2578	103	14
1231563	2637	104	14
1231578	2696	95	14
1231593	2745	73	14
1231598	2790	61	14
1231613	2822	54	14
1231628	2853	40	14
1231643	2876	24	14
1231658	2889	11	14
1231674	2894	-1	14
1231689	2894	-10	14
1231704	2894	-2	14
1231709	2894	5	14
1231724	2894	-2	14
1231739	2894	-6	14
1231754	2889	-11	14
1231769	2884	-22	14
1231784	2871	-32	14
1231804	2853	-35	14
1231809	2835	-37	14
1231824	2812	-40	14
1231839	2790	-40	14
1231854	2768	-35	14
1231869	2750	-31	14
1231884	2732	-33	14
1231899	2714	-35	14
1231904	2691	-32	14
1231919	2673	-30	14
1231934	2660	-29	14
1231949	2642	-37	14
1231964	2619	-35	14
1231979	2601	-37	14
1231995	2578	-43	14
1232010	2556	-45	14
1232016	2529	-43	14
1232030	2506	-51	14
1232045	2480	-60	14
1232060	2444	-55	14
1232075	2412	-52	14
1232090	2385	-41	14
1232105	2362	-29	14
1232110	2344	-28	14
1232125	2326	-39	14
1232140	2308	-43	14
1232155	2282	-42	14
1232170	2259	-35	14
1232185	2241	-34	14
1232200	2218	-33	14
1232206	2200	-28	14
1232220	2187	-22	14
1232235	2174	-7	14
1232250	2169	16	14
1232265	2174	43	14
1232280	2200	57	14
1232300	2232	48	14
1232315	2259	30	14
1232320	2272	11	14
1232335	2282	-2	14
1232350	2282	-13	14
1232365	2277	-10	14
1232380	2272	-11	14
1232395	2264	-18	14
1232410	2254	-25	14
1232416	2241	-29	14
1232430	2223	-41	14
1232445	2200	-45	14
1232460	2174	-46	14
1232475	2151	-46	14
1232490	2124	-47	14
1232505	2097	-47	14
1232525	2070	-56	14
1232530	2038	-73	14
1232545	1998	-89	14
1232560	1948	-104	14
1232575	1890	-119	14
1232590	1822	-127	14
1232605	1750	-122	14
1232620	1683	-112	14
1232625	1620	-96	14
1232641	1566	-79	14
1232656	1521	-60	14
1232671	1490	-38	14
1232687	1467	-30	14
1232702	1449	-30	14
1232717	1431	-33	14
1232723	1413	-43	14
1232737	1390	-55	14
1232752	1359	-66	14
1232767	1323	-66	14
1232782	1282	-65	14
1232797	1246	-69	14
1232812	1210	-63	14
1232827	1174	-55	14
1232832	1143	-53	14
1232847	1112	-57	14
1232862	1080	-55	14
1232877	1048	-59	14
1232892	1017	-62	14
1232907	981	-62	14
1232922	945	-63	14
1232928	914	-62	14
1232942	878	-58	14
1232957	846	-55	14
1232973	814	-53	14
1232988	783	-54	14
1233003	752	-53	14
1233018	724	-55	14
1233033	693	-72	14
1233038	652	-104	14
1233053	594	-143	14
1233068	513	-172	14
1233083	414	-177	14
1233098	315	-165	14
1233113	225	-133	14
1233128	148	-88	14
1233133	99	-56	14
1233148	68	-42	14
1233163	45	-37	14
1233178	22	-42	14
1233193	0	-50	14
1233208	3573	-52	14
1233229	3542	-57	14
1233234	3510	-61	14
1233249	3474	-56	14
1233264	3442	-49	14
1233279	3416	-41	14
1233295	3393	-37	14
1233310	3375	-30	14
1233325	3357	-33	14
1233340	3339	-43	14
1233346	3312	-49	14
1233360	3285	-53	14
1233375	3258	-57	14
1233390	3222	-54	14
1233405	3195	-38	14
1233420	3172	-10	14
1233435	3168	34	14
1233440	3182	78	14
1233455	3226	98	14
1233470	3280	93	14
1233485	3334	73	14
1233500	3375	49	14
1233515	3402	35	14
1233530	3420	27	14
1233535	3438	20	14
1233550	3447	17	14
1233565	3456	23	14
1233580	3470	27	14
1233595	3488	21	14
1233610	3496	11	14
1233625	3506	-5	14
1233640	3506	-25	14
1233646	3492	-45	14
1233660	3465	-54	14
1233675	3434	-51	14
1233690	3406	-51	14
1233705	3380	-46	14
1233720	3352	-38	14
1233740	3330	-33	14
1233745	3312	-37	14
1233760	3290	-43	14
1233775	3267	-42	14
1233790	3244	-45	14
1233805	3218	-49	14
1233820	3190	-42	14
1233835	3168	-26	14
1233850	3150	-3	14
1233856	3150	12	14
1233870	3154	14	14
1233885	3159	4	14
1233900	3164	-15	14
1233915	3159	-28	14
1233930	3141	-22	14
1233945	3132	-12	14
1233951	3123	0	14
1233965	3123	9	14
1233980	3123	10	14
1233995	3132	-8	14
1234010	3132	-24	14
1234025	3118	-22	14
1234045	3105	-13	14
1234051	3096	-7	14
1234065	3092	-2	14
1234080	3092	-1	14
1234096	3092	-13	14
1234111	3082	-25	14
1234127	3069	-20	14
1234143	3060	2	14
1234159	3060	22	14
1234165	3069	24	14
1234180	3082	19	14
1234196	3092	6	14
1234211	3096	-18	14
1234226	3092	-28	14
1234241	3074	-22	14
1234256	3060	-5	14
1234261	3060	5	14
1234276	3060	17	14
1234291	3069	20	14
1234307	3078	11	14
1234322	3082	5	14
1234337	3087	10	14
1234352	3092	11	14
1234358	3100	6	14
1234372	3100	6	14
1234387	3105	6	14
1234402	3110	3	14
1234417	3110	-2	14
1234433	3110	3	14
1234448	3110	9	14
1234463	3118	9	14
1234468	3123	8	14
1234483	3128	16	14
1234498	3136	17	14
1234513	3146	13	14
1234528	3150	11	14
1234543	3159	9	14
1234558	3164	7	14
1234563	3168	-3	14
1234578	3168	-4	14
1234593	3168	0	14
1234608	3168	3	14
1234623	3168	2	14
1234638	3168	6	14
1234653	3168	8	14
1234668	3172	5	14
1234674	3177	5	14
1234689	3182	5	14
1234704	3182	0	14
1234719	3182	-7	14
1234734	3182	-2	14
1234749	3182	3	14
1234764	3182	2	14
1234770	3182	3	14
1234784	3182	11	14
1234799	3186	9	14
1234814	3195	5	14
1234829	3195	1	14
1234844	3195	3	14
1234859	3200	-5	14
1234865	3200	-7	14
1234879	3195	-4	14
1234894	3195	2	14
1234909	3195	0	14
1234924	3195	-5	14
1234939	3190	-6	14
1234954	3186	-6	14
1234969	3186	-7	14
1234974	3182	-2	14
1234989	3182	3	14
1235004	3182	-6	14
1235019	3177	-12	14
1235034	3172	-8	14
1235049	3168	-4	14
1235064	3164	-8	14
1235070	3159	-12	14
1235084	3154	-8	14
1235099	3150	-1	14
1235114	3150	0	14
1235129	3150	1	14
1235144	3150	4	14
1235164	3150	3	14
1235179	3150	-4	14
1235184	3150	-4	14
1235199	3150	-6	14
1235214	3146	-4	14
1235229	3141	-2	14
1235244	3141	1	14
1235259	3141	-2	14
1235274	3141	-4	14
1235279	3136	1	14
1235294	3136	4	14
1235309	3136	-6	14
1235324	3136	-14	14
1235339	3132	-7	14
1235354	3128	-3	14
1235369	3123	-9	14
1235374	3118	-14	14
1235389	3110	-12	14
1235404	3105	-15	14
1235420	3096	-17	14
1235435	3087	-20	14
1235450	3074	-15	14
1235465	3069	-16	14
1235480	3060	-10	14
1235485	3051	-9	14
1235500	3046	-14	14
1235515	3038	-19	14
1235530	3028	-14	14
1235545	3020	-14	14
1235561	3015	-32	14
1235576	2997	-62	14
1235581	2961	-76	14
1235596	2916	-77	14
1235611	2876	-75	14
1235626	2830	-69	14
1235641	2794	-61	14
1235657	2758	-58	14
1235672	2727	-57	14
1235677	2696	-43	14
1235692	2668	-27	14
1235707	2655	-16	14
1235722	2646	-12	14
1235737	2637	-17	14
1235752	2628	-23	14
1235772	2614	-33	14
1235787	2596	-37	14
1235793	2578	-31	14
1235807	2560	-37	14
1235822	2538	-39	14
1235837	2516	-34	14
1235852	2498	-22	14
1235867	2484	-13	14
1235882	2480	-6	14
1235887	2475	3	14
1235902	2475	4	14
1235918	2475	-6	14
1235933	2475	-15	14
1235948	2466	-20	14
1235963	2457	-22	14
1235978	2444	-21	14
1235993	2430	-19	14
1235998	2421	-19	14
1236013	2412	-22	14
1236028	2398	-19	14
1236043	2385	-11	14
1236058	2380	-10	14
1236073	2376	-16	14
1236088	2367	-15	14
1236094	2358	-12	14
1236108	2349	-21	14
1236123	2340	-27	14
1236138	2322	-29	14
1236153	2308	-41	14
1236168	2286	-61	14
1236189	2250	-79	14
1236194	2205	-85	14
1236209	2160	-86	14
1236224	2110	-84	14
1236240	2061	-65	14
1236255	2025	-40	14
1236270	2002	-28	14
1236285	1989	-24	14
1236301	1976	-23	14
1236307	1962	-25	14
1236321	1948	-35	14
1236336	1926	-35	14
1236351	1908	-28	14
1236366	1890	-26	14
1236381	1876	-18	14
1236396	1868	-15	14
1236401	1858	-18	14
1236416	1850	-28	14
1236431	1832	-47	14
1236446	1804	-63	14
1236461	1773	-81	14
1236476	1724	-90	14
1236492	1674	-77	14
1236497	1634	-52	14
1236512	1602	-39	14
1236527	1580	-32	14
1236542	1562	-19	14
1236558	1552	-21	14
1236573	1539	-33	14
1236588	1521	-46	14
1236603	1494	-43	14
1236608	1472	-45	14
1236623	1444	-54	14
1236638	1418	-63	14
1236653	1382	-77	14
1236668	1336	-96	14
1236683	1282	-113	14
1236698	1220	-119	14
1236704	1152	-126	14
1236718	1080	-130	14
1236733	1008	-126	14
1236748	936	-116	14
1236763	873	-107	14
1236778	810	-83	14
1236793	765	-51	14
1236808	738	-28	14
1236813	720	-28	14
1236828	706	-38	14
1236843	684	-44	14
1236858	657	-47	14
1236873	634	-48	14
1236888	608	-55	14
1236905	576	-55	14
1236910	544	-58	14
1236925	513	-64	14
1236940	477	-64	14
1236955	441	-70	14
1236970	400	-86	14
1236985	351	-100	14
1237000	297	-108	14
1237006	234	-120	14
1237020	166	-125	14
1237035	94	-119	14
1237050	32	-109	14
1237065	3568	-107	14
1237080	3510	-93	14
1237096	3456	-74	14
1237112	3416	-61	14
1237117	3380	-52	14
1237132	3352	-48	14
1237147	3326	-43	14
1237163	3298	-43	14
1237178	3276	-46	14
1237193	3249	-49	14
1237208	3222	-56	14
1237213	3190	-71	14
1237228	3150	-89	14
1237243	3100	-101	14
1237258	3042	-111	14
1237273	2979	-112	14
1237288	2916	-97	14
1237308	2862	-83	14
1237324	2817	-75	14
1237329	2776	-79	14
1237344	2732	-79	14
1237359	2686	-77	14
1237374	2642	-80	14
1237389	2596	-78	14
1237404	2552	-74	14
1237419	2511	-87	14
1237424	2462	-102	14
1237439	2408	-109	14
1237454	2344	-119	14
1237469	2277	-118	14
1237485	2210	-106	14
1237500	2151	-87	14
1237515	2102	-71	14
1237521	2061	-70	14
1237535	2025	-67	14
1237550	1984	-62	14
1237565	1948	-61	14
1237580	1917	-67	14
1237595	1876	-70	14
1237610	1840	-80	14
1237626	1796	-100	14
1237632	1737	-125	14
1237646	1670	-140	14
1237661	1588	-141	14
1237676	1508	-136	14
1237691	1431	-129	14
1237706	1359	-121	14
1237721	1292	-117	14
1237726	1228	-108	14
1237741	1166	-89	14
1237756	1116	-75	14
1237771	1076	-71	14
1237786	1035	-66	14
1237802	994	-58	14
1237817	963	-62	14
1237822	927	-67	14
1237837	891	-65	14
1237853	855	-63	14
1237868	819	-67	14
1237883	783	-69	14
1237898	742	-91	14
1237913	693	-118	14
1237928	626	-142	14
1237933	544	-134	14
1237948	468	-119	14
1237963	405	-107	14
1237978	342	-95	14
1237993	288	-83	14
1238008	243	-70	14
1238028	202	-63	14
1238033	166	-64	14
1238048	130	-70	14
1238063	94	-72	14
1238078	54	-76	14
1238093	9	-84	14
1238108	3564	-106	14
1238123	3501	-135	14
1238138	3424	-145	14
1238144	3344	-132	14
1238158	3272	-122	14
1238173	3204	-120	14
1238188	3136	-113	14
1238203	3069	-103	14
1238218	3015	-103	14
1238233	2956	-105	14
1238239	2898	-87	14
1238254	2848	-68	14
1238270	2808	-63	14
1238286	2772	-63	14
1238301	2736	-61	14
1238316	2704	-56	14
1238331	2673	-55	14
1238337	2642	-52	14
1238351	2610	-58	14
1238366	2578	-59	14
1238382	2547	-53	14
1238397	2516	-51	14
1238412	2488	-55	14
1238428	2457	-58	14
1238443	2426	-52	14
1238448	2394	-45	14
1238463	2372	-50	14
1238478	2340	-56	14
1238493	2308	-54	14
1238509	2282	-57	14
1238524	2246	-87	14
1238539	2200	-132	14
1238544	2124	-160	14
1238559	2034	-169	14
1238574	1940	-167	14
1238589	1845	-156	14
1238604	1760	-143	14
1238620	1678	-141	14
1238635	1598	-148	14
1238651	1516	-148	14
1238656	1431	-135	14
1238671	1354	-110	14
1238686	1292	-77	14
1238701	1251	-52	14
1238716	1220	-46	14
1238731	1197	-50	14
1238746	1166	-56	14
1238751	1134	-57	14
1238766	1102	-53	14
1238781	1076	-51	14
1238796	1044	-50	14
1238811	1017	-52	14
1238826	986	-57	14
1238841	954	-59	14
1238846	922	-56	14
1238861	891	-69	14
1238876	850	-98	14
1238891	796	-117	14
1238906	729	-115	14
1238921	666	-114	14
1238936	603	-117	14
1238956	536	-119	14
1238961	468	-118	14
1238976	405	-117	14
1238991	338	-108	14
1239006	274	-87	14
1239021	230	-68	14
1239036	189	-60	14
1239051	158	-57	14
1239057	122	-62	14
1239071	90	-66	14
1239086	50	-65	14
1239101	14	-61	14
1239116	3582	-64	14
1239131	3546	-67	14
1239146	3506	-61	14
1239152	3474	-56	14
1239166	3442	-63	14
1239181	3406	-70	14
1239196	3366	-69	14
1239211	3326	-61	14
1239226	3294	-60	14
1239241	3258	-64	14
1239256	3222	-59	14
1239261	3190	-52	14
1239276	3159	-58	14
1239291	3128	-63	14
1239306	3092	-56	14
1239321	3060	-51	14
1239336	3033	-52	14
1239356	3002	-53	14
1239361	2974	-49	14
1239376	2948	-51	14
1239392	2916	-48	14
1239407	2889	-42	14
1239422	2866	-39	14
1239437	2844	-42	14
1239452	2822	-45	14
1239467	2794	-44	14
1239472	2772	-49	14
1239487	2745	-50	14
1239502	2714	-50	14
1239518	2686	-47	14
1239533	2660	-41	14
1239548	2637	-22	14
1239563	2624	5	14
1239568	2624	31	14
1239583	2642	48	14
1239598	2668	52	14
1239613	2700	41	14
1239628	2722	12	14
1239643	2727	-22	14
1239658	2718	-38	14
1239664	2700	-34	14
1239678	2678	-32	14
1239693	2660	-33	14
1239708	2642	-29	14
1239723	2628	-28	14
1239738	2610	-32	14
1239753	2592	-36	14
1239768	2574	-38	14
1239774	2552	-39	14
1239790	2529	-38	14
1239805	2506	-23	14
1239820	2493	2	14
1239835	2493	27	14
1239850	2506	50	14
1239865	2534	58	14
1239870	2570	40	14
1239885	2592	14	14
1239900	2596	-6	14
1239915	2596	-18	14
1239930	2588	-27	14
1239945	2574	-36	14
1239960	2552	-36	14
1239966	2534	-30	14
1239980	2516	-32	14
1239995	2498	-36	14
1240010	2480	-33	14
1240026	2457	-28	14
1240041	2444	-37	14
1240056	2421	-44	14
1240076	2398	-45	14
1240081	2372	-44	14
1240096	2349	-47	14
1240111	2322	-32	14
1240126	2304	-13	14
1240141	2295	9	14
1240156	2295	41	14
1240171	2322	71	14
1240177	2358	77	14
1240191	2403	59	14
1240206	2434	32	14
1240221	2452	5	14
1240236	2457	-12	14
1240251	2452	-15	14
1240266	2448	-18	14
1240281	2434	-33	14
1240287	2416	-45	14
1240301	2394	-48	14
1240316	2367	-43	14
1240331	2340	-39	14
1240346	2318	-36	14
1240361	2300	-30	14
1240376	2282	-19	14
1240381	2272	-17	14
1240396	2264	-24	14
1240411	2250	-24	14
1240426	2236	-20	14
1240441	2223	-21	14
1240456	2210	-16	14
1240476	2200	9	14
1240482	2205	47	14
1240498	2232	77	14
1240513	2272	87	14
1240528	2322	69	14
1240543	2362	41	14
1240558	2385	18	14
1240573	2394	3	14
1240589	2394	-21	14
1240595	2390	-37	14
1240609	2367	-36	14
1240624	2349	-33	14
1240639	2326	-36	14
1240654	2308	-41	14
1240669	2286	-44	14
1240684	2259	-46	14
1240690	2236	-51	14
1240704	2205	-39	14
1240719	2182	-11	14
1240734	2178	19	14
1240749	2182	29	14
1240764	2200	28	14
1240779	2218	15	14
1240794	2223	-1	14
1240800	2223	-15	14
1240814	2218	-14	14
1240829	2214	0	14
1240844	2214	17	14
1240859	2218	35	14
1240875	2236	44	14
1240890	2264	36	14
1240895	2282	11	14
1240910	2290	-15	14
1240925	2286	-38	14
1240940	2264	-52	14
1240956	2232	-58	14
1240971	2200	-50	14
1240986	2174	-37	14
1240992	2151	-23	14
1241006	2138	-14	14
1241022	2133	-10	14
1241038	2124	-10	14
1241054	2120	5	14
1241070	2120	38	14
1241086	2142	80	14
1241102	2187	104	14
1241107	2246	88	14
1241123	2295	51	14
1241138	2322	9	14
1241153	2326	-23	14
1241168	2318	-35	14
1241184	2300	-37	14
1241199	2277	-37	14
1241205	2254	-41	14
1241219	2232	-42	14
1241234	2210	-47	14
1241249	2182	-56	14
1241264	2151	-57	14
1241279	2120	-52	14
1241294	2092	-53	14
1241299	2061	-57	14
1241314	2030	-46	14
1241329	2002	-20	14
1241344	1994	10	14
1241359	1994	41	14
1241374	2016	56	14
1241389	2048	42	14
1241404	2070	8	14
1241409	2074	-33	14
1241424	2061	-65	14
1241439	2025	-76	14
1241454	1980	-70	14
1241469	1944	-60	14
1241484	1908	-61	14
1241499	1876	-66	14
1241505	1836	-65	14
1241520	1800	-60	14
1241535	1768	-57	14
1241550	1737	-59	14
1241565	1701	-62	14
1241580	1665	-59	14
1241596	1634	-54	14
1241611	1602	-56	14
1241617	1570	-62	14
1241631	1539	-62	14
1241646	1503	-52	14
1241661	1472	-41	14
1241676	1449	-42	14
1241691	1426	-51	14
1241706	1400	-49	14
1241711	1368	-37	14
1241726	1350	-24	14
1241741	1336	-11	14
1241756	1328	10	14
1241771	1332	24	14
1241786	1346	19	14
1241801	1354	4	14
1241807	1359	-13	14
1241821	1354	-17	14
1241836	1346	-26	14
1241851	1332	-32	14
1241866	1314	-49	14
1241881	1282	-61	14
1241896	1251	-69	14
1241916	1210	-69	14
1241922	1174	-62	14
1241936	1138	-59	14
1241951	1102	-60	14
1241966	1071	-58	14
1241981	1040	-50	14
1241996	1008	-51	14
1242011	981	-51	14
1242017	954	-48	14
1242031	927	-49	14
1242046	900	-57	14
1242061	864	-58	14
1242076	832	-50	14
1242092	806	-40	14
1242107	783	-23	14
1242112	770	0	14
1242127	770	13	14
1242142	774	6	14
1242157	778	2	14
1242172	778	-5	14
1242187	778	-18	14
1242202	770	-31	14
1242217	752	-37	14
1242222	729	-42	14
1242237	706	-54	14
1242252	675	-65	14
1242267	639	-67	14
1242282	603	-65	14
1242297	567	-56	14
1242312	536	-62	14
1242317	500	-63	14
1242332	464	-61	14
1242347	428	-60	14
1242362	396	-58	14
1242377	364	-54	14
1242393	333	-51	14
1242409	306	-52	14
1242424	274	-53	14
1242430	243	-58	14
1242446	212	-64	14
1242462	176	-54	14
1242478	144	-37	14
1242494	126	-35	14
1242509	104	-41	14
1242524	81	-36	14
1242529	63	-36	14
1242544	40	-46	14
1242559	18	-49	14
1242574	3586	-42	14
1242589	3564	-27	14
1242604	3550	-11	14
1242619	3542	11	14
1242624	3546	24	14
1242639	3560	22	14
1242654	3573	4	14
1242669	3573	-9	14
1242684	3573	-19	14
1242699	3564	-34	14
1242714	3542	-55	14
1242729	3510	-65	14
1242735	3474	-65	14
1242750	3438	-72	14
1242765	3398	-76	14
1242780	3357	-71	14
1242795	3316	-66	14
1242810	3280	-64	14
1242825	3244	-55	14
1242830	3213	-53	14
1242845	3182	-57	14
1242860	3150	-53	14
1242875	3118	-45	14
1242890	3096	-46	14
1242905	3069	-55	14
1242920	3038	-46	14
1242935	3010	-37	14
1242940	2992	-47	14
1242955	2966	-57	14
1242970	2934	-57	14
1242985	2902	-51	14
1243000	2871	-55	14
1243015	2840	-60	14
1243035	2808	-55	14
1243041	2776	-49	14
1243056	2750	-49	14
1243071	2722	-50	14
1243086	2691	-54	14
1243101	2664	-58	14
1243116	2628	-65	14
1243131	2592	-66	14
1243137	2556	-66	14
1243151	2520	-70	14
1243166	2480	-70	14
1243181	2439	-60	14
1243196	2408	-59	14
1243211	2372	-67	14
1243226	2336	-61	14
1243241	2300	-56	14
1243247	2268	-63	14
1243261	2236	-72	14
1243276	2196	-69	14
1243291	2156	-67	14
1243306	2120	-71	14
1243321	2079	-69	14
1243336	2038	-63	14
1243341	2002	-65	14
1243356	1966	-60	14
1243371	1935	-50	14
1243386	1904	-49	14
1243402	1876	-55	14
1243417	1845	-59	14
1243432	1814	-55	14
1243437	1782	-55	14
1243452	1750	-68	14
1243467	1714	-71	14
1243482	1674	-65	14
1243497	1638	-65	14
1243512	1602	-66	14
1243532	1562	-62	14
1243547	1530	-56	14
1243552	1498	-60	14
1243567	1462	-62	14
1243582	1426	-59	14
1243597	1395	-62	14
1243612	1359	-70	14
1243627	1318	-65	14
1243643	1282	-62	14
1243648	1251	-74	14
1243663	1206	-80	14
1243678	1161	-72	14
1243693	1120	-64	14
1243709	1084	-71	14
1243724	1044	-69	14
1243739	1008	-56	14
1243754	976	-53	14
1243759	945	-64	14
1243774	909	-64	14
1243789	873	-57	14
1243804	842	-56	14
1243819	810	-64	14
1243834	774	-65	14
1243849	738	-63	14
1243854	702	-63	14
1243869	666	-66	14
1243884	630	-64	14
1243899	594	-62	14
1243914	558	-68	14
1243929	522	-65	14
1243944	486	-61	14
1243949	450	-70	14
1243964	410	-76	14
1243979	369	-71	14
1243994	328	-67	14
1244009	288	-76	14
1244024	248	-74	14
1244039	207	-60	14
1244059	171	-59	14
1244064	140	-62	14
1244079	104	-58	14
1244094	72	-58	14
1244109	40	-71	14
1244124	0	-74	14
1244139	3555	-69	14
1244154	3519	-67	14
1244160	3478	-72	14
1244174	3438	-72	14
1244189	3398	-67	14
1244204	3362	-72	14
1244219	3321	-83	14
1244234	3276	-82	14
1244249	3226	-71	14
1244254	3190	-62	14
1244270	3154	-54	14
1244285	3123	-43	14
1244300	3100	-37	14
1244315	3078	-39	14
1244330	3056	-39	14
1244345	3033	-39	14
1244360	3010	-49	14
1244366	2984	-62	14
1244380	2952	-66	14
1244395	2912	-68	14
1244410	2876	-82	14
1244425	2830	-89	14
1244440	2776	-80	14
1244455	2732	-69	14
1244460	2696	-71	14
1244475	2655	-71	14
1244490	2614	-66	14
1244505	2578	-70	14
1244520	2538	-77	14
1244535	2493	-77	14
1244555	2452	-81	14
1244570	2408	-82	14
1244575	2358	-78	14
1244590	2318	-75	14
1244605	2272	-77	14
1244620	2232	-84	14
1244635	2182	-81	14
1244650	2138	-77	14
1244665	2092	-76	14
1244670	2052	-74	14
1244685	2012	-66	14
1244700	1971	-64	14
1244715	1935	-77	14
1244730	1894	-83	14
1244745	1845	-78	14
1244760	1804	-80	14
1244765	1760	-86	14
1244780	1710	-81	14
1244795	1665	-70	14
1244810	1624	-73	14
1244826	1584	-71	14
1244841	1544	-68	14
1244856	1508	-70	14
1244876	1467	-77	14
1244881	1422	-72	14
1244896	1382	-66	14
1244911	1346	-69	14
1244926	1305	-71	14
1244942	1264	-65	14
1244957	1228	-62	14
1244974	1197	-68	14
1244979	1156	-75	14
1244994	1116	-72	14
1245009	1076	-68	14
1245024	1035	-72	14
1245039	994	-70	14
1245054	954	-67	14
1245069	918	-67	14
1245084	882	-72	14
1245089	842	-67	14
1245104	801	-65	14
1245119	765	-68	14
1245134	729	-72	14
1245149	688	-65	14
1245164	652	-64	14
1245179	616	-70	14
1245184	576	-69	14
1245199	536	-61	14
1245214	504	-66	14
1245230	464	-71	14
1245246	423	-68	14
1245261	387	-64	14
1245276	351	-65	14
1245281	315	-58	14
1245296	284	-51	14
1245311	252	-51	14
1245326	225	-58	14
1245342	194	-57	14
1245358	158	-53	14
1245373	130	-58	14
1245388	99	-67	14
1245393	58	-68	14
1245409	22	-65	14
1245425	3586	-67	14
1245440	3546	-67	14
1245455	3510	-64	14
1245470	3474	-59	14
1245485	3438	-61	14
1245490	3406	-61	14
1245505	3370	-59	14
1245520	3339	-66	14
1245535	3303	-66	14
1245550	3262	-60	14
1245565	3231	-57	14
1245580	3200	-63	14
1245586	3164	-60	14
1245600	3128	-52	14
1245615	3100	-56	14
1245630	3069	-65	14
1245645	3033	-72	14
1245660	2992	-81	14
1245675	2948	-93	14
1245690	2894	-91	14
1245695	2844	-77	14
1245710	2799	-59	14
1245725	2768	-54	14
1245740	2736	-49	14
1245755	2709	-45	14
1245770	2682	-47	14
1245785	2655	-46	14
1245790	2628	-40	14
1245805	2606	-39	14
1245820	2588	-35	14
1245835	2565	-34	14
1245850	2547	-33	14
1245865	2529	-43	14
1245880	2502	-66	14
1245895	2466	-78	14
1245901	2421	-81	14
1245915	2376	-83	14
1245930	2331	-87	14
1245945	2282	-74	14
1245960	2241	-59	14
1245975	2205	-55	14
1245995	2178	-53	14
1246000	2146	-46	14
1246015	2120	-43	14
1246030	2097	-42	14
1246046	2074	-39	14
1246061	2052	-38	14
1246076	2030	-46	14
1246091	2002	-47	14
1246096	1976	-39	14
1246111	1953	-40	14
1246126	1930	-45	14
1246142	1908	-44	14
1246157	1881	-36	14
1246172	1863	-35	14
1246187	1840	-39	14
1246202	1822	-45	14
1246207	1796	-50	14
1246223	1768	-61	14
1246238	1732	-66	14
1246253	1696	-62	14
1246268	1660	-49	14
1246283	1634	-43	14
1246298	1611	-40	14
1246304	1588	-30	14
1246319	1570	-26	14
1246334	1557	-29	14
1246349	1539	-31	14
1246364	1521	-30	14
1246379	1503	-33	14
1246394	1485	-35	14
1246409	1467	-32	14
1246414	1449	-32	14
1246429	1431	-29	14
1246444	1413	-26	14
1246459	1400	-14	14
1246474	1390	-14	14
1246490	1382	-15	14
1246505	1377	-9	14
1246510	1368	-9	14
1246525	1364	-19	14
1246540	1354	-26	14
1246555	1341	-23	14
1246570	1328	-22	14
1246585	1314	-23	14
1246600	1300	-23	14
1246606	1287	-16	14
1246622	1278	-17	14
1246638	1269	-20	14
1246653	1260	-20	14
1246668	1246	-17	14
1246683	1238	-21	14
1246698	1224	-28	14
1246713	1210	-29	14
1246718	1192	-30	14
1246733	1179	-34	14
1246748	1156	-34	14
1246763	1138	-34	14
1246779	1120	-40	14
1246794	1098	-36	14
1246809	1076	-25	14
1246815	1062	-20	14
1246831	1053	-26	14
1246846	1035	-29	14
1246861	1022	-26	14
1246876	1008	-34	14
1246892	986	-49	14
1246907	958	-59	14
1246912	927	-66	14
1246928	891	-73	14
1246943	846	-77	14
1246958	806	-64	14
1246973	770	-53	14
1246988	738	-50	14
1247003	711	-44	14
1247018	684	-44	14
1247023	662	-44	14
1247038	634	-50	14
1247053	608	-49	14
1247068	580	-47	14
1247083	554	-51	14
1247098	526	-49	14
1247113	500	-41	14
1247119	477	-39	14
1247133	454	-43	14
1247148	428	-45	14
1247163	405	-41	14
1247178	382	-40	14
1247193	360	-42	14
1247208	333	-42	14
1247223	310	-44	14
1247228	288	-50	14
1247243	256	-47	14
1247258	230	-41	14
1247273	207	-43	14
1247288	184	-43	14
1247303	162	-37	14
1247323	140	-32	14
1247328	122	-33	14
1247343	104	-37	14
1247358	81	-34	14
1247373	63	-32	14
1247388	45	-38	14
1247403	22	-47	14
1247418	3596	-38	14
1247423	3578	-31	14
1247438	3560	-34	14
1247453	3537	-40	14
1247468	3514	-46	14
1247483	3492	-57	14
1247498	3460	-66	14
1247513	3420	-74	14
1247528	3380	-74	14
1247533	3339	-75	14
1247548	3294	-64	14
1247563	3258	-52	14
1247578	3231	-50	14
1247593	3204	-45	14
1247608	3177	-45	14
1247628	3150	-51	14
1247633	3123	-70	14
1247648	3082	-85	14
1247663	3038	-83	14
1247678	2988	-73	14
1247693	2948	-70	14
1247708	2907	-68	14
1247723	2871	-58	14
1247728	2840	-51	14
1247743	2808	-46	14
1247758	2786	-43	14
1247773	2758	-38	14
1247788	2736	-36	14
1247804	2718	-37	14
1247819	2696	-35	14
1247834	2678	-44	14
1247840	2650	-59	14
1247854	2619	-69	14
1247869	2578	-61	14
1247884	2547	-50	14
1247899	2520	-43	14
1247914	2493	-27	14
1247929	2480	-21	14
1247934	2466	-23	14
1247949	2452	-25	14
1247964	2439	-22	14
1247979	2426	-23	14
1247994	2416	-27	14
1248009	2398	-26	14
1248024	2385	-21	14
1248039	2372	-25	14
1248044	2358	-32	14
1248059	2340	-26	14
1248074	2326	-23	14
1248089	2313	-26	14
1248104	2300	-33	14
1248119	2282	-27	14
1248139	2264	-21	14
1248144	2254	-26	14
1248159	2236	-34	14
1248174	2218	-33	14
1248189	2200	-36	14
1248204	2182	-48	14
1248219	2156	-62	14
1248234	2120	-69	14
1248239	2079	-68	14
1248254	2043	-56	14
1248269	2012	-47	14
1248284	1984	-47	14
1248299	1958	-52	14
1248314	1926	-43	14
1248329	1904	-28	14
1248344	1890	-27	14
1248349	1872	-31	14
1248364	1854	-32	14
1248379	1836	-29	14
1248396	1822	-42	14
1248411	1796	-60	14
1248427	1764	-72	14
1248443	1724	-79	14
1248449	1678	-82	14
1248463	1634	-78	14
1248478	1588	-66	14
1248493	1552	-57	14
1248508	1521	-50	14
1248523	1490	-42	14
1248539	1467	-41	14
1248554	1444	-45	14
1248560	1418	-45	14
1248574	1395	-35	14
1248589	1372	-33	14
1248604	1354	-35	14
1248619	1336	-31	14
1248634	1318	-25	14
1248650	1305	-30	14
1248655	1287	-36	14
1248670	1269	-38	14
1248685	1246	-42	14
1248700	1224	-50	14
1248715	1192	-58	14
1248730	1161	-59	14
1248745	1130	-62	14
1248750	1094	-58	14
1248765	1062	-47	14
1248781	1035	-38	14
1248796	1012	-40	14
1248811	990	-36	14
1248826	972	-28	14
1248841	954	-25	14
1248856	940	-36	14
1248861	922	-50	14
1248876	891	-58	14
1248891	860	-69	14
1248906	819	-85	14
1248921	774	-89	14
1248936	724	-82	14
1248951	675	-70	14
1248956	639	-59	14
1248971	603	-54	14
1248986	576	-53	14
1249001	544	-54	14
1249016	513	-45	14
1249031	490	-41	14
1249051	464	-45	14
1249057	441	-52	14
1249071	410	-45	14
1249086	387	-43	14
1249101	360	-56	14
1249116	328	-75	14
1249131	288	-83	14
1249146	243	-77	14
1249161	198	-72	14
1249166	158	-65	14
1249181	122	-60	14
1249196	86	-55	14
1249211	54	-48	14
1249227	27	-45	14
1249242	4	-52	14
1249257	3573	-55	14
1249262	3542	-49	14
1249277	3514	-43	14
1249292	3492	-51	14
1249307	3465	-66	14
1249322	3424	-65	14
1249337	3388	-54	14
1249352	3357	-56	14
1249368	3326	-61	14
1249374	3294	-62	14
1249389	3258	-54	14
1249404	3226	-49	14
1249419	3200	-51	14
1249434	3172	-46	14
1249449	3146	-40	14
1249464	3123	-40	14
1249469	3100	-45	14
1249484	3074	-52	14
1249499	3046	-63	14
1249514	3010	-63	14
1249529	2974	-55	14
1249544	2943	-55	14
1249559	2912	-62	14
1249565	2880	-61	14
1249579	2844	-46	14
1249594	2817	-42	14
1249609	2794	-49	14
1249624	2768	-51	14
1249639	2740	-45	14
1249659	2714	-42	14
1249674	2691	-49	14
1249679	2664	-45	14
1249694	2637	-40	14
1249709	2614	-37	14
1249725	2592	-42	14
1249740	2570	-44	14
1249756	2547	-47	14
1249771	2520	-50	14
1249776	2488	-56	14
1249791	2457	-62	14
1249806	2426	-73	14
1249821	2385	-74	14
1249836	2340	-68	14
1249851	2304	-62	14
1249867	2268	-61	14
1249872	2232	-61	14
1249887	2200	-56	14
1249903	2169	-52	14
1249918	2138	-50	14
1249933	2110	-52	14
1249948	2084	-58	14
1249963	2048	-61	14
1249978	2016	-59	14
1249983	1980	-52	14
1249998	1953	-51	14
1250013	1922	-52	14
1250028	1894	-51	14
1250043	1868	-56	14
1250058	1836	-73	14
1250073	1791	-90	14
1250079	1742	-96	14
1250093	1688	-91	14
1250108	1638	-88	14
1250123	1588	-85	14
1250138	1539	-81	14
1250153	1494	-76	14
1250169	1454	-72	14
1250184	1413	-71	14
1250189	1372	-71	14
1250204	1332	-72	14
1250219	1292	-65	14
1250235	1256	-59	14
1250250	1220	-60	14
1250265	1188	-61	14
1250280	1152	-61	14
1250286	1120	-58	14
1250300	1084	-57	14
1250315	1053	-53	14
1250330	1026	-52	14
1250345	994	-44	14
1250360	972	-41	14
1250375	945	-41	14
1250380	922	-43	14
1250395	900	-42	14
1250410	878	-44	14
1250425	850	-44	14
1250440	828	-41	14
1250455	806	-44	14
1250475	778	-48	14
1250490	752	-45	14
1250496	724	-41	14
1250510	702	-39	14
1250525	680	-40	14
1250540	657	-45	14
1250555	634	-51	14
1250570	603	-61	14
1250585	572	-64	14
1250590	536	-59	14
1250605	500	-58	14
1250620	468	-52	14
1250635	441	-42	14
1250650	414	-43	14
1250665	392	-46	14
1250680	364	-43	14
1250696	342	-43	14
1250702	320	-43	14
1250716	292	-45	14
1250731	270	-45	14
1250746	243	-45	14
1250761	216	-49	14
1250776	189	-50	14
1250792	162	-53	14
1250797	130	-59	14
1250812	99	-68	14
1250827	58	-73	14
1250842	18	-74	14
1250857	3578	-68	14
1250872	3542	-59	14
1250887	3506	-50	14
1250892	3478	-45	14
1250907	3452	-45	14
1250922	3429	-47	14
1250937	3402	-49	14
1250952	3375	-50	14
1250967	3344	-50	14
1250987	3316	-47	14
1251002	3290	-52	14
1251007	3262	-62	14
1251022	3226	-72	14
1251037	3186	-81	14
1251052	3141	-85	14
1251067	3092	-91	14
1251082	3042	-85	14
1251097	2992	-73	14
1251102	2952	-62	14
1251117	2916	-57	14
1251132	2884	-55	14
1251148	2853	-59	14
1251163	2822	-61	14
1251178	2786	-61	14
1251193	2754	-63	14
1251198	2718	-65	14
1251213	2682	-62	14
1251228	2646	-63	14
1251243	2610	-59	14
1251259	2578	-52	14
1251274	2547	-55	14
1251289	2516	-54	14
1251304	2488	-54	14
1251309	2457	-51	14
1251324	2430	-45	14
1251340	2403	-38	14
1251355	2380	-37	14
1251370	2362	-41	14
1251385	2336	-44	14
1251400	2313	-44	14
1251405	2286	-46	14
1251420	2264	-48	14
1251436	2236	-45	14
1251451	2210	-48	14
1251466	2182	-49	14
1251481	2156	-44	14
1251496	2128	-51	14
1251511	2102	-61	14
1251517	2066	-71	14
1251532	2030	-82	14
1251547	1980	-81	14
1251562	1935	-78	14
1251577	1890	-72	14
1251593	1850	-65	14
1251608	1814	-56	14
1251613	1782	-50	14
1251628	1755	-53	14
1251643	1724	-55	14
1251658	1696	-60	14
1251673	1660	-66	14
1251688	1624	-75	14
1251703	1580	-80	14
1251708	1534	-79	14
1251723	1494	-71	14
1251738	1454	-58	14
1251753	1418	-57	14
1251768	1386	-57	14
1251783	1354	-56	14
1251803	1323	-48	14
1251818	1296	-48	14
1251823	1269	-46	14
1251838	1242	-42	14
1251853	1220	-36	14
1251868	1202	-34	14
1251884	1179	-34	14
1251899	1161	-34	14
1251914	1143	-38	14
1251920	1120	-47	14
1251934	1094	-59	14
1251949	1062	-68	14
1251964	1022	-70	14
1251979	986	-71	14
1251994	945	-69	14
1252009	904	-62	14
1252014	868	-53	14
1252029	842	-50	14
1252045	814	-51	14
1252060	783	-53	14
1252075	756	-55	14
1252090	724	-54	14
1252105	693	-49	14
1252120	666	-48	14
1252125	639	-48	14
1252141	612	-47	14
1252156	585	-49	14
1252171	558	-51	14
1252186	526	-51	14
1252201	500	-45	14
1252216	472	-43	14
1252222	450	-40	14
1252237	428	-38	14
1252252	405	-39	14
1252267	382	-47	14
1252282	360	-60	14
1252297	324	-75	14
1252312	284	-82	14
1252327	234	-87	14
1252332	189	-82	14
1252347	140	-70	14
1252362	104	-54	14
1252377	72	-44	14
1252392	45	-43	14
1252407	22	-42	14
1252427	0	-42	14
1252432	3573	-48	14
1252447	3546	-56	14
1252462	3514	-64	14
1252477	3478	-73	14
1252492	3438	-73	14
1252507	3398	-66	14
1252522	3362	-66	14
1252527	3326	-71	14
1252542	3285	-66	14
1252557	3249	-62	14
1252572	3213	-60	14
1252587	3177	-61	14
1252603	3146	-58	14
1252618	3110	-53	14
1252633	3082	-58	14
1252638	3051	-63	14
1252653	3015	-64	14
1252668	2979	-56	14
1252683	2948	-51	14
1252698	2916	-50	14
1252713	2889	-47	14
1252728	2862	-45	14
1252734	2840	-42	14
1252748	2812	-42	14
1252763	2790	-41	14
1252778	2768	-42	14
1252793	2745	-42	14
1252808	2718	-49	14
1252823	2691	-65	14
1252843	2655	-85	14
1252849	2610	-85	14
1252864	2560	-74	14
1252879	2520	-64	14
1252894	2484	-61	14
1252909	2448	-55	14
1252924	2416	-49	14
1252939	2390	-57	14
1252945	2358	-61	14
1252959	2322	-63	14
1252974	2286	-63	14
1252989	2254	-66	14
1253004	2214	-63	14
1253019	2178	-65	14
1253034	2142	-63	14
1253039	2106	-57	14
1253054	2074	-52	14
1253069	2048	-52	14
1253084	2016	-57	14
1253099	1984	-58	14
1253114	1953	-54	14
1253129	1922	-52	14
1253144	1894	-55	14
1253149	1863	-53	14
1253165	1832	-49	14
1253180	1804	-50	14
1253195	1778	-52	14
1253210	1746	-53	14
1253225	1719	-48	14
1253240	1692	-51	14
1253245	1660	-48	14
1253260	1634	-48	14
1253275	1606	-51	14
1253290	1580	-54	14
1253305	1548	-54	14
1253320	1516	-51	14
1253335	1490	-57	14
1253340	1458	-62	14
1253356	1422	-57	14
1253371	1390	-54	14
1253386	1359	-58	14
1253401	1328	-61	14
1253416	1292	-54	14
1253432	1264	-52	14
1253447	1233	-54	14
1253452	1202	-54	14
1253467	1174	-51	14
1253483	1143	-56	14
1253498	1112	-58	14
1253513	1080	-57	14
1253528	1048	-55	14
1253543	1017	-55	14
1253549	986	-58	14
1253564	954	-61	14
1253580	918	-63	14
1253596	882	-61	14
1253611	850	-52	14
1253626	819	-49	14
1253641	792	-54	14
1253656	760	-55	14
1253662	734	-56	14
1253676	702	-57	14
1253691	666	-60	14
1253706	634	-62	14
1253721	598	-61	14
1253736	567	-62	14
1253751	531	-66	14
1253756	495	-61	14
1253771	459	-57	14
1253786	428	-56	14
1253801	396	-62	14
1253816	360	-62	14
1253831	324	-57	14
1253851	292	-60	14
1253857	261	-63	14
1253871	225	-60	14
1253886	189	-61	14
1253901	158	-62	14
1253916	122	-61	14
1253931	86	-58	14
1253946	54	-63	14
1253961	18	-64	14
1253966	3582	-58	14
1253981	3550	-59	14
1253996	3519	-71	14
1254011	3478	-70	14
1254026	3438	-65	14
1254041	3402	-71	14
1254056	3362	-81	14
1254061	3316	-83	14
1254076	3267	-80	14
1254091	3222	-73	14
1254106	3182	-67	14
1254121	3146	-58	14
1254136	3114	-60	14
1254151	3078	-61	14
1254171	3046	-63	14
1254176	3010	-65	14
1254191	2974	-72	14
1254207	2934	-73	14
1254223	2889	-64	14
1254238	2853	-59	14
1254254	2822	-70	14
1254269	2781	-80	14
1254275	2736	-81	14
1254289	2691	-80	14
1254304	2646	-79	14
1254319	2601	-74	14
1254334	2560	-64	14
1254349	2524	-64	14
1254364	2488	-69	14
1254369	2448	-74	14
1254384	2408	-87	14
1254399	2358	-92	14
1254414	2308	-87	14
1254429	2259	-78	14
1254444	2214	-77	14
1254459	2174	-70	14
1254474	2133	-55	14
1254479	2102	-39	14
1254494	2079	-43	14
1254509	2056	-54	14
1254524	2025	-56	14
1254539	1994	-51	14
1254554	1966	-56	14
1254569	1935	-65	14
1254574	1894	-70	14
1254589	1858	-73	14
1254604	1818	-70	14
1254619	1778	-63	14
1254634	1742	-57	14
1254649	1710	-61	14
1254664	1674	-63	14
1254669	1638	-56	14
1254684	1606	-52	14
1254699	1580	-60	14
1254714	1544	-54	14
1254729	1516	-43	14
1254744	1490	-44	14
1254760	1467	-48	14
1254775	1440	-42	14
1254781	1413	-41	14
1254795	1390	-45	14
1254810	1368	-49	14
1254825	1341	-55	14
1254840	1310	-61	14
1254855	1274	-63	14
1254875	1238	-57	14
1254880	1206	-48	14
1254895	1179	-45	14
1254910	1152	-42	14
1254925	1130	-35	14
1254941	1112	-32	14
1254957	1094	-39	14
1254973	1071	-34	14
1254989	1053	-28	14
1254995	1035	-23	14
1255010	1022	-25	14
1255025	1008	-23	14
1255040	994	-19	14
1255055	986	-21	14
1255070	972	-29	14
1255086	958	-36	14
1255092	936	-38	14
1255106	914	-40	14
1255121	891	-33	14
1255136	873	-32	14
1255152	855	-40	14
1255167	832	-45	14
1255182	810	-41	14
1255187	788	-42	14
1255202	760	-55	14
1255218	729	-54	14
1255233	702	-45	14
1255248	675	-47	14
1255263	648	-59	14
1255278	616	-64	14
1255294	580	-60	14
1255299	544	-61	14
1255314	513	-59	14
1255329	477	-49	14
1255344	450	-41	14
1255359	428	-41	14
1255374	405	-40	14
1255389	382	-36	14
1255394	360	-33	14
1255409	342	-31	14
1255424	324	-30	14
1255439	310	-28	14
1255454	292	-43	14
1255469	270	-60	14
1255484	234	-71	14
1255490	194	-76	14
1255504	153	-86	14
1255519	104	-80	14
1255534	58	-62	14
1255549	22	-51	14
1255564	3596	-51	14
1255579	3568	-41	14
1255594	3546	-37	14
1255600	3524	-46	14
1255614	3496	-52	14
1255629	3470	-50	14
1255645	3438	-52	14
1255661	3411	-63	14
1255676	3375	-70	14
1255691	3334	-64	14
1255696	3298	-56	14
1255711	3267	-54	14
1255727	3240	-48	14
1255742	3213	-46	14
1255757	3186	-51	14
1255772	3154	-54	14
1255787	3128	-49	14
1255802	3100	-47	14
1255808	3074	-48	14
1255822	3046	-44	14
1255838	3020	-33	14
1255853	3002	-24	14
1255868	2988	-25	14
1255884	2974	-16	14
1255899	2966	-10	14
1255905	2961	-16	14
1255919	2952	-26	14
1255934	2934	-27	14
1255949	2920	-33	14
1255965	2902	-42	14
1255980	2880	-38	14
1255995	2858	-30	14
1256000	2840	-27	14
1256015	2826	-30	14
1256030	2808	-30	14
1256045	2790	-33	14
1256060	2772	-36	14
1256075	2754	-35	14
1256090	2732	-30	14
1256105	2718	-29	14
1256110	2700	-31	14
1256125	2682	-23	14
1256140	2668	-19	14
1256155	2660	-21	14
1256170	2646	-23	14
1256185	2632	-20	14
1256201	2624	-25	14
1256207	2610	-37	14
1256221	2588	-42	14
1256236	2565	-40	14
1256251	2542	-41	14
1256266	2520	-45	14
1256281	2493	-41	14
1256296	2470	-34	14
1256311	2452	-29	14
1256317	2434	-35	14
1256333	2416	-38	14
1256349	2394	-45	14
1256365	2367	-48	14
1256381	2340	-46	14
1256397	2318	-43	14
1256413	2290	-52	14
1256419	2264	-57	14
1256433	2232	-51	14
1256448	2200	-46	14
1256463	2174	-47	14
1256478	2151	-43	14
1256493	2124	-29	14
1256508	2110	-23	14
1256514	2097	-30	14
1256529	2079	-30	14
1256544	2061	-35	14
1256559	2043	-47	14
1256575	2016	-61	14
1256592	1980	-68	14
1256607	1944	-66	14
1256623	1908	-59	14
1256629	1872	-42	14
1256643	1850	-24	14
1256658	1836	-23	14
1256673	1822	-23	14
1256688	1809	-20	14
1256704	1800	-15	14
1256719	1791	-26	14
1256724	1778	-36	14
1256739	1755	-29	14
1256754	1737	-15	14
1256769	1732	-16	14
1256784	1724	-19	14
1256799	1710	-17	14
1256814	1701	-14	14
1256820	1692	-20	14
1256834	1683	-21	14
1256849	1670	-24	14
1256864	1656	-30	14
1256880	1638	-44	14
1256895	1616	-53	14
1256910	1584	-65	14
1256926	1548	-72	14
1256931	1508	-54	14
1256946	1476	-40	14
1256961	1454	-34	14
1256976	1436	-39	14
1256991	1413	-34	14
1257006	1395	-31	14
1257023	1377	-36	14
1257028	1359	-41	14
1257043	1336	-40	14
1257058	1314	-35	14
1257073	1292	-36	14
1257088	1274	-34	14
1257103	1251	-22	14
1257118	1242	-19	14
1257133	1228	-21	14
1257139	1220	-28	14
1257153	1202	-47	14
1257168	1174	-67	14
1257183	1138	-65	14
1257198	1102	-43	14
1257213	1076	-26	14
1257228	1062	-17	14
1257234	1053	-8	14
1257248	1048	-5	14
1257263	1044	-13	14
1257278	1040	-22	14
1257293	1026	-22	14
1257308	1012	-20	14
1257323	1004	-26	14
1257329	990	-28	14
1257343	972	-26	14
1257359	958	-22	14
1257374	945	-16	14
1257389	936	-9	14
1257404	932	-3	14
1257419	932	-7	14
1257434	927	-6	14
1257440	922	1	14
1257454	922	6	14
1257469	922	-4	14
1257484	922	-6	14
1257499	922	-4	14
1257514	918	-6	14
1257529	914	-10	14
1257535	909	-6	14
1257549	904	0	14
1257564	904	-3	14
1257579	904	-7	14
1257595	900	-9	14
1257610	896	-12	14
1257625	886	-19	14
1257631	878	-15	14
1257645	868	-10	14
1257660	864	-12	14
1257675	855	-7	14
1257690	855	-4	14
1257705	850	-5	14
1257720	846	-13	14
1257735	842	-17	14
1257740	832	-19	14
1257756	819	-22	14
1257771	810	-29	14
1257787	792	-32	14
1257802	774	-31	14
1257817	756	-29	14
1257832	738	-25	14
1257837	724	-19	14
1257852	716	-16	14
1257867	706	-21	14
1257883	693	-25	14
1257898	680	-21	14
1257913	670	-21	14
1257928	657	-26	14
1257943	644	-28	14
1257948	626	-26	14
1257963	612	-32	14
1257978	594	-36	14
1257993	572	-36	14
1258008	554	-34	14
1258023	536	-33	14
1258038	518	-32	14
1258043	500	-28	14
1258058	482	-29	14
1258073	464	-32	14
1258088	446	-36	14
1258104	428	-40	14
1258119	405	-44	14
1258139	378	-43	14
1258145	356	-37	14
1258159	333	-36	14
1258174	315	-38	14
1258189	292	-31	14
1258204	274	-24	14
1258219	261	-28	14
1258234	248	-35	14
1258249	225	-34	14
1258254	207	-31	14
1258269	189	-38	14
1258284	171	-45	14
1258299	144	-44	14
1258314	117	-38	14
1258329	99	-37	14
1258344	76	-40	14
1258349	54	-40	14
1258364	32	-41	14
1258379	9	-41	14
1258394	3586	-36	14
1258409	3564	-37	14
1258424	3546	-43	14
1258439	3519	-46	14
1258459	3496	-53	14
1258464	3465	-68	14
1258479	3424	-81	14
1258494	3380	-73	14
1258509	3339	-62	14
1258524	3303	-60	14
1258539	3272	-63	14
1258554	3236	-60	14
1258559	3204	-59	14
1258575	3168	-60	14
1258590	3136	-61	14
1258605	3100	-54	14
1258620	3069	-50	14
1258635	3042	-52	14
1258650	3015	-49	14
1258655	2984	-41	14
1258670	2961	-38	14
1258685	2943	-34	14
1258700	2920	-28	14
1258715	2907	-28	14
1258730	2889	-35	14
1258745	2871	-51	14
1258760	2844	-64	14
1258765	2808	-78	14
1258780	2763	-77	14
1258795	2718	-68	14
1258810	2682	-57	14
1258825	2650	-52	14
1258840	2619	-48	14
1258855	2592	-41	14
1258860	2570	-44	14
1258875	2542	-50	14
1258890	2516	-51	14
1258905	2488	-47	14
1258920	2462	-55	14
1258935	2430	-59	14
1258955	2398	-56	14
1258961	2367	-52	14
1258975	2336	-62	14
1258990	2300	-76	14
1259005	2259	-81	14
1259020	2214	-88	14
1259035	2164	-80	14
1259050	2120	-70	14
1259065	2079	-65	14
1259071	2043	-61	14
1259085	2007	-56	14
1259100	1976	-48	14
1259115	1948	-45	14
1259130	1926	-47	14
1259145	1899	-49	14
1259160	1872	-55	14
1259166	1840	-72	14
1259181	1800	-88	14
1259197	1750	-91	14
1259214	1696	-92	14
1259229	1647	-88	14
1259245	1598	-80	14
1259261	1552	-66	14
1259277	1516	-55	14
1259282	1485	-47	14
1259297	1458	-43	14
1259312	1436	-40	14
1259327	1413	-44	14
1259343	1386	-48	14
1259358	1359	-53	14
1259373	1328	-57	14
1259379	1296	-64	14
1259393	1260	-61	14
1259408	1228	-55	14
1259423	1197	-50	14
1259438	1170	-51	14
1259453	1138	-45	14
1259468	1116	-40	14
1259473	1094	-46	14
1259488	1066	-61	14
1259503	1030	-77	14
1259518	990	-92	14
1259533	936	-99	14
1259548	882	-89	14
1259563	832	-72	14
1259578	792	-67	14
1259583	752	-63	14
1259600	716	-54	14
1259615	688	-51	14
1259630	657	-62	14
1259645	621	-64	14
1259660	585	-57	14
1259675	554	-52	14
1259680	526	-57	14
1259695	495	-59	14
1259710	459	-56	14
1259725	428	-52	14
1259740	400	-55	14
1259755	369	-53	14
1259770	338	-47	14
1259775	310	-48	14
1259790	284	-55	14
1259805	256	-57	14
1259820	220	-55	14
1259835	194	-58	14
1259851	158	-62	14
1259866	126	-63	14
1259881	90	-65	14
1259886	54	-63	14
1259901	18	-57	14
1259916	3586	-51	14
1259931	3555	-53	14
1259946	3528	-49	14
1259961	3496	-40	14
1259976	3474	-38	15
1259981	3456	-48	15
1259996	3573	-47	15
1260012	3546	-44	15
1260027	3519	-46	15
1260042	3496	-53	15
1260057	3465	-51	15
1260072	3438	-47	15
1260087	3411	-49	15
1260092	3384	-42	15
1260107	3357	-37	15
1260122	3339	-33	15
1260137	3321	-33	15
1260152	3298	-29	15
1260167	3285	-20	15
1260187	3272	-8	15
1260192	3267	3	15
1260207	3267	16	15
1260223	3276	29	15
1260238	3290	37	15
1260253	3312	46	15
1260268	3339	54	15
1260283	3370	52	15
1260288	3398	42	15
1260303	3420	35	15
1260318	3442	32	15
1260334	3460	24	15
1260349	3474	20	15
1260364	3483	22	15
1260379	3496	25	15
1260394	3510	24	15
1260400	3524	24	15
1260414	3537	22	15
1260429	3550	14	15
1260444	3560	-8	15
1260459	3555	-36	15
1260475	3537	-57	15
1260490	3506	-65	15
1260495	3470	-62	15
1260510	3434	-48	15
1260525	3406	-32	15
1260540	3388	-18	15
1260555	3380	-8	15
1260570	3375	0	15
1260585	3375	4	15
1260600	3375	6	15
1260605	3375	8	15
1260620	3380	-12	15
1260635	3375	-45	15
1260650	3352	-73	15
1260665	3312	-76	15
1260680	3267	-71	15
1260695	3226	-52	15
1260700	3200	-21	15
1260715	3186	10	15
1260730	3190	32	15
1260745	3208	41	15
1260760	3231	45	15
1260775	3254	37	15
1260790	3276	20	15
1260795	3285	0	15
1260810	3285	-28	15
1260825	3276	-60	15
1260840	3240	-75	15
1260855	3200	-68	15
1260870	3159	-46	15
1260890	3136	-30	15
1260905	3118	-10	15
1260910	3114	8	15
1260925	3114	11	15
1260940	3118	8	15
1260956	3123	17	15
1260971	3132	29	15
1260986	3150	33	15
1261001	3168	37	15
1261006	3190	46	15
1261021	3213	53	15
1261036	3244	53	15
1261051	3276	47	15
1261066	3303	51	15
1261081	3330	52	15
1261096	3357	43	15
1261103	3384	47	15
1261116	3411	48	15
1261131	3438	41	15
1261146	3460	33	15
1261161	3478	39	15
1261176	3501	47	15
1261191	3528	48	15
1261211	3555	38	15
1261217	3573	20	15
1261231	3586	-3	15
1261246	3586	-24	15
1261261	3573	-22	15
1261276	3564	-13	15
1261291	3555	-1	15
1261306	3555	9	15
1261312	3555	24	15
1261326	3568	32	15
1261341	3586	34	15
1261356	4	41	15
1261371	32	48	15
1261386	58	46	15
1261401	81	36	15
1261416	104	29	15
1261421	117	26	15
1261436	135	14	15
1261451	140	-3	15
1261466	140	-16	15
1261481	135	-22	15
1261496	122	-21	15
1261511	112	-5	15
1261517	108	19	15
1261531	112	39	15
1261546	135	50	15
1261561	166	60	15
1261576	198	64	15
1261591	234	63	15
1261611	270	64	15
1261616	306	70	15
1261631	346	64	15
1261646	382	54	15
1261661	410	40	15
1261676	432	32	15
1261691	450	29	15
1261706	468	34	15
1261721	486	45	15
1261727	513	49	15
1261742	540	50	15
1261757	567	53	15
1261772	598	64	15
1261787	634	70	15
1261803	675	65	15
1261818	711	60	15
1261823	742	56	15
1261838	774	45	15
1261853	801	31	15
1261868	819	34	15
1261883	837	39	15
1261898	860	42	15
1261913	882	51	15
1261918	914	66	15
1261933	950	73	15
1261949	990	79	15
1261965	1035	77	15
1261980	1076	68	15
1261995	1116	56	15
1262010	1148	52	15
1262027	1174	57	15
1262032	1210	66	15
1262047	1246	78	15
1262062	1292	85	15
1262077	1336	82	15
1262092	1382	72	15
1262107	1422	57	15
1262122	1458	58	15
1262128	1490	63	15
1262143	1526	62	15
1262158	1557	60	15
1262173	1593	71	15
1262188	1634	77	15
1262203	1674	79	15
1262218	1719	81	15
1262233	1764	85	15
1262238	1814	81	15
1262253	1858	67	15
1262268	1899	54	15
1262283	1926	42	15
1262298	1953	6	15
1262313	1953	-28	15
1262328	1944	-55	15
1262334	1912	-57	15
1262348	1881	-33	15
1262363	1863	8	15
1262378	1863	36	15
1262393	1881	52	15
1262408	1912	62	15
1262423	1944	59	15
1262429	1980	57	15
1262443	2012	52	15
1262458	2038	56	15
1262473	2070	64	15
1262488	2106	70	15
1262503	2146	71	15
1262518	2187	71	15
1262538	2228	78	15
1262544	2272	81	15
1262558	2318	83	15
1262573	2362	81	15
1262588	2408	79	15
1262603	2452	73	15
1262618	2493	63	15
1262634	2529	57	15
1262639	2560	54	15
1262654	2592	51	15
1262669	2619	55	15
1262684	2650	62	15
1262699	2686	63	15
1262714	2722	62	15
1262729	2758	62	15
1262746	2790	63	15
1262752	2826	60	15
1262766	2862	66	15
1262782	2898	73	15
1262797	2938	80	15
1262812	2984	87	15
1262827	3033	91	15
1262842	3082	99	15
1262848	3141	104	15
1262862	3200	104	15
1262877	3258	103	15
1262892	3316	103	15
1262907	3375	99	15
1262922	3429	101	15
1262937	3488	113	15
1262943	3550	128	15
1262957	22	143	15
1262972	104	162	15
1262987	194	180	15
1263002	292	176	15
1263017	392	169	15
1263032	486	163	15
1263047	580	162	15
1263052	670	165	15
1263067	765	167	15
1263082	860	173	15
1263097	954	174	15
1263113	1053	172	15
1263128	1148	175	15
1263143	1246	171	15
1263148	1346	158	15
1263163	1431	152	15
1263178	1516	149	15
1263193	1602	142	15
1263208	1683	130	15
1263223	1755	118	15
1263238	1822	109	15
1263243	1881	105	15
1263258	1944	97	15
1263273	1998	92	15
1263289	2048	96	15
1263304	2102	93	15
1263319	2156	93	15
1263335	2205	95	15
1263352	2259	104	15
1263357	2318	106	15
1263373	2380	103	15
1263389	2434	102	15
1263404	2493	98	15
1263419	2547	92	15
1263434	2601	88	15
1263449	2650	85	15
1263455	2700	80	15
1263469	2745	70	15
1263484	2781	57	15
1263499	2812	50	15
1263514	2844	51	15
1263529	2871	57	15
1263544	2902	64	15
1263559	2938	69	15
1263565	2979	69	15
1263579	3015	76	15
1263594	3060	77	15
1263609	3105	69	15
1263624	3141	64	15
1263639	3177	64	15
1263654	3213	68	15
1263660	3254	62	15
1263674	3285	57	15
1263689	3321	61	15
1263704	3352	66	15
1263719	3388	64	15
1263734	3424	67	15
1263754	3465	76	15
1263760	3506	77	15
1263775	3550	70	15
1263790	3591	64	15
1263805	27	55	15
1263820	58	54	15
1263835	86	59	15
1263850	122	61	15
1263865	153	60	15
1263870	189	67	15
1263885	225	78	15
1263901	270	87	15
1263916	320	85	15
1263931	364	83	15
1263946	414	78	15
1263961	459	72	15
1263967	500	64	15
1263983	536	61	15
1263998	567	68	15
1264013	608	75	15
1264028	648	70	15
1264044	688	66	15
1264059	724	74	15
1264074	765	81	15
1264079	810	80	15
1264094	855	76	15
1264109	900	70	15
1264124	940	61	15
1264139	972	56	15
1264154	1004	63	15
1264169	1040	66	15
1264175	1076	72	15
1264189	1116	78	15
1264204	1161	87	15
1264219	1210	101	15
1264234	1269	120	15
1264249	1336	140	15
1264264	1413	149	15
1264269	1498	148	15
1264284	1580	155	15
1264299	1670	169	15
1264314	1764	176	15
1264329	1863	180	15
1264345	1962	180	15
1264360	2066	180	15
1264375	2164	179	15
1264380	2268	174	15
1264395	2362	164	15
1264410	2457	161	15
1264425	2547	156	15
1264440	2637	155	15
1264455	2722	160	15
1264475	2812	166	15
1264481	2907	164	15
1264495	2997	166	15
1264510	3092	162	15
1264525	3182	155	15
1264540	3272	148	15
1264555	3352	138	15
1264570	3429	128	15
1264575	3501	114	15
1264590	3568	109	15
1264605	27	105	15
1264620	86	106	15
1264635	148	106	15
1264650	207	104	15
1264665	266	104	15
1264680	324	103	15
1264686	382	96	15
1264701	436	94	15
1264716	486	90	15
1264731	540	89	15
1264746	590	84	15
1264761	634	83	15
1264776	684	89	15
1264782	734	88	15
1264797	783	84	15
1264814	828	76	15
1264829	873	67	15
1264845	909	61	15
1264860	945	63	15
1264875	981	65	15
1264890	1017	68	15
1264896	1053	74	15
1264910	1098	77	15
1264925	1138	79	15
1264940	1184	77	15
1264955	1228	62	15
1264970	1260	44	15
1264985	1287	24	15
1264990	1300	9	15
1265005	1305	10	15
1265020	1310	24	15
1265035	1323	42	15
1265051	1350	52	15
1265066	1377	55	15
1265081	1408	63	15
1265087	1444	65	15
1265101	1480	65	15
1265118	1516	66	15
1265133	1552	67	15
1265148	1593	66	15
1265163	1629	66	15
1265178	1665	69	15
1265193	1706	73	15
1265198	1746	76	15
1265213	1786	87	15
1265228	1836	93	15
1265243	1890	92	15
1265258	1940	92	15
1265273	1994	94	15
1265288	2048	91	15
1265293	2097	80	15
1265308	2142	75	15
1265323	2182	73	15
1265338	2228	75	15
1265353	2268	72	15
1265368	2308	76	15
1265383	2349	84	15
1265388	2398	89	15
1265403	2448	87	15
1265418	2498	77	15
1265433	2542	71	15
1265448	2578	69	15
1265463	2619	69	15
1265478	2660	75	15
1265498	2700	81	15
1265504	2745	80	15
1265518	2790	87	15
1265533	2840	96	15
1265548	2894	100	15
1265563	2952	98	15
1265578	3006	98	15
1265593	3060	89	15
1265598	3110	85	15
1265613	3159	85	15
1265628	3204	91	15
1265644	3258	94	15
1265659	3312	98	15
1265674	3366	105	15
1265689	3424	108	15
1265704	3483	108	15
1265710	3546	102	15
1265724	4	99	15
1265739	58	96	15
1265754	112	90	15
1265769	162	84	15
1265784	212	87	15
1265799	261	91	15
1265805	310	91	15
1265820	360	94	15
1265835	414	102	15
1265850	472	102	15
1265865	531	96	15
1265880	585	95	15
1265895	639	93	15
1265900	688	83	15
1265915	738	80	15
1265930	783	84	15
1265945	828	87	15
1265960	878	86	15
1265975	927	90	15
1265995	976	94	15
1266010	1030	92	15
1266015	1080	89	15
1266030	1130	88	15
1266045	1179	83	15
1266060	1228	81	15
1266075	1274	79	15
1266090	1318	85	15
1266105	1364	89	15
1266111	1413	88	15
1266125	1462	89	15
1266141	1516	93	15
1266157	1566	92	15
1266172	1620	91	15
1266187	1670	88	15
1266202	1719	92	15
1266217	1773	87	15
1266222	1818	81	15
1266237	1868	85	15
1266252	1912	90	15
1266267	1962	90	15
1266282	2016	95	15
1266297	2070	101	15
1266312	2124	103	15
1266318	2182	101	15
1266332	2241	97	15
1266347	2295	93	15
1266362	2344	87	15
1266377	2394	82	15
1266392	2444	81	15
1266407	2488	83	15
1266412	2534	85	15
1266427	2583	88	15
1266443	2632	83	15
1266458	2678	79	15
1266473	2722	79	15
1266488	2768	88	15
1266503	2817	88	15
1266518	2866	78	15
1266523	2912	77	15
1266538	2952	90	15
1266553	3002	96	15
1266568	3056	95	15
1266583	3110	95	15
1266598	3164	98	15
1266618	3218	92	15
1266624	3272	84	15
1266638	3316	84	15
1266653	3366	89	15
1266668	3416	90	15
1266683	3465	90	15
1266698	3519	94	15
1266713	3568	91	15
1266718	22	88	15
1266733	72	92	15
1266748	122	96	15
1266763	176	94	15
1266778	230	95	15
1266793	284	102	15
1266808	342	104	15
1266823	400	100	15
1266828	454	99	15
1266843	508	98	15
1266858	567	94	15
1266873	616	84	15
1266888	666	84	15
1266903	711	87	15
1266918	760	80	15
1266923	806	78	15
1266938	850	85	15
1266953	900	94	15
1266968	950	93	15
1266983	1004	91	15
1266998	1053	93	15
1267018	1107	95	15
1267034	1161	92	15
1267039	1210	94	15
1267054	1264	92	15
1267069	1318	87	15
1267084	1368	87	15
1267099	1413	98	15
1267114	1472	94	15
1267130	1521	89	15
1267135	1575	90	15
1267150	1624	98	15
1267166	1678	93	15
1267181	1732	87	15
1267196	1782	86	15
1267211	1827	89	15
1267226	1876	85	15
1267232	1926	83	15
1267246	1971	89	15
1267261	2025	96	15
1267276	2079	99	15
1267292	2133	105	15
1267307	2192	111	15
1267322	2254	107	15
1267337	2313	99	15
1267342	2372	96	15
1267357	2426	95	15
1267372	2480	84	15
1267387	2524	78	15
1267402	2570	87	15
1267417	2619	93	15
1267432	2668	95	15
1267438	2722	101	15
1267452	2781	110	15
1267467	2844	102	15
1267482	2898	100	15
1267497	2956	101	15
1267512	3010	104	15
1267527	3069	96	15
1267532	3123	92	15
1267547	3177	100	15
1267562	3231	103	15
1267577	3290	102	15
1267592	3348	101	15
1267607	3406	99	15
1267623	3460	94	15
1267639	3514	94	15
1267644	3568	101	15
1267659	22	100	15
1267674	81	96	15
1267689	135	96	15
1267704	189	101	15
1267719	243	98	15
1267734	302	89	15
1267739	351	87	15
1267754	400	96	15
1267769	454	87	15
1267784	500	80	15
1267799	544	83	15
1267814	594	83	15
1267834	639	76	15
1267849	684	79	15
1267854	729	86	15
1267869	774	84	15
1267884	824	83	15
1267899	868	87	15
1267914	918	87	15
1267929	968	85	15
1267944	1017	87	15
1267949	1062	90	15
1267964	1116	88	15
1267979	1166	80	15
1267994	1210	83	15
1268009	1256	83	15
1268025	1300	76	15
1268040	1346	67	15
1268045	1382	75	15
1268060	1426	80	15
1268075	1472	69	15
1268090	1508	61	15
1268105	1544	69	15
1268120	1584	77	15
1268135	1624	74	15
1268150	1665	76	15
1268155	1710	81	15
1268170	1755	86	15
1268185	1804	85	15
1268200	1850	86	15
1268215	1899	81	15
1268230	1944	70	15
1268250	1984	69	15
1268256	2025	71	15
1268270	2066	67	15
1268285	2102	66	15
1268300	2138	75	15
1268315	2182	80	15
1268330	2228	69	15
1268345	2264	63	15
1268360	2300	75	15
1268365	2340	80	15
1268380	2385	76	15
1268395	2430	74	15
1268410	2470	79	15
1268425	2516	84	15
1268440	2565	80	15
1268455	2610	79	15
1268460	2650	84	15
1268475	2700	82	15
1268490	2745	77	15
1268505	2790	81	15
1268520	2835	84	15
1268535	2880	82	15
1268550	2930	86	15
1268555	2974	92	15
1268571	3028	87	15
1268586	3078	80	15
1268601	3123	83	15
1268616	3168	89	15
1268631	3218	80	15
1268651	3262	76	15
1268666	3308	84	15
1268671	3352	91	15
1268686	3406	87	15
1268702	3456	87	15
1268717	3501	89	15
1268732	3555	82	15
1268747	0	76	15
1268762	40	77	15
1268768	86	86	15
1268782	135	75	15
1268797	176	70	15
1268812	216	77	15
1268827	256	83	15
1268842	306	79	15
1268857	351	83	15
1268863	396	90	15
1268877	446	93	15
1268893	500	89	15
1268909	549	87	15
1268924	598	88	15
1268939	648	85	15
1268954	698	87	15
1268969	742	88	15
1268974	792	86	15
1268989	842	79	15
1269004	886	85	15
1269020	936	87	15
1269035	986	77	15
1269050	1026	71	15
1269065	1066	76	15
1269070	1112	79	15
1269085	1152	68	15
1269100	1192	66	15
1269115	1228	75	15
1269130	1274	73	15
1269145	1314	68	15
1269160	1350	65	15
1269175	1386	69	15
1269180	1426	62	15
1269195	1462	52	15
1269210	1490	33	15
1269225	1508	3	15
1269240	1512	-23	15
1269255	1503	-25	15
1269270	1490	-5	15
1269276	1485	21	15
1269290	1494	47	15
1269305	1521	76	15
1269320	1562	90	15
1269335	1611	81	15
1269350	1656	73	15
1269370	1701	81	15
1269376	1746	86	15
1269390	1791	78	15
1269406	1836	78	15
1269421	1881	82	15
1269436	1926	79	15
1269451	1971	76	15
1269466	2016	83	15
1269481	2061	88	15
1269487	2110	85	15
1269501	2160	85	15
1269516	2205	90	15
1269531	2254	84	15
1269546	2304	69	15
1269561	2344	66	15
1269576	2380	73	15
1269581	2421	70	15
1269596	2462	63	15
1269612	2498	65	15
1269627	2534	60	15
1269642	2565	47	15
1269658	2592	24	15
1269673	2606	10	15
1269678	2610	-3	15
1269693	2610	-7	15
1269708	2610	6	15
1269723	2610	30	15
1269738	2628	37	15
1269753	2646	45	15
1269768	2673	57	15
1269783	2704	60	15
1269789	2736	53	15
1269804	2768	50	15
1269819	2794	62	15
1269834	2830	71	15
1269849	2871	66	15
1269864	2907	72	15
1269879	2948	78	15
1269885	2992	79	15
1269900	3038	76	15
1269915	3078	75	15
1269930	3123	72	15
1269945	3164	49	15
1269961	3190	35	15
1269976	3208	15	15
1269991	3218	-13	15
1269997	3213	-31	15
1270011	3195	-26	15
1270026	3182	-9	15
1270041	3177	9	15
1270056	3177	25	15
1270071	3190	52	15
1270086	3222	70	15
1270092	3262	69	15
1270106	3298	65	15
1270121	3334	64	15
1270136	3370	58	15
1270151	3406	59	15
1270171	3438	69	15
1270186	3478	81	15
1270191	3524	86	15
1270206	3573	84	15
1270221	18	90	15
1270237	68	83	15
1270253	117	73	15
1270269	158	73	15
1270285	198	71	15
1270301	238	47	15
1270307	266	14	15
1270322	270	-1	15
1270337	270	-6	15
1270352	270	-3	15
1270367	270	17	15
1270382	274	51	15
1270397	306	70	15
1270403	342	71	15
1270417	382	63	15
1270432	418	59	15
1270447	454	59	15
1270462	486	64	15
1270477	522	73	15
1270492	562	76	15
1270507	608	74	15
1270512	648	75	15
1270527	688	82	15
1270543	734	78	15
1270558	778	75	15
1270573	824	83	15
1270588	868	83	15
1270603	914	71	15
1270608	954	61	15
1270623	990	66	15
1270638	1026	69	15
1270653	1066	64	15
1270668	1102	67	15
1270683	1138	74	15
1270698	1179	70	15
1270704	1220	55	15
1270718	1251	55	15
1270733	1282	60	15
1270748	1314	64	15
1270763	1350	64	15
1270778	1386	73	15
1270793	1426	72	15
1270808	1467	68	15
1270813	1508	61	15
1270828	1544	58	15
1270844	1575	31	15
1270859	1593	1	15
1270875	1593	-18	15
1270890	1584	-22	15
1270905	1575	-29	15
1270911	1557	-22	15
1270925	1544	-3	15
1270940	1544	14	15
1270955	1548	15	15
1270970	1557	27	15
1270985	1570	38	15
1271000	1593	43	15
1271006	1616	42	15
1271020	1638	52	15
1271035	1670	57	15
1271050	1701	55	15
1271065	1732	54	15
1271080	1764	57	15
1271095	1796	55	15
1271110	1827	51	15
1271115	1854	57	15
1271130	1886	71	15
1271145	1926	74	15
1271160	1966	70	15
1271175	2007	65	15
1271190	2043	62	15
1271210	2079	56	15
1271215	2110	55	15
1271230	2142	53	15
1271245	2169	45	15
1271260	2196	34	15
1271275	2214	23	15
1271290	2228	5	15
1271305	2232	-23	15
1271320	2223	-29	15
1271326	2205	-11	15
1271340	2200	8	15
1271355	2200	9	15
1271370	2205	15	15
1271385	2214	34	15
1271400	2232	48	15
1271415	2259	55	15
1271420	2290	56	15
1271435	2322	64	15
1271450	2358	68	15
1271465	2398	70	15
1271480	2434	71	15
1271495	2475	72	15
1271510	2516	72	15
1271516	2556	75	15
1271530	2601	81	15
1271545	2646	76	15
1271560	2686	76	15
1271575	2732	84	15
1271590	2776	90	15
1271610	2826	82	15
1271626	2876	76	15
1271631	2916	85	15
1271646	2966	85	15
1271661	3010	78	15
1271676	3056	71	15
1271691	3096	70	15
1271706	3136	68	15
1271721	3172	66	15
1271727	3213	67	15
1271741	3249	75	15
1271756	3290	81	15
1271771	3334	81	15
1271786	3384	83	15
1271802	3429	80	15
1271817	3474	78	15
1271832	3519	79	15
1271837	3564	81	15
1271852	9	81	15
1271867	54	82	15
1271882	99	90	15
1271897	148	95	15
1271912	202	92	15
1271927	256	91	15
1271932	306	100	15
1271947	364	107	15
1271962	423	101	15
1271977	482	101	15
1271992	536	102	15
1272007	594	96	15
1272022	648	94	15
1272028	702	102	15
1272042	756	99	15
1272057	814	91	15
1272072	864	95	15
1272087	918	109	15
1272103	981	118	15
1272118	1044	108	15
1272138	1107	102	15
1272143	1166	99	15
1272158	1220	95	15
1272173	1274	89	15
1272189	1323	88	15
1272204	1372	89	15
1272219	1422	91	15
1272234	1476	87	15
1272239	1521	88	15
1272254	1570	87	15
1272269	1620	87	15
1272284	1670	96	15
1272299	1724	101	15
1272314	1782	96	15
1272329	1836	87	15
1272334	1886	86	15
1272349	1930	89	15
1272364	1984	85	15
1272379	2030	84	15
1272394	2079	85	15
1272409	2124	84	15
1272424	2174	77	15
1272439	2214	71	15
1272445	2254	68	15
1272459	2295	67	15
1272474	2331	71	15
1272489	2372	74	15
1272504	2412	74	15
1272519	2457	63	15
1272534	2488	63	15
1272539	2524	62	15
1272554	2560	59	15
1272569	2592	58	15
1272584	2628	64	15
1272599	2664	71	15
1272614	2704	72	15
1272634	2745	76	15
1272649	2786	85	15
1272655	2835	92	15
1272669	2884	89	15
1272684	2934	85	15
1272699	2984	84	15
1272714	3028	76	15
1272729	3074	61	15
1272744	3110	45	15
1272750	3132	22	15
1272764	3146	5	15
1272779	3150	6	15
1272794	3150	21	15
1272809	3164	37	15
1272824	3186	48	15
1272839	3213	66	15
1272844	3249	84	15
1272859	3294	92	15
1272875	3348	90	15
1272890	3398	90	15
1272906	3447	93	15
1272921	3501	90	15
1272936	3550	87	15
1272951	0	93	15
1272956	54	103	15
1272971	112	111	15
1272986	171	122	15
1273001	243	126	15
1273017	310	128	15
1273032	382	127	15
1273047	454	126	15
1273052	526	119	15
1273067	594	111	15
1273082	657	115	15
1273097	720	132	15
1273113	796	141	15
1273128	873	143	15
1273143	954	147	15
1273149	1040	144	15
1273163	1120	138	15
1273179	1197	133	15
1273194	1269	127	15
1273209	1341	121	15
1273224	1408	112	15
1273239	1472	111	15
1273254	1534	113	15
1273260	1598	113	15
1273274	1665	118	15
1273289	1728	126	15
1273304	1800	126	15
1273319	1872	122	15
1273334	1940	116	15
1273354	2007	113	15
1273359	2070	108	15
1273374	2128	101	15
1273389	2187	102	15
1273404	2246	105	15
1273420	2304	99	15
1273435	2358	96	15
1273451	2412	101	15
1273466	2470	106	15
1273472	2529	107	15
1273486	2588	113	15
1273501	2650	112	15
1273516	2714	103	15
1273531	2772	94	15
1273546	2826	91	15
1273561	2876	92	15
1273566	2930	90	15
1273581	2979	88	15
1273596	3028	95	15
1273611	3082	98	15
1273626	3136	97	15
1273642	3190	95	15
1273657	3244	94	15
1273663	3298	95	15
1273679	3352	94	15
1273694	3406	97	15
1273709	3460	96	15
1273724	3514	96	15
1273739	3568	92	15
1273754	18	93	15
1273769	72	93	15
1273775	126	85	15
1273789	171	88	15
1273804	220	95	15
1273819	274	94	15
1273834	328	90	15
1273849	378	97	15
1273864	432	99	15
1273869	490	92	15
1273884	540	82	15
1273899	585	81	15
1273914	630	79	15
1273929	675	76	15
1273944	720	77	15
1273959	760	85	15
1273976	810	89	15
1273981	860	95	15
1273997	914	99	15
1274012	968	96	15
1274027	1022	89	15
1274042	1076	87	15
1274057	1120	91	15
1274073	1174	87	15
1274078	1224	71	15
1274093	1264	63	15
1274108	1296	66	15
1274123	1336	64	15
1274138	1372	66	15
1274153	1408	72	15
1274168	1449	78	15
1274173	1494	72	15
1274188	1534	71	15
1274203	1575	77	15
1274218	1616	77	15
1274233	1660	71	15
1274248	1701	68	15
1274263	1737	66	15
1274278	1773	61	15
1274284	1809	62	15
1274298	1845	76	15
1274313	1886	84	15
1274328	1935	84	15
1274343	1980	83	15
1274359	2030	89	15
1274374	2079	90	15
1274379	2128	82	15
1274394	2174	74	15
1274409	2218	69	15
1274425	2254	59	15
1274440	2290	50	15
1274455	2318	49	15
1274470	2344	61	15
1274475	2380	69	15
1274490	2416	77	15
1274505	2462	80	15
1274520	2506	72	15
1274535	2547	61	15
1274550	2578	64	15
1274565	2614	65	15
1274585	2655	55	15
1274590	2682	46	15
1274605	2709	54	15
1274620	2740	62	15
1274637	2776	55	15
1274652	2808	54	15
1274667	2835	49	15
1274682	2862	33	15
1274688	2884	16	15
1274702	2894	15	15
1274718	2898	16	15
1274733	2907	20	15
1274748	2920	32	15
1274763	2938	49	15
1274778	2966	50	15
1274793	2992	49	15
1274798	3020	58	15
1274813	3056	69	15
1274828	3092	72	15
1274843	3132	64	15
1274858	3168	65	15
1274873	3204	72	15
1274888	3244	75	15
1274893	3290	74	15
1274908	3330	79	15
1274923	3375	78	15
1274938	3420	76	15
1274954	3460	77	15
1274969	3506	80	15
1274984	3550	75	15
1274989	3591	74	15
1275004	32	85	15
1275019	81	86	15
1275035	130	77	15
1275050	171	77	15
1275065	216	85	15
1275080	266	79	15
1275095	310	68	15
1275100	346	70	15
1275115	387	81	15
1275130	432	89	15
1275145	482	97	15
1275160	536	104	15
1275175	594	106	15
1275190	652	98	15
1275196	711	92	15
1275210	760	94	15
1275225	814	91	15
1275240	864	89	15
1275255	914	96	15
1275270	968	105	15
1275290	1030	106	15
1275296	1089	102	15
1275310	1148	110	15
1275325	1206	113	15
1275340	1269	103	15
1275355	1328	97	15
1275370	1382	100	15
1275385	1440	100	15
1275400	1494	91	15
1275406	1548	97	15
1275420	1602	101	15
1275435	1660	99	15
1275450	1714	102	15
1275465	1773	104	15
1275480	1832	102	15
1275495	1886	103	15
1275500	1944	108	15
1275515	2007	108	15
1275530	2066	92	15
1275545	2120	84	15
1275560	2164	88	15
1275575	2214	96	15
1275590	2268	91	15
1275611	2322	91	15
1275617	2372	96	15
1275631	2426	93	15
1275646	2480	87	15
1275661	2529	88	15
1275676	2578	94	15
1275691	2628	94	15
1275706	2682	89	15
1275712	2732	88	15
1275726	2781	86	15
1275741	2830	75	15
1275756	2871	75	15
1275771	2916	82	15
1275786	2961	79	15
1275801	3006	73	15
1275807	3046	72	15
1275821	3087	70	15
1275836	3128	61	15
1275852	3159	58	15
1275868	3195	69	15
1275884	3231	75	15
1275899	3276	69	15
1275914	3312	73	15
1275920	3352	76	15
1275934	3398	70	15
1275949	3438	64	15
1275964	3474	71	15
1275979	3510	81	15
1275994	3560	80	15
1276009	4	76	15
1276014	45	83	15
1276029	90	87	15
1276044	140	84	15
1276059	189	79	15
1276074	234	78	15
1276089	274	72	15
1276104	315	65	15
1276119	356	71	15
1276124	392	76	15
1276139	436	72	15
1276154	477	69	15
1276169	518	76	15
1276184	558	71	15
1276199	598	63	15
1276214	634	61	15
1276219	666	68	15
1276234	706	61	15
1276249	742	52	15
1276264	770	58	15
1276279	801	65	15
1276294	837	62	15
1276314	873	56	15
1276319	904	60	15
1276334	940	59	15
1276349	972	47	15
1276364	999	31	15
1276379	1017	13	15
1276394	1022	-7	15
1276409	1022	-14	15
1276424	1017	-2	15
1276429	1012	24	15
1276444	1026	38	15
1276459	1044	52	15
1276474	1076	67	15
1276489	1112	67	15
1276504	1152	59	15
1276519	1184	58	15
1276524	1215	64	15
1276539	1251	63	15
1276554	1287	61	15
1276569	1323	67	15
1276584	1359	71	15
1276599	1400	60	15
1276614	1431	57	15
1276619	1467	64	15
1276635	1503	65	15
1276650	1539	63	15
1276665	1575	70	15
1276680	1611	76	15
1276695	1656	71	15
1276710	1696	74	15
1276730	1737	78	15
1276735	1782	76	15
1276750	1822	60	15
1276765	1858	45	15
1276780	1881	29	15
1276796	1899	7	15
1276812	1904	-17	15
1276827	1899	-17	15
1276832	1886	-2	15
1276847	1886	12	15
1276862	1890	27	15
1276877	1904	47	15
1276892	1930	54	15
1276907	1962	54	15
1276922	1994	47	15
1276937	2016	49	15
1276942	2048	47	15
1276957	2070	42	15
1276972	2097	50	15
1276987	2124	58	15
1277003	2156	58	15
1277018	2187	61	15
1277033	2223	77	15
1277038	2268	81	15
1277053	2313	69	15
1277068	2349	51	15
1277083	2380	30	15
1277098	2398	9	15
1277113	2403	-3	15
1277128	2403	7	15
1277133	2403	25	15
1277148	2416	35	15
1277163	2439	44	15
1277178	2462	56	15
1277193	2493	61	15
1277208	2529	59	15
1277223	2560	63	15
1277238	2596	61	15
1277244	2632	52	15
1277258	2660	47	15
1277273	2686	49	15
1277288	2714	42	15
1277303	2736	17	15
1277318	2750	-2	15
1277333	2750	-8	15
1277339	2745	-2	15
1277353	2745	3	15
1277369	2745	21	15
1277384	2754	35	15
1277399	2772	37	15
1277414	2794	35	15
1277429	2812	42	15
1277435	2840	47	15
1277449	2866	52	15
1277465	2894	63	15
1277480	2930	80	15
1277495	2974	92	15
1277510	3024	97	15
1277525	3082	99	15
1277541	3136	95	15
1277547	3190	84	15
1277561	3236	73	15
1277576	3276	68	15
1277591	3316	48	15
1277606	3344	23	15
1277621	3357	11	15
1277641	3362	18	15
1277646	3370	29	15
1277661	3388	36	15
1277676	3411	54	15
1277691	3438	77	15
1277706	3483	88	15
1277721	3532	93	15
1277736	3586	97	15
1277751	40	92	15
1277756	90	79	15
1277772	135	75	15
1277787	176	79	15
1277802	220	78	15
1277817	266	76	15
1277832	310	83	15
1277847	356	93	15
1277852	410	85	15
1277867	454	77	15
1277882	500	77	15
1277897	540	80	15
1277912	585	77	15
1277927	630	78	15
1277942	675	83	15
1277948	720	76	15
1277962	765	72	15
1277977	806	76	15
1277992	846	77	15
1278007	891	74	15
1278022	932	68	15
1278042	972	75	15
1278057	1012	76	15
1278062	1053	71	15
1278077	1094	74	15
1278092	1138	89	15
1278107	1188	92	15
1278122	1238	89	15
1278137	1287	94	15
1278152	1341	98	15
1278157	1395	89	15
1278172	1444	91	15
1278187	1498	96	15
1278202	1552	93	15
1278217	1602	84	15
1278232	1652	91	15
1278247	1701	100	15
1278262	1760	100	15
1278267	1814	96	15
1278282	1868	100	15
1278297	1926	98	15
1278312	1980	90	15
1278328	2030	84	15
1278343	2079	89	15
1278358	2128	88	15
1278363	2178	85	15
1278378	2228	86	15
1278393	2272	90	15
1278408	2326	88	15
1278423	2376	86	15
1278438	2421	90	15
1278458	2475	93	15
1278463	2524	81	15
1278478	2570	77	15
1278493	2614	81	15
1278508	2660	80	15
1278524	2704	76	15
1278539	2750	84	15
1278554	2794	97	15
1278569	2848	96	15
1278574	2902	90	15
1278589	2952	94	15
1278604	3006	89	15
1278619	3056	63	15
1278635	3092	37	15
1278651	3114	20	15
1278666	3123	9	15
1278671	3128	5	15
1278686	3132	17	15
1278701	3141	31	15
1278716	3159	37	15
1278731	3182	47	15
1278746	3208	58	15
1278761	3240	67	15
1278766	3276	74	15
1278781	3316	83	15
1278796	3366	95	15
1278811	3420	90	15
1278826	3470	79	15
1278841	3514	79	15
1278856	3560	85	15
1278871	4	79	15
1278876	50	74	15
1278891	90	79	15
1278906	135	79	15
1278921	180	75	15
1278936	225	73	15
1278951	266	81	15
1278966	310	86	15
1278971	360	84	15
1278986	405	91	15
1279001	454	94	15
1279016	508	89	15
1279031	558	83	15
1279046	608	80	15
1279061	652	79	15
1279081	698	73	15
1279087	738	79	15
1279101	783	78	15
1279116	824	75	15
1279132	868	75	15
1279147	909	80	15
1279162	954	83	15
1279178	999	83	15
1279183	1048	86	15
1279198	1098	96	15
1279213	1152	98	15
1279228	1206	89	15
1279243	1256	84	15
1279258	1300	85	15
1279273	1350	81	15
1279278	1395	74	15
1279293	1436	69	15
1279308	1476	56	15
1279323	1508	32	15
1279338	1526	12	15
1279353	1534	11	15
1279368	1539	16	15
1279383	1548	23	15
1279388	1562	36	15
1279403	1580	49	15
1279418	1606	50	15
1279433	1638	52	15
1279448	1665	52	15
1279463	1696	60	15
1279478	1728	60	15
1279484	1764	63	15
1279499	1800	70	15
1279514	1836	68	15
1279529	1876	67	15
1279544	1912	78	15
1279559	1958	88	15
1279574	2007	80	15
1279580	2052	73	15
1279594	2092	72	15
1279609	2133	72	15
1279624	2174	67	15
1279640	2210	72	15
1279655	2250	85	15
1279670	2300	90	15
1279690	2349	87	15
1279696	2398	89	15
1279710	2448	89	15
1279725	2498	87	15
1279740	2547	80	15
1279755	2592	80	15
1279770	2637	78	15
1279785	2682	75	15
1279791	2722	81	15
1279806	2772	98	15
1279822	2826	95	15
1279837	2880	95	15
1279852	2934	103	15
1279867	2988	110	15
1279882	3051	106	15
1279897	3110	103	15
1279903	3168	103	15
1279917	3226	101	15
1279933	3285	91	15
1279948	3334	98	15
1279963	3388	105	15
1279978	3452	104	15
1279993	3510	101	15
1279998	3564	107	15
1280013	27	111	15
1280029	86	103	15
1280044	144	102	15
1280060	202	105	15
1280075	261	100	15
1280090	320	99	15
1280095	374	100	15
1280110	432	104	15
1280125	490	97	15
1280140	544	101	15
1280155	598	109	15
1280170	662	107	15
1280185	720	99	15
1280200	778	103	15
1280205	837	106	15
1280220	896	106	15
1280235	954	101	15
1280250	1012	109	15
1280265	1071	115	15
1280280	1138	105	15
1280295	1197	105	15
1280301	1256	118	15
1280315	1323	125	15
1280330	1390	115	15
1280345	1458	111	15
1280360	1521	113	15
1280375	1584	112	15
1280390	1647	107	15
1280406	1706	107	15
1280412	1764	104	15
1280426	1822	100	15
1280441	1881	105	15
1280456	1940	111	15
1280471	2002	107	15
1280486	2061	101	15
1280501	2120	104	15
1280506	2178	112	15
1280521	2241	102	15
1280536	2300	93	15
1280551	2349	95	15
1280566	2403	98	15
1280581	2457	91	15
1280601	2511	85	15
1280606	2556	89	15
1280621	2610	91	15
1280636	2660	88	15
1280651	2709	85	15
1280666	2758	93	15
1280681	2808	91	15
1280696	2862	85	15
1280712	2907	88	15
1280718	2956	87	15
1280732	3006	78	15
1280747	3051	78	15
1280762	3096	85	15
1280777	3141	82	15
1280792	3186	75	15
1280807	3231	76	15
1280812	3272	81	15
1280827	3316	75	15
1280842	3362	74	15
1280857	3402	86	15
1280872	3452	90	15
1280887	3501	80	15
1280902	3546	76	15
1280907	3591	80	15
1280922	36	76	15
1280937	76	70	15
1280952	117	78	15
1280967	162	80	15
1280982	207	73	15
1281002	248	68	15
1281017	284	73	15
1281022	324	76	15
1281037	369	68	15
1281052	405	68	15
1281067	446	68	15
1281082	482	59	15
1281097	518	42	15
1281112	540	19	15
1281117	549	-7	15
1281132	549	-31	15
1281147	531	-35	15
1281162	513	-17	15
1281177	504	4	15
1281192	504	18	15
1281208	513	36	15
1281223	531	51	15
1281228	562	53	15
1281243	590	50	15
1281258	621	53	15
1281273	648	58	15
1281288	680	52	15
1281303	711	53	15
1281318	742	63	15
1281324	774	67	15
1281338	814	63	15
1281353	850	67	15
1281368	886	74	15
1281383	927	64	15
1281398	963	50	15
1281413	994	33	15
1281418	1012	8	15
1281433	1017	-15	15
1281448	1012	-13	15
1281463	1004	6	15
1281478	1004	20	15
1281493	1012	34	15
1281513	1035	54	15
1281528	1062	71	15
1281534	1102	71	15
1281548	1143	64	15
1281563	1179	67	15
1281578	1220	72	15
1281593	1260	77	15
1281608	1300	85	15
1281623	1350	94	15
1281628	1404	95	15
1281644	1454	88	15
1281659	1503	85	15
1281674	1552	82	15
1281689	1598	72	15
1281704	1638	72	15
1281719	1678	81	15
1281734	1724	81	15
1281740	1773	63	15
1281754	1804	57	15
1281769	1840	49	15
1281784	1868	32	15
1281800	1886	16	15
1281815	1894	23	15
1281830	1908	42	15
1281835	1930	52	15
1281850	1958	62	15
1281865	1994	71	15
1281880	2034	73	15
1281895	2074	68	15
1281910	2115	69	15
1281925	2151	72	15
1281930	2192	77	15
1281945	2236	78	15
1281960	2282	88	15
1281975	2331	87	15
1281991	2376	77	15
1282006	2421	74	15
1282021	2462	81	15
1282041	2506	78	15
1282046	2552	68	15
1282061	2592	68	15
1282076	2628	79	15
1282091	2673	82	15
1282106	2718	78	15
1282122	2763	86	15
1282137	2812	92	15
1282142	2862	93	15
1282157	2916	93	15
1282172	2970	94	15
1282187	3020	88	15
1282202	3069	78	15
1282217	3114	80	15
1282232	3159	80	15
1282238	3204	74	15
1282252	3244	74	15
1282267	3290	85	15
1282282	3334	89	15
1282297	3384	82	15
1282312	3434	77	15
1282327	3474	80	15
1282342	3519	65	15
1282348	3555	33	15
1282362	3573	3	15
1282377	3578	-19	15
1282392	3568	-26	15
1282407	3555	-19	15
1282422	3546	-5	15
1282442	3542	11	15
1282447	3546	24	15
1282462	3560	35	15
1282477	3578	45	15
1282492	4	43	15
1282507	27	48	15
1282522	54	61	15
1282537	90	71	15
1282552	126	61	15
1282558	162	58	15
1282572	194	71	15
1282587	234	72	15
1282602	274	72	15
1282617	315	78	15
1282632	360	87	15
1282647	410	83	15
1282652	454	77	15
1282667	500	76	15
1282683	540	73	15
1282698	580	72	15
1282713	621	80	15
1282728	666	85	15
1282743	716	83	15
1282748	760	81	15
1282764	810	88	15
1282780	860	93	15
1282795	909	83	15
1282810	958	74	15
1282825	999	79	15
1282840	1044	78	15
1282855	1084	68	15
1282861	1125	65	15
1282875	1161	77	15
1282890	1206	75	15
1282905	1246	70	15
1282920	1287	74	15
1282935	1328	82	15
1282950	1372	75	15
1282956	1418	74	15
1282970	1458	78	15
1282985	1503	73	15
1283000	1544	66	15
1283015	1580	70	15
1283030	1620	71	15
1283045	1660	66	15
1283050	1696	57	15
1283065	1728	69	15
1283080	1768	76	15
1283095	1809	71	15
1283110	1850	66	15
1283125	1886	66	15
1283145	1926	66	15
1283160	1962	63	15
1283165	1998	61	15
1283180	2030	60	15
1283195	2066	41	15
1283210	2088	11	15
1283225	2092	-11	15
1283242	2092	-20	15
1283257	2079	-25	15
1283262	2066	-10	15
1283277	2061	22	15
1283293	2070	36	15
1283308	2088	40	15
1283323	2110	50	15
1283339	2142	63	15
1283354	2174	62	15
1283369	2210	59	15
1283375	2246	63	15
1283390	2277	64	15
1283405	2313	63	15
1283420	2349	72	15
1283435	2390	80	15
1283450	2434	78	15
1283465	2480	71	15
1283470	2520	76	15
1283485	2560	84	15
1283500	2610	79	15
1283515	2655	73	15
1283530	2696	81	15
1283545	2740	80	15
1283560	2786	72	15
1283566	2826	69	15
1283580	2866	73	15
1283595	2907	74	15
1283610	2948	69	15
1283625	2988	71	15
1283640	3028	72	15
1283656	3069	67	15
1283671	3105	69	15
1283677	3146	73	15
1283691	3186	74	15
1283706	3226	65	15
1283721	3262	67	15
1283736	3298	71	15
1283751	3339	65	15
1283766	3375	59	15
1283772	3411	68	15
1283787	3447	75	15
1283802	3492	72	15
1283817	3532	71	15
1283832	3573	74	15
1283847	14	66	15
1283862	50	40	15
1283882	72	16	15
1283887	81	-10	15
1283902	81	-26	15
1283918	63	-29	15
1283934	50	-10	15
1283949	45	14	15
1283964	45	30	15
1283979	63	39	15
1283985	86	50	15
1283999	112	52	15
1284014	144	40	15
1284029	166	45	15
1284044	189	54	15
1284059	220	52	15
1284074	252	46	15
1284080	274	58	15
1284094	310	62	15
1284109	342	56	15
1284124	374	51	15
1284140	405	54	15
1284156	436	56	15
1284172	468	58	15
1284188	500	70	15
1284194	540	74	15
1284209	580	69	15
1284224	616	68	15
1284240	657	73	15
1284255	698	74	15
1284270	738	65	15
1284285	774	67	15
1284290	814	77	15
1284305	855	73	15
1284320	900	63	15
1284335	932	63	15
1284350	968	76	15
1284365	1012	77	15
1284380	1053	72	15
1284386	1094	75	15
1284400	1138	79	15
1284415	1184	72	15
1284430	1224	73	15
1284445	1264	72	15
1284461	1305	68	15
1284476	1341	56	15
1284492	1372	61	15
1284497	1408	68	15
1284512	1444	65	15
1284527	1485	70	15
1284542	1521	86	15
1284557	1570	94	15
1284572	1624	87	15
1284587	1674	85	15
1284593	1719	87	15
1284609	1768	82	15
1284624	1814	68	15
1284639	1854	63	15
1284654	1890	62	15
1284669	1926	60	15
1284684	1958	60	15
1284699	1994	65	15
1284705	2030	71	15
1284719	2070	72	15
1284735	2110	75	15
1284751	2151	79	15
1284766	2196	72	15
1284781	2236	56	15
1284796	2268	49	15
1284802	2295	50	15
1284816	2322	44	15
1284831	2349	40	15
1284846	2372	28	15
1284861	2385	2	15
1284876	2385	-22	15
1284891	2380	-22	15
1284897	2367	-6	15
1284911	2362	7	15
1284926	2362	23	15
1284942	2376	40	15
1284957	2398	40	15
1284972	2421	30	15
1284987	2439	31	15
1285002	2457	38	15
1285008	2475	45	15
1285022	2502	51	15
1285037	2529	57	15
1285052	2560	61	15
1285067	2596	56	15
1285082	2628	49	15
1285097	2655	53	15
1285103	2686	60	15
1285117	2718	64	15
1285132	2754	71	15
1285147	2794	77	15
1285162	2840	68	15
1285177	2876	62	15
1285192	2912	69	15
1285198	2952	72	15
1285212	2992	60	15
1285227	3024	45	15
1285242	3051	35	15
1285257	3069	13	15
1285272	3078	-11	15
1285287	3074	-7	15
1285302	3069	16	15
1285307	3078	42	15
1285322	3100	60	15
1285339	3132	76	15
1285354	3177	79	15
1285369	3222	75	15
1285384	3262	73	15
1285399	3303	78	15
1285404	3348	72	15
1285419	3388	66	15
1285434	3424	69	15
1285449	3465	73	15
1285464	3506	68	15
1285479	3542	65	15
1285494	3582	79	15
1285514	22	90	15
1285519	76	82	15
1285534	122	75	15
1285549	162	76	15
1285564	207	78	15
1285580	252	77	15
1285596	292	75	15
1285612	338	77	15
1285617	378	70	15
1285633	418	71	15
1285648	459	84	15
1285663	504	90	15
1285678	558	87	15
1285693	603	90	15
1285708	657	99	15
1285714	711	92	15
1285729	765	85	15
1285744	810	89	15
1285759	860	95	15
1285775	914	89	15
1285790	963	80	15
1285805	1008	83	15
1285820	1058	84	15
1285826	1102	83	15
1285840	1152	86	15
1285855	1197	94	15
1285870	1251	99	15
1285885	1305	94	15
1285900	1359	99	15
1285915	1418	102	15
1285921	1472	95	15
1285935	1526	92	15
1285950	1580	97	15
1285965	1634	95	15
1285980	1688	83	15
1285995	1732	79	15
1286010	1778	83	15
1286025	1822	81	15
1286030	1868	74	15
1286045	1912	81	15
1286060	1958	85	15
1286075	2002	85	15
1286090	2052	89	15
1286105	2102	94	15
1286120	2156	90	15
1286125	2205	82	15
1286141	2250	90	15
1286156	2304	88	15
1286171	2354	79	15
1286186	2398	71	15
1286201	2434	82	15
1286216	2484	86	15
1286221	2529	82	15
1286236	2578	78	15
1286251	2619	79	15
1286266	2664	80	15
1286281	2709	74	15
1286296	2754	78	15
1286311	2794	80	15
1286326	2840	75	15
1286331	2884	70	15
1286346	2920	72	15
1286361	2961	70	15
1286376	3002	63	15
1286391	3038	69	15
1286406	3078	77	15
1286421	3118	72	15
1286427	3159	64	15
1286441	3195	70	15
1286456	3236	75	15
1286471	3276	67	15
1286486	3316	62	15
1286501	3352	65	15
1286522	3388	61	15
1286528	3420	58	15
1286542	3456	66	15
1286557	3492	79	15
1286572	3537	79	15
1286587	3582	78	15
1286602	22	83	15
1286617	72	85	15
1286632	117	76	15
1286638	162	72	15
1286652	202	81	15
1286667	248	86	15
1286682	297	80	15
1286697	342	77	15
1286712	382	82	15
1286727	432	83	15
1286733	477	73	15
1286747	518	79	15
1286762	562	85	15
1286777	612	81	15
1286792	657	79	15
1286807	702	79	15
1286822	742	72	15
1286842	783	67	15
1286848	824	79	15
1286862	868	87	15
1286877	918	87	15
1286892	963	83	15
1286907	1012	88	15
1286922	1062	95	15
1286937	1116	90	15
1286942	1166	85	15
1286957	1215	85	15
1286972	1260	76	15
1286988	1305	69	15
1287004	1341	68	15
1287020	1382	70	15
1287036	1422	69	15
1287041	1458	68	15
1287056	1498	77	15
1287071	1539	78	15
1287086	1584	70	15
1287101	1624	69	15
1287116	1660	78	15
1287131	1706	80	15
1287146	1750	72	15
1287151	1791	73	15
1287166	1832	75	15
1287181	1876	71	15
1287196	1917	68	15
1287211	1953	65	15
1287226	1989	45	15
1287242	2016	19	15
1287248	2025	9	15
1287263	2030	11	15
1287278	2038	21	15
1287293	2048	43	15
1287308	2074	65	15
1287323	2110	79	15
1287338	2156	79	15
1287343	2200	83	15
1287358	2246	91	15
1287373	2295	87	15
1287388	2344	78	15
1287403	2390	79	15
1287418	2434	87	15
1287433	2484	85	15
1287448	2529	76	15
1287454	2574	77	15
1287468	2614	79	15
1287483	2660	80	15
1287498	2704	79	15
1287513	2750	84	15
1287528	2799	84	15
1287543	2844	76	15
1287548	2889	79	15
1287563	2934	78	15
1287578	2974	71	15
1287593	3015	73	15
1287608	3056	87	15
1287623	3105	92	15
1287639	3159	88	15
1287654	3208	86	15
1287659	3254	86	15
1287674	3303	82	15
1287689	3348	77	15
1287704	3393	81	15
1287719	3438	83	15
1287734	3488	77	15
1287749	3528	76	15
1287755	3573	85	15
1287769	18	96	15
1287784	72	90	15
1287800	126	95	15
1287815	176	102	15
1287830	234	95	15
1287845	288	88	15
1287850	338	86	15
1287865	387	88	15
1287880	436	85	15
1287895	482	85	15
1287910	531	91	15
1287925	580	89	15
1287945	634	85	15
1287960	680	88	15
1287965	729	91	15
1287980	783	85	15
1287995	828	79	15
1288010	873	80	15
1288025	918	79	15
1288040	963	81	15
1288055	1008	86	15
1288060	1058	90	15
1288076	1107	89	15
1288091	1156	86	15
1288106	1206	92	15
1288122	1256	102	15
1288137	1314	99	15
1288152	1372	90	15
1288167	1422	91	15
1288172	1472	91	15
1288188	1526	85	15
1288203	1570	81	15
1288218	1616	88	15
1288233	1665	89	15
1288248	1714	88	15
1288263	1764	89	15
1288268	1818	91	15
1288283	1868	89	15
1288298	1917	87	15
1288313	1966	92	15
1288328	2016	87	15
1288343	2066	77	15
1288358	2110	78	15
1288363	2156	87	15
1288378	2205	86	15
1288393	2250	81	15
1288409	2295	85	15
1288425	2344	91	15
1288440	2394	90	15
1288456	2448	92	15
1288471	2498	102	15
1288476	2556	101	15
1288492	2614	93	15
1288507	2664	87	15
1288522	2714	85	15
1288537	2763	83	15
1288552	2808	75	15
1288567	2848	75	15
1288573	2894	79	15
1288587	2938	76	15
1288602	2979	72	15
1288617	3020	71	15
1288633	3060	75	15
1288648	3100	79	15
1288663	3146	86	15
1288669	3195	95	15
1288683	3249	89	15
1288698	3298	86	15
1288713	3348	89	15
1288728	3398	87	15
1288743	3447	74	15
1288758	3488	72	15
1288773	3528	76	15
1288778	3573	74	15
1288793	14	71	15
1288808	54	74	15
1288823	94	85	15
1288838	144	86	15
1288853	189	83	15
1288873	238	81	15
1288879	284	75	15
1288893	324	64	15
1288908	360	58	15
1288923	392	62	15
1288938	428	67	15
1288953	468	64	15
1288968	504	63	15
1288984	536	63	15
1288990	572	62	15
1289004	608	58	15
1289019	639	62	15
1289034	675	61	15
1289049	711	60	15
1289064	742	59	15
1289079	778	60	15
1289084	810	53	15
1289099	842	51	15
1289114	868	63	15
1289129	904	75	15
1289144	945	73	15
1289159	986	69	15
1289174	1026	74	15
1289179	1066	76	15
1289194	1112	69	15
1289209	1148	65	15
1289225	1188	67	15
1289242	1224	66	15
1289258	1260	63	15
1289273	1296	59	15
1289288	1328	50	15
1289294	1359	26	15
1289308	1372	-5	15
1289323	1372	-32	15
1289338	1354	-40	15
1289353	1332	-32	15
1289368	1314	-1	15
1289383	1314	31	15
1289388	1328	48	15
1289403	1354	47	15
1289418	1382	53	15
1289433	1413	58	15
1289448	1444	46	15
1289463	1472	41	15
1289478	1494	55	15
1289494	1526	63	15
1289499	1557	63	15
1289514	1593	68	15
1289529	1634	72	15
1289544	1674	68	15
1289559	1710	65	15
1289575	1746	73	15
1289590	1791	83	15
1289595	1836	82	15
1289610	1881	78	15
1289626	1926	75	15
1289641	1966	73	15
1289657	2007	68	15
1289672	2048	69	15
1289687	2088	76	15
1289692	2128	74	15
1289707	2169	67	15
1289722	2210	65	15
1289737	2246	68	15
1289752	2282	67	15
1289767	2322	68	15
1289782	2358	70	15
1289797	2398	66	15
1289803	2434	59	15
1289817	2470	63	15
1289832	2502	59	15
1289847	2538	38	15
1289862	2560	9	15
1289877	2565	0	15
1289897	2565	2	15
1289903	2565	6	15
1289917	2570	22	15
1289932	2578	41	15
1289947	2606	48	15
1289962	2632	51	15
1289977	2660	52	16
1289992	2686	56	16
1289998	32	54	16
1290012	63	54	16
1290027	94	56	16
1290042	126	54	16
1290057	158	54	16
1290072	184	58	16
1290087	220	69	16
1290102	256	76	16
1290107	302	76	16
1290123	342	76	16
1290138	387	78	16
1290153	432	64	16
1290168	468	44	16
1290183	490	35	16
1290198	508	29	16
1290203	526	3	16
1290218	526	-21	16
1290234	522	-30	16
1290249	504	-26	16
1290264	490	-9	16
1290279	486	26	16
1290294	495	55	16
1290310	526	67	16
1290316	562	68	16
1290330	603	63	16
1290345	639	46	16
1290360	662	26	16
1290375	680	24	16
1290390	693	28	16
1290405	706	28	16
1290410	724	24	16
1290425	738	28	16
1290440	752	32	16
1290456	770	28	16
1290471	788	9	16
1290486	792	-1	16
1290501	792	-6	16
1290507	792	-7	16
1290521	788	6	16
1290536	788	38	16
1290551	806	69	16
1290566	846	92	16
1290581	900	112	16
1290601	963	111	16
1290616	1022	83	16
1290621	1071	60	16
1290636	1102	48	16
1290651	1130	30	16
1290666	1148	9	16
1290681	1152	7	16
1290696	1156	3	16
1290711	1156	-4	16
1290717	1156	-12	16
1290731	1152	6	16
1290746	1152	44	16
1290761	1179	73	16
1290776	1220	93	16
1290791	1269	91	16
1290806	1323	74	16
1290812	1364	45	16
1290826	1390	20	16
1290841	1400	1	16
1290856	1400	-16	16
1290871	1395	-30	16
1290886	1377	-31	16
1290901	1364	-24	16
1290921	1350	-25	16
1290926	1332	-27	16
1290941	1318	-20	16
1290956	1310	-23	16
1290971	1296	-23	16
1290986	1282	-15	16
1291001	1274	5	16
1291016	1274	11	16
1291021	1278	26	16
1291036	1292	45	16
1291051	1318	58	16
1291066	1350	54	16
1291081	1382	46	16
1291096	1408	36	16
1291111	1426	20	16
1291126	1440	4	16
1291131	1440	-3	16
1291146	1440	-5	16
1291161	1440	-12	16
1291176	1436	-22	16
1291191	1422	-28	16
1291206	1404	-29	16
1291221	1390	-36	16
1291226	1368	-44	16
1291241	1346	-44	16
1291256	1318	-40	16
1291271	1296	-37	16
1291286	1278	-33	16
1291301	1256	-29	16
1291321	1242	-29	16
1291326	1224	-27	16
1291341	1210	-19	16
1291357	1197	-20	16
1291373	1188	-37	16
1291388	1166	-46	16
1291403	1143	-47	16
1291418	1116	-52	16
1291433	1084	-57	16
1291439	1053	-51	16
1291453	1026	-47	16
1291468	999	-55	16
1291483	968	-62	16
1291498	932	-54	16
1291513	900	-46	16
1291528	878	-35	16
1291534	855	-30	16
1291548	842	-23	16
1291563	828	-6	16
1291578	824	17	16
1291593	828	40	16
1291608	850	55	16
1291623	882	47	16
1291638	909	34	16
1291643	927	29	16
1291658	945	23	16
1291673	958	14	16
1291688	963	8	16
1291703	968	7	16
1291718	972	-6	16
1291733	972	-25	16
1291739	958	-36	16
1291754	940	-44	16
1291769	914	-54	16
1291784	886	-55	16
1291799	855	-47	16
1291814	828	-52	16
1291829	796	-53	16
1291834	770	-45	16
1291849	742	-36	16
1291864	724	-40	16
1291879	702	-49	16
1291894	670	-52	16
1291909	644	-52	16
1291929	612	-56	16
1291944	580	-55	16
1291950	554	-52	16
1291964	522	-53	16
1291980	490	-59	16
1291995	459	-58	16
1292010	428	-49	16
1292025	400	-42	16
1292040	374	-43	16
1292045	351	-39	16
1292060	328	-37	16
1292075	310	-36	16
1292090	288	-34	16
1292105	270	-23	16
1292120	256	-26	16
1292135	243	-45	16
1292140	216	-58	16
1292155	184	-69	16
1292170	144	-80	16
1292185	99	-84	16
1292200	54	-66	16
1292215	14	-51	16
1292230	3586	-43	16
1292245	3564	-37	16
1292250	3542	-34	16
1292265	3524	-47	16
1292280	3496	-62	16
1292295	3460	-64	16
1292310	3424	-63	16
1292325	3388	-69	16
1292345	3352	-74	16
1292351	3308	-70	16
1292365	3272	-65	16
1292380	3236	-68	16
1292395	3195	-70	16
1292410	3154	-63	16
1292425	3118	-61	16
1292440	3087	-64	16
1292455	3051	-60	16
1292460	3015	-54	16
1292475	2988	-58	16
1292490	2952	-64	16
1292505	2916	-62	16
1292520	2884	-63	16
1292535	2848	-69	16
1292550	2808	-64	16
1292555	2772	-49	16
1292570	2745	-53	16
1292585	2714	-59	16
1292600	2682	-52	16
1292615	2650	-39	16
1292630	2632	-29	16
1292645	2614	-11	16
1292651	2610	13	16
1292666	2610	25	16
1292681	2624	15	16
1292696	2632	-2	16
1292711	2632	-17	16
1292726	2628	-23	16
1292741	2614	-31	16
1292761	2596	-27	16
1292766	2583	-23	16
1292781	2570	-24	16
1292796	2556	-24	16
1292811	2542	-14	16
1292826	2534	-8	16
1292841	2529	-14	16
1292856	2520	-12	16
1292861	2516	-2	16
1292876	2516	-5	16
1292891	2511	-13	16
1292906	2502	-15	16
1292921	2493	-19	16
1292936	2484	-32	16
1292951	2466	-44	16
1292957	2444	-46	16
1292971	2416	-42	16
1292986	2394	-40	16
1293001	2372	-33	16
1293016	2349	-36	16
1293031	2331	-48	16
1293046	2304	-61	16
1293061	2268	-68	16
1293066	2232	-69	16
1293081	2192	-70	16
1293096	2151	-62	16
1293111	2120	-48	16
1293126	2092	-42	16
1293141	2066	-45	16
1293161	2043	-52	16
1293167	2012	-51	16
1293181	1984	-55	16
1293196	1953	-55	16
1293211	1922	-48	16
1293226	1894	-38	16
1293241	1872	-42	16
1293256	1850	-44	16
1293271	1827	-46	16
1293277	1800	-54	16
1293292	1768	-65	16
1293307	1732	-66	16
1293322	1696	-55	16
1293337	1665	-51	16
1293352	1638	-49	16
1293367	1606	-41	16
1293372	1584	-44	16
1293387	1562	-52	16
1293403	1530	-57	16
1293418	1498	-61	16
1293433	1467	-69	16
1293448	1426	-75	16
1293463	1386	-72	16
1293468	1346	-66	16
1293483	1305	-60	16
1293498	1274	-53	16
1293513	1242	-40	16
1293528	1220	-33	16
1293543	1202	-33	16
1293558	1184	-40	16
1293573	1161	-40	16
1293578	1138	-48	16
1293593	1112	-62	16
1293608	1076	-70	16
1293623	1035	-70	16
1293638	999	-73	16
1293653	958	-71	16
1293673	918	-58	16
1293680	882	-51	16
1293693	855	-47	16
1293708	828	-46	16
1293723	801	-42	16
1293738	778	-47	16
1293753	752	-52	16
1293768	724	-47	16
1293783	698	-54	16
1293788	666	-64	16
1293803	630	-63	16
1293818	594	-56	16
1293833	562	-55	16
1293848	531	-56	16
1293863	500	-53	16
1293878	472	-41	16
1293884	450	-39	16
1293899	428	-41	16
1293915	405	-39	16
1293931	382	-39	16
1293947	360	-42	16
1293963	338	-50	16
1293979	306	-53	16
1293985	279	-56	16
1294000	248	-66	16
1294015	212	-67	16
1294030	171	-62	16
1294045	135	-62	16
1294060	104	-58	16
1294075	68	-46	16
1294090	45	-45	16
1294095	18	-54	16
1294110	3586	-59	16
1294125	3555	-58	16
1294140	3524	-60	16
1294155	3488	-63	16
1294170	3452	-58	16
1294185	3420	-52	16
1294191	3393	-52	16
1294205	3362	-49	16
1294220	3334	-47	16
1294236	3308	-49	16
1294251	3280	-55	16
1294266	3249	-58	16
1294281	3218	-54	16
1294286	3186	-56	16
1294301	3154	-64	16
1294316	3118	-64	16
1294331	3082	-60	16
1294346	3051	-61	16
1294361	3015	-61	16
1294376	2979	-55	16
1294391	2948	-50	16
1294397	2920	-53	16
1294412	2894	-54	16
1294427	2862	-50	16
1294442	2835	-56	16
1294457	2804	-60	16
1294472	2768	-51	16
1294487	2740	-43	16
1294493	2714	-41	16
1294507	2691	-42	16
1294522	2668	-37	16
1294537	2646	-38	16
1294552	2628	-44	16
1294568	2601	-42	16
1294583	2578	-41	16
1294598	2556	-41	16
1294603	2534	-44	16
1294618	2506	-37	16
1294633	2484	-34	16
1294648	2466	-35	16
1294663	2448	-39	16
1294678	2426	-35	16
1294693	2408	-32	16
1294698	2390	-42	16
1294713	2362	-49	16
1294728	2336	-45	16
1294743	2313	-48	16
1294759	2286	-56	16
1294774	2254	-55	16
1294789	2223	-52	16
1294794	2192	-52	16
1294809	2164	-50	16
1294824	2133	-42	16
1294839	2110	-40	16
1294855	2088	-47	16
1294870	2061	-46	16
1294885	2038	-44	16
1294905	2012	-50	16
1294910	1984	-52	16
1294925	1953	-47	16
1294940	1926	-43	16
1294955	1904	-43	16
1294970	1881	-44	16
1294985	1854	-40	16
1295000	1832	-47	16
1295005	1804	-59	16
1295020	1773	-58	16
1295035	1742	-54	16
1295050	1710	-58	16
1295065	1678	-63	16
1295080	1642	-62	16
1295095	1606	-55	16
1295100	1575	-62	16
1295115	1539	-70	16
1295130	1503	-66	16
1295145	1462	-64	16
1295160	1426	-62	16
1295175	1395	-65	16
1295190	1359	-65	16
1295205	1318	-61	16
1295211	1287	-61	16
1295225	1251	-60	16
1295240	1220	-63	16
1295256	1184	-65	16
1295271	1148	-59	16
1295286	1112	-37	16
1295301	1094	-12	16
1295307	1084	10	16
1295323	1089	26	16
1295339	1102	26	16
1295354	1116	-3	16
1295369	1116	-30	16
1295384	1102	-45	16
1295399	1076	-51	16
1295414	1048	-59	16
1295419	1012	-62	16
1295435	981	-63	16
1295450	945	-74	16
1295465	904	-85	16
1295480	855	-86	16
1295495	806	-74	16
1295510	765	-65	16
1295515	729	-57	16
1295530	698	-47	16
1295545	670	-40	16
1295560	648	-44	16
1295575	621	-41	16
1295590	598	-38	16
1295605	576	-41	16
1295611	554	-42	16
1295625	531	-43	16
1295640	508	-49	16
1295655	482	-56	16
1295670	450	-58	16
1295685	414	-61	16
1295700	382	-61	16
1295720	346	-68	16
1295725	310	-65	16
1295740	270	-62	16
1295755	238	-63	16
1295770	202	-65	16
1295785	166	-64	16
1295801	130	-65	16
1295816	94	-70	16
1295822	54	-73	16
1295836	14	-68	16
1295851	3573	-68	16
1295866	3537	-72	16
1295881	3496	-73	16
1295896	3456	-62	16
1295911	3420	-72	16
1295926	3380	-78	16
1295931	3334	-74	16
1295946	3294	-69	16
1295961	3254	-70	16
1295976	3213	-64	16
1295991	3177	-61	16
1296006	3146	-65	16
1296021	3110	-68	16
1296026	3069	-61	16
1296041	3038	-60	16
1296056	3002	-68	16
1296072	2966	-72	16
1296087	2925	-65	16
1296102	2884	-65	16
1296117	2848	-74	16
1296123	2808	-79	16
1296137	2763	-71	16
1296152	2722	-59	16
1296168	2691	-50	16
1296183	2664	-29	16
1296198	2646	-1	16
1296213	2646	18	16
1296233	2650	20	16
1296238	2664	8	16
1296253	2668	-15	16
1296268	2664	-46	16
1296283	2637	-60	16
1296298	2606	-55	16
1296313	2574	-54	16
1296328	2542	-65	16
1296333	2506	-70	16
1296348	2466	-72	16
1296363	2426	-79	16
1296378	2380	-83	16
1296393	2336	-80	16
1296408	2290	-79	16
1296424	2246	-82	16
1296429	2200	-80	16
1296444	2156	-88	16
1296459	2106	-100	16
1296474	2048	-112	16
1296489	1984	-118	16
1296504	1917	-120	16
1296519	1850	-124	16
1296534	1782	-115	16
1296539	1719	-91	16
1296554	1665	-72	16
1296569	1624	-70	16
1296584	1584	-68	16
1296599	1548	-61	16
1296614	1512	-60	16
1296629	1480	-69	16
1296634	1440	-72	16
1296649	1400	-71	16
1296664	1359	-78	16
1296679	1318	-81	16
1296694	1269	-73	16
1296710	1228	-70	16
1296725	1192	-78	16
1296740	1148	-90	16
1296746	1098	-98	16
1296760	1040	-108	16
1296775	981	-111	16
1296790	918	-99	16
1296805	864	-87	16
1296820	814	-82	16
1296840	765	-78	16
1296845	724	-69	16
1296860	684	-67	16
1296876	648	-65	16
1296891	612	-62	16
1296906	576	-58	16
1296922	544	-63	16
1296937	508	-75	16
1296943	464	-82	16
1296957	418	-83	16
1296972	374	-85	16
1296987	324	-75	16
1297002	284	-59	16
1297017	248	-49	16
1297033	220	-53	16
1297048	194	-51	16
1297053	162	-54	16
1297068	130	-56	16
1297083	99	-62	16
1297098	68	-59	16
1297113	32	-58	16
1297128	0	-67	16
1297143	3564	-68	16
1297149	3524	-70	16
1297163	3483	-76	16
1297178	3442	-76	16
1297193	3398	-68	16
1297208	3362	-65	16
1297223	3326	-62	16
1297238	3290	-60	16
1297253	3258	-56	16
1297258	3226	-59	16
1297273	3190	-65	16
1297288	3154	-69	16
1297303	3114	-67	16
1297318	3078	-68	16
1297333	3042	-72	16
1297353	3002	-70	16
1297359	2961	-65	16
1297373	2925	-63	16
1297388	2889	-61	16
1297403	2853	-62	16
1297418	2817	-62	16
1297433	2786	-69	16
1297448	2745	-71	16
1297454	2704	-65	16
1297468	2668	-69	16
1297483	2628	-71	16
1297498	2592	-59	16
1297513	2556	-49	16
1297528	2529	-54	16
1297543	2498	-59	16
1297558	2466	-62	16
1297563	2430	-63	16
1297578	2394	-69	16
1297594	2358	-69	16
1297609	2318	-62	16
1297624	2282	-58	16
1297639	2250	-54	16
1297654	2218	-54	16
1297659	2192	-52	16
1297674	2160	-58	16
1297689	2128	-63	16
1297704	2092	-64	16
1297719	2056	-62	16
1297735	2020	-60	16
1297750	1989	-58	16
1297756	1953	-51	16
1297770	1926	-58	16
1297785	1894	-68	16
1297800	1854	-72	16
1297815	1814	-70	16
1297830	1778	-71	16
1297845	1737	-69	16
1297865	1696	-65	16
1297870	1660	-67	16
1297885	1624	-77	16
1297900	1580	-76	16
1297915	1534	-75	16
1297930	1494	-72	16
1297945	1454	-64	16
1297960	1418	-60	16
1297966	1386	-63	16
1297980	1350	-64	16
1297995	1314	-61	16
1298010	1278	-58	16
1298025	1246	-62	16
1298040	1210	-67	16
1298055	1174	-64	16
1298070	1138	-65	16
1298075	1102	-63	16
1298090	1066	-64	16
1298105	1030	-60	16
1298120	994	-58	16
1298135	963	-66	16
1298150	927	-67	16
1298165	886	-61	16
1298170	855	-62	16
1298185	819	-65	16
1298200	783	-65	16
1298215	747	-61	16
1298230	711	-62	16
1298246	675	-62	16
1298261	644	-47	16
1298266	616	-18	16
1298281	603	14	16
1298296	608	41	16
1298311	630	45	16
1298326	657	10	16
1298341	662	-25	16
1298356	652	-47	16
1298376	626	-54	16
1298381	594	-51	16
1298396	567	-38	16
1298411	544	-30	16
1298426	531	-32	16
1298441	513	-37	16
1298456	490	-45	16
1298471	464	-48	16
1298476	436	-53	16
1298491	410	-51	16
1298508	378	-44	16
1298523	356	-42	16
1298538	333	-45	16
1298553	306	-45	16
1298568	279	-39	16
1298573	256	-37	16
1298588	238	-41	16
1298603	216	-39	16
1298618	194	-35	16
1298633	171	-42	16
1298648	148	-45	16
1298663	126	-39	16
1298678	104	-40	16
1298684	81	-47	16
1298699	54	-44	16
1298714	27	-40	16
1298729	4	-47	16
1298744	3578	-54	16
1298760	3550	-51	16
1298775	3519	-49	16
1298780	3492	-54	16
1298795	3460	-60	16
1298810	3429	-63	16
1298825	3393	-63	16
1298840	3357	-57	16
1298855	3326	-55	16
1298870	3294	-48	16
1298885	3267	-46	16
1298891	3240	-44	16
1298905	3218	-42	16
1298920	3195	-47	16
1298935	3168	-55	16
1298950	3136	-63	16
1298965	3100	-55	16
1298985	3069	-55	16
1298991	3038	-57	16
1299006	3006	-54	16
1299022	2974	-48	16
1299037	2948	-52	16
1299052	2920	-45	16
1299067	2894	-22	16
1299082	2884	7	16
1299087	2884	22	16
1299102	2894	28	16
1299117	2912	23	16
1299132	2925	8	16
1299147	2930	-7	16
1299162	2930	-10	16
1299177	2920	-11	16
1299192	2916	-14	16
1299197	2907	-21	16
1299212	2898	-25	16
1299227	2884	-32	16
1299242	2866	-36	16
1299257	2844	-41	16
1299272	2822	-37	16
1299287	2799	-33	16
1299292	2781	-34	16
1299307	2763	-35	16
1299322	2745	-33	16
1299338	2722	-42	16
1299353	2700	-47	16
1299368	2673	-39	16
1299383	2650	-38	16
1299398	2632	-35	16
1299404	2610	-28	16
1299418	2596	-23	16
1299434	2583	-25	16
1299449	2570	-26	16
1299464	2556	-26	16
1299479	2538	-32	16
1299494	2520	-40	16
1299499	2498	-43	16
1299515	2475	-35	16
1299531	2457	-33	16
1299547	2434	-37	16
1299562	2416	-40	16
1299577	2394	-43	16
1299593	2367	-46	16
1299599	2344	-44	16
1299613	2318	-43	16
1299628	2295	-47	16
1299643	2268	-53	16
1299658	2236	-62	16
1299673	2205	-55	16
1299688	2174	-57	16
1299703	2142	-61	16
1299709	2106	-51	16
1299723	2079	-44	16
1299738	2052	-48	16
1299753	2025	-52	16
1299768	1998	-44	16
1299783	1971	-42	16
1299798	1948	-43	16
1299803	1922	-45	16
1299818	1899	-44	16
1299833	1872	-44	16
1299848	1850	-44	16
1299863	1822	-37	16
1299878	1804	-41	16
1299893	1782	-45	16
1299898	1755	-43	16
1299913	1732	-43	16
1299928	1706	-48	16
1299943	1678	-53	16
1299958	1652	-56	16
1299973	1620	-56	16
1299988	1588	-58	16
1300008	1552	-59	16
1300013	1521	-60	16
1300028	1485	-60	16
1300043	1454	-59	16
1300058	1422	-59	16
1300073	1386	-59	16
1300088	1354	-62	16
1300103	1318	-66	16
1300108	1282	-65	16
1300123	1246	-58	16
1300139	1210	-64	16
1300154	1174	-69	16
1300170	1138	-62	16
1300185	1102	-52	16
1300200	1076	-50	16
1300215	1044	-47	16
1300221	1017	-46	16
1300235	994	-55	16
1300250	963	-61	16
1300265	927	-63	16
1300280	891	-53	16
1300295	864	-35	16
1300310	842	-8	16
1300316	837	7	16
1300330	837	11	16
1300345	846	2	16
1300360	846	-9	16
1300375	846	-18	16
1300390	832	-27	16
1300405	819	-37	16
1300411	796	-40	16
1300425	774	-39	16
1300440	756	-38	16
1300455	734	-38	16
1300470	711	-33	16
1300485	693	-35	16
1300505	675	-40	16
1300520	652	-39	16
1300526	630	-31	16
1300540	612	-29	16
1300555	594	-30	16
1300570	576	-27	16
1300585	562	-25	16
1300600	549	-27	16
1300615	536	-27	16
1300620	518	-26	16
1300635	504	-30	16
1300651	486	-32	16
1300666	468	-33	16
1300681	450	-41	16
1300696	428	-52	16
1300711	396	-53	16
1300717	369	-50	16
1300731	342	-47	16
1300746	315	-45	16
1300761	288	-41	16
1300776	266	-33	16
1300791	248	-32	16
1300806	230	-31	16
1300821	212	-36	16
1300826	189	-35	16
1300841	171	-40	16
1300856	148	-44	16
1300871	126	-48	16
1300886	99	-51	16
1300901	68	-60	16
1300916	36	-55	16
1300921	4	-48	16
1300936	3578	-54	16
1300951	3546	-59	16
1300966	3514	-53	16
1300981	3483	-48	16
1300996	3456	-45	16
1301016	3429	-36	16
1301031	3411	-30	16
1301036	3393	-35	16
1301051	3375	-43	16
1301066	3348	-41	16
1301081	3326	-39	16
1301096	3303	-49	16
1301111	3276	-52	16
1301126	3249	-47	16
1301132	3222	-44	16
1301146	3195	-45	16
1301162	3172	-49	16
1301177	3146	-48	16
1301193	3118	-44	16
1301208	3092	-46	16
1301223	3064	-48	16
1301229	3038	-45	16
1301243	3015	-52	16
1301258	2984	-55	16
1301273	2952	-54	16
1301288	2925	-56	16
1301303	2894	-59	16
1301318	2858	-54	16
1301333	2830	-46	16
1301339	2804	-48	16
1301353	2776	-53	16
1301369	2745	-47	16
1301384	2718	-43	16
1301399	2696	-50	16
1301414	2668	-53	16
1301429	2637	-47	16
1301435	2610	-48	16
1301449	2583	-49	16
1301464	2556	-49	16
1301479	2529	-47	16
1301494	2502	-45	16
1301509	2475	-39	16
1301524	2457	-30	16
1301544	2439	-26	16
1301550	2426	-31	16
1301564	2408	-33	16
1301579	2390	-29	16
1301594	2372	-33	16
1301609	2354	-38	16
1301624	2331	-39	16
1301639	2308	-35	16
1301645	2290	-37	16
1301659	2268	-42	16
1301674	2246	-39	16
1301689	2223	-34	16
1301704	2205	-39	16
1301719	2182	-36	16
1301734	2160	-23	16
1301740	2151	-22	16
1301754	2138	-28	16
1301769	2120	-27	16
1301784	2106	-23	16
1301799	2092	-24	16
1301814	2079	-27	16
1301829	2066	-23	16
1301849	2052	-25	16
1301855	2038	-31	16
1301869	2020	-30	16
1301884	2002	-26	16
1301900	1989	-28	16
1301915	1971	-33	16
1301930	1953	-35	16
1301945	1935	-35	16
1301950	1912	-43	16
1301965	1890	-47	16
1301980	1863	-48	16
1301995	1836	-46	16
1302010	1809	-51	16
1302025	1782	-53	16
1302040	1750	-51	16
1302046	1724	-47	16
1302061	1696	-46	16
1302076	1670	-39	16
1302092	1652	-36	16
1302107	1629	-46	16
1302123	1602	-44	16
1302138	1580	-41	16
1302153	1557	-45	16
1302158	1530	-54	16
1302173	1498	-46	16
1302188	1476	-38	16
1302203	1454	-42	16
1302218	1431	-48	16
1302233	1404	-46	16
1302248	1377	-46	16
1302253	1350	-47	16
1302268	1323	-48	16
1302283	1296	-45	16
1302298	1274	-49	16
1302313	1242	-59	16
1302328	1210	-57	16
1302343	1179	-51	16
1302359	1152	-50	16
1302365	1120	-55	16
1302380	1089	-51	16
1302395	1062	-49	16
1302411	1035	-60	16
1302426	999	-64	16
1302441	963	-57	16
1302456	932	-56	16
1302462	900	-64	16
1302476	864	-56	16
1302491	832	-50	16
1302506	806	-54	16
1302521	774	-58	16
1302536	742	-50	16
1302551	716	-46	16
1302556	688	-53	16
1302571	657	-56	16
1302586	626	-47	16
1302601	603	-44	16
1302616	576	-47	16
1302631	549	-49	16
1302646	522	-52	16
1302661	495	-51	16
1302667	464	-52	16
1302681	436	-53	16
1302696	405	-57	16
1302711	374	-60	16
1302726	338	-59	16
1302741	306	-52	16
1302756	279	-55	16
1302761	248	-57	16
1302776	216	-52	16
1302791	184	-43	16
1302806	162	-47	16
1302821	135	-51	16
1302836	104	-48	16
1302856	76	-45	16
1302862	54	-54	16
1302876	22	-50	16
1302891	3596	-43	16
1302906	3568	-47	16
1302921	3546	-47	16
1302936	3519	-43	16
1302951	3492	-44	16
1302966	3470	-56	16
1302971	3438	-62	16
1302986	3402	-58	16
1303001	3370	-56	16
1303016	3339	-60	16
1303031	3303	-57	16
1303046	3272	-55	16
1303061	3240	-56	16
1303066	3208	-57	16
1303081	3177	-57	16
1303096	3146	-59	16
1303111	3114	-61	16
1303126	3078	-55	16
1303141	3046	-51	16
1303156	3020	-54	16
1303176	2988	-64	16
1303181	2952	-59	16
1303196	2920	-53	16
1303211	2889	-56	16
1303226	2858	-64	16
1303241	2822	-57	16
1303256	2790	-47	16
1303271	2763	-49	16
1303276	2736	-50	16
1303291	2709	-40	16
1303306	2686	-39	16
1303321	2664	-46	16
1303336	2637	-48	16
1303351	2610	-49	16
1303366	2583	-52	16
1303371	2552	-45	16
1303386	2529	-43	16
1303401	2502	-53	16
1303416	2475	-60	16
1303431	2439	-59	16
1303446	2408	-56	16
1303461	2376	-59	16
1303481	2344	-64	16
1303486	2308	-59	16
1303501	2272	-46	16
1303516	2246	-44	16
1303531	2223	-47	16
1303546	2196	-46	16
1303561	2169	-45	16
1303576	2146	-46	16
1303581	2120	-43	16
1303596	2097	-40	16
1303611	2074	-41	16
1303627	2048	-43	16
1303643	2025	-37	16
1303659	2002	-31	16
1303674	1989	-40	16
1303689	1966	-39	16
1303695	1944	-33	16
1303709	1926	-33	16
1303724	1904	-39	16
1303739	1886	-39	16
1303755	1863	-32	16
1303771	1845	-28	16
1303787	1827	-33	16
1303793	1809	-37	16
1303808	1786	-41	16
1303823	1764	-42	16
1303839	1742	-40	16
1303854	1719	-39	16
1303869	1696	-43	16
1303885	1674	-45	16
1303890	1647	-34	16
1303905	1629	-22	16
1303920	1616	-16	16
1303935	1606	-4	16
1303950	1606	26	16
1303965	1616	59	16
1303980	1647	73	16
1303995	1692	78	16
1304000	1732	68	16
1304015	1773	58	16
1304030	1804	43	16
1304045	1827	28	16
1304060	1845	18	16
1304075	1854	9	16
1304090	1858	8	16
1304096	1863	10	16
1304110	1872	6	16
1304125	1872	-7	16
1304140	1872	-14	16
1304155	1868	-15	16
1304170	1858	-19	16
1304185	1845	-30	16
1304191	1832	-35	16
1304205	1809	-38	16
1304220	1786	-34	16
1304235	1768	-38	16
1304250	1746	-44	16
1304265	1724	-51	16
1304280	1696	-62	16
1304295	1660	-69	16
1304300	1620	-64	16
1304315	1584	-59	16
1304330	1552	-49	16
1304345	1526	-33	16
1304360	1508	-25	16
1304375	1490	-31	16
1304390	1476	-37	16
1304395	1454	-31	16
1304410	1436	-28	16
1304425	1422	-27	16
1304440	1404	-25	16
1304455	1390	-17	16
1304471	1382	-15	16
1304486	1372	-18	16
1304501	1364	-17	16
1304506	1354	-16	16
1304521	1346	-16	16
1304536	1336	-16	16
1304551	1328	-16	16
1304566	1318	-18	16
1304581	1305	-26	16
1304596	1292	-40	16
1304602	1269	-57	16
1304616	1238	-72	16
1304631	1197	-76	16
1304646	1156	-74	16
1304661	1112	-77	16
1304676	1071	-81	16
1304696	1026	-85	16
1304702	976	-78	16
1304716	932	-69	16
1304731	896	-67	16
1304746	855	-60	16
1304761	824	-51	16
1304776	792	-41	16
1304791	770	-44	16
1304806	747	-37	16
1304812	724	-36	16
1304826	706	-32	16
1304841	688	-36	16
1304856	666	-31	16
1304871	648	-29	16
1304886	634	-25	16
1304901	616	-24	16
1304906	603	-29	16
1304922	590	-34	16
1304937	572	-33	16
1304952	549	-29	16
1304967	536	-23	16
1304982	522	-23	16
1304997	508	-23	16
1305002	495	-19	16
1305017	486	-17	16
1305032	477	-18	16
1305047	464	-20	16
1305062	454	-13	16
1305077	446	-6	16
1305092	446	-3	16
1305108	441	-2	16
1305114	441	0	16
1305129	441	-3	16
1305144	441	-10	16
1305159	432	-22	16
1305175	423	-37	16
1305190	400	-53	16
1305206	369	-64	16
1305212	333	-70	16
1305226	297	-74	16
1305241	252	-67	16
1305256	216	-51	16
1305271	189	-41	16
1305286	162	-36	16
1305301	144	-34	16
1305316	126	-30	16
1305321	108	-24	16
1305336	94	-20	16
1305351	81	-13	16
1305366	76	-16	16
1305381	68	-17	16
1305396	58	-19	16
1305416	45	-18	16
1305421	36	-13	16
1305436	27	-8	16
1305451	22	-9	16
1305466	18	-8	16
1305481	14	-7	16
1305496	9	-7	16
1305511	9	-14	16
1305516	0	-12	16
1305531	3591	-23	16
1305546	3578	-37	16
1305561	3560	-51	16
1305576	3528	-70	16
1305591	3492	-80	16
1305606	3447	-79	16
1305621	3402	-71	16
1305626	3362	-68	16
1305641	3321	-62	16
1305656	3290	-49	16
1305672	3262	-40	16
1305687	3240	-38	16
1305702	3218	-36	16
1305717	3195	-36	16
1305723	3177	-38	16
1305738	3154	-38	16
1305753	3132	-38	16
1305768	3114	-34	16
1305783	3092	-32	16
1305798	3074	-32	16
1305813	3056	-28	16
1305828	3042	-30	16
1305833	3024	-36	16
1305848	3006	-55	16
1305863	2974	-72	16
1305878	2934	-80	16
1305893	2889	-86	16
1305908	2840	-82	16
1305928	2794	-72	16
1305934	2754	-60	16
1305948	2718	-51	16
1305963	2691	-40	16
1305978	2668	-33	16
1305993	2650	-33	16
1306008	2632	-32	16
1306023	2614	-28	16
1306028	2596	-24	16
1306043	2583	-22	16
1306058	2570	-17	16
1306073	2560	-17	16
1306088	2552	-18	16
1306103	2542	-18	16
1306118	2534	-15	16
1306133	2524	-11	16
1306138	2516	-11	16
1306154	2511	-14	16
1306169	2502	-11	16
1306184	2498	-8	16
1306200	2493	-4	16
1306215	2488	-3	16
1306230	2488	-3	16
1306236	2488	-3	16
1306250	2484	-7	16
1306266	2480	-5	16
1306281	2480	-4	16
1306296	2475	-6	16
1306311	2470	-11	16
1306327	2466	-8	16
1306332	2462	-19	16
1306347	2452	-35	16
1306362	2430	-50	16
1306377	2403	-61	16
1306392	2367	-70	16
1306407	2331	-73	16
1306422	2290	-68	16
1306437	2250	-65	16
1306443	2214	-55	16
1306458	2182	-44	16
1306473	2160	-38	16
1306488	2138	-37	16
1306503	2115	-42	16
1306518	2092	-47	16
1306533	2066	-50	16
1306538	2038	-62	16
1306553	2002	-74	16
1306568	1962	-82	16
1306584	1917	-80	16
1306599	1872	-82	16
1306614	1822	-91	16
1306629	1773	-86	16
1306644	1724	-76	16
1306649	1683	-64	16
1306664	1647	-57	16
1306679	1616	-54	16
1306694	1584	-56	16
1306709	1552	-53	16
1306726	1521	-47	16
1306741	1494	-42	16
1306747	1472	-41	16
1306761	1449	-39	16
1306776	1426	-36	16
1306791	1408	-36	16
1306806	1386	-42	16
1306821	1364	-40	16
1306836	1341	-36	16
1306842	1318	-28	16
1306856	1305	-19	16
1306871	1292	-13	16
1306886	1287	-10	16
1306901	1282	-9	16
1306916	1274	-13	16
1306936	1269	-16	16
1306951	1260	-18	16
1306956	1251	-22	16
1306971	1238	-18	16
1306986	1228	-14	16
1307001	1220	-16	16
1307016	1210	-19	16
1307031	1197	-18	16
1307046	1188	-15	16
1307052	1179	-18	16
1307067	1170	-22	16
1307082	1156	-23	16
1307097	1143	-24	16
1307112	1130	-25	16
1307127	1116	-25	16
1307142	1102	-28	16
1307157	1089	-31	16
1307163	1071	-26	16
1307178	1058	-25	16
1307193	1040	-29	16
1307208	1026	-32	16
1307223	1008	-29	16
1307238	990	-21	16
1307253	981	-8	16
1307259	976	10	16
1307273	976	34	16
1307288	994	62	16
1307303	1030	78	16
1307318	1076	74	16
1307333	1116	61	16
1307348	1152	53	16
1307354	1179	45	16
1307368	1206	33	16
1307383	1224	23	16
1307398	1238	12	16
1307413	1242	0	16
1307428	1242	-5	16
1307448	1242	-13	16
1307463	1238	-19	16
1307468	1228	-24	16
1307483	1215	-19	16
1307498	1202	-22	16
1307513	1188	-19	16
1307528	1179	-21	16
1307543	1166	-19	16
1307558	1156	-22	16
1307563	1143	-23	16
1307578	1130	-19	16
1307593	1120	-16	16
1307609	1112	-15	16
1307624	1102	-20	16
1307639	1094	-27	16
1307654	1076	-35	16
1307659	1058	-35	16
1307674	1040	-35	16
1307689	1017	-33	16
1307704	999	-28	16
1307719	986	-5	16
1307734	981	31	16
1307749	994	65	16
1307764	1030	82	16
1307770	1076	84	16
1307785	1125	77	16
1307800	1166	66	16
1307815	1206	47	16
1307830	1233	35	16
1307845	1251	25	16
1307860	1264	11	16
1307865	1269	5	16
1307880	1274	-2	16
1307895	1274	-9	16
1307910	1274	-20	16
1307925	1260	-28	16
1307940	1246	-35	16
1307960	1224	-40	16
1307975	1202	-39	16
1307980	1179	-37	16
1307995	1161	-36	16
1308010	1138	-33	16
1308025	1120	-36	16
1308040	1102	-35	16
1308056	1080	-34	16
1308071	1062	-35	16
1308076	1044	-36	16
1308091	1022	-38	16
1308106	999	-42	16
1308121	976	-43	16
1308136	954	-37	16
1308151	932	-36	16
1308166	914	-41	16
1308171	886	-36	16
1308186	868	-24	16
1308201	855	-22	16
1308216	842	-30	16
1308231	824	-32	16
1308246	806	-32	16
1308261	788	-37	16
1308276	770	-37	16
1308282	747	-25	16
1308296	734	-21	16
1308311	720	-15	16
1308326	716	-13	16
1308341	706	-13	16
1308356	698	-19	16
1308376	688	-28	16
1308381	670	-38	16
1308396	652	-56	16
1308411	621	-75	16
1308426	576	-86	16
1308441	531	-90	16
1308456	477	-87	16
1308471	428	-85	16
1308477	382	-78	16
1308491	338	-70	16
1308507	297	-63	16
1308522	261	-59	16
1308537	230	-54	16
1308552	198	-48	16
1308567	171	-43	16
1308582	148	-44	16
1308588	122	-38	16
1308602	104	-39	16
1308617	81	-40	16
1308632	58	-29	16
1308648	40	-17	16
1308663	32	-19	16
1308678	22	-28	16
1308684	4	-37	16
1308698	3586	-52	16
1308713	3555	-74	16
1308728	3514	-85	16
1308743	3465	-82	16
1308758	3420	-68	16
1308773	3380	-56	16
1308788	3348	-46	16
1308793	3326	-34	16
1308809	3303	-31	16
1308824	3290	-28	16
1308839	3272	-36	16
1308854	3254	-40	16
1308869	3231	-32	16
1308884	3213	-26	16
1308890	3195	-20	16
1308904	3186	-15	16
1308919	3177	-11	16
1308934	3172	2	16
1308949	3172	7	16
1308964	3172	3	16
1308984	3172	1	16
1308990	3172	3	16
1309004	3177	2	16
1309019	3177	1	16
1309034	3177	5	16
1309050	3182	11	16
1309065	3186	11	16
1309080	3190	15	16
1309095	3200	24	16
1309100	3213	19	16
1309115	3226	5	16
1309130	3226	-2	16
1309145	3226	0	16
1309160	3226	1	16
1309175	3226	4	16
1309190	3231	10	16
1309195	3236	14	16
1309210	3244	17	16
1309226	3254	16	16
1309242	3262	16	16
1309257	3272	9	16
1309272	3276	3	16
1309287	3276	0	16
1309302	3276	3	16
1309308	3280	0	16
1309323	3280	-4	16
1309339	3280	1	16
1309355	3280	7	16
1309370	3280	9	16
1309385	3285	7	16
1309400	3290	8	16
1309406	3294	3	16
1309420	3298	-4	16
1309435	3298	-9	16
1309450	3294	-3	16
1309465	3290	-3	16
1309480	3290	-3	16
1309495	3290	1	16
1309501	3290	3	16
1309515	3290	0	16
1309530	3290	-2	16
1309545	3290	-3	16
1309560	3290	-6	16
1309575	3285	-9	16
1309590	3280	-11	16
1309605	3272	-12	16
1309610	3267	-7	16
1309625	3262	-8	16
1309640	3258	-7	16
1309655	3254	-8	16
1309670	3249	-14	16
1309685	3240	-13	16
1309700	3236	-8	16
1309705	3231	-9	16
1309720	3226	-15	16
1309735	3218	-19	16
1309750	3204	-17	16
1309765	3195	-20	16
1309780	3186	-20	16
1309800	3172	-17	16
1309806	3164	-13	16
1309820	3154	-15	16
1309835	3150	-20	16
1309850	3136	-30	16
1309865	3118	-53	16
1309880	3092	-67	16
1309895	3051	-73	16
1309910	3010	-73	16
1309916	2970	-68	16
1309930	2934	-56	16
1309945	2902	-38	16
1309960	2880	-27	16
1309975	2862	-23	16
1309990	2853	-23	16
1310005	2840	-25	16
1310010	2826	-25	16
1310025	2808	-21	16
1310040	2799	-19	16
1310055	2786	-14	16
1310071	2781	-17	16
1310086	2772	-15	16
1310101	2763	-6	16
1310117	2758	-3	16
1310123	2758	-5	16
1310138	2754	1	16
1310153	2754	6	16
1310168	2754	6	16
1310183	2758	2	16
1310198	2758	13	16
1310213	2768	16	16
1310219	2776	16	16
1310233	2786	23	16
1310248	2794	37	16
1310263	2817	38	16
1310278	2840	36	16
1310293	2858	36	16
1310308	2880	37	16
1310313	2898	33	16
1310328	2920	26	16
1310343	2934	16	16
1310358	2943	6	16
1310373	2948	1	16
1310388	2948	5	16
1310408	2948	5	16
1310423	2952	3	16
1310429	2952	-4	16
1310443	2952	5	16
1310458	2952	6	16
1310473	2956	-5	16
1310488	2956	-16	16
1310503	2948	-12	16
1310518	2943	-6	16
1310523	2938	-11	16
1310538	2934	-11	16
1310554	2925	-8	16
1310569	2920	-13	16
1310584	2916	-10	16
1310599	2912	-9	16
1310614	2902	-11	16
1310620	2898	-16	16
1310634	2889	-9	16
1310649	2884	-5	16
1310664	2880	-10	16
1310679	2876	-17	16
1310694	2866	-16	16
1310709	2858	-17	16
1310724	2848	-18	16
1310729	2840	-17	16
1310746	2826	-13	16
1310761	2822	-16	16
1310776	2812	-16	16
1310791	2804	-12	16
1310807	2794	-10	16
1310822	2790	-14	16
1310827	2781	-17	16
1310842	2772	-12	16
1310857	2768	-7	16
1310872	2763	-6	16
1310887	2758	-11	16
1310902	2754	-5	16
1310917	2750	-3	16
1310932	2750	-8	16
1310938	2745	-7	16
1310952	2740	-6	16
1310967	2736	-8	16
1310982	2732	-12	16
1310998	2727	-11	16
1311014	2718	-8	16
1311029	2714	-10	16
1311034	2709	-6	16
1311049	2704	-2	16
1311064	2704	-4	16
1311079	2700	-7	16
1311094	2700	-5	16
1311109	2696	1	16
1311125	2696	-3	16
1311130	2696	-3	16
1311145	2691	-3	16
1311160	2691	3	16
1311175	2691	3	16
1311190	2691	4	16
1311205	2691	5	16
1311220	2696	3	16
1311240	2696	-1	16
1311246	2696	-2	16
1311260	2696	-2	16
1311275	2696	-1	16
1311290	2696	-3	16
1311305	2696	2	16
1311320	2696	15	16
1311335	2700	31	16
1311340	2718	44	16
1311355	2745	49	16
1311370	2772	45	16
1311385	2794	35	16
1311400	2817	30	16
1311415	2835	20	16
1311430	2844	6	16
1311445	2848	4	16
1311450	2848	8	16
1311465	2853	5	16
1311480	2858	-4	16
1311495	2858	-15	16
1311510	2848	-18	16
1311526	2840	-27	16
1311541	2826	-32	16
1311547	2808	-34	16
1311561	2790	-32	16
1311576	2772	-28	16
1311591	2754	-23	16
1311606	2740	-12	16
1311621	2736	-5	16
1311636	2732	-5	16
1311642	2727	-11	16
1311656	2722	-14	16
1311672	2714	-13	16
1311687	2709	-11	16
1311702	2700	-13	16
1311717	2696	-12	16
1311732	2686	-10	16
1311752	2682	-6	16
1311758	2678	1	16
1311772	2678	1	16
1311787	2678	-1	16
1311802	2678	1	16
1311817	2678	-4	16
1311832	2678	-12	16
1311847	2668	-18	16
1311853	2660	-16	16
1311867	2650	-13	16
1311883	2646	-14	16
1311898	2637	-10	16
1311913	2632	-17	16
1311928	2619	-31	16
1311943	2606	-50	16
1311948	2574	-67	16
1311963	2538	-76	16
1311978	2493	-77	16
1311994	2452	-73	16
1312010	2412	-64	16
1312026	2376	-55	16
1312042	2344	-57	16
1312058	2313	-57	16
1312064	2282	-58	16
1312079	2246	-63	16
1312095	2210	-69	16
1312111	2174	-73	16
1312127	2133	-74	16
1312143	2088	-72	16
1312158	2048	-63	16
1312163	2016	-51	16
1312178	1984	-45	16
1312193	1962	-48	16
1312208	1935	-44	16
1312223	1908	-38	16
1312238	1886	-36	16
1312253	1868	-39	16
1312268	1845	-38	16
1312274	1822	-37	16
1312288	1804	-40	16
1312305	1782	-41	16
1312320	1755	-44	16
1312335	1732	-46	16
1312350	1706	-45	16
1312365	1683	-40	16
1312371	1660	-40	16
1312385	1638	-41	16
1312400	1611	-39	16
1312415	1593	-36	16
1312430	1570	-29	16
1312445	1552	-30	16
1312460	1539	-28	16
1312466	1521	-30	16
1312480	1503	-33	16
1312495	1485	-36	16
1312510	1467	-36	16
1312525	1444	-33	16
1312540	1426	-34	16
1312555	1408	-35	16
1312570	1390	-26	16
1312575	1372	-22	16
1312590	1364	-22	16
1312605	1350	-19	16
1312620	1336	-17	16
1312635	1328	-18	16
1312650	1318	-20	16
1312666	1310	-20	16
1312672	1296	-15	16
1312686	1287	-1	16
1312701	1287	26	16
1312716	1296	56	16
1312731	1328	66	16
1312746	1368	62	16
1312761	1400	53	16
1312766	1431	40	16
1312781	1454	23	16
1312796	1467	13	16
1312811	1476	8	16
1312826	1480	7	16
1312841	1480	4	16
1312856	1485	1	16
1312871	1485	5	16
1312877	1490	8	16
1312891	1494	7	16
1312907	1498	9	16
1312922	1503	9	16
1312937	1508	8	16
1312953	1512	2	16
1312968	1512	6	16
1312974	1516	7	16
1312988	1521	2	16
1313003	1521	-1	16
1313018	1521	0	16
1313033	1521	-3	16
1313048	1521	-9	16
1313063	1516	-16	16
1313078	1508	-17	16
1313083	1498	-16	16
1313098	1490	-16	16
1313113	1480	-13	16
1313128	1472	-16	16
1313143	1462	-20	16
1313158	1454	-18	16
1313173	1444	-19	16
1313178	1431	-21	16
1313193	1422	-29	16
1313208	1404	-29	16
1313223	1386	-32	16
1313239	1368	-34	16
1313254	1350	-37	16
1313269	1332	-31	16
1313275	1314	-26	16
1313289	1296	-27	16
1313304	1282	-32	16
1313319	1264	-29	16
1313334	1246	-24	16
1313349	1233	-21	16
1313365	1224	-22	16
1313380	1210	-20	16
1313385	1202	-22	16
1313400	1188	-20	16
1313415	1174	-14	16
1313430	1170	-6	16
1313445	1166	-2	16
1313460	1166	2	16
1313475	1166	1	16
1313480	1166	-5	16
1313495	1161	-8	16
1313510	1156	-8	16
1313525	1152	-10	16
1313540	1148	-11	16
1313555	1143	-16	16
1313575	1134	-13	16
1313590	1125	-12	16
1313595	1120	-13	16
1313610	1112	-17	16
1313626	1102	-28	16
1313641	1084	-40	16
1313656	1062	-48	16
1313671	1035	-53	16
1313686	1008	-57	16
1313691	976	-55	16
1313706	945	-53	16
1313721	914	-51	16
1313736	886	-52	16
1313751	855	-48	16
1313766	828	-43	16
1313781	806	-37	16
1313787	783	-39	16
1313801	760	-35	16
1313816	742	-33	16
1313831	724	-31	16
1313846	706	-38	16
1313861	684	-42	16
1313876	662	-44	16
1313896	634	-47	16
1313902	612	-44	16
1313916	585	-33	16
1313931	567	-36	16
1313946	544	-36	16
1313961	526	-35	16
1313976	508	-30	16
1313991	490	-36	16
1313996	468	-45	16
1314011	446	-53	16
1314026	414	-60	16
1314041	382	-59	16
1314056	346	-55	16
1314071	315	-54	16
1314086	288	-44	16
1314091	261	-38	16
1314106	238	-36	16
1314121	220	-35	16
1314136	198	-35	16
1314151	180	-29	16
1314166	162	-25	16
1314181	148	-28	16
1314196	135	-29	16
1314202	117	-26	16
1314216	104	-21	16
1314231	90	-25	16
1314246	76	-34	16
1314261	58	-44	16
1314276	32	-45	16
1314297	9	-52	16
1314303	3578	-62	16
1314317	3546	-66	16
1314333	3506	-63	16
1314348	3470	-58	16
1314363	3438	-50	16
1314378	3411	-42	16
1314393	3388	-38	16
1314408	3366	-32	16
1314414	3348	-28	16
1314428	3330	-31	16
1314443	3316	-34	16
1314458	3294	-31	16
1314473	3276	-22	16
1314488	3267	-11	16
1314503	3258	-5	16
1314509	3258	-1	16
1314523	3258	3	16
1314538	3258	3	16
1314553	3258	-11	16
1314568	3254	-32	16
1314583	3236	-46	16
1314598	3208	-50	16
1314603	3182	-50	16
1314618	3154	-48	16
1314633	3128	-38	16
1314648	3105	-29	16
1314663	3087	-20	16
1314678	3078	-11	16
1314693	3069	-11	16
1314708	3064	-14	16
1314714	3056	-17	16
1314728	3046	-33	16
1314743	3028	-47	16
1314758	3002	-50	16
1314773	2974	-47	16
1314788	2948	-50	16
1314804	2920	-45	16
1314810	2894	-35	16
1314825	2876	-25	16
1314840	2862	-20	16
1314855	2848	-23	16
1314870	2835	-22	16
1314885	2826	-19	16
1314900	2812	-26	16
1314916	2799	-39	16
1314922	2776	-48	16
1314937	2750	-51	16
1314954	2722	-56	16
1314969	2691	-56	16
1314984	2660	-52	16
1314999	2628	-47	16
1315014	2601	-53	16
1315019	2574	-59	16
1315034	2538	-73	16
1315049	2498	-75	16
1315064	2457	-68	16
1315079	2416	-52	16
1315094	2390	-39	16
1315109	2367	-33	16
1315115	2349	-29	16
1315129	2331	-26	16
1315144	2318	-22	16
1315159	2304	-20	16
1315174	2295	-18	16
1315189	2282	-18	16
1315204	2272	-16	16
1315219	2264	-14	16
1315224	2254	-11	16
1315239	2250	-4	16
1315254	2250	4	16
1315269	2250	10	16
1315284	2250	10	16
1315300	2259	4	16
1315316	2259	-10	16
1315321	2259	-26	16
1315336	2246	-43	16
1315352	2218	-54	16
1315367	2187	-51	16
1315382	2160	-37	16
1315397	2138	-24	16
1315412	2124	-16	16
1315418	2115	-12	16
1315433	2110	-11	16
1315449	2106	-18	16
1315464	2092	-26	16
1315479	2079	-32	16
1315494	2061	-34	16
1315509	2043	-35	16
1315526	2020	-27	16
1315531	2007	-23	16
1315546	1994	-26	16
1315561	1980	-27	16
1315576	1966	-20	16
1315591	1953	-22	16
1315606	1940	-24	16
1315621	1926	-26	16
1315626	1912	-33	16
1315641	1894	-51	16
1315656	1868	-73	16
1315671	1822	-86	16
1315686	1778	-88	16
1315701	1728	-81	16
1315716	1683	-73	16
1315736	1638	-66	16
1315741	1602	-58	16
1315756	1570	-54	16
1315771	1539	-51	16
1315786	1512	-43	16
1315801	1485	-41	16
1315816	1462	-34	16
1315831	1444	-26	16
1315837	1431	-22	16
1315851	1418	-22	16
1315866	1404	-23	16
1315881	1390	-17	16
1315896	1382	-12	16
1315911	1377	-13	16
1315926	1368	-14	16
1315931	1359	-17	16
1315946	1350	-20	16
1315961	1341	-25	16
1315976	1328	-20	16
1315991	1314	-17	16
1316006	1305	-16	16
1316021	1296	-13	16
1316038	1287	-12	16
1316043	1282	-15	16
1316058	1274	-19	16
1316073	1264	-23	16
1316088	1251	-20	16
1316103	1238	-19	16
1316118	1228	-19	16
1316133	1220	-17	16
1316138	1206	-12	16
1316154	1202	-12	16
1316170	1192	-11	16
1316186	1188	-10	16
1316202	1184	-17	16
1316218	1174	-26	16
1316233	1156	-42	16
1316238	1134	-57	16
1316253	1102	-63	16
1316268	1066	-63	16
1316283	1030	-59	16
1316298	999	-50	16
1316314	972	-44	16
1316329	945	-34	16
1316344	927	-34	16
1316349	909	-37	16
1316365	886	-45	16
1316380	860	-55	16
1316395	832	-59	16
1316410	796	-63	16
1316425	760	-66	16
1316440	724	-62	16
1316445	688	-51	16
1316460	662	-45	16
1316475	634	-44	16
1316490	612	-49	16
1316505	585	-57	16
1316520	554	-67	16
1316535	513	-74	16
1316550	472	-80	16
1316555	428	-80	16
1316570	382	-76	16
1316585	338	-71	16
1316600	302	-66	16
1316616	261	-59	16
1316631	230	-49	16
1316646	202	-46	16
1316651	176	-44	16
1316666	153	-40	16
1316681	130	-35	16
1316696	108	-33	16
1316711	90	-30	16
1316726	72	-25	16
1316741	58	-18	16
1316747	50	-15	16
1316763	40	-19	16
1316778	32	-32	16
1316793	14	-48	16
1316808	3586	-57	16
1316823	3555	-62	16
1316838	3519	-55	16
1316853	3488	-44	16
1316858	3460	-36	16
1316873	3442	-33	16
1316888	3424	-29	16
1316903	3406	-33	16
1316918	3388	-35	16
1316933	3370	-33	16
1316948	3352	-34	16
1316954	3330	-40	16
1316968	3308	-54	16
1316983	3280	-66	16
1316998	3240	-79	16
1317013	3195	-80	16
1317028	3150	-72	16
1317048	3110	-59	16
1317063	3078	-46	16
1317070	3051	-38	16
1317083	3033	-32	16
1317098	3015	-23	16
1317113	3002	-17	16
1317128	2992	-15	16
1317143	2984	-10	16
1317158	2974	-5	16
1317164	2974	1	16
1317179	2974	-3	16
1317194	2974	-1	16
1317209	2970	0	16
1317224	2970	3	16
1317239	2970	5	16
1317254	2974	6	16
1317259	2974	13	16
1317274	2984	25	16
1317289	2997	25	16
1317304	3010	20	16
1317319	3024	20	16
1317334	3033	21	16
1317349	3046	14	16
1317364	3056	10	16
1317369	3060	11	16
1317384	3064	18	16
1317399	3074	22	16
1317414	3087	19	16
1317429	3100	16	16
1317444	3110	17	16
1317464	3118	19	16
1317469	3128	16	16
1317484	3136	7	16
1317499	3141	3	16
1317514	3141	12	16
1317530	3150	13	16
1317546	3154	8	16
1317562	3159	1	16
1317568	3164	0	16
1317583	3164	7	16
1317599	3164	10	16
1317615	3172	8	16
1317631	3177	1	16
1317646	3177	4	16
1317661	3177	3	16
1317676	3182	5	16
1317681	3182	5	16
1317696	3186	10	16
1317711	3190	12	16
1317726	3200	12	16
1317741	3204	7	16
1317756	3208	6	16
1317771	3213	5	16
1317777	3213	1	16
1317791	3218	4	16
1317806	3218	7	16
1317821	3222	10	16
1317836	3226	7	16
1317851	3231	1	16
1317866	3231	-1	16
1317881	3231	1	16
1317886	3231	11	16
1317901	3240	13	16
1317916	3244	15	16
1317931	3254	13	16
1317946	3262	16	16
1317961	3272	17	16
1317976	3280	20	16
1317981	3290	20	16
1317996	3303	25	16
1318011	3316	26	16
1318027	3330	26	16
1318042	3344	22	16
1318057	3357	14	16
1318072	3366	13	16
1318077	3375	9	16
1318092	3380	15	16
1318108	3388	16	16
1318123	3398	17	16
1318138	3406	20	16
1318153	3416	20	16
1318168	3429	18	16
1318183	3438	12	16
1318188	3442	2	16
1318203	3447	1	16
1318218	3447	4	16
1318233	3447	-2	16
1318248	3447	-13	16
1318263	3442	-22	16
1318278	3434	-26	16
1318284	3416	-37	16
1318299	3398	-43	16
1318314	3370	-49	16
1318329	3344	-46	16
1318345	3316	-49	16
1318360	3290	-44	16
1318375	3267	-43	16
1318380	3240	-33	16
1318395	3222	-20	16
1318410	3213	-12	16
1318425	3204	-11	16
1318440	3200	-16	16
1318455	3190	-28	16
1318470	3172	-39	16
1318485	3154	-48	16
1318491	3128	-51	16
1318505	3096	-50	16
1318520	3069	-45	16
1318535	3042	-36	16
1318551	3024	-29	16
1318566	3006	-24	16
1318581	2992	-21	16
1318587	2984	-16	16
1318601	2974	-17	16
1318616	2961	-16	16
1318631	2952	-12	16
1318646	2948	-13	16
1318661	2938	-20	16
1318676	2930	-33	16
1318696	2912	-49	16
1318701	2884	-57	16
1318716	2848	-59	16
1318731	2817	-54	16
1318746	2786	-48	16
1318761	2758	-44	16
1318776	2736	-38	16
1318791	2714	-28	16
1318796	2700	-23	16
1318811	2686	-24	16
1318827	2673	-17	16
1318843	2664	-11	16
1318858	2655	-15	16
1318873	2646	-27	16
1318889	2632	-43	16
1318894	2610	-54	16
1318909	2578	-54	16
1318924	2547	-49	16
1318939	2520	-45	16
1318954	2493	-41	16
1318970	2470	-34	16
1318986	2452	-31	16
1319001	2434	-27	16
1319006	2421	-23	16
1319021	2408	-18	16
1319036	2398	-13	16
1319051	2390	-13	16
1319066	2380	-3	16
1319081	2380	3	16
1319096	2380	-3	16
1319101	2380	-11	16
1319116	2376	-22	16
1319131	2362	-35	16
1319146	2340	-41	16
1319161	2318	-41	16
1319176	2295	-33	16
1319191	2277	-29	16
1319206	2259	-28	16
1319211	2246	-24	16
1319226	2232	-16	16
1319241	2223	-7	16
1319256	2218	-3	16
1319271	2218	-4	16
1319286	2214	-1	16
1319301	2214	7	16
1319306	2214	8	16
1319321	2218	3	16
1319336	2218	5	16
1319351	2223	15	16
1319366	2232	25	16
1319381	2246	26	16
1319396	2259	27	16
1319402	2277	30	16
1319416	2290	33	16
1319431	2313	30	16
1319447	2326	26	16
1319462	2344	26	16
1319477	2358	22	16
1319493	2372	26	16
1319510	2385	26	16
1319516	2398	21	16
1319530	2412	20	16
1319546	2421	21	16
1319561	2434	20	16
1319576	2444	16	16
1319591	2452	14	16
1319606	2462	17	16
1319612	2470	15	16
1319626	2480	12	16
1319642	2488	9	16
1319657	2493	13	16
1319672	2498	15	16
1319687	2506	15	16
1319702	2516	18	16
1319708	2524	16	16
1319722	2534	11	16
1319737	2542	9	16
1319753	2547	9	16
1319768	2552	9	16
1319783	2556	7	16
1319798	2560	2	16
1319813	2560	2	16
1319818	2560	-1	16
1319833	2560	-9	16
1319848	2560	-12	16
1319863	2556	-15	16
1319878	2547	-16	16
1319893	2538	-14	16
1319908	2529	-17	16
1319914	2520	-15	16
1319929	2511	-12	16
1319944	2502	-15	16
1319959	2498	-15	16
1319974	2488	-16	16
</csv_data>
</timeseries>
</DTS_xml>